<?xml version="1.0" encoding="UTF-8"?>
<testsuite name="com.tim.one.validator.TransferAccountCommandValidatorIntegrationSpec" tests="7" skipped="0" failures="0" errors="0" timestamp="2015-05-20T17:04:16" hostname="josdem-Inspiron-5420" time="11.628">
  <properties/>
  <testcase name="When we have an account U1500000001, and amount 0.01 &#10;  when we validate we expecting that result is true" classname="com.tim.one.validator.TransferAccountCommandValidatorIntegrationSpec" time="11.489"/>
  <testcase name="When we have an account , and amount 0.01 &#10;  when we validate we expecting that result is false" classname="com.tim.one.validator.TransferAccountCommandValidatorIntegrationSpec" time="0.042"/>
  <testcase name="When we have an account null, and amount 0.01 &#10;  when we validate we expecting that result is false" classname="com.tim.one.validator.TransferAccountCommandValidatorIntegrationSpec" time="0.012"/>
  <testcase name="When we have an account U1500000001, and amount 0.00 &#10;  when we validate we expecting that result is false" classname="com.tim.one.validator.TransferAccountCommandValidatorIntegrationSpec" time="0.04"/>
  <testcase name="When we have an account U1500000001, and amount -10.00 &#10;  when we validate we expecting that result is false" classname="com.tim.one.validator.TransferAccountCommandValidatorIntegrationSpec" time="0.012"/>
  <testcase name="When we have an account U1500000001, and amount null &#10;  when we validate we expecting that result is false" classname="com.tim.one.validator.TransferAccountCommandValidatorIntegrationSpec" time="0.012"/>
  <testcase name="When we have an account &lt;script&gt;alert('hello josdem')&lt;/script&gt;, and amount null &#10;  when we validate we expecting that result is false" classname="com.tim.one.validator.TransferAccountCommandValidatorIntegrationSpec" time="0.013"/>
  <system-out><![CDATA[2015-05-20 12:04:16,807  INFO [Test worker] (XmlBeanDefinitionReader.java:317) - Loading XML bean definitions from class path resource [services-appctx.xml]
2015-05-20 12:04:17,256  INFO [Test worker] (XmlBeanDefinitionReader.java:317) - Loading XML bean definitions from class path resource [persistence-appctx.xml]
2015-05-20 12:04:17,589  INFO [Test worker] (XmlBeanDefinitionReader.java:317) - Loading XML bean definitions from class path resource [changelog-context.xml]
2015-05-20 12:04:17,619  INFO [Test worker] (XmlBeanDefinitionReader.java:317) - Loading XML bean definitions from class path resource [cache-appctx.xml]
2015-05-20 12:04:17,685  INFO [Test worker] (XmlBeanDefinitionReader.java:317) - Loading XML bean definitions from class path resource [jms-appctx.xml]
2015-05-20 12:04:18,172  INFO [Test worker] (XmlBeanDefinitionReader.java:317) - Loading XML bean definitions from class path resource [mail-context.xml]
2015-05-20 12:04:18,212  INFO [Test worker] (XmlBeanDefinitionReader.java:317) - Loading XML bean definitions from class path resource [transaction-appctx.xml]
2015-05-20 12:04:18,264  INFO [Test worker] (XmlBeanDefinitionReader.java:317) - Loading XML bean definitions from class path resource [formatter-appctx.xml]
2015-05-20 12:04:18,302  INFO [Test worker] (XmlBeanDefinitionReader.java:317) - Loading XML bean definitions from class path resource [stp-appctx.xml]
2015-05-20 12:04:18,345  INFO [Test worker] (XmlBeanDefinitionReader.java:317) - Loading XML bean definitions from class path resource [aop-appctx.xml]
2015-05-20 12:04:18,376  INFO [Test worker] (XmlBeanDefinitionReader.java:317) - Loading XML bean definitions from class path resource [properties-appctx.xml]
2015-05-20 12:04:18,404  INFO [Test worker] (AbstractApplicationContext.java:515) - Refreshing org.springframework.context.support.GenericApplicationContext@1105fece: startup date [Wed May 20 12:04:18 CDT 2015]; root of context hierarchy
2015-05-20 12:04:18,757  INFO [Test worker] (PropertiesLoaderSupport.java:172) - Loading properties file from class path resource [config/persistence.properties]
2015-05-20 12:04:19,314  INFO [Test worker] (LocalContainerEntityManagerFactoryBean.java:332) - Building JPA container EntityManagerFactory for persistence unit 'default'
2015-05-20 12:04:21,912  INFO [Test worker] (PropertiesLoaderSupport.java:172) - Loading properties file from class path resource [config/timone.properties]
2015-05-20 12:04:22,443  INFO [Test worker] (PropertiesLoaderSupport.java:172) - Loading properties file from class path resource [config/email.properties]
2015-05-20 12:04:22,448  INFO [Test worker] (PropertiesLoaderSupport.java:172) - Loading properties file from class path resource [config/stp.properties]
2015-05-20 12:04:22,453  INFO [Test worker] (PropertiesLoaderSupport.java:172) - Loading properties file from class path resource [config/dynamic.properties]
2015-05-20 12:04:22,838 DEBUG [Test worker] (NameMatchTransactionAttributeSource.java:96) - Adding transactional method [get*] with attribute [PROPAGATION_REQUIRED,ISOLATION_DEFAULT,readOnly]
2015-05-20 12:04:22,839 DEBUG [Test worker] (NameMatchTransactionAttributeSource.java:96) - Adding transactional method [create*] with attribute [PROPAGATION_REQUIRED,ISOLATION_DEFAULT]
2015-05-20 12:04:22,840 DEBUG [Test worker] (NameMatchTransactionAttributeSource.java:96) - Adding transactional method [save*] with attribute [PROPAGATION_REQUIRED,ISOLATION_DEFAULT]
2015-05-20 12:04:22,840 DEBUG [Test worker] (NameMatchTransactionAttributeSource.java:96) - Adding transactional method [change*] with attribute [PROPAGATION_REQUIRED,ISOLATION_DEFAULT]
2015-05-20 12:04:22,841 DEBUG [Test worker] (NameMatchTransactionAttributeSource.java:96) - Adding transactional method [measure*] with attribute [PROPAGATION_REQUIRED,ISOLATION_DEFAULT]
2015-05-20 12:04:22,841 DEBUG [Test worker] (NameMatchTransactionAttributeSource.java:96) - Adding transactional method [redeem*] with attribute [PROPAGATION_REQUIRED,ISOLATION_DEFAULT]
2015-05-20 12:04:22,842 DEBUG [Test worker] (NameMatchTransactionAttributeSource.java:96) - Adding transactional method [transfer*] with attribute [PROPAGATION_REQUIRED,ISOLATION_DEFAULT]
2015-05-20 12:04:22,842 DEBUG [Test worker] (NameMatchTransactionAttributeSource.java:96) - Adding transactional method [cashIn*] with attribute [PROPAGATION_REQUIRED,ISOLATION_DEFAULT]
2015-05-20 12:04:22,843 DEBUG [Test worker] (NameMatchTransactionAttributeSource.java:96) - Adding transactional method [cashOut*] with attribute [PROPAGATION_REQUIRED,ISOLATION_DEFAULT]
2015-05-20 12:04:24,736  INFO [Test worker] (SpringTemplateLoader.java:61) - SpringTemplateLoader for FreeMarker: using resource loader [org.springframework.context.support.GenericApplicationContext@1105fece: startup date [Wed May 20 12:04:18 CDT 2015]; root of context hierarchy] and template loader path [classpath:/freemarker/mail/]
2015-05-20 12:04:27,829  INFO [Test worker] (DefaultLifecycleProcessor.java:341) - Starting beans in phase 2147483647
2015-05-20 12:04:27,846  INFO [Test worker] (SingleConnectionFactory.java:298) - Established shared JMS Connection: ActiveMQConnection {id=ID:josdem-Inspiron-5420-11186-1432141461476-3:1,clientId=null,started=false}
2015-05-20 12:04:27,950 DEBUG [Test worker] (AbstractFallbackTransactionAttributeSource.java:108) - Adding transactional method 'TransferAccountCommandValidatorIntegrationSpec.$spock_feature_0_0' with attribute: PROPAGATION_REQUIRED,ISOLATION_DEFAULT; ''
2015-05-20 12:04:27,968  INFO [Test worker] (TransactionalTestExecutionListener.java:276) - Began transaction (1) for test context [DefaultTestContext@1c79e633 testClass = TransferAccountCommandValidatorIntegrationSpec, testInstance = com.tim.one.validator.TransferAccountCommandValidatorIntegrationSpec@6f82ce0, testMethod = $spock_feature_0_0@TransferAccountCommandValidatorIntegrationSpec, testException = [null], mergedContextConfiguration = [MergedContextConfiguration@f4a29b3 testClass = TransferAccountCommandValidatorIntegrationSpec, locations = '{classpath:/services-appctx.xml, classpath:/persistence-appctx.xml, classpath:/jms-appctx.xml, classpath:/mail-context.xml, classpath:/transaction-appctx.xml, classpath:/formatter-appctx.xml, classpath:/stp-appctx.xml, classpath:/aop-appctx.xml, classpath:/properties-appctx.xml}', classes = '{}', contextInitializerClasses = '[]', activeProfiles = '{}', contextLoader = 'org.springframework.test.context.support.DelegatingSmartContextLoader', parent = [null]]]; transaction manager [org.springframework.orm.jpa.JpaTransactionManager@5f5ca74d]; rollback [true]
2015-05-20 12:04:28,174  INFO [Test worker] (?:?) - violations:0
2015-05-20 12:04:28,186  INFO [Test worker] (TransactionalTestExecutionListener.java:298) - Rolled back transaction after test execution for test context [DefaultTestContext@1c79e633 testClass = TransferAccountCommandValidatorIntegrationSpec, testInstance = com.tim.one.validator.TransferAccountCommandValidatorIntegrationSpec@6f82ce0, testMethod = $spock_feature_0_0@TransferAccountCommandValidatorIntegrationSpec, testException = [null], mergedContextConfiguration = [MergedContextConfiguration@f4a29b3 testClass = TransferAccountCommandValidatorIntegrationSpec, locations = '{classpath:/services-appctx.xml, classpath:/persistence-appctx.xml, classpath:/jms-appctx.xml, classpath:/mail-context.xml, classpath:/transaction-appctx.xml, classpath:/formatter-appctx.xml, classpath:/stp-appctx.xml, classpath:/aop-appctx.xml, classpath:/properties-appctx.xml}', classes = '{}', contextInitializerClasses = '[]', activeProfiles = '{}', contextLoader = 'org.springframework.test.context.support.DelegatingSmartContextLoader', parent = [null]]]
2015-05-20 12:04:28,191  INFO [Test worker] (TransactionalTestExecutionListener.java:276) - Began transaction (2) for test context [DefaultTestContext@1c79e633 testClass = TransferAccountCommandValidatorIntegrationSpec, testInstance = com.tim.one.validator.TransferAccountCommandValidatorIntegrationSpec@29133351, testMethod = $spock_feature_0_0@TransferAccountCommandValidatorIntegrationSpec, testException = [null], mergedContextConfiguration = [MergedContextConfiguration@f4a29b3 testClass = TransferAccountCommandValidatorIntegrationSpec, locations = '{classpath:/services-appctx.xml, classpath:/persistence-appctx.xml, classpath:/jms-appctx.xml, classpath:/mail-context.xml, classpath:/transaction-appctx.xml, classpath:/formatter-appctx.xml, classpath:/stp-appctx.xml, classpath:/aop-appctx.xml, classpath:/properties-appctx.xml}', classes = '{}', contextInitializerClasses = '[]', activeProfiles = '{}', contextLoader = 'org.springframework.test.context.support.DelegatingSmartContextLoader', parent = [null]]]; transaction manager [org.springframework.orm.jpa.JpaTransactionManager@5f5ca74d]; rollback [true]
2015-05-20 12:04:28,219  INFO [Test worker] (?:?) - violations:1
2015-05-20 12:04:28,227  INFO [Test worker] (?:?) - field:account
2015-05-20 12:04:28,228  INFO [Test worker] (?:?) - message:size must be between 1 and 50
2015-05-20 12:04:28,230  INFO [Test worker] (TransactionalTestExecutionListener.java:298) - Rolled back transaction after test execution for test context [DefaultTestContext@1c79e633 testClass = TransferAccountCommandValidatorIntegrationSpec, testInstance = com.tim.one.validator.TransferAccountCommandValidatorIntegrationSpec@29133351, testMethod = $spock_feature_0_0@TransferAccountCommandValidatorIntegrationSpec, testException = [null], mergedContextConfiguration = [MergedContextConfiguration@f4a29b3 testClass = TransferAccountCommandValidatorIntegrationSpec, locations = '{classpath:/services-appctx.xml, classpath:/persistence-appctx.xml, classpath:/jms-appctx.xml, classpath:/mail-context.xml, classpath:/transaction-appctx.xml, classpath:/formatter-appctx.xml, classpath:/stp-appctx.xml, classpath:/aop-appctx.xml, classpath:/properties-appctx.xml}', classes = '{}', contextInitializerClasses = '[]', activeProfiles = '{}', contextLoader = 'org.springframework.test.context.support.DelegatingSmartContextLoader', parent = [null]]]
2015-05-20 12:04:28,238  INFO [Test worker] (TransactionalTestExecutionListener.java:276) - Began transaction (3) for test context [DefaultTestContext@1c79e633 testClass = TransferAccountCommandValidatorIntegrationSpec, testInstance = com.tim.one.validator.TransferAccountCommandValidatorIntegrationSpec@11c7f6f8, testMethod = $spock_feature_0_0@TransferAccountCommandValidatorIntegrationSpec, testException = [null], mergedContextConfiguration = [MergedContextConfiguration@f4a29b3 testClass = TransferAccountCommandValidatorIntegrationSpec, locations = '{classpath:/services-appctx.xml, classpath:/persistence-appctx.xml, classpath:/jms-appctx.xml, classpath:/mail-context.xml, classpath:/transaction-appctx.xml, classpath:/formatter-appctx.xml, classpath:/stp-appctx.xml, classpath:/aop-appctx.xml, classpath:/properties-appctx.xml}', classes = '{}', contextInitializerClasses = '[]', activeProfiles = '{}', contextLoader = 'org.springframework.test.context.support.DelegatingSmartContextLoader', parent = [null]]]; transaction manager [org.springframework.orm.jpa.JpaTransactionManager@5f5ca74d]; rollback [true]
2015-05-20 12:04:28,245  INFO [Test worker] (?:?) - violations:1
2015-05-20 12:04:28,246  INFO [Test worker] (?:?) - field:account
2015-05-20 12:04:28,246  INFO [Test worker] (?:?) - message:may not be null
2015-05-20 12:04:28,247  INFO [Test worker] (TransactionalTestExecutionListener.java:298) - Rolled back transaction after test execution for test context [DefaultTestContext@1c79e633 testClass = TransferAccountCommandValidatorIntegrationSpec, testInstance = com.tim.one.validator.TransferAccountCommandValidatorIntegrationSpec@11c7f6f8, testMethod = $spock_feature_0_0@TransferAccountCommandValidatorIntegrationSpec, testException = [null], mergedContextConfiguration = [MergedContextConfiguration@f4a29b3 testClass = TransferAccountCommandValidatorIntegrationSpec, locations = '{classpath:/services-appctx.xml, classpath:/persistence-appctx.xml, classpath:/jms-appctx.xml, classpath:/mail-context.xml, classpath:/transaction-appctx.xml, classpath:/formatter-appctx.xml, classpath:/stp-appctx.xml, classpath:/aop-appctx.xml, classpath:/properties-appctx.xml}', classes = '{}', contextInitializerClasses = '[]', activeProfiles = '{}', contextLoader = 'org.springframework.test.context.support.DelegatingSmartContextLoader', parent = [null]]]
2015-05-20 12:04:28,251  INFO [Test worker] (TransactionalTestExecutionListener.java:276) - Began transaction (4) for test context [DefaultTestContext@1c79e633 testClass = TransferAccountCommandValidatorIntegrationSpec, testInstance = com.tim.one.validator.TransferAccountCommandValidatorIntegrationSpec@1fb4490b, testMethod = $spock_feature_0_0@TransferAccountCommandValidatorIntegrationSpec, testException = [null], mergedContextConfiguration = [MergedContextConfiguration@f4a29b3 testClass = TransferAccountCommandValidatorIntegrationSpec, locations = '{classpath:/services-appctx.xml, classpath:/persistence-appctx.xml, classpath:/jms-appctx.xml, classpath:/mail-context.xml, classpath:/transaction-appctx.xml, classpath:/formatter-appctx.xml, classpath:/stp-appctx.xml, classpath:/aop-appctx.xml, classpath:/properties-appctx.xml}', classes = '{}', contextInitializerClasses = '[]', activeProfiles = '{}', contextLoader = 'org.springframework.test.context.support.DelegatingSmartContextLoader', parent = [null]]]; transaction manager [org.springframework.orm.jpa.JpaTransactionManager@5f5ca74d]; rollback [true]
2015-05-20 12:04:28,286  INFO [Test worker] (?:?) - violations:1
2015-05-20 12:04:28,286  INFO [Test worker] (?:?) - field:amount
2015-05-20 12:04:28,286  INFO [Test worker] (?:?) - message:must be greater than or equal to 0.01
2015-05-20 12:04:28,287  INFO [Test worker] (TransactionalTestExecutionListener.java:298) - Rolled back transaction after test execution for test context [DefaultTestContext@1c79e633 testClass = TransferAccountCommandValidatorIntegrationSpec, testInstance = com.tim.one.validator.TransferAccountCommandValidatorIntegrationSpec@1fb4490b, testMethod = $spock_feature_0_0@TransferAccountCommandValidatorIntegrationSpec, testException = [null], mergedContextConfiguration = [MergedContextConfiguration@f4a29b3 testClass = TransferAccountCommandValidatorIntegrationSpec, locations = '{classpath:/services-appctx.xml, classpath:/persistence-appctx.xml, classpath:/jms-appctx.xml, classpath:/mail-context.xml, classpath:/transaction-appctx.xml, classpath:/formatter-appctx.xml, classpath:/stp-appctx.xml, classpath:/aop-appctx.xml, classpath:/properties-appctx.xml}', classes = '{}', contextInitializerClasses = '[]', activeProfiles = '{}', contextLoader = 'org.springframework.test.context.support.DelegatingSmartContextLoader', parent = [null]]]
2015-05-20 12:04:28,290  INFO [Test worker] (TransactionalTestExecutionListener.java:276) - Began transaction (5) for test context [DefaultTestContext@1c79e633 testClass = TransferAccountCommandValidatorIntegrationSpec, testInstance = com.tim.one.validator.TransferAccountCommandValidatorIntegrationSpec@339470f, testMethod = $spock_feature_0_0@TransferAccountCommandValidatorIntegrationSpec, testException = [null], mergedContextConfiguration = [MergedContextConfiguration@f4a29b3 testClass = TransferAccountCommandValidatorIntegrationSpec, locations = '{classpath:/services-appctx.xml, classpath:/persistence-appctx.xml, classpath:/jms-appctx.xml, classpath:/mail-context.xml, classpath:/transaction-appctx.xml, classpath:/formatter-appctx.xml, classpath:/stp-appctx.xml, classpath:/aop-appctx.xml, classpath:/properties-appctx.xml}', classes = '{}', contextInitializerClasses = '[]', activeProfiles = '{}', contextLoader = 'org.springframework.test.context.support.DelegatingSmartContextLoader', parent = [null]]]; transaction manager [org.springframework.orm.jpa.JpaTransactionManager@5f5ca74d]; rollback [true]
2015-05-20 12:04:28,298  INFO [Test worker] (?:?) - violations:1
2015-05-20 12:04:28,299  INFO [Test worker] (?:?) - field:amount
2015-05-20 12:04:28,299  INFO [Test worker] (?:?) - message:must be greater than or equal to 0.01
2015-05-20 12:04:28,300  INFO [Test worker] (TransactionalTestExecutionListener.java:298) - Rolled back transaction after test execution for test context [DefaultTestContext@1c79e633 testClass = TransferAccountCommandValidatorIntegrationSpec, testInstance = com.tim.one.validator.TransferAccountCommandValidatorIntegrationSpec@339470f, testMethod = $spock_feature_0_0@TransferAccountCommandValidatorIntegrationSpec, testException = [null], mergedContextConfiguration = [MergedContextConfiguration@f4a29b3 testClass = TransferAccountCommandValidatorIntegrationSpec, locations = '{classpath:/services-appctx.xml, classpath:/persistence-appctx.xml, classpath:/jms-appctx.xml, classpath:/mail-context.xml, classpath:/transaction-appctx.xml, classpath:/formatter-appctx.xml, classpath:/stp-appctx.xml, classpath:/aop-appctx.xml, classpath:/properties-appctx.xml}', classes = '{}', contextInitializerClasses = '[]', activeProfiles = '{}', contextLoader = 'org.springframework.test.context.support.DelegatingSmartContextLoader', parent = [null]]]
2015-05-20 12:04:28,303  INFO [Test worker] (TransactionalTestExecutionListener.java:276) - Began transaction (6) for test context [DefaultTestContext@1c79e633 testClass = TransferAccountCommandValidatorIntegrationSpec, testInstance = com.tim.one.validator.TransferAccountCommandValidatorIntegrationSpec@4178cb34, testMethod = $spock_feature_0_0@TransferAccountCommandValidatorIntegrationSpec, testException = [null], mergedContextConfiguration = [MergedContextConfiguration@f4a29b3 testClass = TransferAccountCommandValidatorIntegrationSpec, locations = '{classpath:/services-appctx.xml, classpath:/persistence-appctx.xml, classpath:/jms-appctx.xml, classpath:/mail-context.xml, classpath:/transaction-appctx.xml, classpath:/formatter-appctx.xml, classpath:/stp-appctx.xml, classpath:/aop-appctx.xml, classpath:/properties-appctx.xml}', classes = '{}', contextInitializerClasses = '[]', activeProfiles = '{}', contextLoader = 'org.springframework.test.context.support.DelegatingSmartContextLoader', parent = [null]]]; transaction manager [org.springframework.orm.jpa.JpaTransactionManager@5f5ca74d]; rollback [true]
2015-05-20 12:04:28,311  INFO [Test worker] (?:?) - violations:1
2015-05-20 12:04:28,312  INFO [Test worker] (?:?) - field:amount
2015-05-20 12:04:28,312  INFO [Test worker] (?:?) - message:may not be null
2015-05-20 12:04:28,313  INFO [Test worker] (TransactionalTestExecutionListener.java:298) - Rolled back transaction after test execution for test context [DefaultTestContext@1c79e633 testClass = TransferAccountCommandValidatorIntegrationSpec, testInstance = com.tim.one.validator.TransferAccountCommandValidatorIntegrationSpec@4178cb34, testMethod = $spock_feature_0_0@TransferAccountCommandValidatorIntegrationSpec, testException = [null], mergedContextConfiguration = [MergedContextConfiguration@f4a29b3 testClass = TransferAccountCommandValidatorIntegrationSpec, locations = '{classpath:/services-appctx.xml, classpath:/persistence-appctx.xml, classpath:/jms-appctx.xml, classpath:/mail-context.xml, classpath:/transaction-appctx.xml, classpath:/formatter-appctx.xml, classpath:/stp-appctx.xml, classpath:/aop-appctx.xml, classpath:/properties-appctx.xml}', classes = '{}', contextInitializerClasses = '[]', activeProfiles = '{}', contextLoader = 'org.springframework.test.context.support.DelegatingSmartContextLoader', parent = [null]]]
2015-05-20 12:04:28,316  INFO [Test worker] (TransactionalTestExecutionListener.java:276) - Began transaction (7) for test context [DefaultTestContext@1c79e633 testClass = TransferAccountCommandValidatorIntegrationSpec, testInstance = com.tim.one.validator.TransferAccountCommandValidatorIntegrationSpec@3a8a489d, testMethod = $spock_feature_0_0@TransferAccountCommandValidatorIntegrationSpec, testException = [null], mergedContextConfiguration = [MergedContextConfiguration@f4a29b3 testClass = TransferAccountCommandValidatorIntegrationSpec, locations = '{classpath:/services-appctx.xml, classpath:/persistence-appctx.xml, classpath:/jms-appctx.xml, classpath:/mail-context.xml, classpath:/transaction-appctx.xml, classpath:/formatter-appctx.xml, classpath:/stp-appctx.xml, classpath:/aop-appctx.xml, classpath:/properties-appctx.xml}', classes = '{}', contextInitializerClasses = '[]', activeProfiles = '{}', contextLoader = 'org.springframework.test.context.support.DelegatingSmartContextLoader', parent = [null]]]; transaction manager [org.springframework.orm.jpa.JpaTransactionManager@5f5ca74d]; rollback [true]
2015-05-20 12:04:28,324  INFO [Test worker] (?:?) - violations:2
2015-05-20 12:04:28,324  INFO [Test worker] (?:?) - field:amount
2015-05-20 12:04:28,325  INFO [Test worker] (?:?) - message:may not be null
2015-05-20 12:04:28,325  INFO [Test worker] (TransactionalTestExecutionListener.java:298) - Rolled back transaction after test execution for test context [DefaultTestContext@1c79e633 testClass = TransferAccountCommandValidatorIntegrationSpec, testInstance = com.tim.one.validator.TransferAccountCommandValidatorIntegrationSpec@3a8a489d, testMethod = $spock_feature_0_0@TransferAccountCommandValidatorIntegrationSpec, testException = [null], mergedContextConfiguration = [MergedContextConfiguration@f4a29b3 testClass = TransferAccountCommandValidatorIntegrationSpec, locations = '{classpath:/services-appctx.xml, classpath:/persistence-appctx.xml, classpath:/jms-appctx.xml, classpath:/mail-context.xml, classpath:/transaction-appctx.xml, classpath:/formatter-appctx.xml, classpath:/stp-appctx.xml, classpath:/aop-appctx.xml, classpath:/properties-appctx.xml}', classes = '{}', contextInitializerClasses = '[]', activeProfiles = '{}', contextLoader = 'org.springframework.test.context.support.DelegatingSmartContextLoader', parent = [null]]]
]]></system-out>
  <system-err><![CDATA[SLF4J: Class path contains multiple SLF4J bindings.
SLF4J: Found binding in [jar:file:/home/josdem/.gradle/caches/modules-2/files-2.1/org.slf4j/slf4j-nop/1.7.7/6cca9a3b999ff28b7a35ca762b3197cd7e4c2ad1/slf4j-nop-1.7.7.jar!/org/slf4j/impl/StaticLoggerBinder.class]
SLF4J: Found binding in [jar:file:/home/josdem/.gradle/caches/modules-2/files-2.1/org.slf4j/slf4j-log4j12/1.7.6/6953717b9850aeb26d1b8375ca07dbd9c50eca4e/slf4j-log4j12-1.7.6.jar!/org/slf4j/impl/StaticLoggerBinder.class]
SLF4J: See http://www.slf4j.org/codes.html#multiple_bindings for an explanation.
SLF4J: Actual binding is of type [org.slf4j.helpers.NOPLoggerFactory]
INFO 5/20/15 12:04 PM: liquibase: Successfully acquired change log lock
INFO 5/20/15 12:04 PM: liquibase: Reading from tramatest.DATABASECHANGELOG
INFO 5/20/15 12:04 PM: liquibase: Successfully released change log lock
]]></system-err>
</testsuite>
