<?xml version="1.0" encoding="UTF-8"?>
<testsuite name="com.tim.one.validator.ProviderParnershipCommandValidatorIntegrationSpec" tests="16" skipped="0" failures="0" errors="0" timestamp="2015-05-20T17:04:31" hostname="josdem-Inspiron-5420" time="0.169">
  <properties/>
  <testcase name="When we have a provider with 51d172788b034b738565f7dd4d4cb2fe as id, and project with c4e935b546d04f73829a955281b88292 as id and want to register an transaction type &#10;&#9;&#9;&#9;0 when we validate we expecting that result is: true" classname="com.tim.one.validator.ProviderParnershipCommandValidatorIntegrationSpec" time="0.018"/>
  <testcase name="When we have a provider with &lt;script&gt;alert('hello josdem')&lt;/script&gt; as id, and project with c4e935b546d04f73829a955281b88292 as id and want to register an transaction type &#10;&#9;&#9;&#9;0 when we validate we expecting that result is: false" classname="com.tim.one.validator.ProviderParnershipCommandValidatorIntegrationSpec" time="0.009"/>
  <testcase name="When we have a provider with 51d172788b034b738565f7dd4d4cb2fe as id, and project with &lt;script&gt;alert('hello josdem')&lt;/script&gt; as id and want to register an transaction type &#10;&#9;&#9;&#9;0 when we validate we expecting that result is: false" classname="com.tim.one.validator.ProviderParnershipCommandValidatorIntegrationSpec" time="0.008"/>
  <testcase name="When we have a provider with 51d172788b034b738565f7dd4d4cb2few as id, and project with c4e935b546d04f73829a955281b88292 as id and want to register an transaction type &#10;&#9;&#9;&#9;0 when we validate we expecting that result is: false" classname="com.tim.one.validator.ProviderParnershipCommandValidatorIntegrationSpec" time="0.008"/>
  <testcase name="When we have a provider with 51d172788b034b738565f7dd4d4cb2f as id, and project with c4e935b546d04f73829a955281b88292 as id and want to register an transaction type &#10;&#9;&#9;&#9;0 when we validate we expecting that result is: false" classname="com.tim.one.validator.ProviderParnershipCommandValidatorIntegrationSpec" time="0.015"/>
  <testcase name="When we have a provider with  as id, and project with c4e935b546d04f73829a955281b88292 as id and want to register an transaction type &#10;&#9;&#9;&#9;0 when we validate we expecting that result is: false" classname="com.tim.one.validator.ProviderParnershipCommandValidatorIntegrationSpec" time="0.012"/>
  <testcase name="When we have a provider with null as id, and project with c4e935b546d04f73829a955281b88292 as id and want to register an transaction type &#10;&#9;&#9;&#9;0 when we validate we expecting that result is: false" classname="com.tim.one.validator.ProviderParnershipCommandValidatorIntegrationSpec" time="0.009"/>
  <testcase name="When we have a provider with 51d172788b034b738565f7dd4d4cb2fe as id, and project with c4e935b546d04f73829a955281b88292e as id and want to register an transaction type &#10;&#9;&#9;&#9;0 when we validate we expecting that result is: false" classname="com.tim.one.validator.ProviderParnershipCommandValidatorIntegrationSpec" time="0.01"/>
  <testcase name="When we have a provider with 51d172788b034b738565f7dd4d4cb2fe as id, and project with c4e935b546d04f73829a955281b8829 as id and want to register an transaction type &#10;&#9;&#9;&#9;0 when we validate we expecting that result is: false" classname="com.tim.one.validator.ProviderParnershipCommandValidatorIntegrationSpec" time="0.009"/>
  <testcase name="When we have a provider with 51d172788b034b738565f7dd4d4cb2fe as id, and project with  as id and want to register an transaction type &#10;&#9;&#9;&#9;0 when we validate we expecting that result is: false" classname="com.tim.one.validator.ProviderParnershipCommandValidatorIntegrationSpec" time="0.009"/>
  <testcase name="When we have a provider with 51d172788b034b738565f7dd4d4cb2fe as id, and project with  as id and want to register an transaction type &#10;&#9;&#9;&#9;0 when we validate we expecting that result is: false" classname="com.tim.one.validator.ProviderParnershipCommandValidatorIntegrationSpec" time="0.008"/>
  <testcase name="When we have a provider with 51d172788b034b738565f7dd4d4cb2fe as id, and project with null as id and want to register an transaction type &#10;&#9;&#9;&#9;0 when we validate we expecting that result is: false" classname="com.tim.one.validator.ProviderParnershipCommandValidatorIntegrationSpec" time="0.008"/>
  <testcase name="When we have a provider with 51d172788b034b738565f7dd4d4cb2fe as id, and project with c4e935b546d04f73829a955281b88292 as id and want to register an transaction type &#10;&#9;&#9;&#9;1 when we validate we expecting that result is: true" classname="com.tim.one.validator.ProviderParnershipCommandValidatorIntegrationSpec" time="0.009"/>
  <testcase name="When we have a provider with 51d172788b034b738565f7dd4d4cb2fe as id, and project with c4e935b546d04f73829a955281b88292 as id and want to register an transaction type &#10;&#9;&#9;&#9;2 when we validate we expecting that result is: true" classname="com.tim.one.validator.ProviderParnershipCommandValidatorIntegrationSpec" time="0.014"/>
  <testcase name="When we have a provider with 51d172788b034b738565f7dd4d4cb2fe as id, and project with c4e935b546d04f73829a955281b88292 as id and want to register an transaction type &#10;&#9;&#9;&#9;3 when we validate we expecting that result is: false" classname="com.tim.one.validator.ProviderParnershipCommandValidatorIntegrationSpec" time="0.008"/>
  <testcase name="When we have a provider with 51d172788b034b738565f7dd4d4cb2fe as id, and project with c4e935b546d04f73829a955281b88292 as id and want to register an transaction type &#10;&#9;&#9;&#9;-1 when we validate we expecting that result is: false" classname="com.tim.one.validator.ProviderParnershipCommandValidatorIntegrationSpec" time="0.01"/>
  <system-out><![CDATA[2015-05-20 12:04:31,690 DEBUG [Test worker] (AbstractFallbackTransactionAttributeSource.java:108) - Adding transactional method 'ProviderParnershipCommandValidatorIntegrationSpec.$spock_feature_0_0' with attribute: PROPAGATION_REQUIRED,ISOLATION_DEFAULT; ''
2015-05-20 12:04:31,692  INFO [Test worker] (TransactionalTestExecutionListener.java:276) - Began transaction (1) for test context [DefaultTestContext@11fe7870 testClass = ProviderParnershipCommandValidatorIntegrationSpec, testInstance = com.tim.one.validator.ProviderParnershipCommandValidatorIntegrationSpec@59950a4a, testMethod = $spock_feature_0_0@ProviderParnershipCommandValidatorIntegrationSpec, testException = [null], mergedContextConfiguration = [MergedContextConfiguration@47d6ae38 testClass = ProviderParnershipCommandValidatorIntegrationSpec, locations = '{classpath:/services-appctx.xml, classpath:/persistence-appctx.xml, classpath:/jms-appctx.xml, classpath:/mail-context.xml, classpath:/transaction-appctx.xml, classpath:/formatter-appctx.xml, classpath:/stp-appctx.xml, classpath:/aop-appctx.xml, classpath:/properties-appctx.xml}', classes = '{}', contextInitializerClasses = '[]', activeProfiles = '{}', contextLoader = 'org.springframework.test.context.support.DelegatingSmartContextLoader', parent = [null]]]; transaction manager [org.springframework.orm.jpa.JpaTransactionManager@5f5ca74d]; rollback [true]
2015-05-20 12:04:31,701  INFO [Test worker] (?:?) - violations:0
2015-05-20 12:04:31,702  INFO [Test worker] (TransactionalTestExecutionListener.java:298) - Rolled back transaction after test execution for test context [DefaultTestContext@11fe7870 testClass = ProviderParnershipCommandValidatorIntegrationSpec, testInstance = com.tim.one.validator.ProviderParnershipCommandValidatorIntegrationSpec@59950a4a, testMethod = $spock_feature_0_0@ProviderParnershipCommandValidatorIntegrationSpec, testException = [null], mergedContextConfiguration = [MergedContextConfiguration@47d6ae38 testClass = ProviderParnershipCommandValidatorIntegrationSpec, locations = '{classpath:/services-appctx.xml, classpath:/persistence-appctx.xml, classpath:/jms-appctx.xml, classpath:/mail-context.xml, classpath:/transaction-appctx.xml, classpath:/formatter-appctx.xml, classpath:/stp-appctx.xml, classpath:/aop-appctx.xml, classpath:/properties-appctx.xml}', classes = '{}', contextInitializerClasses = '[]', activeProfiles = '{}', contextLoader = 'org.springframework.test.context.support.DelegatingSmartContextLoader', parent = [null]]]
2015-05-20 12:04:31,704  INFO [Test worker] (TransactionalTestExecutionListener.java:276) - Began transaction (2) for test context [DefaultTestContext@11fe7870 testClass = ProviderParnershipCommandValidatorIntegrationSpec, testInstance = com.tim.one.validator.ProviderParnershipCommandValidatorIntegrationSpec@15ab64cf, testMethod = $spock_feature_0_0@ProviderParnershipCommandValidatorIntegrationSpec, testException = [null], mergedContextConfiguration = [MergedContextConfiguration@47d6ae38 testClass = ProviderParnershipCommandValidatorIntegrationSpec, locations = '{classpath:/services-appctx.xml, classpath:/persistence-appctx.xml, classpath:/jms-appctx.xml, classpath:/mail-context.xml, classpath:/transaction-appctx.xml, classpath:/formatter-appctx.xml, classpath:/stp-appctx.xml, classpath:/aop-appctx.xml, classpath:/properties-appctx.xml}', classes = '{}', contextInitializerClasses = '[]', activeProfiles = '{}', contextLoader = 'org.springframework.test.context.support.DelegatingSmartContextLoader', parent = [null]]]; transaction manager [org.springframework.orm.jpa.JpaTransactionManager@5f5ca74d]; rollback [true]
2015-05-20 12:04:31,710  INFO [Test worker] (?:?) - violations:2
2015-05-20 12:04:31,710  INFO [Test worker] (?:?) - field:providerUuid
2015-05-20 12:04:31,710  INFO [Test worker] (?:?) - message:size must be between 32 and 32
2015-05-20 12:04:31,711  INFO [Test worker] (TransactionalTestExecutionListener.java:298) - Rolled back transaction after test execution for test context [DefaultTestContext@11fe7870 testClass = ProviderParnershipCommandValidatorIntegrationSpec, testInstance = com.tim.one.validator.ProviderParnershipCommandValidatorIntegrationSpec@15ab64cf, testMethod = $spock_feature_0_0@ProviderParnershipCommandValidatorIntegrationSpec, testException = [null], mergedContextConfiguration = [MergedContextConfiguration@47d6ae38 testClass = ProviderParnershipCommandValidatorIntegrationSpec, locations = '{classpath:/services-appctx.xml, classpath:/persistence-appctx.xml, classpath:/jms-appctx.xml, classpath:/mail-context.xml, classpath:/transaction-appctx.xml, classpath:/formatter-appctx.xml, classpath:/stp-appctx.xml, classpath:/aop-appctx.xml, classpath:/properties-appctx.xml}', classes = '{}', contextInitializerClasses = '[]', activeProfiles = '{}', contextLoader = 'org.springframework.test.context.support.DelegatingSmartContextLoader', parent = [null]]]
2015-05-20 12:04:31,713  INFO [Test worker] (TransactionalTestExecutionListener.java:276) - Began transaction (3) for test context [DefaultTestContext@11fe7870 testClass = ProviderParnershipCommandValidatorIntegrationSpec, testInstance = com.tim.one.validator.ProviderParnershipCommandValidatorIntegrationSpec@1ca8de02, testMethod = $spock_feature_0_0@ProviderParnershipCommandValidatorIntegrationSpec, testException = [null], mergedContextConfiguration = [MergedContextConfiguration@47d6ae38 testClass = ProviderParnershipCommandValidatorIntegrationSpec, locations = '{classpath:/services-appctx.xml, classpath:/persistence-appctx.xml, classpath:/jms-appctx.xml, classpath:/mail-context.xml, classpath:/transaction-appctx.xml, classpath:/formatter-appctx.xml, classpath:/stp-appctx.xml, classpath:/aop-appctx.xml, classpath:/properties-appctx.xml}', classes = '{}', contextInitializerClasses = '[]', activeProfiles = '{}', contextLoader = 'org.springframework.test.context.support.DelegatingSmartContextLoader', parent = [null]]]; transaction manager [org.springframework.orm.jpa.JpaTransactionManager@5f5ca74d]; rollback [true]
2015-05-20 12:04:31,719  INFO [Test worker] (?:?) - violations:2
2015-05-20 12:04:31,719  INFO [Test worker] (?:?) - field:projectUuid
2015-05-20 12:04:31,719  INFO [Test worker] (?:?) - message:may have unsafe html content
2015-05-20 12:04:31,720  INFO [Test worker] (TransactionalTestExecutionListener.java:298) - Rolled back transaction after test execution for test context [DefaultTestContext@11fe7870 testClass = ProviderParnershipCommandValidatorIntegrationSpec, testInstance = com.tim.one.validator.ProviderParnershipCommandValidatorIntegrationSpec@1ca8de02, testMethod = $spock_feature_0_0@ProviderParnershipCommandValidatorIntegrationSpec, testException = [null], mergedContextConfiguration = [MergedContextConfiguration@47d6ae38 testClass = ProviderParnershipCommandValidatorIntegrationSpec, locations = '{classpath:/services-appctx.xml, classpath:/persistence-appctx.xml, classpath:/jms-appctx.xml, classpath:/mail-context.xml, classpath:/transaction-appctx.xml, classpath:/formatter-appctx.xml, classpath:/stp-appctx.xml, classpath:/aop-appctx.xml, classpath:/properties-appctx.xml}', classes = '{}', contextInitializerClasses = '[]', activeProfiles = '{}', contextLoader = 'org.springframework.test.context.support.DelegatingSmartContextLoader', parent = [null]]]
2015-05-20 12:04:31,722  INFO [Test worker] (TransactionalTestExecutionListener.java:276) - Began transaction (4) for test context [DefaultTestContext@11fe7870 testClass = ProviderParnershipCommandValidatorIntegrationSpec, testInstance = com.tim.one.validator.ProviderParnershipCommandValidatorIntegrationSpec@4379c602, testMethod = $spock_feature_0_0@ProviderParnershipCommandValidatorIntegrationSpec, testException = [null], mergedContextConfiguration = [MergedContextConfiguration@47d6ae38 testClass = ProviderParnershipCommandValidatorIntegrationSpec, locations = '{classpath:/services-appctx.xml, classpath:/persistence-appctx.xml, classpath:/jms-appctx.xml, classpath:/mail-context.xml, classpath:/transaction-appctx.xml, classpath:/formatter-appctx.xml, classpath:/stp-appctx.xml, classpath:/aop-appctx.xml, classpath:/properties-appctx.xml}', classes = '{}', contextInitializerClasses = '[]', activeProfiles = '{}', contextLoader = 'org.springframework.test.context.support.DelegatingSmartContextLoader', parent = [null]]]; transaction manager [org.springframework.orm.jpa.JpaTransactionManager@5f5ca74d]; rollback [true]
2015-05-20 12:04:31,727  INFO [Test worker] (?:?) - violations:1
2015-05-20 12:04:31,728  INFO [Test worker] (?:?) - field:providerUuid
2015-05-20 12:04:31,728  INFO [Test worker] (?:?) - message:size must be between 32 and 32
2015-05-20 12:04:31,729  INFO [Test worker] (TransactionalTestExecutionListener.java:298) - Rolled back transaction after test execution for test context [DefaultTestContext@11fe7870 testClass = ProviderParnershipCommandValidatorIntegrationSpec, testInstance = com.tim.one.validator.ProviderParnershipCommandValidatorIntegrationSpec@4379c602, testMethod = $spock_feature_0_0@ProviderParnershipCommandValidatorIntegrationSpec, testException = [null], mergedContextConfiguration = [MergedContextConfiguration@47d6ae38 testClass = ProviderParnershipCommandValidatorIntegrationSpec, locations = '{classpath:/services-appctx.xml, classpath:/persistence-appctx.xml, classpath:/jms-appctx.xml, classpath:/mail-context.xml, classpath:/transaction-appctx.xml, classpath:/formatter-appctx.xml, classpath:/stp-appctx.xml, classpath:/aop-appctx.xml, classpath:/properties-appctx.xml}', classes = '{}', contextInitializerClasses = '[]', activeProfiles = '{}', contextLoader = 'org.springframework.test.context.support.DelegatingSmartContextLoader', parent = [null]]]
2015-05-20 12:04:31,730  INFO [Test worker] (TransactionalTestExecutionListener.java:276) - Began transaction (5) for test context [DefaultTestContext@11fe7870 testClass = ProviderParnershipCommandValidatorIntegrationSpec, testInstance = com.tim.one.validator.ProviderParnershipCommandValidatorIntegrationSpec@30c2407, testMethod = $spock_feature_0_0@ProviderParnershipCommandValidatorIntegrationSpec, testException = [null], mergedContextConfiguration = [MergedContextConfiguration@47d6ae38 testClass = ProviderParnershipCommandValidatorIntegrationSpec, locations = '{classpath:/services-appctx.xml, classpath:/persistence-appctx.xml, classpath:/jms-appctx.xml, classpath:/mail-context.xml, classpath:/transaction-appctx.xml, classpath:/formatter-appctx.xml, classpath:/stp-appctx.xml, classpath:/aop-appctx.xml, classpath:/properties-appctx.xml}', classes = '{}', contextInitializerClasses = '[]', activeProfiles = '{}', contextLoader = 'org.springframework.test.context.support.DelegatingSmartContextLoader', parent = [null]]]; transaction manager [org.springframework.orm.jpa.JpaTransactionManager@5f5ca74d]; rollback [true]
2015-05-20 12:04:31,741  INFO [Test worker] (?:?) - violations:1
2015-05-20 12:04:31,742  INFO [Test worker] (?:?) - field:providerUuid
2015-05-20 12:04:31,742  INFO [Test worker] (?:?) - message:size must be between 32 and 32
2015-05-20 12:04:31,743  INFO [Test worker] (TransactionalTestExecutionListener.java:298) - Rolled back transaction after test execution for test context [DefaultTestContext@11fe7870 testClass = ProviderParnershipCommandValidatorIntegrationSpec, testInstance = com.tim.one.validator.ProviderParnershipCommandValidatorIntegrationSpec@30c2407, testMethod = $spock_feature_0_0@ProviderParnershipCommandValidatorIntegrationSpec, testException = [null], mergedContextConfiguration = [MergedContextConfiguration@47d6ae38 testClass = ProviderParnershipCommandValidatorIntegrationSpec, locations = '{classpath:/services-appctx.xml, classpath:/persistence-appctx.xml, classpath:/jms-appctx.xml, classpath:/mail-context.xml, classpath:/transaction-appctx.xml, classpath:/formatter-appctx.xml, classpath:/stp-appctx.xml, classpath:/aop-appctx.xml, classpath:/properties-appctx.xml}', classes = '{}', contextInitializerClasses = '[]', activeProfiles = '{}', contextLoader = 'org.springframework.test.context.support.DelegatingSmartContextLoader', parent = [null]]]
2015-05-20 12:04:31,747  INFO [Test worker] (TransactionalTestExecutionListener.java:276) - Began transaction (6) for test context [DefaultTestContext@11fe7870 testClass = ProviderParnershipCommandValidatorIntegrationSpec, testInstance = com.tim.one.validator.ProviderParnershipCommandValidatorIntegrationSpec@4217cef9, testMethod = $spock_feature_0_0@ProviderParnershipCommandValidatorIntegrationSpec, testException = [null], mergedContextConfiguration = [MergedContextConfiguration@47d6ae38 testClass = ProviderParnershipCommandValidatorIntegrationSpec, locations = '{classpath:/services-appctx.xml, classpath:/persistence-appctx.xml, classpath:/jms-appctx.xml, classpath:/mail-context.xml, classpath:/transaction-appctx.xml, classpath:/formatter-appctx.xml, classpath:/stp-appctx.xml, classpath:/aop-appctx.xml, classpath:/properties-appctx.xml}', classes = '{}', contextInitializerClasses = '[]', activeProfiles = '{}', contextLoader = 'org.springframework.test.context.support.DelegatingSmartContextLoader', parent = [null]]]; transaction manager [org.springframework.orm.jpa.JpaTransactionManager@5f5ca74d]; rollback [true]
2015-05-20 12:04:31,754  INFO [Test worker] (?:?) - violations:1
2015-05-20 12:04:31,755  INFO [Test worker] (?:?) - field:providerUuid
2015-05-20 12:04:31,755  INFO [Test worker] (?:?) - message:size must be between 32 and 32
2015-05-20 12:04:31,756  INFO [Test worker] (TransactionalTestExecutionListener.java:298) - Rolled back transaction after test execution for test context [DefaultTestContext@11fe7870 testClass = ProviderParnershipCommandValidatorIntegrationSpec, testInstance = com.tim.one.validator.ProviderParnershipCommandValidatorIntegrationSpec@4217cef9, testMethod = $spock_feature_0_0@ProviderParnershipCommandValidatorIntegrationSpec, testException = [null], mergedContextConfiguration = [MergedContextConfiguration@47d6ae38 testClass = ProviderParnershipCommandValidatorIntegrationSpec, locations = '{classpath:/services-appctx.xml, classpath:/persistence-appctx.xml, classpath:/jms-appctx.xml, classpath:/mail-context.xml, classpath:/transaction-appctx.xml, classpath:/formatter-appctx.xml, classpath:/stp-appctx.xml, classpath:/aop-appctx.xml, classpath:/properties-appctx.xml}', classes = '{}', contextInitializerClasses = '[]', activeProfiles = '{}', contextLoader = 'org.springframework.test.context.support.DelegatingSmartContextLoader', parent = [null]]]
2015-05-20 12:04:31,758  INFO [Test worker] (TransactionalTestExecutionListener.java:276) - Began transaction (7) for test context [DefaultTestContext@11fe7870 testClass = ProviderParnershipCommandValidatorIntegrationSpec, testInstance = com.tim.one.validator.ProviderParnershipCommandValidatorIntegrationSpec@5cce1572, testMethod = $spock_feature_0_0@ProviderParnershipCommandValidatorIntegrationSpec, testException = [null], mergedContextConfiguration = [MergedContextConfiguration@47d6ae38 testClass = ProviderParnershipCommandValidatorIntegrationSpec, locations = '{classpath:/services-appctx.xml, classpath:/persistence-appctx.xml, classpath:/jms-appctx.xml, classpath:/mail-context.xml, classpath:/transaction-appctx.xml, classpath:/formatter-appctx.xml, classpath:/stp-appctx.xml, classpath:/aop-appctx.xml, classpath:/properties-appctx.xml}', classes = '{}', contextInitializerClasses = '[]', activeProfiles = '{}', contextLoader = 'org.springframework.test.context.support.DelegatingSmartContextLoader', parent = [null]]]; transaction manager [org.springframework.orm.jpa.JpaTransactionManager@5f5ca74d]; rollback [true]
2015-05-20 12:04:31,764  INFO [Test worker] (?:?) - violations:1
2015-05-20 12:04:31,764  INFO [Test worker] (?:?) - field:providerUuid
2015-05-20 12:04:31,764  INFO [Test worker] (?:?) - message:may not be null
2015-05-20 12:04:31,765  INFO [Test worker] (TransactionalTestExecutionListener.java:298) - Rolled back transaction after test execution for test context [DefaultTestContext@11fe7870 testClass = ProviderParnershipCommandValidatorIntegrationSpec, testInstance = com.tim.one.validator.ProviderParnershipCommandValidatorIntegrationSpec@5cce1572, testMethod = $spock_feature_0_0@ProviderParnershipCommandValidatorIntegrationSpec, testException = [null], mergedContextConfiguration = [MergedContextConfiguration@47d6ae38 testClass = ProviderParnershipCommandValidatorIntegrationSpec, locations = '{classpath:/services-appctx.xml, classpath:/persistence-appctx.xml, classpath:/jms-appctx.xml, classpath:/mail-context.xml, classpath:/transaction-appctx.xml, classpath:/formatter-appctx.xml, classpath:/stp-appctx.xml, classpath:/aop-appctx.xml, classpath:/properties-appctx.xml}', classes = '{}', contextInitializerClasses = '[]', activeProfiles = '{}', contextLoader = 'org.springframework.test.context.support.DelegatingSmartContextLoader', parent = [null]]]
2015-05-20 12:04:31,767  INFO [Test worker] (TransactionalTestExecutionListener.java:276) - Began transaction (8) for test context [DefaultTestContext@11fe7870 testClass = ProviderParnershipCommandValidatorIntegrationSpec, testInstance = com.tim.one.validator.ProviderParnershipCommandValidatorIntegrationSpec@1922a766, testMethod = $spock_feature_0_0@ProviderParnershipCommandValidatorIntegrationSpec, testException = [null], mergedContextConfiguration = [MergedContextConfiguration@47d6ae38 testClass = ProviderParnershipCommandValidatorIntegrationSpec, locations = '{classpath:/services-appctx.xml, classpath:/persistence-appctx.xml, classpath:/jms-appctx.xml, classpath:/mail-context.xml, classpath:/transaction-appctx.xml, classpath:/formatter-appctx.xml, classpath:/stp-appctx.xml, classpath:/aop-appctx.xml, classpath:/properties-appctx.xml}', classes = '{}', contextInitializerClasses = '[]', activeProfiles = '{}', contextLoader = 'org.springframework.test.context.support.DelegatingSmartContextLoader', parent = [null]]]; transaction manager [org.springframework.orm.jpa.JpaTransactionManager@5f5ca74d]; rollback [true]
2015-05-20 12:04:31,773  INFO [Test worker] (?:?) - violations:1
2015-05-20 12:04:31,774  INFO [Test worker] (?:?) - field:projectUuid
2015-05-20 12:04:31,774  INFO [Test worker] (?:?) - message:size must be between 32 and 32
2015-05-20 12:04:31,775  INFO [Test worker] (TransactionalTestExecutionListener.java:298) - Rolled back transaction after test execution for test context [DefaultTestContext@11fe7870 testClass = ProviderParnershipCommandValidatorIntegrationSpec, testInstance = com.tim.one.validator.ProviderParnershipCommandValidatorIntegrationSpec@1922a766, testMethod = $spock_feature_0_0@ProviderParnershipCommandValidatorIntegrationSpec, testException = [null], mergedContextConfiguration = [MergedContextConfiguration@47d6ae38 testClass = ProviderParnershipCommandValidatorIntegrationSpec, locations = '{classpath:/services-appctx.xml, classpath:/persistence-appctx.xml, classpath:/jms-appctx.xml, classpath:/mail-context.xml, classpath:/transaction-appctx.xml, classpath:/formatter-appctx.xml, classpath:/stp-appctx.xml, classpath:/aop-appctx.xml, classpath:/properties-appctx.xml}', classes = '{}', contextInitializerClasses = '[]', activeProfiles = '{}', contextLoader = 'org.springframework.test.context.support.DelegatingSmartContextLoader', parent = [null]]]
2015-05-20 12:04:31,777  INFO [Test worker] (TransactionalTestExecutionListener.java:276) - Began transaction (9) for test context [DefaultTestContext@11fe7870 testClass = ProviderParnershipCommandValidatorIntegrationSpec, testInstance = com.tim.one.validator.ProviderParnershipCommandValidatorIntegrationSpec@e76279e, testMethod = $spock_feature_0_0@ProviderParnershipCommandValidatorIntegrationSpec, testException = [null], mergedContextConfiguration = [MergedContextConfiguration@47d6ae38 testClass = ProviderParnershipCommandValidatorIntegrationSpec, locations = '{classpath:/services-appctx.xml, classpath:/persistence-appctx.xml, classpath:/jms-appctx.xml, classpath:/mail-context.xml, classpath:/transaction-appctx.xml, classpath:/formatter-appctx.xml, classpath:/stp-appctx.xml, classpath:/aop-appctx.xml, classpath:/properties-appctx.xml}', classes = '{}', contextInitializerClasses = '[]', activeProfiles = '{}', contextLoader = 'org.springframework.test.context.support.DelegatingSmartContextLoader', parent = [null]]]; transaction manager [org.springframework.orm.jpa.JpaTransactionManager@5f5ca74d]; rollback [true]
2015-05-20 12:04:31,783  INFO [Test worker] (?:?) - violations:1
2015-05-20 12:04:31,784  INFO [Test worker] (?:?) - field:projectUuid
2015-05-20 12:04:31,784  INFO [Test worker] (?:?) - message:size must be between 32 and 32
2015-05-20 12:04:31,784  INFO [Test worker] (TransactionalTestExecutionListener.java:298) - Rolled back transaction after test execution for test context [DefaultTestContext@11fe7870 testClass = ProviderParnershipCommandValidatorIntegrationSpec, testInstance = com.tim.one.validator.ProviderParnershipCommandValidatorIntegrationSpec@e76279e, testMethod = $spock_feature_0_0@ProviderParnershipCommandValidatorIntegrationSpec, testException = [null], mergedContextConfiguration = [MergedContextConfiguration@47d6ae38 testClass = ProviderParnershipCommandValidatorIntegrationSpec, locations = '{classpath:/services-appctx.xml, classpath:/persistence-appctx.xml, classpath:/jms-appctx.xml, classpath:/mail-context.xml, classpath:/transaction-appctx.xml, classpath:/formatter-appctx.xml, classpath:/stp-appctx.xml, classpath:/aop-appctx.xml, classpath:/properties-appctx.xml}', classes = '{}', contextInitializerClasses = '[]', activeProfiles = '{}', contextLoader = 'org.springframework.test.context.support.DelegatingSmartContextLoader', parent = [null]]]
2015-05-20 12:04:31,786  INFO [Test worker] (TransactionalTestExecutionListener.java:276) - Began transaction (10) for test context [DefaultTestContext@11fe7870 testClass = ProviderParnershipCommandValidatorIntegrationSpec, testInstance = com.tim.one.validator.ProviderParnershipCommandValidatorIntegrationSpec@51586c92, testMethod = $spock_feature_0_0@ProviderParnershipCommandValidatorIntegrationSpec, testException = [null], mergedContextConfiguration = [MergedContextConfiguration@47d6ae38 testClass = ProviderParnershipCommandValidatorIntegrationSpec, locations = '{classpath:/services-appctx.xml, classpath:/persistence-appctx.xml, classpath:/jms-appctx.xml, classpath:/mail-context.xml, classpath:/transaction-appctx.xml, classpath:/formatter-appctx.xml, classpath:/stp-appctx.xml, classpath:/aop-appctx.xml, classpath:/properties-appctx.xml}', classes = '{}', contextInitializerClasses = '[]', activeProfiles = '{}', contextLoader = 'org.springframework.test.context.support.DelegatingSmartContextLoader', parent = [null]]]; transaction manager [org.springframework.orm.jpa.JpaTransactionManager@5f5ca74d]; rollback [true]
2015-05-20 12:04:31,792  INFO [Test worker] (?:?) - violations:1
2015-05-20 12:04:31,792  INFO [Test worker] (?:?) - field:projectUuid
2015-05-20 12:04:31,793  INFO [Test worker] (?:?) - message:size must be between 32 and 32
2015-05-20 12:04:31,793  INFO [Test worker] (TransactionalTestExecutionListener.java:298) - Rolled back transaction after test execution for test context [DefaultTestContext@11fe7870 testClass = ProviderParnershipCommandValidatorIntegrationSpec, testInstance = com.tim.one.validator.ProviderParnershipCommandValidatorIntegrationSpec@51586c92, testMethod = $spock_feature_0_0@ProviderParnershipCommandValidatorIntegrationSpec, testException = [null], mergedContextConfiguration = [MergedContextConfiguration@47d6ae38 testClass = ProviderParnershipCommandValidatorIntegrationSpec, locations = '{classpath:/services-appctx.xml, classpath:/persistence-appctx.xml, classpath:/jms-appctx.xml, classpath:/mail-context.xml, classpath:/transaction-appctx.xml, classpath:/formatter-appctx.xml, classpath:/stp-appctx.xml, classpath:/aop-appctx.xml, classpath:/properties-appctx.xml}', classes = '{}', contextInitializerClasses = '[]', activeProfiles = '{}', contextLoader = 'org.springframework.test.context.support.DelegatingSmartContextLoader', parent = [null]]]
2015-05-20 12:04:31,795  INFO [Test worker] (TransactionalTestExecutionListener.java:276) - Began transaction (11) for test context [DefaultTestContext@11fe7870 testClass = ProviderParnershipCommandValidatorIntegrationSpec, testInstance = com.tim.one.validator.ProviderParnershipCommandValidatorIntegrationSpec@3ea68749, testMethod = $spock_feature_0_0@ProviderParnershipCommandValidatorIntegrationSpec, testException = [null], mergedContextConfiguration = [MergedContextConfiguration@47d6ae38 testClass = ProviderParnershipCommandValidatorIntegrationSpec, locations = '{classpath:/services-appctx.xml, classpath:/persistence-appctx.xml, classpath:/jms-appctx.xml, classpath:/mail-context.xml, classpath:/transaction-appctx.xml, classpath:/formatter-appctx.xml, classpath:/stp-appctx.xml, classpath:/aop-appctx.xml, classpath:/properties-appctx.xml}', classes = '{}', contextInitializerClasses = '[]', activeProfiles = '{}', contextLoader = 'org.springframework.test.context.support.DelegatingSmartContextLoader', parent = [null]]]; transaction manager [org.springframework.orm.jpa.JpaTransactionManager@5f5ca74d]; rollback [true]
2015-05-20 12:04:31,801  INFO [Test worker] (?:?) - violations:1
2015-05-20 12:04:31,801  INFO [Test worker] (?:?) - field:projectUuid
2015-05-20 12:04:31,801  INFO [Test worker] (?:?) - message:size must be between 32 and 32
2015-05-20 12:04:31,802  INFO [Test worker] (TransactionalTestExecutionListener.java:298) - Rolled back transaction after test execution for test context [DefaultTestContext@11fe7870 testClass = ProviderParnershipCommandValidatorIntegrationSpec, testInstance = com.tim.one.validator.ProviderParnershipCommandValidatorIntegrationSpec@3ea68749, testMethod = $spock_feature_0_0@ProviderParnershipCommandValidatorIntegrationSpec, testException = [null], mergedContextConfiguration = [MergedContextConfiguration@47d6ae38 testClass = ProviderParnershipCommandValidatorIntegrationSpec, locations = '{classpath:/services-appctx.xml, classpath:/persistence-appctx.xml, classpath:/jms-appctx.xml, classpath:/mail-context.xml, classpath:/transaction-appctx.xml, classpath:/formatter-appctx.xml, classpath:/stp-appctx.xml, classpath:/aop-appctx.xml, classpath:/properties-appctx.xml}', classes = '{}', contextInitializerClasses = '[]', activeProfiles = '{}', contextLoader = 'org.springframework.test.context.support.DelegatingSmartContextLoader', parent = [null]]]
2015-05-20 12:04:31,804  INFO [Test worker] (TransactionalTestExecutionListener.java:276) - Began transaction (12) for test context [DefaultTestContext@11fe7870 testClass = ProviderParnershipCommandValidatorIntegrationSpec, testInstance = com.tim.one.validator.ProviderParnershipCommandValidatorIntegrationSpec@2042d2f5, testMethod = $spock_feature_0_0@ProviderParnershipCommandValidatorIntegrationSpec, testException = [null], mergedContextConfiguration = [MergedContextConfiguration@47d6ae38 testClass = ProviderParnershipCommandValidatorIntegrationSpec, locations = '{classpath:/services-appctx.xml, classpath:/persistence-appctx.xml, classpath:/jms-appctx.xml, classpath:/mail-context.xml, classpath:/transaction-appctx.xml, classpath:/formatter-appctx.xml, classpath:/stp-appctx.xml, classpath:/aop-appctx.xml, classpath:/properties-appctx.xml}', classes = '{}', contextInitializerClasses = '[]', activeProfiles = '{}', contextLoader = 'org.springframework.test.context.support.DelegatingSmartContextLoader', parent = [null]]]; transaction manager [org.springframework.orm.jpa.JpaTransactionManager@5f5ca74d]; rollback [true]
2015-05-20 12:04:31,809  INFO [Test worker] (?:?) - violations:1
2015-05-20 12:04:31,809  INFO [Test worker] (?:?) - field:projectUuid
2015-05-20 12:04:31,810  INFO [Test worker] (?:?) - message:may not be null
2015-05-20 12:04:31,810  INFO [Test worker] (TransactionalTestExecutionListener.java:298) - Rolled back transaction after test execution for test context [DefaultTestContext@11fe7870 testClass = ProviderParnershipCommandValidatorIntegrationSpec, testInstance = com.tim.one.validator.ProviderParnershipCommandValidatorIntegrationSpec@2042d2f5, testMethod = $spock_feature_0_0@ProviderParnershipCommandValidatorIntegrationSpec, testException = [null], mergedContextConfiguration = [MergedContextConfiguration@47d6ae38 testClass = ProviderParnershipCommandValidatorIntegrationSpec, locations = '{classpath:/services-appctx.xml, classpath:/persistence-appctx.xml, classpath:/jms-appctx.xml, classpath:/mail-context.xml, classpath:/transaction-appctx.xml, classpath:/formatter-appctx.xml, classpath:/stp-appctx.xml, classpath:/aop-appctx.xml, classpath:/properties-appctx.xml}', classes = '{}', contextInitializerClasses = '[]', activeProfiles = '{}', contextLoader = 'org.springframework.test.context.support.DelegatingSmartContextLoader', parent = [null]]]
2015-05-20 12:04:31,812  INFO [Test worker] (TransactionalTestExecutionListener.java:276) - Began transaction (13) for test context [DefaultTestContext@11fe7870 testClass = ProviderParnershipCommandValidatorIntegrationSpec, testInstance = com.tim.one.validator.ProviderParnershipCommandValidatorIntegrationSpec@72c3370d, testMethod = $spock_feature_0_0@ProviderParnershipCommandValidatorIntegrationSpec, testException = [null], mergedContextConfiguration = [MergedContextConfiguration@47d6ae38 testClass = ProviderParnershipCommandValidatorIntegrationSpec, locations = '{classpath:/services-appctx.xml, classpath:/persistence-appctx.xml, classpath:/jms-appctx.xml, classpath:/mail-context.xml, classpath:/transaction-appctx.xml, classpath:/formatter-appctx.xml, classpath:/stp-appctx.xml, classpath:/aop-appctx.xml, classpath:/properties-appctx.xml}', classes = '{}', contextInitializerClasses = '[]', activeProfiles = '{}', contextLoader = 'org.springframework.test.context.support.DelegatingSmartContextLoader', parent = [null]]]; transaction manager [org.springframework.orm.jpa.JpaTransactionManager@5f5ca74d]; rollback [true]
2015-05-20 12:04:31,818  INFO [Test worker] (?:?) - violations:0
2015-05-20 12:04:31,819  INFO [Test worker] (TransactionalTestExecutionListener.java:298) - Rolled back transaction after test execution for test context [DefaultTestContext@11fe7870 testClass = ProviderParnershipCommandValidatorIntegrationSpec, testInstance = com.tim.one.validator.ProviderParnershipCommandValidatorIntegrationSpec@72c3370d, testMethod = $spock_feature_0_0@ProviderParnershipCommandValidatorIntegrationSpec, testException = [null], mergedContextConfiguration = [MergedContextConfiguration@47d6ae38 testClass = ProviderParnershipCommandValidatorIntegrationSpec, locations = '{classpath:/services-appctx.xml, classpath:/persistence-appctx.xml, classpath:/jms-appctx.xml, classpath:/mail-context.xml, classpath:/transaction-appctx.xml, classpath:/formatter-appctx.xml, classpath:/stp-appctx.xml, classpath:/aop-appctx.xml, classpath:/properties-appctx.xml}', classes = '{}', contextInitializerClasses = '[]', activeProfiles = '{}', contextLoader = 'org.springframework.test.context.support.DelegatingSmartContextLoader', parent = [null]]]
2015-05-20 12:04:31,823  INFO [Test worker] (TransactionalTestExecutionListener.java:276) - Began transaction (14) for test context [DefaultTestContext@11fe7870 testClass = ProviderParnershipCommandValidatorIntegrationSpec, testInstance = com.tim.one.validator.ProviderParnershipCommandValidatorIntegrationSpec@6e161703, testMethod = $spock_feature_0_0@ProviderParnershipCommandValidatorIntegrationSpec, testException = [null], mergedContextConfiguration = [MergedContextConfiguration@47d6ae38 testClass = ProviderParnershipCommandValidatorIntegrationSpec, locations = '{classpath:/services-appctx.xml, classpath:/persistence-appctx.xml, classpath:/jms-appctx.xml, classpath:/mail-context.xml, classpath:/transaction-appctx.xml, classpath:/formatter-appctx.xml, classpath:/stp-appctx.xml, classpath:/aop-appctx.xml, classpath:/properties-appctx.xml}', classes = '{}', contextInitializerClasses = '[]', activeProfiles = '{}', contextLoader = 'org.springframework.test.context.support.DelegatingSmartContextLoader', parent = [null]]]; transaction manager [org.springframework.orm.jpa.JpaTransactionManager@5f5ca74d]; rollback [true]
2015-05-20 12:04:31,832  INFO [Test worker] (?:?) - violations:0
2015-05-20 12:04:31,833  INFO [Test worker] (TransactionalTestExecutionListener.java:298) - Rolled back transaction after test execution for test context [DefaultTestContext@11fe7870 testClass = ProviderParnershipCommandValidatorIntegrationSpec, testInstance = com.tim.one.validator.ProviderParnershipCommandValidatorIntegrationSpec@6e161703, testMethod = $spock_feature_0_0@ProviderParnershipCommandValidatorIntegrationSpec, testException = [null], mergedContextConfiguration = [MergedContextConfiguration@47d6ae38 testClass = ProviderParnershipCommandValidatorIntegrationSpec, locations = '{classpath:/services-appctx.xml, classpath:/persistence-appctx.xml, classpath:/jms-appctx.xml, classpath:/mail-context.xml, classpath:/transaction-appctx.xml, classpath:/formatter-appctx.xml, classpath:/stp-appctx.xml, classpath:/aop-appctx.xml, classpath:/properties-appctx.xml}', classes = '{}', contextInitializerClasses = '[]', activeProfiles = '{}', contextLoader = 'org.springframework.test.context.support.DelegatingSmartContextLoader', parent = [null]]]
2015-05-20 12:04:31,835  INFO [Test worker] (TransactionalTestExecutionListener.java:276) - Began transaction (15) for test context [DefaultTestContext@11fe7870 testClass = ProviderParnershipCommandValidatorIntegrationSpec, testInstance = com.tim.one.validator.ProviderParnershipCommandValidatorIntegrationSpec@264ed1bf, testMethod = $spock_feature_0_0@ProviderParnershipCommandValidatorIntegrationSpec, testException = [null], mergedContextConfiguration = [MergedContextConfiguration@47d6ae38 testClass = ProviderParnershipCommandValidatorIntegrationSpec, locations = '{classpath:/services-appctx.xml, classpath:/persistence-appctx.xml, classpath:/jms-appctx.xml, classpath:/mail-context.xml, classpath:/transaction-appctx.xml, classpath:/formatter-appctx.xml, classpath:/stp-appctx.xml, classpath:/aop-appctx.xml, classpath:/properties-appctx.xml}', classes = '{}', contextInitializerClasses = '[]', activeProfiles = '{}', contextLoader = 'org.springframework.test.context.support.DelegatingSmartContextLoader', parent = [null]]]; transaction manager [org.springframework.orm.jpa.JpaTransactionManager@5f5ca74d]; rollback [true]
2015-05-20 12:04:31,841  INFO [Test worker] (?:?) - violations:1
2015-05-20 12:04:31,841  INFO [Test worker] (?:?) - field:type
2015-05-20 12:04:31,841  INFO [Test worker] (?:?) - message:must be between 0 and 2
2015-05-20 12:04:31,842  INFO [Test worker] (TransactionalTestExecutionListener.java:298) - Rolled back transaction after test execution for test context [DefaultTestContext@11fe7870 testClass = ProviderParnershipCommandValidatorIntegrationSpec, testInstance = com.tim.one.validator.ProviderParnershipCommandValidatorIntegrationSpec@264ed1bf, testMethod = $spock_feature_0_0@ProviderParnershipCommandValidatorIntegrationSpec, testException = [null], mergedContextConfiguration = [MergedContextConfiguration@47d6ae38 testClass = ProviderParnershipCommandValidatorIntegrationSpec, locations = '{classpath:/services-appctx.xml, classpath:/persistence-appctx.xml, classpath:/jms-appctx.xml, classpath:/mail-context.xml, classpath:/transaction-appctx.xml, classpath:/formatter-appctx.xml, classpath:/stp-appctx.xml, classpath:/aop-appctx.xml, classpath:/properties-appctx.xml}', classes = '{}', contextInitializerClasses = '[]', activeProfiles = '{}', contextLoader = 'org.springframework.test.context.support.DelegatingSmartContextLoader', parent = [null]]]
2015-05-20 12:04:31,844  INFO [Test worker] (TransactionalTestExecutionListener.java:276) - Began transaction (16) for test context [DefaultTestContext@11fe7870 testClass = ProviderParnershipCommandValidatorIntegrationSpec, testInstance = com.tim.one.validator.ProviderParnershipCommandValidatorIntegrationSpec@3aae0d89, testMethod = $spock_feature_0_0@ProviderParnershipCommandValidatorIntegrationSpec, testException = [null], mergedContextConfiguration = [MergedContextConfiguration@47d6ae38 testClass = ProviderParnershipCommandValidatorIntegrationSpec, locations = '{classpath:/services-appctx.xml, classpath:/persistence-appctx.xml, classpath:/jms-appctx.xml, classpath:/mail-context.xml, classpath:/transaction-appctx.xml, classpath:/formatter-appctx.xml, classpath:/stp-appctx.xml, classpath:/aop-appctx.xml, classpath:/properties-appctx.xml}', classes = '{}', contextInitializerClasses = '[]', activeProfiles = '{}', contextLoader = 'org.springframework.test.context.support.DelegatingSmartContextLoader', parent = [null]]]; transaction manager [org.springframework.orm.jpa.JpaTransactionManager@5f5ca74d]; rollback [true]
2015-05-20 12:04:31,851  INFO [Test worker] (?:?) - violations:1
2015-05-20 12:04:31,852  INFO [Test worker] (?:?) - field:type
2015-05-20 12:04:31,852  INFO [Test worker] (?:?) - message:must be between 0 and 2
2015-05-20 12:04:31,852  INFO [Test worker] (TransactionalTestExecutionListener.java:298) - Rolled back transaction after test execution for test context [DefaultTestContext@11fe7870 testClass = ProviderParnershipCommandValidatorIntegrationSpec, testInstance = com.tim.one.validator.ProviderParnershipCommandValidatorIntegrationSpec@3aae0d89, testMethod = $spock_feature_0_0@ProviderParnershipCommandValidatorIntegrationSpec, testException = [null], mergedContextConfiguration = [MergedContextConfiguration@47d6ae38 testClass = ProviderParnershipCommandValidatorIntegrationSpec, locations = '{classpath:/services-appctx.xml, classpath:/persistence-appctx.xml, classpath:/jms-appctx.xml, classpath:/mail-context.xml, classpath:/transaction-appctx.xml, classpath:/formatter-appctx.xml, classpath:/stp-appctx.xml, classpath:/aop-appctx.xml, classpath:/properties-appctx.xml}', classes = '{}', contextInitializerClasses = '[]', activeProfiles = '{}', contextLoader = 'org.springframework.test.context.support.DelegatingSmartContextLoader', parent = [null]]]
]]></system-out>
  <system-err><![CDATA[]]></system-err>
</testsuite>
