<?xml version="1.0" encoding="UTF-8"?>
<testsuite name="com.tim.one.validator.TransferFundsCommandValidatorIntegrationSpec" tests="14" skipped="0" failures="0" errors="0" timestamp="2015-05-20T17:04:30" hostname="josdem-Inspiron-5420" time="0.211">
  <properties/>
  <testcase name="When we have a user with 51d172788b034b738565f7dd4d4cb2fe as id, and user with c4e935b546d04f73829a955281b88292 as id and want to transfer 0.01 &#10;&#9;&#9;&#9;when we validate we expecting that result is: true" classname="com.tim.one.validator.TransferFundsCommandValidatorIntegrationSpec" time="0.035"/>
  <testcase name="When we have a user with &lt;script&gt;alert('hello josdem')&lt;/script&gt; as id, and user with c4e935b546d04f73829a955281b88292 as id and want to transfer 0.01 &#10;&#9;&#9;&#9;when we validate we expecting that result is: false" classname="com.tim.one.validator.TransferFundsCommandValidatorIntegrationSpec" time="0.018"/>
  <testcase name="When we have a user with 51d172788b034b738565f7dd4d4cb2fe as id, and user with &lt;script&gt;alert('hello josdem')&lt;/script&gt; as id and want to transfer 0.01 &#10;&#9;&#9;&#9;when we validate we expecting that result is: false" classname="com.tim.one.validator.TransferFundsCommandValidatorIntegrationSpec" time="0.01"/>
  <testcase name="When we have a user with 51d172788b034b738565f7dd4d4cb2fe3 as id, and user with c4e935b546d04f73829a955281b88292 as id and want to transfer 0.01 &#10;&#9;&#9;&#9;when we validate we expecting that result is: false" classname="com.tim.one.validator.TransferFundsCommandValidatorIntegrationSpec" time="0.01"/>
  <testcase name="When we have a user with 51d172788b034b738565f7dd4d4cb2f as id, and user with c4e935b546d04f73829a955281b88292 as id and want to transfer 0.01 &#10;&#9;&#9;&#9;when we validate we expecting that result is: false" classname="com.tim.one.validator.TransferFundsCommandValidatorIntegrationSpec" time="0.014"/>
  <testcase name="When we have a user with  as id, and user with c4e935b546d04f73829a955281b88292 as id and want to transfer 0.01 &#10;&#9;&#9;&#9;when we validate we expecting that result is: false" classname="com.tim.one.validator.TransferFundsCommandValidatorIntegrationSpec" time="0.01"/>
  <testcase name="When we have a user with null as id, and user with c4e935b546d04f73829a955281b88292 as id and want to transfer 0.01 &#10;&#9;&#9;&#9;when we validate we expecting that result is: false" classname="com.tim.one.validator.TransferFundsCommandValidatorIntegrationSpec" time="0.01"/>
  <testcase name="When we have a user with 51d172788b034b738565f7dd4d4cb2fe as id, and user with c4e935b546d04f73829a955281b882922 as id and want to transfer 0.01 &#10;&#9;&#9;&#9;when we validate we expecting that result is: false" classname="com.tim.one.validator.TransferFundsCommandValidatorIntegrationSpec" time="0.014"/>
  <testcase name="When we have a user with 51d172788b034b738565f7dd4d4cb2fe as id, and user with c4e935b546d04f73829a955281b8829 as id and want to transfer 0.01 &#10;&#9;&#9;&#9;when we validate we expecting that result is: false" classname="com.tim.one.validator.TransferFundsCommandValidatorIntegrationSpec" time="0.021"/>
  <testcase name="When we have a user with 51d172788b034b738565f7dd4d4cb2fe as id, and user with  as id and want to transfer 0.01 &#10;&#9;&#9;&#9;when we validate we expecting that result is: false" classname="com.tim.one.validator.TransferFundsCommandValidatorIntegrationSpec" time="0.013"/>
  <testcase name="When we have a user with 51d172788b034b738565f7dd4d4cb2fe as id, and user with null as id and want to transfer 0.01 &#10;&#9;&#9;&#9;when we validate we expecting that result is: false" classname="com.tim.one.validator.TransferFundsCommandValidatorIntegrationSpec" time="0.013"/>
  <testcase name="When we have a user with 51d172788b034b738565f7dd4d4cb2fe as id, and user with c4e935b546d04f73829a955281b88292 as id and want to transfer -10.00 &#10;&#9;&#9;&#9;when we validate we expecting that result is: false" classname="com.tim.one.validator.TransferFundsCommandValidatorIntegrationSpec" time="0.016"/>
  <testcase name="When we have a user with 51d172788b034b738565f7dd4d4cb2fe as id, and user with c4e935b546d04f73829a955281b88292 as id and want to transfer null &#10;&#9;&#9;&#9;when we validate we expecting that result is: false" classname="com.tim.one.validator.TransferFundsCommandValidatorIntegrationSpec" time="0.013"/>
  <testcase name="When we have a user with 51d172788b034b738565f7dd4d4cb2fe as id, and user with c4e935b546d04f73829a955281b88292 as id and want to transfer 0.00 &#10;&#9;&#9;&#9;when we validate we expecting that result is: false" classname="com.tim.one.validator.TransferFundsCommandValidatorIntegrationSpec" time="0.01"/>
  <system-out><![CDATA[2015-05-20 12:04:30,898 DEBUG [Test worker] (AbstractFallbackTransactionAttributeSource.java:108) - Adding transactional method 'TransferFundsCommandValidatorIntegrationSpec.$spock_feature_0_0' with attribute: PROPAGATION_REQUIRED,ISOLATION_DEFAULT; ''
2015-05-20 12:04:30,899  INFO [Test worker] (TransactionalTestExecutionListener.java:276) - Began transaction (1) for test context [DefaultTestContext@68a946ac testClass = TransferFundsCommandValidatorIntegrationSpec, testInstance = com.tim.one.validator.TransferFundsCommandValidatorIntegrationSpec@415efbe2, testMethod = $spock_feature_0_0@TransferFundsCommandValidatorIntegrationSpec, testException = [null], mergedContextConfiguration = [MergedContextConfiguration@42ead3f5 testClass = TransferFundsCommandValidatorIntegrationSpec, locations = '{classpath:/services-appctx.xml, classpath:/persistence-appctx.xml, classpath:/jms-appctx.xml, classpath:/mail-context.xml, classpath:/transaction-appctx.xml, classpath:/formatter-appctx.xml, classpath:/stp-appctx.xml, classpath:/aop-appctx.xml, classpath:/properties-appctx.xml}', classes = '{}', contextInitializerClasses = '[]', activeProfiles = '{}', contextLoader = 'org.springframework.test.context.support.DelegatingSmartContextLoader', parent = [null]]]; transaction manager [org.springframework.orm.jpa.JpaTransactionManager@5f5ca74d]; rollback [true]
2015-05-20 12:04:30,913  INFO [Test worker] (?:?) - violations:0
2015-05-20 12:04:30,914  INFO [Test worker] (TransactionalTestExecutionListener.java:298) - Rolled back transaction after test execution for test context [DefaultTestContext@68a946ac testClass = TransferFundsCommandValidatorIntegrationSpec, testInstance = com.tim.one.validator.TransferFundsCommandValidatorIntegrationSpec@415efbe2, testMethod = $spock_feature_0_0@TransferFundsCommandValidatorIntegrationSpec, testException = [null], mergedContextConfiguration = [MergedContextConfiguration@42ead3f5 testClass = TransferFundsCommandValidatorIntegrationSpec, locations = '{classpath:/services-appctx.xml, classpath:/persistence-appctx.xml, classpath:/jms-appctx.xml, classpath:/mail-context.xml, classpath:/transaction-appctx.xml, classpath:/formatter-appctx.xml, classpath:/stp-appctx.xml, classpath:/aop-appctx.xml, classpath:/properties-appctx.xml}', classes = '{}', contextInitializerClasses = '[]', activeProfiles = '{}', contextLoader = 'org.springframework.test.context.support.DelegatingSmartContextLoader', parent = [null]]]
2015-05-20 12:04:30,917  INFO [Test worker] (TransactionalTestExecutionListener.java:276) - Began transaction (2) for test context [DefaultTestContext@68a946ac testClass = TransferFundsCommandValidatorIntegrationSpec, testInstance = com.tim.one.validator.TransferFundsCommandValidatorIntegrationSpec@433be6a, testMethod = $spock_feature_0_0@TransferFundsCommandValidatorIntegrationSpec, testException = [null], mergedContextConfiguration = [MergedContextConfiguration@42ead3f5 testClass = TransferFundsCommandValidatorIntegrationSpec, locations = '{classpath:/services-appctx.xml, classpath:/persistence-appctx.xml, classpath:/jms-appctx.xml, classpath:/mail-context.xml, classpath:/transaction-appctx.xml, classpath:/formatter-appctx.xml, classpath:/stp-appctx.xml, classpath:/aop-appctx.xml, classpath:/properties-appctx.xml}', classes = '{}', contextInitializerClasses = '[]', activeProfiles = '{}', contextLoader = 'org.springframework.test.context.support.DelegatingSmartContextLoader', parent = [null]]]; transaction manager [org.springframework.orm.jpa.JpaTransactionManager@5f5ca74d]; rollback [true]
2015-05-20 12:04:30,932  INFO [Test worker] (?:?) - violations:2
2015-05-20 12:04:30,932  INFO [Test worker] (?:?) - field:senderUuid
2015-05-20 12:04:30,933  INFO [Test worker] (?:?) - message:size must be between 32 and 32
2015-05-20 12:04:30,933  INFO [Test worker] (TransactionalTestExecutionListener.java:298) - Rolled back transaction after test execution for test context [DefaultTestContext@68a946ac testClass = TransferFundsCommandValidatorIntegrationSpec, testInstance = com.tim.one.validator.TransferFundsCommandValidatorIntegrationSpec@433be6a, testMethod = $spock_feature_0_0@TransferFundsCommandValidatorIntegrationSpec, testException = [null], mergedContextConfiguration = [MergedContextConfiguration@42ead3f5 testClass = TransferFundsCommandValidatorIntegrationSpec, locations = '{classpath:/services-appctx.xml, classpath:/persistence-appctx.xml, classpath:/jms-appctx.xml, classpath:/mail-context.xml, classpath:/transaction-appctx.xml, classpath:/formatter-appctx.xml, classpath:/stp-appctx.xml, classpath:/aop-appctx.xml, classpath:/properties-appctx.xml}', classes = '{}', contextInitializerClasses = '[]', activeProfiles = '{}', contextLoader = 'org.springframework.test.context.support.DelegatingSmartContextLoader', parent = [null]]]
2015-05-20 12:04:30,935  INFO [Test worker] (TransactionalTestExecutionListener.java:276) - Began transaction (3) for test context [DefaultTestContext@68a946ac testClass = TransferFundsCommandValidatorIntegrationSpec, testInstance = com.tim.one.validator.TransferFundsCommandValidatorIntegrationSpec@398af2ea, testMethod = $spock_feature_0_0@TransferFundsCommandValidatorIntegrationSpec, testException = [null], mergedContextConfiguration = [MergedContextConfiguration@42ead3f5 testClass = TransferFundsCommandValidatorIntegrationSpec, locations = '{classpath:/services-appctx.xml, classpath:/persistence-appctx.xml, classpath:/jms-appctx.xml, classpath:/mail-context.xml, classpath:/transaction-appctx.xml, classpath:/formatter-appctx.xml, classpath:/stp-appctx.xml, classpath:/aop-appctx.xml, classpath:/properties-appctx.xml}', classes = '{}', contextInitializerClasses = '[]', activeProfiles = '{}', contextLoader = 'org.springframework.test.context.support.DelegatingSmartContextLoader', parent = [null]]]; transaction manager [org.springframework.orm.jpa.JpaTransactionManager@5f5ca74d]; rollback [true]
2015-05-20 12:04:30,942  INFO [Test worker] (?:?) - violations:2
2015-05-20 12:04:30,942  INFO [Test worker] (?:?) - field:receiverUuid
2015-05-20 12:04:30,942  INFO [Test worker] (?:?) - message:size must be between 32 and 32
2015-05-20 12:04:30,943  INFO [Test worker] (TransactionalTestExecutionListener.java:298) - Rolled back transaction after test execution for test context [DefaultTestContext@68a946ac testClass = TransferFundsCommandValidatorIntegrationSpec, testInstance = com.tim.one.validator.TransferFundsCommandValidatorIntegrationSpec@398af2ea, testMethod = $spock_feature_0_0@TransferFundsCommandValidatorIntegrationSpec, testException = [null], mergedContextConfiguration = [MergedContextConfiguration@42ead3f5 testClass = TransferFundsCommandValidatorIntegrationSpec, locations = '{classpath:/services-appctx.xml, classpath:/persistence-appctx.xml, classpath:/jms-appctx.xml, classpath:/mail-context.xml, classpath:/transaction-appctx.xml, classpath:/formatter-appctx.xml, classpath:/stp-appctx.xml, classpath:/aop-appctx.xml, classpath:/properties-appctx.xml}', classes = '{}', contextInitializerClasses = '[]', activeProfiles = '{}', contextLoader = 'org.springframework.test.context.support.DelegatingSmartContextLoader', parent = [null]]]
2015-05-20 12:04:30,946  INFO [Test worker] (TransactionalTestExecutionListener.java:276) - Began transaction (4) for test context [DefaultTestContext@68a946ac testClass = TransferFundsCommandValidatorIntegrationSpec, testInstance = com.tim.one.validator.TransferFundsCommandValidatorIntegrationSpec@1b18481f, testMethod = $spock_feature_0_0@TransferFundsCommandValidatorIntegrationSpec, testException = [null], mergedContextConfiguration = [MergedContextConfiguration@42ead3f5 testClass = TransferFundsCommandValidatorIntegrationSpec, locations = '{classpath:/services-appctx.xml, classpath:/persistence-appctx.xml, classpath:/jms-appctx.xml, classpath:/mail-context.xml, classpath:/transaction-appctx.xml, classpath:/formatter-appctx.xml, classpath:/stp-appctx.xml, classpath:/aop-appctx.xml, classpath:/properties-appctx.xml}', classes = '{}', contextInitializerClasses = '[]', activeProfiles = '{}', contextLoader = 'org.springframework.test.context.support.DelegatingSmartContextLoader', parent = [null]]]; transaction manager [org.springframework.orm.jpa.JpaTransactionManager@5f5ca74d]; rollback [true]
2015-05-20 12:04:30,952  INFO [Test worker] (?:?) - violations:1
2015-05-20 12:04:30,952  INFO [Test worker] (?:?) - field:senderUuid
2015-05-20 12:04:30,953  INFO [Test worker] (?:?) - message:size must be between 32 and 32
2015-05-20 12:04:30,953  INFO [Test worker] (TransactionalTestExecutionListener.java:298) - Rolled back transaction after test execution for test context [DefaultTestContext@68a946ac testClass = TransferFundsCommandValidatorIntegrationSpec, testInstance = com.tim.one.validator.TransferFundsCommandValidatorIntegrationSpec@1b18481f, testMethod = $spock_feature_0_0@TransferFundsCommandValidatorIntegrationSpec, testException = [null], mergedContextConfiguration = [MergedContextConfiguration@42ead3f5 testClass = TransferFundsCommandValidatorIntegrationSpec, locations = '{classpath:/services-appctx.xml, classpath:/persistence-appctx.xml, classpath:/jms-appctx.xml, classpath:/mail-context.xml, classpath:/transaction-appctx.xml, classpath:/formatter-appctx.xml, classpath:/stp-appctx.xml, classpath:/aop-appctx.xml, classpath:/properties-appctx.xml}', classes = '{}', contextInitializerClasses = '[]', activeProfiles = '{}', contextLoader = 'org.springframework.test.context.support.DelegatingSmartContextLoader', parent = [null]]]
2015-05-20 12:04:30,956  INFO [Test worker] (TransactionalTestExecutionListener.java:276) - Began transaction (5) for test context [DefaultTestContext@68a946ac testClass = TransferFundsCommandValidatorIntegrationSpec, testInstance = com.tim.one.validator.TransferFundsCommandValidatorIntegrationSpec@2a02e93, testMethod = $spock_feature_0_0@TransferFundsCommandValidatorIntegrationSpec, testException = [null], mergedContextConfiguration = [MergedContextConfiguration@42ead3f5 testClass = TransferFundsCommandValidatorIntegrationSpec, locations = '{classpath:/services-appctx.xml, classpath:/persistence-appctx.xml, classpath:/jms-appctx.xml, classpath:/mail-context.xml, classpath:/transaction-appctx.xml, classpath:/formatter-appctx.xml, classpath:/stp-appctx.xml, classpath:/aop-appctx.xml, classpath:/properties-appctx.xml}', classes = '{}', contextInitializerClasses = '[]', activeProfiles = '{}', contextLoader = 'org.springframework.test.context.support.DelegatingSmartContextLoader', parent = [null]]]; transaction manager [org.springframework.orm.jpa.JpaTransactionManager@5f5ca74d]; rollback [true]
2015-05-20 12:04:30,966  INFO [Test worker] (?:?) - violations:1
2015-05-20 12:04:30,966  INFO [Test worker] (?:?) - field:senderUuid
2015-05-20 12:04:30,966  INFO [Test worker] (?:?) - message:size must be between 32 and 32
2015-05-20 12:04:30,967  INFO [Test worker] (TransactionalTestExecutionListener.java:298) - Rolled back transaction after test execution for test context [DefaultTestContext@68a946ac testClass = TransferFundsCommandValidatorIntegrationSpec, testInstance = com.tim.one.validator.TransferFundsCommandValidatorIntegrationSpec@2a02e93, testMethod = $spock_feature_0_0@TransferFundsCommandValidatorIntegrationSpec, testException = [null], mergedContextConfiguration = [MergedContextConfiguration@42ead3f5 testClass = TransferFundsCommandValidatorIntegrationSpec, locations = '{classpath:/services-appctx.xml, classpath:/persistence-appctx.xml, classpath:/jms-appctx.xml, classpath:/mail-context.xml, classpath:/transaction-appctx.xml, classpath:/formatter-appctx.xml, classpath:/stp-appctx.xml, classpath:/aop-appctx.xml, classpath:/properties-appctx.xml}', classes = '{}', contextInitializerClasses = '[]', activeProfiles = '{}', contextLoader = 'org.springframework.test.context.support.DelegatingSmartContextLoader', parent = [null]]]
2015-05-20 12:04:30,969  INFO [Test worker] (TransactionalTestExecutionListener.java:276) - Began transaction (6) for test context [DefaultTestContext@68a946ac testClass = TransferFundsCommandValidatorIntegrationSpec, testInstance = com.tim.one.validator.TransferFundsCommandValidatorIntegrationSpec@d0b180f, testMethod = $spock_feature_0_0@TransferFundsCommandValidatorIntegrationSpec, testException = [null], mergedContextConfiguration = [MergedContextConfiguration@42ead3f5 testClass = TransferFundsCommandValidatorIntegrationSpec, locations = '{classpath:/services-appctx.xml, classpath:/persistence-appctx.xml, classpath:/jms-appctx.xml, classpath:/mail-context.xml, classpath:/transaction-appctx.xml, classpath:/formatter-appctx.xml, classpath:/stp-appctx.xml, classpath:/aop-appctx.xml, classpath:/properties-appctx.xml}', classes = '{}', contextInitializerClasses = '[]', activeProfiles = '{}', contextLoader = 'org.springframework.test.context.support.DelegatingSmartContextLoader', parent = [null]]]; transaction manager [org.springframework.orm.jpa.JpaTransactionManager@5f5ca74d]; rollback [true]
2015-05-20 12:04:30,976  INFO [Test worker] (?:?) - violations:1
2015-05-20 12:04:30,976  INFO [Test worker] (?:?) - field:senderUuid
2015-05-20 12:04:30,976  INFO [Test worker] (?:?) - message:size must be between 32 and 32
2015-05-20 12:04:30,977  INFO [Test worker] (TransactionalTestExecutionListener.java:298) - Rolled back transaction after test execution for test context [DefaultTestContext@68a946ac testClass = TransferFundsCommandValidatorIntegrationSpec, testInstance = com.tim.one.validator.TransferFundsCommandValidatorIntegrationSpec@d0b180f, testMethod = $spock_feature_0_0@TransferFundsCommandValidatorIntegrationSpec, testException = [null], mergedContextConfiguration = [MergedContextConfiguration@42ead3f5 testClass = TransferFundsCommandValidatorIntegrationSpec, locations = '{classpath:/services-appctx.xml, classpath:/persistence-appctx.xml, classpath:/jms-appctx.xml, classpath:/mail-context.xml, classpath:/transaction-appctx.xml, classpath:/formatter-appctx.xml, classpath:/stp-appctx.xml, classpath:/aop-appctx.xml, classpath:/properties-appctx.xml}', classes = '{}', contextInitializerClasses = '[]', activeProfiles = '{}', contextLoader = 'org.springframework.test.context.support.DelegatingSmartContextLoader', parent = [null]]]
2015-05-20 12:04:30,979  INFO [Test worker] (TransactionalTestExecutionListener.java:276) - Began transaction (7) for test context [DefaultTestContext@68a946ac testClass = TransferFundsCommandValidatorIntegrationSpec, testInstance = com.tim.one.validator.TransferFundsCommandValidatorIntegrationSpec@5d234140, testMethod = $spock_feature_0_0@TransferFundsCommandValidatorIntegrationSpec, testException = [null], mergedContextConfiguration = [MergedContextConfiguration@42ead3f5 testClass = TransferFundsCommandValidatorIntegrationSpec, locations = '{classpath:/services-appctx.xml, classpath:/persistence-appctx.xml, classpath:/jms-appctx.xml, classpath:/mail-context.xml, classpath:/transaction-appctx.xml, classpath:/formatter-appctx.xml, classpath:/stp-appctx.xml, classpath:/aop-appctx.xml, classpath:/properties-appctx.xml}', classes = '{}', contextInitializerClasses = '[]', activeProfiles = '{}', contextLoader = 'org.springframework.test.context.support.DelegatingSmartContextLoader', parent = [null]]]; transaction manager [org.springframework.orm.jpa.JpaTransactionManager@5f5ca74d]; rollback [true]
2015-05-20 12:04:30,986  INFO [Test worker] (?:?) - violations:1
2015-05-20 12:04:30,986  INFO [Test worker] (?:?) - field:senderUuid
2015-05-20 12:04:30,986  INFO [Test worker] (?:?) - message:may not be null
2015-05-20 12:04:30,987  INFO [Test worker] (TransactionalTestExecutionListener.java:298) - Rolled back transaction after test execution for test context [DefaultTestContext@68a946ac testClass = TransferFundsCommandValidatorIntegrationSpec, testInstance = com.tim.one.validator.TransferFundsCommandValidatorIntegrationSpec@5d234140, testMethod = $spock_feature_0_0@TransferFundsCommandValidatorIntegrationSpec, testException = [null], mergedContextConfiguration = [MergedContextConfiguration@42ead3f5 testClass = TransferFundsCommandValidatorIntegrationSpec, locations = '{classpath:/services-appctx.xml, classpath:/persistence-appctx.xml, classpath:/jms-appctx.xml, classpath:/mail-context.xml, classpath:/transaction-appctx.xml, classpath:/formatter-appctx.xml, classpath:/stp-appctx.xml, classpath:/aop-appctx.xml, classpath:/properties-appctx.xml}', classes = '{}', contextInitializerClasses = '[]', activeProfiles = '{}', contextLoader = 'org.springframework.test.context.support.DelegatingSmartContextLoader', parent = [null]]]
2015-05-20 12:04:30,990  INFO [Test worker] (TransactionalTestExecutionListener.java:276) - Began transaction (8) for test context [DefaultTestContext@68a946ac testClass = TransferFundsCommandValidatorIntegrationSpec, testInstance = com.tim.one.validator.TransferFundsCommandValidatorIntegrationSpec@47dd4238, testMethod = $spock_feature_0_0@TransferFundsCommandValidatorIntegrationSpec, testException = [null], mergedContextConfiguration = [MergedContextConfiguration@42ead3f5 testClass = TransferFundsCommandValidatorIntegrationSpec, locations = '{classpath:/services-appctx.xml, classpath:/persistence-appctx.xml, classpath:/jms-appctx.xml, classpath:/mail-context.xml, classpath:/transaction-appctx.xml, classpath:/formatter-appctx.xml, classpath:/stp-appctx.xml, classpath:/aop-appctx.xml, classpath:/properties-appctx.xml}', classes = '{}', contextInitializerClasses = '[]', activeProfiles = '{}', contextLoader = 'org.springframework.test.context.support.DelegatingSmartContextLoader', parent = [null]]]; transaction manager [org.springframework.orm.jpa.JpaTransactionManager@5f5ca74d]; rollback [true]
2015-05-20 12:04:31,000  INFO [Test worker] (?:?) - violations:1
2015-05-20 12:04:31,000  INFO [Test worker] (?:?) - field:receiverUuid
2015-05-20 12:04:31,001  INFO [Test worker] (?:?) - message:size must be between 32 and 32
2015-05-20 12:04:31,001  INFO [Test worker] (TransactionalTestExecutionListener.java:298) - Rolled back transaction after test execution for test context [DefaultTestContext@68a946ac testClass = TransferFundsCommandValidatorIntegrationSpec, testInstance = com.tim.one.validator.TransferFundsCommandValidatorIntegrationSpec@47dd4238, testMethod = $spock_feature_0_0@TransferFundsCommandValidatorIntegrationSpec, testException = [null], mergedContextConfiguration = [MergedContextConfiguration@42ead3f5 testClass = TransferFundsCommandValidatorIntegrationSpec, locations = '{classpath:/services-appctx.xml, classpath:/persistence-appctx.xml, classpath:/jms-appctx.xml, classpath:/mail-context.xml, classpath:/transaction-appctx.xml, classpath:/formatter-appctx.xml, classpath:/stp-appctx.xml, classpath:/aop-appctx.xml, classpath:/properties-appctx.xml}', classes = '{}', contextInitializerClasses = '[]', activeProfiles = '{}', contextLoader = 'org.springframework.test.context.support.DelegatingSmartContextLoader', parent = [null]]]
2015-05-20 12:04:31,004  INFO [Test worker] (TransactionalTestExecutionListener.java:276) - Began transaction (9) for test context [DefaultTestContext@68a946ac testClass = TransferFundsCommandValidatorIntegrationSpec, testInstance = com.tim.one.validator.TransferFundsCommandValidatorIntegrationSpec@695258f, testMethod = $spock_feature_0_0@TransferFundsCommandValidatorIntegrationSpec, testException = [null], mergedContextConfiguration = [MergedContextConfiguration@42ead3f5 testClass = TransferFundsCommandValidatorIntegrationSpec, locations = '{classpath:/services-appctx.xml, classpath:/persistence-appctx.xml, classpath:/jms-appctx.xml, classpath:/mail-context.xml, classpath:/transaction-appctx.xml, classpath:/formatter-appctx.xml, classpath:/stp-appctx.xml, classpath:/aop-appctx.xml, classpath:/properties-appctx.xml}', classes = '{}', contextInitializerClasses = '[]', activeProfiles = '{}', contextLoader = 'org.springframework.test.context.support.DelegatingSmartContextLoader', parent = [null]]]; transaction manager [org.springframework.orm.jpa.JpaTransactionManager@5f5ca74d]; rollback [true]
2015-05-20 12:04:31,015  INFO [Test worker] (?:?) - violations:1
2015-05-20 12:04:31,016  INFO [Test worker] (?:?) - field:receiverUuid
2015-05-20 12:04:31,016  INFO [Test worker] (?:?) - message:size must be between 32 and 32
2015-05-20 12:04:31,017  INFO [Test worker] (TransactionalTestExecutionListener.java:298) - Rolled back transaction after test execution for test context [DefaultTestContext@68a946ac testClass = TransferFundsCommandValidatorIntegrationSpec, testInstance = com.tim.one.validator.TransferFundsCommandValidatorIntegrationSpec@695258f, testMethod = $spock_feature_0_0@TransferFundsCommandValidatorIntegrationSpec, testException = [null], mergedContextConfiguration = [MergedContextConfiguration@42ead3f5 testClass = TransferFundsCommandValidatorIntegrationSpec, locations = '{classpath:/services-appctx.xml, classpath:/persistence-appctx.xml, classpath:/jms-appctx.xml, classpath:/mail-context.xml, classpath:/transaction-appctx.xml, classpath:/formatter-appctx.xml, classpath:/stp-appctx.xml, classpath:/aop-appctx.xml, classpath:/properties-appctx.xml}', classes = '{}', contextInitializerClasses = '[]', activeProfiles = '{}', contextLoader = 'org.springframework.test.context.support.DelegatingSmartContextLoader', parent = [null]]]
2015-05-20 12:04:31,026  INFO [Test worker] (TransactionalTestExecutionListener.java:276) - Began transaction (10) for test context [DefaultTestContext@68a946ac testClass = TransferFundsCommandValidatorIntegrationSpec, testInstance = com.tim.one.validator.TransferFundsCommandValidatorIntegrationSpec@633febeb, testMethod = $spock_feature_0_0@TransferFundsCommandValidatorIntegrationSpec, testException = [null], mergedContextConfiguration = [MergedContextConfiguration@42ead3f5 testClass = TransferFundsCommandValidatorIntegrationSpec, locations = '{classpath:/services-appctx.xml, classpath:/persistence-appctx.xml, classpath:/jms-appctx.xml, classpath:/mail-context.xml, classpath:/transaction-appctx.xml, classpath:/formatter-appctx.xml, classpath:/stp-appctx.xml, classpath:/aop-appctx.xml, classpath:/properties-appctx.xml}', classes = '{}', contextInitializerClasses = '[]', activeProfiles = '{}', contextLoader = 'org.springframework.test.context.support.DelegatingSmartContextLoader', parent = [null]]]; transaction manager [org.springframework.orm.jpa.JpaTransactionManager@5f5ca74d]; rollback [true]
2015-05-20 12:04:31,034  INFO [Test worker] (?:?) - violations:1
2015-05-20 12:04:31,035  INFO [Test worker] (?:?) - field:receiverUuid
2015-05-20 12:04:31,035  INFO [Test worker] (?:?) - message:size must be between 32 and 32
2015-05-20 12:04:31,036  INFO [Test worker] (TransactionalTestExecutionListener.java:298) - Rolled back transaction after test execution for test context [DefaultTestContext@68a946ac testClass = TransferFundsCommandValidatorIntegrationSpec, testInstance = com.tim.one.validator.TransferFundsCommandValidatorIntegrationSpec@633febeb, testMethod = $spock_feature_0_0@TransferFundsCommandValidatorIntegrationSpec, testException = [null], mergedContextConfiguration = [MergedContextConfiguration@42ead3f5 testClass = TransferFundsCommandValidatorIntegrationSpec, locations = '{classpath:/services-appctx.xml, classpath:/persistence-appctx.xml, classpath:/jms-appctx.xml, classpath:/mail-context.xml, classpath:/transaction-appctx.xml, classpath:/formatter-appctx.xml, classpath:/stp-appctx.xml, classpath:/aop-appctx.xml, classpath:/properties-appctx.xml}', classes = '{}', contextInitializerClasses = '[]', activeProfiles = '{}', contextLoader = 'org.springframework.test.context.support.DelegatingSmartContextLoader', parent = [null]]]
2015-05-20 12:04:31,039  INFO [Test worker] (TransactionalTestExecutionListener.java:276) - Began transaction (11) for test context [DefaultTestContext@68a946ac testClass = TransferFundsCommandValidatorIntegrationSpec, testInstance = com.tim.one.validator.TransferFundsCommandValidatorIntegrationSpec@1ef8115b, testMethod = $spock_feature_0_0@TransferFundsCommandValidatorIntegrationSpec, testException = [null], mergedContextConfiguration = [MergedContextConfiguration@42ead3f5 testClass = TransferFundsCommandValidatorIntegrationSpec, locations = '{classpath:/services-appctx.xml, classpath:/persistence-appctx.xml, classpath:/jms-appctx.xml, classpath:/mail-context.xml, classpath:/transaction-appctx.xml, classpath:/formatter-appctx.xml, classpath:/stp-appctx.xml, classpath:/aop-appctx.xml, classpath:/properties-appctx.xml}', classes = '{}', contextInitializerClasses = '[]', activeProfiles = '{}', contextLoader = 'org.springframework.test.context.support.DelegatingSmartContextLoader', parent = [null]]]; transaction manager [org.springframework.orm.jpa.JpaTransactionManager@5f5ca74d]; rollback [true]
2015-05-20 12:04:31,048  INFO [Test worker] (?:?) - violations:1
2015-05-20 12:04:31,048  INFO [Test worker] (?:?) - field:receiverUuid
2015-05-20 12:04:31,048  INFO [Test worker] (?:?) - message:may not be null
2015-05-20 12:04:31,049  INFO [Test worker] (TransactionalTestExecutionListener.java:298) - Rolled back transaction after test execution for test context [DefaultTestContext@68a946ac testClass = TransferFundsCommandValidatorIntegrationSpec, testInstance = com.tim.one.validator.TransferFundsCommandValidatorIntegrationSpec@1ef8115b, testMethod = $spock_feature_0_0@TransferFundsCommandValidatorIntegrationSpec, testException = [null], mergedContextConfiguration = [MergedContextConfiguration@42ead3f5 testClass = TransferFundsCommandValidatorIntegrationSpec, locations = '{classpath:/services-appctx.xml, classpath:/persistence-appctx.xml, classpath:/jms-appctx.xml, classpath:/mail-context.xml, classpath:/transaction-appctx.xml, classpath:/formatter-appctx.xml, classpath:/stp-appctx.xml, classpath:/aop-appctx.xml, classpath:/properties-appctx.xml}', classes = '{}', contextInitializerClasses = '[]', activeProfiles = '{}', contextLoader = 'org.springframework.test.context.support.DelegatingSmartContextLoader', parent = [null]]]
2015-05-20 12:04:31,055  INFO [Test worker] (TransactionalTestExecutionListener.java:276) - Began transaction (12) for test context [DefaultTestContext@68a946ac testClass = TransferFundsCommandValidatorIntegrationSpec, testInstance = com.tim.one.validator.TransferFundsCommandValidatorIntegrationSpec@419a2fd6, testMethod = $spock_feature_0_0@TransferFundsCommandValidatorIntegrationSpec, testException = [null], mergedContextConfiguration = [MergedContextConfiguration@42ead3f5 testClass = TransferFundsCommandValidatorIntegrationSpec, locations = '{classpath:/services-appctx.xml, classpath:/persistence-appctx.xml, classpath:/jms-appctx.xml, classpath:/mail-context.xml, classpath:/transaction-appctx.xml, classpath:/formatter-appctx.xml, classpath:/stp-appctx.xml, classpath:/aop-appctx.xml, classpath:/properties-appctx.xml}', classes = '{}', contextInitializerClasses = '[]', activeProfiles = '{}', contextLoader = 'org.springframework.test.context.support.DelegatingSmartContextLoader', parent = [null]]]; transaction manager [org.springframework.orm.jpa.JpaTransactionManager@5f5ca74d]; rollback [true]
2015-05-20 12:04:31,064  INFO [Test worker] (?:?) - violations:1
2015-05-20 12:04:31,065  INFO [Test worker] (?:?) - field:amount
2015-05-20 12:04:31,066  INFO [Test worker] (?:?) - message:must be greater than or equal to 0.01
2015-05-20 12:04:31,067  INFO [Test worker] (TransactionalTestExecutionListener.java:298) - Rolled back transaction after test execution for test context [DefaultTestContext@68a946ac testClass = TransferFundsCommandValidatorIntegrationSpec, testInstance = com.tim.one.validator.TransferFundsCommandValidatorIntegrationSpec@419a2fd6, testMethod = $spock_feature_0_0@TransferFundsCommandValidatorIntegrationSpec, testException = [null], mergedContextConfiguration = [MergedContextConfiguration@42ead3f5 testClass = TransferFundsCommandValidatorIntegrationSpec, locations = '{classpath:/services-appctx.xml, classpath:/persistence-appctx.xml, classpath:/jms-appctx.xml, classpath:/mail-context.xml, classpath:/transaction-appctx.xml, classpath:/formatter-appctx.xml, classpath:/stp-appctx.xml, classpath:/aop-appctx.xml, classpath:/properties-appctx.xml}', classes = '{}', contextInitializerClasses = '[]', activeProfiles = '{}', contextLoader = 'org.springframework.test.context.support.DelegatingSmartContextLoader', parent = [null]]]
2015-05-20 12:04:31,072  INFO [Test worker] (TransactionalTestExecutionListener.java:276) - Began transaction (13) for test context [DefaultTestContext@68a946ac testClass = TransferFundsCommandValidatorIntegrationSpec, testInstance = com.tim.one.validator.TransferFundsCommandValidatorIntegrationSpec@cf04eb8, testMethod = $spock_feature_0_0@TransferFundsCommandValidatorIntegrationSpec, testException = [null], mergedContextConfiguration = [MergedContextConfiguration@42ead3f5 testClass = TransferFundsCommandValidatorIntegrationSpec, locations = '{classpath:/services-appctx.xml, classpath:/persistence-appctx.xml, classpath:/jms-appctx.xml, classpath:/mail-context.xml, classpath:/transaction-appctx.xml, classpath:/formatter-appctx.xml, classpath:/stp-appctx.xml, classpath:/aop-appctx.xml, classpath:/properties-appctx.xml}', classes = '{}', contextInitializerClasses = '[]', activeProfiles = '{}', contextLoader = 'org.springframework.test.context.support.DelegatingSmartContextLoader', parent = [null]]]; transaction manager [org.springframework.orm.jpa.JpaTransactionManager@5f5ca74d]; rollback [true]
2015-05-20 12:04:31,078  INFO [Test worker] (?:?) - violations:1
2015-05-20 12:04:31,079  INFO [Test worker] (?:?) - field:amount
2015-05-20 12:04:31,079  INFO [Test worker] (?:?) - message:may not be null
2015-05-20 12:04:31,080  INFO [Test worker] (TransactionalTestExecutionListener.java:298) - Rolled back transaction after test execution for test context [DefaultTestContext@68a946ac testClass = TransferFundsCommandValidatorIntegrationSpec, testInstance = com.tim.one.validator.TransferFundsCommandValidatorIntegrationSpec@cf04eb8, testMethod = $spock_feature_0_0@TransferFundsCommandValidatorIntegrationSpec, testException = [null], mergedContextConfiguration = [MergedContextConfiguration@42ead3f5 testClass = TransferFundsCommandValidatorIntegrationSpec, locations = '{classpath:/services-appctx.xml, classpath:/persistence-appctx.xml, classpath:/jms-appctx.xml, classpath:/mail-context.xml, classpath:/transaction-appctx.xml, classpath:/formatter-appctx.xml, classpath:/stp-appctx.xml, classpath:/aop-appctx.xml, classpath:/properties-appctx.xml}', classes = '{}', contextInitializerClasses = '[]', activeProfiles = '{}', contextLoader = 'org.springframework.test.context.support.DelegatingSmartContextLoader', parent = [null]]]
2015-05-20 12:04:31,083  INFO [Test worker] (TransactionalTestExecutionListener.java:276) - Began transaction (14) for test context [DefaultTestContext@68a946ac testClass = TransferFundsCommandValidatorIntegrationSpec, testInstance = com.tim.one.validator.TransferFundsCommandValidatorIntegrationSpec@2b2f8fb6, testMethod = $spock_feature_0_0@TransferFundsCommandValidatorIntegrationSpec, testException = [null], mergedContextConfiguration = [MergedContextConfiguration@42ead3f5 testClass = TransferFundsCommandValidatorIntegrationSpec, locations = '{classpath:/services-appctx.xml, classpath:/persistence-appctx.xml, classpath:/jms-appctx.xml, classpath:/mail-context.xml, classpath:/transaction-appctx.xml, classpath:/formatter-appctx.xml, classpath:/stp-appctx.xml, classpath:/aop-appctx.xml, classpath:/properties-appctx.xml}', classes = '{}', contextInitializerClasses = '[]', activeProfiles = '{}', contextLoader = 'org.springframework.test.context.support.DelegatingSmartContextLoader', parent = [null]]]; transaction manager [org.springframework.orm.jpa.JpaTransactionManager@5f5ca74d]; rollback [true]
2015-05-20 12:04:31,088  INFO [Test worker] (?:?) - violations:1
2015-05-20 12:04:31,089  INFO [Test worker] (?:?) - field:amount
2015-05-20 12:04:31,089  INFO [Test worker] (?:?) - message:must be greater than or equal to 0.01
2015-05-20 12:04:31,090  INFO [Test worker] (TransactionalTestExecutionListener.java:298) - Rolled back transaction after test execution for test context [DefaultTestContext@68a946ac testClass = TransferFundsCommandValidatorIntegrationSpec, testInstance = com.tim.one.validator.TransferFundsCommandValidatorIntegrationSpec@2b2f8fb6, testMethod = $spock_feature_0_0@TransferFundsCommandValidatorIntegrationSpec, testException = [null], mergedContextConfiguration = [MergedContextConfiguration@42ead3f5 testClass = TransferFundsCommandValidatorIntegrationSpec, locations = '{classpath:/services-appctx.xml, classpath:/persistence-appctx.xml, classpath:/jms-appctx.xml, classpath:/mail-context.xml, classpath:/transaction-appctx.xml, classpath:/formatter-appctx.xml, classpath:/stp-appctx.xml, classpath:/aop-appctx.xml, classpath:/properties-appctx.xml}', classes = '{}', contextInitializerClasses = '[]', activeProfiles = '{}', contextLoader = 'org.springframework.test.context.support.DelegatingSmartContextLoader', parent = [null]]]
]]></system-out>
  <system-err><![CDATA[]]></system-err>
</testsuite>
