<?xml version="1.0" encoding="UTF-8"?>
<testsuite name="com.tim.one.validator.PaypalPaymentCommandValidatorIntegrationSpec" tests="8" skipped="0" failures="0" errors="0" timestamp="2015-05-20T17:04:29" hostname="josdem-Inspiron-5420" time="0.122">
  <properties/>
  <testcase name="When we have an user with id 51d172788b034b738565f7dd4d4cb2fe, and an amount to transfer 0.01 &#10;  when we validate we expecting that result is: true" classname="com.tim.one.validator.PaypalPaymentCommandValidatorIntegrationSpec" time="0.036"/>
  <testcase name="When we have an user with id 51d172788b034b738565f7dd4d4cb2f, and an amount to transfer 0.01 &#10;  when we validate we expecting that result is: false" classname="com.tim.one.validator.PaypalPaymentCommandValidatorIntegrationSpec" time="0.013"/>
  <testcase name="When we have an user with id 51d172788b034b738565f7dd4d4cb2few, and an amount to transfer 0.01 &#10;  when we validate we expecting that result is: false" classname="com.tim.one.validator.PaypalPaymentCommandValidatorIntegrationSpec" time="0.014"/>
  <testcase name="When we have an user with id , and an amount to transfer 0.01 &#10;  when we validate we expecting that result is: false" classname="com.tim.one.validator.PaypalPaymentCommandValidatorIntegrationSpec" time="0.012"/>
  <testcase name="When we have an user with id null, and an amount to transfer 0.01 &#10;  when we validate we expecting that result is: false" classname="com.tim.one.validator.PaypalPaymentCommandValidatorIntegrationSpec" time="0.012"/>
  <testcase name="When we have an user with id 51d172788b034b738565f7dd4d4cb2fe, and an amount to transfer 0.00 &#10;  when we validate we expecting that result is: false" classname="com.tim.one.validator.PaypalPaymentCommandValidatorIntegrationSpec" time="0.012"/>
  <testcase name="When we have an user with id 51d172788b034b738565f7dd4d4cb2fe, and an amount to transfer -10.00 &#10;  when we validate we expecting that result is: false" classname="com.tim.one.validator.PaypalPaymentCommandValidatorIntegrationSpec" time="0.01"/>
  <testcase name="When we have an user with id 51d172788b034b738565f7dd4d4cb2fe, and an amount to transfer null &#10;  when we validate we expecting that result is: false" classname="com.tim.one.validator.PaypalPaymentCommandValidatorIntegrationSpec" time="0.01"/>
  <system-out><![CDATA[2015-05-20 12:04:29,817 DEBUG [Test worker] (AbstractFallbackTransactionAttributeSource.java:108) - Adding transactional method 'PaypalPaymentCommandValidatorIntegrationSpec.$spock_feature_0_0' with attribute: PROPAGATION_REQUIRED,ISOLATION_DEFAULT; ''
2015-05-20 12:04:29,819  INFO [Test worker] (TransactionalTestExecutionListener.java:276) - Began transaction (1) for test context [DefaultTestContext@5c366b0b testClass = PaypalPaymentCommandValidatorIntegrationSpec, testInstance = com.tim.one.validator.PaypalPaymentCommandValidatorIntegrationSpec@78adce78, testMethod = $spock_feature_0_0@PaypalPaymentCommandValidatorIntegrationSpec, testException = [null], mergedContextConfiguration = [MergedContextConfiguration@5ace662d testClass = PaypalPaymentCommandValidatorIntegrationSpec, locations = '{classpath:/services-appctx.xml, classpath:/persistence-appctx.xml, classpath:/jms-appctx.xml, classpath:/mail-context.xml, classpath:/transaction-appctx.xml, classpath:/formatter-appctx.xml, classpath:/stp-appctx.xml, classpath:/aop-appctx.xml, classpath:/properties-appctx.xml}', classes = '{}', contextInitializerClasses = '[]', activeProfiles = '{}', contextLoader = 'org.springframework.test.context.support.DelegatingSmartContextLoader', parent = [null]]]; transaction manager [org.springframework.orm.jpa.JpaTransactionManager@5f5ca74d]; rollback [true]
2015-05-20 12:04:29,833  INFO [Test worker] (?:?) - violations:0
2015-05-20 12:04:29,835  INFO [Test worker] (TransactionalTestExecutionListener.java:298) - Rolled back transaction after test execution for test context [DefaultTestContext@5c366b0b testClass = PaypalPaymentCommandValidatorIntegrationSpec, testInstance = com.tim.one.validator.PaypalPaymentCommandValidatorIntegrationSpec@78adce78, testMethod = $spock_feature_0_0@PaypalPaymentCommandValidatorIntegrationSpec, testException = [null], mergedContextConfiguration = [MergedContextConfiguration@5ace662d testClass = PaypalPaymentCommandValidatorIntegrationSpec, locations = '{classpath:/services-appctx.xml, classpath:/persistence-appctx.xml, classpath:/jms-appctx.xml, classpath:/mail-context.xml, classpath:/transaction-appctx.xml, classpath:/formatter-appctx.xml, classpath:/stp-appctx.xml, classpath:/aop-appctx.xml, classpath:/properties-appctx.xml}', classes = '{}', contextInitializerClasses = '[]', activeProfiles = '{}', contextLoader = 'org.springframework.test.context.support.DelegatingSmartContextLoader', parent = [null]]]
2015-05-20 12:04:29,838  INFO [Test worker] (TransactionalTestExecutionListener.java:276) - Began transaction (2) for test context [DefaultTestContext@5c366b0b testClass = PaypalPaymentCommandValidatorIntegrationSpec, testInstance = com.tim.one.validator.PaypalPaymentCommandValidatorIntegrationSpec@1848971, testMethod = $spock_feature_0_0@PaypalPaymentCommandValidatorIntegrationSpec, testException = [null], mergedContextConfiguration = [MergedContextConfiguration@5ace662d testClass = PaypalPaymentCommandValidatorIntegrationSpec, locations = '{classpath:/services-appctx.xml, classpath:/persistence-appctx.xml, classpath:/jms-appctx.xml, classpath:/mail-context.xml, classpath:/transaction-appctx.xml, classpath:/formatter-appctx.xml, classpath:/stp-appctx.xml, classpath:/aop-appctx.xml, classpath:/properties-appctx.xml}', classes = '{}', contextInitializerClasses = '[]', activeProfiles = '{}', contextLoader = 'org.springframework.test.context.support.DelegatingSmartContextLoader', parent = [null]]]; transaction manager [org.springframework.orm.jpa.JpaTransactionManager@5f5ca74d]; rollback [true]
2015-05-20 12:04:29,846  INFO [Test worker] (?:?) - violations:1
2015-05-20 12:04:29,847  INFO [Test worker] (?:?) - field:userUuid
2015-05-20 12:04:29,847  INFO [Test worker] (?:?) - message:size must be between 32 and 32
2015-05-20 12:04:29,848  INFO [Test worker] (TransactionalTestExecutionListener.java:298) - Rolled back transaction after test execution for test context [DefaultTestContext@5c366b0b testClass = PaypalPaymentCommandValidatorIntegrationSpec, testInstance = com.tim.one.validator.PaypalPaymentCommandValidatorIntegrationSpec@1848971, testMethod = $spock_feature_0_0@PaypalPaymentCommandValidatorIntegrationSpec, testException = [null], mergedContextConfiguration = [MergedContextConfiguration@5ace662d testClass = PaypalPaymentCommandValidatorIntegrationSpec, locations = '{classpath:/services-appctx.xml, classpath:/persistence-appctx.xml, classpath:/jms-appctx.xml, classpath:/mail-context.xml, classpath:/transaction-appctx.xml, classpath:/formatter-appctx.xml, classpath:/stp-appctx.xml, classpath:/aop-appctx.xml, classpath:/properties-appctx.xml}', classes = '{}', contextInitializerClasses = '[]', activeProfiles = '{}', contextLoader = 'org.springframework.test.context.support.DelegatingSmartContextLoader', parent = [null]]]
2015-05-20 12:04:29,851  INFO [Test worker] (TransactionalTestExecutionListener.java:276) - Began transaction (3) for test context [DefaultTestContext@5c366b0b testClass = PaypalPaymentCommandValidatorIntegrationSpec, testInstance = com.tim.one.validator.PaypalPaymentCommandValidatorIntegrationSpec@6115468c, testMethod = $spock_feature_0_0@PaypalPaymentCommandValidatorIntegrationSpec, testException = [null], mergedContextConfiguration = [MergedContextConfiguration@5ace662d testClass = PaypalPaymentCommandValidatorIntegrationSpec, locations = '{classpath:/services-appctx.xml, classpath:/persistence-appctx.xml, classpath:/jms-appctx.xml, classpath:/mail-context.xml, classpath:/transaction-appctx.xml, classpath:/formatter-appctx.xml, classpath:/stp-appctx.xml, classpath:/aop-appctx.xml, classpath:/properties-appctx.xml}', classes = '{}', contextInitializerClasses = '[]', activeProfiles = '{}', contextLoader = 'org.springframework.test.context.support.DelegatingSmartContextLoader', parent = [null]]]; transaction manager [org.springframework.orm.jpa.JpaTransactionManager@5f5ca74d]; rollback [true]
2015-05-20 12:04:29,860  INFO [Test worker] (?:?) - violations:1
2015-05-20 12:04:29,860  INFO [Test worker] (?:?) - field:userUuid
2015-05-20 12:04:29,861  INFO [Test worker] (?:?) - message:size must be between 32 and 32
2015-05-20 12:04:29,862  INFO [Test worker] (TransactionalTestExecutionListener.java:298) - Rolled back transaction after test execution for test context [DefaultTestContext@5c366b0b testClass = PaypalPaymentCommandValidatorIntegrationSpec, testInstance = com.tim.one.validator.PaypalPaymentCommandValidatorIntegrationSpec@6115468c, testMethod = $spock_feature_0_0@PaypalPaymentCommandValidatorIntegrationSpec, testException = [null], mergedContextConfiguration = [MergedContextConfiguration@5ace662d testClass = PaypalPaymentCommandValidatorIntegrationSpec, locations = '{classpath:/services-appctx.xml, classpath:/persistence-appctx.xml, classpath:/jms-appctx.xml, classpath:/mail-context.xml, classpath:/transaction-appctx.xml, classpath:/formatter-appctx.xml, classpath:/stp-appctx.xml, classpath:/aop-appctx.xml, classpath:/properties-appctx.xml}', classes = '{}', contextInitializerClasses = '[]', activeProfiles = '{}', contextLoader = 'org.springframework.test.context.support.DelegatingSmartContextLoader', parent = [null]]]
2015-05-20 12:04:29,865  INFO [Test worker] (TransactionalTestExecutionListener.java:276) - Began transaction (4) for test context [DefaultTestContext@5c366b0b testClass = PaypalPaymentCommandValidatorIntegrationSpec, testInstance = com.tim.one.validator.PaypalPaymentCommandValidatorIntegrationSpec@5383f282, testMethod = $spock_feature_0_0@PaypalPaymentCommandValidatorIntegrationSpec, testException = [null], mergedContextConfiguration = [MergedContextConfiguration@5ace662d testClass = PaypalPaymentCommandValidatorIntegrationSpec, locations = '{classpath:/services-appctx.xml, classpath:/persistence-appctx.xml, classpath:/jms-appctx.xml, classpath:/mail-context.xml, classpath:/transaction-appctx.xml, classpath:/formatter-appctx.xml, classpath:/stp-appctx.xml, classpath:/aop-appctx.xml, classpath:/properties-appctx.xml}', classes = '{}', contextInitializerClasses = '[]', activeProfiles = '{}', contextLoader = 'org.springframework.test.context.support.DelegatingSmartContextLoader', parent = [null]]]; transaction manager [org.springframework.orm.jpa.JpaTransactionManager@5f5ca74d]; rollback [true]
2015-05-20 12:04:29,872  INFO [Test worker] (?:?) - violations:1
2015-05-20 12:04:29,873  INFO [Test worker] (?:?) - field:userUuid
2015-05-20 12:04:29,873  INFO [Test worker] (?:?) - message:size must be between 32 and 32
2015-05-20 12:04:29,874  INFO [Test worker] (TransactionalTestExecutionListener.java:298) - Rolled back transaction after test execution for test context [DefaultTestContext@5c366b0b testClass = PaypalPaymentCommandValidatorIntegrationSpec, testInstance = com.tim.one.validator.PaypalPaymentCommandValidatorIntegrationSpec@5383f282, testMethod = $spock_feature_0_0@PaypalPaymentCommandValidatorIntegrationSpec, testException = [null], mergedContextConfiguration = [MergedContextConfiguration@5ace662d testClass = PaypalPaymentCommandValidatorIntegrationSpec, locations = '{classpath:/services-appctx.xml, classpath:/persistence-appctx.xml, classpath:/jms-appctx.xml, classpath:/mail-context.xml, classpath:/transaction-appctx.xml, classpath:/formatter-appctx.xml, classpath:/stp-appctx.xml, classpath:/aop-appctx.xml, classpath:/properties-appctx.xml}', classes = '{}', contextInitializerClasses = '[]', activeProfiles = '{}', contextLoader = 'org.springframework.test.context.support.DelegatingSmartContextLoader', parent = [null]]]
2015-05-20 12:04:29,877  INFO [Test worker] (TransactionalTestExecutionListener.java:276) - Began transaction (5) for test context [DefaultTestContext@5c366b0b testClass = PaypalPaymentCommandValidatorIntegrationSpec, testInstance = com.tim.one.validator.PaypalPaymentCommandValidatorIntegrationSpec@37c8f277, testMethod = $spock_feature_0_0@PaypalPaymentCommandValidatorIntegrationSpec, testException = [null], mergedContextConfiguration = [MergedContextConfiguration@5ace662d testClass = PaypalPaymentCommandValidatorIntegrationSpec, locations = '{classpath:/services-appctx.xml, classpath:/persistence-appctx.xml, classpath:/jms-appctx.xml, classpath:/mail-context.xml, classpath:/transaction-appctx.xml, classpath:/formatter-appctx.xml, classpath:/stp-appctx.xml, classpath:/aop-appctx.xml, classpath:/properties-appctx.xml}', classes = '{}', contextInitializerClasses = '[]', activeProfiles = '{}', contextLoader = 'org.springframework.test.context.support.DelegatingSmartContextLoader', parent = [null]]]; transaction manager [org.springframework.orm.jpa.JpaTransactionManager@5f5ca74d]; rollback [true]
2015-05-20 12:04:29,885  INFO [Test worker] (?:?) - violations:1
2015-05-20 12:04:29,885  INFO [Test worker] (?:?) - field:userUuid
2015-05-20 12:04:29,885  INFO [Test worker] (?:?) - message:may not be null
2015-05-20 12:04:29,886  INFO [Test worker] (TransactionalTestExecutionListener.java:298) - Rolled back transaction after test execution for test context [DefaultTestContext@5c366b0b testClass = PaypalPaymentCommandValidatorIntegrationSpec, testInstance = com.tim.one.validator.PaypalPaymentCommandValidatorIntegrationSpec@37c8f277, testMethod = $spock_feature_0_0@PaypalPaymentCommandValidatorIntegrationSpec, testException = [null], mergedContextConfiguration = [MergedContextConfiguration@5ace662d testClass = PaypalPaymentCommandValidatorIntegrationSpec, locations = '{classpath:/services-appctx.xml, classpath:/persistence-appctx.xml, classpath:/jms-appctx.xml, classpath:/mail-context.xml, classpath:/transaction-appctx.xml, classpath:/formatter-appctx.xml, classpath:/stp-appctx.xml, classpath:/aop-appctx.xml, classpath:/properties-appctx.xml}', classes = '{}', contextInitializerClasses = '[]', activeProfiles = '{}', contextLoader = 'org.springframework.test.context.support.DelegatingSmartContextLoader', parent = [null]]]
2015-05-20 12:04:29,890  INFO [Test worker] (TransactionalTestExecutionListener.java:276) - Began transaction (6) for test context [DefaultTestContext@5c366b0b testClass = PaypalPaymentCommandValidatorIntegrationSpec, testInstance = com.tim.one.validator.PaypalPaymentCommandValidatorIntegrationSpec@6692780a, testMethod = $spock_feature_0_0@PaypalPaymentCommandValidatorIntegrationSpec, testException = [null], mergedContextConfiguration = [MergedContextConfiguration@5ace662d testClass = PaypalPaymentCommandValidatorIntegrationSpec, locations = '{classpath:/services-appctx.xml, classpath:/persistence-appctx.xml, classpath:/jms-appctx.xml, classpath:/mail-context.xml, classpath:/transaction-appctx.xml, classpath:/formatter-appctx.xml, classpath:/stp-appctx.xml, classpath:/aop-appctx.xml, classpath:/properties-appctx.xml}', classes = '{}', contextInitializerClasses = '[]', activeProfiles = '{}', contextLoader = 'org.springframework.test.context.support.DelegatingSmartContextLoader', parent = [null]]]; transaction manager [org.springframework.orm.jpa.JpaTransactionManager@5f5ca74d]; rollback [true]
2015-05-20 12:04:29,897  INFO [Test worker] (?:?) - violations:1
2015-05-20 12:04:29,898  INFO [Test worker] (?:?) - field:amount
2015-05-20 12:04:29,898  INFO [Test worker] (?:?) - message:must be greater than or equal to 0.01
2015-05-20 12:04:29,899  INFO [Test worker] (TransactionalTestExecutionListener.java:298) - Rolled back transaction after test execution for test context [DefaultTestContext@5c366b0b testClass = PaypalPaymentCommandValidatorIntegrationSpec, testInstance = com.tim.one.validator.PaypalPaymentCommandValidatorIntegrationSpec@6692780a, testMethod = $spock_feature_0_0@PaypalPaymentCommandValidatorIntegrationSpec, testException = [null], mergedContextConfiguration = [MergedContextConfiguration@5ace662d testClass = PaypalPaymentCommandValidatorIntegrationSpec, locations = '{classpath:/services-appctx.xml, classpath:/persistence-appctx.xml, classpath:/jms-appctx.xml, classpath:/mail-context.xml, classpath:/transaction-appctx.xml, classpath:/formatter-appctx.xml, classpath:/stp-appctx.xml, classpath:/aop-appctx.xml, classpath:/properties-appctx.xml}', classes = '{}', contextInitializerClasses = '[]', activeProfiles = '{}', contextLoader = 'org.springframework.test.context.support.DelegatingSmartContextLoader', parent = [null]]]
2015-05-20 12:04:29,902  INFO [Test worker] (TransactionalTestExecutionListener.java:276) - Began transaction (7) for test context [DefaultTestContext@5c366b0b testClass = PaypalPaymentCommandValidatorIntegrationSpec, testInstance = com.tim.one.validator.PaypalPaymentCommandValidatorIntegrationSpec@1055cc82, testMethod = $spock_feature_0_0@PaypalPaymentCommandValidatorIntegrationSpec, testException = [null], mergedContextConfiguration = [MergedContextConfiguration@5ace662d testClass = PaypalPaymentCommandValidatorIntegrationSpec, locations = '{classpath:/services-appctx.xml, classpath:/persistence-appctx.xml, classpath:/jms-appctx.xml, classpath:/mail-context.xml, classpath:/transaction-appctx.xml, classpath:/formatter-appctx.xml, classpath:/stp-appctx.xml, classpath:/aop-appctx.xml, classpath:/properties-appctx.xml}', classes = '{}', contextInitializerClasses = '[]', activeProfiles = '{}', contextLoader = 'org.springframework.test.context.support.DelegatingSmartContextLoader', parent = [null]]]; transaction manager [org.springframework.orm.jpa.JpaTransactionManager@5f5ca74d]; rollback [true]
2015-05-20 12:04:29,908  INFO [Test worker] (?:?) - violations:1
2015-05-20 12:04:29,908  INFO [Test worker] (?:?) - field:amount
2015-05-20 12:04:29,908  INFO [Test worker] (?:?) - message:must be greater than or equal to 0.01
2015-05-20 12:04:29,909  INFO [Test worker] (TransactionalTestExecutionListener.java:298) - Rolled back transaction after test execution for test context [DefaultTestContext@5c366b0b testClass = PaypalPaymentCommandValidatorIntegrationSpec, testInstance = com.tim.one.validator.PaypalPaymentCommandValidatorIntegrationSpec@1055cc82, testMethod = $spock_feature_0_0@PaypalPaymentCommandValidatorIntegrationSpec, testException = [null], mergedContextConfiguration = [MergedContextConfiguration@5ace662d testClass = PaypalPaymentCommandValidatorIntegrationSpec, locations = '{classpath:/services-appctx.xml, classpath:/persistence-appctx.xml, classpath:/jms-appctx.xml, classpath:/mail-context.xml, classpath:/transaction-appctx.xml, classpath:/formatter-appctx.xml, classpath:/stp-appctx.xml, classpath:/aop-appctx.xml, classpath:/properties-appctx.xml}', classes = '{}', contextInitializerClasses = '[]', activeProfiles = '{}', contextLoader = 'org.springframework.test.context.support.DelegatingSmartContextLoader', parent = [null]]]
2015-05-20 12:04:29,912  INFO [Test worker] (TransactionalTestExecutionListener.java:276) - Began transaction (8) for test context [DefaultTestContext@5c366b0b testClass = PaypalPaymentCommandValidatorIntegrationSpec, testInstance = com.tim.one.validator.PaypalPaymentCommandValidatorIntegrationSpec@4d2c7c70, testMethod = $spock_feature_0_0@PaypalPaymentCommandValidatorIntegrationSpec, testException = [null], mergedContextConfiguration = [MergedContextConfiguration@5ace662d testClass = PaypalPaymentCommandValidatorIntegrationSpec, locations = '{classpath:/services-appctx.xml, classpath:/persistence-appctx.xml, classpath:/jms-appctx.xml, classpath:/mail-context.xml, classpath:/transaction-appctx.xml, classpath:/formatter-appctx.xml, classpath:/stp-appctx.xml, classpath:/aop-appctx.xml, classpath:/properties-appctx.xml}', classes = '{}', contextInitializerClasses = '[]', activeProfiles = '{}', contextLoader = 'org.springframework.test.context.support.DelegatingSmartContextLoader', parent = [null]]]; transaction manager [org.springframework.orm.jpa.JpaTransactionManager@5f5ca74d]; rollback [true]
2015-05-20 12:04:29,918  INFO [Test worker] (?:?) - violations:1
2015-05-20 12:04:29,919  INFO [Test worker] (?:?) - field:amount
2015-05-20 12:04:29,919  INFO [Test worker] (?:?) - message:may not be null
2015-05-20 12:04:29,920  INFO [Test worker] (TransactionalTestExecutionListener.java:298) - Rolled back transaction after test execution for test context [DefaultTestContext@5c366b0b testClass = PaypalPaymentCommandValidatorIntegrationSpec, testInstance = com.tim.one.validator.PaypalPaymentCommandValidatorIntegrationSpec@4d2c7c70, testMethod = $spock_feature_0_0@PaypalPaymentCommandValidatorIntegrationSpec, testException = [null], mergedContextConfiguration = [MergedContextConfiguration@5ace662d testClass = PaypalPaymentCommandValidatorIntegrationSpec, locations = '{classpath:/services-appctx.xml, classpath:/persistence-appctx.xml, classpath:/jms-appctx.xml, classpath:/mail-context.xml, classpath:/transaction-appctx.xml, classpath:/formatter-appctx.xml, classpath:/stp-appctx.xml, classpath:/aop-appctx.xml, classpath:/properties-appctx.xml}', classes = '{}', contextInitializerClasses = '[]', activeProfiles = '{}', contextLoader = 'org.springframework.test.context.support.DelegatingSmartContextLoader', parent = [null]]]
]]></system-out>
  <system-err><![CDATA[]]></system-err>
</testsuite>
