<?xml version="1.0" encoding="UTF-8"?>
<testsuite name="com.tim.one.validator.IntegraCashoutCommandValidatorIntegrationSpec" tests="14" skipped="0" failures="0" errors="0" timestamp="2015-05-20T17:04:31" hostname="josdem-Inspiron-5420" time="0.159">
  <properties/>
  <testcase name="When we have a user with 51d172788b034b738565f7dd4d4cb2fe as id, and 014180605638266336 as clabe and 40014 as bank code and &#10;&#9;is trying to transfer 0.01 when we validate we expecting that result is: true" classname="com.tim.one.validator.IntegraCashoutCommandValidatorIntegrationSpec" time="0.028"/>
  <testcase name="When we have a user with null as id, and 014180605638266336 as clabe and 40014 as bank code and &#10;&#9;is trying to transfer 0.01 when we validate we expecting that result is: false" classname="com.tim.one.validator.IntegraCashoutCommandValidatorIntegrationSpec" time="0.012"/>
  <testcase name="When we have a user with 1 as id, and 014180605638266336 as clabe and 40014 as bank code and &#10;&#9;is trying to transfer 0.01 when we validate we expecting that result is: false" classname="com.tim.one.validator.IntegraCashoutCommandValidatorIntegrationSpec" time="0.01"/>
  <testcase name="When we have a user with 51d172788b034b738565f7dd4d4cb2fe1 as id, and 014180605638266336 as clabe and 40014 as bank code and &#10;&#9;is trying to transfer 0.01 when we validate we expecting that result is: false" classname="com.tim.one.validator.IntegraCashoutCommandValidatorIntegrationSpec" time="0.009"/>
  <testcase name="When we have a user with  as id, and 014180605638266336 as clabe and 40014 as bank code and &#10;&#9;is trying to transfer 0.01 when we validate we expecting that result is: false" classname="com.tim.one.validator.IntegraCashoutCommandValidatorIntegrationSpec" time="0.009"/>
  <testcase name="When we have a user with 51d172788b034b738565f7dd4d4cb2fe as id, and null as clabe and 40014 as bank code and &#10;&#9;is trying to transfer 0.01 when we validate we expecting that result is: false" classname="com.tim.one.validator.IntegraCashoutCommandValidatorIntegrationSpec" time="0.011"/>
  <testcase name="When we have a user with 51d172788b034b738565f7dd4d4cb2fe as id, and  as clabe and 40014 as bank code and &#10;&#9;is trying to transfer 0.01 when we validate we expecting that result is: false" classname="com.tim.one.validator.IntegraCashoutCommandValidatorIntegrationSpec" time="0.009"/>
  <testcase name="When we have a user with 51d172788b034b738565f7dd4d4cb2fe as id, and 0 as clabe and 40014 as bank code and &#10;&#9;is trying to transfer 0.01 when we validate we expecting that result is: false" classname="com.tim.one.validator.IntegraCashoutCommandValidatorIntegrationSpec" time="0.01"/>
  <testcase name="When we have a user with 51d172788b034b738565f7dd4d4cb2fe as id, and 0141806056382663361 as clabe and 40014 as bank code and &#10;&#9;is trying to transfer 0.01 when we validate we expecting that result is: false" classname="com.tim.one.validator.IntegraCashoutCommandValidatorIntegrationSpec" time="0.009"/>
  <testcase name="When we have a user with 51d172788b034b738565f7dd4d4cb2fe as id, and 014180605638266336 as clabe and 40014 as bank code and &#10;&#9;is trying to transfer 0.00 when we validate we expecting that result is: false" classname="com.tim.one.validator.IntegraCashoutCommandValidatorIntegrationSpec" time="0.009"/>
  <testcase name="When we have a user with 51d172788b034b738565f7dd4d4cb2fe as id, and 014180605638266336 as clabe and 40014 as bank code and &#10;&#9;is trying to transfer null when we validate we expecting that result is: false" classname="com.tim.one.validator.IntegraCashoutCommandValidatorIntegrationSpec" time="0.009"/>
  <testcase name="When we have a user with 51d172788b034b738565f7dd4d4cb2fe as id, and 014180605638266336 as clabe and 40014 as bank code and &#10;&#9;is trying to transfer -10.00 when we validate we expecting that result is: false" classname="com.tim.one.validator.IntegraCashoutCommandValidatorIntegrationSpec" time="0.008"/>
  <testcase name="When we have a user with &lt;script&gt;alert('josdem')&lt;/script&gt; as id, and 014180605638266336 as clabe and 40014 as bank code and &#10;&#9;is trying to transfer 0.01 when we validate we expecting that result is: false" classname="com.tim.one.validator.IntegraCashoutCommandValidatorIntegrationSpec" time="0.009"/>
  <testcase name="When we have a user with 51d172788b034b738565f7dd4d4cb2fe as id, and &lt;script&gt;&lt;/script&gt; as clabe and 40014 as bank code and &#10;&#9;is trying to transfer 0.01 when we validate we expecting that result is: false" classname="com.tim.one.validator.IntegraCashoutCommandValidatorIntegrationSpec" time="0.008"/>
  <system-out><![CDATA[2015-05-20 12:04:31,529 DEBUG [Test worker] (AbstractFallbackTransactionAttributeSource.java:108) - Adding transactional method 'IntegraCashoutCommandValidatorIntegrationSpec.$spock_feature_0_0' with attribute: PROPAGATION_REQUIRED,ISOLATION_DEFAULT; ''
2015-05-20 12:04:31,531  INFO [Test worker] (TransactionalTestExecutionListener.java:276) - Began transaction (1) for test context [DefaultTestContext@2d06caab testClass = IntegraCashoutCommandValidatorIntegrationSpec, testInstance = com.tim.one.validator.IntegraCashoutCommandValidatorIntegrationSpec@18e3b7a5, testMethod = $spock_feature_0_0@IntegraCashoutCommandValidatorIntegrationSpec, testException = [null], mergedContextConfiguration = [MergedContextConfiguration@e2dbe67 testClass = IntegraCashoutCommandValidatorIntegrationSpec, locations = '{classpath:/services-appctx.xml, classpath:/persistence-appctx.xml, classpath:/jms-appctx.xml, classpath:/mail-context.xml, classpath:/transaction-appctx.xml, classpath:/formatter-appctx.xml, classpath:/stp-appctx.xml, classpath:/aop-appctx.xml, classpath:/properties-appctx.xml}', classes = '{}', contextInitializerClasses = '[]', activeProfiles = '{}', contextLoader = 'org.springframework.test.context.support.DelegatingSmartContextLoader', parent = [null]]]; transaction manager [org.springframework.orm.jpa.JpaTransactionManager@5f5ca74d]; rollback [true]
2015-05-20 12:04:31,543  INFO [Test worker] (?:?) - violations:0
2015-05-20 12:04:31,544  INFO [Test worker] (TransactionalTestExecutionListener.java:298) - Rolled back transaction after test execution for test context [DefaultTestContext@2d06caab testClass = IntegraCashoutCommandValidatorIntegrationSpec, testInstance = com.tim.one.validator.IntegraCashoutCommandValidatorIntegrationSpec@18e3b7a5, testMethod = $spock_feature_0_0@IntegraCashoutCommandValidatorIntegrationSpec, testException = [null], mergedContextConfiguration = [MergedContextConfiguration@e2dbe67 testClass = IntegraCashoutCommandValidatorIntegrationSpec, locations = '{classpath:/services-appctx.xml, classpath:/persistence-appctx.xml, classpath:/jms-appctx.xml, classpath:/mail-context.xml, classpath:/transaction-appctx.xml, classpath:/formatter-appctx.xml, classpath:/stp-appctx.xml, classpath:/aop-appctx.xml, classpath:/properties-appctx.xml}', classes = '{}', contextInitializerClasses = '[]', activeProfiles = '{}', contextLoader = 'org.springframework.test.context.support.DelegatingSmartContextLoader', parent = [null]]]
2015-05-20 12:04:31,547  INFO [Test worker] (TransactionalTestExecutionListener.java:276) - Began transaction (2) for test context [DefaultTestContext@2d06caab testClass = IntegraCashoutCommandValidatorIntegrationSpec, testInstance = com.tim.one.validator.IntegraCashoutCommandValidatorIntegrationSpec@5cef1994, testMethod = $spock_feature_0_0@IntegraCashoutCommandValidatorIntegrationSpec, testException = [null], mergedContextConfiguration = [MergedContextConfiguration@e2dbe67 testClass = IntegraCashoutCommandValidatorIntegrationSpec, locations = '{classpath:/services-appctx.xml, classpath:/persistence-appctx.xml, classpath:/jms-appctx.xml, classpath:/mail-context.xml, classpath:/transaction-appctx.xml, classpath:/formatter-appctx.xml, classpath:/stp-appctx.xml, classpath:/aop-appctx.xml, classpath:/properties-appctx.xml}', classes = '{}', contextInitializerClasses = '[]', activeProfiles = '{}', contextLoader = 'org.springframework.test.context.support.DelegatingSmartContextLoader', parent = [null]]]; transaction manager [org.springframework.orm.jpa.JpaTransactionManager@5f5ca74d]; rollback [true]
2015-05-20 12:04:31,555  INFO [Test worker] (?:?) - violations:1
2015-05-20 12:04:31,555  INFO [Test worker] (?:?) - field:uuid
2015-05-20 12:04:31,556  INFO [Test worker] (?:?) - message:may not be null
2015-05-20 12:04:31,556  INFO [Test worker] (TransactionalTestExecutionListener.java:298) - Rolled back transaction after test execution for test context [DefaultTestContext@2d06caab testClass = IntegraCashoutCommandValidatorIntegrationSpec, testInstance = com.tim.one.validator.IntegraCashoutCommandValidatorIntegrationSpec@5cef1994, testMethod = $spock_feature_0_0@IntegraCashoutCommandValidatorIntegrationSpec, testException = [null], mergedContextConfiguration = [MergedContextConfiguration@e2dbe67 testClass = IntegraCashoutCommandValidatorIntegrationSpec, locations = '{classpath:/services-appctx.xml, classpath:/persistence-appctx.xml, classpath:/jms-appctx.xml, classpath:/mail-context.xml, classpath:/transaction-appctx.xml, classpath:/formatter-appctx.xml, classpath:/stp-appctx.xml, classpath:/aop-appctx.xml, classpath:/properties-appctx.xml}', classes = '{}', contextInitializerClasses = '[]', activeProfiles = '{}', contextLoader = 'org.springframework.test.context.support.DelegatingSmartContextLoader', parent = [null]]]
2015-05-20 12:04:31,559  INFO [Test worker] (TransactionalTestExecutionListener.java:276) - Began transaction (3) for test context [DefaultTestContext@2d06caab testClass = IntegraCashoutCommandValidatorIntegrationSpec, testInstance = com.tim.one.validator.IntegraCashoutCommandValidatorIntegrationSpec@568beaa1, testMethod = $spock_feature_0_0@IntegraCashoutCommandValidatorIntegrationSpec, testException = [null], mergedContextConfiguration = [MergedContextConfiguration@e2dbe67 testClass = IntegraCashoutCommandValidatorIntegrationSpec, locations = '{classpath:/services-appctx.xml, classpath:/persistence-appctx.xml, classpath:/jms-appctx.xml, classpath:/mail-context.xml, classpath:/transaction-appctx.xml, classpath:/formatter-appctx.xml, classpath:/stp-appctx.xml, classpath:/aop-appctx.xml, classpath:/properties-appctx.xml}', classes = '{}', contextInitializerClasses = '[]', activeProfiles = '{}', contextLoader = 'org.springframework.test.context.support.DelegatingSmartContextLoader', parent = [null]]]; transaction manager [org.springframework.orm.jpa.JpaTransactionManager@5f5ca74d]; rollback [true]
2015-05-20 12:04:31,565  INFO [Test worker] (?:?) - violations:1
2015-05-20 12:04:31,566  INFO [Test worker] (?:?) - field:uuid
2015-05-20 12:04:31,566  INFO [Test worker] (?:?) - message:size must be between 32 and 32
2015-05-20 12:04:31,567  INFO [Test worker] (TransactionalTestExecutionListener.java:298) - Rolled back transaction after test execution for test context [DefaultTestContext@2d06caab testClass = IntegraCashoutCommandValidatorIntegrationSpec, testInstance = com.tim.one.validator.IntegraCashoutCommandValidatorIntegrationSpec@568beaa1, testMethod = $spock_feature_0_0@IntegraCashoutCommandValidatorIntegrationSpec, testException = [null], mergedContextConfiguration = [MergedContextConfiguration@e2dbe67 testClass = IntegraCashoutCommandValidatorIntegrationSpec, locations = '{classpath:/services-appctx.xml, classpath:/persistence-appctx.xml, classpath:/jms-appctx.xml, classpath:/mail-context.xml, classpath:/transaction-appctx.xml, classpath:/formatter-appctx.xml, classpath:/stp-appctx.xml, classpath:/aop-appctx.xml, classpath:/properties-appctx.xml}', classes = '{}', contextInitializerClasses = '[]', activeProfiles = '{}', contextLoader = 'org.springframework.test.context.support.DelegatingSmartContextLoader', parent = [null]]]
2015-05-20 12:04:31,570  INFO [Test worker] (TransactionalTestExecutionListener.java:276) - Began transaction (4) for test context [DefaultTestContext@2d06caab testClass = IntegraCashoutCommandValidatorIntegrationSpec, testInstance = com.tim.one.validator.IntegraCashoutCommandValidatorIntegrationSpec@762efb4d, testMethod = $spock_feature_0_0@IntegraCashoutCommandValidatorIntegrationSpec, testException = [null], mergedContextConfiguration = [MergedContextConfiguration@e2dbe67 testClass = IntegraCashoutCommandValidatorIntegrationSpec, locations = '{classpath:/services-appctx.xml, classpath:/persistence-appctx.xml, classpath:/jms-appctx.xml, classpath:/mail-context.xml, classpath:/transaction-appctx.xml, classpath:/formatter-appctx.xml, classpath:/stp-appctx.xml, classpath:/aop-appctx.xml, classpath:/properties-appctx.xml}', classes = '{}', contextInitializerClasses = '[]', activeProfiles = '{}', contextLoader = 'org.springframework.test.context.support.DelegatingSmartContextLoader', parent = [null]]]; transaction manager [org.springframework.orm.jpa.JpaTransactionManager@5f5ca74d]; rollback [true]
2015-05-20 12:04:31,576  INFO [Test worker] (?:?) - violations:1
2015-05-20 12:04:31,576  INFO [Test worker] (?:?) - field:uuid
2015-05-20 12:04:31,576  INFO [Test worker] (?:?) - message:size must be between 32 and 32
2015-05-20 12:04:31,577  INFO [Test worker] (TransactionalTestExecutionListener.java:298) - Rolled back transaction after test execution for test context [DefaultTestContext@2d06caab testClass = IntegraCashoutCommandValidatorIntegrationSpec, testInstance = com.tim.one.validator.IntegraCashoutCommandValidatorIntegrationSpec@762efb4d, testMethod = $spock_feature_0_0@IntegraCashoutCommandValidatorIntegrationSpec, testException = [null], mergedContextConfiguration = [MergedContextConfiguration@e2dbe67 testClass = IntegraCashoutCommandValidatorIntegrationSpec, locations = '{classpath:/services-appctx.xml, classpath:/persistence-appctx.xml, classpath:/jms-appctx.xml, classpath:/mail-context.xml, classpath:/transaction-appctx.xml, classpath:/formatter-appctx.xml, classpath:/stp-appctx.xml, classpath:/aop-appctx.xml, classpath:/properties-appctx.xml}', classes = '{}', contextInitializerClasses = '[]', activeProfiles = '{}', contextLoader = 'org.springframework.test.context.support.DelegatingSmartContextLoader', parent = [null]]]
2015-05-20 12:04:31,579  INFO [Test worker] (TransactionalTestExecutionListener.java:276) - Began transaction (5) for test context [DefaultTestContext@2d06caab testClass = IntegraCashoutCommandValidatorIntegrationSpec, testInstance = com.tim.one.validator.IntegraCashoutCommandValidatorIntegrationSpec@62e08426, testMethod = $spock_feature_0_0@IntegraCashoutCommandValidatorIntegrationSpec, testException = [null], mergedContextConfiguration = [MergedContextConfiguration@e2dbe67 testClass = IntegraCashoutCommandValidatorIntegrationSpec, locations = '{classpath:/services-appctx.xml, classpath:/persistence-appctx.xml, classpath:/jms-appctx.xml, classpath:/mail-context.xml, classpath:/transaction-appctx.xml, classpath:/formatter-appctx.xml, classpath:/stp-appctx.xml, classpath:/aop-appctx.xml, classpath:/properties-appctx.xml}', classes = '{}', contextInitializerClasses = '[]', activeProfiles = '{}', contextLoader = 'org.springframework.test.context.support.DelegatingSmartContextLoader', parent = [null]]]; transaction manager [org.springframework.orm.jpa.JpaTransactionManager@5f5ca74d]; rollback [true]
2015-05-20 12:04:31,584  INFO [Test worker] (?:?) - violations:1
2015-05-20 12:04:31,585  INFO [Test worker] (?:?) - field:uuid
2015-05-20 12:04:31,585  INFO [Test worker] (?:?) - message:size must be between 32 and 32
2015-05-20 12:04:31,586  INFO [Test worker] (TransactionalTestExecutionListener.java:298) - Rolled back transaction after test execution for test context [DefaultTestContext@2d06caab testClass = IntegraCashoutCommandValidatorIntegrationSpec, testInstance = com.tim.one.validator.IntegraCashoutCommandValidatorIntegrationSpec@62e08426, testMethod = $spock_feature_0_0@IntegraCashoutCommandValidatorIntegrationSpec, testException = [null], mergedContextConfiguration = [MergedContextConfiguration@e2dbe67 testClass = IntegraCashoutCommandValidatorIntegrationSpec, locations = '{classpath:/services-appctx.xml, classpath:/persistence-appctx.xml, classpath:/jms-appctx.xml, classpath:/mail-context.xml, classpath:/transaction-appctx.xml, classpath:/formatter-appctx.xml, classpath:/stp-appctx.xml, classpath:/aop-appctx.xml, classpath:/properties-appctx.xml}', classes = '{}', contextInitializerClasses = '[]', activeProfiles = '{}', contextLoader = 'org.springframework.test.context.support.DelegatingSmartContextLoader', parent = [null]]]
2015-05-20 12:04:31,590  INFO [Test worker] (TransactionalTestExecutionListener.java:276) - Began transaction (6) for test context [DefaultTestContext@2d06caab testClass = IntegraCashoutCommandValidatorIntegrationSpec, testInstance = com.tim.one.validator.IntegraCashoutCommandValidatorIntegrationSpec@75fa6e9, testMethod = $spock_feature_0_0@IntegraCashoutCommandValidatorIntegrationSpec, testException = [null], mergedContextConfiguration = [MergedContextConfiguration@e2dbe67 testClass = IntegraCashoutCommandValidatorIntegrationSpec, locations = '{classpath:/services-appctx.xml, classpath:/persistence-appctx.xml, classpath:/jms-appctx.xml, classpath:/mail-context.xml, classpath:/transaction-appctx.xml, classpath:/formatter-appctx.xml, classpath:/stp-appctx.xml, classpath:/aop-appctx.xml, classpath:/properties-appctx.xml}', classes = '{}', contextInitializerClasses = '[]', activeProfiles = '{}', contextLoader = 'org.springframework.test.context.support.DelegatingSmartContextLoader', parent = [null]]]; transaction manager [org.springframework.orm.jpa.JpaTransactionManager@5f5ca74d]; rollback [true]
2015-05-20 12:04:31,597  INFO [Test worker] (?:?) - violations:1
2015-05-20 12:04:31,597  INFO [Test worker] (?:?) - field:clabe
2015-05-20 12:04:31,597  INFO [Test worker] (?:?) - message:may not be null
2015-05-20 12:04:31,599  INFO [Test worker] (TransactionalTestExecutionListener.java:298) - Rolled back transaction after test execution for test context [DefaultTestContext@2d06caab testClass = IntegraCashoutCommandValidatorIntegrationSpec, testInstance = com.tim.one.validator.IntegraCashoutCommandValidatorIntegrationSpec@75fa6e9, testMethod = $spock_feature_0_0@IntegraCashoutCommandValidatorIntegrationSpec, testException = [null], mergedContextConfiguration = [MergedContextConfiguration@e2dbe67 testClass = IntegraCashoutCommandValidatorIntegrationSpec, locations = '{classpath:/services-appctx.xml, classpath:/persistence-appctx.xml, classpath:/jms-appctx.xml, classpath:/mail-context.xml, classpath:/transaction-appctx.xml, classpath:/formatter-appctx.xml, classpath:/stp-appctx.xml, classpath:/aop-appctx.xml, classpath:/properties-appctx.xml}', classes = '{}', contextInitializerClasses = '[]', activeProfiles = '{}', contextLoader = 'org.springframework.test.context.support.DelegatingSmartContextLoader', parent = [null]]]
2015-05-20 12:04:31,601  INFO [Test worker] (TransactionalTestExecutionListener.java:276) - Began transaction (7) for test context [DefaultTestContext@2d06caab testClass = IntegraCashoutCommandValidatorIntegrationSpec, testInstance = com.tim.one.validator.IntegraCashoutCommandValidatorIntegrationSpec@594ce9ff, testMethod = $spock_feature_0_0@IntegraCashoutCommandValidatorIntegrationSpec, testException = [null], mergedContextConfiguration = [MergedContextConfiguration@e2dbe67 testClass = IntegraCashoutCommandValidatorIntegrationSpec, locations = '{classpath:/services-appctx.xml, classpath:/persistence-appctx.xml, classpath:/jms-appctx.xml, classpath:/mail-context.xml, classpath:/transaction-appctx.xml, classpath:/formatter-appctx.xml, classpath:/stp-appctx.xml, classpath:/aop-appctx.xml, classpath:/properties-appctx.xml}', classes = '{}', contextInitializerClasses = '[]', activeProfiles = '{}', contextLoader = 'org.springframework.test.context.support.DelegatingSmartContextLoader', parent = [null]]]; transaction manager [org.springframework.orm.jpa.JpaTransactionManager@5f5ca74d]; rollback [true]
2015-05-20 12:04:31,608  INFO [Test worker] (?:?) - violations:1
2015-05-20 12:04:31,608  INFO [Test worker] (?:?) - field:clabe
2015-05-20 12:04:31,608  INFO [Test worker] (?:?) - message:size must be between 18 and 18
2015-05-20 12:04:31,609  INFO [Test worker] (TransactionalTestExecutionListener.java:298) - Rolled back transaction after test execution for test context [DefaultTestContext@2d06caab testClass = IntegraCashoutCommandValidatorIntegrationSpec, testInstance = com.tim.one.validator.IntegraCashoutCommandValidatorIntegrationSpec@594ce9ff, testMethod = $spock_feature_0_0@IntegraCashoutCommandValidatorIntegrationSpec, testException = [null], mergedContextConfiguration = [MergedContextConfiguration@e2dbe67 testClass = IntegraCashoutCommandValidatorIntegrationSpec, locations = '{classpath:/services-appctx.xml, classpath:/persistence-appctx.xml, classpath:/jms-appctx.xml, classpath:/mail-context.xml, classpath:/transaction-appctx.xml, classpath:/formatter-appctx.xml, classpath:/stp-appctx.xml, classpath:/aop-appctx.xml, classpath:/properties-appctx.xml}', classes = '{}', contextInitializerClasses = '[]', activeProfiles = '{}', contextLoader = 'org.springframework.test.context.support.DelegatingSmartContextLoader', parent = [null]]]
2015-05-20 12:04:31,611  INFO [Test worker] (TransactionalTestExecutionListener.java:276) - Began transaction (8) for test context [DefaultTestContext@2d06caab testClass = IntegraCashoutCommandValidatorIntegrationSpec, testInstance = com.tim.one.validator.IntegraCashoutCommandValidatorIntegrationSpec@3dd0127, testMethod = $spock_feature_0_0@IntegraCashoutCommandValidatorIntegrationSpec, testException = [null], mergedContextConfiguration = [MergedContextConfiguration@e2dbe67 testClass = IntegraCashoutCommandValidatorIntegrationSpec, locations = '{classpath:/services-appctx.xml, classpath:/persistence-appctx.xml, classpath:/jms-appctx.xml, classpath:/mail-context.xml, classpath:/transaction-appctx.xml, classpath:/formatter-appctx.xml, classpath:/stp-appctx.xml, classpath:/aop-appctx.xml, classpath:/properties-appctx.xml}', classes = '{}', contextInitializerClasses = '[]', activeProfiles = '{}', contextLoader = 'org.springframework.test.context.support.DelegatingSmartContextLoader', parent = [null]]]; transaction manager [org.springframework.orm.jpa.JpaTransactionManager@5f5ca74d]; rollback [true]
2015-05-20 12:04:31,618  INFO [Test worker] (?:?) - violations:1
2015-05-20 12:04:31,618  INFO [Test worker] (?:?) - field:clabe
2015-05-20 12:04:31,619  INFO [Test worker] (?:?) - message:size must be between 18 and 18
2015-05-20 12:04:31,620  INFO [Test worker] (TransactionalTestExecutionListener.java:298) - Rolled back transaction after test execution for test context [DefaultTestContext@2d06caab testClass = IntegraCashoutCommandValidatorIntegrationSpec, testInstance = com.tim.one.validator.IntegraCashoutCommandValidatorIntegrationSpec@3dd0127, testMethod = $spock_feature_0_0@IntegraCashoutCommandValidatorIntegrationSpec, testException = [null], mergedContextConfiguration = [MergedContextConfiguration@e2dbe67 testClass = IntegraCashoutCommandValidatorIntegrationSpec, locations = '{classpath:/services-appctx.xml, classpath:/persistence-appctx.xml, classpath:/jms-appctx.xml, classpath:/mail-context.xml, classpath:/transaction-appctx.xml, classpath:/formatter-appctx.xml, classpath:/stp-appctx.xml, classpath:/aop-appctx.xml, classpath:/properties-appctx.xml}', classes = '{}', contextInitializerClasses = '[]', activeProfiles = '{}', contextLoader = 'org.springframework.test.context.support.DelegatingSmartContextLoader', parent = [null]]]
2015-05-20 12:04:31,622  INFO [Test worker] (TransactionalTestExecutionListener.java:276) - Began transaction (9) for test context [DefaultTestContext@2d06caab testClass = IntegraCashoutCommandValidatorIntegrationSpec, testInstance = com.tim.one.validator.IntegraCashoutCommandValidatorIntegrationSpec@653bfd10, testMethod = $spock_feature_0_0@IntegraCashoutCommandValidatorIntegrationSpec, testException = [null], mergedContextConfiguration = [MergedContextConfiguration@e2dbe67 testClass = IntegraCashoutCommandValidatorIntegrationSpec, locations = '{classpath:/services-appctx.xml, classpath:/persistence-appctx.xml, classpath:/jms-appctx.xml, classpath:/mail-context.xml, classpath:/transaction-appctx.xml, classpath:/formatter-appctx.xml, classpath:/stp-appctx.xml, classpath:/aop-appctx.xml, classpath:/properties-appctx.xml}', classes = '{}', contextInitializerClasses = '[]', activeProfiles = '{}', contextLoader = 'org.springframework.test.context.support.DelegatingSmartContextLoader', parent = [null]]]; transaction manager [org.springframework.orm.jpa.JpaTransactionManager@5f5ca74d]; rollback [true]
2015-05-20 12:04:31,629  INFO [Test worker] (?:?) - violations:1
2015-05-20 12:04:31,629  INFO [Test worker] (?:?) - field:clabe
2015-05-20 12:04:31,629  INFO [Test worker] (?:?) - message:size must be between 18 and 18
2015-05-20 12:04:31,630  INFO [Test worker] (TransactionalTestExecutionListener.java:298) - Rolled back transaction after test execution for test context [DefaultTestContext@2d06caab testClass = IntegraCashoutCommandValidatorIntegrationSpec, testInstance = com.tim.one.validator.IntegraCashoutCommandValidatorIntegrationSpec@653bfd10, testMethod = $spock_feature_0_0@IntegraCashoutCommandValidatorIntegrationSpec, testException = [null], mergedContextConfiguration = [MergedContextConfiguration@e2dbe67 testClass = IntegraCashoutCommandValidatorIntegrationSpec, locations = '{classpath:/services-appctx.xml, classpath:/persistence-appctx.xml, classpath:/jms-appctx.xml, classpath:/mail-context.xml, classpath:/transaction-appctx.xml, classpath:/formatter-appctx.xml, classpath:/stp-appctx.xml, classpath:/aop-appctx.xml, classpath:/properties-appctx.xml}', classes = '{}', contextInitializerClasses = '[]', activeProfiles = '{}', contextLoader = 'org.springframework.test.context.support.DelegatingSmartContextLoader', parent = [null]]]
2015-05-20 12:04:31,632  INFO [Test worker] (TransactionalTestExecutionListener.java:276) - Began transaction (10) for test context [DefaultTestContext@2d06caab testClass = IntegraCashoutCommandValidatorIntegrationSpec, testInstance = com.tim.one.validator.IntegraCashoutCommandValidatorIntegrationSpec@53cae514, testMethod = $spock_feature_0_0@IntegraCashoutCommandValidatorIntegrationSpec, testException = [null], mergedContextConfiguration = [MergedContextConfiguration@e2dbe67 testClass = IntegraCashoutCommandValidatorIntegrationSpec, locations = '{classpath:/services-appctx.xml, classpath:/persistence-appctx.xml, classpath:/jms-appctx.xml, classpath:/mail-context.xml, classpath:/transaction-appctx.xml, classpath:/formatter-appctx.xml, classpath:/stp-appctx.xml, classpath:/aop-appctx.xml, classpath:/properties-appctx.xml}', classes = '{}', contextInitializerClasses = '[]', activeProfiles = '{}', contextLoader = 'org.springframework.test.context.support.DelegatingSmartContextLoader', parent = [null]]]; transaction manager [org.springframework.orm.jpa.JpaTransactionManager@5f5ca74d]; rollback [true]
2015-05-20 12:04:31,638  INFO [Test worker] (?:?) - violations:1
2015-05-20 12:04:31,638  INFO [Test worker] (?:?) - field:amount
2015-05-20 12:04:31,638  INFO [Test worker] (?:?) - message:must be greater than or equal to 0.01
2015-05-20 12:04:31,639  INFO [Test worker] (TransactionalTestExecutionListener.java:298) - Rolled back transaction after test execution for test context [DefaultTestContext@2d06caab testClass = IntegraCashoutCommandValidatorIntegrationSpec, testInstance = com.tim.one.validator.IntegraCashoutCommandValidatorIntegrationSpec@53cae514, testMethod = $spock_feature_0_0@IntegraCashoutCommandValidatorIntegrationSpec, testException = [null], mergedContextConfiguration = [MergedContextConfiguration@e2dbe67 testClass = IntegraCashoutCommandValidatorIntegrationSpec, locations = '{classpath:/services-appctx.xml, classpath:/persistence-appctx.xml, classpath:/jms-appctx.xml, classpath:/mail-context.xml, classpath:/transaction-appctx.xml, classpath:/formatter-appctx.xml, classpath:/stp-appctx.xml, classpath:/aop-appctx.xml, classpath:/properties-appctx.xml}', classes = '{}', contextInitializerClasses = '[]', activeProfiles = '{}', contextLoader = 'org.springframework.test.context.support.DelegatingSmartContextLoader', parent = [null]]]
2015-05-20 12:04:31,642  INFO [Test worker] (TransactionalTestExecutionListener.java:276) - Began transaction (11) for test context [DefaultTestContext@2d06caab testClass = IntegraCashoutCommandValidatorIntegrationSpec, testInstance = com.tim.one.validator.IntegraCashoutCommandValidatorIntegrationSpec@35b267c0, testMethod = $spock_feature_0_0@IntegraCashoutCommandValidatorIntegrationSpec, testException = [null], mergedContextConfiguration = [MergedContextConfiguration@e2dbe67 testClass = IntegraCashoutCommandValidatorIntegrationSpec, locations = '{classpath:/services-appctx.xml, classpath:/persistence-appctx.xml, classpath:/jms-appctx.xml, classpath:/mail-context.xml, classpath:/transaction-appctx.xml, classpath:/formatter-appctx.xml, classpath:/stp-appctx.xml, classpath:/aop-appctx.xml, classpath:/properties-appctx.xml}', classes = '{}', contextInitializerClasses = '[]', activeProfiles = '{}', contextLoader = 'org.springframework.test.context.support.DelegatingSmartContextLoader', parent = [null]]]; transaction manager [org.springframework.orm.jpa.JpaTransactionManager@5f5ca74d]; rollback [true]
2015-05-20 12:04:31,647  INFO [Test worker] (?:?) - violations:1
2015-05-20 12:04:31,648  INFO [Test worker] (?:?) - field:amount
2015-05-20 12:04:31,648  INFO [Test worker] (?:?) - message:may not be null
2015-05-20 12:04:31,649  INFO [Test worker] (TransactionalTestExecutionListener.java:298) - Rolled back transaction after test execution for test context [DefaultTestContext@2d06caab testClass = IntegraCashoutCommandValidatorIntegrationSpec, testInstance = com.tim.one.validator.IntegraCashoutCommandValidatorIntegrationSpec@35b267c0, testMethod = $spock_feature_0_0@IntegraCashoutCommandValidatorIntegrationSpec, testException = [null], mergedContextConfiguration = [MergedContextConfiguration@e2dbe67 testClass = IntegraCashoutCommandValidatorIntegrationSpec, locations = '{classpath:/services-appctx.xml, classpath:/persistence-appctx.xml, classpath:/jms-appctx.xml, classpath:/mail-context.xml, classpath:/transaction-appctx.xml, classpath:/formatter-appctx.xml, classpath:/stp-appctx.xml, classpath:/aop-appctx.xml, classpath:/properties-appctx.xml}', classes = '{}', contextInitializerClasses = '[]', activeProfiles = '{}', contextLoader = 'org.springframework.test.context.support.DelegatingSmartContextLoader', parent = [null]]]
2015-05-20 12:04:31,651  INFO [Test worker] (TransactionalTestExecutionListener.java:276) - Began transaction (12) for test context [DefaultTestContext@2d06caab testClass = IntegraCashoutCommandValidatorIntegrationSpec, testInstance = com.tim.one.validator.IntegraCashoutCommandValidatorIntegrationSpec@69890a31, testMethod = $spock_feature_0_0@IntegraCashoutCommandValidatorIntegrationSpec, testException = [null], mergedContextConfiguration = [MergedContextConfiguration@e2dbe67 testClass = IntegraCashoutCommandValidatorIntegrationSpec, locations = '{classpath:/services-appctx.xml, classpath:/persistence-appctx.xml, classpath:/jms-appctx.xml, classpath:/mail-context.xml, classpath:/transaction-appctx.xml, classpath:/formatter-appctx.xml, classpath:/stp-appctx.xml, classpath:/aop-appctx.xml, classpath:/properties-appctx.xml}', classes = '{}', contextInitializerClasses = '[]', activeProfiles = '{}', contextLoader = 'org.springframework.test.context.support.DelegatingSmartContextLoader', parent = [null]]]; transaction manager [org.springframework.orm.jpa.JpaTransactionManager@5f5ca74d]; rollback [true]
2015-05-20 12:04:31,656  INFO [Test worker] (?:?) - violations:1
2015-05-20 12:04:31,656  INFO [Test worker] (?:?) - field:amount
2015-05-20 12:04:31,656  INFO [Test worker] (?:?) - message:must be greater than or equal to 0.01
2015-05-20 12:04:31,657  INFO [Test worker] (TransactionalTestExecutionListener.java:298) - Rolled back transaction after test execution for test context [DefaultTestContext@2d06caab testClass = IntegraCashoutCommandValidatorIntegrationSpec, testInstance = com.tim.one.validator.IntegraCashoutCommandValidatorIntegrationSpec@69890a31, testMethod = $spock_feature_0_0@IntegraCashoutCommandValidatorIntegrationSpec, testException = [null], mergedContextConfiguration = [MergedContextConfiguration@e2dbe67 testClass = IntegraCashoutCommandValidatorIntegrationSpec, locations = '{classpath:/services-appctx.xml, classpath:/persistence-appctx.xml, classpath:/jms-appctx.xml, classpath:/mail-context.xml, classpath:/transaction-appctx.xml, classpath:/formatter-appctx.xml, classpath:/stp-appctx.xml, classpath:/aop-appctx.xml, classpath:/properties-appctx.xml}', classes = '{}', contextInitializerClasses = '[]', activeProfiles = '{}', contextLoader = 'org.springframework.test.context.support.DelegatingSmartContextLoader', parent = [null]]]
2015-05-20 12:04:31,659  INFO [Test worker] (TransactionalTestExecutionListener.java:276) - Began transaction (13) for test context [DefaultTestContext@2d06caab testClass = IntegraCashoutCommandValidatorIntegrationSpec, testInstance = com.tim.one.validator.IntegraCashoutCommandValidatorIntegrationSpec@34fb5b5e, testMethod = $spock_feature_0_0@IntegraCashoutCommandValidatorIntegrationSpec, testException = [null], mergedContextConfiguration = [MergedContextConfiguration@e2dbe67 testClass = IntegraCashoutCommandValidatorIntegrationSpec, locations = '{classpath:/services-appctx.xml, classpath:/persistence-appctx.xml, classpath:/jms-appctx.xml, classpath:/mail-context.xml, classpath:/transaction-appctx.xml, classpath:/formatter-appctx.xml, classpath:/stp-appctx.xml, classpath:/aop-appctx.xml, classpath:/properties-appctx.xml}', classes = '{}', contextInitializerClasses = '[]', activeProfiles = '{}', contextLoader = 'org.springframework.test.context.support.DelegatingSmartContextLoader', parent = [null]]]; transaction manager [org.springframework.orm.jpa.JpaTransactionManager@5f5ca74d]; rollback [true]
2015-05-20 12:04:31,666  INFO [Test worker] (?:?) - violations:1
2015-05-20 12:04:31,666  INFO [Test worker] (?:?) - field:uuid
2015-05-20 12:04:31,666  INFO [Test worker] (?:?) - message:may have unsafe html content
2015-05-20 12:04:31,667  INFO [Test worker] (TransactionalTestExecutionListener.java:298) - Rolled back transaction after test execution for test context [DefaultTestContext@2d06caab testClass = IntegraCashoutCommandValidatorIntegrationSpec, testInstance = com.tim.one.validator.IntegraCashoutCommandValidatorIntegrationSpec@34fb5b5e, testMethod = $spock_feature_0_0@IntegraCashoutCommandValidatorIntegrationSpec, testException = [null], mergedContextConfiguration = [MergedContextConfiguration@e2dbe67 testClass = IntegraCashoutCommandValidatorIntegrationSpec, locations = '{classpath:/services-appctx.xml, classpath:/persistence-appctx.xml, classpath:/jms-appctx.xml, classpath:/mail-context.xml, classpath:/transaction-appctx.xml, classpath:/formatter-appctx.xml, classpath:/stp-appctx.xml, classpath:/aop-appctx.xml, classpath:/properties-appctx.xml}', classes = '{}', contextInitializerClasses = '[]', activeProfiles = '{}', contextLoader = 'org.springframework.test.context.support.DelegatingSmartContextLoader', parent = [null]]]
2015-05-20 12:04:31,669  INFO [Test worker] (TransactionalTestExecutionListener.java:276) - Began transaction (14) for test context [DefaultTestContext@2d06caab testClass = IntegraCashoutCommandValidatorIntegrationSpec, testInstance = com.tim.one.validator.IntegraCashoutCommandValidatorIntegrationSpec@2fa6d976, testMethod = $spock_feature_0_0@IntegraCashoutCommandValidatorIntegrationSpec, testException = [null], mergedContextConfiguration = [MergedContextConfiguration@e2dbe67 testClass = IntegraCashoutCommandValidatorIntegrationSpec, locations = '{classpath:/services-appctx.xml, classpath:/persistence-appctx.xml, classpath:/jms-appctx.xml, classpath:/mail-context.xml, classpath:/transaction-appctx.xml, classpath:/formatter-appctx.xml, classpath:/stp-appctx.xml, classpath:/aop-appctx.xml, classpath:/properties-appctx.xml}', classes = '{}', contextInitializerClasses = '[]', activeProfiles = '{}', contextLoader = 'org.springframework.test.context.support.DelegatingSmartContextLoader', parent = [null]]]; transaction manager [org.springframework.orm.jpa.JpaTransactionManager@5f5ca74d]; rollback [true]
2015-05-20 12:04:31,674  INFO [Test worker] (?:?) - violations:2
2015-05-20 12:04:31,675  INFO [Test worker] (?:?) - field:clabe
2015-05-20 12:04:31,675  INFO [Test worker] (?:?) - message:may have unsafe html content
2015-05-20 12:04:31,676  INFO [Test worker] (TransactionalTestExecutionListener.java:298) - Rolled back transaction after test execution for test context [DefaultTestContext@2d06caab testClass = IntegraCashoutCommandValidatorIntegrationSpec, testInstance = com.tim.one.validator.IntegraCashoutCommandValidatorIntegrationSpec@2fa6d976, testMethod = $spock_feature_0_0@IntegraCashoutCommandValidatorIntegrationSpec, testException = [null], mergedContextConfiguration = [MergedContextConfiguration@e2dbe67 testClass = IntegraCashoutCommandValidatorIntegrationSpec, locations = '{classpath:/services-appctx.xml, classpath:/persistence-appctx.xml, classpath:/jms-appctx.xml, classpath:/mail-context.xml, classpath:/transaction-appctx.xml, classpath:/formatter-appctx.xml, classpath:/stp-appctx.xml, classpath:/aop-appctx.xml, classpath:/properties-appctx.xml}', classes = '{}', contextInitializerClasses = '[]', activeProfiles = '{}', contextLoader = 'org.springframework.test.context.support.DelegatingSmartContextLoader', parent = [null]]]
]]></system-out>
  <system-err><![CDATA[]]></system-err>
</testsuite>
