<?xml version="1.0" encoding="UTF-8"?>
<testsuite name="com.tim.one.validator.ProjectDeleteUnitSaleCommandValidatorIntegrationSpec" tests="3" skipped="0" failures="0" errors="0" timestamp="2015-05-20T17:04:28" hostname="josdem-Inspiron-5420" time="0.058">
  <properties/>
  <testcase name="When we have an project unit sale with codeSection codeSection&#10;  when we validate we expecting that result is: true" classname="com.tim.one.validator.ProjectDeleteUnitSaleCommandValidatorIntegrationSpec" time="0.035"/>
  <testcase name="When we have an project unit sale with codeSection &#10;  when we validate we expecting that result is: false" classname="com.tim.one.validator.ProjectDeleteUnitSaleCommandValidatorIntegrationSpec" time="0.011"/>
  <testcase name="When we have an project unit sale with codeSection null&#10;  when we validate we expecting that result is: false" classname="com.tim.one.validator.ProjectDeleteUnitSaleCommandValidatorIntegrationSpec" time="0.012"/>
  <system-out><![CDATA[2015-05-20 12:04:28,446 DEBUG [Test worker] (AbstractFallbackTransactionAttributeSource.java:108) - Adding transactional method 'ProjectDeleteUnitSaleCommandValidatorIntegrationSpec.$spock_feature_0_0' with attribute: PROPAGATION_REQUIRED,ISOLATION_DEFAULT; ''
2015-05-20 12:04:28,448  INFO [Test worker] (TransactionalTestExecutionListener.java:276) - Began transaction (1) for test context [DefaultTestContext@297dde3c testClass = ProjectDeleteUnitSaleCommandValidatorIntegrationSpec, testInstance = com.tim.one.validator.ProjectDeleteUnitSaleCommandValidatorIntegrationSpec@6894a6c, testMethod = $spock_feature_0_0@ProjectDeleteUnitSaleCommandValidatorIntegrationSpec, testException = [null], mergedContextConfiguration = [MergedContextConfiguration@1f74fbce testClass = ProjectDeleteUnitSaleCommandValidatorIntegrationSpec, locations = '{classpath:/services-appctx.xml, classpath:/persistence-appctx.xml, classpath:/jms-appctx.xml, classpath:/mail-context.xml, classpath:/transaction-appctx.xml, classpath:/formatter-appctx.xml, classpath:/stp-appctx.xml, classpath:/aop-appctx.xml, classpath:/properties-appctx.xml}', classes = '{}', contextInitializerClasses = '[]', activeProfiles = '{}', contextLoader = 'org.springframework.test.context.support.DelegatingSmartContextLoader', parent = [null]]]; transaction manager [org.springframework.orm.jpa.JpaTransactionManager@5f5ca74d]; rollback [true]
2015-05-20 12:04:28,459  INFO [Test worker] (?:?) - violations:0
2015-05-20 12:04:28,460  INFO [Test worker] (TransactionalTestExecutionListener.java:298) - Rolled back transaction after test execution for test context [DefaultTestContext@297dde3c testClass = ProjectDeleteUnitSaleCommandValidatorIntegrationSpec, testInstance = com.tim.one.validator.ProjectDeleteUnitSaleCommandValidatorIntegrationSpec@6894a6c, testMethod = $spock_feature_0_0@ProjectDeleteUnitSaleCommandValidatorIntegrationSpec, testException = [null], mergedContextConfiguration = [MergedContextConfiguration@1f74fbce testClass = ProjectDeleteUnitSaleCommandValidatorIntegrationSpec, locations = '{classpath:/services-appctx.xml, classpath:/persistence-appctx.xml, classpath:/jms-appctx.xml, classpath:/mail-context.xml, classpath:/transaction-appctx.xml, classpath:/formatter-appctx.xml, classpath:/stp-appctx.xml, classpath:/aop-appctx.xml, classpath:/properties-appctx.xml}', classes = '{}', contextInitializerClasses = '[]', activeProfiles = '{}', contextLoader = 'org.springframework.test.context.support.DelegatingSmartContextLoader', parent = [null]]]
2015-05-20 12:04:28,462  INFO [Test worker] (TransactionalTestExecutionListener.java:276) - Began transaction (2) for test context [DefaultTestContext@297dde3c testClass = ProjectDeleteUnitSaleCommandValidatorIntegrationSpec, testInstance = com.tim.one.validator.ProjectDeleteUnitSaleCommandValidatorIntegrationSpec@55a6338b, testMethod = $spock_feature_0_0@ProjectDeleteUnitSaleCommandValidatorIntegrationSpec, testException = [null], mergedContextConfiguration = [MergedContextConfiguration@1f74fbce testClass = ProjectDeleteUnitSaleCommandValidatorIntegrationSpec, locations = '{classpath:/services-appctx.xml, classpath:/persistence-appctx.xml, classpath:/jms-appctx.xml, classpath:/mail-context.xml, classpath:/transaction-appctx.xml, classpath:/formatter-appctx.xml, classpath:/stp-appctx.xml, classpath:/aop-appctx.xml, classpath:/properties-appctx.xml}', classes = '{}', contextInitializerClasses = '[]', activeProfiles = '{}', contextLoader = 'org.springframework.test.context.support.DelegatingSmartContextLoader', parent = [null]]]; transaction manager [org.springframework.orm.jpa.JpaTransactionManager@5f5ca74d]; rollback [true]
2015-05-20 12:04:28,469  INFO [Test worker] (?:?) - violations:1
2015-05-20 12:04:28,469  INFO [Test worker] (?:?) - field:codeSection
2015-05-20 12:04:28,469  INFO [Test worker] (?:?) - message:size must be between 1 and 255
2015-05-20 12:04:28,471  INFO [Test worker] (TransactionalTestExecutionListener.java:298) - Rolled back transaction after test execution for test context [DefaultTestContext@297dde3c testClass = ProjectDeleteUnitSaleCommandValidatorIntegrationSpec, testInstance = com.tim.one.validator.ProjectDeleteUnitSaleCommandValidatorIntegrationSpec@55a6338b, testMethod = $spock_feature_0_0@ProjectDeleteUnitSaleCommandValidatorIntegrationSpec, testException = [null], mergedContextConfiguration = [MergedContextConfiguration@1f74fbce testClass = ProjectDeleteUnitSaleCommandValidatorIntegrationSpec, locations = '{classpath:/services-appctx.xml, classpath:/persistence-appctx.xml, classpath:/jms-appctx.xml, classpath:/mail-context.xml, classpath:/transaction-appctx.xml, classpath:/formatter-appctx.xml, classpath:/stp-appctx.xml, classpath:/aop-appctx.xml, classpath:/properties-appctx.xml}', classes = '{}', contextInitializerClasses = '[]', activeProfiles = '{}', contextLoader = 'org.springframework.test.context.support.DelegatingSmartContextLoader', parent = [null]]]
2015-05-20 12:04:28,474  INFO [Test worker] (TransactionalTestExecutionListener.java:276) - Began transaction (3) for test context [DefaultTestContext@297dde3c testClass = ProjectDeleteUnitSaleCommandValidatorIntegrationSpec, testInstance = com.tim.one.validator.ProjectDeleteUnitSaleCommandValidatorIntegrationSpec@4b2f2696, testMethod = $spock_feature_0_0@ProjectDeleteUnitSaleCommandValidatorIntegrationSpec, testException = [null], mergedContextConfiguration = [MergedContextConfiguration@1f74fbce testClass = ProjectDeleteUnitSaleCommandValidatorIntegrationSpec, locations = '{classpath:/services-appctx.xml, classpath:/persistence-appctx.xml, classpath:/jms-appctx.xml, classpath:/mail-context.xml, classpath:/transaction-appctx.xml, classpath:/formatter-appctx.xml, classpath:/stp-appctx.xml, classpath:/aop-appctx.xml, classpath:/properties-appctx.xml}', classes = '{}', contextInitializerClasses = '[]', activeProfiles = '{}', contextLoader = 'org.springframework.test.context.support.DelegatingSmartContextLoader', parent = [null]]]; transaction manager [org.springframework.orm.jpa.JpaTransactionManager@5f5ca74d]; rollback [true]
2015-05-20 12:04:28,482  INFO [Test worker] (?:?) - violations:1
2015-05-20 12:04:28,482  INFO [Test worker] (?:?) - field:codeSection
2015-05-20 12:04:28,483  INFO [Test worker] (?:?) - message:may not be null
2015-05-20 12:04:28,484  INFO [Test worker] (TransactionalTestExecutionListener.java:298) - Rolled back transaction after test execution for test context [DefaultTestContext@297dde3c testClass = ProjectDeleteUnitSaleCommandValidatorIntegrationSpec, testInstance = com.tim.one.validator.ProjectDeleteUnitSaleCommandValidatorIntegrationSpec@4b2f2696, testMethod = $spock_feature_0_0@ProjectDeleteUnitSaleCommandValidatorIntegrationSpec, testException = [null], mergedContextConfiguration = [MergedContextConfiguration@1f74fbce testClass = ProjectDeleteUnitSaleCommandValidatorIntegrationSpec, locations = '{classpath:/services-appctx.xml, classpath:/persistence-appctx.xml, classpath:/jms-appctx.xml, classpath:/mail-context.xml, classpath:/transaction-appctx.xml, classpath:/formatter-appctx.xml, classpath:/stp-appctx.xml, classpath:/aop-appctx.xml, classpath:/properties-appctx.xml}', classes = '{}', contextInitializerClasses = '[]', activeProfiles = '{}', contextLoader = 'org.springframework.test.context.support.DelegatingSmartContextLoader', parent = [null]]]
]]></system-out>
  <system-err><![CDATA[]]></system-err>
</testsuite>
