<?xml version="1.0" encoding="UTF-8"?>
<testsuite name="com.tim.one.controller.TestAccountController" tests="6" skipped="0" failures="0" errors="0" timestamp="2015-05-20T17:04:33" hostname="josdem-Inspiron-5420" time="0.05">
  <properties/>
  <testcase name="shouldGetAccount" classname="com.tim.one.controller.TestAccountController" time="0.031"/>
  <testcase name="shouldNotTransferFundsFromTramaDueNonSufficientFunds" classname="com.tim.one.controller.TestAccountController" time="0.003"/>
  <testcase name="shouldTransferFundsFromTrama" classname="com.tim.one.controller.TestAccountController" time="0.002"/>
  <testcase name="shouldNotTransferFundsFromTramaDueNoValidAccount" classname="com.tim.one.controller.TestAccountController" time="0.003"/>
  <testcase name="shouldNotTransferFundsFromTramaDueInvalidAmount" classname="com.tim.one.controller.TestAccountController" time="0.003"/>
  <testcase name="shouldGetAccountByUserId" classname="com.tim.one.controller.TestAccountController" time="0.003"/>
  <system-out><![CDATA[2015-05-20 12:04:34,020  INFO [Test worker] (AccountController.java:44) - LISTING Account owner's name
2015-05-20 12:04:34,024  INFO [Test worker] (AccountController.java:71) - TRANSFER funds from Trama to Project or User account:accountw/amount: 1000
2015-05-20 12:04:34,026  INFO [Test worker] (AccountController.java:71) - TRANSFER funds from Trama to Project or User account:accountw/amount: 1000
2015-05-20 12:04:34,031  INFO [Test worker] (AccountController.java:71) - TRANSFER funds from Trama to Project or User account:accountw/amount: 1000
2015-05-20 12:04:34,035  INFO [Test worker] (AccountController.java:71) - TRANSFER funds from Trama to Project or User account:accountw/amount: 1000
2015-05-20 12:04:34,039  INFO [Test worker] (AccountController.java:57) - GETTING user's account from userId: userUuid
]]></system-out>
  <system-err><![CDATA[]]></system-err>
</testsuite>
