<?xml version="1.0" encoding="UTF-8"?>
<testsuite name="com.tim.one.controller.TestTransactionController" tests="27" skipped="0" failures="0" errors="0" timestamp="2015-05-20T17:04:34" hostname="josdem-Inspiron-5420" time="0.112">
  <properties/>
  <testcase name="shouldNotTransferFundsDueToUserNotFound" classname="com.tim.one.controller.TestTransactionController" time="0.042"/>
  <testcase name="shouldProducerFunding" classname="com.tim.one.controller.TestTransactionController" time="0.002"/>
  <testcase name="shouldNotSaveProviderPartnershipDueToSettlementProviderPaidException" classname="com.tim.one.controller.TestTransactionController" time="0.002"/>
  <testcase name="shouldSetMaxAmountToTransfer" classname="com.tim.one.controller.TestTransactionController" time="0.002"/>
  <testcase name="shouldGetLimitAmountsToTransfer" classname="com.tim.one.controller.TestTransactionController" time="0.002"/>
  <testcase name="shouldNotSetMaxAmountToTransferDueToNoUserFound" classname="com.tim.one.controller.TestTransactionController" time="0.003"/>
  <testcase name="shouldGetUserTransaction" classname="com.tim.one.controller.TestTransactionController" time="0.002"/>
  <testcase name="shouldNotReturnOfCapitalInjectionDueToNonSufficientFunds" classname="com.tim.one.controller.TestTransactionController" time="0.002"/>
  <testcase name="shouldNotSaveProviderPartnershipDueToAdvanceProviderException" classname="com.tim.one.controller.TestTransactionController" time="0.002"/>
  <testcase name="shouldNotContributeProducerRevenueDueToUserNotFound" classname="com.tim.one.controller.TestTransactionController" time="0.001"/>
  <testcase name="shouldGetProjectStatement" classname="com.tim.one.controller.TestTransactionController" time="0.002"/>
  <testcase name="shouldNotProducerFundingDueToUserNotFoundException" classname="com.tim.one.controller.TestTransactionController" time="0.002"/>
  <testcase name="shouldGetUserStatement" classname="com.tim.one.controller.TestTransactionController" time="0.002"/>
  <testcase name="shouldContributeProducerRevenue" classname="com.tim.one.controller.TestTransactionController" time="0.003"/>
  <testcase name="shouldNotProducerFundingDueToNonSufficientFundsException" classname="com.tim.one.controller.TestTransactionController" time="0.002"/>
  <testcase name="shouldGetBulkTransactions" classname="com.tim.one.controller.TestTransactionController" time="0.005"/>
  <testcase name="shouldDeleteLimitAmountToTransfer" classname="com.tim.one.controller.TestTransactionController" time="0.004"/>
  <testcase name="shouldNotGetTransaction" classname="com.tim.one.controller.TestTransactionController" time="0.005"/>
  <testcase name="shouldGetTransaction" classname="com.tim.one.controller.TestTransactionController" time="0.002"/>
  <testcase name="shouldNotTransferFundsDueToInvalidParameter" classname="com.tim.one.controller.TestTransactionController" time="0.003"/>
  <testcase name="shouldTransferFunds" classname="com.tim.one.controller.TestTransactionController" time="0.002"/>
  <testcase name="shouldNotSaveProviderPartnershipDueToNoProviderException" classname="com.tim.one.controller.TestTransactionController" time="0.002"/>
  <testcase name="shouldNotTransferFundsDueToUserNonSufficientFounds" classname="com.tim.one.controller.TestTransactionController" time="0.002"/>
  <testcase name="shouldNotDeleteLimitAmountToTransferDueToNoTransferUserLimitExist" classname="com.tim.one.controller.TestTransactionController" time="0.003"/>
  <testcase name="shouldReturnOfCapitalInjection" classname="com.tim.one.controller.TestTransactionController" time="0.002"/>
  <testcase name="shouldNotSetMaxAmountToTransferDueToNoValidParameter" classname="com.tim.one.controller.TestTransactionController" time="0.002"/>
  <testcase name="shouldSaveProviderPartnership" classname="com.tim.one.controller.TestTransactionController" time="0.002"/>
  <system-out><![CDATA[2015-05-20 12:04:34,837  INFO [Test worker] (TransactionController.java:167) - Save user's transfer: senderUuid
2015-05-20 12:04:34,839  INFO [Test worker] (TransactionController.java:180) - Save producer's funding
2015-05-20 12:04:34,841  INFO [Test worker] (TransactionController.java:193) - Save provider's partnership
2015-05-20 12:04:34,844  INFO [Test worker] (TransactionController.java:154) - Save user's maximum amount transfer limit
2015-05-20 12:04:34,846  INFO [Test worker] (TransactionController.java:95) - List transaction's limit amounts by userId: userUuid
2015-05-20 12:04:34,848  INFO [Test worker] (TransactionController.java:154) - Save user's maximum amount transfer limit
2015-05-20 12:04:34,851  INFO [Test worker] (TransactionController.java:82) - List user's transaction by id: transactionUuid
2015-05-20 12:04:34,853  INFO [Test worker] (TransactionController.java:234) - Save return of capital injection
2015-05-20 12:04:34,855  INFO [Test worker] (TransactionController.java:193) - Save provider's partnership
2015-05-20 12:04:34,857  INFO [Test worker] (TransactionController.java:221) - Save Producer's partnership
2015-05-20 12:04:34,859  INFO [Test worker] (TransactionController.java:125) - List project's transactions by projectId: projectUuid
2015-05-20 12:04:34,861  INFO [Test worker] (TransactionController.java:180) - Save producer's funding
2015-05-20 12:04:34,863  INFO [Test worker] (TransactionController.java:108) - List user's transactions by userId: userUuid BETWEEN: start AND end
2015-05-20 12:04:34,866  INFO [Test worker] (TransactionController.java:221) - Save Producer's partnership
2015-05-20 12:04:34,868  INFO [Test worker] (TransactionController.java:180) - Save producer's funding
2015-05-20 12:04:34,873  INFO [Test worker] (TransactionController.java:139) - LISTING bulks's transactions by bulkId: bulkUuid
2015-05-20 12:04:34,877  INFO [Test worker] (TransactionController.java:208) - Delete maximum amount transfer limit
2015-05-20 12:04:34,884  INFO [Test worker] (TransactionController.java:69) - List transaction by id: transactionUuid
2015-05-20 12:04:34,886  INFO [Test worker] (TransactionController.java:69) - List transaction by id: transactionUuid
2015-05-20 12:04:34,889  INFO [Test worker] (TransactionController.java:167) - Save user's transfer: senderUuid
2015-05-20 12:04:34,892  INFO [Test worker] (TransactionController.java:167) - Save user's transfer: senderUuid
2015-05-20 12:04:34,894  INFO [Test worker] (TransactionController.java:193) - Save provider's partnership
2015-05-20 12:04:34,896  INFO [Test worker] (TransactionController.java:167) - Save user's transfer: senderUuid
2015-05-20 12:04:34,898  INFO [Test worker] (TransactionController.java:208) - Delete maximum amount transfer limit
2015-05-20 12:04:34,901  INFO [Test worker] (TransactionController.java:234) - Save return of capital injection
2015-05-20 12:04:34,904  INFO [Test worker] (TransactionController.java:154) - Save user's maximum amount transfer limit
2015-05-20 12:04:34,906  INFO [Test worker] (TransactionController.java:193) - Save provider's partnership
]]></system-out>
  <system-err><![CDATA[]]></system-err>
</testsuite>
