<?xml version="1.0" encoding="UTF-8"?>
<testsuite name="com.tim.one.validator.ProjectCreateFinancialDataCommandValidatorIntegrationSpec" tests="16" skipped="0" failures="0" errors="0" timestamp="2015-05-20T17:04:29" hostname="josdem-Inspiron-5420" time="0.396">
  <properties/>
  <testcase name="When we have an project with id as 3d1c68868ba34e8fbcc2c6b51d1e6c30, and this parameters 0, eventCode, section, unitSale,&#10;  capacity, codeSection, productionStartDate, premiereStartDate, premiereEndDate and&#10;  when we validate we expecting that result is: true" classname="com.tim.one.validator.ProjectCreateFinancialDataCommandValidatorIntegrationSpec" time="0.058"/>
  <testcase name="When we have an project with id as &lt;script&gt;alert('hello josdem')&lt;/script&gt;, and this parameters 0, eventCode, section, unitSale,&#10;  capacity, codeSection, productionStartDate, premiereStartDate, premiereEndDate and&#10;  when we validate we expecting that result is: false" classname="com.tim.one.validator.ProjectCreateFinancialDataCommandValidatorIntegrationSpec" time="0.024"/>
  <testcase name="When we have an project with id as 3d1c68868ba34e8fbcc2c6b51d1e6c30w, and this parameters 0, eventCode, section, unitSale,&#10;  capacity, codeSection, productionStartDate, premiereStartDate, premiereEndDate and&#10;  when we validate we expecting that result is: false" classname="com.tim.one.validator.ProjectCreateFinancialDataCommandValidatorIntegrationSpec" time="0.022"/>
  <testcase name="When we have an project with id as 3d1c68868ba34e8fbcc2c6b51d1e6c3, and this parameters 0, eventCode, section, unitSale,&#10;  capacity, codeSection, productionStartDate, premiereStartDate, premiereEndDate and&#10;  when we validate we expecting that result is: false" classname="com.tim.one.validator.ProjectCreateFinancialDataCommandValidatorIntegrationSpec" time="0.023"/>
  <testcase name="When we have an project with id as , and this parameters 0, eventCode, section, unitSale,&#10;  capacity, codeSection, productionStartDate, premiereStartDate, premiereEndDate and&#10;  when we validate we expecting that result is: false" classname="com.tim.one.validator.ProjectCreateFinancialDataCommandValidatorIntegrationSpec" time="0.028"/>
  <testcase name="When we have an project with id as null, and this parameters 0, eventCode, section, unitSale,&#10;  capacity, codeSection, productionStartDate, premiereStartDate, premiereEndDate and&#10;  when we validate we expecting that result is: false" classname="com.tim.one.validator.ProjectCreateFinancialDataCommandValidatorIntegrationSpec" time="0.025"/>
  <testcase name="When we have an project with id as 3d1c68868ba34e8fbcc2c6b51d1e6c30, and this parameters -1, eventCode, section, unitSale,&#10;  capacity, codeSection, productionStartDate, premiereStartDate, premiereEndDate and&#10;  when we validate we expecting that result is: false" classname="com.tim.one.validator.ProjectCreateFinancialDataCommandValidatorIntegrationSpec" time="0.028"/>
  <testcase name="When we have an project with id as 3d1c68868ba34e8fbcc2c6b51d1e6c30, and this parameters 2, eventCode, section, unitSale,&#10;  capacity, codeSection, productionStartDate, premiereStartDate, premiereEndDate and&#10;  when we validate we expecting that result is: false" classname="com.tim.one.validator.ProjectCreateFinancialDataCommandValidatorIntegrationSpec" time="0.026"/>
  <testcase name="When we have an project with id as 3d1c68868ba34e8fbcc2c6b51d1e6c30, and this parameters 0, null, section, unitSale,&#10;  capacity, codeSection, productionStartDate, premiereStartDate, premiereEndDate and&#10;  when we validate we expecting that result is: true" classname="com.tim.one.validator.ProjectCreateFinancialDataCommandValidatorIntegrationSpec" time="0.02"/>
  <testcase name="When we have an project with id as 3d1c68868ba34e8fbcc2c6b51d1e6c30, and this parameters 0, eventCode, null, unitSale,&#10;  capacity, codeSection, productionStartDate, premiereStartDate, premiereEndDate and&#10;  when we validate we expecting that result is: true" classname="com.tim.one.validator.ProjectCreateFinancialDataCommandValidatorIntegrationSpec" time="0.018"/>
  <testcase name="When we have an project with id as 3d1c68868ba34e8fbcc2c6b51d1e6c30, and this parameters 0, eventCode, section, null,&#10;  capacity, codeSection, productionStartDate, premiereStartDate, premiereEndDate and&#10;  when we validate we expecting that result is: true" classname="com.tim.one.validator.ProjectCreateFinancialDataCommandValidatorIntegrationSpec" time="0.015"/>
  <testcase name="When we have an project with id as 3d1c68868ba34e8fbcc2c6b51d1e6c30, and this parameters 0, eventCode, section, unitSale,&#10;  null, codeSection, productionStartDate, premiereStartDate, premiereEndDate and&#10;  when we validate we expecting that result is: true" classname="com.tim.one.validator.ProjectCreateFinancialDataCommandValidatorIntegrationSpec" time="0.017"/>
  <testcase name="When we have an project with id as 3d1c68868ba34e8fbcc2c6b51d1e6c30, and this parameters 0, eventCode, section, unitSale,&#10;  capacity, codeSection, productionStartDate, premiereStartDate, premiereEndDate and&#10;  when we validate we expecting that result is: true" classname="com.tim.one.validator.ProjectCreateFinancialDataCommandValidatorIntegrationSpec" time="0.012"/>
  <testcase name="When we have an project with id as 3d1c68868ba34e8fbcc2c6b51d1e6c30, and this parameters 0, eventCode, section, unitSale,&#10;  capacity, codeSection, null, premiereStartDate, premiereEndDate and&#10;  when we validate we expecting that result is: true" classname="com.tim.one.validator.ProjectCreateFinancialDataCommandValidatorIntegrationSpec" time="0.018"/>
  <testcase name="When we have an project with id as 3d1c68868ba34e8fbcc2c6b51d1e6c30, and this parameters 0, eventCode, section, unitSale,&#10;  capacity, codeSection, productionStartDate, null, premiereEndDate and&#10;  when we validate we expecting that result is: true" classname="com.tim.one.validator.ProjectCreateFinancialDataCommandValidatorIntegrationSpec" time="0.022"/>
  <testcase name="When we have an project with id as 3d1c68868ba34e8fbcc2c6b51d1e6c30, and this parameters 0, eventCode, section, unitSale,&#10;  capacity, codeSection, productionStartDate, premiereStartDate, null and&#10;  when we validate we expecting that result is: true" classname="com.tim.one.validator.ProjectCreateFinancialDataCommandValidatorIntegrationSpec" time="0.028"/>
  <system-out><![CDATA[2015-05-20 12:04:29,405 DEBUG [Test worker] (AbstractFallbackTransactionAttributeSource.java:108) - Adding transactional method 'ProjectCreateFinancialDataCommandValidatorIntegrationSpec.$spock_feature_0_0' with attribute: PROPAGATION_REQUIRED,ISOLATION_DEFAULT; ''
2015-05-20 12:04:29,407  INFO [Test worker] (TransactionalTestExecutionListener.java:276) - Began transaction (1) for test context [DefaultTestContext@6b7f37aa testClass = ProjectCreateFinancialDataCommandValidatorIntegrationSpec, testInstance = com.tim.one.validator.ProjectCreateFinancialDataCommandValidatorIntegrationSpec@6d1fb108, testMethod = $spock_feature_0_0@ProjectCreateFinancialDataCommandValidatorIntegrationSpec, testException = [null], mergedContextConfiguration = [MergedContextConfiguration@3b9fbc30 testClass = ProjectCreateFinancialDataCommandValidatorIntegrationSpec, locations = '{classpath:/services-appctx.xml, classpath:/persistence-appctx.xml, classpath:/jms-appctx.xml, classpath:/mail-context.xml, classpath:/transaction-appctx.xml, classpath:/formatter-appctx.xml, classpath:/stp-appctx.xml, classpath:/aop-appctx.xml, classpath:/properties-appctx.xml}', classes = '{}', contextInitializerClasses = '[]', activeProfiles = '{}', contextLoader = 'org.springframework.test.context.support.DelegatingSmartContextLoader', parent = [null]]]; transaction manager [org.springframework.orm.jpa.JpaTransactionManager@5f5ca74d]; rollback [true]
2015-05-20 12:04:29,444  INFO [Test worker] (?:?) - violations:0
2015-05-20 12:04:29,446  INFO [Test worker] (TransactionalTestExecutionListener.java:298) - Rolled back transaction after test execution for test context [DefaultTestContext@6b7f37aa testClass = ProjectCreateFinancialDataCommandValidatorIntegrationSpec, testInstance = com.tim.one.validator.ProjectCreateFinancialDataCommandValidatorIntegrationSpec@6d1fb108, testMethod = $spock_feature_0_0@ProjectCreateFinancialDataCommandValidatorIntegrationSpec, testException = [null], mergedContextConfiguration = [MergedContextConfiguration@3b9fbc30 testClass = ProjectCreateFinancialDataCommandValidatorIntegrationSpec, locations = '{classpath:/services-appctx.xml, classpath:/persistence-appctx.xml, classpath:/jms-appctx.xml, classpath:/mail-context.xml, classpath:/transaction-appctx.xml, classpath:/formatter-appctx.xml, classpath:/stp-appctx.xml, classpath:/aop-appctx.xml, classpath:/properties-appctx.xml}', classes = '{}', contextInitializerClasses = '[]', activeProfiles = '{}', contextLoader = 'org.springframework.test.context.support.DelegatingSmartContextLoader', parent = [null]]]
2015-05-20 12:04:29,450  INFO [Test worker] (TransactionalTestExecutionListener.java:276) - Began transaction (2) for test context [DefaultTestContext@6b7f37aa testClass = ProjectCreateFinancialDataCommandValidatorIntegrationSpec, testInstance = com.tim.one.validator.ProjectCreateFinancialDataCommandValidatorIntegrationSpec@481b8d5b, testMethod = $spock_feature_0_0@ProjectCreateFinancialDataCommandValidatorIntegrationSpec, testException = [null], mergedContextConfiguration = [MergedContextConfiguration@3b9fbc30 testClass = ProjectCreateFinancialDataCommandValidatorIntegrationSpec, locations = '{classpath:/services-appctx.xml, classpath:/persistence-appctx.xml, classpath:/jms-appctx.xml, classpath:/mail-context.xml, classpath:/transaction-appctx.xml, classpath:/formatter-appctx.xml, classpath:/stp-appctx.xml, classpath:/aop-appctx.xml, classpath:/properties-appctx.xml}', classes = '{}', contextInitializerClasses = '[]', activeProfiles = '{}', contextLoader = 'org.springframework.test.context.support.DelegatingSmartContextLoader', parent = [null]]]; transaction manager [org.springframework.orm.jpa.JpaTransactionManager@5f5ca74d]; rollback [true]
2015-05-20 12:04:29,467  INFO [Test worker] (?:?) - violations:2
2015-05-20 12:04:29,467  INFO [Test worker] (?:?) - field:projectUuid
2015-05-20 12:04:29,468  INFO [Test worker] (?:?) - message:size must be between 32 and 32
2015-05-20 12:04:29,470  INFO [Test worker] (TransactionalTestExecutionListener.java:298) - Rolled back transaction after test execution for test context [DefaultTestContext@6b7f37aa testClass = ProjectCreateFinancialDataCommandValidatorIntegrationSpec, testInstance = com.tim.one.validator.ProjectCreateFinancialDataCommandValidatorIntegrationSpec@481b8d5b, testMethod = $spock_feature_0_0@ProjectCreateFinancialDataCommandValidatorIntegrationSpec, testException = [null], mergedContextConfiguration = [MergedContextConfiguration@3b9fbc30 testClass = ProjectCreateFinancialDataCommandValidatorIntegrationSpec, locations = '{classpath:/services-appctx.xml, classpath:/persistence-appctx.xml, classpath:/jms-appctx.xml, classpath:/mail-context.xml, classpath:/transaction-appctx.xml, classpath:/formatter-appctx.xml, classpath:/stp-appctx.xml, classpath:/aop-appctx.xml, classpath:/properties-appctx.xml}', classes = '{}', contextInitializerClasses = '[]', activeProfiles = '{}', contextLoader = 'org.springframework.test.context.support.DelegatingSmartContextLoader', parent = [null]]]
2015-05-20 12:04:29,475  INFO [Test worker] (TransactionalTestExecutionListener.java:276) - Began transaction (3) for test context [DefaultTestContext@6b7f37aa testClass = ProjectCreateFinancialDataCommandValidatorIntegrationSpec, testInstance = com.tim.one.validator.ProjectCreateFinancialDataCommandValidatorIntegrationSpec@16e05036, testMethod = $spock_feature_0_0@ProjectCreateFinancialDataCommandValidatorIntegrationSpec, testException = [null], mergedContextConfiguration = [MergedContextConfiguration@3b9fbc30 testClass = ProjectCreateFinancialDataCommandValidatorIntegrationSpec, locations = '{classpath:/services-appctx.xml, classpath:/persistence-appctx.xml, classpath:/jms-appctx.xml, classpath:/mail-context.xml, classpath:/transaction-appctx.xml, classpath:/formatter-appctx.xml, classpath:/stp-appctx.xml, classpath:/aop-appctx.xml, classpath:/properties-appctx.xml}', classes = '{}', contextInitializerClasses = '[]', activeProfiles = '{}', contextLoader = 'org.springframework.test.context.support.DelegatingSmartContextLoader', parent = [null]]]; transaction manager [org.springframework.orm.jpa.JpaTransactionManager@5f5ca74d]; rollback [true]
2015-05-20 12:04:29,491  INFO [Test worker] (?:?) - violations:1
2015-05-20 12:04:29,492  INFO [Test worker] (?:?) - field:projectUuid
2015-05-20 12:04:29,492  INFO [Test worker] (?:?) - message:size must be between 32 and 32
2015-05-20 12:04:29,493  INFO [Test worker] (TransactionalTestExecutionListener.java:298) - Rolled back transaction after test execution for test context [DefaultTestContext@6b7f37aa testClass = ProjectCreateFinancialDataCommandValidatorIntegrationSpec, testInstance = com.tim.one.validator.ProjectCreateFinancialDataCommandValidatorIntegrationSpec@16e05036, testMethod = $spock_feature_0_0@ProjectCreateFinancialDataCommandValidatorIntegrationSpec, testException = [null], mergedContextConfiguration = [MergedContextConfiguration@3b9fbc30 testClass = ProjectCreateFinancialDataCommandValidatorIntegrationSpec, locations = '{classpath:/services-appctx.xml, classpath:/persistence-appctx.xml, classpath:/jms-appctx.xml, classpath:/mail-context.xml, classpath:/transaction-appctx.xml, classpath:/formatter-appctx.xml, classpath:/stp-appctx.xml, classpath:/aop-appctx.xml, classpath:/properties-appctx.xml}', classes = '{}', contextInitializerClasses = '[]', activeProfiles = '{}', contextLoader = 'org.springframework.test.context.support.DelegatingSmartContextLoader', parent = [null]]]
2015-05-20 12:04:29,497  INFO [Test worker] (TransactionalTestExecutionListener.java:276) - Began transaction (4) for test context [DefaultTestContext@6b7f37aa testClass = ProjectCreateFinancialDataCommandValidatorIntegrationSpec, testInstance = com.tim.one.validator.ProjectCreateFinancialDataCommandValidatorIntegrationSpec@2e9d5be7, testMethod = $spock_feature_0_0@ProjectCreateFinancialDataCommandValidatorIntegrationSpec, testException = [null], mergedContextConfiguration = [MergedContextConfiguration@3b9fbc30 testClass = ProjectCreateFinancialDataCommandValidatorIntegrationSpec, locations = '{classpath:/services-appctx.xml, classpath:/persistence-appctx.xml, classpath:/jms-appctx.xml, classpath:/mail-context.xml, classpath:/transaction-appctx.xml, classpath:/formatter-appctx.xml, classpath:/stp-appctx.xml, classpath:/aop-appctx.xml, classpath:/properties-appctx.xml}', classes = '{}', contextInitializerClasses = '[]', activeProfiles = '{}', contextLoader = 'org.springframework.test.context.support.DelegatingSmartContextLoader', parent = [null]]]; transaction manager [org.springframework.orm.jpa.JpaTransactionManager@5f5ca74d]; rollback [true]
2015-05-20 12:04:29,513  INFO [Test worker] (?:?) - violations:1
2015-05-20 12:04:29,514  INFO [Test worker] (?:?) - field:projectUuid
2015-05-20 12:04:29,514  INFO [Test worker] (?:?) - message:size must be between 32 and 32
2015-05-20 12:04:29,516  INFO [Test worker] (TransactionalTestExecutionListener.java:298) - Rolled back transaction after test execution for test context [DefaultTestContext@6b7f37aa testClass = ProjectCreateFinancialDataCommandValidatorIntegrationSpec, testInstance = com.tim.one.validator.ProjectCreateFinancialDataCommandValidatorIntegrationSpec@2e9d5be7, testMethod = $spock_feature_0_0@ProjectCreateFinancialDataCommandValidatorIntegrationSpec, testException = [null], mergedContextConfiguration = [MergedContextConfiguration@3b9fbc30 testClass = ProjectCreateFinancialDataCommandValidatorIntegrationSpec, locations = '{classpath:/services-appctx.xml, classpath:/persistence-appctx.xml, classpath:/jms-appctx.xml, classpath:/mail-context.xml, classpath:/transaction-appctx.xml, classpath:/formatter-appctx.xml, classpath:/stp-appctx.xml, classpath:/aop-appctx.xml, classpath:/properties-appctx.xml}', classes = '{}', contextInitializerClasses = '[]', activeProfiles = '{}', contextLoader = 'org.springframework.test.context.support.DelegatingSmartContextLoader', parent = [null]]]
2015-05-20 12:04:29,524  INFO [Test worker] (TransactionalTestExecutionListener.java:276) - Began transaction (5) for test context [DefaultTestContext@6b7f37aa testClass = ProjectCreateFinancialDataCommandValidatorIntegrationSpec, testInstance = com.tim.one.validator.ProjectCreateFinancialDataCommandValidatorIntegrationSpec@3b9fcf1c, testMethod = $spock_feature_0_0@ProjectCreateFinancialDataCommandValidatorIntegrationSpec, testException = [null], mergedContextConfiguration = [MergedContextConfiguration@3b9fbc30 testClass = ProjectCreateFinancialDataCommandValidatorIntegrationSpec, locations = '{classpath:/services-appctx.xml, classpath:/persistence-appctx.xml, classpath:/jms-appctx.xml, classpath:/mail-context.xml, classpath:/transaction-appctx.xml, classpath:/formatter-appctx.xml, classpath:/stp-appctx.xml, classpath:/aop-appctx.xml, classpath:/properties-appctx.xml}', classes = '{}', contextInitializerClasses = '[]', activeProfiles = '{}', contextLoader = 'org.springframework.test.context.support.DelegatingSmartContextLoader', parent = [null]]]; transaction manager [org.springframework.orm.jpa.JpaTransactionManager@5f5ca74d]; rollback [true]
2015-05-20 12:04:29,543  INFO [Test worker] (?:?) - violations:1
2015-05-20 12:04:29,544  INFO [Test worker] (?:?) - field:projectUuid
2015-05-20 12:04:29,545  INFO [Test worker] (?:?) - message:size must be between 32 and 32
2015-05-20 12:04:29,547  INFO [Test worker] (TransactionalTestExecutionListener.java:298) - Rolled back transaction after test execution for test context [DefaultTestContext@6b7f37aa testClass = ProjectCreateFinancialDataCommandValidatorIntegrationSpec, testInstance = com.tim.one.validator.ProjectCreateFinancialDataCommandValidatorIntegrationSpec@3b9fcf1c, testMethod = $spock_feature_0_0@ProjectCreateFinancialDataCommandValidatorIntegrationSpec, testException = [null], mergedContextConfiguration = [MergedContextConfiguration@3b9fbc30 testClass = ProjectCreateFinancialDataCommandValidatorIntegrationSpec, locations = '{classpath:/services-appctx.xml, classpath:/persistence-appctx.xml, classpath:/jms-appctx.xml, classpath:/mail-context.xml, classpath:/transaction-appctx.xml, classpath:/formatter-appctx.xml, classpath:/stp-appctx.xml, classpath:/aop-appctx.xml, classpath:/properties-appctx.xml}', classes = '{}', contextInitializerClasses = '[]', activeProfiles = '{}', contextLoader = 'org.springframework.test.context.support.DelegatingSmartContextLoader', parent = [null]]]
2015-05-20 12:04:29,553  INFO [Test worker] (TransactionalTestExecutionListener.java:276) - Began transaction (6) for test context [DefaultTestContext@6b7f37aa testClass = ProjectCreateFinancialDataCommandValidatorIntegrationSpec, testInstance = com.tim.one.validator.ProjectCreateFinancialDataCommandValidatorIntegrationSpec@354e0ba5, testMethod = $spock_feature_0_0@ProjectCreateFinancialDataCommandValidatorIntegrationSpec, testException = [null], mergedContextConfiguration = [MergedContextConfiguration@3b9fbc30 testClass = ProjectCreateFinancialDataCommandValidatorIntegrationSpec, locations = '{classpath:/services-appctx.xml, classpath:/persistence-appctx.xml, classpath:/jms-appctx.xml, classpath:/mail-context.xml, classpath:/transaction-appctx.xml, classpath:/formatter-appctx.xml, classpath:/stp-appctx.xml, classpath:/aop-appctx.xml, classpath:/properties-appctx.xml}', classes = '{}', contextInitializerClasses = '[]', activeProfiles = '{}', contextLoader = 'org.springframework.test.context.support.DelegatingSmartContextLoader', parent = [null]]]; transaction manager [org.springframework.orm.jpa.JpaTransactionManager@5f5ca74d]; rollback [true]
2015-05-20 12:04:29,572  INFO [Test worker] (?:?) - violations:1
2015-05-20 12:04:29,572  INFO [Test worker] (?:?) - field:projectUuid
2015-05-20 12:04:29,572  INFO [Test worker] (?:?) - message:may not be null
2015-05-20 12:04:29,573  INFO [Test worker] (TransactionalTestExecutionListener.java:298) - Rolled back transaction after test execution for test context [DefaultTestContext@6b7f37aa testClass = ProjectCreateFinancialDataCommandValidatorIntegrationSpec, testInstance = com.tim.one.validator.ProjectCreateFinancialDataCommandValidatorIntegrationSpec@354e0ba5, testMethod = $spock_feature_0_0@ProjectCreateFinancialDataCommandValidatorIntegrationSpec, testException = [null], mergedContextConfiguration = [MergedContextConfiguration@3b9fbc30 testClass = ProjectCreateFinancialDataCommandValidatorIntegrationSpec, locations = '{classpath:/services-appctx.xml, classpath:/persistence-appctx.xml, classpath:/jms-appctx.xml, classpath:/mail-context.xml, classpath:/transaction-appctx.xml, classpath:/formatter-appctx.xml, classpath:/stp-appctx.xml, classpath:/aop-appctx.xml, classpath:/properties-appctx.xml}', classes = '{}', contextInitializerClasses = '[]', activeProfiles = '{}', contextLoader = 'org.springframework.test.context.support.DelegatingSmartContextLoader', parent = [null]]]
2015-05-20 12:04:29,578  INFO [Test worker] (TransactionalTestExecutionListener.java:276) - Began transaction (7) for test context [DefaultTestContext@6b7f37aa testClass = ProjectCreateFinancialDataCommandValidatorIntegrationSpec, testInstance = com.tim.one.validator.ProjectCreateFinancialDataCommandValidatorIntegrationSpec@4a4166f1, testMethod = $spock_feature_0_0@ProjectCreateFinancialDataCommandValidatorIntegrationSpec, testException = [null], mergedContextConfiguration = [MergedContextConfiguration@3b9fbc30 testClass = ProjectCreateFinancialDataCommandValidatorIntegrationSpec, locations = '{classpath:/services-appctx.xml, classpath:/persistence-appctx.xml, classpath:/jms-appctx.xml, classpath:/mail-context.xml, classpath:/transaction-appctx.xml, classpath:/formatter-appctx.xml, classpath:/stp-appctx.xml, classpath:/aop-appctx.xml, classpath:/properties-appctx.xml}', classes = '{}', contextInitializerClasses = '[]', activeProfiles = '{}', contextLoader = 'org.springframework.test.context.support.DelegatingSmartContextLoader', parent = [null]]]; transaction manager [org.springframework.orm.jpa.JpaTransactionManager@5f5ca74d]; rollback [true]
2015-05-20 12:04:29,596  INFO [Test worker] (?:?) - violations:1
2015-05-20 12:04:29,597  INFO [Test worker] (?:?) - field:numberPublic
2015-05-20 12:04:29,598  INFO [Test worker] (?:?) - message:must be between 0 and 1
2015-05-20 12:04:29,601  INFO [Test worker] (TransactionalTestExecutionListener.java:298) - Rolled back transaction after test execution for test context [DefaultTestContext@6b7f37aa testClass = ProjectCreateFinancialDataCommandValidatorIntegrationSpec, testInstance = com.tim.one.validator.ProjectCreateFinancialDataCommandValidatorIntegrationSpec@4a4166f1, testMethod = $spock_feature_0_0@ProjectCreateFinancialDataCommandValidatorIntegrationSpec, testException = [null], mergedContextConfiguration = [MergedContextConfiguration@3b9fbc30 testClass = ProjectCreateFinancialDataCommandValidatorIntegrationSpec, locations = '{classpath:/services-appctx.xml, classpath:/persistence-appctx.xml, classpath:/jms-appctx.xml, classpath:/mail-context.xml, classpath:/transaction-appctx.xml, classpath:/formatter-appctx.xml, classpath:/stp-appctx.xml, classpath:/aop-appctx.xml, classpath:/properties-appctx.xml}', classes = '{}', contextInitializerClasses = '[]', activeProfiles = '{}', contextLoader = 'org.springframework.test.context.support.DelegatingSmartContextLoader', parent = [null]]]
2015-05-20 12:04:29,607  INFO [Test worker] (TransactionalTestExecutionListener.java:276) - Began transaction (8) for test context [DefaultTestContext@6b7f37aa testClass = ProjectCreateFinancialDataCommandValidatorIntegrationSpec, testInstance = com.tim.one.validator.ProjectCreateFinancialDataCommandValidatorIntegrationSpec@28611d65, testMethod = $spock_feature_0_0@ProjectCreateFinancialDataCommandValidatorIntegrationSpec, testException = [null], mergedContextConfiguration = [MergedContextConfiguration@3b9fbc30 testClass = ProjectCreateFinancialDataCommandValidatorIntegrationSpec, locations = '{classpath:/services-appctx.xml, classpath:/persistence-appctx.xml, classpath:/jms-appctx.xml, classpath:/mail-context.xml, classpath:/transaction-appctx.xml, classpath:/formatter-appctx.xml, classpath:/stp-appctx.xml, classpath:/aop-appctx.xml, classpath:/properties-appctx.xml}', classes = '{}', contextInitializerClasses = '[]', activeProfiles = '{}', contextLoader = 'org.springframework.test.context.support.DelegatingSmartContextLoader', parent = [null]]]; transaction manager [org.springframework.orm.jpa.JpaTransactionManager@5f5ca74d]; rollback [true]
2015-05-20 12:04:29,627  INFO [Test worker] (?:?) - violations:1
2015-05-20 12:04:29,628  INFO [Test worker] (?:?) - field:numberPublic
2015-05-20 12:04:29,628  INFO [Test worker] (?:?) - message:must be between 0 and 1
2015-05-20 12:04:29,629  INFO [Test worker] (TransactionalTestExecutionListener.java:298) - Rolled back transaction after test execution for test context [DefaultTestContext@6b7f37aa testClass = ProjectCreateFinancialDataCommandValidatorIntegrationSpec, testInstance = com.tim.one.validator.ProjectCreateFinancialDataCommandValidatorIntegrationSpec@28611d65, testMethod = $spock_feature_0_0@ProjectCreateFinancialDataCommandValidatorIntegrationSpec, testException = [null], mergedContextConfiguration = [MergedContextConfiguration@3b9fbc30 testClass = ProjectCreateFinancialDataCommandValidatorIntegrationSpec, locations = '{classpath:/services-appctx.xml, classpath:/persistence-appctx.xml, classpath:/jms-appctx.xml, classpath:/mail-context.xml, classpath:/transaction-appctx.xml, classpath:/formatter-appctx.xml, classpath:/stp-appctx.xml, classpath:/aop-appctx.xml, classpath:/properties-appctx.xml}', classes = '{}', contextInitializerClasses = '[]', activeProfiles = '{}', contextLoader = 'org.springframework.test.context.support.DelegatingSmartContextLoader', parent = [null]]]
2015-05-20 12:04:29,633  INFO [Test worker] (TransactionalTestExecutionListener.java:276) - Began transaction (9) for test context [DefaultTestContext@6b7f37aa testClass = ProjectCreateFinancialDataCommandValidatorIntegrationSpec, testInstance = com.tim.one.validator.ProjectCreateFinancialDataCommandValidatorIntegrationSpec@3b6738a1, testMethod = $spock_feature_0_0@ProjectCreateFinancialDataCommandValidatorIntegrationSpec, testException = [null], mergedContextConfiguration = [MergedContextConfiguration@3b9fbc30 testClass = ProjectCreateFinancialDataCommandValidatorIntegrationSpec, locations = '{classpath:/services-appctx.xml, classpath:/persistence-appctx.xml, classpath:/jms-appctx.xml, classpath:/mail-context.xml, classpath:/transaction-appctx.xml, classpath:/formatter-appctx.xml, classpath:/stp-appctx.xml, classpath:/aop-appctx.xml, classpath:/properties-appctx.xml}', classes = '{}', contextInitializerClasses = '[]', activeProfiles = '{}', contextLoader = 'org.springframework.test.context.support.DelegatingSmartContextLoader', parent = [null]]]; transaction manager [org.springframework.orm.jpa.JpaTransactionManager@5f5ca74d]; rollback [true]
2015-05-20 12:04:29,647  INFO [Test worker] (?:?) - violations:0
2015-05-20 12:04:29,649  INFO [Test worker] (TransactionalTestExecutionListener.java:298) - Rolled back transaction after test execution for test context [DefaultTestContext@6b7f37aa testClass = ProjectCreateFinancialDataCommandValidatorIntegrationSpec, testInstance = com.tim.one.validator.ProjectCreateFinancialDataCommandValidatorIntegrationSpec@3b6738a1, testMethod = $spock_feature_0_0@ProjectCreateFinancialDataCommandValidatorIntegrationSpec, testException = [null], mergedContextConfiguration = [MergedContextConfiguration@3b9fbc30 testClass = ProjectCreateFinancialDataCommandValidatorIntegrationSpec, locations = '{classpath:/services-appctx.xml, classpath:/persistence-appctx.xml, classpath:/jms-appctx.xml, classpath:/mail-context.xml, classpath:/transaction-appctx.xml, classpath:/formatter-appctx.xml, classpath:/stp-appctx.xml, classpath:/aop-appctx.xml, classpath:/properties-appctx.xml}', classes = '{}', contextInitializerClasses = '[]', activeProfiles = '{}', contextLoader = 'org.springframework.test.context.support.DelegatingSmartContextLoader', parent = [null]]]
2015-05-20 12:04:29,653  INFO [Test worker] (TransactionalTestExecutionListener.java:276) - Began transaction (10) for test context [DefaultTestContext@6b7f37aa testClass = ProjectCreateFinancialDataCommandValidatorIntegrationSpec, testInstance = com.tim.one.validator.ProjectCreateFinancialDataCommandValidatorIntegrationSpec@1b3e9867, testMethod = $spock_feature_0_0@ProjectCreateFinancialDataCommandValidatorIntegrationSpec, testException = [null], mergedContextConfiguration = [MergedContextConfiguration@3b9fbc30 testClass = ProjectCreateFinancialDataCommandValidatorIntegrationSpec, locations = '{classpath:/services-appctx.xml, classpath:/persistence-appctx.xml, classpath:/jms-appctx.xml, classpath:/mail-context.xml, classpath:/transaction-appctx.xml, classpath:/formatter-appctx.xml, classpath:/stp-appctx.xml, classpath:/aop-appctx.xml, classpath:/properties-appctx.xml}', classes = '{}', contextInitializerClasses = '[]', activeProfiles = '{}', contextLoader = 'org.springframework.test.context.support.DelegatingSmartContextLoader', parent = [null]]]; transaction manager [org.springframework.orm.jpa.JpaTransactionManager@5f5ca74d]; rollback [true]
2015-05-20 12:04:29,667  INFO [Test worker] (?:?) - violations:0
2015-05-20 12:04:29,668  INFO [Test worker] (TransactionalTestExecutionListener.java:298) - Rolled back transaction after test execution for test context [DefaultTestContext@6b7f37aa testClass = ProjectCreateFinancialDataCommandValidatorIntegrationSpec, testInstance = com.tim.one.validator.ProjectCreateFinancialDataCommandValidatorIntegrationSpec@1b3e9867, testMethod = $spock_feature_0_0@ProjectCreateFinancialDataCommandValidatorIntegrationSpec, testException = [null], mergedContextConfiguration = [MergedContextConfiguration@3b9fbc30 testClass = ProjectCreateFinancialDataCommandValidatorIntegrationSpec, locations = '{classpath:/services-appctx.xml, classpath:/persistence-appctx.xml, classpath:/jms-appctx.xml, classpath:/mail-context.xml, classpath:/transaction-appctx.xml, classpath:/formatter-appctx.xml, classpath:/stp-appctx.xml, classpath:/aop-appctx.xml, classpath:/properties-appctx.xml}', classes = '{}', contextInitializerClasses = '[]', activeProfiles = '{}', contextLoader = 'org.springframework.test.context.support.DelegatingSmartContextLoader', parent = [null]]]
2015-05-20 12:04:29,671  INFO [Test worker] (TransactionalTestExecutionListener.java:276) - Began transaction (11) for test context [DefaultTestContext@6b7f37aa testClass = ProjectCreateFinancialDataCommandValidatorIntegrationSpec, testInstance = com.tim.one.validator.ProjectCreateFinancialDataCommandValidatorIntegrationSpec@323caf3d, testMethod = $spock_feature_0_0@ProjectCreateFinancialDataCommandValidatorIntegrationSpec, testException = [null], mergedContextConfiguration = [MergedContextConfiguration@3b9fbc30 testClass = ProjectCreateFinancialDataCommandValidatorIntegrationSpec, locations = '{classpath:/services-appctx.xml, classpath:/persistence-appctx.xml, classpath:/jms-appctx.xml, classpath:/mail-context.xml, classpath:/transaction-appctx.xml, classpath:/formatter-appctx.xml, classpath:/stp-appctx.xml, classpath:/aop-appctx.xml, classpath:/properties-appctx.xml}', classes = '{}', contextInitializerClasses = '[]', activeProfiles = '{}', contextLoader = 'org.springframework.test.context.support.DelegatingSmartContextLoader', parent = [null]]]; transaction manager [org.springframework.orm.jpa.JpaTransactionManager@5f5ca74d]; rollback [true]
2015-05-20 12:04:29,682  INFO [Test worker] (?:?) - violations:0
2015-05-20 12:04:29,683  INFO [Test worker] (TransactionalTestExecutionListener.java:298) - Rolled back transaction after test execution for test context [DefaultTestContext@6b7f37aa testClass = ProjectCreateFinancialDataCommandValidatorIntegrationSpec, testInstance = com.tim.one.validator.ProjectCreateFinancialDataCommandValidatorIntegrationSpec@323caf3d, testMethod = $spock_feature_0_0@ProjectCreateFinancialDataCommandValidatorIntegrationSpec, testException = [null], mergedContextConfiguration = [MergedContextConfiguration@3b9fbc30 testClass = ProjectCreateFinancialDataCommandValidatorIntegrationSpec, locations = '{classpath:/services-appctx.xml, classpath:/persistence-appctx.xml, classpath:/jms-appctx.xml, classpath:/mail-context.xml, classpath:/transaction-appctx.xml, classpath:/formatter-appctx.xml, classpath:/stp-appctx.xml, classpath:/aop-appctx.xml, classpath:/properties-appctx.xml}', classes = '{}', contextInitializerClasses = '[]', activeProfiles = '{}', contextLoader = 'org.springframework.test.context.support.DelegatingSmartContextLoader', parent = [null]]]
2015-05-20 12:04:29,686  INFO [Test worker] (TransactionalTestExecutionListener.java:276) - Began transaction (12) for test context [DefaultTestContext@6b7f37aa testClass = ProjectCreateFinancialDataCommandValidatorIntegrationSpec, testInstance = com.tim.one.validator.ProjectCreateFinancialDataCommandValidatorIntegrationSpec@5dc8257e, testMethod = $spock_feature_0_0@ProjectCreateFinancialDataCommandValidatorIntegrationSpec, testException = [null], mergedContextConfiguration = [MergedContextConfiguration@3b9fbc30 testClass = ProjectCreateFinancialDataCommandValidatorIntegrationSpec, locations = '{classpath:/services-appctx.xml, classpath:/persistence-appctx.xml, classpath:/jms-appctx.xml, classpath:/mail-context.xml, classpath:/transaction-appctx.xml, classpath:/formatter-appctx.xml, classpath:/stp-appctx.xml, classpath:/aop-appctx.xml, classpath:/properties-appctx.xml}', classes = '{}', contextInitializerClasses = '[]', activeProfiles = '{}', contextLoader = 'org.springframework.test.context.support.DelegatingSmartContextLoader', parent = [null]]]; transaction manager [org.springframework.orm.jpa.JpaTransactionManager@5f5ca74d]; rollback [true]
2015-05-20 12:04:29,700  INFO [Test worker] (?:?) - violations:0
2015-05-20 12:04:29,701  INFO [Test worker] (TransactionalTestExecutionListener.java:298) - Rolled back transaction after test execution for test context [DefaultTestContext@6b7f37aa testClass = ProjectCreateFinancialDataCommandValidatorIntegrationSpec, testInstance = com.tim.one.validator.ProjectCreateFinancialDataCommandValidatorIntegrationSpec@5dc8257e, testMethod = $spock_feature_0_0@ProjectCreateFinancialDataCommandValidatorIntegrationSpec, testException = [null], mergedContextConfiguration = [MergedContextConfiguration@3b9fbc30 testClass = ProjectCreateFinancialDataCommandValidatorIntegrationSpec, locations = '{classpath:/services-appctx.xml, classpath:/persistence-appctx.xml, classpath:/jms-appctx.xml, classpath:/mail-context.xml, classpath:/transaction-appctx.xml, classpath:/formatter-appctx.xml, classpath:/stp-appctx.xml, classpath:/aop-appctx.xml, classpath:/properties-appctx.xml}', classes = '{}', contextInitializerClasses = '[]', activeProfiles = '{}', contextLoader = 'org.springframework.test.context.support.DelegatingSmartContextLoader', parent = [null]]]
2015-05-20 12:04:29,703  INFO [Test worker] (TransactionalTestExecutionListener.java:276) - Began transaction (13) for test context [DefaultTestContext@6b7f37aa testClass = ProjectCreateFinancialDataCommandValidatorIntegrationSpec, testInstance = com.tim.one.validator.ProjectCreateFinancialDataCommandValidatorIntegrationSpec@39776c88, testMethod = $spock_feature_0_0@ProjectCreateFinancialDataCommandValidatorIntegrationSpec, testException = [null], mergedContextConfiguration = [MergedContextConfiguration@3b9fbc30 testClass = ProjectCreateFinancialDataCommandValidatorIntegrationSpec, locations = '{classpath:/services-appctx.xml, classpath:/persistence-appctx.xml, classpath:/jms-appctx.xml, classpath:/mail-context.xml, classpath:/transaction-appctx.xml, classpath:/formatter-appctx.xml, classpath:/stp-appctx.xml, classpath:/aop-appctx.xml, classpath:/properties-appctx.xml}', classes = '{}', contextInitializerClasses = '[]', activeProfiles = '{}', contextLoader = 'org.springframework.test.context.support.DelegatingSmartContextLoader', parent = [null]]]; transaction manager [org.springframework.orm.jpa.JpaTransactionManager@5f5ca74d]; rollback [true]
2015-05-20 12:04:29,712  INFO [Test worker] (?:?) - violations:0
2015-05-20 12:04:29,713  INFO [Test worker] (TransactionalTestExecutionListener.java:298) - Rolled back transaction after test execution for test context [DefaultTestContext@6b7f37aa testClass = ProjectCreateFinancialDataCommandValidatorIntegrationSpec, testInstance = com.tim.one.validator.ProjectCreateFinancialDataCommandValidatorIntegrationSpec@39776c88, testMethod = $spock_feature_0_0@ProjectCreateFinancialDataCommandValidatorIntegrationSpec, testException = [null], mergedContextConfiguration = [MergedContextConfiguration@3b9fbc30 testClass = ProjectCreateFinancialDataCommandValidatorIntegrationSpec, locations = '{classpath:/services-appctx.xml, classpath:/persistence-appctx.xml, classpath:/jms-appctx.xml, classpath:/mail-context.xml, classpath:/transaction-appctx.xml, classpath:/formatter-appctx.xml, classpath:/stp-appctx.xml, classpath:/aop-appctx.xml, classpath:/properties-appctx.xml}', classes = '{}', contextInitializerClasses = '[]', activeProfiles = '{}', contextLoader = 'org.springframework.test.context.support.DelegatingSmartContextLoader', parent = [null]]]
2015-05-20 12:04:29,719  INFO [Test worker] (TransactionalTestExecutionListener.java:276) - Began transaction (14) for test context [DefaultTestContext@6b7f37aa testClass = ProjectCreateFinancialDataCommandValidatorIntegrationSpec, testInstance = com.tim.one.validator.ProjectCreateFinancialDataCommandValidatorIntegrationSpec@66997695, testMethod = $spock_feature_0_0@ProjectCreateFinancialDataCommandValidatorIntegrationSpec, testException = [null], mergedContextConfiguration = [MergedContextConfiguration@3b9fbc30 testClass = ProjectCreateFinancialDataCommandValidatorIntegrationSpec, locations = '{classpath:/services-appctx.xml, classpath:/persistence-appctx.xml, classpath:/jms-appctx.xml, classpath:/mail-context.xml, classpath:/transaction-appctx.xml, classpath:/formatter-appctx.xml, classpath:/stp-appctx.xml, classpath:/aop-appctx.xml, classpath:/properties-appctx.xml}', classes = '{}', contextInitializerClasses = '[]', activeProfiles = '{}', contextLoader = 'org.springframework.test.context.support.DelegatingSmartContextLoader', parent = [null]]]; transaction manager [org.springframework.orm.jpa.JpaTransactionManager@5f5ca74d]; rollback [true]
2015-05-20 12:04:29,730  INFO [Test worker] (?:?) - violations:0
2015-05-20 12:04:29,732  INFO [Test worker] (TransactionalTestExecutionListener.java:298) - Rolled back transaction after test execution for test context [DefaultTestContext@6b7f37aa testClass = ProjectCreateFinancialDataCommandValidatorIntegrationSpec, testInstance = com.tim.one.validator.ProjectCreateFinancialDataCommandValidatorIntegrationSpec@66997695, testMethod = $spock_feature_0_0@ProjectCreateFinancialDataCommandValidatorIntegrationSpec, testException = [null], mergedContextConfiguration = [MergedContextConfiguration@3b9fbc30 testClass = ProjectCreateFinancialDataCommandValidatorIntegrationSpec, locations = '{classpath:/services-appctx.xml, classpath:/persistence-appctx.xml, classpath:/jms-appctx.xml, classpath:/mail-context.xml, classpath:/transaction-appctx.xml, classpath:/formatter-appctx.xml, classpath:/stp-appctx.xml, classpath:/aop-appctx.xml, classpath:/properties-appctx.xml}', classes = '{}', contextInitializerClasses = '[]', activeProfiles = '{}', contextLoader = 'org.springframework.test.context.support.DelegatingSmartContextLoader', parent = [null]]]
2015-05-20 12:04:29,736  INFO [Test worker] (TransactionalTestExecutionListener.java:276) - Began transaction (15) for test context [DefaultTestContext@6b7f37aa testClass = ProjectCreateFinancialDataCommandValidatorIntegrationSpec, testInstance = com.tim.one.validator.ProjectCreateFinancialDataCommandValidatorIntegrationSpec@44b52cc3, testMethod = $spock_feature_0_0@ProjectCreateFinancialDataCommandValidatorIntegrationSpec, testException = [null], mergedContextConfiguration = [MergedContextConfiguration@3b9fbc30 testClass = ProjectCreateFinancialDataCommandValidatorIntegrationSpec, locations = '{classpath:/services-appctx.xml, classpath:/persistence-appctx.xml, classpath:/jms-appctx.xml, classpath:/mail-context.xml, classpath:/transaction-appctx.xml, classpath:/formatter-appctx.xml, classpath:/stp-appctx.xml, classpath:/aop-appctx.xml, classpath:/properties-appctx.xml}', classes = '{}', contextInitializerClasses = '[]', activeProfiles = '{}', contextLoader = 'org.springframework.test.context.support.DelegatingSmartContextLoader', parent = [null]]]; transaction manager [org.springframework.orm.jpa.JpaTransactionManager@5f5ca74d]; rollback [true]
2015-05-20 12:04:29,753  INFO [Test worker] (?:?) - violations:0
2015-05-20 12:04:29,755  INFO [Test worker] (TransactionalTestExecutionListener.java:298) - Rolled back transaction after test execution for test context [DefaultTestContext@6b7f37aa testClass = ProjectCreateFinancialDataCommandValidatorIntegrationSpec, testInstance = com.tim.one.validator.ProjectCreateFinancialDataCommandValidatorIntegrationSpec@44b52cc3, testMethod = $spock_feature_0_0@ProjectCreateFinancialDataCommandValidatorIntegrationSpec, testException = [null], mergedContextConfiguration = [MergedContextConfiguration@3b9fbc30 testClass = ProjectCreateFinancialDataCommandValidatorIntegrationSpec, locations = '{classpath:/services-appctx.xml, classpath:/persistence-appctx.xml, classpath:/jms-appctx.xml, classpath:/mail-context.xml, classpath:/transaction-appctx.xml, classpath:/formatter-appctx.xml, classpath:/stp-appctx.xml, classpath:/aop-appctx.xml, classpath:/properties-appctx.xml}', classes = '{}', contextInitializerClasses = '[]', activeProfiles = '{}', contextLoader = 'org.springframework.test.context.support.DelegatingSmartContextLoader', parent = [null]]]
2015-05-20 12:04:29,763  INFO [Test worker] (TransactionalTestExecutionListener.java:276) - Began transaction (16) for test context [DefaultTestContext@6b7f37aa testClass = ProjectCreateFinancialDataCommandValidatorIntegrationSpec, testInstance = com.tim.one.validator.ProjectCreateFinancialDataCommandValidatorIntegrationSpec@7eb42e40, testMethod = $spock_feature_0_0@ProjectCreateFinancialDataCommandValidatorIntegrationSpec, testException = [null], mergedContextConfiguration = [MergedContextConfiguration@3b9fbc30 testClass = ProjectCreateFinancialDataCommandValidatorIntegrationSpec, locations = '{classpath:/services-appctx.xml, classpath:/persistence-appctx.xml, classpath:/jms-appctx.xml, classpath:/mail-context.xml, classpath:/transaction-appctx.xml, classpath:/formatter-appctx.xml, classpath:/stp-appctx.xml, classpath:/aop-appctx.xml, classpath:/properties-appctx.xml}', classes = '{}', contextInitializerClasses = '[]', activeProfiles = '{}', contextLoader = 'org.springframework.test.context.support.DelegatingSmartContextLoader', parent = [null]]]; transaction manager [org.springframework.orm.jpa.JpaTransactionManager@5f5ca74d]; rollback [true]
2015-05-20 12:04:29,783  INFO [Test worker] (?:?) - violations:0
2015-05-20 12:04:29,784  INFO [Test worker] (TransactionalTestExecutionListener.java:298) - Rolled back transaction after test execution for test context [DefaultTestContext@6b7f37aa testClass = ProjectCreateFinancialDataCommandValidatorIntegrationSpec, testInstance = com.tim.one.validator.ProjectCreateFinancialDataCommandValidatorIntegrationSpec@7eb42e40, testMethod = $spock_feature_0_0@ProjectCreateFinancialDataCommandValidatorIntegrationSpec, testException = [null], mergedContextConfiguration = [MergedContextConfiguration@3b9fbc30 testClass = ProjectCreateFinancialDataCommandValidatorIntegrationSpec, locations = '{classpath:/services-appctx.xml, classpath:/persistence-appctx.xml, classpath:/jms-appctx.xml, classpath:/mail-context.xml, classpath:/transaction-appctx.xml, classpath:/formatter-appctx.xml, classpath:/stp-appctx.xml, classpath:/aop-appctx.xml, classpath:/properties-appctx.xml}', classes = '{}', contextInitializerClasses = '[]', activeProfiles = '{}', contextLoader = 'org.springframework.test.context.support.DelegatingSmartContextLoader', parent = [null]]]
]]></system-out>
  <system-err><![CDATA[]]></system-err>
</testsuite>
