<?xml version="1.0" encoding="UTF-8"?>
<testsuite name="com.tim.one.validator.ProjectProducerPaymentCommandValidatorIntegrationSpec" tests="14" skipped="0" failures="0" errors="0" timestamp="2015-05-20T17:04:30" hostname="josdem-Inspiron-5420" time="0.178">
  <properties/>
  <testcase name="When we have a project with id 51d172788b034b738565f7dd4d4cb2fe, and producer with id c4e935b546d04f73829a955281b88292, and amount as 0.01 as payment &#10;  when we validate we expecting that result is: true" classname="com.tim.one.validator.ProjectProducerPaymentCommandValidatorIntegrationSpec" time="0.028"/>
  <testcase name="When we have a project with id 51d172788b034b738565f7dd4d4cb2fer, and producer with id c4e935b546d04f73829a955281b88292, and amount as 0.01 as payment &#10;  when we validate we expecting that result is: false" classname="com.tim.one.validator.ProjectProducerPaymentCommandValidatorIntegrationSpec" time="0.01"/>
  <testcase name="When we have a project with id 51d172788b034b738565f7dd4d4cb2f, and producer with id c4e935b546d04f73829a955281b88292, and amount as 0.01 as payment &#10;  when we validate we expecting that result is: false" classname="com.tim.one.validator.ProjectProducerPaymentCommandValidatorIntegrationSpec" time="0.01"/>
  <testcase name="When we have a project with id , and producer with id c4e935b546d04f73829a955281b88292, and amount as 0.01 as payment &#10;  when we validate we expecting that result is: false" classname="com.tim.one.validator.ProjectProducerPaymentCommandValidatorIntegrationSpec" time="0.014"/>
  <testcase name="When we have a project with id null, and producer with id c4e935b546d04f73829a955281b88292, and amount as 0.01 as payment &#10;  when we validate we expecting that result is: false" classname="com.tim.one.validator.ProjectProducerPaymentCommandValidatorIntegrationSpec" time="0.01"/>
  <testcase name="When we have a project with id &lt;script&gt;alert('hello josdem')&lt;/script&gt;, and producer with id c4e935b546d04f73829a955281b88292, and amount as 0.01 as payment &#10;  when we validate we expecting that result is: false" classname="com.tim.one.validator.ProjectProducerPaymentCommandValidatorIntegrationSpec" time="0.013"/>
  <testcase name="When we have a project with id 51d172788b034b738565f7dd4d4cb2fe, and producer with id &lt;script&gt;alert('hello josdem')&lt;/script&gt;, and amount as 0.01 as payment &#10;  when we validate we expecting that result is: false" classname="com.tim.one.validator.ProjectProducerPaymentCommandValidatorIntegrationSpec" time="0.011"/>
  <testcase name="When we have a project with id 51d172788b034b738565f7dd4d4cb2fe, and producer with id c4e935b546d04f73829a955281b88292e, and amount as 0.01 as payment &#10;  when we validate we expecting that result is: false" classname="com.tim.one.validator.ProjectProducerPaymentCommandValidatorIntegrationSpec" time="0.01"/>
  <testcase name="When we have a project with id 51d172788b034b738565f7dd4d4cb2fe, and producer with id c4e935b546d04f73829a955281b8829, and amount as 0.01 as payment &#10;  when we validate we expecting that result is: false" classname="com.tim.one.validator.ProjectProducerPaymentCommandValidatorIntegrationSpec" time="0.011"/>
  <testcase name="When we have a project with id 51d172788b034b738565f7dd4d4cb2fe, and producer with id , and amount as 0.01 as payment &#10;  when we validate we expecting that result is: false" classname="com.tim.one.validator.ProjectProducerPaymentCommandValidatorIntegrationSpec" time="0.013"/>
  <testcase name="When we have a project with id 51d172788b034b738565f7dd4d4cb2fe, and producer with id null, and amount as 0.01 as payment &#10;  when we validate we expecting that result is: false" classname="com.tim.one.validator.ProjectProducerPaymentCommandValidatorIntegrationSpec" time="0.012"/>
  <testcase name="When we have a project with id 51d172788b034b738565f7dd4d4cb2fe, and producer with id c4e935b546d04f73829a955281b88292, and amount as 0.00 as payment &#10;  when we validate we expecting that result is: false" classname="com.tim.one.validator.ProjectProducerPaymentCommandValidatorIntegrationSpec" time="0.012"/>
  <testcase name="When we have a project with id 51d172788b034b738565f7dd4d4cb2fe, and producer with id c4e935b546d04f73829a955281b88292, and amount as null as payment &#10;  when we validate we expecting that result is: false" classname="com.tim.one.validator.ProjectProducerPaymentCommandValidatorIntegrationSpec" time="0.011"/>
  <testcase name="When we have a project with id 51d172788b034b738565f7dd4d4cb2fe, and producer with id c4e935b546d04f73829a955281b88292, and amount as -10.00 as payment &#10;  when we validate we expecting that result is: false" classname="com.tim.one.validator.ProjectProducerPaymentCommandValidatorIntegrationSpec" time="0.01"/>
  <system-out><![CDATA[2015-05-20 12:04:30,349 DEBUG [Test worker] (AbstractFallbackTransactionAttributeSource.java:108) - Adding transactional method 'ProjectProducerPaymentCommandValidatorIntegrationSpec.$spock_feature_0_0' with attribute: PROPAGATION_REQUIRED,ISOLATION_DEFAULT; ''
2015-05-20 12:04:30,351  INFO [Test worker] (TransactionalTestExecutionListener.java:276) - Began transaction (1) for test context [DefaultTestContext@6e763fdb testClass = ProjectProducerPaymentCommandValidatorIntegrationSpec, testInstance = com.tim.one.validator.ProjectProducerPaymentCommandValidatorIntegrationSpec@155a7b85, testMethod = $spock_feature_0_0@ProjectProducerPaymentCommandValidatorIntegrationSpec, testException = [null], mergedContextConfiguration = [MergedContextConfiguration@676363b6 testClass = ProjectProducerPaymentCommandValidatorIntegrationSpec, locations = '{classpath:/services-appctx.xml, classpath:/persistence-appctx.xml, classpath:/jms-appctx.xml, classpath:/mail-context.xml, classpath:/transaction-appctx.xml, classpath:/formatter-appctx.xml, classpath:/stp-appctx.xml, classpath:/aop-appctx.xml, classpath:/properties-appctx.xml}', classes = '{}', contextInitializerClasses = '[]', activeProfiles = '{}', contextLoader = 'org.springframework.test.context.support.DelegatingSmartContextLoader', parent = [null]]]; transaction manager [org.springframework.orm.jpa.JpaTransactionManager@5f5ca74d]; rollback [true]
2015-05-20 12:04:30,362  INFO [Test worker] (?:?) - violations:0
2015-05-20 12:04:30,363  INFO [Test worker] (TransactionalTestExecutionListener.java:298) - Rolled back transaction after test execution for test context [DefaultTestContext@6e763fdb testClass = ProjectProducerPaymentCommandValidatorIntegrationSpec, testInstance = com.tim.one.validator.ProjectProducerPaymentCommandValidatorIntegrationSpec@155a7b85, testMethod = $spock_feature_0_0@ProjectProducerPaymentCommandValidatorIntegrationSpec, testException = [null], mergedContextConfiguration = [MergedContextConfiguration@676363b6 testClass = ProjectProducerPaymentCommandValidatorIntegrationSpec, locations = '{classpath:/services-appctx.xml, classpath:/persistence-appctx.xml, classpath:/jms-appctx.xml, classpath:/mail-context.xml, classpath:/transaction-appctx.xml, classpath:/formatter-appctx.xml, classpath:/stp-appctx.xml, classpath:/aop-appctx.xml, classpath:/properties-appctx.xml}', classes = '{}', contextInitializerClasses = '[]', activeProfiles = '{}', contextLoader = 'org.springframework.test.context.support.DelegatingSmartContextLoader', parent = [null]]]
2015-05-20 12:04:30,366  INFO [Test worker] (TransactionalTestExecutionListener.java:276) - Began transaction (2) for test context [DefaultTestContext@6e763fdb testClass = ProjectProducerPaymentCommandValidatorIntegrationSpec, testInstance = com.tim.one.validator.ProjectProducerPaymentCommandValidatorIntegrationSpec@6e201454, testMethod = $spock_feature_0_0@ProjectProducerPaymentCommandValidatorIntegrationSpec, testException = [null], mergedContextConfiguration = [MergedContextConfiguration@676363b6 testClass = ProjectProducerPaymentCommandValidatorIntegrationSpec, locations = '{classpath:/services-appctx.xml, classpath:/persistence-appctx.xml, classpath:/jms-appctx.xml, classpath:/mail-context.xml, classpath:/transaction-appctx.xml, classpath:/formatter-appctx.xml, classpath:/stp-appctx.xml, classpath:/aop-appctx.xml, classpath:/properties-appctx.xml}', classes = '{}', contextInitializerClasses = '[]', activeProfiles = '{}', contextLoader = 'org.springframework.test.context.support.DelegatingSmartContextLoader', parent = [null]]]; transaction manager [org.springframework.orm.jpa.JpaTransactionManager@5f5ca74d]; rollback [true]
2015-05-20 12:04:30,372  INFO [Test worker] (?:?) - violations:1
2015-05-20 12:04:30,373  INFO [Test worker] (?:?) - field:projectUuid
2015-05-20 12:04:30,373  INFO [Test worker] (?:?) - message:size must be between 32 and 32
2015-05-20 12:04:30,374  INFO [Test worker] (TransactionalTestExecutionListener.java:298) - Rolled back transaction after test execution for test context [DefaultTestContext@6e763fdb testClass = ProjectProducerPaymentCommandValidatorIntegrationSpec, testInstance = com.tim.one.validator.ProjectProducerPaymentCommandValidatorIntegrationSpec@6e201454, testMethod = $spock_feature_0_0@ProjectProducerPaymentCommandValidatorIntegrationSpec, testException = [null], mergedContextConfiguration = [MergedContextConfiguration@676363b6 testClass = ProjectProducerPaymentCommandValidatorIntegrationSpec, locations = '{classpath:/services-appctx.xml, classpath:/persistence-appctx.xml, classpath:/jms-appctx.xml, classpath:/mail-context.xml, classpath:/transaction-appctx.xml, classpath:/formatter-appctx.xml, classpath:/stp-appctx.xml, classpath:/aop-appctx.xml, classpath:/properties-appctx.xml}', classes = '{}', contextInitializerClasses = '[]', activeProfiles = '{}', contextLoader = 'org.springframework.test.context.support.DelegatingSmartContextLoader', parent = [null]]]
2015-05-20 12:04:30,376  INFO [Test worker] (TransactionalTestExecutionListener.java:276) - Began transaction (3) for test context [DefaultTestContext@6e763fdb testClass = ProjectProducerPaymentCommandValidatorIntegrationSpec, testInstance = com.tim.one.validator.ProjectProducerPaymentCommandValidatorIntegrationSpec@44e79b9a, testMethod = $spock_feature_0_0@ProjectProducerPaymentCommandValidatorIntegrationSpec, testException = [null], mergedContextConfiguration = [MergedContextConfiguration@676363b6 testClass = ProjectProducerPaymentCommandValidatorIntegrationSpec, locations = '{classpath:/services-appctx.xml, classpath:/persistence-appctx.xml, classpath:/jms-appctx.xml, classpath:/mail-context.xml, classpath:/transaction-appctx.xml, classpath:/formatter-appctx.xml, classpath:/stp-appctx.xml, classpath:/aop-appctx.xml, classpath:/properties-appctx.xml}', classes = '{}', contextInitializerClasses = '[]', activeProfiles = '{}', contextLoader = 'org.springframework.test.context.support.DelegatingSmartContextLoader', parent = [null]]]; transaction manager [org.springframework.orm.jpa.JpaTransactionManager@5f5ca74d]; rollback [true]
2015-05-20 12:04:30,383  INFO [Test worker] (?:?) - violations:1
2015-05-20 12:04:30,383  INFO [Test worker] (?:?) - field:projectUuid
2015-05-20 12:04:30,384  INFO [Test worker] (?:?) - message:size must be between 32 and 32
2015-05-20 12:04:30,384  INFO [Test worker] (TransactionalTestExecutionListener.java:298) - Rolled back transaction after test execution for test context [DefaultTestContext@6e763fdb testClass = ProjectProducerPaymentCommandValidatorIntegrationSpec, testInstance = com.tim.one.validator.ProjectProducerPaymentCommandValidatorIntegrationSpec@44e79b9a, testMethod = $spock_feature_0_0@ProjectProducerPaymentCommandValidatorIntegrationSpec, testException = [null], mergedContextConfiguration = [MergedContextConfiguration@676363b6 testClass = ProjectProducerPaymentCommandValidatorIntegrationSpec, locations = '{classpath:/services-appctx.xml, classpath:/persistence-appctx.xml, classpath:/jms-appctx.xml, classpath:/mail-context.xml, classpath:/transaction-appctx.xml, classpath:/formatter-appctx.xml, classpath:/stp-appctx.xml, classpath:/aop-appctx.xml, classpath:/properties-appctx.xml}', classes = '{}', contextInitializerClasses = '[]', activeProfiles = '{}', contextLoader = 'org.springframework.test.context.support.DelegatingSmartContextLoader', parent = [null]]]
2015-05-20 12:04:30,387  INFO [Test worker] (TransactionalTestExecutionListener.java:276) - Began transaction (4) for test context [DefaultTestContext@6e763fdb testClass = ProjectProducerPaymentCommandValidatorIntegrationSpec, testInstance = com.tim.one.validator.ProjectProducerPaymentCommandValidatorIntegrationSpec@5307501c, testMethod = $spock_feature_0_0@ProjectProducerPaymentCommandValidatorIntegrationSpec, testException = [null], mergedContextConfiguration = [MergedContextConfiguration@676363b6 testClass = ProjectProducerPaymentCommandValidatorIntegrationSpec, locations = '{classpath:/services-appctx.xml, classpath:/persistence-appctx.xml, classpath:/jms-appctx.xml, classpath:/mail-context.xml, classpath:/transaction-appctx.xml, classpath:/formatter-appctx.xml, classpath:/stp-appctx.xml, classpath:/aop-appctx.xml, classpath:/properties-appctx.xml}', classes = '{}', contextInitializerClasses = '[]', activeProfiles = '{}', contextLoader = 'org.springframework.test.context.support.DelegatingSmartContextLoader', parent = [null]]]; transaction manager [org.springframework.orm.jpa.JpaTransactionManager@5f5ca74d]; rollback [true]
2015-05-20 12:04:30,397  INFO [Test worker] (?:?) - violations:1
2015-05-20 12:04:30,397  INFO [Test worker] (?:?) - field:projectUuid
2015-05-20 12:04:30,397  INFO [Test worker] (?:?) - message:size must be between 32 and 32
2015-05-20 12:04:30,398  INFO [Test worker] (TransactionalTestExecutionListener.java:298) - Rolled back transaction after test execution for test context [DefaultTestContext@6e763fdb testClass = ProjectProducerPaymentCommandValidatorIntegrationSpec, testInstance = com.tim.one.validator.ProjectProducerPaymentCommandValidatorIntegrationSpec@5307501c, testMethod = $spock_feature_0_0@ProjectProducerPaymentCommandValidatorIntegrationSpec, testException = [null], mergedContextConfiguration = [MergedContextConfiguration@676363b6 testClass = ProjectProducerPaymentCommandValidatorIntegrationSpec, locations = '{classpath:/services-appctx.xml, classpath:/persistence-appctx.xml, classpath:/jms-appctx.xml, classpath:/mail-context.xml, classpath:/transaction-appctx.xml, classpath:/formatter-appctx.xml, classpath:/stp-appctx.xml, classpath:/aop-appctx.xml, classpath:/properties-appctx.xml}', classes = '{}', contextInitializerClasses = '[]', activeProfiles = '{}', contextLoader = 'org.springframework.test.context.support.DelegatingSmartContextLoader', parent = [null]]]
2015-05-20 12:04:30,401  INFO [Test worker] (TransactionalTestExecutionListener.java:276) - Began transaction (5) for test context [DefaultTestContext@6e763fdb testClass = ProjectProducerPaymentCommandValidatorIntegrationSpec, testInstance = com.tim.one.validator.ProjectProducerPaymentCommandValidatorIntegrationSpec@5f62ec57, testMethod = $spock_feature_0_0@ProjectProducerPaymentCommandValidatorIntegrationSpec, testException = [null], mergedContextConfiguration = [MergedContextConfiguration@676363b6 testClass = ProjectProducerPaymentCommandValidatorIntegrationSpec, locations = '{classpath:/services-appctx.xml, classpath:/persistence-appctx.xml, classpath:/jms-appctx.xml, classpath:/mail-context.xml, classpath:/transaction-appctx.xml, classpath:/formatter-appctx.xml, classpath:/stp-appctx.xml, classpath:/aop-appctx.xml, classpath:/properties-appctx.xml}', classes = '{}', contextInitializerClasses = '[]', activeProfiles = '{}', contextLoader = 'org.springframework.test.context.support.DelegatingSmartContextLoader', parent = [null]]]; transaction manager [org.springframework.orm.jpa.JpaTransactionManager@5f5ca74d]; rollback [true]
2015-05-20 12:04:30,409  INFO [Test worker] (?:?) - violations:1
2015-05-20 12:04:30,409  INFO [Test worker] (?:?) - field:projectUuid
2015-05-20 12:04:30,409  INFO [Test worker] (?:?) - message:may not be null
2015-05-20 12:04:30,410  INFO [Test worker] (TransactionalTestExecutionListener.java:298) - Rolled back transaction after test execution for test context [DefaultTestContext@6e763fdb testClass = ProjectProducerPaymentCommandValidatorIntegrationSpec, testInstance = com.tim.one.validator.ProjectProducerPaymentCommandValidatorIntegrationSpec@5f62ec57, testMethod = $spock_feature_0_0@ProjectProducerPaymentCommandValidatorIntegrationSpec, testException = [null], mergedContextConfiguration = [MergedContextConfiguration@676363b6 testClass = ProjectProducerPaymentCommandValidatorIntegrationSpec, locations = '{classpath:/services-appctx.xml, classpath:/persistence-appctx.xml, classpath:/jms-appctx.xml, classpath:/mail-context.xml, classpath:/transaction-appctx.xml, classpath:/formatter-appctx.xml, classpath:/stp-appctx.xml, classpath:/aop-appctx.xml, classpath:/properties-appctx.xml}', classes = '{}', contextInitializerClasses = '[]', activeProfiles = '{}', contextLoader = 'org.springframework.test.context.support.DelegatingSmartContextLoader', parent = [null]]]
2015-05-20 12:04:30,412  INFO [Test worker] (TransactionalTestExecutionListener.java:276) - Began transaction (6) for test context [DefaultTestContext@6e763fdb testClass = ProjectProducerPaymentCommandValidatorIntegrationSpec, testInstance = com.tim.one.validator.ProjectProducerPaymentCommandValidatorIntegrationSpec@23d31983, testMethod = $spock_feature_0_0@ProjectProducerPaymentCommandValidatorIntegrationSpec, testException = [null], mergedContextConfiguration = [MergedContextConfiguration@676363b6 testClass = ProjectProducerPaymentCommandValidatorIntegrationSpec, locations = '{classpath:/services-appctx.xml, classpath:/persistence-appctx.xml, classpath:/jms-appctx.xml, classpath:/mail-context.xml, classpath:/transaction-appctx.xml, classpath:/formatter-appctx.xml, classpath:/stp-appctx.xml, classpath:/aop-appctx.xml, classpath:/properties-appctx.xml}', classes = '{}', contextInitializerClasses = '[]', activeProfiles = '{}', contextLoader = 'org.springframework.test.context.support.DelegatingSmartContextLoader', parent = [null]]]; transaction manager [org.springframework.orm.jpa.JpaTransactionManager@5f5ca74d]; rollback [true]
2015-05-20 12:04:30,422  INFO [Test worker] (?:?) - violations:2
2015-05-20 12:04:30,422  INFO [Test worker] (?:?) - field:projectUuid
2015-05-20 12:04:30,422  INFO [Test worker] (?:?) - message:may have unsafe html content
2015-05-20 12:04:30,423  INFO [Test worker] (TransactionalTestExecutionListener.java:298) - Rolled back transaction after test execution for test context [DefaultTestContext@6e763fdb testClass = ProjectProducerPaymentCommandValidatorIntegrationSpec, testInstance = com.tim.one.validator.ProjectProducerPaymentCommandValidatorIntegrationSpec@23d31983, testMethod = $spock_feature_0_0@ProjectProducerPaymentCommandValidatorIntegrationSpec, testException = [null], mergedContextConfiguration = [MergedContextConfiguration@676363b6 testClass = ProjectProducerPaymentCommandValidatorIntegrationSpec, locations = '{classpath:/services-appctx.xml, classpath:/persistence-appctx.xml, classpath:/jms-appctx.xml, classpath:/mail-context.xml, classpath:/transaction-appctx.xml, classpath:/formatter-appctx.xml, classpath:/stp-appctx.xml, classpath:/aop-appctx.xml, classpath:/properties-appctx.xml}', classes = '{}', contextInitializerClasses = '[]', activeProfiles = '{}', contextLoader = 'org.springframework.test.context.support.DelegatingSmartContextLoader', parent = [null]]]
2015-05-20 12:04:30,426  INFO [Test worker] (TransactionalTestExecutionListener.java:276) - Began transaction (7) for test context [DefaultTestContext@6e763fdb testClass = ProjectProducerPaymentCommandValidatorIntegrationSpec, testInstance = com.tim.one.validator.ProjectProducerPaymentCommandValidatorIntegrationSpec@128bc7c4, testMethod = $spock_feature_0_0@ProjectProducerPaymentCommandValidatorIntegrationSpec, testException = [null], mergedContextConfiguration = [MergedContextConfiguration@676363b6 testClass = ProjectProducerPaymentCommandValidatorIntegrationSpec, locations = '{classpath:/services-appctx.xml, classpath:/persistence-appctx.xml, classpath:/jms-appctx.xml, classpath:/mail-context.xml, classpath:/transaction-appctx.xml, classpath:/formatter-appctx.xml, classpath:/stp-appctx.xml, classpath:/aop-appctx.xml, classpath:/properties-appctx.xml}', classes = '{}', contextInitializerClasses = '[]', activeProfiles = '{}', contextLoader = 'org.springframework.test.context.support.DelegatingSmartContextLoader', parent = [null]]]; transaction manager [org.springframework.orm.jpa.JpaTransactionManager@5f5ca74d]; rollback [true]
2015-05-20 12:04:30,433  INFO [Test worker] (?:?) - violations:2
2015-05-20 12:04:30,433  INFO [Test worker] (?:?) - field:producerUuid
2015-05-20 12:04:30,433  INFO [Test worker] (?:?) - message:may have unsafe html content
2015-05-20 12:04:30,434  INFO [Test worker] (TransactionalTestExecutionListener.java:298) - Rolled back transaction after test execution for test context [DefaultTestContext@6e763fdb testClass = ProjectProducerPaymentCommandValidatorIntegrationSpec, testInstance = com.tim.one.validator.ProjectProducerPaymentCommandValidatorIntegrationSpec@128bc7c4, testMethod = $spock_feature_0_0@ProjectProducerPaymentCommandValidatorIntegrationSpec, testException = [null], mergedContextConfiguration = [MergedContextConfiguration@676363b6 testClass = ProjectProducerPaymentCommandValidatorIntegrationSpec, locations = '{classpath:/services-appctx.xml, classpath:/persistence-appctx.xml, classpath:/jms-appctx.xml, classpath:/mail-context.xml, classpath:/transaction-appctx.xml, classpath:/formatter-appctx.xml, classpath:/stp-appctx.xml, classpath:/aop-appctx.xml, classpath:/properties-appctx.xml}', classes = '{}', contextInitializerClasses = '[]', activeProfiles = '{}', contextLoader = 'org.springframework.test.context.support.DelegatingSmartContextLoader', parent = [null]]]
2015-05-20 12:04:30,436  INFO [Test worker] (TransactionalTestExecutionListener.java:276) - Began transaction (8) for test context [DefaultTestContext@6e763fdb testClass = ProjectProducerPaymentCommandValidatorIntegrationSpec, testInstance = com.tim.one.validator.ProjectProducerPaymentCommandValidatorIntegrationSpec@74a8a0bd, testMethod = $spock_feature_0_0@ProjectProducerPaymentCommandValidatorIntegrationSpec, testException = [null], mergedContextConfiguration = [MergedContextConfiguration@676363b6 testClass = ProjectProducerPaymentCommandValidatorIntegrationSpec, locations = '{classpath:/services-appctx.xml, classpath:/persistence-appctx.xml, classpath:/jms-appctx.xml, classpath:/mail-context.xml, classpath:/transaction-appctx.xml, classpath:/formatter-appctx.xml, classpath:/stp-appctx.xml, classpath:/aop-appctx.xml, classpath:/properties-appctx.xml}', classes = '{}', contextInitializerClasses = '[]', activeProfiles = '{}', contextLoader = 'org.springframework.test.context.support.DelegatingSmartContextLoader', parent = [null]]]; transaction manager [org.springframework.orm.jpa.JpaTransactionManager@5f5ca74d]; rollback [true]
2015-05-20 12:04:30,443  INFO [Test worker] (?:?) - violations:1
2015-05-20 12:04:30,443  INFO [Test worker] (?:?) - field:producerUuid
2015-05-20 12:04:30,443  INFO [Test worker] (?:?) - message:size must be between 32 and 32
2015-05-20 12:04:30,444  INFO [Test worker] (TransactionalTestExecutionListener.java:298) - Rolled back transaction after test execution for test context [DefaultTestContext@6e763fdb testClass = ProjectProducerPaymentCommandValidatorIntegrationSpec, testInstance = com.tim.one.validator.ProjectProducerPaymentCommandValidatorIntegrationSpec@74a8a0bd, testMethod = $spock_feature_0_0@ProjectProducerPaymentCommandValidatorIntegrationSpec, testException = [null], mergedContextConfiguration = [MergedContextConfiguration@676363b6 testClass = ProjectProducerPaymentCommandValidatorIntegrationSpec, locations = '{classpath:/services-appctx.xml, classpath:/persistence-appctx.xml, classpath:/jms-appctx.xml, classpath:/mail-context.xml, classpath:/transaction-appctx.xml, classpath:/formatter-appctx.xml, classpath:/stp-appctx.xml, classpath:/aop-appctx.xml, classpath:/properties-appctx.xml}', classes = '{}', contextInitializerClasses = '[]', activeProfiles = '{}', contextLoader = 'org.springframework.test.context.support.DelegatingSmartContextLoader', parent = [null]]]
2015-05-20 12:04:30,446  INFO [Test worker] (TransactionalTestExecutionListener.java:276) - Began transaction (9) for test context [DefaultTestContext@6e763fdb testClass = ProjectProducerPaymentCommandValidatorIntegrationSpec, testInstance = com.tim.one.validator.ProjectProducerPaymentCommandValidatorIntegrationSpec@12015ee6, testMethod = $spock_feature_0_0@ProjectProducerPaymentCommandValidatorIntegrationSpec, testException = [null], mergedContextConfiguration = [MergedContextConfiguration@676363b6 testClass = ProjectProducerPaymentCommandValidatorIntegrationSpec, locations = '{classpath:/services-appctx.xml, classpath:/persistence-appctx.xml, classpath:/jms-appctx.xml, classpath:/mail-context.xml, classpath:/transaction-appctx.xml, classpath:/formatter-appctx.xml, classpath:/stp-appctx.xml, classpath:/aop-appctx.xml, classpath:/properties-appctx.xml}', classes = '{}', contextInitializerClasses = '[]', activeProfiles = '{}', contextLoader = 'org.springframework.test.context.support.DelegatingSmartContextLoader', parent = [null]]]; transaction manager [org.springframework.orm.jpa.JpaTransactionManager@5f5ca74d]; rollback [true]
2015-05-20 12:04:30,454  INFO [Test worker] (?:?) - violations:1
2015-05-20 12:04:30,454  INFO [Test worker] (?:?) - field:producerUuid
2015-05-20 12:04:30,455  INFO [Test worker] (?:?) - message:size must be between 32 and 32
2015-05-20 12:04:30,455  INFO [Test worker] (TransactionalTestExecutionListener.java:298) - Rolled back transaction after test execution for test context [DefaultTestContext@6e763fdb testClass = ProjectProducerPaymentCommandValidatorIntegrationSpec, testInstance = com.tim.one.validator.ProjectProducerPaymentCommandValidatorIntegrationSpec@12015ee6, testMethod = $spock_feature_0_0@ProjectProducerPaymentCommandValidatorIntegrationSpec, testException = [null], mergedContextConfiguration = [MergedContextConfiguration@676363b6 testClass = ProjectProducerPaymentCommandValidatorIntegrationSpec, locations = '{classpath:/services-appctx.xml, classpath:/persistence-appctx.xml, classpath:/jms-appctx.xml, classpath:/mail-context.xml, classpath:/transaction-appctx.xml, classpath:/formatter-appctx.xml, classpath:/stp-appctx.xml, classpath:/aop-appctx.xml, classpath:/properties-appctx.xml}', classes = '{}', contextInitializerClasses = '[]', activeProfiles = '{}', contextLoader = 'org.springframework.test.context.support.DelegatingSmartContextLoader', parent = [null]]]
2015-05-20 12:04:30,458  INFO [Test worker] (TransactionalTestExecutionListener.java:276) - Began transaction (10) for test context [DefaultTestContext@6e763fdb testClass = ProjectProducerPaymentCommandValidatorIntegrationSpec, testInstance = com.tim.one.validator.ProjectProducerPaymentCommandValidatorIntegrationSpec@2cb63034, testMethod = $spock_feature_0_0@ProjectProducerPaymentCommandValidatorIntegrationSpec, testException = [null], mergedContextConfiguration = [MergedContextConfiguration@676363b6 testClass = ProjectProducerPaymentCommandValidatorIntegrationSpec, locations = '{classpath:/services-appctx.xml, classpath:/persistence-appctx.xml, classpath:/jms-appctx.xml, classpath:/mail-context.xml, classpath:/transaction-appctx.xml, classpath:/formatter-appctx.xml, classpath:/stp-appctx.xml, classpath:/aop-appctx.xml, classpath:/properties-appctx.xml}', classes = '{}', contextInitializerClasses = '[]', activeProfiles = '{}', contextLoader = 'org.springframework.test.context.support.DelegatingSmartContextLoader', parent = [null]]]; transaction manager [org.springframework.orm.jpa.JpaTransactionManager@5f5ca74d]; rollback [true]
2015-05-20 12:04:30,466  INFO [Test worker] (?:?) - violations:1
2015-05-20 12:04:30,466  INFO [Test worker] (?:?) - field:producerUuid
2015-05-20 12:04:30,467  INFO [Test worker] (?:?) - message:size must be between 32 and 32
2015-05-20 12:04:30,468  INFO [Test worker] (TransactionalTestExecutionListener.java:298) - Rolled back transaction after test execution for test context [DefaultTestContext@6e763fdb testClass = ProjectProducerPaymentCommandValidatorIntegrationSpec, testInstance = com.tim.one.validator.ProjectProducerPaymentCommandValidatorIntegrationSpec@2cb63034, testMethod = $spock_feature_0_0@ProjectProducerPaymentCommandValidatorIntegrationSpec, testException = [null], mergedContextConfiguration = [MergedContextConfiguration@676363b6 testClass = ProjectProducerPaymentCommandValidatorIntegrationSpec, locations = '{classpath:/services-appctx.xml, classpath:/persistence-appctx.xml, classpath:/jms-appctx.xml, classpath:/mail-context.xml, classpath:/transaction-appctx.xml, classpath:/formatter-appctx.xml, classpath:/stp-appctx.xml, classpath:/aop-appctx.xml, classpath:/properties-appctx.xml}', classes = '{}', contextInitializerClasses = '[]', activeProfiles = '{}', contextLoader = 'org.springframework.test.context.support.DelegatingSmartContextLoader', parent = [null]]]
2015-05-20 12:04:30,471  INFO [Test worker] (TransactionalTestExecutionListener.java:276) - Began transaction (11) for test context [DefaultTestContext@6e763fdb testClass = ProjectProducerPaymentCommandValidatorIntegrationSpec, testInstance = com.tim.one.validator.ProjectProducerPaymentCommandValidatorIntegrationSpec@5ca02d20, testMethod = $spock_feature_0_0@ProjectProducerPaymentCommandValidatorIntegrationSpec, testException = [null], mergedContextConfiguration = [MergedContextConfiguration@676363b6 testClass = ProjectProducerPaymentCommandValidatorIntegrationSpec, locations = '{classpath:/services-appctx.xml, classpath:/persistence-appctx.xml, classpath:/jms-appctx.xml, classpath:/mail-context.xml, classpath:/transaction-appctx.xml, classpath:/formatter-appctx.xml, classpath:/stp-appctx.xml, classpath:/aop-appctx.xml, classpath:/properties-appctx.xml}', classes = '{}', contextInitializerClasses = '[]', activeProfiles = '{}', contextLoader = 'org.springframework.test.context.support.DelegatingSmartContextLoader', parent = [null]]]; transaction manager [org.springframework.orm.jpa.JpaTransactionManager@5f5ca74d]; rollback [true]
2015-05-20 12:04:30,479  INFO [Test worker] (?:?) - violations:1
2015-05-20 12:04:30,480  INFO [Test worker] (?:?) - field:producerUuid
2015-05-20 12:04:30,480  INFO [Test worker] (?:?) - message:may not be null
2015-05-20 12:04:30,481  INFO [Test worker] (TransactionalTestExecutionListener.java:298) - Rolled back transaction after test execution for test context [DefaultTestContext@6e763fdb testClass = ProjectProducerPaymentCommandValidatorIntegrationSpec, testInstance = com.tim.one.validator.ProjectProducerPaymentCommandValidatorIntegrationSpec@5ca02d20, testMethod = $spock_feature_0_0@ProjectProducerPaymentCommandValidatorIntegrationSpec, testException = [null], mergedContextConfiguration = [MergedContextConfiguration@676363b6 testClass = ProjectProducerPaymentCommandValidatorIntegrationSpec, locations = '{classpath:/services-appctx.xml, classpath:/persistence-appctx.xml, classpath:/jms-appctx.xml, classpath:/mail-context.xml, classpath:/transaction-appctx.xml, classpath:/formatter-appctx.xml, classpath:/stp-appctx.xml, classpath:/aop-appctx.xml, classpath:/properties-appctx.xml}', classes = '{}', contextInitializerClasses = '[]', activeProfiles = '{}', contextLoader = 'org.springframework.test.context.support.DelegatingSmartContextLoader', parent = [null]]]
2015-05-20 12:04:30,483  INFO [Test worker] (TransactionalTestExecutionListener.java:276) - Began transaction (12) for test context [DefaultTestContext@6e763fdb testClass = ProjectProducerPaymentCommandValidatorIntegrationSpec, testInstance = com.tim.one.validator.ProjectProducerPaymentCommandValidatorIntegrationSpec@2cb94e80, testMethod = $spock_feature_0_0@ProjectProducerPaymentCommandValidatorIntegrationSpec, testException = [null], mergedContextConfiguration = [MergedContextConfiguration@676363b6 testClass = ProjectProducerPaymentCommandValidatorIntegrationSpec, locations = '{classpath:/services-appctx.xml, classpath:/persistence-appctx.xml, classpath:/jms-appctx.xml, classpath:/mail-context.xml, classpath:/transaction-appctx.xml, classpath:/formatter-appctx.xml, classpath:/stp-appctx.xml, classpath:/aop-appctx.xml, classpath:/properties-appctx.xml}', classes = '{}', contextInitializerClasses = '[]', activeProfiles = '{}', contextLoader = 'org.springframework.test.context.support.DelegatingSmartContextLoader', parent = [null]]]; transaction manager [org.springframework.orm.jpa.JpaTransactionManager@5f5ca74d]; rollback [true]
2015-05-20 12:04:30,490  INFO [Test worker] (?:?) - violations:1
2015-05-20 12:04:30,491  INFO [Test worker] (?:?) - field:payment
2015-05-20 12:04:30,491  INFO [Test worker] (?:?) - message:must be greater than or equal to 0.01
2015-05-20 12:04:30,492  INFO [Test worker] (TransactionalTestExecutionListener.java:298) - Rolled back transaction after test execution for test context [DefaultTestContext@6e763fdb testClass = ProjectProducerPaymentCommandValidatorIntegrationSpec, testInstance = com.tim.one.validator.ProjectProducerPaymentCommandValidatorIntegrationSpec@2cb94e80, testMethod = $spock_feature_0_0@ProjectProducerPaymentCommandValidatorIntegrationSpec, testException = [null], mergedContextConfiguration = [MergedContextConfiguration@676363b6 testClass = ProjectProducerPaymentCommandValidatorIntegrationSpec, locations = '{classpath:/services-appctx.xml, classpath:/persistence-appctx.xml, classpath:/jms-appctx.xml, classpath:/mail-context.xml, classpath:/transaction-appctx.xml, classpath:/formatter-appctx.xml, classpath:/stp-appctx.xml, classpath:/aop-appctx.xml, classpath:/properties-appctx.xml}', classes = '{}', contextInitializerClasses = '[]', activeProfiles = '{}', contextLoader = 'org.springframework.test.context.support.DelegatingSmartContextLoader', parent = [null]]]
2015-05-20 12:04:30,495  INFO [Test worker] (TransactionalTestExecutionListener.java:276) - Began transaction (13) for test context [DefaultTestContext@6e763fdb testClass = ProjectProducerPaymentCommandValidatorIntegrationSpec, testInstance = com.tim.one.validator.ProjectProducerPaymentCommandValidatorIntegrationSpec@54ca4ff0, testMethod = $spock_feature_0_0@ProjectProducerPaymentCommandValidatorIntegrationSpec, testException = [null], mergedContextConfiguration = [MergedContextConfiguration@676363b6 testClass = ProjectProducerPaymentCommandValidatorIntegrationSpec, locations = '{classpath:/services-appctx.xml, classpath:/persistence-appctx.xml, classpath:/jms-appctx.xml, classpath:/mail-context.xml, classpath:/transaction-appctx.xml, classpath:/formatter-appctx.xml, classpath:/stp-appctx.xml, classpath:/aop-appctx.xml, classpath:/properties-appctx.xml}', classes = '{}', contextInitializerClasses = '[]', activeProfiles = '{}', contextLoader = 'org.springframework.test.context.support.DelegatingSmartContextLoader', parent = [null]]]; transaction manager [org.springframework.orm.jpa.JpaTransactionManager@5f5ca74d]; rollback [true]
2015-05-20 12:04:30,502  INFO [Test worker] (?:?) - violations:1
2015-05-20 12:04:30,502  INFO [Test worker] (?:?) - field:payment
2015-05-20 12:04:30,502  INFO [Test worker] (?:?) - message:may not be null
2015-05-20 12:04:30,503  INFO [Test worker] (TransactionalTestExecutionListener.java:298) - Rolled back transaction after test execution for test context [DefaultTestContext@6e763fdb testClass = ProjectProducerPaymentCommandValidatorIntegrationSpec, testInstance = com.tim.one.validator.ProjectProducerPaymentCommandValidatorIntegrationSpec@54ca4ff0, testMethod = $spock_feature_0_0@ProjectProducerPaymentCommandValidatorIntegrationSpec, testException = [null], mergedContextConfiguration = [MergedContextConfiguration@676363b6 testClass = ProjectProducerPaymentCommandValidatorIntegrationSpec, locations = '{classpath:/services-appctx.xml, classpath:/persistence-appctx.xml, classpath:/jms-appctx.xml, classpath:/mail-context.xml, classpath:/transaction-appctx.xml, classpath:/formatter-appctx.xml, classpath:/stp-appctx.xml, classpath:/aop-appctx.xml, classpath:/properties-appctx.xml}', classes = '{}', contextInitializerClasses = '[]', activeProfiles = '{}', contextLoader = 'org.springframework.test.context.support.DelegatingSmartContextLoader', parent = [null]]]
2015-05-20 12:04:30,505  INFO [Test worker] (TransactionalTestExecutionListener.java:276) - Began transaction (14) for test context [DefaultTestContext@6e763fdb testClass = ProjectProducerPaymentCommandValidatorIntegrationSpec, testInstance = com.tim.one.validator.ProjectProducerPaymentCommandValidatorIntegrationSpec@684192d5, testMethod = $spock_feature_0_0@ProjectProducerPaymentCommandValidatorIntegrationSpec, testException = [null], mergedContextConfiguration = [MergedContextConfiguration@676363b6 testClass = ProjectProducerPaymentCommandValidatorIntegrationSpec, locations = '{classpath:/services-appctx.xml, classpath:/persistence-appctx.xml, classpath:/jms-appctx.xml, classpath:/mail-context.xml, classpath:/transaction-appctx.xml, classpath:/formatter-appctx.xml, classpath:/stp-appctx.xml, classpath:/aop-appctx.xml, classpath:/properties-appctx.xml}', classes = '{}', contextInitializerClasses = '[]', activeProfiles = '{}', contextLoader = 'org.springframework.test.context.support.DelegatingSmartContextLoader', parent = [null]]]; transaction manager [org.springframework.orm.jpa.JpaTransactionManager@5f5ca74d]; rollback [true]
2015-05-20 12:04:30,512  INFO [Test worker] (?:?) - violations:1
2015-05-20 12:04:30,512  INFO [Test worker] (?:?) - field:payment
2015-05-20 12:04:30,512  INFO [Test worker] (?:?) - message:must be greater than or equal to 0.01
2015-05-20 12:04:30,513  INFO [Test worker] (TransactionalTestExecutionListener.java:298) - Rolled back transaction after test execution for test context [DefaultTestContext@6e763fdb testClass = ProjectProducerPaymentCommandValidatorIntegrationSpec, testInstance = com.tim.one.validator.ProjectProducerPaymentCommandValidatorIntegrationSpec@684192d5, testMethod = $spock_feature_0_0@ProjectProducerPaymentCommandValidatorIntegrationSpec, testException = [null], mergedContextConfiguration = [MergedContextConfiguration@676363b6 testClass = ProjectProducerPaymentCommandValidatorIntegrationSpec, locations = '{classpath:/services-appctx.xml, classpath:/persistence-appctx.xml, classpath:/jms-appctx.xml, classpath:/mail-context.xml, classpath:/transaction-appctx.xml, classpath:/formatter-appctx.xml, classpath:/stp-appctx.xml, classpath:/aop-appctx.xml, classpath:/properties-appctx.xml}', classes = '{}', contextInitializerClasses = '[]', activeProfiles = '{}', contextLoader = 'org.springframework.test.context.support.DelegatingSmartContextLoader', parent = [null]]]
]]></system-out>
  <system-err><![CDATA[]]></system-err>
</testsuite>
