<?xml version="1.0" encoding="UTF-8"?>
<testsuite name="com.tim.one.validator.CreateAccountCommandValidatorIntegrationSpec" tests="10" skipped="0" failures="0" errors="0" timestamp="2015-05-20T17:04:28" hostname="josdem-Inspiron-5420" time="0.182">
  <properties/>
  <testcase name="When we have an user with id 51d172788b034b738565f7dd4d4cb2fe, and bank code 40014, and clabe 014180605638266336 &#10;  when we validate we expecting that result is: true" classname="com.tim.one.validator.CreateAccountCommandValidatorIntegrationSpec" time="0.042"/>
  <testcase name="When we have an user with id 51d172788b034b738565f7dd4d4cb2fes, and bank code 40014, and clabe 014180605638266336 &#10;  when we validate we expecting that result is: false" classname="com.tim.one.validator.CreateAccountCommandValidatorIntegrationSpec" time="0.014"/>
  <testcase name="When we have an user with id 51d172788b034b738565f7dd4d4cb2f, and bank code 40014, and clabe 014180605638266336 &#10;  when we validate we expecting that result is: false" classname="com.tim.one.validator.CreateAccountCommandValidatorIntegrationSpec" time="0.016"/>
  <testcase name="When we have an user with id null, and bank code 40014, and clabe 014180605638266336 &#10;  when we validate we expecting that result is: false" classname="com.tim.one.validator.CreateAccountCommandValidatorIntegrationSpec" time="0.013"/>
  <testcase name="When we have an user with id 51d172788b034b738565f7dd4d4cb2fe, and bank code 0, and clabe 014180605638266336 &#10;  when we validate we expecting that result is: false" classname="com.tim.one.validator.CreateAccountCommandValidatorIntegrationSpec" time="0.013"/>
  <testcase name="When we have an user with id 51d172788b034b738565f7dd4d4cb2fe, and bank code null, and clabe 014180605638266336 &#10;  when we validate we expecting that result is: false" classname="com.tim.one.validator.CreateAccountCommandValidatorIntegrationSpec" time="0.018"/>
  <testcase name="When we have an user with id 51d172788b034b738565f7dd4d4cb2fe, and bank code 40014, and clabe  &#10;  when we validate we expecting that result is: false" classname="com.tim.one.validator.CreateAccountCommandValidatorIntegrationSpec" time="0.017"/>
  <testcase name="When we have an user with id 51d172788b034b738565f7dd4d4cb2fe, and bank code 40014, and clabe null &#10;  when we validate we expecting that result is: false" classname="com.tim.one.validator.CreateAccountCommandValidatorIntegrationSpec" time="0.016"/>
  <testcase name="When we have an user with id 51d172788b034b738565f7dd4d4cb2fe, and bank code 40014, and clabe 646180111901200017646180111901200017646180111901213 &#10;  when we validate we expecting that result is: false" classname="com.tim.one.validator.CreateAccountCommandValidatorIntegrationSpec" time="0.016"/>
  <testcase name="When we have an user with id 51d172788b034b738565f7dd4d4cb2fe, and bank code 40014, and clabe &lt;script&gt;alert('hello josdem')&lt;/script&gt; &#10;  when we validate we expecting that result is: false" classname="com.tim.one.validator.CreateAccountCommandValidatorIntegrationSpec" time="0.012"/>
  <system-out><![CDATA[2015-05-20 12:04:28,517 DEBUG [Test worker] (AbstractFallbackTransactionAttributeSource.java:108) - Adding transactional method 'CreateAccountCommandValidatorIntegrationSpec.$spock_feature_0_0' with attribute: PROPAGATION_REQUIRED,ISOLATION_DEFAULT; ''
2015-05-20 12:04:28,520  INFO [Test worker] (TransactionalTestExecutionListener.java:276) - Began transaction (1) for test context [DefaultTestContext@790eaf11 testClass = CreateAccountCommandValidatorIntegrationSpec, testInstance = com.tim.one.validator.CreateAccountCommandValidatorIntegrationSpec@3307c32e, testMethod = $spock_feature_0_0@CreateAccountCommandValidatorIntegrationSpec, testException = [null], mergedContextConfiguration = [MergedContextConfiguration@429f1b2e testClass = CreateAccountCommandValidatorIntegrationSpec, locations = '{classpath:/services-appctx.xml, classpath:/persistence-appctx.xml, classpath:/jms-appctx.xml, classpath:/mail-context.xml, classpath:/transaction-appctx.xml, classpath:/formatter-appctx.xml, classpath:/stp-appctx.xml, classpath:/aop-appctx.xml, classpath:/properties-appctx.xml}', classes = '{}', contextInitializerClasses = '[]', activeProfiles = '{}', contextLoader = 'org.springframework.test.context.support.DelegatingSmartContextLoader', parent = [null]]]; transaction manager [org.springframework.orm.jpa.JpaTransactionManager@5f5ca74d]; rollback [true]
2015-05-20 12:04:28,537  INFO [Test worker] (?:?) - violations:0
2015-05-20 12:04:28,538  INFO [Test worker] (TransactionalTestExecutionListener.java:298) - Rolled back transaction after test execution for test context [DefaultTestContext@790eaf11 testClass = CreateAccountCommandValidatorIntegrationSpec, testInstance = com.tim.one.validator.CreateAccountCommandValidatorIntegrationSpec@3307c32e, testMethod = $spock_feature_0_0@CreateAccountCommandValidatorIntegrationSpec, testException = [null], mergedContextConfiguration = [MergedContextConfiguration@429f1b2e testClass = CreateAccountCommandValidatorIntegrationSpec, locations = '{classpath:/services-appctx.xml, classpath:/persistence-appctx.xml, classpath:/jms-appctx.xml, classpath:/mail-context.xml, classpath:/transaction-appctx.xml, classpath:/formatter-appctx.xml, classpath:/stp-appctx.xml, classpath:/aop-appctx.xml, classpath:/properties-appctx.xml}', classes = '{}', contextInitializerClasses = '[]', activeProfiles = '{}', contextLoader = 'org.springframework.test.context.support.DelegatingSmartContextLoader', parent = [null]]]
2015-05-20 12:04:28,541  INFO [Test worker] (TransactionalTestExecutionListener.java:276) - Began transaction (2) for test context [DefaultTestContext@790eaf11 testClass = CreateAccountCommandValidatorIntegrationSpec, testInstance = com.tim.one.validator.CreateAccountCommandValidatorIntegrationSpec@5b32ef01, testMethod = $spock_feature_0_0@CreateAccountCommandValidatorIntegrationSpec, testException = [null], mergedContextConfiguration = [MergedContextConfiguration@429f1b2e testClass = CreateAccountCommandValidatorIntegrationSpec, locations = '{classpath:/services-appctx.xml, classpath:/persistence-appctx.xml, classpath:/jms-appctx.xml, classpath:/mail-context.xml, classpath:/transaction-appctx.xml, classpath:/formatter-appctx.xml, classpath:/stp-appctx.xml, classpath:/aop-appctx.xml, classpath:/properties-appctx.xml}', classes = '{}', contextInitializerClasses = '[]', activeProfiles = '{}', contextLoader = 'org.springframework.test.context.support.DelegatingSmartContextLoader', parent = [null]]]; transaction manager [org.springframework.orm.jpa.JpaTransactionManager@5f5ca74d]; rollback [true]
2015-05-20 12:04:28,551  INFO [Test worker] (?:?) - violations:1
2015-05-20 12:04:28,551  INFO [Test worker] (?:?) - field:userUuid
2015-05-20 12:04:28,551  INFO [Test worker] (?:?) - message:size must be between 32 and 32
2015-05-20 12:04:28,552  INFO [Test worker] (TransactionalTestExecutionListener.java:298) - Rolled back transaction after test execution for test context [DefaultTestContext@790eaf11 testClass = CreateAccountCommandValidatorIntegrationSpec, testInstance = com.tim.one.validator.CreateAccountCommandValidatorIntegrationSpec@5b32ef01, testMethod = $spock_feature_0_0@CreateAccountCommandValidatorIntegrationSpec, testException = [null], mergedContextConfiguration = [MergedContextConfiguration@429f1b2e testClass = CreateAccountCommandValidatorIntegrationSpec, locations = '{classpath:/services-appctx.xml, classpath:/persistence-appctx.xml, classpath:/jms-appctx.xml, classpath:/mail-context.xml, classpath:/transaction-appctx.xml, classpath:/formatter-appctx.xml, classpath:/stp-appctx.xml, classpath:/aop-appctx.xml, classpath:/properties-appctx.xml}', classes = '{}', contextInitializerClasses = '[]', activeProfiles = '{}', contextLoader = 'org.springframework.test.context.support.DelegatingSmartContextLoader', parent = [null]]]
2015-05-20 12:04:28,557  INFO [Test worker] (TransactionalTestExecutionListener.java:276) - Began transaction (3) for test context [DefaultTestContext@790eaf11 testClass = CreateAccountCommandValidatorIntegrationSpec, testInstance = com.tim.one.validator.CreateAccountCommandValidatorIntegrationSpec@51662cf9, testMethod = $spock_feature_0_0@CreateAccountCommandValidatorIntegrationSpec, testException = [null], mergedContextConfiguration = [MergedContextConfiguration@429f1b2e testClass = CreateAccountCommandValidatorIntegrationSpec, locations = '{classpath:/services-appctx.xml, classpath:/persistence-appctx.xml, classpath:/jms-appctx.xml, classpath:/mail-context.xml, classpath:/transaction-appctx.xml, classpath:/formatter-appctx.xml, classpath:/stp-appctx.xml, classpath:/aop-appctx.xml, classpath:/properties-appctx.xml}', classes = '{}', contextInitializerClasses = '[]', activeProfiles = '{}', contextLoader = 'org.springframework.test.context.support.DelegatingSmartContextLoader', parent = [null]]]; transaction manager [org.springframework.orm.jpa.JpaTransactionManager@5f5ca74d]; rollback [true]
2015-05-20 12:04:28,568  INFO [Test worker] (?:?) - violations:1
2015-05-20 12:04:28,568  INFO [Test worker] (?:?) - field:userUuid
2015-05-20 12:04:28,568  INFO [Test worker] (?:?) - message:size must be between 32 and 32
2015-05-20 12:04:28,569  INFO [Test worker] (TransactionalTestExecutionListener.java:298) - Rolled back transaction after test execution for test context [DefaultTestContext@790eaf11 testClass = CreateAccountCommandValidatorIntegrationSpec, testInstance = com.tim.one.validator.CreateAccountCommandValidatorIntegrationSpec@51662cf9, testMethod = $spock_feature_0_0@CreateAccountCommandValidatorIntegrationSpec, testException = [null], mergedContextConfiguration = [MergedContextConfiguration@429f1b2e testClass = CreateAccountCommandValidatorIntegrationSpec, locations = '{classpath:/services-appctx.xml, classpath:/persistence-appctx.xml, classpath:/jms-appctx.xml, classpath:/mail-context.xml, classpath:/transaction-appctx.xml, classpath:/formatter-appctx.xml, classpath:/stp-appctx.xml, classpath:/aop-appctx.xml, classpath:/properties-appctx.xml}', classes = '{}', contextInitializerClasses = '[]', activeProfiles = '{}', contextLoader = 'org.springframework.test.context.support.DelegatingSmartContextLoader', parent = [null]]]
2015-05-20 12:04:28,573  INFO [Test worker] (TransactionalTestExecutionListener.java:276) - Began transaction (4) for test context [DefaultTestContext@790eaf11 testClass = CreateAccountCommandValidatorIntegrationSpec, testInstance = com.tim.one.validator.CreateAccountCommandValidatorIntegrationSpec@1b63886f, testMethod = $spock_feature_0_0@CreateAccountCommandValidatorIntegrationSpec, testException = [null], mergedContextConfiguration = [MergedContextConfiguration@429f1b2e testClass = CreateAccountCommandValidatorIntegrationSpec, locations = '{classpath:/services-appctx.xml, classpath:/persistence-appctx.xml, classpath:/jms-appctx.xml, classpath:/mail-context.xml, classpath:/transaction-appctx.xml, classpath:/formatter-appctx.xml, classpath:/stp-appctx.xml, classpath:/aop-appctx.xml, classpath:/properties-appctx.xml}', classes = '{}', contextInitializerClasses = '[]', activeProfiles = '{}', contextLoader = 'org.springframework.test.context.support.DelegatingSmartContextLoader', parent = [null]]]; transaction manager [org.springframework.orm.jpa.JpaTransactionManager@5f5ca74d]; rollback [true]
2015-05-20 12:04:28,582  INFO [Test worker] (?:?) - violations:1
2015-05-20 12:04:28,582  INFO [Test worker] (?:?) - field:userUuid
2015-05-20 12:04:28,583  INFO [Test worker] (?:?) - message:may not be null
2015-05-20 12:04:28,584  INFO [Test worker] (TransactionalTestExecutionListener.java:298) - Rolled back transaction after test execution for test context [DefaultTestContext@790eaf11 testClass = CreateAccountCommandValidatorIntegrationSpec, testInstance = com.tim.one.validator.CreateAccountCommandValidatorIntegrationSpec@1b63886f, testMethod = $spock_feature_0_0@CreateAccountCommandValidatorIntegrationSpec, testException = [null], mergedContextConfiguration = [MergedContextConfiguration@429f1b2e testClass = CreateAccountCommandValidatorIntegrationSpec, locations = '{classpath:/services-appctx.xml, classpath:/persistence-appctx.xml, classpath:/jms-appctx.xml, classpath:/mail-context.xml, classpath:/transaction-appctx.xml, classpath:/formatter-appctx.xml, classpath:/stp-appctx.xml, classpath:/aop-appctx.xml, classpath:/properties-appctx.xml}', classes = '{}', contextInitializerClasses = '[]', activeProfiles = '{}', contextLoader = 'org.springframework.test.context.support.DelegatingSmartContextLoader', parent = [null]]]
2015-05-20 12:04:28,587  INFO [Test worker] (TransactionalTestExecutionListener.java:276) - Began transaction (5) for test context [DefaultTestContext@790eaf11 testClass = CreateAccountCommandValidatorIntegrationSpec, testInstance = com.tim.one.validator.CreateAccountCommandValidatorIntegrationSpec@5c832e61, testMethod = $spock_feature_0_0@CreateAccountCommandValidatorIntegrationSpec, testException = [null], mergedContextConfiguration = [MergedContextConfiguration@429f1b2e testClass = CreateAccountCommandValidatorIntegrationSpec, locations = '{classpath:/services-appctx.xml, classpath:/persistence-appctx.xml, classpath:/jms-appctx.xml, classpath:/mail-context.xml, classpath:/transaction-appctx.xml, classpath:/formatter-appctx.xml, classpath:/stp-appctx.xml, classpath:/aop-appctx.xml, classpath:/properties-appctx.xml}', classes = '{}', contextInitializerClasses = '[]', activeProfiles = '{}', contextLoader = 'org.springframework.test.context.support.DelegatingSmartContextLoader', parent = [null]]]; transaction manager [org.springframework.orm.jpa.JpaTransactionManager@5f5ca74d]; rollback [true]
2015-05-20 12:04:28,595  INFO [Test worker] (?:?) - violations:1
2015-05-20 12:04:28,596  INFO [Test worker] (?:?) - field:bankCode
2015-05-20 12:04:28,596  INFO [Test worker] (?:?) - message:must be greater than or equal to 1
2015-05-20 12:04:28,597  INFO [Test worker] (TransactionalTestExecutionListener.java:298) - Rolled back transaction after test execution for test context [DefaultTestContext@790eaf11 testClass = CreateAccountCommandValidatorIntegrationSpec, testInstance = com.tim.one.validator.CreateAccountCommandValidatorIntegrationSpec@5c832e61, testMethod = $spock_feature_0_0@CreateAccountCommandValidatorIntegrationSpec, testException = [null], mergedContextConfiguration = [MergedContextConfiguration@429f1b2e testClass = CreateAccountCommandValidatorIntegrationSpec, locations = '{classpath:/services-appctx.xml, classpath:/persistence-appctx.xml, classpath:/jms-appctx.xml, classpath:/mail-context.xml, classpath:/transaction-appctx.xml, classpath:/formatter-appctx.xml, classpath:/stp-appctx.xml, classpath:/aop-appctx.xml, classpath:/properties-appctx.xml}', classes = '{}', contextInitializerClasses = '[]', activeProfiles = '{}', contextLoader = 'org.springframework.test.context.support.DelegatingSmartContextLoader', parent = [null]]]
2015-05-20 12:04:28,601  INFO [Test worker] (TransactionalTestExecutionListener.java:276) - Began transaction (6) for test context [DefaultTestContext@790eaf11 testClass = CreateAccountCommandValidatorIntegrationSpec, testInstance = com.tim.one.validator.CreateAccountCommandValidatorIntegrationSpec@2beadc7a, testMethod = $spock_feature_0_0@CreateAccountCommandValidatorIntegrationSpec, testException = [null], mergedContextConfiguration = [MergedContextConfiguration@429f1b2e testClass = CreateAccountCommandValidatorIntegrationSpec, locations = '{classpath:/services-appctx.xml, classpath:/persistence-appctx.xml, classpath:/jms-appctx.xml, classpath:/mail-context.xml, classpath:/transaction-appctx.xml, classpath:/formatter-appctx.xml, classpath:/stp-appctx.xml, classpath:/aop-appctx.xml, classpath:/properties-appctx.xml}', classes = '{}', contextInitializerClasses = '[]', activeProfiles = '{}', contextLoader = 'org.springframework.test.context.support.DelegatingSmartContextLoader', parent = [null]]]; transaction manager [org.springframework.orm.jpa.JpaTransactionManager@5f5ca74d]; rollback [true]
2015-05-20 12:04:28,613  INFO [Test worker] (?:?) - violations:1
2015-05-20 12:04:28,613  INFO [Test worker] (?:?) - field:bankCode
2015-05-20 12:04:28,613  INFO [Test worker] (?:?) - message:may not be null
2015-05-20 12:04:28,614  INFO [Test worker] (TransactionalTestExecutionListener.java:298) - Rolled back transaction after test execution for test context [DefaultTestContext@790eaf11 testClass = CreateAccountCommandValidatorIntegrationSpec, testInstance = com.tim.one.validator.CreateAccountCommandValidatorIntegrationSpec@2beadc7a, testMethod = $spock_feature_0_0@CreateAccountCommandValidatorIntegrationSpec, testException = [null], mergedContextConfiguration = [MergedContextConfiguration@429f1b2e testClass = CreateAccountCommandValidatorIntegrationSpec, locations = '{classpath:/services-appctx.xml, classpath:/persistence-appctx.xml, classpath:/jms-appctx.xml, classpath:/mail-context.xml, classpath:/transaction-appctx.xml, classpath:/formatter-appctx.xml, classpath:/stp-appctx.xml, classpath:/aop-appctx.xml, classpath:/properties-appctx.xml}', classes = '{}', contextInitializerClasses = '[]', activeProfiles = '{}', contextLoader = 'org.springframework.test.context.support.DelegatingSmartContextLoader', parent = [null]]]
2015-05-20 12:04:28,618  INFO [Test worker] (TransactionalTestExecutionListener.java:276) - Began transaction (7) for test context [DefaultTestContext@790eaf11 testClass = CreateAccountCommandValidatorIntegrationSpec, testInstance = com.tim.one.validator.CreateAccountCommandValidatorIntegrationSpec@2889af56, testMethod = $spock_feature_0_0@CreateAccountCommandValidatorIntegrationSpec, testException = [null], mergedContextConfiguration = [MergedContextConfiguration@429f1b2e testClass = CreateAccountCommandValidatorIntegrationSpec, locations = '{classpath:/services-appctx.xml, classpath:/persistence-appctx.xml, classpath:/jms-appctx.xml, classpath:/mail-context.xml, classpath:/transaction-appctx.xml, classpath:/formatter-appctx.xml, classpath:/stp-appctx.xml, classpath:/aop-appctx.xml, classpath:/properties-appctx.xml}', classes = '{}', contextInitializerClasses = '[]', activeProfiles = '{}', contextLoader = 'org.springframework.test.context.support.DelegatingSmartContextLoader', parent = [null]]]; transaction manager [org.springframework.orm.jpa.JpaTransactionManager@5f5ca74d]; rollback [true]
2015-05-20 12:04:28,631  INFO [Test worker] (?:?) - violations:1
2015-05-20 12:04:28,631  INFO [Test worker] (?:?) - field:clabe
2015-05-20 12:04:28,631  INFO [Test worker] (?:?) - message:size must be between 1 and 50
2015-05-20 12:04:28,632  INFO [Test worker] (TransactionalTestExecutionListener.java:298) - Rolled back transaction after test execution for test context [DefaultTestContext@790eaf11 testClass = CreateAccountCommandValidatorIntegrationSpec, testInstance = com.tim.one.validator.CreateAccountCommandValidatorIntegrationSpec@2889af56, testMethod = $spock_feature_0_0@CreateAccountCommandValidatorIntegrationSpec, testException = [null], mergedContextConfiguration = [MergedContextConfiguration@429f1b2e testClass = CreateAccountCommandValidatorIntegrationSpec, locations = '{classpath:/services-appctx.xml, classpath:/persistence-appctx.xml, classpath:/jms-appctx.xml, classpath:/mail-context.xml, classpath:/transaction-appctx.xml, classpath:/formatter-appctx.xml, classpath:/stp-appctx.xml, classpath:/aop-appctx.xml, classpath:/properties-appctx.xml}', classes = '{}', contextInitializerClasses = '[]', activeProfiles = '{}', contextLoader = 'org.springframework.test.context.support.DelegatingSmartContextLoader', parent = [null]]]
2015-05-20 12:04:28,636  INFO [Test worker] (TransactionalTestExecutionListener.java:276) - Began transaction (8) for test context [DefaultTestContext@790eaf11 testClass = CreateAccountCommandValidatorIntegrationSpec, testInstance = com.tim.one.validator.CreateAccountCommandValidatorIntegrationSpec@16cd7b1e, testMethod = $spock_feature_0_0@CreateAccountCommandValidatorIntegrationSpec, testException = [null], mergedContextConfiguration = [MergedContextConfiguration@429f1b2e testClass = CreateAccountCommandValidatorIntegrationSpec, locations = '{classpath:/services-appctx.xml, classpath:/persistence-appctx.xml, classpath:/jms-appctx.xml, classpath:/mail-context.xml, classpath:/transaction-appctx.xml, classpath:/formatter-appctx.xml, classpath:/stp-appctx.xml, classpath:/aop-appctx.xml, classpath:/properties-appctx.xml}', classes = '{}', contextInitializerClasses = '[]', activeProfiles = '{}', contextLoader = 'org.springframework.test.context.support.DelegatingSmartContextLoader', parent = [null]]]; transaction manager [org.springframework.orm.jpa.JpaTransactionManager@5f5ca74d]; rollback [true]
2015-05-20 12:04:28,647  INFO [Test worker] (?:?) - violations:1
2015-05-20 12:04:28,648  INFO [Test worker] (?:?) - field:clabe
2015-05-20 12:04:28,648  INFO [Test worker] (?:?) - message:may not be null
2015-05-20 12:04:28,649  INFO [Test worker] (TransactionalTestExecutionListener.java:298) - Rolled back transaction after test execution for test context [DefaultTestContext@790eaf11 testClass = CreateAccountCommandValidatorIntegrationSpec, testInstance = com.tim.one.validator.CreateAccountCommandValidatorIntegrationSpec@16cd7b1e, testMethod = $spock_feature_0_0@CreateAccountCommandValidatorIntegrationSpec, testException = [null], mergedContextConfiguration = [MergedContextConfiguration@429f1b2e testClass = CreateAccountCommandValidatorIntegrationSpec, locations = '{classpath:/services-appctx.xml, classpath:/persistence-appctx.xml, classpath:/jms-appctx.xml, classpath:/mail-context.xml, classpath:/transaction-appctx.xml, classpath:/formatter-appctx.xml, classpath:/stp-appctx.xml, classpath:/aop-appctx.xml, classpath:/properties-appctx.xml}', classes = '{}', contextInitializerClasses = '[]', activeProfiles = '{}', contextLoader = 'org.springframework.test.context.support.DelegatingSmartContextLoader', parent = [null]]]
2015-05-20 12:04:28,652  INFO [Test worker] (TransactionalTestExecutionListener.java:276) - Began transaction (9) for test context [DefaultTestContext@790eaf11 testClass = CreateAccountCommandValidatorIntegrationSpec, testInstance = com.tim.one.validator.CreateAccountCommandValidatorIntegrationSpec@5959a82c, testMethod = $spock_feature_0_0@CreateAccountCommandValidatorIntegrationSpec, testException = [null], mergedContextConfiguration = [MergedContextConfiguration@429f1b2e testClass = CreateAccountCommandValidatorIntegrationSpec, locations = '{classpath:/services-appctx.xml, classpath:/persistence-appctx.xml, classpath:/jms-appctx.xml, classpath:/mail-context.xml, classpath:/transaction-appctx.xml, classpath:/formatter-appctx.xml, classpath:/stp-appctx.xml, classpath:/aop-appctx.xml, classpath:/properties-appctx.xml}', classes = '{}', contextInitializerClasses = '[]', activeProfiles = '{}', contextLoader = 'org.springframework.test.context.support.DelegatingSmartContextLoader', parent = [null]]]; transaction manager [org.springframework.orm.jpa.JpaTransactionManager@5f5ca74d]; rollback [true]
2015-05-20 12:04:28,664  INFO [Test worker] (?:?) - violations:1
2015-05-20 12:04:28,665  INFO [Test worker] (?:?) - field:clabe
2015-05-20 12:04:28,665  INFO [Test worker] (?:?) - message:size must be between 1 and 50
2015-05-20 12:04:28,666  INFO [Test worker] (TransactionalTestExecutionListener.java:298) - Rolled back transaction after test execution for test context [DefaultTestContext@790eaf11 testClass = CreateAccountCommandValidatorIntegrationSpec, testInstance = com.tim.one.validator.CreateAccountCommandValidatorIntegrationSpec@5959a82c, testMethod = $spock_feature_0_0@CreateAccountCommandValidatorIntegrationSpec, testException = [null], mergedContextConfiguration = [MergedContextConfiguration@429f1b2e testClass = CreateAccountCommandValidatorIntegrationSpec, locations = '{classpath:/services-appctx.xml, classpath:/persistence-appctx.xml, classpath:/jms-appctx.xml, classpath:/mail-context.xml, classpath:/transaction-appctx.xml, classpath:/formatter-appctx.xml, classpath:/stp-appctx.xml, classpath:/aop-appctx.xml, classpath:/properties-appctx.xml}', classes = '{}', contextInitializerClasses = '[]', activeProfiles = '{}', contextLoader = 'org.springframework.test.context.support.DelegatingSmartContextLoader', parent = [null]]]
2015-05-20 12:04:28,669  INFO [Test worker] (TransactionalTestExecutionListener.java:276) - Began transaction (10) for test context [DefaultTestContext@790eaf11 testClass = CreateAccountCommandValidatorIntegrationSpec, testInstance = com.tim.one.validator.CreateAccountCommandValidatorIntegrationSpec@3a58fbac, testMethod = $spock_feature_0_0@CreateAccountCommandValidatorIntegrationSpec, testException = [null], mergedContextConfiguration = [MergedContextConfiguration@429f1b2e testClass = CreateAccountCommandValidatorIntegrationSpec, locations = '{classpath:/services-appctx.xml, classpath:/persistence-appctx.xml, classpath:/jms-appctx.xml, classpath:/mail-context.xml, classpath:/transaction-appctx.xml, classpath:/formatter-appctx.xml, classpath:/stp-appctx.xml, classpath:/aop-appctx.xml, classpath:/properties-appctx.xml}', classes = '{}', contextInitializerClasses = '[]', activeProfiles = '{}', contextLoader = 'org.springframework.test.context.support.DelegatingSmartContextLoader', parent = [null]]]; transaction manager [org.springframework.orm.jpa.JpaTransactionManager@5f5ca74d]; rollback [true]
2015-05-20 12:04:28,677  INFO [Test worker] (?:?) - violations:1
2015-05-20 12:04:28,677  INFO [Test worker] (?:?) - field:clabe
2015-05-20 12:04:28,677  INFO [Test worker] (?:?) - message:may have unsafe html content
2015-05-20 12:04:28,678  INFO [Test worker] (TransactionalTestExecutionListener.java:298) - Rolled back transaction after test execution for test context [DefaultTestContext@790eaf11 testClass = CreateAccountCommandValidatorIntegrationSpec, testInstance = com.tim.one.validator.CreateAccountCommandValidatorIntegrationSpec@3a58fbac, testMethod = $spock_feature_0_0@CreateAccountCommandValidatorIntegrationSpec, testException = [null], mergedContextConfiguration = [MergedContextConfiguration@429f1b2e testClass = CreateAccountCommandValidatorIntegrationSpec, locations = '{classpath:/services-appctx.xml, classpath:/persistence-appctx.xml, classpath:/jms-appctx.xml, classpath:/mail-context.xml, classpath:/transaction-appctx.xml, classpath:/formatter-appctx.xml, classpath:/stp-appctx.xml, classpath:/aop-appctx.xml, classpath:/properties-appctx.xml}', classes = '{}', contextInitializerClasses = '[]', activeProfiles = '{}', contextLoader = 'org.springframework.test.context.support.DelegatingSmartContextLoader', parent = [null]]]
]]></system-out>
  <system-err><![CDATA[]]></system-err>
</testsuite>
