<?xml version="1.0" encoding="UTF-8"?>
<testsuite name="com.tim.one.controller.TestUserController" tests="4" skipped="0" failures="0" errors="0" timestamp="2015-05-20T17:04:33" hostname="josdem-Inspiron-5420" time="0.036">
  <properties/>
  <testcase name="shouldGetUserByUuid" classname="com.tim.one.controller.TestUserController" time="0.026"/>
  <testcase name="shouldCreateUser" classname="com.tim.one.controller.TestUserController" time="0.002"/>
  <testcase name="shouldGetExistingUser" classname="com.tim.one.controller.TestUserController" time="0.002"/>
  <testcase name="shouldGetUserByAccount" classname="com.tim.one.controller.TestUserController" time="0.002"/>
  <system-out><![CDATA[2015-05-20 12:04:33,946  INFO [Test worker] (UserController.java:46) - Get user by uuid: 1
2015-05-20 12:04:33,950  INFO [Test worker] (UserController.java:72) - Save user w/email: email
2015-05-20 12:04:33,954  INFO [Test worker] (UserController.java:72) - Save user w/email: email
2015-05-20 12:04:33,956  INFO [Test worker] (UserController.java:59) - Get user by account: account
]]></system-out>
  <system-err><![CDATA[]]></system-err>
</testsuite>
