<?xml version="1.0" encoding="UTF-8"?>
<testsuite name="com.tim.one.validator.IntegraTransferFundsCommandValidatorIntegrationSpec" tests="12" skipped="0" failures="0" errors="0" timestamp="2015-05-20T17:04:32" hostname="josdem-Inspiron-5420" time="0.167">
  <properties/>
  <testcase name="When we have a user with 51d172788b034b738565f7dd4d4cb2fe as origin account, and user with 9f76bd8b6ca846d397cec03cdc66f6dd as destiny account &#10;&#9;and first is trying to transfer 0.01 to the destination account the result is: true" classname="com.tim.one.validator.IntegraTransferFundsCommandValidatorIntegrationSpec" time="0.027"/>
  <testcase name="When we have a user with 5 as origin account, and user with 9f76bd8b6ca846d397cec03cdc66f6dd as destiny account &#10;&#9;and first is trying to transfer 0.01 to the destination account the result is: false" classname="com.tim.one.validator.IntegraTransferFundsCommandValidatorIntegrationSpec" time="0.012"/>
  <testcase name="When we have a user with  as origin account, and user with 9f76bd8b6ca846d397cec03cdc66f6dd as destiny account &#10;&#9;and first is trying to transfer 0.01 to the destination account the result is: false" classname="com.tim.one.validator.IntegraTransferFundsCommandValidatorIntegrationSpec" time="0.012"/>
  <testcase name="When we have a user with null as origin account, and user with 9f76bd8b6ca846d397cec03cdc66f6dd as destiny account &#10;&#9;and first is trying to transfer 0.01 to the destination account the result is: false" classname="com.tim.one.validator.IntegraTransferFundsCommandValidatorIntegrationSpec" time="0.012"/>
  <testcase name="When we have a user with 51d172788b034b738565f7dd4d4cb2fe as origin account, and user with 9 as destiny account &#10;&#9;and first is trying to transfer 0.01 to the destination account the result is: false" classname="com.tim.one.validator.IntegraTransferFundsCommandValidatorIntegrationSpec" time="0.013"/>
  <testcase name="When we have a user with 51d172788b034b738565f7dd4d4cb2fe as origin account, and user with  as destiny account &#10;&#9;and first is trying to transfer 0.01 to the destination account the result is: false" classname="com.tim.one.validator.IntegraTransferFundsCommandValidatorIntegrationSpec" time="0.013"/>
  <testcase name="When we have a user with 51d172788b034b738565f7dd4d4cb2fe as origin account, and user with null as destiny account &#10;&#9;and first is trying to transfer 0.01 to the destination account the result is: false" classname="com.tim.one.validator.IntegraTransferFundsCommandValidatorIntegrationSpec" time="0.013"/>
  <testcase name="When we have a user with 51d172788b034b738565f7dd4d4cb2fe as origin account, and user with 9f76bd8b6ca846d397cec03cdc66f6dd as destiny account &#10;&#9;and first is trying to transfer 0.00 to the destination account the result is: false" classname="com.tim.one.validator.IntegraTransferFundsCommandValidatorIntegrationSpec" time="0.012"/>
  <testcase name="When we have a user with 51d172788b034b738565f7dd4d4cb2fe as origin account, and user with 9f76bd8b6ca846d397cec03cdc66f6dd as destiny account &#10;&#9;and first is trying to transfer -10.00 to the destination account the result is: false" classname="com.tim.one.validator.IntegraTransferFundsCommandValidatorIntegrationSpec" time="0.013"/>
  <testcase name="When we have a user with 51d172788b034b738565f7dd4d4cb2fe as origin account, and user with 9f76bd8b6ca846d397cec03cdc66f6dd as destiny account &#10;&#9;and first is trying to transfer null to the destination account the result is: false" classname="com.tim.one.validator.IntegraTransferFundsCommandValidatorIntegrationSpec" time="0.012"/>
  <testcase name="When we have a user with &lt;script&gt;alert('josdem')&lt;/script&gt; as origin account, and user with 9f76bd8b6ca846d397cec03cdc66f6dd as destiny account &#10;&#9;and first is trying to transfer 0.01 to the destination account the result is: false" classname="com.tim.one.validator.IntegraTransferFundsCommandValidatorIntegrationSpec" time="0.012"/>
  <testcase name="When we have a user with 51d172788b034b738565f7dd4d4cb2fe as origin account, and user with &lt;script&gt;alert('josdem')&lt;/script&gt; as destiny account &#10;&#9;and first is trying to transfer 0.01 to the destination account the result is: false" classname="com.tim.one.validator.IntegraTransferFundsCommandValidatorIntegrationSpec" time="0.012"/>
  <system-out><![CDATA[2015-05-20 12:04:32,491 DEBUG [Test worker] (AbstractFallbackTransactionAttributeSource.java:108) - Adding transactional method 'IntegraTransferFundsCommandValidatorIntegrationSpec.$spock_feature_0_0' with attribute: PROPAGATION_REQUIRED,ISOLATION_DEFAULT; ''
2015-05-20 12:04:32,493  INFO [Test worker] (TransactionalTestExecutionListener.java:276) - Began transaction (1) for test context [DefaultTestContext@7311a69a testClass = IntegraTransferFundsCommandValidatorIntegrationSpec, testInstance = com.tim.one.validator.IntegraTransferFundsCommandValidatorIntegrationSpec@bd1037b, testMethod = $spock_feature_0_0@IntegraTransferFundsCommandValidatorIntegrationSpec, testException = [null], mergedContextConfiguration = [MergedContextConfiguration@473b864c testClass = IntegraTransferFundsCommandValidatorIntegrationSpec, locations = '{classpath:/services-appctx.xml, classpath:/persistence-appctx.xml, classpath:/jms-appctx.xml, classpath:/mail-context.xml, classpath:/transaction-appctx.xml, classpath:/formatter-appctx.xml, classpath:/stp-appctx.xml, classpath:/aop-appctx.xml, classpath:/properties-appctx.xml}', classes = '{}', contextInitializerClasses = '[]', activeProfiles = '{}', contextLoader = 'org.springframework.test.context.support.DelegatingSmartContextLoader', parent = [null]]]; transaction manager [org.springframework.orm.jpa.JpaTransactionManager@5f5ca74d]; rollback [true]
2015-05-20 12:04:32,504  INFO [Test worker] (?:?) - violations:0
2015-05-20 12:04:32,506  INFO [Test worker] (TransactionalTestExecutionListener.java:298) - Rolled back transaction after test execution for test context [DefaultTestContext@7311a69a testClass = IntegraTransferFundsCommandValidatorIntegrationSpec, testInstance = com.tim.one.validator.IntegraTransferFundsCommandValidatorIntegrationSpec@bd1037b, testMethod = $spock_feature_0_0@IntegraTransferFundsCommandValidatorIntegrationSpec, testException = [null], mergedContextConfiguration = [MergedContextConfiguration@473b864c testClass = IntegraTransferFundsCommandValidatorIntegrationSpec, locations = '{classpath:/services-appctx.xml, classpath:/persistence-appctx.xml, classpath:/jms-appctx.xml, classpath:/mail-context.xml, classpath:/transaction-appctx.xml, classpath:/formatter-appctx.xml, classpath:/stp-appctx.xml, classpath:/aop-appctx.xml, classpath:/properties-appctx.xml}', classes = '{}', contextInitializerClasses = '[]', activeProfiles = '{}', contextLoader = 'org.springframework.test.context.support.DelegatingSmartContextLoader', parent = [null]]]
2015-05-20 12:04:32,509  INFO [Test worker] (TransactionalTestExecutionListener.java:276) - Began transaction (2) for test context [DefaultTestContext@7311a69a testClass = IntegraTransferFundsCommandValidatorIntegrationSpec, testInstance = com.tim.one.validator.IntegraTransferFundsCommandValidatorIntegrationSpec@10b3eb57, testMethod = $spock_feature_0_0@IntegraTransferFundsCommandValidatorIntegrationSpec, testException = [null], mergedContextConfiguration = [MergedContextConfiguration@473b864c testClass = IntegraTransferFundsCommandValidatorIntegrationSpec, locations = '{classpath:/services-appctx.xml, classpath:/persistence-appctx.xml, classpath:/jms-appctx.xml, classpath:/mail-context.xml, classpath:/transaction-appctx.xml, classpath:/formatter-appctx.xml, classpath:/stp-appctx.xml, classpath:/aop-appctx.xml, classpath:/properties-appctx.xml}', classes = '{}', contextInitializerClasses = '[]', activeProfiles = '{}', contextLoader = 'org.springframework.test.context.support.DelegatingSmartContextLoader', parent = [null]]]; transaction manager [org.springframework.orm.jpa.JpaTransactionManager@5f5ca74d]; rollback [true]
2015-05-20 12:04:32,516  INFO [Test worker] (?:?) - violations:1
2015-05-20 12:04:32,517  INFO [Test worker] (?:?) - field:uuidOrigin
2015-05-20 12:04:32,517  INFO [Test worker] (?:?) - message:size must be between 32 and 32
2015-05-20 12:04:32,518  INFO [Test worker] (TransactionalTestExecutionListener.java:298) - Rolled back transaction after test execution for test context [DefaultTestContext@7311a69a testClass = IntegraTransferFundsCommandValidatorIntegrationSpec, testInstance = com.tim.one.validator.IntegraTransferFundsCommandValidatorIntegrationSpec@10b3eb57, testMethod = $spock_feature_0_0@IntegraTransferFundsCommandValidatorIntegrationSpec, testException = [null], mergedContextConfiguration = [MergedContextConfiguration@473b864c testClass = IntegraTransferFundsCommandValidatorIntegrationSpec, locations = '{classpath:/services-appctx.xml, classpath:/persistence-appctx.xml, classpath:/jms-appctx.xml, classpath:/mail-context.xml, classpath:/transaction-appctx.xml, classpath:/formatter-appctx.xml, classpath:/stp-appctx.xml, classpath:/aop-appctx.xml, classpath:/properties-appctx.xml}', classes = '{}', contextInitializerClasses = '[]', activeProfiles = '{}', contextLoader = 'org.springframework.test.context.support.DelegatingSmartContextLoader', parent = [null]]]
2015-05-20 12:04:32,521  INFO [Test worker] (TransactionalTestExecutionListener.java:276) - Began transaction (3) for test context [DefaultTestContext@7311a69a testClass = IntegraTransferFundsCommandValidatorIntegrationSpec, testInstance = com.tim.one.validator.IntegraTransferFundsCommandValidatorIntegrationSpec@4b7edba5, testMethod = $spock_feature_0_0@IntegraTransferFundsCommandValidatorIntegrationSpec, testException = [null], mergedContextConfiguration = [MergedContextConfiguration@473b864c testClass = IntegraTransferFundsCommandValidatorIntegrationSpec, locations = '{classpath:/services-appctx.xml, classpath:/persistence-appctx.xml, classpath:/jms-appctx.xml, classpath:/mail-context.xml, classpath:/transaction-appctx.xml, classpath:/formatter-appctx.xml, classpath:/stp-appctx.xml, classpath:/aop-appctx.xml, classpath:/properties-appctx.xml}', classes = '{}', contextInitializerClasses = '[]', activeProfiles = '{}', contextLoader = 'org.springframework.test.context.support.DelegatingSmartContextLoader', parent = [null]]]; transaction manager [org.springframework.orm.jpa.JpaTransactionManager@5f5ca74d]; rollback [true]
2015-05-20 12:04:32,529  INFO [Test worker] (?:?) - violations:1
2015-05-20 12:04:32,529  INFO [Test worker] (?:?) - field:uuidOrigin
2015-05-20 12:04:32,529  INFO [Test worker] (?:?) - message:size must be between 32 and 32
2015-05-20 12:04:32,531  INFO [Test worker] (TransactionalTestExecutionListener.java:298) - Rolled back transaction after test execution for test context [DefaultTestContext@7311a69a testClass = IntegraTransferFundsCommandValidatorIntegrationSpec, testInstance = com.tim.one.validator.IntegraTransferFundsCommandValidatorIntegrationSpec@4b7edba5, testMethod = $spock_feature_0_0@IntegraTransferFundsCommandValidatorIntegrationSpec, testException = [null], mergedContextConfiguration = [MergedContextConfiguration@473b864c testClass = IntegraTransferFundsCommandValidatorIntegrationSpec, locations = '{classpath:/services-appctx.xml, classpath:/persistence-appctx.xml, classpath:/jms-appctx.xml, classpath:/mail-context.xml, classpath:/transaction-appctx.xml, classpath:/formatter-appctx.xml, classpath:/stp-appctx.xml, classpath:/aop-appctx.xml, classpath:/properties-appctx.xml}', classes = '{}', contextInitializerClasses = '[]', activeProfiles = '{}', contextLoader = 'org.springframework.test.context.support.DelegatingSmartContextLoader', parent = [null]]]
2015-05-20 12:04:32,534  INFO [Test worker] (TransactionalTestExecutionListener.java:276) - Began transaction (4) for test context [DefaultTestContext@7311a69a testClass = IntegraTransferFundsCommandValidatorIntegrationSpec, testInstance = com.tim.one.validator.IntegraTransferFundsCommandValidatorIntegrationSpec@7449c4bf, testMethod = $spock_feature_0_0@IntegraTransferFundsCommandValidatorIntegrationSpec, testException = [null], mergedContextConfiguration = [MergedContextConfiguration@473b864c testClass = IntegraTransferFundsCommandValidatorIntegrationSpec, locations = '{classpath:/services-appctx.xml, classpath:/persistence-appctx.xml, classpath:/jms-appctx.xml, classpath:/mail-context.xml, classpath:/transaction-appctx.xml, classpath:/formatter-appctx.xml, classpath:/stp-appctx.xml, classpath:/aop-appctx.xml, classpath:/properties-appctx.xml}', classes = '{}', contextInitializerClasses = '[]', activeProfiles = '{}', contextLoader = 'org.springframework.test.context.support.DelegatingSmartContextLoader', parent = [null]]]; transaction manager [org.springframework.orm.jpa.JpaTransactionManager@5f5ca74d]; rollback [true]
2015-05-20 12:04:32,540  INFO [Test worker] (?:?) - violations:1
2015-05-20 12:04:32,541  INFO [Test worker] (?:?) - field:uuidOrigin
2015-05-20 12:04:32,542  INFO [Test worker] (?:?) - message:may not be null
2015-05-20 12:04:32,543  INFO [Test worker] (TransactionalTestExecutionListener.java:298) - Rolled back transaction after test execution for test context [DefaultTestContext@7311a69a testClass = IntegraTransferFundsCommandValidatorIntegrationSpec, testInstance = com.tim.one.validator.IntegraTransferFundsCommandValidatorIntegrationSpec@7449c4bf, testMethod = $spock_feature_0_0@IntegraTransferFundsCommandValidatorIntegrationSpec, testException = [null], mergedContextConfiguration = [MergedContextConfiguration@473b864c testClass = IntegraTransferFundsCommandValidatorIntegrationSpec, locations = '{classpath:/services-appctx.xml, classpath:/persistence-appctx.xml, classpath:/jms-appctx.xml, classpath:/mail-context.xml, classpath:/transaction-appctx.xml, classpath:/formatter-appctx.xml, classpath:/stp-appctx.xml, classpath:/aop-appctx.xml, classpath:/properties-appctx.xml}', classes = '{}', contextInitializerClasses = '[]', activeProfiles = '{}', contextLoader = 'org.springframework.test.context.support.DelegatingSmartContextLoader', parent = [null]]]
2015-05-20 12:04:32,546  INFO [Test worker] (TransactionalTestExecutionListener.java:276) - Began transaction (5) for test context [DefaultTestContext@7311a69a testClass = IntegraTransferFundsCommandValidatorIntegrationSpec, testInstance = com.tim.one.validator.IntegraTransferFundsCommandValidatorIntegrationSpec@3e4a3b7, testMethod = $spock_feature_0_0@IntegraTransferFundsCommandValidatorIntegrationSpec, testException = [null], mergedContextConfiguration = [MergedContextConfiguration@473b864c testClass = IntegraTransferFundsCommandValidatorIntegrationSpec, locations = '{classpath:/services-appctx.xml, classpath:/persistence-appctx.xml, classpath:/jms-appctx.xml, classpath:/mail-context.xml, classpath:/transaction-appctx.xml, classpath:/formatter-appctx.xml, classpath:/stp-appctx.xml, classpath:/aop-appctx.xml, classpath:/properties-appctx.xml}', classes = '{}', contextInitializerClasses = '[]', activeProfiles = '{}', contextLoader = 'org.springframework.test.context.support.DelegatingSmartContextLoader', parent = [null]]]; transaction manager [org.springframework.orm.jpa.JpaTransactionManager@5f5ca74d]; rollback [true]
2015-05-20 12:04:32,554  INFO [Test worker] (?:?) - violations:1
2015-05-20 12:04:32,554  INFO [Test worker] (?:?) - field:uuidDestination
2015-05-20 12:04:32,555  INFO [Test worker] (?:?) - message:size must be between 32 and 32
2015-05-20 12:04:32,556  INFO [Test worker] (TransactionalTestExecutionListener.java:298) - Rolled back transaction after test execution for test context [DefaultTestContext@7311a69a testClass = IntegraTransferFundsCommandValidatorIntegrationSpec, testInstance = com.tim.one.validator.IntegraTransferFundsCommandValidatorIntegrationSpec@3e4a3b7, testMethod = $spock_feature_0_0@IntegraTransferFundsCommandValidatorIntegrationSpec, testException = [null], mergedContextConfiguration = [MergedContextConfiguration@473b864c testClass = IntegraTransferFundsCommandValidatorIntegrationSpec, locations = '{classpath:/services-appctx.xml, classpath:/persistence-appctx.xml, classpath:/jms-appctx.xml, classpath:/mail-context.xml, classpath:/transaction-appctx.xml, classpath:/formatter-appctx.xml, classpath:/stp-appctx.xml, classpath:/aop-appctx.xml, classpath:/properties-appctx.xml}', classes = '{}', contextInitializerClasses = '[]', activeProfiles = '{}', contextLoader = 'org.springframework.test.context.support.DelegatingSmartContextLoader', parent = [null]]]
2015-05-20 12:04:32,559  INFO [Test worker] (TransactionalTestExecutionListener.java:276) - Began transaction (6) for test context [DefaultTestContext@7311a69a testClass = IntegraTransferFundsCommandValidatorIntegrationSpec, testInstance = com.tim.one.validator.IntegraTransferFundsCommandValidatorIntegrationSpec@52e96192, testMethod = $spock_feature_0_0@IntegraTransferFundsCommandValidatorIntegrationSpec, testException = [null], mergedContextConfiguration = [MergedContextConfiguration@473b864c testClass = IntegraTransferFundsCommandValidatorIntegrationSpec, locations = '{classpath:/services-appctx.xml, classpath:/persistence-appctx.xml, classpath:/jms-appctx.xml, classpath:/mail-context.xml, classpath:/transaction-appctx.xml, classpath:/formatter-appctx.xml, classpath:/stp-appctx.xml, classpath:/aop-appctx.xml, classpath:/properties-appctx.xml}', classes = '{}', contextInitializerClasses = '[]', activeProfiles = '{}', contextLoader = 'org.springframework.test.context.support.DelegatingSmartContextLoader', parent = [null]]]; transaction manager [org.springframework.orm.jpa.JpaTransactionManager@5f5ca74d]; rollback [true]
2015-05-20 12:04:32,567  INFO [Test worker] (?:?) - violations:1
2015-05-20 12:04:32,567  INFO [Test worker] (?:?) - field:uuidDestination
2015-05-20 12:04:32,568  INFO [Test worker] (?:?) - message:size must be between 32 and 32
2015-05-20 12:04:32,569  INFO [Test worker] (TransactionalTestExecutionListener.java:298) - Rolled back transaction after test execution for test context [DefaultTestContext@7311a69a testClass = IntegraTransferFundsCommandValidatorIntegrationSpec, testInstance = com.tim.one.validator.IntegraTransferFundsCommandValidatorIntegrationSpec@52e96192, testMethod = $spock_feature_0_0@IntegraTransferFundsCommandValidatorIntegrationSpec, testException = [null], mergedContextConfiguration = [MergedContextConfiguration@473b864c testClass = IntegraTransferFundsCommandValidatorIntegrationSpec, locations = '{classpath:/services-appctx.xml, classpath:/persistence-appctx.xml, classpath:/jms-appctx.xml, classpath:/mail-context.xml, classpath:/transaction-appctx.xml, classpath:/formatter-appctx.xml, classpath:/stp-appctx.xml, classpath:/aop-appctx.xml, classpath:/properties-appctx.xml}', classes = '{}', contextInitializerClasses = '[]', activeProfiles = '{}', contextLoader = 'org.springframework.test.context.support.DelegatingSmartContextLoader', parent = [null]]]
2015-05-20 12:04:32,572  INFO [Test worker] (TransactionalTestExecutionListener.java:276) - Began transaction (7) for test context [DefaultTestContext@7311a69a testClass = IntegraTransferFundsCommandValidatorIntegrationSpec, testInstance = com.tim.one.validator.IntegraTransferFundsCommandValidatorIntegrationSpec@6d5f849f, testMethod = $spock_feature_0_0@IntegraTransferFundsCommandValidatorIntegrationSpec, testException = [null], mergedContextConfiguration = [MergedContextConfiguration@473b864c testClass = IntegraTransferFundsCommandValidatorIntegrationSpec, locations = '{classpath:/services-appctx.xml, classpath:/persistence-appctx.xml, classpath:/jms-appctx.xml, classpath:/mail-context.xml, classpath:/transaction-appctx.xml, classpath:/formatter-appctx.xml, classpath:/stp-appctx.xml, classpath:/aop-appctx.xml, classpath:/properties-appctx.xml}', classes = '{}', contextInitializerClasses = '[]', activeProfiles = '{}', contextLoader = 'org.springframework.test.context.support.DelegatingSmartContextLoader', parent = [null]]]; transaction manager [org.springframework.orm.jpa.JpaTransactionManager@5f5ca74d]; rollback [true]
2015-05-20 12:04:32,580  INFO [Test worker] (?:?) - violations:1
2015-05-20 12:04:32,580  INFO [Test worker] (?:?) - field:uuidDestination
2015-05-20 12:04:32,581  INFO [Test worker] (?:?) - message:may not be null
2015-05-20 12:04:32,582  INFO [Test worker] (TransactionalTestExecutionListener.java:298) - Rolled back transaction after test execution for test context [DefaultTestContext@7311a69a testClass = IntegraTransferFundsCommandValidatorIntegrationSpec, testInstance = com.tim.one.validator.IntegraTransferFundsCommandValidatorIntegrationSpec@6d5f849f, testMethod = $spock_feature_0_0@IntegraTransferFundsCommandValidatorIntegrationSpec, testException = [null], mergedContextConfiguration = [MergedContextConfiguration@473b864c testClass = IntegraTransferFundsCommandValidatorIntegrationSpec, locations = '{classpath:/services-appctx.xml, classpath:/persistence-appctx.xml, classpath:/jms-appctx.xml, classpath:/mail-context.xml, classpath:/transaction-appctx.xml, classpath:/formatter-appctx.xml, classpath:/stp-appctx.xml, classpath:/aop-appctx.xml, classpath:/properties-appctx.xml}', classes = '{}', contextInitializerClasses = '[]', activeProfiles = '{}', contextLoader = 'org.springframework.test.context.support.DelegatingSmartContextLoader', parent = [null]]]
2015-05-20 12:04:32,585  INFO [Test worker] (TransactionalTestExecutionListener.java:276) - Began transaction (8) for test context [DefaultTestContext@7311a69a testClass = IntegraTransferFundsCommandValidatorIntegrationSpec, testInstance = com.tim.one.validator.IntegraTransferFundsCommandValidatorIntegrationSpec@12e83fa3, testMethod = $spock_feature_0_0@IntegraTransferFundsCommandValidatorIntegrationSpec, testException = [null], mergedContextConfiguration = [MergedContextConfiguration@473b864c testClass = IntegraTransferFundsCommandValidatorIntegrationSpec, locations = '{classpath:/services-appctx.xml, classpath:/persistence-appctx.xml, classpath:/jms-appctx.xml, classpath:/mail-context.xml, classpath:/transaction-appctx.xml, classpath:/formatter-appctx.xml, classpath:/stp-appctx.xml, classpath:/aop-appctx.xml, classpath:/properties-appctx.xml}', classes = '{}', contextInitializerClasses = '[]', activeProfiles = '{}', contextLoader = 'org.springframework.test.context.support.DelegatingSmartContextLoader', parent = [null]]]; transaction manager [org.springframework.orm.jpa.JpaTransactionManager@5f5ca74d]; rollback [true]
2015-05-20 12:04:32,592  INFO [Test worker] (?:?) - violations:1
2015-05-20 12:04:32,593  INFO [Test worker] (?:?) - field:amount
2015-05-20 12:04:32,593  INFO [Test worker] (?:?) - message:must be greater than or equal to 0.01
2015-05-20 12:04:32,594  INFO [Test worker] (TransactionalTestExecutionListener.java:298) - Rolled back transaction after test execution for test context [DefaultTestContext@7311a69a testClass = IntegraTransferFundsCommandValidatorIntegrationSpec, testInstance = com.tim.one.validator.IntegraTransferFundsCommandValidatorIntegrationSpec@12e83fa3, testMethod = $spock_feature_0_0@IntegraTransferFundsCommandValidatorIntegrationSpec, testException = [null], mergedContextConfiguration = [MergedContextConfiguration@473b864c testClass = IntegraTransferFundsCommandValidatorIntegrationSpec, locations = '{classpath:/services-appctx.xml, classpath:/persistence-appctx.xml, classpath:/jms-appctx.xml, classpath:/mail-context.xml, classpath:/transaction-appctx.xml, classpath:/formatter-appctx.xml, classpath:/stp-appctx.xml, classpath:/aop-appctx.xml, classpath:/properties-appctx.xml}', classes = '{}', contextInitializerClasses = '[]', activeProfiles = '{}', contextLoader = 'org.springframework.test.context.support.DelegatingSmartContextLoader', parent = [null]]]
2015-05-20 12:04:32,597  INFO [Test worker] (TransactionalTestExecutionListener.java:276) - Began transaction (9) for test context [DefaultTestContext@7311a69a testClass = IntegraTransferFundsCommandValidatorIntegrationSpec, testInstance = com.tim.one.validator.IntegraTransferFundsCommandValidatorIntegrationSpec@2ee1962f, testMethod = $spock_feature_0_0@IntegraTransferFundsCommandValidatorIntegrationSpec, testException = [null], mergedContextConfiguration = [MergedContextConfiguration@473b864c testClass = IntegraTransferFundsCommandValidatorIntegrationSpec, locations = '{classpath:/services-appctx.xml, classpath:/persistence-appctx.xml, classpath:/jms-appctx.xml, classpath:/mail-context.xml, classpath:/transaction-appctx.xml, classpath:/formatter-appctx.xml, classpath:/stp-appctx.xml, classpath:/aop-appctx.xml, classpath:/properties-appctx.xml}', classes = '{}', contextInitializerClasses = '[]', activeProfiles = '{}', contextLoader = 'org.springframework.test.context.support.DelegatingSmartContextLoader', parent = [null]]]; transaction manager [org.springframework.orm.jpa.JpaTransactionManager@5f5ca74d]; rollback [true]
2015-05-20 12:04:32,606  INFO [Test worker] (?:?) - violations:1
2015-05-20 12:04:32,606  INFO [Test worker] (?:?) - field:amount
2015-05-20 12:04:32,607  INFO [Test worker] (?:?) - message:must be greater than or equal to 0.01
2015-05-20 12:04:32,608  INFO [Test worker] (TransactionalTestExecutionListener.java:298) - Rolled back transaction after test execution for test context [DefaultTestContext@7311a69a testClass = IntegraTransferFundsCommandValidatorIntegrationSpec, testInstance = com.tim.one.validator.IntegraTransferFundsCommandValidatorIntegrationSpec@2ee1962f, testMethod = $spock_feature_0_0@IntegraTransferFundsCommandValidatorIntegrationSpec, testException = [null], mergedContextConfiguration = [MergedContextConfiguration@473b864c testClass = IntegraTransferFundsCommandValidatorIntegrationSpec, locations = '{classpath:/services-appctx.xml, classpath:/persistence-appctx.xml, classpath:/jms-appctx.xml, classpath:/mail-context.xml, classpath:/transaction-appctx.xml, classpath:/formatter-appctx.xml, classpath:/stp-appctx.xml, classpath:/aop-appctx.xml, classpath:/properties-appctx.xml}', classes = '{}', contextInitializerClasses = '[]', activeProfiles = '{}', contextLoader = 'org.springframework.test.context.support.DelegatingSmartContextLoader', parent = [null]]]
2015-05-20 12:04:32,611  INFO [Test worker] (TransactionalTestExecutionListener.java:276) - Began transaction (10) for test context [DefaultTestContext@7311a69a testClass = IntegraTransferFundsCommandValidatorIntegrationSpec, testInstance = com.tim.one.validator.IntegraTransferFundsCommandValidatorIntegrationSpec@6431a727, testMethod = $spock_feature_0_0@IntegraTransferFundsCommandValidatorIntegrationSpec, testException = [null], mergedContextConfiguration = [MergedContextConfiguration@473b864c testClass = IntegraTransferFundsCommandValidatorIntegrationSpec, locations = '{classpath:/services-appctx.xml, classpath:/persistence-appctx.xml, classpath:/jms-appctx.xml, classpath:/mail-context.xml, classpath:/transaction-appctx.xml, classpath:/formatter-appctx.xml, classpath:/stp-appctx.xml, classpath:/aop-appctx.xml, classpath:/properties-appctx.xml}', classes = '{}', contextInitializerClasses = '[]', activeProfiles = '{}', contextLoader = 'org.springframework.test.context.support.DelegatingSmartContextLoader', parent = [null]]]; transaction manager [org.springframework.orm.jpa.JpaTransactionManager@5f5ca74d]; rollback [true]
2015-05-20 12:04:32,619  INFO [Test worker] (?:?) - violations:1
2015-05-20 12:04:32,619  INFO [Test worker] (?:?) - field:amount
2015-05-20 12:04:32,620  INFO [Test worker] (?:?) - message:may not be null
2015-05-20 12:04:32,621  INFO [Test worker] (TransactionalTestExecutionListener.java:298) - Rolled back transaction after test execution for test context [DefaultTestContext@7311a69a testClass = IntegraTransferFundsCommandValidatorIntegrationSpec, testInstance = com.tim.one.validator.IntegraTransferFundsCommandValidatorIntegrationSpec@6431a727, testMethod = $spock_feature_0_0@IntegraTransferFundsCommandValidatorIntegrationSpec, testException = [null], mergedContextConfiguration = [MergedContextConfiguration@473b864c testClass = IntegraTransferFundsCommandValidatorIntegrationSpec, locations = '{classpath:/services-appctx.xml, classpath:/persistence-appctx.xml, classpath:/jms-appctx.xml, classpath:/mail-context.xml, classpath:/transaction-appctx.xml, classpath:/formatter-appctx.xml, classpath:/stp-appctx.xml, classpath:/aop-appctx.xml, classpath:/properties-appctx.xml}', classes = '{}', contextInitializerClasses = '[]', activeProfiles = '{}', contextLoader = 'org.springframework.test.context.support.DelegatingSmartContextLoader', parent = [null]]]
2015-05-20 12:04:32,624  INFO [Test worker] (TransactionalTestExecutionListener.java:276) - Began transaction (11) for test context [DefaultTestContext@7311a69a testClass = IntegraTransferFundsCommandValidatorIntegrationSpec, testInstance = com.tim.one.validator.IntegraTransferFundsCommandValidatorIntegrationSpec@d377cd, testMethod = $spock_feature_0_0@IntegraTransferFundsCommandValidatorIntegrationSpec, testException = [null], mergedContextConfiguration = [MergedContextConfiguration@473b864c testClass = IntegraTransferFundsCommandValidatorIntegrationSpec, locations = '{classpath:/services-appctx.xml, classpath:/persistence-appctx.xml, classpath:/jms-appctx.xml, classpath:/mail-context.xml, classpath:/transaction-appctx.xml, classpath:/formatter-appctx.xml, classpath:/stp-appctx.xml, classpath:/aop-appctx.xml, classpath:/properties-appctx.xml}', classes = '{}', contextInitializerClasses = '[]', activeProfiles = '{}', contextLoader = 'org.springframework.test.context.support.DelegatingSmartContextLoader', parent = [null]]]; transaction manager [org.springframework.orm.jpa.JpaTransactionManager@5f5ca74d]; rollback [true]
2015-05-20 12:04:32,631  INFO [Test worker] (?:?) - violations:1
2015-05-20 12:04:32,632  INFO [Test worker] (?:?) - field:uuidOrigin
2015-05-20 12:04:32,632  INFO [Test worker] (?:?) - message:may have unsafe html content
2015-05-20 12:04:32,633  INFO [Test worker] (TransactionalTestExecutionListener.java:298) - Rolled back transaction after test execution for test context [DefaultTestContext@7311a69a testClass = IntegraTransferFundsCommandValidatorIntegrationSpec, testInstance = com.tim.one.validator.IntegraTransferFundsCommandValidatorIntegrationSpec@d377cd, testMethod = $spock_feature_0_0@IntegraTransferFundsCommandValidatorIntegrationSpec, testException = [null], mergedContextConfiguration = [MergedContextConfiguration@473b864c testClass = IntegraTransferFundsCommandValidatorIntegrationSpec, locations = '{classpath:/services-appctx.xml, classpath:/persistence-appctx.xml, classpath:/jms-appctx.xml, classpath:/mail-context.xml, classpath:/transaction-appctx.xml, classpath:/formatter-appctx.xml, classpath:/stp-appctx.xml, classpath:/aop-appctx.xml, classpath:/properties-appctx.xml}', classes = '{}', contextInitializerClasses = '[]', activeProfiles = '{}', contextLoader = 'org.springframework.test.context.support.DelegatingSmartContextLoader', parent = [null]]]
2015-05-20 12:04:32,636  INFO [Test worker] (TransactionalTestExecutionListener.java:276) - Began transaction (12) for test context [DefaultTestContext@7311a69a testClass = IntegraTransferFundsCommandValidatorIntegrationSpec, testInstance = com.tim.one.validator.IntegraTransferFundsCommandValidatorIntegrationSpec@2bd86ff9, testMethod = $spock_feature_0_0@IntegraTransferFundsCommandValidatorIntegrationSpec, testException = [null], mergedContextConfiguration = [MergedContextConfiguration@473b864c testClass = IntegraTransferFundsCommandValidatorIntegrationSpec, locations = '{classpath:/services-appctx.xml, classpath:/persistence-appctx.xml, classpath:/jms-appctx.xml, classpath:/mail-context.xml, classpath:/transaction-appctx.xml, classpath:/formatter-appctx.xml, classpath:/stp-appctx.xml, classpath:/aop-appctx.xml, classpath:/properties-appctx.xml}', classes = '{}', contextInitializerClasses = '[]', activeProfiles = '{}', contextLoader = 'org.springframework.test.context.support.DelegatingSmartContextLoader', parent = [null]]]; transaction manager [org.springframework.orm.jpa.JpaTransactionManager@5f5ca74d]; rollback [true]
2015-05-20 12:04:32,644  INFO [Test worker] (?:?) - violations:1
2015-05-20 12:04:32,644  INFO [Test worker] (?:?) - field:uuidDestination
2015-05-20 12:04:32,645  INFO [Test worker] (?:?) - message:may have unsafe html content
2015-05-20 12:04:32,646  INFO [Test worker] (TransactionalTestExecutionListener.java:298) - Rolled back transaction after test execution for test context [DefaultTestContext@7311a69a testClass = IntegraTransferFundsCommandValidatorIntegrationSpec, testInstance = com.tim.one.validator.IntegraTransferFundsCommandValidatorIntegrationSpec@2bd86ff9, testMethod = $spock_feature_0_0@IntegraTransferFundsCommandValidatorIntegrationSpec, testException = [null], mergedContextConfiguration = [MergedContextConfiguration@473b864c testClass = IntegraTransferFundsCommandValidatorIntegrationSpec, locations = '{classpath:/services-appctx.xml, classpath:/persistence-appctx.xml, classpath:/jms-appctx.xml, classpath:/mail-context.xml, classpath:/transaction-appctx.xml, classpath:/formatter-appctx.xml, classpath:/stp-appctx.xml, classpath:/aop-appctx.xml, classpath:/properties-appctx.xml}', classes = '{}', contextInitializerClasses = '[]', activeProfiles = '{}', contextLoader = 'org.springframework.test.context.support.DelegatingSmartContextLoader', parent = [null]]]
]]></system-out>
  <system-err><![CDATA[]]></system-err>
</testsuite>
