<?xml version="1.0" encoding="UTF-8"?>
<testsuite name="com.tim.one.validator.IntegraCashinCommandValidatorIntegrationSpec" tests="9" skipped="0" failures="0" errors="0" timestamp="2015-05-20T17:04:30" hostname="josdem-Inspiron-5420" time="0.13">
  <properties/>
  <testcase name="When we have a user with 51d172788b034b738565f7dd4d4cb2fe as id, and &#10;&#9;is trying to transfer 0.01 when we validate we expecting that result is: true" classname="com.tim.one.validator.IntegraCashinCommandValidatorIntegrationSpec" time="0.024"/>
  <testcase name="When we have a user with 51d172788b034b738565f7dd4d4cb2f as id, and &#10;&#9;is trying to transfer 0.01 when we validate we expecting that result is: false" classname="com.tim.one.validator.IntegraCashinCommandValidatorIntegrationSpec" time="0.011"/>
  <testcase name="When we have a user with 51d172788b034b738565f7dd4d4cb2fea as id, and &#10;&#9;is trying to transfer 0.01 when we validate we expecting that result is: false" classname="com.tim.one.validator.IntegraCashinCommandValidatorIntegrationSpec" time="0.016"/>
  <testcase name="When we have a user with  as id, and &#10;&#9;is trying to transfer 0.01 when we validate we expecting that result is: false" classname="com.tim.one.validator.IntegraCashinCommandValidatorIntegrationSpec" time="0.017"/>
  <testcase name="When we have a user with null as id, and &#10;&#9;is trying to transfer 0.01 when we validate we expecting that result is: false" classname="com.tim.one.validator.IntegraCashinCommandValidatorIntegrationSpec" time="0.013"/>
  <testcase name="When we have a user with 51d172788b034b738565f7dd4d4cb2fe as id, and &#10;&#9;is trying to transfer 0.00 when we validate we expecting that result is: false" classname="com.tim.one.validator.IntegraCashinCommandValidatorIntegrationSpec" time="0.015"/>
  <testcase name="When we have a user with 51d172788b034b738565f7dd4d4cb2fe as id, and &#10;&#9;is trying to transfer -10.00 when we validate we expecting that result is: false" classname="com.tim.one.validator.IntegraCashinCommandValidatorIntegrationSpec" time="0.01"/>
  <testcase name="When we have a user with 51d172788b034b738565f7dd4d4cb2fe as id, and &#10;&#9;is trying to transfer null when we validate we expecting that result is: false" classname="com.tim.one.validator.IntegraCashinCommandValidatorIntegrationSpec" time="0.009"/>
  <testcase name="When we have a user with &lt;script&gt;alert('josdem')&lt;/script&gt; as id, and &#10;&#9;is trying to transfer 0.01 when we validate we expecting that result is: false" classname="com.tim.one.validator.IntegraCashinCommandValidatorIntegrationSpec" time="0.012"/>
  <system-out><![CDATA[2015-05-20 12:04:30,741 DEBUG [Test worker] (AbstractFallbackTransactionAttributeSource.java:108) - Adding transactional method 'IntegraCashinCommandValidatorIntegrationSpec.$spock_feature_0_0' with attribute: PROPAGATION_REQUIRED,ISOLATION_DEFAULT; ''
2015-05-20 12:04:30,743  INFO [Test worker] (TransactionalTestExecutionListener.java:276) - Began transaction (1) for test context [DefaultTestContext@28f25126 testClass = IntegraCashinCommandValidatorIntegrationSpec, testInstance = com.tim.one.validator.IntegraCashinCommandValidatorIntegrationSpec@3cadaaca, testMethod = $spock_feature_0_0@IntegraCashinCommandValidatorIntegrationSpec, testException = [null], mergedContextConfiguration = [MergedContextConfiguration@2da7d2e5 testClass = IntegraCashinCommandValidatorIntegrationSpec, locations = '{classpath:/services-appctx.xml, classpath:/persistence-appctx.xml, classpath:/jms-appctx.xml, classpath:/mail-context.xml, classpath:/transaction-appctx.xml, classpath:/formatter-appctx.xml, classpath:/stp-appctx.xml, classpath:/aop-appctx.xml, classpath:/properties-appctx.xml}', classes = '{}', contextInitializerClasses = '[]', activeProfiles = '{}', contextLoader = 'org.springframework.test.context.support.DelegatingSmartContextLoader', parent = [null]]]; transaction manager [org.springframework.orm.jpa.JpaTransactionManager@5f5ca74d]; rollback [true]
2015-05-20 12:04:30,751  INFO [Test worker] (?:?) - violations:0
2015-05-20 12:04:30,753  INFO [Test worker] (TransactionalTestExecutionListener.java:298) - Rolled back transaction after test execution for test context [DefaultTestContext@28f25126 testClass = IntegraCashinCommandValidatorIntegrationSpec, testInstance = com.tim.one.validator.IntegraCashinCommandValidatorIntegrationSpec@3cadaaca, testMethod = $spock_feature_0_0@IntegraCashinCommandValidatorIntegrationSpec, testException = [null], mergedContextConfiguration = [MergedContextConfiguration@2da7d2e5 testClass = IntegraCashinCommandValidatorIntegrationSpec, locations = '{classpath:/services-appctx.xml, classpath:/persistence-appctx.xml, classpath:/jms-appctx.xml, classpath:/mail-context.xml, classpath:/transaction-appctx.xml, classpath:/formatter-appctx.xml, classpath:/stp-appctx.xml, classpath:/aop-appctx.xml, classpath:/properties-appctx.xml}', classes = '{}', contextInitializerClasses = '[]', activeProfiles = '{}', contextLoader = 'org.springframework.test.context.support.DelegatingSmartContextLoader', parent = [null]]]
2015-05-20 12:04:30,755  INFO [Test worker] (TransactionalTestExecutionListener.java:276) - Began transaction (2) for test context [DefaultTestContext@28f25126 testClass = IntegraCashinCommandValidatorIntegrationSpec, testInstance = com.tim.one.validator.IntegraCashinCommandValidatorIntegrationSpec@71db1ce6, testMethod = $spock_feature_0_0@IntegraCashinCommandValidatorIntegrationSpec, testException = [null], mergedContextConfiguration = [MergedContextConfiguration@2da7d2e5 testClass = IntegraCashinCommandValidatorIntegrationSpec, locations = '{classpath:/services-appctx.xml, classpath:/persistence-appctx.xml, classpath:/jms-appctx.xml, classpath:/mail-context.xml, classpath:/transaction-appctx.xml, classpath:/formatter-appctx.xml, classpath:/stp-appctx.xml, classpath:/aop-appctx.xml, classpath:/properties-appctx.xml}', classes = '{}', contextInitializerClasses = '[]', activeProfiles = '{}', contextLoader = 'org.springframework.test.context.support.DelegatingSmartContextLoader', parent = [null]]]; transaction manager [org.springframework.orm.jpa.JpaTransactionManager@5f5ca74d]; rollback [true]
2015-05-20 12:04:30,762  INFO [Test worker] (?:?) - violations:1
2015-05-20 12:04:30,762  INFO [Test worker] (?:?) - field:uuid
2015-05-20 12:04:30,762  INFO [Test worker] (?:?) - message:size must be between 32 and 32
2015-05-20 12:04:30,763  INFO [Test worker] (TransactionalTestExecutionListener.java:298) - Rolled back transaction after test execution for test context [DefaultTestContext@28f25126 testClass = IntegraCashinCommandValidatorIntegrationSpec, testInstance = com.tim.one.validator.IntegraCashinCommandValidatorIntegrationSpec@71db1ce6, testMethod = $spock_feature_0_0@IntegraCashinCommandValidatorIntegrationSpec, testException = [null], mergedContextConfiguration = [MergedContextConfiguration@2da7d2e5 testClass = IntegraCashinCommandValidatorIntegrationSpec, locations = '{classpath:/services-appctx.xml, classpath:/persistence-appctx.xml, classpath:/jms-appctx.xml, classpath:/mail-context.xml, classpath:/transaction-appctx.xml, classpath:/formatter-appctx.xml, classpath:/stp-appctx.xml, classpath:/aop-appctx.xml, classpath:/properties-appctx.xml}', classes = '{}', contextInitializerClasses = '[]', activeProfiles = '{}', contextLoader = 'org.springframework.test.context.support.DelegatingSmartContextLoader', parent = [null]]]
2015-05-20 12:04:30,766  INFO [Test worker] (TransactionalTestExecutionListener.java:276) - Began transaction (3) for test context [DefaultTestContext@28f25126 testClass = IntegraCashinCommandValidatorIntegrationSpec, testInstance = com.tim.one.validator.IntegraCashinCommandValidatorIntegrationSpec@64a7bd76, testMethod = $spock_feature_0_0@IntegraCashinCommandValidatorIntegrationSpec, testException = [null], mergedContextConfiguration = [MergedContextConfiguration@2da7d2e5 testClass = IntegraCashinCommandValidatorIntegrationSpec, locations = '{classpath:/services-appctx.xml, classpath:/persistence-appctx.xml, classpath:/jms-appctx.xml, classpath:/mail-context.xml, classpath:/transaction-appctx.xml, classpath:/formatter-appctx.xml, classpath:/stp-appctx.xml, classpath:/aop-appctx.xml, classpath:/properties-appctx.xml}', classes = '{}', contextInitializerClasses = '[]', activeProfiles = '{}', contextLoader = 'org.springframework.test.context.support.DelegatingSmartContextLoader', parent = [null]]]; transaction manager [org.springframework.orm.jpa.JpaTransactionManager@5f5ca74d]; rollback [true]
2015-05-20 12:04:30,778  INFO [Test worker] (?:?) - violations:1
2015-05-20 12:04:30,778  INFO [Test worker] (?:?) - field:uuid
2015-05-20 12:04:30,778  INFO [Test worker] (?:?) - message:size must be between 32 and 32
2015-05-20 12:04:30,779  INFO [Test worker] (TransactionalTestExecutionListener.java:298) - Rolled back transaction after test execution for test context [DefaultTestContext@28f25126 testClass = IntegraCashinCommandValidatorIntegrationSpec, testInstance = com.tim.one.validator.IntegraCashinCommandValidatorIntegrationSpec@64a7bd76, testMethod = $spock_feature_0_0@IntegraCashinCommandValidatorIntegrationSpec, testException = [null], mergedContextConfiguration = [MergedContextConfiguration@2da7d2e5 testClass = IntegraCashinCommandValidatorIntegrationSpec, locations = '{classpath:/services-appctx.xml, classpath:/persistence-appctx.xml, classpath:/jms-appctx.xml, classpath:/mail-context.xml, classpath:/transaction-appctx.xml, classpath:/formatter-appctx.xml, classpath:/stp-appctx.xml, classpath:/aop-appctx.xml, classpath:/properties-appctx.xml}', classes = '{}', contextInitializerClasses = '[]', activeProfiles = '{}', contextLoader = 'org.springframework.test.context.support.DelegatingSmartContextLoader', parent = [null]]]
2015-05-20 12:04:30,782  INFO [Test worker] (TransactionalTestExecutionListener.java:276) - Began transaction (4) for test context [DefaultTestContext@28f25126 testClass = IntegraCashinCommandValidatorIntegrationSpec, testInstance = com.tim.one.validator.IntegraCashinCommandValidatorIntegrationSpec@a2daf30, testMethod = $spock_feature_0_0@IntegraCashinCommandValidatorIntegrationSpec, testException = [null], mergedContextConfiguration = [MergedContextConfiguration@2da7d2e5 testClass = IntegraCashinCommandValidatorIntegrationSpec, locations = '{classpath:/services-appctx.xml, classpath:/persistence-appctx.xml, classpath:/jms-appctx.xml, classpath:/mail-context.xml, classpath:/transaction-appctx.xml, classpath:/formatter-appctx.xml, classpath:/stp-appctx.xml, classpath:/aop-appctx.xml, classpath:/properties-appctx.xml}', classes = '{}', contextInitializerClasses = '[]', activeProfiles = '{}', contextLoader = 'org.springframework.test.context.support.DelegatingSmartContextLoader', parent = [null]]]; transaction manager [org.springframework.orm.jpa.JpaTransactionManager@5f5ca74d]; rollback [true]
2015-05-20 12:04:30,795  INFO [Test worker] (?:?) - violations:1
2015-05-20 12:04:30,795  INFO [Test worker] (?:?) - field:uuid
2015-05-20 12:04:30,796  INFO [Test worker] (?:?) - message:size must be between 32 and 32
2015-05-20 12:04:30,796  INFO [Test worker] (TransactionalTestExecutionListener.java:298) - Rolled back transaction after test execution for test context [DefaultTestContext@28f25126 testClass = IntegraCashinCommandValidatorIntegrationSpec, testInstance = com.tim.one.validator.IntegraCashinCommandValidatorIntegrationSpec@a2daf30, testMethod = $spock_feature_0_0@IntegraCashinCommandValidatorIntegrationSpec, testException = [null], mergedContextConfiguration = [MergedContextConfiguration@2da7d2e5 testClass = IntegraCashinCommandValidatorIntegrationSpec, locations = '{classpath:/services-appctx.xml, classpath:/persistence-appctx.xml, classpath:/jms-appctx.xml, classpath:/mail-context.xml, classpath:/transaction-appctx.xml, classpath:/formatter-appctx.xml, classpath:/stp-appctx.xml, classpath:/aop-appctx.xml, classpath:/properties-appctx.xml}', classes = '{}', contextInitializerClasses = '[]', activeProfiles = '{}', contextLoader = 'org.springframework.test.context.support.DelegatingSmartContextLoader', parent = [null]]]
2015-05-20 12:04:30,799  INFO [Test worker] (TransactionalTestExecutionListener.java:276) - Began transaction (5) for test context [DefaultTestContext@28f25126 testClass = IntegraCashinCommandValidatorIntegrationSpec, testInstance = com.tim.one.validator.IntegraCashinCommandValidatorIntegrationSpec@7923ff6a, testMethod = $spock_feature_0_0@IntegraCashinCommandValidatorIntegrationSpec, testException = [null], mergedContextConfiguration = [MergedContextConfiguration@2da7d2e5 testClass = IntegraCashinCommandValidatorIntegrationSpec, locations = '{classpath:/services-appctx.xml, classpath:/persistence-appctx.xml, classpath:/jms-appctx.xml, classpath:/mail-context.xml, classpath:/transaction-appctx.xml, classpath:/formatter-appctx.xml, classpath:/stp-appctx.xml, classpath:/aop-appctx.xml, classpath:/properties-appctx.xml}', classes = '{}', contextInitializerClasses = '[]', activeProfiles = '{}', contextLoader = 'org.springframework.test.context.support.DelegatingSmartContextLoader', parent = [null]]]; transaction manager [org.springframework.orm.jpa.JpaTransactionManager@5f5ca74d]; rollback [true]
2015-05-20 12:04:30,807  INFO [Test worker] (?:?) - violations:1
2015-05-20 12:04:30,808  INFO [Test worker] (?:?) - field:uuid
2015-05-20 12:04:30,808  INFO [Test worker] (?:?) - message:may not be null
2015-05-20 12:04:30,809  INFO [Test worker] (TransactionalTestExecutionListener.java:298) - Rolled back transaction after test execution for test context [DefaultTestContext@28f25126 testClass = IntegraCashinCommandValidatorIntegrationSpec, testInstance = com.tim.one.validator.IntegraCashinCommandValidatorIntegrationSpec@7923ff6a, testMethod = $spock_feature_0_0@IntegraCashinCommandValidatorIntegrationSpec, testException = [null], mergedContextConfiguration = [MergedContextConfiguration@2da7d2e5 testClass = IntegraCashinCommandValidatorIntegrationSpec, locations = '{classpath:/services-appctx.xml, classpath:/persistence-appctx.xml, classpath:/jms-appctx.xml, classpath:/mail-context.xml, classpath:/transaction-appctx.xml, classpath:/formatter-appctx.xml, classpath:/stp-appctx.xml, classpath:/aop-appctx.xml, classpath:/properties-appctx.xml}', classes = '{}', contextInitializerClasses = '[]', activeProfiles = '{}', contextLoader = 'org.springframework.test.context.support.DelegatingSmartContextLoader', parent = [null]]]
2015-05-20 12:04:30,812  INFO [Test worker] (TransactionalTestExecutionListener.java:276) - Began transaction (6) for test context [DefaultTestContext@28f25126 testClass = IntegraCashinCommandValidatorIntegrationSpec, testInstance = com.tim.one.validator.IntegraCashinCommandValidatorIntegrationSpec@16f47896, testMethod = $spock_feature_0_0@IntegraCashinCommandValidatorIntegrationSpec, testException = [null], mergedContextConfiguration = [MergedContextConfiguration@2da7d2e5 testClass = IntegraCashinCommandValidatorIntegrationSpec, locations = '{classpath:/services-appctx.xml, classpath:/persistence-appctx.xml, classpath:/jms-appctx.xml, classpath:/mail-context.xml, classpath:/transaction-appctx.xml, classpath:/formatter-appctx.xml, classpath:/stp-appctx.xml, classpath:/aop-appctx.xml, classpath:/properties-appctx.xml}', classes = '{}', contextInitializerClasses = '[]', activeProfiles = '{}', contextLoader = 'org.springframework.test.context.support.DelegatingSmartContextLoader', parent = [null]]]; transaction manager [org.springframework.orm.jpa.JpaTransactionManager@5f5ca74d]; rollback [true]
2015-05-20 12:04:30,818  INFO [Test worker] (?:?) - violations:1
2015-05-20 12:04:30,818  INFO [Test worker] (?:?) - field:amount
2015-05-20 12:04:30,819  INFO [Test worker] (?:?) - message:must be greater than or equal to 0.01
2015-05-20 12:04:30,819  INFO [Test worker] (TransactionalTestExecutionListener.java:298) - Rolled back transaction after test execution for test context [DefaultTestContext@28f25126 testClass = IntegraCashinCommandValidatorIntegrationSpec, testInstance = com.tim.one.validator.IntegraCashinCommandValidatorIntegrationSpec@16f47896, testMethod = $spock_feature_0_0@IntegraCashinCommandValidatorIntegrationSpec, testException = [null], mergedContextConfiguration = [MergedContextConfiguration@2da7d2e5 testClass = IntegraCashinCommandValidatorIntegrationSpec, locations = '{classpath:/services-appctx.xml, classpath:/persistence-appctx.xml, classpath:/jms-appctx.xml, classpath:/mail-context.xml, classpath:/transaction-appctx.xml, classpath:/formatter-appctx.xml, classpath:/stp-appctx.xml, classpath:/aop-appctx.xml, classpath:/properties-appctx.xml}', classes = '{}', contextInitializerClasses = '[]', activeProfiles = '{}', contextLoader = 'org.springframework.test.context.support.DelegatingSmartContextLoader', parent = [null]]]
2015-05-20 12:04:30,827  INFO [Test worker] (TransactionalTestExecutionListener.java:276) - Began transaction (7) for test context [DefaultTestContext@28f25126 testClass = IntegraCashinCommandValidatorIntegrationSpec, testInstance = com.tim.one.validator.IntegraCashinCommandValidatorIntegrationSpec@4076c11, testMethod = $spock_feature_0_0@IntegraCashinCommandValidatorIntegrationSpec, testException = [null], mergedContextConfiguration = [MergedContextConfiguration@2da7d2e5 testClass = IntegraCashinCommandValidatorIntegrationSpec, locations = '{classpath:/services-appctx.xml, classpath:/persistence-appctx.xml, classpath:/jms-appctx.xml, classpath:/mail-context.xml, classpath:/transaction-appctx.xml, classpath:/formatter-appctx.xml, classpath:/stp-appctx.xml, classpath:/aop-appctx.xml, classpath:/properties-appctx.xml}', classes = '{}', contextInitializerClasses = '[]', activeProfiles = '{}', contextLoader = 'org.springframework.test.context.support.DelegatingSmartContextLoader', parent = [null]]]; transaction manager [org.springframework.orm.jpa.JpaTransactionManager@5f5ca74d]; rollback [true]
2015-05-20 12:04:30,834  INFO [Test worker] (?:?) - violations:1
2015-05-20 12:04:30,835  INFO [Test worker] (?:?) - field:amount
2015-05-20 12:04:30,835  INFO [Test worker] (?:?) - message:must be greater than or equal to 0.01
2015-05-20 12:04:30,836  INFO [Test worker] (TransactionalTestExecutionListener.java:298) - Rolled back transaction after test execution for test context [DefaultTestContext@28f25126 testClass = IntegraCashinCommandValidatorIntegrationSpec, testInstance = com.tim.one.validator.IntegraCashinCommandValidatorIntegrationSpec@4076c11, testMethod = $spock_feature_0_0@IntegraCashinCommandValidatorIntegrationSpec, testException = [null], mergedContextConfiguration = [MergedContextConfiguration@2da7d2e5 testClass = IntegraCashinCommandValidatorIntegrationSpec, locations = '{classpath:/services-appctx.xml, classpath:/persistence-appctx.xml, classpath:/jms-appctx.xml, classpath:/mail-context.xml, classpath:/transaction-appctx.xml, classpath:/formatter-appctx.xml, classpath:/stp-appctx.xml, classpath:/aop-appctx.xml, classpath:/properties-appctx.xml}', classes = '{}', contextInitializerClasses = '[]', activeProfiles = '{}', contextLoader = 'org.springframework.test.context.support.DelegatingSmartContextLoader', parent = [null]]]
2015-05-20 12:04:30,838  INFO [Test worker] (TransactionalTestExecutionListener.java:276) - Began transaction (8) for test context [DefaultTestContext@28f25126 testClass = IntegraCashinCommandValidatorIntegrationSpec, testInstance = com.tim.one.validator.IntegraCashinCommandValidatorIntegrationSpec@2deaca6b, testMethod = $spock_feature_0_0@IntegraCashinCommandValidatorIntegrationSpec, testException = [null], mergedContextConfiguration = [MergedContextConfiguration@2da7d2e5 testClass = IntegraCashinCommandValidatorIntegrationSpec, locations = '{classpath:/services-appctx.xml, classpath:/persistence-appctx.xml, classpath:/jms-appctx.xml, classpath:/mail-context.xml, classpath:/transaction-appctx.xml, classpath:/formatter-appctx.xml, classpath:/stp-appctx.xml, classpath:/aop-appctx.xml, classpath:/properties-appctx.xml}', classes = '{}', contextInitializerClasses = '[]', activeProfiles = '{}', contextLoader = 'org.springframework.test.context.support.DelegatingSmartContextLoader', parent = [null]]]; transaction manager [org.springframework.orm.jpa.JpaTransactionManager@5f5ca74d]; rollback [true]
2015-05-20 12:04:30,844  INFO [Test worker] (?:?) - violations:1
2015-05-20 12:04:30,845  INFO [Test worker] (?:?) - field:amount
2015-05-20 12:04:30,845  INFO [Test worker] (?:?) - message:may not be null
2015-05-20 12:04:30,846  INFO [Test worker] (TransactionalTestExecutionListener.java:298) - Rolled back transaction after test execution for test context [DefaultTestContext@28f25126 testClass = IntegraCashinCommandValidatorIntegrationSpec, testInstance = com.tim.one.validator.IntegraCashinCommandValidatorIntegrationSpec@2deaca6b, testMethod = $spock_feature_0_0@IntegraCashinCommandValidatorIntegrationSpec, testException = [null], mergedContextConfiguration = [MergedContextConfiguration@2da7d2e5 testClass = IntegraCashinCommandValidatorIntegrationSpec, locations = '{classpath:/services-appctx.xml, classpath:/persistence-appctx.xml, classpath:/jms-appctx.xml, classpath:/mail-context.xml, classpath:/transaction-appctx.xml, classpath:/formatter-appctx.xml, classpath:/stp-appctx.xml, classpath:/aop-appctx.xml, classpath:/properties-appctx.xml}', classes = '{}', contextInitializerClasses = '[]', activeProfiles = '{}', contextLoader = 'org.springframework.test.context.support.DelegatingSmartContextLoader', parent = [null]]]
2015-05-20 12:04:30,848  INFO [Test worker] (TransactionalTestExecutionListener.java:276) - Began transaction (9) for test context [DefaultTestContext@28f25126 testClass = IntegraCashinCommandValidatorIntegrationSpec, testInstance = com.tim.one.validator.IntegraCashinCommandValidatorIntegrationSpec@70177fdf, testMethod = $spock_feature_0_0@IntegraCashinCommandValidatorIntegrationSpec, testException = [null], mergedContextConfiguration = [MergedContextConfiguration@2da7d2e5 testClass = IntegraCashinCommandValidatorIntegrationSpec, locations = '{classpath:/services-appctx.xml, classpath:/persistence-appctx.xml, classpath:/jms-appctx.xml, classpath:/mail-context.xml, classpath:/transaction-appctx.xml, classpath:/formatter-appctx.xml, classpath:/stp-appctx.xml, classpath:/aop-appctx.xml, classpath:/properties-appctx.xml}', classes = '{}', contextInitializerClasses = '[]', activeProfiles = '{}', contextLoader = 'org.springframework.test.context.support.DelegatingSmartContextLoader', parent = [null]]]; transaction manager [org.springframework.orm.jpa.JpaTransactionManager@5f5ca74d]; rollback [true]
2015-05-20 12:04:30,856  INFO [Test worker] (?:?) - violations:1
2015-05-20 12:04:30,857  INFO [Test worker] (?:?) - field:uuid
2015-05-20 12:04:30,857  INFO [Test worker] (?:?) - message:may have unsafe html content
2015-05-20 12:04:30,858  INFO [Test worker] (TransactionalTestExecutionListener.java:298) - Rolled back transaction after test execution for test context [DefaultTestContext@28f25126 testClass = IntegraCashinCommandValidatorIntegrationSpec, testInstance = com.tim.one.validator.IntegraCashinCommandValidatorIntegrationSpec@70177fdf, testMethod = $spock_feature_0_0@IntegraCashinCommandValidatorIntegrationSpec, testException = [null], mergedContextConfiguration = [MergedContextConfiguration@2da7d2e5 testClass = IntegraCashinCommandValidatorIntegrationSpec, locations = '{classpath:/services-appctx.xml, classpath:/persistence-appctx.xml, classpath:/jms-appctx.xml, classpath:/mail-context.xml, classpath:/transaction-appctx.xml, classpath:/formatter-appctx.xml, classpath:/stp-appctx.xml, classpath:/aop-appctx.xml, classpath:/properties-appctx.xml}', classes = '{}', contextInitializerClasses = '[]', activeProfiles = '{}', contextLoader = 'org.springframework.test.context.support.DelegatingSmartContextLoader', parent = [null]]]
]]></system-out>
  <system-err><![CDATA[]]></system-err>
</testsuite>
