<?xml version="1.0" encoding="UTF-8"?>
<testsuite name="com.tim.one.validator.ContributeProducerCommandValidatorIntegrationSpec" tests="4" skipped="0" failures="0" errors="0" timestamp="2015-05-20T17:04:28" hostname="josdem-Inspiron-5420" time="0.071">
  <properties/>
  <testcase name="When we have a project with #Error:projectId as id, and want to register a participation in this project from its producer, &#10;&#9;&#9;&#9;when we validate we expecting that result is: true" classname="com.tim.one.validator.ContributeProducerCommandValidatorIntegrationSpec" time="0.035"/>
  <testcase name="When we have a project with #Error:projectId as id, and want to register a participation in this project from its producer, &#10;&#9;&#9;&#9;when we validate we expecting that result is: false" classname="com.tim.one.validator.ContributeProducerCommandValidatorIntegrationSpec" time="0.012"/>
  <testcase name="When we have a project with #Error:projectId as id, and want to register a participation in this project from its producer, &#10;&#9;&#9;&#9;when we validate we expecting that result is: false" classname="com.tim.one.validator.ContributeProducerCommandValidatorIntegrationSpec" time="0.012"/>
  <testcase name="When we have a project with #Error:projectId as id, and want to register a participation in this project from its producer, &#10;&#9;&#9;&#9;when we validate we expecting that result is: false" classname="com.tim.one.validator.ContributeProducerCommandValidatorIntegrationSpec" time="0.011"/>
  <system-out><![CDATA[2015-05-20 12:04:28,359 DEBUG [Test worker] (AbstractFallbackTransactionAttributeSource.java:108) - Adding transactional method 'ContributeProducerCommandValidatorIntegrationSpec.$spock_feature_0_0' with attribute: PROPAGATION_REQUIRED,ISOLATION_DEFAULT; ''
2015-05-20 12:04:28,360  INFO [Test worker] (TransactionalTestExecutionListener.java:276) - Began transaction (1) for test context [DefaultTestContext@3e48691d testClass = ContributeProducerCommandValidatorIntegrationSpec, testInstance = com.tim.one.validator.ContributeProducerCommandValidatorIntegrationSpec@3ed0edd, testMethod = $spock_feature_0_0@ContributeProducerCommandValidatorIntegrationSpec, testException = [null], mergedContextConfiguration = [MergedContextConfiguration@406ad12e testClass = ContributeProducerCommandValidatorIntegrationSpec, locations = '{classpath:/services-appctx.xml, classpath:/persistence-appctx.xml, classpath:/jms-appctx.xml, classpath:/mail-context.xml, classpath:/transaction-appctx.xml, classpath:/formatter-appctx.xml, classpath:/stp-appctx.xml, classpath:/aop-appctx.xml, classpath:/properties-appctx.xml}', classes = '{}', contextInitializerClasses = '[]', activeProfiles = '{}', contextLoader = 'org.springframework.test.context.support.DelegatingSmartContextLoader', parent = [null]]]; transaction manager [org.springframework.orm.jpa.JpaTransactionManager@5f5ca74d]; rollback [true]
2015-05-20 12:04:28,378  INFO [Test worker] (?:?) - violations:0
2015-05-20 12:04:28,379  INFO [Test worker] (TransactionalTestExecutionListener.java:298) - Rolled back transaction after test execution for test context [DefaultTestContext@3e48691d testClass = ContributeProducerCommandValidatorIntegrationSpec, testInstance = com.tim.one.validator.ContributeProducerCommandValidatorIntegrationSpec@3ed0edd, testMethod = $spock_feature_0_0@ContributeProducerCommandValidatorIntegrationSpec, testException = [null], mergedContextConfiguration = [MergedContextConfiguration@406ad12e testClass = ContributeProducerCommandValidatorIntegrationSpec, locations = '{classpath:/services-appctx.xml, classpath:/persistence-appctx.xml, classpath:/jms-appctx.xml, classpath:/mail-context.xml, classpath:/transaction-appctx.xml, classpath:/formatter-appctx.xml, classpath:/stp-appctx.xml, classpath:/aop-appctx.xml, classpath:/properties-appctx.xml}', classes = '{}', contextInitializerClasses = '[]', activeProfiles = '{}', contextLoader = 'org.springframework.test.context.support.DelegatingSmartContextLoader', parent = [null]]]
2015-05-20 12:04:28,383  INFO [Test worker] (TransactionalTestExecutionListener.java:276) - Began transaction (2) for test context [DefaultTestContext@3e48691d testClass = ContributeProducerCommandValidatorIntegrationSpec, testInstance = com.tim.one.validator.ContributeProducerCommandValidatorIntegrationSpec@71b909ba, testMethod = $spock_feature_0_0@ContributeProducerCommandValidatorIntegrationSpec, testException = [null], mergedContextConfiguration = [MergedContextConfiguration@406ad12e testClass = ContributeProducerCommandValidatorIntegrationSpec, locations = '{classpath:/services-appctx.xml, classpath:/persistence-appctx.xml, classpath:/jms-appctx.xml, classpath:/mail-context.xml, classpath:/transaction-appctx.xml, classpath:/formatter-appctx.xml, classpath:/stp-appctx.xml, classpath:/aop-appctx.xml, classpath:/properties-appctx.xml}', classes = '{}', contextInitializerClasses = '[]', activeProfiles = '{}', contextLoader = 'org.springframework.test.context.support.DelegatingSmartContextLoader', parent = [null]]]; transaction manager [org.springframework.orm.jpa.JpaTransactionManager@5f5ca74d]; rollback [true]
2015-05-20 12:04:28,391  INFO [Test worker] (?:?) - violations:1
2015-05-20 12:04:28,391  INFO [Test worker] (?:?) - field:projectUuid
2015-05-20 12:04:28,391  INFO [Test worker] (?:?) - message:size must be between 32 and 32
2015-05-20 12:04:28,392  INFO [Test worker] (TransactionalTestExecutionListener.java:298) - Rolled back transaction after test execution for test context [DefaultTestContext@3e48691d testClass = ContributeProducerCommandValidatorIntegrationSpec, testInstance = com.tim.one.validator.ContributeProducerCommandValidatorIntegrationSpec@71b909ba, testMethod = $spock_feature_0_0@ContributeProducerCommandValidatorIntegrationSpec, testException = [null], mergedContextConfiguration = [MergedContextConfiguration@406ad12e testClass = ContributeProducerCommandValidatorIntegrationSpec, locations = '{classpath:/services-appctx.xml, classpath:/persistence-appctx.xml, classpath:/jms-appctx.xml, classpath:/mail-context.xml, classpath:/transaction-appctx.xml, classpath:/formatter-appctx.xml, classpath:/stp-appctx.xml, classpath:/aop-appctx.xml, classpath:/properties-appctx.xml}', classes = '{}', contextInitializerClasses = '[]', activeProfiles = '{}', contextLoader = 'org.springframework.test.context.support.DelegatingSmartContextLoader', parent = [null]]]
2015-05-20 12:04:28,395  INFO [Test worker] (TransactionalTestExecutionListener.java:276) - Began transaction (3) for test context [DefaultTestContext@3e48691d testClass = ContributeProducerCommandValidatorIntegrationSpec, testInstance = com.tim.one.validator.ContributeProducerCommandValidatorIntegrationSpec@5b8a3f3f, testMethod = $spock_feature_0_0@ContributeProducerCommandValidatorIntegrationSpec, testException = [null], mergedContextConfiguration = [MergedContextConfiguration@406ad12e testClass = ContributeProducerCommandValidatorIntegrationSpec, locations = '{classpath:/services-appctx.xml, classpath:/persistence-appctx.xml, classpath:/jms-appctx.xml, classpath:/mail-context.xml, classpath:/transaction-appctx.xml, classpath:/formatter-appctx.xml, classpath:/stp-appctx.xml, classpath:/aop-appctx.xml, classpath:/properties-appctx.xml}', classes = '{}', contextInitializerClasses = '[]', activeProfiles = '{}', contextLoader = 'org.springframework.test.context.support.DelegatingSmartContextLoader', parent = [null]]]; transaction manager [org.springframework.orm.jpa.JpaTransactionManager@5f5ca74d]; rollback [true]
2015-05-20 12:04:28,403  INFO [Test worker] (?:?) - violations:1
2015-05-20 12:04:28,403  INFO [Test worker] (?:?) - field:projectUuid
2015-05-20 12:04:28,403  INFO [Test worker] (?:?) - message:size must be between 32 and 32
2015-05-20 12:04:28,404  INFO [Test worker] (TransactionalTestExecutionListener.java:298) - Rolled back transaction after test execution for test context [DefaultTestContext@3e48691d testClass = ContributeProducerCommandValidatorIntegrationSpec, testInstance = com.tim.one.validator.ContributeProducerCommandValidatorIntegrationSpec@5b8a3f3f, testMethod = $spock_feature_0_0@ContributeProducerCommandValidatorIntegrationSpec, testException = [null], mergedContextConfiguration = [MergedContextConfiguration@406ad12e testClass = ContributeProducerCommandValidatorIntegrationSpec, locations = '{classpath:/services-appctx.xml, classpath:/persistence-appctx.xml, classpath:/jms-appctx.xml, classpath:/mail-context.xml, classpath:/transaction-appctx.xml, classpath:/formatter-appctx.xml, classpath:/stp-appctx.xml, classpath:/aop-appctx.xml, classpath:/properties-appctx.xml}', classes = '{}', contextInitializerClasses = '[]', activeProfiles = '{}', contextLoader = 'org.springframework.test.context.support.DelegatingSmartContextLoader', parent = [null]]]
2015-05-20 12:04:28,407  INFO [Test worker] (TransactionalTestExecutionListener.java:276) - Began transaction (4) for test context [DefaultTestContext@3e48691d testClass = ContributeProducerCommandValidatorIntegrationSpec, testInstance = com.tim.one.validator.ContributeProducerCommandValidatorIntegrationSpec@2f9146de, testMethod = $spock_feature_0_0@ContributeProducerCommandValidatorIntegrationSpec, testException = [null], mergedContextConfiguration = [MergedContextConfiguration@406ad12e testClass = ContributeProducerCommandValidatorIntegrationSpec, locations = '{classpath:/services-appctx.xml, classpath:/persistence-appctx.xml, classpath:/jms-appctx.xml, classpath:/mail-context.xml, classpath:/transaction-appctx.xml, classpath:/formatter-appctx.xml, classpath:/stp-appctx.xml, classpath:/aop-appctx.xml, classpath:/properties-appctx.xml}', classes = '{}', contextInitializerClasses = '[]', activeProfiles = '{}', contextLoader = 'org.springframework.test.context.support.DelegatingSmartContextLoader', parent = [null]]]; transaction manager [org.springframework.orm.jpa.JpaTransactionManager@5f5ca74d]; rollback [true]
2015-05-20 12:04:28,413  INFO [Test worker] (?:?) - violations:1
2015-05-20 12:04:28,413  INFO [Test worker] (?:?) - field:projectUuid
2015-05-20 12:04:28,414  INFO [Test worker] (?:?) - message:may not be null
2015-05-20 12:04:28,415  INFO [Test worker] (TransactionalTestExecutionListener.java:298) - Rolled back transaction after test execution for test context [DefaultTestContext@3e48691d testClass = ContributeProducerCommandValidatorIntegrationSpec, testInstance = com.tim.one.validator.ContributeProducerCommandValidatorIntegrationSpec@2f9146de, testMethod = $spock_feature_0_0@ContributeProducerCommandValidatorIntegrationSpec, testException = [null], mergedContextConfiguration = [MergedContextConfiguration@406ad12e testClass = ContributeProducerCommandValidatorIntegrationSpec, locations = '{classpath:/services-appctx.xml, classpath:/persistence-appctx.xml, classpath:/jms-appctx.xml, classpath:/mail-context.xml, classpath:/transaction-appctx.xml, classpath:/formatter-appctx.xml, classpath:/stp-appctx.xml, classpath:/aop-appctx.xml, classpath:/properties-appctx.xml}', classes = '{}', contextInitializerClasses = '[]', activeProfiles = '{}', contextLoader = 'org.springframework.test.context.support.DelegatingSmartContextLoader', parent = [null]]]
]]></system-out>
  <system-err><![CDATA[]]></system-err>
</testsuite>
