<?xml version="1.0" encoding="UTF-8"?>
<testsuite name="com.tim.one.validator.StpCashinCommandValidatorIntegrationSpec" tests="15" skipped="0" failures="0" errors="0" timestamp="2015-05-20T17:04:28" hostname="josdem-Inspiron-5420" time="0.321">
  <properties/>
  <testcase name="When we have an origin account as 014180605638266336, and destiny account as 646180111901100023 and &#10;&#9;is trying to transfer 0.01 with this reference: 123 when we validate we expecting that result is: true" classname="com.tim.one.validator.StpCashinCommandValidatorIntegrationSpec" time="0.042"/>
  <testcase name="When we have an origin account as , and destiny account as 646180111901100023 and &#10;&#9;is trying to transfer 0.01 with this reference: 123 when we validate we expecting that result is: false" classname="com.tim.one.validator.StpCashinCommandValidatorIntegrationSpec" time="0.018"/>
  <testcase name="When we have an origin account as null, and destiny account as 646180111901100023 and &#10;&#9;is trying to transfer 0.01 with this reference: 123 when we validate we expecting that result is: false" classname="com.tim.one.validator.StpCashinCommandValidatorIntegrationSpec" time="0.018"/>
  <testcase name="When we have an origin account as 0141806056382663361, and destiny account as 646180111901100023 and &#10;&#9;is trying to transfer 0.01 with this reference: 123 when we validate we expecting that result is: false" classname="com.tim.one.validator.StpCashinCommandValidatorIntegrationSpec" time="0.017"/>
  <testcase name="When we have an origin account as 014180605638266336, and destiny account as  and &#10;&#9;is trying to transfer 0.01 with this reference: 123 when we validate we expecting that result is: false" classname="com.tim.one.validator.StpCashinCommandValidatorIntegrationSpec" time="0.018"/>
  <testcase name="When we have an origin account as 014180605638266336, and destiny account as null and &#10;&#9;is trying to transfer 0.01 with this reference: 123 when we validate we expecting that result is: false" classname="com.tim.one.validator.StpCashinCommandValidatorIntegrationSpec" time="0.019"/>
  <testcase name="When we have an origin account as 014180605638266336, and destiny account as 6461801119011000231 and &#10;&#9;is trying to transfer 0.01 with this reference: 123 when we validate we expecting that result is: false" classname="com.tim.one.validator.StpCashinCommandValidatorIntegrationSpec" time="0.025"/>
  <testcase name="When we have an origin account as 014180605638266336, and destiny account as 646180111901100023 and &#10;&#9;is trying to transfer 0.00 with this reference: 123 when we validate we expecting that result is: false" classname="com.tim.one.validator.StpCashinCommandValidatorIntegrationSpec" time="0.021"/>
  <testcase name="When we have an origin account as 014180605638266336, and destiny account as 646180111901100023 and &#10;&#9;is trying to transfer null with this reference: 123 when we validate we expecting that result is: false" classname="com.tim.one.validator.StpCashinCommandValidatorIntegrationSpec" time="0.021"/>
  <testcase name="When we have an origin account as 014180605638266336, and destiny account as 646180111901100023 and &#10;&#9;is trying to transfer -10.00 with this reference: 123 when we validate we expecting that result is: false" classname="com.tim.one.validator.StpCashinCommandValidatorIntegrationSpec" time="0.022"/>
  <testcase name="When we have an origin account as 014180605638266336, and destiny account as 646180111901100023 and &#10;&#9;is trying to transfer 0.01 with this reference:  when we validate we expecting that result is: false" classname="com.tim.one.validator.StpCashinCommandValidatorIntegrationSpec" time="0.021"/>
  <testcase name="When we have an origin account as 014180605638266336, and destiny account as 646180111901100023 and &#10;&#9;is trying to transfer 0.01 with this reference: null when we validate we expecting that result is: false" classname="com.tim.one.validator.StpCashinCommandValidatorIntegrationSpec" time="0.025"/>
  <testcase name="When we have an origin account as &lt;script&gt;&lt;/script&gt;, and destiny account as 646180111901100023 and &#10;&#9;is trying to transfer 0.01 with this reference: 123 when we validate we expecting that result is: false" classname="com.tim.one.validator.StpCashinCommandValidatorIntegrationSpec" time="0.013"/>
  <testcase name="When we have an origin account as 014180605638266336, and destiny account as &lt;script&gt;&lt;/script&gt; and &#10;&#9;is trying to transfer 0.01 with this reference: 123 when we validate we expecting that result is: false" classname="com.tim.one.validator.StpCashinCommandValidatorIntegrationSpec" time="0.015"/>
  <testcase name="When we have an origin account as 014180605638266336, and destiny account as 646180111901100023 and &#10;&#9;is trying to transfer 0.01 with this reference: &lt;script&gt;alert('josdem')&lt;/script&gt; when we validate we expecting that result is: false" classname="com.tim.one.validator.StpCashinCommandValidatorIntegrationSpec" time="0.013"/>
  <system-out><![CDATA[2015-05-20 12:04:28,863 DEBUG [Test worker] (AbstractFallbackTransactionAttributeSource.java:108) - Adding transactional method 'StpCashinCommandValidatorIntegrationSpec.$spock_feature_0_0' with attribute: PROPAGATION_REQUIRED,ISOLATION_DEFAULT; ''
2015-05-20 12:04:28,865  INFO [Test worker] (TransactionalTestExecutionListener.java:276) - Began transaction (1) for test context [DefaultTestContext@7f7b74a4 testClass = StpCashinCommandValidatorIntegrationSpec, testInstance = com.tim.one.validator.StpCashinCommandValidatorIntegrationSpec@226fc5f, testMethod = $spock_feature_0_0@StpCashinCommandValidatorIntegrationSpec, testException = [null], mergedContextConfiguration = [MergedContextConfiguration@4d82c213 testClass = StpCashinCommandValidatorIntegrationSpec, locations = '{classpath:/services-appctx.xml, classpath:/persistence-appctx.xml, classpath:/jms-appctx.xml, classpath:/mail-context.xml, classpath:/transaction-appctx.xml, classpath:/formatter-appctx.xml, classpath:/stp-appctx.xml, classpath:/aop-appctx.xml, classpath:/properties-appctx.xml}', classes = '{}', contextInitializerClasses = '[]', activeProfiles = '{}', contextLoader = 'org.springframework.test.context.support.DelegatingSmartContextLoader', parent = [null]]]; transaction manager [org.springframework.orm.jpa.JpaTransactionManager@5f5ca74d]; rollback [true]
2015-05-20 12:04:28,883  INFO [Test worker] (?:?) - violations:0
2015-05-20 12:04:28,884  INFO [Test worker] (TransactionalTestExecutionListener.java:298) - Rolled back transaction after test execution for test context [DefaultTestContext@7f7b74a4 testClass = StpCashinCommandValidatorIntegrationSpec, testInstance = com.tim.one.validator.StpCashinCommandValidatorIntegrationSpec@226fc5f, testMethod = $spock_feature_0_0@StpCashinCommandValidatorIntegrationSpec, testException = [null], mergedContextConfiguration = [MergedContextConfiguration@4d82c213 testClass = StpCashinCommandValidatorIntegrationSpec, locations = '{classpath:/services-appctx.xml, classpath:/persistence-appctx.xml, classpath:/jms-appctx.xml, classpath:/mail-context.xml, classpath:/transaction-appctx.xml, classpath:/formatter-appctx.xml, classpath:/stp-appctx.xml, classpath:/aop-appctx.xml, classpath:/properties-appctx.xml}', classes = '{}', contextInitializerClasses = '[]', activeProfiles = '{}', contextLoader = 'org.springframework.test.context.support.DelegatingSmartContextLoader', parent = [null]]]
2015-05-20 12:04:28,888  INFO [Test worker] (TransactionalTestExecutionListener.java:276) - Began transaction (2) for test context [DefaultTestContext@7f7b74a4 testClass = StpCashinCommandValidatorIntegrationSpec, testInstance = com.tim.one.validator.StpCashinCommandValidatorIntegrationSpec@55b5721, testMethod = $spock_feature_0_0@StpCashinCommandValidatorIntegrationSpec, testException = [null], mergedContextConfiguration = [MergedContextConfiguration@4d82c213 testClass = StpCashinCommandValidatorIntegrationSpec, locations = '{classpath:/services-appctx.xml, classpath:/persistence-appctx.xml, classpath:/jms-appctx.xml, classpath:/mail-context.xml, classpath:/transaction-appctx.xml, classpath:/formatter-appctx.xml, classpath:/stp-appctx.xml, classpath:/aop-appctx.xml, classpath:/properties-appctx.xml}', classes = '{}', contextInitializerClasses = '[]', activeProfiles = '{}', contextLoader = 'org.springframework.test.context.support.DelegatingSmartContextLoader', parent = [null]]]; transaction manager [org.springframework.orm.jpa.JpaTransactionManager@5f5ca74d]; rollback [true]
2015-05-20 12:04:28,901  INFO [Test worker] (?:?) - violations:1
2015-05-20 12:04:28,902  INFO [Test worker] (?:?) - field:clabeOrdenante
2015-05-20 12:04:28,902  INFO [Test worker] (?:?) - message:size must be between 18 and 18
2015-05-20 12:04:28,903  INFO [Test worker] (TransactionalTestExecutionListener.java:298) - Rolled back transaction after test execution for test context [DefaultTestContext@7f7b74a4 testClass = StpCashinCommandValidatorIntegrationSpec, testInstance = com.tim.one.validator.StpCashinCommandValidatorIntegrationSpec@55b5721, testMethod = $spock_feature_0_0@StpCashinCommandValidatorIntegrationSpec, testException = [null], mergedContextConfiguration = [MergedContextConfiguration@4d82c213 testClass = StpCashinCommandValidatorIntegrationSpec, locations = '{classpath:/services-appctx.xml, classpath:/persistence-appctx.xml, classpath:/jms-appctx.xml, classpath:/mail-context.xml, classpath:/transaction-appctx.xml, classpath:/formatter-appctx.xml, classpath:/stp-appctx.xml, classpath:/aop-appctx.xml, classpath:/properties-appctx.xml}', classes = '{}', contextInitializerClasses = '[]', activeProfiles = '{}', contextLoader = 'org.springframework.test.context.support.DelegatingSmartContextLoader', parent = [null]]]
2015-05-20 12:04:28,907  INFO [Test worker] (TransactionalTestExecutionListener.java:276) - Began transaction (3) for test context [DefaultTestContext@7f7b74a4 testClass = StpCashinCommandValidatorIntegrationSpec, testInstance = com.tim.one.validator.StpCashinCommandValidatorIntegrationSpec@cb659a3, testMethod = $spock_feature_0_0@StpCashinCommandValidatorIntegrationSpec, testException = [null], mergedContextConfiguration = [MergedContextConfiguration@4d82c213 testClass = StpCashinCommandValidatorIntegrationSpec, locations = '{classpath:/services-appctx.xml, classpath:/persistence-appctx.xml, classpath:/jms-appctx.xml, classpath:/mail-context.xml, classpath:/transaction-appctx.xml, classpath:/formatter-appctx.xml, classpath:/stp-appctx.xml, classpath:/aop-appctx.xml, classpath:/properties-appctx.xml}', classes = '{}', contextInitializerClasses = '[]', activeProfiles = '{}', contextLoader = 'org.springframework.test.context.support.DelegatingSmartContextLoader', parent = [null]]]; transaction manager [org.springframework.orm.jpa.JpaTransactionManager@5f5ca74d]; rollback [true]
2015-05-20 12:04:28,920  INFO [Test worker] (?:?) - violations:1
2015-05-20 12:04:28,920  INFO [Test worker] (?:?) - field:clabeOrdenante
2015-05-20 12:04:28,921  INFO [Test worker] (?:?) - message:may not be null
2015-05-20 12:04:28,922  INFO [Test worker] (TransactionalTestExecutionListener.java:298) - Rolled back transaction after test execution for test context [DefaultTestContext@7f7b74a4 testClass = StpCashinCommandValidatorIntegrationSpec, testInstance = com.tim.one.validator.StpCashinCommandValidatorIntegrationSpec@cb659a3, testMethod = $spock_feature_0_0@StpCashinCommandValidatorIntegrationSpec, testException = [null], mergedContextConfiguration = [MergedContextConfiguration@4d82c213 testClass = StpCashinCommandValidatorIntegrationSpec, locations = '{classpath:/services-appctx.xml, classpath:/persistence-appctx.xml, classpath:/jms-appctx.xml, classpath:/mail-context.xml, classpath:/transaction-appctx.xml, classpath:/formatter-appctx.xml, classpath:/stp-appctx.xml, classpath:/aop-appctx.xml, classpath:/properties-appctx.xml}', classes = '{}', contextInitializerClasses = '[]', activeProfiles = '{}', contextLoader = 'org.springframework.test.context.support.DelegatingSmartContextLoader', parent = [null]]]
2015-05-20 12:04:28,926  INFO [Test worker] (TransactionalTestExecutionListener.java:276) - Began transaction (4) for test context [DefaultTestContext@7f7b74a4 testClass = StpCashinCommandValidatorIntegrationSpec, testInstance = com.tim.one.validator.StpCashinCommandValidatorIntegrationSpec@f2acffc, testMethod = $spock_feature_0_0@StpCashinCommandValidatorIntegrationSpec, testException = [null], mergedContextConfiguration = [MergedContextConfiguration@4d82c213 testClass = StpCashinCommandValidatorIntegrationSpec, locations = '{classpath:/services-appctx.xml, classpath:/persistence-appctx.xml, classpath:/jms-appctx.xml, classpath:/mail-context.xml, classpath:/transaction-appctx.xml, classpath:/formatter-appctx.xml, classpath:/stp-appctx.xml, classpath:/aop-appctx.xml, classpath:/properties-appctx.xml}', classes = '{}', contextInitializerClasses = '[]', activeProfiles = '{}', contextLoader = 'org.springframework.test.context.support.DelegatingSmartContextLoader', parent = [null]]]; transaction manager [org.springframework.orm.jpa.JpaTransactionManager@5f5ca74d]; rollback [true]
2015-05-20 12:04:28,938  INFO [Test worker] (?:?) - violations:1
2015-05-20 12:04:28,939  INFO [Test worker] (?:?) - field:clabeOrdenante
2015-05-20 12:04:28,939  INFO [Test worker] (?:?) - message:size must be between 18 and 18
2015-05-20 12:04:28,940  INFO [Test worker] (TransactionalTestExecutionListener.java:298) - Rolled back transaction after test execution for test context [DefaultTestContext@7f7b74a4 testClass = StpCashinCommandValidatorIntegrationSpec, testInstance = com.tim.one.validator.StpCashinCommandValidatorIntegrationSpec@f2acffc, testMethod = $spock_feature_0_0@StpCashinCommandValidatorIntegrationSpec, testException = [null], mergedContextConfiguration = [MergedContextConfiguration@4d82c213 testClass = StpCashinCommandValidatorIntegrationSpec, locations = '{classpath:/services-appctx.xml, classpath:/persistence-appctx.xml, classpath:/jms-appctx.xml, classpath:/mail-context.xml, classpath:/transaction-appctx.xml, classpath:/formatter-appctx.xml, classpath:/stp-appctx.xml, classpath:/aop-appctx.xml, classpath:/properties-appctx.xml}', classes = '{}', contextInitializerClasses = '[]', activeProfiles = '{}', contextLoader = 'org.springframework.test.context.support.DelegatingSmartContextLoader', parent = [null]]]
2015-05-20 12:04:28,944  INFO [Test worker] (TransactionalTestExecutionListener.java:276) - Began transaction (5) for test context [DefaultTestContext@7f7b74a4 testClass = StpCashinCommandValidatorIntegrationSpec, testInstance = com.tim.one.validator.StpCashinCommandValidatorIntegrationSpec@78387f59, testMethod = $spock_feature_0_0@StpCashinCommandValidatorIntegrationSpec, testException = [null], mergedContextConfiguration = [MergedContextConfiguration@4d82c213 testClass = StpCashinCommandValidatorIntegrationSpec, locations = '{classpath:/services-appctx.xml, classpath:/persistence-appctx.xml, classpath:/jms-appctx.xml, classpath:/mail-context.xml, classpath:/transaction-appctx.xml, classpath:/formatter-appctx.xml, classpath:/stp-appctx.xml, classpath:/aop-appctx.xml, classpath:/properties-appctx.xml}', classes = '{}', contextInitializerClasses = '[]', activeProfiles = '{}', contextLoader = 'org.springframework.test.context.support.DelegatingSmartContextLoader', parent = [null]]]; transaction manager [org.springframework.orm.jpa.JpaTransactionManager@5f5ca74d]; rollback [true]
2015-05-20 12:04:28,957  INFO [Test worker] (?:?) - violations:1
2015-05-20 12:04:28,957  INFO [Test worker] (?:?) - field:clabeBeneficiario
2015-05-20 12:04:28,957  INFO [Test worker] (?:?) - message:size must be between 18 and 18
2015-05-20 12:04:28,958  INFO [Test worker] (TransactionalTestExecutionListener.java:298) - Rolled back transaction after test execution for test context [DefaultTestContext@7f7b74a4 testClass = StpCashinCommandValidatorIntegrationSpec, testInstance = com.tim.one.validator.StpCashinCommandValidatorIntegrationSpec@78387f59, testMethod = $spock_feature_0_0@StpCashinCommandValidatorIntegrationSpec, testException = [null], mergedContextConfiguration = [MergedContextConfiguration@4d82c213 testClass = StpCashinCommandValidatorIntegrationSpec, locations = '{classpath:/services-appctx.xml, classpath:/persistence-appctx.xml, classpath:/jms-appctx.xml, classpath:/mail-context.xml, classpath:/transaction-appctx.xml, classpath:/formatter-appctx.xml, classpath:/stp-appctx.xml, classpath:/aop-appctx.xml, classpath:/properties-appctx.xml}', classes = '{}', contextInitializerClasses = '[]', activeProfiles = '{}', contextLoader = 'org.springframework.test.context.support.DelegatingSmartContextLoader', parent = [null]]]
2015-05-20 12:04:28,963  INFO [Test worker] (TransactionalTestExecutionListener.java:276) - Began transaction (6) for test context [DefaultTestContext@7f7b74a4 testClass = StpCashinCommandValidatorIntegrationSpec, testInstance = com.tim.one.validator.StpCashinCommandValidatorIntegrationSpec@510d4b23, testMethod = $spock_feature_0_0@StpCashinCommandValidatorIntegrationSpec, testException = [null], mergedContextConfiguration = [MergedContextConfiguration@4d82c213 testClass = StpCashinCommandValidatorIntegrationSpec, locations = '{classpath:/services-appctx.xml, classpath:/persistence-appctx.xml, classpath:/jms-appctx.xml, classpath:/mail-context.xml, classpath:/transaction-appctx.xml, classpath:/formatter-appctx.xml, classpath:/stp-appctx.xml, classpath:/aop-appctx.xml, classpath:/properties-appctx.xml}', classes = '{}', contextInitializerClasses = '[]', activeProfiles = '{}', contextLoader = 'org.springframework.test.context.support.DelegatingSmartContextLoader', parent = [null]]]; transaction manager [org.springframework.orm.jpa.JpaTransactionManager@5f5ca74d]; rollback [true]
2015-05-20 12:04:28,976  INFO [Test worker] (?:?) - violations:1
2015-05-20 12:04:28,976  INFO [Test worker] (?:?) - field:clabeBeneficiario
2015-05-20 12:04:28,977  INFO [Test worker] (?:?) - message:may not be null
2015-05-20 12:04:28,978  INFO [Test worker] (TransactionalTestExecutionListener.java:298) - Rolled back transaction after test execution for test context [DefaultTestContext@7f7b74a4 testClass = StpCashinCommandValidatorIntegrationSpec, testInstance = com.tim.one.validator.StpCashinCommandValidatorIntegrationSpec@510d4b23, testMethod = $spock_feature_0_0@StpCashinCommandValidatorIntegrationSpec, testException = [null], mergedContextConfiguration = [MergedContextConfiguration@4d82c213 testClass = StpCashinCommandValidatorIntegrationSpec, locations = '{classpath:/services-appctx.xml, classpath:/persistence-appctx.xml, classpath:/jms-appctx.xml, classpath:/mail-context.xml, classpath:/transaction-appctx.xml, classpath:/formatter-appctx.xml, classpath:/stp-appctx.xml, classpath:/aop-appctx.xml, classpath:/properties-appctx.xml}', classes = '{}', contextInitializerClasses = '[]', activeProfiles = '{}', contextLoader = 'org.springframework.test.context.support.DelegatingSmartContextLoader', parent = [null]]]
2015-05-20 12:04:28,982  INFO [Test worker] (TransactionalTestExecutionListener.java:276) - Began transaction (7) for test context [DefaultTestContext@7f7b74a4 testClass = StpCashinCommandValidatorIntegrationSpec, testInstance = com.tim.one.validator.StpCashinCommandValidatorIntegrationSpec@3da710d5, testMethod = $spock_feature_0_0@StpCashinCommandValidatorIntegrationSpec, testException = [null], mergedContextConfiguration = [MergedContextConfiguration@4d82c213 testClass = StpCashinCommandValidatorIntegrationSpec, locations = '{classpath:/services-appctx.xml, classpath:/persistence-appctx.xml, classpath:/jms-appctx.xml, classpath:/mail-context.xml, classpath:/transaction-appctx.xml, classpath:/formatter-appctx.xml, classpath:/stp-appctx.xml, classpath:/aop-appctx.xml, classpath:/properties-appctx.xml}', classes = '{}', contextInitializerClasses = '[]', activeProfiles = '{}', contextLoader = 'org.springframework.test.context.support.DelegatingSmartContextLoader', parent = [null]]]; transaction manager [org.springframework.orm.jpa.JpaTransactionManager@5f5ca74d]; rollback [true]
2015-05-20 12:04:29,001  INFO [Test worker] (?:?) - violations:1
2015-05-20 12:04:29,001  INFO [Test worker] (?:?) - field:clabeBeneficiario
2015-05-20 12:04:29,002  INFO [Test worker] (?:?) - message:size must be between 18 and 18
2015-05-20 12:04:29,004  INFO [Test worker] (TransactionalTestExecutionListener.java:298) - Rolled back transaction after test execution for test context [DefaultTestContext@7f7b74a4 testClass = StpCashinCommandValidatorIntegrationSpec, testInstance = com.tim.one.validator.StpCashinCommandValidatorIntegrationSpec@3da710d5, testMethod = $spock_feature_0_0@StpCashinCommandValidatorIntegrationSpec, testException = [null], mergedContextConfiguration = [MergedContextConfiguration@4d82c213 testClass = StpCashinCommandValidatorIntegrationSpec, locations = '{classpath:/services-appctx.xml, classpath:/persistence-appctx.xml, classpath:/jms-appctx.xml, classpath:/mail-context.xml, classpath:/transaction-appctx.xml, classpath:/formatter-appctx.xml, classpath:/stp-appctx.xml, classpath:/aop-appctx.xml, classpath:/properties-appctx.xml}', classes = '{}', contextInitializerClasses = '[]', activeProfiles = '{}', contextLoader = 'org.springframework.test.context.support.DelegatingSmartContextLoader', parent = [null]]]
2015-05-20 12:04:29,009  INFO [Test worker] (TransactionalTestExecutionListener.java:276) - Began transaction (8) for test context [DefaultTestContext@7f7b74a4 testClass = StpCashinCommandValidatorIntegrationSpec, testInstance = com.tim.one.validator.StpCashinCommandValidatorIntegrationSpec@3875caa8, testMethod = $spock_feature_0_0@StpCashinCommandValidatorIntegrationSpec, testException = [null], mergedContextConfiguration = [MergedContextConfiguration@4d82c213 testClass = StpCashinCommandValidatorIntegrationSpec, locations = '{classpath:/services-appctx.xml, classpath:/persistence-appctx.xml, classpath:/jms-appctx.xml, classpath:/mail-context.xml, classpath:/transaction-appctx.xml, classpath:/formatter-appctx.xml, classpath:/stp-appctx.xml, classpath:/aop-appctx.xml, classpath:/properties-appctx.xml}', classes = '{}', contextInitializerClasses = '[]', activeProfiles = '{}', contextLoader = 'org.springframework.test.context.support.DelegatingSmartContextLoader', parent = [null]]]; transaction manager [org.springframework.orm.jpa.JpaTransactionManager@5f5ca74d]; rollback [true]
2015-05-20 12:04:29,023  INFO [Test worker] (?:?) - violations:1
2015-05-20 12:04:29,024  INFO [Test worker] (?:?) - field:amount
2015-05-20 12:04:29,024  INFO [Test worker] (?:?) - message:must be greater than or equal to 0.01
2015-05-20 12:04:29,025  INFO [Test worker] (TransactionalTestExecutionListener.java:298) - Rolled back transaction after test execution for test context [DefaultTestContext@7f7b74a4 testClass = StpCashinCommandValidatorIntegrationSpec, testInstance = com.tim.one.validator.StpCashinCommandValidatorIntegrationSpec@3875caa8, testMethod = $spock_feature_0_0@StpCashinCommandValidatorIntegrationSpec, testException = [null], mergedContextConfiguration = [MergedContextConfiguration@4d82c213 testClass = StpCashinCommandValidatorIntegrationSpec, locations = '{classpath:/services-appctx.xml, classpath:/persistence-appctx.xml, classpath:/jms-appctx.xml, classpath:/mail-context.xml, classpath:/transaction-appctx.xml, classpath:/formatter-appctx.xml, classpath:/stp-appctx.xml, classpath:/aop-appctx.xml, classpath:/properties-appctx.xml}', classes = '{}', contextInitializerClasses = '[]', activeProfiles = '{}', contextLoader = 'org.springframework.test.context.support.DelegatingSmartContextLoader', parent = [null]]]
2015-05-20 12:04:29,031  INFO [Test worker] (TransactionalTestExecutionListener.java:276) - Began transaction (9) for test context [DefaultTestContext@7f7b74a4 testClass = StpCashinCommandValidatorIntegrationSpec, testInstance = com.tim.one.validator.StpCashinCommandValidatorIntegrationSpec@7a98a7b6, testMethod = $spock_feature_0_0@StpCashinCommandValidatorIntegrationSpec, testException = [null], mergedContextConfiguration = [MergedContextConfiguration@4d82c213 testClass = StpCashinCommandValidatorIntegrationSpec, locations = '{classpath:/services-appctx.xml, classpath:/persistence-appctx.xml, classpath:/jms-appctx.xml, classpath:/mail-context.xml, classpath:/transaction-appctx.xml, classpath:/formatter-appctx.xml, classpath:/stp-appctx.xml, classpath:/aop-appctx.xml, classpath:/properties-appctx.xml}', classes = '{}', contextInitializerClasses = '[]', activeProfiles = '{}', contextLoader = 'org.springframework.test.context.support.DelegatingSmartContextLoader', parent = [null]]]; transaction manager [org.springframework.orm.jpa.JpaTransactionManager@5f5ca74d]; rollback [true]
2015-05-20 12:04:29,045  INFO [Test worker] (?:?) - violations:1
2015-05-20 12:04:29,045  INFO [Test worker] (?:?) - field:amount
2015-05-20 12:04:29,046  INFO [Test worker] (?:?) - message:may not be null
2015-05-20 12:04:29,048  INFO [Test worker] (TransactionalTestExecutionListener.java:298) - Rolled back transaction after test execution for test context [DefaultTestContext@7f7b74a4 testClass = StpCashinCommandValidatorIntegrationSpec, testInstance = com.tim.one.validator.StpCashinCommandValidatorIntegrationSpec@7a98a7b6, testMethod = $spock_feature_0_0@StpCashinCommandValidatorIntegrationSpec, testException = [null], mergedContextConfiguration = [MergedContextConfiguration@4d82c213 testClass = StpCashinCommandValidatorIntegrationSpec, locations = '{classpath:/services-appctx.xml, classpath:/persistence-appctx.xml, classpath:/jms-appctx.xml, classpath:/mail-context.xml, classpath:/transaction-appctx.xml, classpath:/formatter-appctx.xml, classpath:/stp-appctx.xml, classpath:/aop-appctx.xml, classpath:/properties-appctx.xml}', classes = '{}', contextInitializerClasses = '[]', activeProfiles = '{}', contextLoader = 'org.springframework.test.context.support.DelegatingSmartContextLoader', parent = [null]]]
2015-05-20 12:04:29,053  INFO [Test worker] (TransactionalTestExecutionListener.java:276) - Began transaction (10) for test context [DefaultTestContext@7f7b74a4 testClass = StpCashinCommandValidatorIntegrationSpec, testInstance = com.tim.one.validator.StpCashinCommandValidatorIntegrationSpec@71979488, testMethod = $spock_feature_0_0@StpCashinCommandValidatorIntegrationSpec, testException = [null], mergedContextConfiguration = [MergedContextConfiguration@4d82c213 testClass = StpCashinCommandValidatorIntegrationSpec, locations = '{classpath:/services-appctx.xml, classpath:/persistence-appctx.xml, classpath:/jms-appctx.xml, classpath:/mail-context.xml, classpath:/transaction-appctx.xml, classpath:/formatter-appctx.xml, classpath:/stp-appctx.xml, classpath:/aop-appctx.xml, classpath:/properties-appctx.xml}', classes = '{}', contextInitializerClasses = '[]', activeProfiles = '{}', contextLoader = 'org.springframework.test.context.support.DelegatingSmartContextLoader', parent = [null]]]; transaction manager [org.springframework.orm.jpa.JpaTransactionManager@5f5ca74d]; rollback [true]
2015-05-20 12:04:29,067  INFO [Test worker] (?:?) - violations:1
2015-05-20 12:04:29,068  INFO [Test worker] (?:?) - field:amount
2015-05-20 12:04:29,068  INFO [Test worker] (?:?) - message:must be greater than or equal to 0.01
2015-05-20 12:04:29,070  INFO [Test worker] (TransactionalTestExecutionListener.java:298) - Rolled back transaction after test execution for test context [DefaultTestContext@7f7b74a4 testClass = StpCashinCommandValidatorIntegrationSpec, testInstance = com.tim.one.validator.StpCashinCommandValidatorIntegrationSpec@71979488, testMethod = $spock_feature_0_0@StpCashinCommandValidatorIntegrationSpec, testException = [null], mergedContextConfiguration = [MergedContextConfiguration@4d82c213 testClass = StpCashinCommandValidatorIntegrationSpec, locations = '{classpath:/services-appctx.xml, classpath:/persistence-appctx.xml, classpath:/jms-appctx.xml, classpath:/mail-context.xml, classpath:/transaction-appctx.xml, classpath:/formatter-appctx.xml, classpath:/stp-appctx.xml, classpath:/aop-appctx.xml, classpath:/properties-appctx.xml}', classes = '{}', contextInitializerClasses = '[]', activeProfiles = '{}', contextLoader = 'org.springframework.test.context.support.DelegatingSmartContextLoader', parent = [null]]]
2015-05-20 12:04:29,076  INFO [Test worker] (TransactionalTestExecutionListener.java:276) - Began transaction (11) for test context [DefaultTestContext@7f7b74a4 testClass = StpCashinCommandValidatorIntegrationSpec, testInstance = com.tim.one.validator.StpCashinCommandValidatorIntegrationSpec@464095c2, testMethod = $spock_feature_0_0@StpCashinCommandValidatorIntegrationSpec, testException = [null], mergedContextConfiguration = [MergedContextConfiguration@4d82c213 testClass = StpCashinCommandValidatorIntegrationSpec, locations = '{classpath:/services-appctx.xml, classpath:/persistence-appctx.xml, classpath:/jms-appctx.xml, classpath:/mail-context.xml, classpath:/transaction-appctx.xml, classpath:/formatter-appctx.xml, classpath:/stp-appctx.xml, classpath:/aop-appctx.xml, classpath:/properties-appctx.xml}', classes = '{}', contextInitializerClasses = '[]', activeProfiles = '{}', contextLoader = 'org.springframework.test.context.support.DelegatingSmartContextLoader', parent = [null]]]; transaction manager [org.springframework.orm.jpa.JpaTransactionManager@5f5ca74d]; rollback [true]
2015-05-20 12:04:29,089  INFO [Test worker] (?:?) - violations:1
2015-05-20 12:04:29,090  INFO [Test worker] (?:?) - field:reference
2015-05-20 12:04:29,091  INFO [Test worker] (?:?) - message:size must be between 1 and 50
2015-05-20 12:04:29,092  INFO [Test worker] (TransactionalTestExecutionListener.java:298) - Rolled back transaction after test execution for test context [DefaultTestContext@7f7b74a4 testClass = StpCashinCommandValidatorIntegrationSpec, testInstance = com.tim.one.validator.StpCashinCommandValidatorIntegrationSpec@464095c2, testMethod = $spock_feature_0_0@StpCashinCommandValidatorIntegrationSpec, testException = [null], mergedContextConfiguration = [MergedContextConfiguration@4d82c213 testClass = StpCashinCommandValidatorIntegrationSpec, locations = '{classpath:/services-appctx.xml, classpath:/persistence-appctx.xml, classpath:/jms-appctx.xml, classpath:/mail-context.xml, classpath:/transaction-appctx.xml, classpath:/formatter-appctx.xml, classpath:/stp-appctx.xml, classpath:/aop-appctx.xml, classpath:/properties-appctx.xml}', classes = '{}', contextInitializerClasses = '[]', activeProfiles = '{}', contextLoader = 'org.springframework.test.context.support.DelegatingSmartContextLoader', parent = [null]]]
2015-05-20 12:04:29,098  INFO [Test worker] (TransactionalTestExecutionListener.java:276) - Began transaction (12) for test context [DefaultTestContext@7f7b74a4 testClass = StpCashinCommandValidatorIntegrationSpec, testInstance = com.tim.one.validator.StpCashinCommandValidatorIntegrationSpec@2bb3e57c, testMethod = $spock_feature_0_0@StpCashinCommandValidatorIntegrationSpec, testException = [null], mergedContextConfiguration = [MergedContextConfiguration@4d82c213 testClass = StpCashinCommandValidatorIntegrationSpec, locations = '{classpath:/services-appctx.xml, classpath:/persistence-appctx.xml, classpath:/jms-appctx.xml, classpath:/mail-context.xml, classpath:/transaction-appctx.xml, classpath:/formatter-appctx.xml, classpath:/stp-appctx.xml, classpath:/aop-appctx.xml, classpath:/properties-appctx.xml}', classes = '{}', contextInitializerClasses = '[]', activeProfiles = '{}', contextLoader = 'org.springframework.test.context.support.DelegatingSmartContextLoader', parent = [null]]]; transaction manager [org.springframework.orm.jpa.JpaTransactionManager@5f5ca74d]; rollback [true]
2015-05-20 12:04:29,115  INFO [Test worker] (?:?) - violations:1
2015-05-20 12:04:29,116  INFO [Test worker] (?:?) - field:reference
2015-05-20 12:04:29,116  INFO [Test worker] (?:?) - message:may not be null
2015-05-20 12:04:29,117  INFO [Test worker] (TransactionalTestExecutionListener.java:298) - Rolled back transaction after test execution for test context [DefaultTestContext@7f7b74a4 testClass = StpCashinCommandValidatorIntegrationSpec, testInstance = com.tim.one.validator.StpCashinCommandValidatorIntegrationSpec@2bb3e57c, testMethod = $spock_feature_0_0@StpCashinCommandValidatorIntegrationSpec, testException = [null], mergedContextConfiguration = [MergedContextConfiguration@4d82c213 testClass = StpCashinCommandValidatorIntegrationSpec, locations = '{classpath:/services-appctx.xml, classpath:/persistence-appctx.xml, classpath:/jms-appctx.xml, classpath:/mail-context.xml, classpath:/transaction-appctx.xml, classpath:/formatter-appctx.xml, classpath:/stp-appctx.xml, classpath:/aop-appctx.xml, classpath:/properties-appctx.xml}', classes = '{}', contextInitializerClasses = '[]', activeProfiles = '{}', contextLoader = 'org.springframework.test.context.support.DelegatingSmartContextLoader', parent = [null]]]
2015-05-20 12:04:29,123  INFO [Test worker] (TransactionalTestExecutionListener.java:276) - Began transaction (13) for test context [DefaultTestContext@7f7b74a4 testClass = StpCashinCommandValidatorIntegrationSpec, testInstance = com.tim.one.validator.StpCashinCommandValidatorIntegrationSpec@6ea633bd, testMethod = $spock_feature_0_0@StpCashinCommandValidatorIntegrationSpec, testException = [null], mergedContextConfiguration = [MergedContextConfiguration@4d82c213 testClass = StpCashinCommandValidatorIntegrationSpec, locations = '{classpath:/services-appctx.xml, classpath:/persistence-appctx.xml, classpath:/jms-appctx.xml, classpath:/mail-context.xml, classpath:/transaction-appctx.xml, classpath:/formatter-appctx.xml, classpath:/stp-appctx.xml, classpath:/aop-appctx.xml, classpath:/properties-appctx.xml}', classes = '{}', contextInitializerClasses = '[]', activeProfiles = '{}', contextLoader = 'org.springframework.test.context.support.DelegatingSmartContextLoader', parent = [null]]]; transaction manager [org.springframework.orm.jpa.JpaTransactionManager@5f5ca74d]; rollback [true]
2015-05-20 12:04:29,132  INFO [Test worker] (?:?) - violations:1
2015-05-20 12:04:29,132  INFO [Test worker] (?:?) - field:clabeOrdenante
2015-05-20 12:04:29,132  INFO [Test worker] (?:?) - message:size must be between 18 and 18
2015-05-20 12:04:29,133  INFO [Test worker] (TransactionalTestExecutionListener.java:298) - Rolled back transaction after test execution for test context [DefaultTestContext@7f7b74a4 testClass = StpCashinCommandValidatorIntegrationSpec, testInstance = com.tim.one.validator.StpCashinCommandValidatorIntegrationSpec@6ea633bd, testMethod = $spock_feature_0_0@StpCashinCommandValidatorIntegrationSpec, testException = [null], mergedContextConfiguration = [MergedContextConfiguration@4d82c213 testClass = StpCashinCommandValidatorIntegrationSpec, locations = '{classpath:/services-appctx.xml, classpath:/persistence-appctx.xml, classpath:/jms-appctx.xml, classpath:/mail-context.xml, classpath:/transaction-appctx.xml, classpath:/formatter-appctx.xml, classpath:/stp-appctx.xml, classpath:/aop-appctx.xml, classpath:/properties-appctx.xml}', classes = '{}', contextInitializerClasses = '[]', activeProfiles = '{}', contextLoader = 'org.springframework.test.context.support.DelegatingSmartContextLoader', parent = [null]]]
2015-05-20 12:04:29,136  INFO [Test worker] (TransactionalTestExecutionListener.java:276) - Began transaction (14) for test context [DefaultTestContext@7f7b74a4 testClass = StpCashinCommandValidatorIntegrationSpec, testInstance = com.tim.one.validator.StpCashinCommandValidatorIntegrationSpec@1dd575d4, testMethod = $spock_feature_0_0@StpCashinCommandValidatorIntegrationSpec, testException = [null], mergedContextConfiguration = [MergedContextConfiguration@4d82c213 testClass = StpCashinCommandValidatorIntegrationSpec, locations = '{classpath:/services-appctx.xml, classpath:/persistence-appctx.xml, classpath:/jms-appctx.xml, classpath:/mail-context.xml, classpath:/transaction-appctx.xml, classpath:/formatter-appctx.xml, classpath:/stp-appctx.xml, classpath:/aop-appctx.xml, classpath:/properties-appctx.xml}', classes = '{}', contextInitializerClasses = '[]', activeProfiles = '{}', contextLoader = 'org.springframework.test.context.support.DelegatingSmartContextLoader', parent = [null]]]; transaction manager [org.springframework.orm.jpa.JpaTransactionManager@5f5ca74d]; rollback [true]
2015-05-20 12:04:29,146  INFO [Test worker] (?:?) - violations:1
2015-05-20 12:04:29,146  INFO [Test worker] (?:?) - field:clabeBeneficiario
2015-05-20 12:04:29,146  INFO [Test worker] (?:?) - message:size must be between 18 and 18
2015-05-20 12:04:29,147  INFO [Test worker] (TransactionalTestExecutionListener.java:298) - Rolled back transaction after test execution for test context [DefaultTestContext@7f7b74a4 testClass = StpCashinCommandValidatorIntegrationSpec, testInstance = com.tim.one.validator.StpCashinCommandValidatorIntegrationSpec@1dd575d4, testMethod = $spock_feature_0_0@StpCashinCommandValidatorIntegrationSpec, testException = [null], mergedContextConfiguration = [MergedContextConfiguration@4d82c213 testClass = StpCashinCommandValidatorIntegrationSpec, locations = '{classpath:/services-appctx.xml, classpath:/persistence-appctx.xml, classpath:/jms-appctx.xml, classpath:/mail-context.xml, classpath:/transaction-appctx.xml, classpath:/formatter-appctx.xml, classpath:/stp-appctx.xml, classpath:/aop-appctx.xml, classpath:/properties-appctx.xml}', classes = '{}', contextInitializerClasses = '[]', activeProfiles = '{}', contextLoader = 'org.springframework.test.context.support.DelegatingSmartContextLoader', parent = [null]]]
2015-05-20 12:04:29,152  INFO [Test worker] (TransactionalTestExecutionListener.java:276) - Began transaction (15) for test context [DefaultTestContext@7f7b74a4 testClass = StpCashinCommandValidatorIntegrationSpec, testInstance = com.tim.one.validator.StpCashinCommandValidatorIntegrationSpec@6767eb6e, testMethod = $spock_feature_0_0@StpCashinCommandValidatorIntegrationSpec, testException = [null], mergedContextConfiguration = [MergedContextConfiguration@4d82c213 testClass = StpCashinCommandValidatorIntegrationSpec, locations = '{classpath:/services-appctx.xml, classpath:/persistence-appctx.xml, classpath:/jms-appctx.xml, classpath:/mail-context.xml, classpath:/transaction-appctx.xml, classpath:/formatter-appctx.xml, classpath:/stp-appctx.xml, classpath:/aop-appctx.xml, classpath:/properties-appctx.xml}', classes = '{}', contextInitializerClasses = '[]', activeProfiles = '{}', contextLoader = 'org.springframework.test.context.support.DelegatingSmartContextLoader', parent = [null]]]; transaction manager [org.springframework.orm.jpa.JpaTransactionManager@5f5ca74d]; rollback [true]
2015-05-20 12:04:29,161  INFO [Test worker] (?:?) - violations:1
2015-05-20 12:04:29,162  INFO [Test worker] (?:?) - field:reference
2015-05-20 12:04:29,162  INFO [Test worker] (?:?) - message:may have unsafe html content
2015-05-20 12:04:29,163  INFO [Test worker] (TransactionalTestExecutionListener.java:298) - Rolled back transaction after test execution for test context [DefaultTestContext@7f7b74a4 testClass = StpCashinCommandValidatorIntegrationSpec, testInstance = com.tim.one.validator.StpCashinCommandValidatorIntegrationSpec@6767eb6e, testMethod = $spock_feature_0_0@StpCashinCommandValidatorIntegrationSpec, testException = [null], mergedContextConfiguration = [MergedContextConfiguration@4d82c213 testClass = StpCashinCommandValidatorIntegrationSpec, locations = '{classpath:/services-appctx.xml, classpath:/persistence-appctx.xml, classpath:/jms-appctx.xml, classpath:/mail-context.xml, classpath:/transaction-appctx.xml, classpath:/formatter-appctx.xml, classpath:/stp-appctx.xml, classpath:/aop-appctx.xml, classpath:/properties-appctx.xml}', classes = '{}', contextInitializerClasses = '[]', activeProfiles = '{}', contextLoader = 'org.springframework.test.context.support.DelegatingSmartContextLoader', parent = [null]]]
]]></system-out>
  <system-err><![CDATA[]]></system-err>
</testsuite>
