<?xml version="1.0" encoding="UTF-8"?>
<testsuite name="com.tim.one.validator.MaxAmountCommandValidatorIntegrationSpec" tests="14" skipped="0" failures="0" errors="0" timestamp="2015-05-20T17:04:29" hostname="josdem-Inspiron-5420" time="0.198">
  <properties/>
  <testcase name="When we have a user with 51d172788b034b738565f7dd4d4cb2fe as id, and user with c4e935b546d04f73829a955281b88292 as id and want to set maximum amount &#10;&#9;&#9;&#9;to transfer at 0.01 when we validate we expecting that result is: true" classname="com.tim.one.validator.MaxAmountCommandValidatorIntegrationSpec" time="0.037"/>
  <testcase name="When we have a user with 51d172788b034b738565f7dd4d4cb2fer as id, and user with c4e935b546d04f73829a955281b88292 as id and want to set maximum amount &#10;&#9;&#9;&#9;to transfer at 0.01 when we validate we expecting that result is: false" classname="com.tim.one.validator.MaxAmountCommandValidatorIntegrationSpec" time="0.012"/>
  <testcase name="When we have a user with 51d172788b034b738565f7dd4d4cb2f as id, and user with c4e935b546d04f73829a955281b88292 as id and want to set maximum amount &#10;&#9;&#9;&#9;to transfer at 0.01 when we validate we expecting that result is: false" classname="com.tim.one.validator.MaxAmountCommandValidatorIntegrationSpec" time="0.012"/>
  <testcase name="When we have a user with  as id, and user with c4e935b546d04f73829a955281b88292 as id and want to set maximum amount &#10;&#9;&#9;&#9;to transfer at 0.01 when we validate we expecting that result is: false" classname="com.tim.one.validator.MaxAmountCommandValidatorIntegrationSpec" time="0.014"/>
  <testcase name="When we have a user with null as id, and user with c4e935b546d04f73829a955281b88292 as id and want to set maximum amount &#10;&#9;&#9;&#9;to transfer at 0.01 when we validate we expecting that result is: false" classname="com.tim.one.validator.MaxAmountCommandValidatorIntegrationSpec" time="0.011"/>
  <testcase name="When we have a user with &lt;script&gt;alert('hello josdem')&lt;/script&gt; as id, and user with c4e935b546d04f73829a955281b88292e as id and want to set maximum amount &#10;&#9;&#9;&#9;to transfer at 0.01 when we validate we expecting that result is: false" classname="com.tim.one.validator.MaxAmountCommandValidatorIntegrationSpec" time="0.011"/>
  <testcase name="When we have a user with 51d172788b034b738565f7dd4d4cb2fe as id, and user with c4e935b546d04f73829a955281b88292w as id and want to set maximum amount &#10;&#9;&#9;&#9;to transfer at 0.01 when we validate we expecting that result is: false" classname="com.tim.one.validator.MaxAmountCommandValidatorIntegrationSpec" time="0.011"/>
  <testcase name="When we have a user with 51d172788b034b738565f7dd4d4cb2fe as id, and user with c4e935b546d04f73829a955281b8829 as id and want to set maximum amount &#10;&#9;&#9;&#9;to transfer at 0.01 when we validate we expecting that result is: false" classname="com.tim.one.validator.MaxAmountCommandValidatorIntegrationSpec" time="0.012"/>
  <testcase name="When we have a user with 51d172788b034b738565f7dd4d4cb2fe as id, and user with  as id and want to set maximum amount &#10;&#9;&#9;&#9;to transfer at 0.01 when we validate we expecting that result is: false" classname="com.tim.one.validator.MaxAmountCommandValidatorIntegrationSpec" time="0.011"/>
  <testcase name="When we have a user with 51d172788b034b738565f7dd4d4cb2fe as id, and user with null as id and want to set maximum amount &#10;&#9;&#9;&#9;to transfer at 0.01 when we validate we expecting that result is: false" classname="com.tim.one.validator.MaxAmountCommandValidatorIntegrationSpec" time="0.011"/>
  <testcase name="When we have a user with 51d172788b034b738565f7dd4d4cb2fe as id, and user with &lt;script&gt;alert('hello josdem')&lt;/script&gt; as id and want to set maximum amount &#10;&#9;&#9;&#9;to transfer at 0.01 when we validate we expecting that result is: false" classname="com.tim.one.validator.MaxAmountCommandValidatorIntegrationSpec" time="0.012"/>
  <testcase name="When we have a user with 51d172788b034b738565f7dd4d4cb2fe as id, and user with c4e935b546d04f73829a955281b88292 as id and want to set maximum amount &#10;&#9;&#9;&#9;to transfer at 0.00 when we validate we expecting that result is: false" classname="com.tim.one.validator.MaxAmountCommandValidatorIntegrationSpec" time="0.012"/>
  <testcase name="When we have a user with 51d172788b034b738565f7dd4d4cb2fe as id, and user with c4e935b546d04f73829a955281b88292 as id and want to set maximum amount &#10;&#9;&#9;&#9;to transfer at -10.00 when we validate we expecting that result is: false" classname="com.tim.one.validator.MaxAmountCommandValidatorIntegrationSpec" time="0.014"/>
  <testcase name="When we have a user with 51d172788b034b738565f7dd4d4cb2fe as id, and user with c4e935b546d04f73829a955281b88292 as id and want to set maximum amount &#10;&#9;&#9;&#9;to transfer at null when we validate we expecting that result is: false" classname="com.tim.one.validator.MaxAmountCommandValidatorIntegrationSpec" time="0.011"/>
  <system-out><![CDATA[2015-05-20 12:04:29,197 DEBUG [Test worker] (AbstractFallbackTransactionAttributeSource.java:108) - Adding transactional method 'MaxAmountCommandValidatorIntegrationSpec.$spock_feature_0_0' with attribute: PROPAGATION_REQUIRED,ISOLATION_DEFAULT; ''
2015-05-20 12:04:29,198  INFO [Test worker] (TransactionalTestExecutionListener.java:276) - Began transaction (1) for test context [DefaultTestContext@34bd9f99 testClass = MaxAmountCommandValidatorIntegrationSpec, testInstance = com.tim.one.validator.MaxAmountCommandValidatorIntegrationSpec@d3910dc, testMethod = $spock_feature_0_0@MaxAmountCommandValidatorIntegrationSpec, testException = [null], mergedContextConfiguration = [MergedContextConfiguration@1d81e24c testClass = MaxAmountCommandValidatorIntegrationSpec, locations = '{classpath:/services-appctx.xml, classpath:/persistence-appctx.xml, classpath:/jms-appctx.xml, classpath:/mail-context.xml, classpath:/transaction-appctx.xml, classpath:/formatter-appctx.xml, classpath:/stp-appctx.xml, classpath:/aop-appctx.xml, classpath:/properties-appctx.xml}', classes = '{}', contextInitializerClasses = '[]', activeProfiles = '{}', contextLoader = 'org.springframework.test.context.support.DelegatingSmartContextLoader', parent = [null]]]; transaction manager [org.springframework.orm.jpa.JpaTransactionManager@5f5ca74d]; rollback [true]
2015-05-20 12:04:29,214  INFO [Test worker] (?:?) - violations:0
2015-05-20 12:04:29,215  INFO [Test worker] (TransactionalTestExecutionListener.java:298) - Rolled back transaction after test execution for test context [DefaultTestContext@34bd9f99 testClass = MaxAmountCommandValidatorIntegrationSpec, testInstance = com.tim.one.validator.MaxAmountCommandValidatorIntegrationSpec@d3910dc, testMethod = $spock_feature_0_0@MaxAmountCommandValidatorIntegrationSpec, testException = [null], mergedContextConfiguration = [MergedContextConfiguration@1d81e24c testClass = MaxAmountCommandValidatorIntegrationSpec, locations = '{classpath:/services-appctx.xml, classpath:/persistence-appctx.xml, classpath:/jms-appctx.xml, classpath:/mail-context.xml, classpath:/transaction-appctx.xml, classpath:/formatter-appctx.xml, classpath:/stp-appctx.xml, classpath:/aop-appctx.xml, classpath:/properties-appctx.xml}', classes = '{}', contextInitializerClasses = '[]', activeProfiles = '{}', contextLoader = 'org.springframework.test.context.support.DelegatingSmartContextLoader', parent = [null]]]
2015-05-20 12:04:29,218  INFO [Test worker] (TransactionalTestExecutionListener.java:276) - Began transaction (2) for test context [DefaultTestContext@34bd9f99 testClass = MaxAmountCommandValidatorIntegrationSpec, testInstance = com.tim.one.validator.MaxAmountCommandValidatorIntegrationSpec@7604429, testMethod = $spock_feature_0_0@MaxAmountCommandValidatorIntegrationSpec, testException = [null], mergedContextConfiguration = [MergedContextConfiguration@1d81e24c testClass = MaxAmountCommandValidatorIntegrationSpec, locations = '{classpath:/services-appctx.xml, classpath:/persistence-appctx.xml, classpath:/jms-appctx.xml, classpath:/mail-context.xml, classpath:/transaction-appctx.xml, classpath:/formatter-appctx.xml, classpath:/stp-appctx.xml, classpath:/aop-appctx.xml, classpath:/properties-appctx.xml}', classes = '{}', contextInitializerClasses = '[]', activeProfiles = '{}', contextLoader = 'org.springframework.test.context.support.DelegatingSmartContextLoader', parent = [null]]]; transaction manager [org.springframework.orm.jpa.JpaTransactionManager@5f5ca74d]; rollback [true]
2015-05-20 12:04:29,226  INFO [Test worker] (?:?) - violations:1
2015-05-20 12:04:29,226  INFO [Test worker] (?:?) - field:userUuid
2015-05-20 12:04:29,226  INFO [Test worker] (?:?) - message:size must be between 32 and 32
2015-05-20 12:04:29,227  INFO [Test worker] (TransactionalTestExecutionListener.java:298) - Rolled back transaction after test execution for test context [DefaultTestContext@34bd9f99 testClass = MaxAmountCommandValidatorIntegrationSpec, testInstance = com.tim.one.validator.MaxAmountCommandValidatorIntegrationSpec@7604429, testMethod = $spock_feature_0_0@MaxAmountCommandValidatorIntegrationSpec, testException = [null], mergedContextConfiguration = [MergedContextConfiguration@1d81e24c testClass = MaxAmountCommandValidatorIntegrationSpec, locations = '{classpath:/services-appctx.xml, classpath:/persistence-appctx.xml, classpath:/jms-appctx.xml, classpath:/mail-context.xml, classpath:/transaction-appctx.xml, classpath:/formatter-appctx.xml, classpath:/stp-appctx.xml, classpath:/aop-appctx.xml, classpath:/properties-appctx.xml}', classes = '{}', contextInitializerClasses = '[]', activeProfiles = '{}', contextLoader = 'org.springframework.test.context.support.DelegatingSmartContextLoader', parent = [null]]]
2015-05-20 12:04:29,230  INFO [Test worker] (TransactionalTestExecutionListener.java:276) - Began transaction (3) for test context [DefaultTestContext@34bd9f99 testClass = MaxAmountCommandValidatorIntegrationSpec, testInstance = com.tim.one.validator.MaxAmountCommandValidatorIntegrationSpec@72a705c2, testMethod = $spock_feature_0_0@MaxAmountCommandValidatorIntegrationSpec, testException = [null], mergedContextConfiguration = [MergedContextConfiguration@1d81e24c testClass = MaxAmountCommandValidatorIntegrationSpec, locations = '{classpath:/services-appctx.xml, classpath:/persistence-appctx.xml, classpath:/jms-appctx.xml, classpath:/mail-context.xml, classpath:/transaction-appctx.xml, classpath:/formatter-appctx.xml, classpath:/stp-appctx.xml, classpath:/aop-appctx.xml, classpath:/properties-appctx.xml}', classes = '{}', contextInitializerClasses = '[]', activeProfiles = '{}', contextLoader = 'org.springframework.test.context.support.DelegatingSmartContextLoader', parent = [null]]]; transaction manager [org.springframework.orm.jpa.JpaTransactionManager@5f5ca74d]; rollback [true]
2015-05-20 12:04:29,239  INFO [Test worker] (?:?) - violations:1
2015-05-20 12:04:29,239  INFO [Test worker] (?:?) - field:userUuid
2015-05-20 12:04:29,240  INFO [Test worker] (?:?) - message:size must be between 32 and 32
2015-05-20 12:04:29,241  INFO [Test worker] (TransactionalTestExecutionListener.java:298) - Rolled back transaction after test execution for test context [DefaultTestContext@34bd9f99 testClass = MaxAmountCommandValidatorIntegrationSpec, testInstance = com.tim.one.validator.MaxAmountCommandValidatorIntegrationSpec@72a705c2, testMethod = $spock_feature_0_0@MaxAmountCommandValidatorIntegrationSpec, testException = [null], mergedContextConfiguration = [MergedContextConfiguration@1d81e24c testClass = MaxAmountCommandValidatorIntegrationSpec, locations = '{classpath:/services-appctx.xml, classpath:/persistence-appctx.xml, classpath:/jms-appctx.xml, classpath:/mail-context.xml, classpath:/transaction-appctx.xml, classpath:/formatter-appctx.xml, classpath:/stp-appctx.xml, classpath:/aop-appctx.xml, classpath:/properties-appctx.xml}', classes = '{}', contextInitializerClasses = '[]', activeProfiles = '{}', contextLoader = 'org.springframework.test.context.support.DelegatingSmartContextLoader', parent = [null]]]
2015-05-20 12:04:29,244  INFO [Test worker] (TransactionalTestExecutionListener.java:276) - Began transaction (4) for test context [DefaultTestContext@34bd9f99 testClass = MaxAmountCommandValidatorIntegrationSpec, testInstance = com.tim.one.validator.MaxAmountCommandValidatorIntegrationSpec@472aaffe, testMethod = $spock_feature_0_0@MaxAmountCommandValidatorIntegrationSpec, testException = [null], mergedContextConfiguration = [MergedContextConfiguration@1d81e24c testClass = MaxAmountCommandValidatorIntegrationSpec, locations = '{classpath:/services-appctx.xml, classpath:/persistence-appctx.xml, classpath:/jms-appctx.xml, classpath:/mail-context.xml, classpath:/transaction-appctx.xml, classpath:/formatter-appctx.xml, classpath:/stp-appctx.xml, classpath:/aop-appctx.xml, classpath:/properties-appctx.xml}', classes = '{}', contextInitializerClasses = '[]', activeProfiles = '{}', contextLoader = 'org.springframework.test.context.support.DelegatingSmartContextLoader', parent = [null]]]; transaction manager [org.springframework.orm.jpa.JpaTransactionManager@5f5ca74d]; rollback [true]
2015-05-20 12:04:29,253  INFO [Test worker] (?:?) - violations:1
2015-05-20 12:04:29,254  INFO [Test worker] (?:?) - field:userUuid
2015-05-20 12:04:29,254  INFO [Test worker] (?:?) - message:size must be between 32 and 32
2015-05-20 12:04:29,255  INFO [Test worker] (TransactionalTestExecutionListener.java:298) - Rolled back transaction after test execution for test context [DefaultTestContext@34bd9f99 testClass = MaxAmountCommandValidatorIntegrationSpec, testInstance = com.tim.one.validator.MaxAmountCommandValidatorIntegrationSpec@472aaffe, testMethod = $spock_feature_0_0@MaxAmountCommandValidatorIntegrationSpec, testException = [null], mergedContextConfiguration = [MergedContextConfiguration@1d81e24c testClass = MaxAmountCommandValidatorIntegrationSpec, locations = '{classpath:/services-appctx.xml, classpath:/persistence-appctx.xml, classpath:/jms-appctx.xml, classpath:/mail-context.xml, classpath:/transaction-appctx.xml, classpath:/formatter-appctx.xml, classpath:/stp-appctx.xml, classpath:/aop-appctx.xml, classpath:/properties-appctx.xml}', classes = '{}', contextInitializerClasses = '[]', activeProfiles = '{}', contextLoader = 'org.springframework.test.context.support.DelegatingSmartContextLoader', parent = [null]]]
2015-05-20 12:04:29,258  INFO [Test worker] (TransactionalTestExecutionListener.java:276) - Began transaction (5) for test context [DefaultTestContext@34bd9f99 testClass = MaxAmountCommandValidatorIntegrationSpec, testInstance = com.tim.one.validator.MaxAmountCommandValidatorIntegrationSpec@62d4b6ed, testMethod = $spock_feature_0_0@MaxAmountCommandValidatorIntegrationSpec, testException = [null], mergedContextConfiguration = [MergedContextConfiguration@1d81e24c testClass = MaxAmountCommandValidatorIntegrationSpec, locations = '{classpath:/services-appctx.xml, classpath:/persistence-appctx.xml, classpath:/jms-appctx.xml, classpath:/mail-context.xml, classpath:/transaction-appctx.xml, classpath:/formatter-appctx.xml, classpath:/stp-appctx.xml, classpath:/aop-appctx.xml, classpath:/properties-appctx.xml}', classes = '{}', contextInitializerClasses = '[]', activeProfiles = '{}', contextLoader = 'org.springframework.test.context.support.DelegatingSmartContextLoader', parent = [null]]]; transaction manager [org.springframework.orm.jpa.JpaTransactionManager@5f5ca74d]; rollback [true]
2015-05-20 12:04:29,265  INFO [Test worker] (?:?) - violations:1
2015-05-20 12:04:29,265  INFO [Test worker] (?:?) - field:userUuid
2015-05-20 12:04:29,265  INFO [Test worker] (?:?) - message:may not be null
2015-05-20 12:04:29,266  INFO [Test worker] (TransactionalTestExecutionListener.java:298) - Rolled back transaction after test execution for test context [DefaultTestContext@34bd9f99 testClass = MaxAmountCommandValidatorIntegrationSpec, testInstance = com.tim.one.validator.MaxAmountCommandValidatorIntegrationSpec@62d4b6ed, testMethod = $spock_feature_0_0@MaxAmountCommandValidatorIntegrationSpec, testException = [null], mergedContextConfiguration = [MergedContextConfiguration@1d81e24c testClass = MaxAmountCommandValidatorIntegrationSpec, locations = '{classpath:/services-appctx.xml, classpath:/persistence-appctx.xml, classpath:/jms-appctx.xml, classpath:/mail-context.xml, classpath:/transaction-appctx.xml, classpath:/formatter-appctx.xml, classpath:/stp-appctx.xml, classpath:/aop-appctx.xml, classpath:/properties-appctx.xml}', classes = '{}', contextInitializerClasses = '[]', activeProfiles = '{}', contextLoader = 'org.springframework.test.context.support.DelegatingSmartContextLoader', parent = [null]]]
2015-05-20 12:04:29,269  INFO [Test worker] (TransactionalTestExecutionListener.java:276) - Began transaction (6) for test context [DefaultTestContext@34bd9f99 testClass = MaxAmountCommandValidatorIntegrationSpec, testInstance = com.tim.one.validator.MaxAmountCommandValidatorIntegrationSpec@6480185b, testMethod = $spock_feature_0_0@MaxAmountCommandValidatorIntegrationSpec, testException = [null], mergedContextConfiguration = [MergedContextConfiguration@1d81e24c testClass = MaxAmountCommandValidatorIntegrationSpec, locations = '{classpath:/services-appctx.xml, classpath:/persistence-appctx.xml, classpath:/jms-appctx.xml, classpath:/mail-context.xml, classpath:/transaction-appctx.xml, classpath:/formatter-appctx.xml, classpath:/stp-appctx.xml, classpath:/aop-appctx.xml, classpath:/properties-appctx.xml}', classes = '{}', contextInitializerClasses = '[]', activeProfiles = '{}', contextLoader = 'org.springframework.test.context.support.DelegatingSmartContextLoader', parent = [null]]]; transaction manager [org.springframework.orm.jpa.JpaTransactionManager@5f5ca74d]; rollback [true]
2015-05-20 12:04:29,276  INFO [Test worker] (?:?) - violations:3
2015-05-20 12:04:29,276  INFO [Test worker] (?:?) - field:userUuid
2015-05-20 12:04:29,277  INFO [Test worker] (?:?) - message:may have unsafe html content
2015-05-20 12:04:29,278  INFO [Test worker] (TransactionalTestExecutionListener.java:298) - Rolled back transaction after test execution for test context [DefaultTestContext@34bd9f99 testClass = MaxAmountCommandValidatorIntegrationSpec, testInstance = com.tim.one.validator.MaxAmountCommandValidatorIntegrationSpec@6480185b, testMethod = $spock_feature_0_0@MaxAmountCommandValidatorIntegrationSpec, testException = [null], mergedContextConfiguration = [MergedContextConfiguration@1d81e24c testClass = MaxAmountCommandValidatorIntegrationSpec, locations = '{classpath:/services-appctx.xml, classpath:/persistence-appctx.xml, classpath:/jms-appctx.xml, classpath:/mail-context.xml, classpath:/transaction-appctx.xml, classpath:/formatter-appctx.xml, classpath:/stp-appctx.xml, classpath:/aop-appctx.xml, classpath:/properties-appctx.xml}', classes = '{}', contextInitializerClasses = '[]', activeProfiles = '{}', contextLoader = 'org.springframework.test.context.support.DelegatingSmartContextLoader', parent = [null]]]
2015-05-20 12:04:29,280  INFO [Test worker] (TransactionalTestExecutionListener.java:276) - Began transaction (7) for test context [DefaultTestContext@34bd9f99 testClass = MaxAmountCommandValidatorIntegrationSpec, testInstance = com.tim.one.validator.MaxAmountCommandValidatorIntegrationSpec@39af5f9b, testMethod = $spock_feature_0_0@MaxAmountCommandValidatorIntegrationSpec, testException = [null], mergedContextConfiguration = [MergedContextConfiguration@1d81e24c testClass = MaxAmountCommandValidatorIntegrationSpec, locations = '{classpath:/services-appctx.xml, classpath:/persistence-appctx.xml, classpath:/jms-appctx.xml, classpath:/mail-context.xml, classpath:/transaction-appctx.xml, classpath:/formatter-appctx.xml, classpath:/stp-appctx.xml, classpath:/aop-appctx.xml, classpath:/properties-appctx.xml}', classes = '{}', contextInitializerClasses = '[]', activeProfiles = '{}', contextLoader = 'org.springframework.test.context.support.DelegatingSmartContextLoader', parent = [null]]]; transaction manager [org.springframework.orm.jpa.JpaTransactionManager@5f5ca74d]; rollback [true]
2015-05-20 12:04:29,288  INFO [Test worker] (?:?) - violations:1
2015-05-20 12:04:29,288  INFO [Test worker] (?:?) - field:destinationUuid
2015-05-20 12:04:29,288  INFO [Test worker] (?:?) - message:size must be between 32 and 32
2015-05-20 12:04:29,289  INFO [Test worker] (TransactionalTestExecutionListener.java:298) - Rolled back transaction after test execution for test context [DefaultTestContext@34bd9f99 testClass = MaxAmountCommandValidatorIntegrationSpec, testInstance = com.tim.one.validator.MaxAmountCommandValidatorIntegrationSpec@39af5f9b, testMethod = $spock_feature_0_0@MaxAmountCommandValidatorIntegrationSpec, testException = [null], mergedContextConfiguration = [MergedContextConfiguration@1d81e24c testClass = MaxAmountCommandValidatorIntegrationSpec, locations = '{classpath:/services-appctx.xml, classpath:/persistence-appctx.xml, classpath:/jms-appctx.xml, classpath:/mail-context.xml, classpath:/transaction-appctx.xml, classpath:/formatter-appctx.xml, classpath:/stp-appctx.xml, classpath:/aop-appctx.xml, classpath:/properties-appctx.xml}', classes = '{}', contextInitializerClasses = '[]', activeProfiles = '{}', contextLoader = 'org.springframework.test.context.support.DelegatingSmartContextLoader', parent = [null]]]
2015-05-20 12:04:29,292  INFO [Test worker] (TransactionalTestExecutionListener.java:276) - Began transaction (8) for test context [DefaultTestContext@34bd9f99 testClass = MaxAmountCommandValidatorIntegrationSpec, testInstance = com.tim.one.validator.MaxAmountCommandValidatorIntegrationSpec@7f04e6db, testMethod = $spock_feature_0_0@MaxAmountCommandValidatorIntegrationSpec, testException = [null], mergedContextConfiguration = [MergedContextConfiguration@1d81e24c testClass = MaxAmountCommandValidatorIntegrationSpec, locations = '{classpath:/services-appctx.xml, classpath:/persistence-appctx.xml, classpath:/jms-appctx.xml, classpath:/mail-context.xml, classpath:/transaction-appctx.xml, classpath:/formatter-appctx.xml, classpath:/stp-appctx.xml, classpath:/aop-appctx.xml, classpath:/properties-appctx.xml}', classes = '{}', contextInitializerClasses = '[]', activeProfiles = '{}', contextLoader = 'org.springframework.test.context.support.DelegatingSmartContextLoader', parent = [null]]]; transaction manager [org.springframework.orm.jpa.JpaTransactionManager@5f5ca74d]; rollback [true]
2015-05-20 12:04:29,300  INFO [Test worker] (?:?) - violations:1
2015-05-20 12:04:29,300  INFO [Test worker] (?:?) - field:destinationUuid
2015-05-20 12:04:29,300  INFO [Test worker] (?:?) - message:size must be between 32 and 32
2015-05-20 12:04:29,301  INFO [Test worker] (TransactionalTestExecutionListener.java:298) - Rolled back transaction after test execution for test context [DefaultTestContext@34bd9f99 testClass = MaxAmountCommandValidatorIntegrationSpec, testInstance = com.tim.one.validator.MaxAmountCommandValidatorIntegrationSpec@7f04e6db, testMethod = $spock_feature_0_0@MaxAmountCommandValidatorIntegrationSpec, testException = [null], mergedContextConfiguration = [MergedContextConfiguration@1d81e24c testClass = MaxAmountCommandValidatorIntegrationSpec, locations = '{classpath:/services-appctx.xml, classpath:/persistence-appctx.xml, classpath:/jms-appctx.xml, classpath:/mail-context.xml, classpath:/transaction-appctx.xml, classpath:/formatter-appctx.xml, classpath:/stp-appctx.xml, classpath:/aop-appctx.xml, classpath:/properties-appctx.xml}', classes = '{}', contextInitializerClasses = '[]', activeProfiles = '{}', contextLoader = 'org.springframework.test.context.support.DelegatingSmartContextLoader', parent = [null]]]
2015-05-20 12:04:29,304  INFO [Test worker] (TransactionalTestExecutionListener.java:276) - Began transaction (9) for test context [DefaultTestContext@34bd9f99 testClass = MaxAmountCommandValidatorIntegrationSpec, testInstance = com.tim.one.validator.MaxAmountCommandValidatorIntegrationSpec@32d4efd3, testMethod = $spock_feature_0_0@MaxAmountCommandValidatorIntegrationSpec, testException = [null], mergedContextConfiguration = [MergedContextConfiguration@1d81e24c testClass = MaxAmountCommandValidatorIntegrationSpec, locations = '{classpath:/services-appctx.xml, classpath:/persistence-appctx.xml, classpath:/jms-appctx.xml, classpath:/mail-context.xml, classpath:/transaction-appctx.xml, classpath:/formatter-appctx.xml, classpath:/stp-appctx.xml, classpath:/aop-appctx.xml, classpath:/properties-appctx.xml}', classes = '{}', contextInitializerClasses = '[]', activeProfiles = '{}', contextLoader = 'org.springframework.test.context.support.DelegatingSmartContextLoader', parent = [null]]]; transaction manager [org.springframework.orm.jpa.JpaTransactionManager@5f5ca74d]; rollback [true]
2015-05-20 12:04:29,311  INFO [Test worker] (?:?) - violations:1
2015-05-20 12:04:29,311  INFO [Test worker] (?:?) - field:destinationUuid
2015-05-20 12:04:29,311  INFO [Test worker] (?:?) - message:size must be between 32 and 32
2015-05-20 12:04:29,312  INFO [Test worker] (TransactionalTestExecutionListener.java:298) - Rolled back transaction after test execution for test context [DefaultTestContext@34bd9f99 testClass = MaxAmountCommandValidatorIntegrationSpec, testInstance = com.tim.one.validator.MaxAmountCommandValidatorIntegrationSpec@32d4efd3, testMethod = $spock_feature_0_0@MaxAmountCommandValidatorIntegrationSpec, testException = [null], mergedContextConfiguration = [MergedContextConfiguration@1d81e24c testClass = MaxAmountCommandValidatorIntegrationSpec, locations = '{classpath:/services-appctx.xml, classpath:/persistence-appctx.xml, classpath:/jms-appctx.xml, classpath:/mail-context.xml, classpath:/transaction-appctx.xml, classpath:/formatter-appctx.xml, classpath:/stp-appctx.xml, classpath:/aop-appctx.xml, classpath:/properties-appctx.xml}', classes = '{}', contextInitializerClasses = '[]', activeProfiles = '{}', contextLoader = 'org.springframework.test.context.support.DelegatingSmartContextLoader', parent = [null]]]
2015-05-20 12:04:29,315  INFO [Test worker] (TransactionalTestExecutionListener.java:276) - Began transaction (10) for test context [DefaultTestContext@34bd9f99 testClass = MaxAmountCommandValidatorIntegrationSpec, testInstance = com.tim.one.validator.MaxAmountCommandValidatorIntegrationSpec@715d3f18, testMethod = $spock_feature_0_0@MaxAmountCommandValidatorIntegrationSpec, testException = [null], mergedContextConfiguration = [MergedContextConfiguration@1d81e24c testClass = MaxAmountCommandValidatorIntegrationSpec, locations = '{classpath:/services-appctx.xml, classpath:/persistence-appctx.xml, classpath:/jms-appctx.xml, classpath:/mail-context.xml, classpath:/transaction-appctx.xml, classpath:/formatter-appctx.xml, classpath:/stp-appctx.xml, classpath:/aop-appctx.xml, classpath:/properties-appctx.xml}', classes = '{}', contextInitializerClasses = '[]', activeProfiles = '{}', contextLoader = 'org.springframework.test.context.support.DelegatingSmartContextLoader', parent = [null]]]; transaction manager [org.springframework.orm.jpa.JpaTransactionManager@5f5ca74d]; rollback [true]
2015-05-20 12:04:29,323  INFO [Test worker] (?:?) - violations:1
2015-05-20 12:04:29,323  INFO [Test worker] (?:?) - field:destinationUuid
2015-05-20 12:04:29,323  INFO [Test worker] (?:?) - message:may not be null
2015-05-20 12:04:29,324  INFO [Test worker] (TransactionalTestExecutionListener.java:298) - Rolled back transaction after test execution for test context [DefaultTestContext@34bd9f99 testClass = MaxAmountCommandValidatorIntegrationSpec, testInstance = com.tim.one.validator.MaxAmountCommandValidatorIntegrationSpec@715d3f18, testMethod = $spock_feature_0_0@MaxAmountCommandValidatorIntegrationSpec, testException = [null], mergedContextConfiguration = [MergedContextConfiguration@1d81e24c testClass = MaxAmountCommandValidatorIntegrationSpec, locations = '{classpath:/services-appctx.xml, classpath:/persistence-appctx.xml, classpath:/jms-appctx.xml, classpath:/mail-context.xml, classpath:/transaction-appctx.xml, classpath:/formatter-appctx.xml, classpath:/stp-appctx.xml, classpath:/aop-appctx.xml, classpath:/properties-appctx.xml}', classes = '{}', contextInitializerClasses = '[]', activeProfiles = '{}', contextLoader = 'org.springframework.test.context.support.DelegatingSmartContextLoader', parent = [null]]]
2015-05-20 12:04:29,327  INFO [Test worker] (TransactionalTestExecutionListener.java:276) - Began transaction (11) for test context [DefaultTestContext@34bd9f99 testClass = MaxAmountCommandValidatorIntegrationSpec, testInstance = com.tim.one.validator.MaxAmountCommandValidatorIntegrationSpec@4ad3ae9c, testMethod = $spock_feature_0_0@MaxAmountCommandValidatorIntegrationSpec, testException = [null], mergedContextConfiguration = [MergedContextConfiguration@1d81e24c testClass = MaxAmountCommandValidatorIntegrationSpec, locations = '{classpath:/services-appctx.xml, classpath:/persistence-appctx.xml, classpath:/jms-appctx.xml, classpath:/mail-context.xml, classpath:/transaction-appctx.xml, classpath:/formatter-appctx.xml, classpath:/stp-appctx.xml, classpath:/aop-appctx.xml, classpath:/properties-appctx.xml}', classes = '{}', contextInitializerClasses = '[]', activeProfiles = '{}', contextLoader = 'org.springframework.test.context.support.DelegatingSmartContextLoader', parent = [null]]]; transaction manager [org.springframework.orm.jpa.JpaTransactionManager@5f5ca74d]; rollback [true]
2015-05-20 12:04:29,335  INFO [Test worker] (?:?) - violations:2
2015-05-20 12:04:29,335  INFO [Test worker] (?:?) - field:destinationUuid
2015-05-20 12:04:29,335  INFO [Test worker] (?:?) - message:size must be between 32 and 32
2015-05-20 12:04:29,336  INFO [Test worker] (TransactionalTestExecutionListener.java:298) - Rolled back transaction after test execution for test context [DefaultTestContext@34bd9f99 testClass = MaxAmountCommandValidatorIntegrationSpec, testInstance = com.tim.one.validator.MaxAmountCommandValidatorIntegrationSpec@4ad3ae9c, testMethod = $spock_feature_0_0@MaxAmountCommandValidatorIntegrationSpec, testException = [null], mergedContextConfiguration = [MergedContextConfiguration@1d81e24c testClass = MaxAmountCommandValidatorIntegrationSpec, locations = '{classpath:/services-appctx.xml, classpath:/persistence-appctx.xml, classpath:/jms-appctx.xml, classpath:/mail-context.xml, classpath:/transaction-appctx.xml, classpath:/formatter-appctx.xml, classpath:/stp-appctx.xml, classpath:/aop-appctx.xml, classpath:/properties-appctx.xml}', classes = '{}', contextInitializerClasses = '[]', activeProfiles = '{}', contextLoader = 'org.springframework.test.context.support.DelegatingSmartContextLoader', parent = [null]]]
2015-05-20 12:04:29,340  INFO [Test worker] (TransactionalTestExecutionListener.java:276) - Began transaction (12) for test context [DefaultTestContext@34bd9f99 testClass = MaxAmountCommandValidatorIntegrationSpec, testInstance = com.tim.one.validator.MaxAmountCommandValidatorIntegrationSpec@ada9baf, testMethod = $spock_feature_0_0@MaxAmountCommandValidatorIntegrationSpec, testException = [null], mergedContextConfiguration = [MergedContextConfiguration@1d81e24c testClass = MaxAmountCommandValidatorIntegrationSpec, locations = '{classpath:/services-appctx.xml, classpath:/persistence-appctx.xml, classpath:/jms-appctx.xml, classpath:/mail-context.xml, classpath:/transaction-appctx.xml, classpath:/formatter-appctx.xml, classpath:/stp-appctx.xml, classpath:/aop-appctx.xml, classpath:/properties-appctx.xml}', classes = '{}', contextInitializerClasses = '[]', activeProfiles = '{}', contextLoader = 'org.springframework.test.context.support.DelegatingSmartContextLoader', parent = [null]]]; transaction manager [org.springframework.orm.jpa.JpaTransactionManager@5f5ca74d]; rollback [true]
2015-05-20 12:04:29,347  INFO [Test worker] (?:?) - violations:1
2015-05-20 12:04:29,348  INFO [Test worker] (?:?) - field:amount
2015-05-20 12:04:29,348  INFO [Test worker] (?:?) - message:must be greater than or equal to 0.01
2015-05-20 12:04:29,349  INFO [Test worker] (TransactionalTestExecutionListener.java:298) - Rolled back transaction after test execution for test context [DefaultTestContext@34bd9f99 testClass = MaxAmountCommandValidatorIntegrationSpec, testInstance = com.tim.one.validator.MaxAmountCommandValidatorIntegrationSpec@ada9baf, testMethod = $spock_feature_0_0@MaxAmountCommandValidatorIntegrationSpec, testException = [null], mergedContextConfiguration = [MergedContextConfiguration@1d81e24c testClass = MaxAmountCommandValidatorIntegrationSpec, locations = '{classpath:/services-appctx.xml, classpath:/persistence-appctx.xml, classpath:/jms-appctx.xml, classpath:/mail-context.xml, classpath:/transaction-appctx.xml, classpath:/formatter-appctx.xml, classpath:/stp-appctx.xml, classpath:/aop-appctx.xml, classpath:/properties-appctx.xml}', classes = '{}', contextInitializerClasses = '[]', activeProfiles = '{}', contextLoader = 'org.springframework.test.context.support.DelegatingSmartContextLoader', parent = [null]]]
2015-05-20 12:04:29,353  INFO [Test worker] (TransactionalTestExecutionListener.java:276) - Began transaction (13) for test context [DefaultTestContext@34bd9f99 testClass = MaxAmountCommandValidatorIntegrationSpec, testInstance = com.tim.one.validator.MaxAmountCommandValidatorIntegrationSpec@45f9f3da, testMethod = $spock_feature_0_0@MaxAmountCommandValidatorIntegrationSpec, testException = [null], mergedContextConfiguration = [MergedContextConfiguration@1d81e24c testClass = MaxAmountCommandValidatorIntegrationSpec, locations = '{classpath:/services-appctx.xml, classpath:/persistence-appctx.xml, classpath:/jms-appctx.xml, classpath:/mail-context.xml, classpath:/transaction-appctx.xml, classpath:/formatter-appctx.xml, classpath:/stp-appctx.xml, classpath:/aop-appctx.xml, classpath:/properties-appctx.xml}', classes = '{}', contextInitializerClasses = '[]', activeProfiles = '{}', contextLoader = 'org.springframework.test.context.support.DelegatingSmartContextLoader', parent = [null]]]; transaction manager [org.springframework.orm.jpa.JpaTransactionManager@5f5ca74d]; rollback [true]
2015-05-20 12:04:29,363  INFO [Test worker] (?:?) - violations:1
2015-05-20 12:04:29,363  INFO [Test worker] (?:?) - field:amount
2015-05-20 12:04:29,363  INFO [Test worker] (?:?) - message:must be greater than or equal to 0.01
2015-05-20 12:04:29,364  INFO [Test worker] (TransactionalTestExecutionListener.java:298) - Rolled back transaction after test execution for test context [DefaultTestContext@34bd9f99 testClass = MaxAmountCommandValidatorIntegrationSpec, testInstance = com.tim.one.validator.MaxAmountCommandValidatorIntegrationSpec@45f9f3da, testMethod = $spock_feature_0_0@MaxAmountCommandValidatorIntegrationSpec, testException = [null], mergedContextConfiguration = [MergedContextConfiguration@1d81e24c testClass = MaxAmountCommandValidatorIntegrationSpec, locations = '{classpath:/services-appctx.xml, classpath:/persistence-appctx.xml, classpath:/jms-appctx.xml, classpath:/mail-context.xml, classpath:/transaction-appctx.xml, classpath:/formatter-appctx.xml, classpath:/stp-appctx.xml, classpath:/aop-appctx.xml, classpath:/properties-appctx.xml}', classes = '{}', contextInitializerClasses = '[]', activeProfiles = '{}', contextLoader = 'org.springframework.test.context.support.DelegatingSmartContextLoader', parent = [null]]]
2015-05-20 12:04:29,367  INFO [Test worker] (TransactionalTestExecutionListener.java:276) - Began transaction (14) for test context [DefaultTestContext@34bd9f99 testClass = MaxAmountCommandValidatorIntegrationSpec, testInstance = com.tim.one.validator.MaxAmountCommandValidatorIntegrationSpec@104c5f44, testMethod = $spock_feature_0_0@MaxAmountCommandValidatorIntegrationSpec, testException = [null], mergedContextConfiguration = [MergedContextConfiguration@1d81e24c testClass = MaxAmountCommandValidatorIntegrationSpec, locations = '{classpath:/services-appctx.xml, classpath:/persistence-appctx.xml, classpath:/jms-appctx.xml, classpath:/mail-context.xml, classpath:/transaction-appctx.xml, classpath:/formatter-appctx.xml, classpath:/stp-appctx.xml, classpath:/aop-appctx.xml, classpath:/properties-appctx.xml}', classes = '{}', contextInitializerClasses = '[]', activeProfiles = '{}', contextLoader = 'org.springframework.test.context.support.DelegatingSmartContextLoader', parent = [null]]]; transaction manager [org.springframework.orm.jpa.JpaTransactionManager@5f5ca74d]; rollback [true]
2015-05-20 12:04:29,374  INFO [Test worker] (?:?) - violations:1
2015-05-20 12:04:29,375  INFO [Test worker] (?:?) - field:amount
2015-05-20 12:04:29,375  INFO [Test worker] (?:?) - message:may not be null
2015-05-20 12:04:29,376  INFO [Test worker] (TransactionalTestExecutionListener.java:298) - Rolled back transaction after test execution for test context [DefaultTestContext@34bd9f99 testClass = MaxAmountCommandValidatorIntegrationSpec, testInstance = com.tim.one.validator.MaxAmountCommandValidatorIntegrationSpec@104c5f44, testMethod = $spock_feature_0_0@MaxAmountCommandValidatorIntegrationSpec, testException = [null], mergedContextConfiguration = [MergedContextConfiguration@1d81e24c testClass = MaxAmountCommandValidatorIntegrationSpec, locations = '{classpath:/services-appctx.xml, classpath:/persistence-appctx.xml, classpath:/jms-appctx.xml, classpath:/mail-context.xml, classpath:/transaction-appctx.xml, classpath:/formatter-appctx.xml, classpath:/stp-appctx.xml, classpath:/aop-appctx.xml, classpath:/properties-appctx.xml}', classes = '{}', contextInitializerClasses = '[]', activeProfiles = '{}', contextLoader = 'org.springframework.test.context.support.DelegatingSmartContextLoader', parent = [null]]]
]]></system-out>
  <system-err><![CDATA[]]></system-err>
</testsuite>
