<?xml version="1.0" encoding="UTF-8"?>
<testsuite name="com.tim.one.validator.ProducerFundingCommandValidatorIntegrationSpec" tests="8" skipped="0" failures="0" errors="0" timestamp="2015-05-20T17:04:32" hostname="josdem-Inspiron-5420" time="0.099">
  <properties/>
  <testcase name="When we have a project with 51d172788b034b738565f7dd4d4cb2fe as id, and want to fund 0.01 &#10;&#9;&#9;&#9;when we validate we expecting that result is: true" classname="com.tim.one.validator.ProducerFundingCommandValidatorIntegrationSpec" time="0.025"/>
  <testcase name="When we have a project with 51d172788b034b738565f7dd4d4cb2fee as id, and want to fund 0.01 &#10;&#9;&#9;&#9;when we validate we expecting that result is: false" classname="com.tim.one.validator.ProducerFundingCommandValidatorIntegrationSpec" time="0.014"/>
  <testcase name="When we have a project with 51d172788b034b738565f7dd4d4cb2f as id, and want to fund 0.01 &#10;&#9;&#9;&#9;when we validate we expecting that result is: false" classname="com.tim.one.validator.ProducerFundingCommandValidatorIntegrationSpec" time="0.009"/>
  <testcase name="When we have a project with  as id, and want to fund 0.01 &#10;&#9;&#9;&#9;when we validate we expecting that result is: false" classname="com.tim.one.validator.ProducerFundingCommandValidatorIntegrationSpec" time="0.009"/>
  <testcase name="When we have a project with null as id, and want to fund 0.01 &#10;&#9;&#9;&#9;when we validate we expecting that result is: false" classname="com.tim.one.validator.ProducerFundingCommandValidatorIntegrationSpec" time="0.01"/>
  <testcase name="When we have a project with 51d172788b034b738565f7dd4d4cb2fe as id, and want to fund 0.00 &#10;&#9;&#9;&#9;when we validate we expecting that result is: false" classname="com.tim.one.validator.ProducerFundingCommandValidatorIntegrationSpec" time="0.01"/>
  <testcase name="When we have a project with 51d172788b034b738565f7dd4d4cb2fe as id, and want to fund -10.00 &#10;&#9;&#9;&#9;when we validate we expecting that result is: false" classname="com.tim.one.validator.ProducerFundingCommandValidatorIntegrationSpec" time="0.008"/>
  <testcase name="When we have a project with 51d172788b034b738565f7dd4d4cb2fe as id, and want to fund null &#10;&#9;&#9;&#9;when we validate we expecting that result is: false" classname="com.tim.one.validator.ProducerFundingCommandValidatorIntegrationSpec" time="0.01"/>
  <system-out><![CDATA[2015-05-20 12:04:32,836 DEBUG [Test worker] (AbstractFallbackTransactionAttributeSource.java:108) - Adding transactional method 'ProducerFundingCommandValidatorIntegrationSpec.$spock_feature_0_0' with attribute: PROPAGATION_REQUIRED,ISOLATION_DEFAULT; ''
2015-05-20 12:04:32,838  INFO [Test worker] (TransactionalTestExecutionListener.java:276) - Began transaction (1) for test context [DefaultTestContext@2128fc4c testClass = ProducerFundingCommandValidatorIntegrationSpec, testInstance = com.tim.one.validator.ProducerFundingCommandValidatorIntegrationSpec@9cbf296, testMethod = $spock_feature_0_0@ProducerFundingCommandValidatorIntegrationSpec, testException = [null], mergedContextConfiguration = [MergedContextConfiguration@2ca35ae0 testClass = ProducerFundingCommandValidatorIntegrationSpec, locations = '{classpath:/services-appctx.xml, classpath:/persistence-appctx.xml, classpath:/jms-appctx.xml, classpath:/mail-context.xml, classpath:/transaction-appctx.xml, classpath:/formatter-appctx.xml, classpath:/stp-appctx.xml, classpath:/aop-appctx.xml, classpath:/properties-appctx.xml}', classes = '{}', contextInitializerClasses = '[]', activeProfiles = '{}', contextLoader = 'org.springframework.test.context.support.DelegatingSmartContextLoader', parent = [null]]]; transaction manager [org.springframework.orm.jpa.JpaTransactionManager@5f5ca74d]; rollback [true]
2015-05-20 12:04:32,848  INFO [Test worker] (?:?) - violations:0
2015-05-20 12:04:32,850  INFO [Test worker] (TransactionalTestExecutionListener.java:298) - Rolled back transaction after test execution for test context [DefaultTestContext@2128fc4c testClass = ProducerFundingCommandValidatorIntegrationSpec, testInstance = com.tim.one.validator.ProducerFundingCommandValidatorIntegrationSpec@9cbf296, testMethod = $spock_feature_0_0@ProducerFundingCommandValidatorIntegrationSpec, testException = [null], mergedContextConfiguration = [MergedContextConfiguration@2ca35ae0 testClass = ProducerFundingCommandValidatorIntegrationSpec, locations = '{classpath:/services-appctx.xml, classpath:/persistence-appctx.xml, classpath:/jms-appctx.xml, classpath:/mail-context.xml, classpath:/transaction-appctx.xml, classpath:/formatter-appctx.xml, classpath:/stp-appctx.xml, classpath:/aop-appctx.xml, classpath:/properties-appctx.xml}', classes = '{}', contextInitializerClasses = '[]', activeProfiles = '{}', contextLoader = 'org.springframework.test.context.support.DelegatingSmartContextLoader', parent = [null]]]
2015-05-20 12:04:32,853  INFO [Test worker] (TransactionalTestExecutionListener.java:276) - Began transaction (2) for test context [DefaultTestContext@2128fc4c testClass = ProducerFundingCommandValidatorIntegrationSpec, testInstance = com.tim.one.validator.ProducerFundingCommandValidatorIntegrationSpec@67d12642, testMethod = $spock_feature_0_0@ProducerFundingCommandValidatorIntegrationSpec, testException = [null], mergedContextConfiguration = [MergedContextConfiguration@2ca35ae0 testClass = ProducerFundingCommandValidatorIntegrationSpec, locations = '{classpath:/services-appctx.xml, classpath:/persistence-appctx.xml, classpath:/jms-appctx.xml, classpath:/mail-context.xml, classpath:/transaction-appctx.xml, classpath:/formatter-appctx.xml, classpath:/stp-appctx.xml, classpath:/aop-appctx.xml, classpath:/properties-appctx.xml}', classes = '{}', contextInitializerClasses = '[]', activeProfiles = '{}', contextLoader = 'org.springframework.test.context.support.DelegatingSmartContextLoader', parent = [null]]]; transaction manager [org.springframework.orm.jpa.JpaTransactionManager@5f5ca74d]; rollback [true]
2015-05-20 12:04:32,861  INFO [Test worker] (?:?) - violations:1
2015-05-20 12:04:32,862  INFO [Test worker] (?:?) - field:projectUuid
2015-05-20 12:04:32,863  INFO [Test worker] (?:?) - message:size must be between 32 and 32
2015-05-20 12:04:32,865  INFO [Test worker] (TransactionalTestExecutionListener.java:298) - Rolled back transaction after test execution for test context [DefaultTestContext@2128fc4c testClass = ProducerFundingCommandValidatorIntegrationSpec, testInstance = com.tim.one.validator.ProducerFundingCommandValidatorIntegrationSpec@67d12642, testMethod = $spock_feature_0_0@ProducerFundingCommandValidatorIntegrationSpec, testException = [null], mergedContextConfiguration = [MergedContextConfiguration@2ca35ae0 testClass = ProducerFundingCommandValidatorIntegrationSpec, locations = '{classpath:/services-appctx.xml, classpath:/persistence-appctx.xml, classpath:/jms-appctx.xml, classpath:/mail-context.xml, classpath:/transaction-appctx.xml, classpath:/formatter-appctx.xml, classpath:/stp-appctx.xml, classpath:/aop-appctx.xml, classpath:/properties-appctx.xml}', classes = '{}', contextInitializerClasses = '[]', activeProfiles = '{}', contextLoader = 'org.springframework.test.context.support.DelegatingSmartContextLoader', parent = [null]]]
2015-05-20 12:04:32,868  INFO [Test worker] (TransactionalTestExecutionListener.java:276) - Began transaction (3) for test context [DefaultTestContext@2128fc4c testClass = ProducerFundingCommandValidatorIntegrationSpec, testInstance = com.tim.one.validator.ProducerFundingCommandValidatorIntegrationSpec@2416119a, testMethod = $spock_feature_0_0@ProducerFundingCommandValidatorIntegrationSpec, testException = [null], mergedContextConfiguration = [MergedContextConfiguration@2ca35ae0 testClass = ProducerFundingCommandValidatorIntegrationSpec, locations = '{classpath:/services-appctx.xml, classpath:/persistence-appctx.xml, classpath:/jms-appctx.xml, classpath:/mail-context.xml, classpath:/transaction-appctx.xml, classpath:/formatter-appctx.xml, classpath:/stp-appctx.xml, classpath:/aop-appctx.xml, classpath:/properties-appctx.xml}', classes = '{}', contextInitializerClasses = '[]', activeProfiles = '{}', contextLoader = 'org.springframework.test.context.support.DelegatingSmartContextLoader', parent = [null]]]; transaction manager [org.springframework.orm.jpa.JpaTransactionManager@5f5ca74d]; rollback [true]
2015-05-20 12:04:32,874  INFO [Test worker] (?:?) - violations:1
2015-05-20 12:04:32,874  INFO [Test worker] (?:?) - field:projectUuid
2015-05-20 12:04:32,875  INFO [Test worker] (?:?) - message:size must be between 32 and 32
2015-05-20 12:04:32,876  INFO [Test worker] (TransactionalTestExecutionListener.java:298) - Rolled back transaction after test execution for test context [DefaultTestContext@2128fc4c testClass = ProducerFundingCommandValidatorIntegrationSpec, testInstance = com.tim.one.validator.ProducerFundingCommandValidatorIntegrationSpec@2416119a, testMethod = $spock_feature_0_0@ProducerFundingCommandValidatorIntegrationSpec, testException = [null], mergedContextConfiguration = [MergedContextConfiguration@2ca35ae0 testClass = ProducerFundingCommandValidatorIntegrationSpec, locations = '{classpath:/services-appctx.xml, classpath:/persistence-appctx.xml, classpath:/jms-appctx.xml, classpath:/mail-context.xml, classpath:/transaction-appctx.xml, classpath:/formatter-appctx.xml, classpath:/stp-appctx.xml, classpath:/aop-appctx.xml, classpath:/properties-appctx.xml}', classes = '{}', contextInitializerClasses = '[]', activeProfiles = '{}', contextLoader = 'org.springframework.test.context.support.DelegatingSmartContextLoader', parent = [null]]]
2015-05-20 12:04:32,878  INFO [Test worker] (TransactionalTestExecutionListener.java:276) - Began transaction (4) for test context [DefaultTestContext@2128fc4c testClass = ProducerFundingCommandValidatorIntegrationSpec, testInstance = com.tim.one.validator.ProducerFundingCommandValidatorIntegrationSpec@5fd9a782, testMethod = $spock_feature_0_0@ProducerFundingCommandValidatorIntegrationSpec, testException = [null], mergedContextConfiguration = [MergedContextConfiguration@2ca35ae0 testClass = ProducerFundingCommandValidatorIntegrationSpec, locations = '{classpath:/services-appctx.xml, classpath:/persistence-appctx.xml, classpath:/jms-appctx.xml, classpath:/mail-context.xml, classpath:/transaction-appctx.xml, classpath:/formatter-appctx.xml, classpath:/stp-appctx.xml, classpath:/aop-appctx.xml, classpath:/properties-appctx.xml}', classes = '{}', contextInitializerClasses = '[]', activeProfiles = '{}', contextLoader = 'org.springframework.test.context.support.DelegatingSmartContextLoader', parent = [null]]]; transaction manager [org.springframework.orm.jpa.JpaTransactionManager@5f5ca74d]; rollback [true]
2015-05-20 12:04:32,884  INFO [Test worker] (?:?) - violations:1
2015-05-20 12:04:32,884  INFO [Test worker] (?:?) - field:projectUuid
2015-05-20 12:04:32,884  INFO [Test worker] (?:?) - message:size must be between 32 and 32
2015-05-20 12:04:32,885  INFO [Test worker] (TransactionalTestExecutionListener.java:298) - Rolled back transaction after test execution for test context [DefaultTestContext@2128fc4c testClass = ProducerFundingCommandValidatorIntegrationSpec, testInstance = com.tim.one.validator.ProducerFundingCommandValidatorIntegrationSpec@5fd9a782, testMethod = $spock_feature_0_0@ProducerFundingCommandValidatorIntegrationSpec, testException = [null], mergedContextConfiguration = [MergedContextConfiguration@2ca35ae0 testClass = ProducerFundingCommandValidatorIntegrationSpec, locations = '{classpath:/services-appctx.xml, classpath:/persistence-appctx.xml, classpath:/jms-appctx.xml, classpath:/mail-context.xml, classpath:/transaction-appctx.xml, classpath:/formatter-appctx.xml, classpath:/stp-appctx.xml, classpath:/aop-appctx.xml, classpath:/properties-appctx.xml}', classes = '{}', contextInitializerClasses = '[]', activeProfiles = '{}', contextLoader = 'org.springframework.test.context.support.DelegatingSmartContextLoader', parent = [null]]]
2015-05-20 12:04:32,888  INFO [Test worker] (TransactionalTestExecutionListener.java:276) - Began transaction (5) for test context [DefaultTestContext@2128fc4c testClass = ProducerFundingCommandValidatorIntegrationSpec, testInstance = com.tim.one.validator.ProducerFundingCommandValidatorIntegrationSpec@4a710cc5, testMethod = $spock_feature_0_0@ProducerFundingCommandValidatorIntegrationSpec, testException = [null], mergedContextConfiguration = [MergedContextConfiguration@2ca35ae0 testClass = ProducerFundingCommandValidatorIntegrationSpec, locations = '{classpath:/services-appctx.xml, classpath:/persistence-appctx.xml, classpath:/jms-appctx.xml, classpath:/mail-context.xml, classpath:/transaction-appctx.xml, classpath:/formatter-appctx.xml, classpath:/stp-appctx.xml, classpath:/aop-appctx.xml, classpath:/properties-appctx.xml}', classes = '{}', contextInitializerClasses = '[]', activeProfiles = '{}', contextLoader = 'org.springframework.test.context.support.DelegatingSmartContextLoader', parent = [null]]]; transaction manager [org.springframework.orm.jpa.JpaTransactionManager@5f5ca74d]; rollback [true]
2015-05-20 12:04:32,894  INFO [Test worker] (?:?) - violations:1
2015-05-20 12:04:32,895  INFO [Test worker] (?:?) - field:projectUuid
2015-05-20 12:04:32,895  INFO [Test worker] (?:?) - message:may not be null
2015-05-20 12:04:32,896  INFO [Test worker] (TransactionalTestExecutionListener.java:298) - Rolled back transaction after test execution for test context [DefaultTestContext@2128fc4c testClass = ProducerFundingCommandValidatorIntegrationSpec, testInstance = com.tim.one.validator.ProducerFundingCommandValidatorIntegrationSpec@4a710cc5, testMethod = $spock_feature_0_0@ProducerFundingCommandValidatorIntegrationSpec, testException = [null], mergedContextConfiguration = [MergedContextConfiguration@2ca35ae0 testClass = ProducerFundingCommandValidatorIntegrationSpec, locations = '{classpath:/services-appctx.xml, classpath:/persistence-appctx.xml, classpath:/jms-appctx.xml, classpath:/mail-context.xml, classpath:/transaction-appctx.xml, classpath:/formatter-appctx.xml, classpath:/stp-appctx.xml, classpath:/aop-appctx.xml, classpath:/properties-appctx.xml}', classes = '{}', contextInitializerClasses = '[]', activeProfiles = '{}', contextLoader = 'org.springframework.test.context.support.DelegatingSmartContextLoader', parent = [null]]]
2015-05-20 12:04:32,898  INFO [Test worker] (TransactionalTestExecutionListener.java:276) - Began transaction (6) for test context [DefaultTestContext@2128fc4c testClass = ProducerFundingCommandValidatorIntegrationSpec, testInstance = com.tim.one.validator.ProducerFundingCommandValidatorIntegrationSpec@7d539d56, testMethod = $spock_feature_0_0@ProducerFundingCommandValidatorIntegrationSpec, testException = [null], mergedContextConfiguration = [MergedContextConfiguration@2ca35ae0 testClass = ProducerFundingCommandValidatorIntegrationSpec, locations = '{classpath:/services-appctx.xml, classpath:/persistence-appctx.xml, classpath:/jms-appctx.xml, classpath:/mail-context.xml, classpath:/transaction-appctx.xml, classpath:/formatter-appctx.xml, classpath:/stp-appctx.xml, classpath:/aop-appctx.xml, classpath:/properties-appctx.xml}', classes = '{}', contextInitializerClasses = '[]', activeProfiles = '{}', contextLoader = 'org.springframework.test.context.support.DelegatingSmartContextLoader', parent = [null]]]; transaction manager [org.springframework.orm.jpa.JpaTransactionManager@5f5ca74d]; rollback [true]
2015-05-20 12:04:32,904  INFO [Test worker] (?:?) - violations:1
2015-05-20 12:04:32,905  INFO [Test worker] (?:?) - field:amount
2015-05-20 12:04:32,905  INFO [Test worker] (?:?) - message:must be greater than or equal to 0.01
2015-05-20 12:04:32,906  INFO [Test worker] (TransactionalTestExecutionListener.java:298) - Rolled back transaction after test execution for test context [DefaultTestContext@2128fc4c testClass = ProducerFundingCommandValidatorIntegrationSpec, testInstance = com.tim.one.validator.ProducerFundingCommandValidatorIntegrationSpec@7d539d56, testMethod = $spock_feature_0_0@ProducerFundingCommandValidatorIntegrationSpec, testException = [null], mergedContextConfiguration = [MergedContextConfiguration@2ca35ae0 testClass = ProducerFundingCommandValidatorIntegrationSpec, locations = '{classpath:/services-appctx.xml, classpath:/persistence-appctx.xml, classpath:/jms-appctx.xml, classpath:/mail-context.xml, classpath:/transaction-appctx.xml, classpath:/formatter-appctx.xml, classpath:/stp-appctx.xml, classpath:/aop-appctx.xml, classpath:/properties-appctx.xml}', classes = '{}', contextInitializerClasses = '[]', activeProfiles = '{}', contextLoader = 'org.springframework.test.context.support.DelegatingSmartContextLoader', parent = [null]]]
2015-05-20 12:04:32,908  INFO [Test worker] (TransactionalTestExecutionListener.java:276) - Began transaction (7) for test context [DefaultTestContext@2128fc4c testClass = ProducerFundingCommandValidatorIntegrationSpec, testInstance = com.tim.one.validator.ProducerFundingCommandValidatorIntegrationSpec@36bbd234, testMethod = $spock_feature_0_0@ProducerFundingCommandValidatorIntegrationSpec, testException = [null], mergedContextConfiguration = [MergedContextConfiguration@2ca35ae0 testClass = ProducerFundingCommandValidatorIntegrationSpec, locations = '{classpath:/services-appctx.xml, classpath:/persistence-appctx.xml, classpath:/jms-appctx.xml, classpath:/mail-context.xml, classpath:/transaction-appctx.xml, classpath:/formatter-appctx.xml, classpath:/stp-appctx.xml, classpath:/aop-appctx.xml, classpath:/properties-appctx.xml}', classes = '{}', contextInitializerClasses = '[]', activeProfiles = '{}', contextLoader = 'org.springframework.test.context.support.DelegatingSmartContextLoader', parent = [null]]]; transaction manager [org.springframework.orm.jpa.JpaTransactionManager@5f5ca74d]; rollback [true]
2015-05-20 12:04:32,913  INFO [Test worker] (?:?) - violations:1
2015-05-20 12:04:32,913  INFO [Test worker] (?:?) - field:amount
2015-05-20 12:04:32,913  INFO [Test worker] (?:?) - message:must be greater than or equal to 0.01
2015-05-20 12:04:32,914  INFO [Test worker] (TransactionalTestExecutionListener.java:298) - Rolled back transaction after test execution for test context [DefaultTestContext@2128fc4c testClass = ProducerFundingCommandValidatorIntegrationSpec, testInstance = com.tim.one.validator.ProducerFundingCommandValidatorIntegrationSpec@36bbd234, testMethod = $spock_feature_0_0@ProducerFundingCommandValidatorIntegrationSpec, testException = [null], mergedContextConfiguration = [MergedContextConfiguration@2ca35ae0 testClass = ProducerFundingCommandValidatorIntegrationSpec, locations = '{classpath:/services-appctx.xml, classpath:/persistence-appctx.xml, classpath:/jms-appctx.xml, classpath:/mail-context.xml, classpath:/transaction-appctx.xml, classpath:/formatter-appctx.xml, classpath:/stp-appctx.xml, classpath:/aop-appctx.xml, classpath:/properties-appctx.xml}', classes = '{}', contextInitializerClasses = '[]', activeProfiles = '{}', contextLoader = 'org.springframework.test.context.support.DelegatingSmartContextLoader', parent = [null]]]
2015-05-20 12:04:32,918  INFO [Test worker] (TransactionalTestExecutionListener.java:276) - Began transaction (8) for test context [DefaultTestContext@2128fc4c testClass = ProducerFundingCommandValidatorIntegrationSpec, testInstance = com.tim.one.validator.ProducerFundingCommandValidatorIntegrationSpec@578b1fde, testMethod = $spock_feature_0_0@ProducerFundingCommandValidatorIntegrationSpec, testException = [null], mergedContextConfiguration = [MergedContextConfiguration@2ca35ae0 testClass = ProducerFundingCommandValidatorIntegrationSpec, locations = '{classpath:/services-appctx.xml, classpath:/persistence-appctx.xml, classpath:/jms-appctx.xml, classpath:/mail-context.xml, classpath:/transaction-appctx.xml, classpath:/formatter-appctx.xml, classpath:/stp-appctx.xml, classpath:/aop-appctx.xml, classpath:/properties-appctx.xml}', classes = '{}', contextInitializerClasses = '[]', activeProfiles = '{}', contextLoader = 'org.springframework.test.context.support.DelegatingSmartContextLoader', parent = [null]]]; transaction manager [org.springframework.orm.jpa.JpaTransactionManager@5f5ca74d]; rollback [true]
2015-05-20 12:04:32,924  INFO [Test worker] (?:?) - violations:1
2015-05-20 12:04:32,924  INFO [Test worker] (?:?) - field:amount
2015-05-20 12:04:32,925  INFO [Test worker] (?:?) - message:may not be null
2015-05-20 12:04:32,926  INFO [Test worker] (TransactionalTestExecutionListener.java:298) - Rolled back transaction after test execution for test context [DefaultTestContext@2128fc4c testClass = ProducerFundingCommandValidatorIntegrationSpec, testInstance = com.tim.one.validator.ProducerFundingCommandValidatorIntegrationSpec@578b1fde, testMethod = $spock_feature_0_0@ProducerFundingCommandValidatorIntegrationSpec, testException = [null], mergedContextConfiguration = [MergedContextConfiguration@2ca35ae0 testClass = ProducerFundingCommandValidatorIntegrationSpec, locations = '{classpath:/services-appctx.xml, classpath:/persistence-appctx.xml, classpath:/jms-appctx.xml, classpath:/mail-context.xml, classpath:/transaction-appctx.xml, classpath:/formatter-appctx.xml, classpath:/stp-appctx.xml, classpath:/aop-appctx.xml, classpath:/properties-appctx.xml}', classes = '{}', contextInitializerClasses = '[]', activeProfiles = '{}', contextLoader = 'org.springframework.test.context.support.DelegatingSmartContextLoader', parent = [null]]]
]]></system-out>
  <system-err><![CDATA[]]></system-err>
</testsuite>
