<?xml version="1.0" encoding="UTF-8"?>
<testsuite name="com.tim.one.validator.UserSaveCommandValidatorIntegrationSpec" tests="7" skipped="0" failures="0" errors="0" timestamp="2015-05-20T17:04:31" hostname="josdem-Inspiron-5420" time="0.145">
  <properties/>
  <testcase name="When we need to create an user with name josdem and josdem@josdem.mx as email&#10;  when we validate we expecting that result is true" classname="com.tim.one.validator.UserSaveCommandValidatorIntegrationSpec" time="0.061"/>
  <testcase name="When we need to create an user with name  and josdem@josdem.mx as email&#10;  when we validate we expecting that result is false" classname="com.tim.one.validator.UserSaveCommandValidatorIntegrationSpec" time="0.015"/>
  <testcase name="When we need to create an user with name null and josdem@josdem.mx as email&#10;  when we validate we expecting that result is false" classname="com.tim.one.validator.UserSaveCommandValidatorIntegrationSpec" time="0.014"/>
  <testcase name="When we need to create an user with name josdem and  as email&#10;  when we validate we expecting that result is false" classname="com.tim.one.validator.UserSaveCommandValidatorIntegrationSpec" time="0.015"/>
  <testcase name="When we need to create an user with name josdem and null as email&#10;  when we validate we expecting that result is false" classname="com.tim.one.validator.UserSaveCommandValidatorIntegrationSpec" time="0.012"/>
  <testcase name="When we need to create an user with name josdem and josdem as email&#10;  when we validate we expecting that result is false" classname="com.tim.one.validator.UserSaveCommandValidatorIntegrationSpec" time="0.015"/>
  <testcase name="When we need to create an user with name &lt;script&gt;alert('hello josdem')&lt;/script&gt; and josdem as email&#10;  when we validate we expecting that result is false" classname="com.tim.one.validator.UserSaveCommandValidatorIntegrationSpec" time="0.012"/>
  <system-out><![CDATA[2015-05-20 12:04:31,127 DEBUG [Test worker] (AbstractFallbackTransactionAttributeSource.java:108) - Adding transactional method 'UserSaveCommandValidatorIntegrationSpec.$spock_feature_0_0' with attribute: PROPAGATION_REQUIRED,ISOLATION_DEFAULT; ''
2015-05-20 12:04:31,129  INFO [Test worker] (TransactionalTestExecutionListener.java:276) - Began transaction (1) for test context [DefaultTestContext@582938d4 testClass = UserSaveCommandValidatorIntegrationSpec, testInstance = com.tim.one.validator.UserSaveCommandValidatorIntegrationSpec@7a521383, testMethod = $spock_feature_0_0@UserSaveCommandValidatorIntegrationSpec, testException = [null], mergedContextConfiguration = [MergedContextConfiguration@227f3c32 testClass = UserSaveCommandValidatorIntegrationSpec, locations = '{classpath:/services-appctx.xml, classpath:/persistence-appctx.xml, classpath:/jms-appctx.xml, classpath:/mail-context.xml, classpath:/transaction-appctx.xml, classpath:/formatter-appctx.xml, classpath:/stp-appctx.xml, classpath:/aop-appctx.xml, classpath:/properties-appctx.xml}', classes = '{}', contextInitializerClasses = '[]', activeProfiles = '{}', contextLoader = 'org.springframework.test.context.support.DelegatingSmartContextLoader', parent = [null]]]; transaction manager [org.springframework.orm.jpa.JpaTransactionManager@5f5ca74d]; rollback [true]
2015-05-20 12:04:31,167  INFO [Test worker] (?:?) - violations:0
2015-05-20 12:04:31,168  INFO [Test worker] (TransactionalTestExecutionListener.java:298) - Rolled back transaction after test execution for test context [DefaultTestContext@582938d4 testClass = UserSaveCommandValidatorIntegrationSpec, testInstance = com.tim.one.validator.UserSaveCommandValidatorIntegrationSpec@7a521383, testMethod = $spock_feature_0_0@UserSaveCommandValidatorIntegrationSpec, testException = [null], mergedContextConfiguration = [MergedContextConfiguration@227f3c32 testClass = UserSaveCommandValidatorIntegrationSpec, locations = '{classpath:/services-appctx.xml, classpath:/persistence-appctx.xml, classpath:/jms-appctx.xml, classpath:/mail-context.xml, classpath:/transaction-appctx.xml, classpath:/formatter-appctx.xml, classpath:/stp-appctx.xml, classpath:/aop-appctx.xml, classpath:/properties-appctx.xml}', classes = '{}', contextInitializerClasses = '[]', activeProfiles = '{}', contextLoader = 'org.springframework.test.context.support.DelegatingSmartContextLoader', parent = [null]]]
2015-05-20 12:04:31,172  INFO [Test worker] (TransactionalTestExecutionListener.java:276) - Began transaction (2) for test context [DefaultTestContext@582938d4 testClass = UserSaveCommandValidatorIntegrationSpec, testInstance = com.tim.one.validator.UserSaveCommandValidatorIntegrationSpec@53257c8a, testMethod = $spock_feature_0_0@UserSaveCommandValidatorIntegrationSpec, testException = [null], mergedContextConfiguration = [MergedContextConfiguration@227f3c32 testClass = UserSaveCommandValidatorIntegrationSpec, locations = '{classpath:/services-appctx.xml, classpath:/persistence-appctx.xml, classpath:/jms-appctx.xml, classpath:/mail-context.xml, classpath:/transaction-appctx.xml, classpath:/formatter-appctx.xml, classpath:/stp-appctx.xml, classpath:/aop-appctx.xml, classpath:/properties-appctx.xml}', classes = '{}', contextInitializerClasses = '[]', activeProfiles = '{}', contextLoader = 'org.springframework.test.context.support.DelegatingSmartContextLoader', parent = [null]]]; transaction manager [org.springframework.orm.jpa.JpaTransactionManager@5f5ca74d]; rollback [true]
2015-05-20 12:04:31,181  INFO [Test worker] (?:?) - violations:1
2015-05-20 12:04:31,181  INFO [Test worker] (?:?) - field:name
2015-05-20 12:04:31,181  INFO [Test worker] (?:?) - message:size must be between 1 and 255
2015-05-20 12:04:31,184  INFO [Test worker] (TransactionalTestExecutionListener.java:298) - Rolled back transaction after test execution for test context [DefaultTestContext@582938d4 testClass = UserSaveCommandValidatorIntegrationSpec, testInstance = com.tim.one.validator.UserSaveCommandValidatorIntegrationSpec@53257c8a, testMethod = $spock_feature_0_0@UserSaveCommandValidatorIntegrationSpec, testException = [null], mergedContextConfiguration = [MergedContextConfiguration@227f3c32 testClass = UserSaveCommandValidatorIntegrationSpec, locations = '{classpath:/services-appctx.xml, classpath:/persistence-appctx.xml, classpath:/jms-appctx.xml, classpath:/mail-context.xml, classpath:/transaction-appctx.xml, classpath:/formatter-appctx.xml, classpath:/stp-appctx.xml, classpath:/aop-appctx.xml, classpath:/properties-appctx.xml}', classes = '{}', contextInitializerClasses = '[]', activeProfiles = '{}', contextLoader = 'org.springframework.test.context.support.DelegatingSmartContextLoader', parent = [null]]]
2015-05-20 12:04:31,188  INFO [Test worker] (TransactionalTestExecutionListener.java:276) - Began transaction (3) for test context [DefaultTestContext@582938d4 testClass = UserSaveCommandValidatorIntegrationSpec, testInstance = com.tim.one.validator.UserSaveCommandValidatorIntegrationSpec@73f8418c, testMethod = $spock_feature_0_0@UserSaveCommandValidatorIntegrationSpec, testException = [null], mergedContextConfiguration = [MergedContextConfiguration@227f3c32 testClass = UserSaveCommandValidatorIntegrationSpec, locations = '{classpath:/services-appctx.xml, classpath:/persistence-appctx.xml, classpath:/jms-appctx.xml, classpath:/mail-context.xml, classpath:/transaction-appctx.xml, classpath:/formatter-appctx.xml, classpath:/stp-appctx.xml, classpath:/aop-appctx.xml, classpath:/properties-appctx.xml}', classes = '{}', contextInitializerClasses = '[]', activeProfiles = '{}', contextLoader = 'org.springframework.test.context.support.DelegatingSmartContextLoader', parent = [null]]]; transaction manager [org.springframework.orm.jpa.JpaTransactionManager@5f5ca74d]; rollback [true]
2015-05-20 12:04:31,196  INFO [Test worker] (?:?) - violations:1
2015-05-20 12:04:31,197  INFO [Test worker] (?:?) - field:name
2015-05-20 12:04:31,197  INFO [Test worker] (?:?) - message:may not be null
2015-05-20 12:04:31,198  INFO [Test worker] (TransactionalTestExecutionListener.java:298) - Rolled back transaction after test execution for test context [DefaultTestContext@582938d4 testClass = UserSaveCommandValidatorIntegrationSpec, testInstance = com.tim.one.validator.UserSaveCommandValidatorIntegrationSpec@73f8418c, testMethod = $spock_feature_0_0@UserSaveCommandValidatorIntegrationSpec, testException = [null], mergedContextConfiguration = [MergedContextConfiguration@227f3c32 testClass = UserSaveCommandValidatorIntegrationSpec, locations = '{classpath:/services-appctx.xml, classpath:/persistence-appctx.xml, classpath:/jms-appctx.xml, classpath:/mail-context.xml, classpath:/transaction-appctx.xml, classpath:/formatter-appctx.xml, classpath:/stp-appctx.xml, classpath:/aop-appctx.xml, classpath:/properties-appctx.xml}', classes = '{}', contextInitializerClasses = '[]', activeProfiles = '{}', contextLoader = 'org.springframework.test.context.support.DelegatingSmartContextLoader', parent = [null]]]
2015-05-20 12:04:31,201  INFO [Test worker] (TransactionalTestExecutionListener.java:276) - Began transaction (4) for test context [DefaultTestContext@582938d4 testClass = UserSaveCommandValidatorIntegrationSpec, testInstance = com.tim.one.validator.UserSaveCommandValidatorIntegrationSpec@3dce1de0, testMethod = $spock_feature_0_0@UserSaveCommandValidatorIntegrationSpec, testException = [null], mergedContextConfiguration = [MergedContextConfiguration@227f3c32 testClass = UserSaveCommandValidatorIntegrationSpec, locations = '{classpath:/services-appctx.xml, classpath:/persistence-appctx.xml, classpath:/jms-appctx.xml, classpath:/mail-context.xml, classpath:/transaction-appctx.xml, classpath:/formatter-appctx.xml, classpath:/stp-appctx.xml, classpath:/aop-appctx.xml, classpath:/properties-appctx.xml}', classes = '{}', contextInitializerClasses = '[]', activeProfiles = '{}', contextLoader = 'org.springframework.test.context.support.DelegatingSmartContextLoader', parent = [null]]]; transaction manager [org.springframework.orm.jpa.JpaTransactionManager@5f5ca74d]; rollback [true]
2015-05-20 12:04:31,212  INFO [Test worker] (?:?) - violations:1
2015-05-20 12:04:31,212  INFO [Test worker] (?:?) - field:email
2015-05-20 12:04:31,212  INFO [Test worker] (?:?) - message:size must be between 1 and 255
2015-05-20 12:04:31,213  INFO [Test worker] (TransactionalTestExecutionListener.java:298) - Rolled back transaction after test execution for test context [DefaultTestContext@582938d4 testClass = UserSaveCommandValidatorIntegrationSpec, testInstance = com.tim.one.validator.UserSaveCommandValidatorIntegrationSpec@3dce1de0, testMethod = $spock_feature_0_0@UserSaveCommandValidatorIntegrationSpec, testException = [null], mergedContextConfiguration = [MergedContextConfiguration@227f3c32 testClass = UserSaveCommandValidatorIntegrationSpec, locations = '{classpath:/services-appctx.xml, classpath:/persistence-appctx.xml, classpath:/jms-appctx.xml, classpath:/mail-context.xml, classpath:/transaction-appctx.xml, classpath:/formatter-appctx.xml, classpath:/stp-appctx.xml, classpath:/aop-appctx.xml, classpath:/properties-appctx.xml}', classes = '{}', contextInitializerClasses = '[]', activeProfiles = '{}', contextLoader = 'org.springframework.test.context.support.DelegatingSmartContextLoader', parent = [null]]]
2015-05-20 12:04:31,216  INFO [Test worker] (TransactionalTestExecutionListener.java:276) - Began transaction (5) for test context [DefaultTestContext@582938d4 testClass = UserSaveCommandValidatorIntegrationSpec, testInstance = com.tim.one.validator.UserSaveCommandValidatorIntegrationSpec@6e2d6f85, testMethod = $spock_feature_0_0@UserSaveCommandValidatorIntegrationSpec, testException = [null], mergedContextConfiguration = [MergedContextConfiguration@227f3c32 testClass = UserSaveCommandValidatorIntegrationSpec, locations = '{classpath:/services-appctx.xml, classpath:/persistence-appctx.xml, classpath:/jms-appctx.xml, classpath:/mail-context.xml, classpath:/transaction-appctx.xml, classpath:/formatter-appctx.xml, classpath:/stp-appctx.xml, classpath:/aop-appctx.xml, classpath:/properties-appctx.xml}', classes = '{}', contextInitializerClasses = '[]', activeProfiles = '{}', contextLoader = 'org.springframework.test.context.support.DelegatingSmartContextLoader', parent = [null]]]; transaction manager [org.springframework.orm.jpa.JpaTransactionManager@5f5ca74d]; rollback [true]
2015-05-20 12:04:31,223  INFO [Test worker] (?:?) - violations:1
2015-05-20 12:04:31,224  INFO [Test worker] (?:?) - field:email
2015-05-20 12:04:31,224  INFO [Test worker] (?:?) - message:may not be null
2015-05-20 12:04:31,225  INFO [Test worker] (TransactionalTestExecutionListener.java:298) - Rolled back transaction after test execution for test context [DefaultTestContext@582938d4 testClass = UserSaveCommandValidatorIntegrationSpec, testInstance = com.tim.one.validator.UserSaveCommandValidatorIntegrationSpec@6e2d6f85, testMethod = $spock_feature_0_0@UserSaveCommandValidatorIntegrationSpec, testException = [null], mergedContextConfiguration = [MergedContextConfiguration@227f3c32 testClass = UserSaveCommandValidatorIntegrationSpec, locations = '{classpath:/services-appctx.xml, classpath:/persistence-appctx.xml, classpath:/jms-appctx.xml, classpath:/mail-context.xml, classpath:/transaction-appctx.xml, classpath:/formatter-appctx.xml, classpath:/stp-appctx.xml, classpath:/aop-appctx.xml, classpath:/properties-appctx.xml}', classes = '{}', contextInitializerClasses = '[]', activeProfiles = '{}', contextLoader = 'org.springframework.test.context.support.DelegatingSmartContextLoader', parent = [null]]]
2015-05-20 12:04:31,228  INFO [Test worker] (TransactionalTestExecutionListener.java:276) - Began transaction (6) for test context [DefaultTestContext@582938d4 testClass = UserSaveCommandValidatorIntegrationSpec, testInstance = com.tim.one.validator.UserSaveCommandValidatorIntegrationSpec@7286e49f, testMethod = $spock_feature_0_0@UserSaveCommandValidatorIntegrationSpec, testException = [null], mergedContextConfiguration = [MergedContextConfiguration@227f3c32 testClass = UserSaveCommandValidatorIntegrationSpec, locations = '{classpath:/services-appctx.xml, classpath:/persistence-appctx.xml, classpath:/jms-appctx.xml, classpath:/mail-context.xml, classpath:/transaction-appctx.xml, classpath:/formatter-appctx.xml, classpath:/stp-appctx.xml, classpath:/aop-appctx.xml, classpath:/properties-appctx.xml}', classes = '{}', contextInitializerClasses = '[]', activeProfiles = '{}', contextLoader = 'org.springframework.test.context.support.DelegatingSmartContextLoader', parent = [null]]]; transaction manager [org.springframework.orm.jpa.JpaTransactionManager@5f5ca74d]; rollback [true]
2015-05-20 12:04:31,239  INFO [Test worker] (?:?) - violations:1
2015-05-20 12:04:31,239  INFO [Test worker] (?:?) - field:email
2015-05-20 12:04:31,239  INFO [Test worker] (?:?) - message:not a well-formed email address
2015-05-20 12:04:31,240  INFO [Test worker] (TransactionalTestExecutionListener.java:298) - Rolled back transaction after test execution for test context [DefaultTestContext@582938d4 testClass = UserSaveCommandValidatorIntegrationSpec, testInstance = com.tim.one.validator.UserSaveCommandValidatorIntegrationSpec@7286e49f, testMethod = $spock_feature_0_0@UserSaveCommandValidatorIntegrationSpec, testException = [null], mergedContextConfiguration = [MergedContextConfiguration@227f3c32 testClass = UserSaveCommandValidatorIntegrationSpec, locations = '{classpath:/services-appctx.xml, classpath:/persistence-appctx.xml, classpath:/jms-appctx.xml, classpath:/mail-context.xml, classpath:/transaction-appctx.xml, classpath:/formatter-appctx.xml, classpath:/stp-appctx.xml, classpath:/aop-appctx.xml, classpath:/properties-appctx.xml}', classes = '{}', contextInitializerClasses = '[]', activeProfiles = '{}', contextLoader = 'org.springframework.test.context.support.DelegatingSmartContextLoader', parent = [null]]]
2015-05-20 12:04:31,243  INFO [Test worker] (TransactionalTestExecutionListener.java:276) - Began transaction (7) for test context [DefaultTestContext@582938d4 testClass = UserSaveCommandValidatorIntegrationSpec, testInstance = com.tim.one.validator.UserSaveCommandValidatorIntegrationSpec@6cfece27, testMethod = $spock_feature_0_0@UserSaveCommandValidatorIntegrationSpec, testException = [null], mergedContextConfiguration = [MergedContextConfiguration@227f3c32 testClass = UserSaveCommandValidatorIntegrationSpec, locations = '{classpath:/services-appctx.xml, classpath:/persistence-appctx.xml, classpath:/jms-appctx.xml, classpath:/mail-context.xml, classpath:/transaction-appctx.xml, classpath:/formatter-appctx.xml, classpath:/stp-appctx.xml, classpath:/aop-appctx.xml, classpath:/properties-appctx.xml}', classes = '{}', contextInitializerClasses = '[]', activeProfiles = '{}', contextLoader = 'org.springframework.test.context.support.DelegatingSmartContextLoader', parent = [null]]]; transaction manager [org.springframework.orm.jpa.JpaTransactionManager@5f5ca74d]; rollback [true]
2015-05-20 12:04:31,251  INFO [Test worker] (?:?) - violations:2
2015-05-20 12:04:31,251  INFO [Test worker] (?:?) - field:email
2015-05-20 12:04:31,252  INFO [Test worker] (?:?) - message:not a well-formed email address
2015-05-20 12:04:31,253  INFO [Test worker] (TransactionalTestExecutionListener.java:298) - Rolled back transaction after test execution for test context [DefaultTestContext@582938d4 testClass = UserSaveCommandValidatorIntegrationSpec, testInstance = com.tim.one.validator.UserSaveCommandValidatorIntegrationSpec@6cfece27, testMethod = $spock_feature_0_0@UserSaveCommandValidatorIntegrationSpec, testException = [null], mergedContextConfiguration = [MergedContextConfiguration@227f3c32 testClass = UserSaveCommandValidatorIntegrationSpec, locations = '{classpath:/services-appctx.xml, classpath:/persistence-appctx.xml, classpath:/jms-appctx.xml, classpath:/mail-context.xml, classpath:/transaction-appctx.xml, classpath:/formatter-appctx.xml, classpath:/stp-appctx.xml, classpath:/aop-appctx.xml, classpath:/properties-appctx.xml}', classes = '{}', contextInitializerClasses = '[]', activeProfiles = '{}', contextLoader = 'org.springframework.test.context.support.DelegatingSmartContextLoader', parent = [null]]]
]]></system-out>
  <system-err><![CDATA[]]></system-err>
</testsuite>
