<?xml version="1.0" encoding="UTF-8"?>
<testsuite name="com.tim.web.security.oauth2.TestUserValidator" tests="6" skipped="0" failures="0" errors="0" timestamp="2015-05-20T17:04:15" hostname="josdem-Inspiron-5420" time="0.194">
  <properties/>
  <testcase name="shouldKnowInvalidIntegraUserDueToPassword" classname="com.tim.web.security.oauth2.TestUserValidator" time="0.181"/>
  <testcase name="shouldValidKpmgUser" classname="com.tim.web.security.oauth2.TestUserValidator" time="0.002"/>
  <testcase name="shouldValidIntegraUser" classname="com.tim.web.security.oauth2.TestUserValidator" time="0.002"/>
  <testcase name="shouldKnowInvalidKpmgUserDueToPassword" classname="com.tim.web.security.oauth2.TestUserValidator" time="0.003"/>
  <testcase name="shouldKnowInvalidIntegraUserDueToUser" classname="com.tim.web.security.oauth2.TestUserValidator" time="0.002"/>
  <testcase name="shouldKnowInvalidKpmgUserDueToUser" classname="com.tim.web.security.oauth2.TestUserValidator" time="0.003"/>
  <system-out><![CDATA[2015-05-20 12:04:16,003  INFO [Test worker] (UserValidatorImpl.java:20) - LOGIN WITH CREDENTIALS: user password: password
2015-05-20 12:04:16,019  INFO [Test worker] (UserValidatorImpl.java:20) - LOGIN WITH CREDENTIALS: user password: password
2015-05-20 12:04:16,021  INFO [Test worker] (UserValidatorImpl.java:20) - LOGIN WITH CREDENTIALS: user password: password
2015-05-20 12:04:16,024  INFO [Test worker] (UserValidatorImpl.java:20) - LOGIN WITH CREDENTIALS: user password: password
2015-05-20 12:04:16,026  INFO [Test worker] (UserValidatorImpl.java:20) - LOGIN WITH CREDENTIALS: user password: password
2015-05-20 12:04:16,029  INFO [Test worker] (UserValidatorImpl.java:20) - LOGIN WITH CREDENTIALS: user password: password
]]></system-out>
  <system-err><![CDATA[]]></system-err>
</testsuite>
