<?xml version="1.0" encoding="UTF-8"?>
<testsuite name="com.tim.one.controller.TestCatalogController" tests="1" skipped="0" failures="0" errors="0" timestamp="2015-05-20T17:04:34" hostname="josdem-Inspiron-5420" time="0.004">
  <properties/>
  <testcase name="shouldGetClosedReason" classname="com.tim.one.controller.TestCatalogController" time="0.004"/>
  <system-out><![CDATA[2015-05-20 12:04:34,919  INFO [Test worker] (CatalogController.java:34) - List project's closed reason
]]></system-out>
  <system-err><![CDATA[]]></system-err>
</testsuite>
