<?xml version="1.0" encoding="UTF-8"?>
<testsuite name="com.tim.one.validator.CapitalReturnCommandValidatorIntegrationSpec" tests="10" skipped="0" failures="0" errors="0" timestamp="2015-05-20T17:04:31" hostname="josdem-Inspiron-5420" time="0.237">
  <properties/>
  <testcase name="When we have a project with #Error:projectId as id, and provider with #Error:providerId as id and want to return&#10;&#9;&#9;&#9;capital with amount 0.01 and &#10;&#9;&#9;&#9;when we validate we expecting that result is: true" classname="com.tim.one.validator.CapitalReturnCommandValidatorIntegrationSpec" time="0.036"/>
  <testcase name="When we have a project with #Error:projectId as id, and provider with #Error:providerId as id and want to return&#10;&#9;&#9;&#9;capital with amount 0.01 and &#10;&#9;&#9;&#9;when we validate we expecting that result is: false" classname="com.tim.one.validator.CapitalReturnCommandValidatorIntegrationSpec" time="0.016"/>
  <testcase name="When we have a project with #Error:projectId as id, and provider with #Error:providerId as id and want to return&#10;&#9;&#9;&#9;capital with amount 0.01 and &#10;&#9;&#9;&#9;when we validate we expecting that result is: false" classname="com.tim.one.validator.CapitalReturnCommandValidatorIntegrationSpec" time="0.069"/>
  <testcase name="When we have a project with #Error:projectId as id, and provider with #Error:providerId as id and want to return&#10;&#9;&#9;&#9;capital with amount 0.01 and &#10;&#9;&#9;&#9;when we validate we expecting that result is: false" classname="com.tim.one.validator.CapitalReturnCommandValidatorIntegrationSpec" time="0.013"/>
  <testcase name="When we have a project with #Error:projectId as id, and provider with #Error:providerId as id and want to return&#10;&#9;&#9;&#9;capital with amount 0.01 and &#10;&#9;&#9;&#9;when we validate we expecting that result is: false" classname="com.tim.one.validator.CapitalReturnCommandValidatorIntegrationSpec" time="0.015"/>
  <testcase name="When we have a project with #Error:projectId as id, and provider with #Error:providerId as id and want to return&#10;&#9;&#9;&#9;capital with amount 0.01 and &#10;&#9;&#9;&#9;when we validate we expecting that result is: false" classname="com.tim.one.validator.CapitalReturnCommandValidatorIntegrationSpec" time="0.016"/>
  <testcase name="When we have a project with #Error:projectId as id, and provider with #Error:providerId as id and want to return&#10;&#9;&#9;&#9;capital with amount 0.01 and &#10;&#9;&#9;&#9;when we validate we expecting that result is: false" classname="com.tim.one.validator.CapitalReturnCommandValidatorIntegrationSpec" time="0.015"/>
  <testcase name="When we have a project with #Error:projectId as id, and provider with #Error:providerId as id and want to return&#10;&#9;&#9;&#9;capital with amount 0.00 and &#10;&#9;&#9;&#9;when we validate we expecting that result is: false" classname="com.tim.one.validator.CapitalReturnCommandValidatorIntegrationSpec" time="0.016"/>
  <testcase name="When we have a project with #Error:projectId as id, and provider with #Error:providerId as id and want to return&#10;&#9;&#9;&#9;capital with amount -10.00 and &#10;&#9;&#9;&#9;when we validate we expecting that result is: false" classname="com.tim.one.validator.CapitalReturnCommandValidatorIntegrationSpec" time="0.016"/>
  <testcase name="When we have a project with #Error:projectId as id, and provider with #Error:providerId as id and want to return&#10;&#9;&#9;&#9;capital with amount null and &#10;&#9;&#9;&#9;when we validate we expecting that result is: false" classname="com.tim.one.validator.CapitalReturnCommandValidatorIntegrationSpec" time="0.018"/>
  <system-out><![CDATA[2015-05-20 12:04:31,285 DEBUG [Test worker] (AbstractFallbackTransactionAttributeSource.java:108) - Adding transactional method 'CapitalReturnCommandValidatorIntegrationSpec.$spock_feature_0_0' with attribute: PROPAGATION_REQUIRED,ISOLATION_DEFAULT; ''
2015-05-20 12:04:31,287  INFO [Test worker] (TransactionalTestExecutionListener.java:276) - Began transaction (1) for test context [DefaultTestContext@12f6309b testClass = CapitalReturnCommandValidatorIntegrationSpec, testInstance = com.tim.one.validator.CapitalReturnCommandValidatorIntegrationSpec@60f119d6, testMethod = $spock_feature_0_0@CapitalReturnCommandValidatorIntegrationSpec, testException = [null], mergedContextConfiguration = [MergedContextConfiguration@74d76252 testClass = CapitalReturnCommandValidatorIntegrationSpec, locations = '{classpath:/services-appctx.xml, classpath:/persistence-appctx.xml, classpath:/jms-appctx.xml, classpath:/mail-context.xml, classpath:/transaction-appctx.xml, classpath:/formatter-appctx.xml, classpath:/stp-appctx.xml, classpath:/aop-appctx.xml, classpath:/properties-appctx.xml}', classes = '{}', contextInitializerClasses = '[]', activeProfiles = '{}', contextLoader = 'org.springframework.test.context.support.DelegatingSmartContextLoader', parent = [null]]]; transaction manager [org.springframework.orm.jpa.JpaTransactionManager@5f5ca74d]; rollback [true]
2015-05-20 12:04:31,302  INFO [Test worker] (?:?) - violations:0
2015-05-20 12:04:31,303  INFO [Test worker] (TransactionalTestExecutionListener.java:298) - Rolled back transaction after test execution for test context [DefaultTestContext@12f6309b testClass = CapitalReturnCommandValidatorIntegrationSpec, testInstance = com.tim.one.validator.CapitalReturnCommandValidatorIntegrationSpec@60f119d6, testMethod = $spock_feature_0_0@CapitalReturnCommandValidatorIntegrationSpec, testException = [null], mergedContextConfiguration = [MergedContextConfiguration@74d76252 testClass = CapitalReturnCommandValidatorIntegrationSpec, locations = '{classpath:/services-appctx.xml, classpath:/persistence-appctx.xml, classpath:/jms-appctx.xml, classpath:/mail-context.xml, classpath:/transaction-appctx.xml, classpath:/formatter-appctx.xml, classpath:/stp-appctx.xml, classpath:/aop-appctx.xml, classpath:/properties-appctx.xml}', classes = '{}', contextInitializerClasses = '[]', activeProfiles = '{}', contextLoader = 'org.springframework.test.context.support.DelegatingSmartContextLoader', parent = [null]]]
2015-05-20 12:04:31,305  INFO [Test worker] (TransactionalTestExecutionListener.java:276) - Began transaction (2) for test context [DefaultTestContext@12f6309b testClass = CapitalReturnCommandValidatorIntegrationSpec, testInstance = com.tim.one.validator.CapitalReturnCommandValidatorIntegrationSpec@181ea688, testMethod = $spock_feature_0_0@CapitalReturnCommandValidatorIntegrationSpec, testException = [null], mergedContextConfiguration = [MergedContextConfiguration@74d76252 testClass = CapitalReturnCommandValidatorIntegrationSpec, locations = '{classpath:/services-appctx.xml, classpath:/persistence-appctx.xml, classpath:/jms-appctx.xml, classpath:/mail-context.xml, classpath:/transaction-appctx.xml, classpath:/formatter-appctx.xml, classpath:/stp-appctx.xml, classpath:/aop-appctx.xml, classpath:/properties-appctx.xml}', classes = '{}', contextInitializerClasses = '[]', activeProfiles = '{}', contextLoader = 'org.springframework.test.context.support.DelegatingSmartContextLoader', parent = [null]]]; transaction manager [org.springframework.orm.jpa.JpaTransactionManager@5f5ca74d]; rollback [true]
2015-05-20 12:04:31,316  INFO [Test worker] (?:?) - violations:1
2015-05-20 12:04:31,317  INFO [Test worker] (?:?) - field:projectUuid
2015-05-20 12:04:31,318  INFO [Test worker] (?:?) - message:size must be between 32 and 32
2015-05-20 12:04:31,319  INFO [Test worker] (TransactionalTestExecutionListener.java:298) - Rolled back transaction after test execution for test context [DefaultTestContext@12f6309b testClass = CapitalReturnCommandValidatorIntegrationSpec, testInstance = com.tim.one.validator.CapitalReturnCommandValidatorIntegrationSpec@181ea688, testMethod = $spock_feature_0_0@CapitalReturnCommandValidatorIntegrationSpec, testException = [null], mergedContextConfiguration = [MergedContextConfiguration@74d76252 testClass = CapitalReturnCommandValidatorIntegrationSpec, locations = '{classpath:/services-appctx.xml, classpath:/persistence-appctx.xml, classpath:/jms-appctx.xml, classpath:/mail-context.xml, classpath:/transaction-appctx.xml, classpath:/formatter-appctx.xml, classpath:/stp-appctx.xml, classpath:/aop-appctx.xml, classpath:/properties-appctx.xml}', classes = '{}', contextInitializerClasses = '[]', activeProfiles = '{}', contextLoader = 'org.springframework.test.context.support.DelegatingSmartContextLoader', parent = [null]]]
2015-05-20 12:04:31,323  INFO [Test worker] (TransactionalTestExecutionListener.java:276) - Began transaction (3) for test context [DefaultTestContext@12f6309b testClass = CapitalReturnCommandValidatorIntegrationSpec, testInstance = com.tim.one.validator.CapitalReturnCommandValidatorIntegrationSpec@138f2aad, testMethod = $spock_feature_0_0@CapitalReturnCommandValidatorIntegrationSpec, testException = [null], mergedContextConfiguration = [MergedContextConfiguration@74d76252 testClass = CapitalReturnCommandValidatorIntegrationSpec, locations = '{classpath:/services-appctx.xml, classpath:/persistence-appctx.xml, classpath:/jms-appctx.xml, classpath:/mail-context.xml, classpath:/transaction-appctx.xml, classpath:/formatter-appctx.xml, classpath:/stp-appctx.xml, classpath:/aop-appctx.xml, classpath:/properties-appctx.xml}', classes = '{}', contextInitializerClasses = '[]', activeProfiles = '{}', contextLoader = 'org.springframework.test.context.support.DelegatingSmartContextLoader', parent = [null]]]; transaction manager [org.springframework.orm.jpa.JpaTransactionManager@5f5ca74d]; rollback [true]
2015-05-20 12:04:31,385  INFO [Test worker] (?:?) - violations:1
2015-05-20 12:04:31,385  INFO [Test worker] (?:?) - field:projectUuid
2015-05-20 12:04:31,386  INFO [Test worker] (?:?) - message:size must be between 32 and 32
2015-05-20 12:04:31,389  INFO [Test worker] (TransactionalTestExecutionListener.java:298) - Rolled back transaction after test execution for test context [DefaultTestContext@12f6309b testClass = CapitalReturnCommandValidatorIntegrationSpec, testInstance = com.tim.one.validator.CapitalReturnCommandValidatorIntegrationSpec@138f2aad, testMethod = $spock_feature_0_0@CapitalReturnCommandValidatorIntegrationSpec, testException = [null], mergedContextConfiguration = [MergedContextConfiguration@74d76252 testClass = CapitalReturnCommandValidatorIntegrationSpec, locations = '{classpath:/services-appctx.xml, classpath:/persistence-appctx.xml, classpath:/jms-appctx.xml, classpath:/mail-context.xml, classpath:/transaction-appctx.xml, classpath:/formatter-appctx.xml, classpath:/stp-appctx.xml, classpath:/aop-appctx.xml, classpath:/properties-appctx.xml}', classes = '{}', contextInitializerClasses = '[]', activeProfiles = '{}', contextLoader = 'org.springframework.test.context.support.DelegatingSmartContextLoader', parent = [null]]]
2015-05-20 12:04:31,392  INFO [Test worker] (TransactionalTestExecutionListener.java:276) - Began transaction (4) for test context [DefaultTestContext@12f6309b testClass = CapitalReturnCommandValidatorIntegrationSpec, testInstance = com.tim.one.validator.CapitalReturnCommandValidatorIntegrationSpec@75587cd2, testMethod = $spock_feature_0_0@CapitalReturnCommandValidatorIntegrationSpec, testException = [null], mergedContextConfiguration = [MergedContextConfiguration@74d76252 testClass = CapitalReturnCommandValidatorIntegrationSpec, locations = '{classpath:/services-appctx.xml, classpath:/persistence-appctx.xml, classpath:/jms-appctx.xml, classpath:/mail-context.xml, classpath:/transaction-appctx.xml, classpath:/formatter-appctx.xml, classpath:/stp-appctx.xml, classpath:/aop-appctx.xml, classpath:/properties-appctx.xml}', classes = '{}', contextInitializerClasses = '[]', activeProfiles = '{}', contextLoader = 'org.springframework.test.context.support.DelegatingSmartContextLoader', parent = [null]]]; transaction manager [org.springframework.orm.jpa.JpaTransactionManager@5f5ca74d]; rollback [true]
2015-05-20 12:04:31,401  INFO [Test worker] (?:?) - violations:1
2015-05-20 12:04:31,401  INFO [Test worker] (?:?) - field:projectUuid
2015-05-20 12:04:31,402  INFO [Test worker] (?:?) - message:may not be null
2015-05-20 12:04:31,402  INFO [Test worker] (TransactionalTestExecutionListener.java:298) - Rolled back transaction after test execution for test context [DefaultTestContext@12f6309b testClass = CapitalReturnCommandValidatorIntegrationSpec, testInstance = com.tim.one.validator.CapitalReturnCommandValidatorIntegrationSpec@75587cd2, testMethod = $spock_feature_0_0@CapitalReturnCommandValidatorIntegrationSpec, testException = [null], mergedContextConfiguration = [MergedContextConfiguration@74d76252 testClass = CapitalReturnCommandValidatorIntegrationSpec, locations = '{classpath:/services-appctx.xml, classpath:/persistence-appctx.xml, classpath:/jms-appctx.xml, classpath:/mail-context.xml, classpath:/transaction-appctx.xml, classpath:/formatter-appctx.xml, classpath:/stp-appctx.xml, classpath:/aop-appctx.xml, classpath:/properties-appctx.xml}', classes = '{}', contextInitializerClasses = '[]', activeProfiles = '{}', contextLoader = 'org.springframework.test.context.support.DelegatingSmartContextLoader', parent = [null]]]
2015-05-20 12:04:31,405  INFO [Test worker] (TransactionalTestExecutionListener.java:276) - Began transaction (5) for test context [DefaultTestContext@12f6309b testClass = CapitalReturnCommandValidatorIntegrationSpec, testInstance = com.tim.one.validator.CapitalReturnCommandValidatorIntegrationSpec@6957406b, testMethod = $spock_feature_0_0@CapitalReturnCommandValidatorIntegrationSpec, testException = [null], mergedContextConfiguration = [MergedContextConfiguration@74d76252 testClass = CapitalReturnCommandValidatorIntegrationSpec, locations = '{classpath:/services-appctx.xml, classpath:/persistence-appctx.xml, classpath:/jms-appctx.xml, classpath:/mail-context.xml, classpath:/transaction-appctx.xml, classpath:/formatter-appctx.xml, classpath:/stp-appctx.xml, classpath:/aop-appctx.xml, classpath:/properties-appctx.xml}', classes = '{}', contextInitializerClasses = '[]', activeProfiles = '{}', contextLoader = 'org.springframework.test.context.support.DelegatingSmartContextLoader', parent = [null]]]; transaction manager [org.springframework.orm.jpa.JpaTransactionManager@5f5ca74d]; rollback [true]
2015-05-20 12:04:31,414  INFO [Test worker] (?:?) - violations:1
2015-05-20 12:04:31,414  INFO [Test worker] (?:?) - field:providerUuid
2015-05-20 12:04:31,414  INFO [Test worker] (?:?) - message:size must be between 32 and 32
2015-05-20 12:04:31,418  INFO [Test worker] (TransactionalTestExecutionListener.java:298) - Rolled back transaction after test execution for test context [DefaultTestContext@12f6309b testClass = CapitalReturnCommandValidatorIntegrationSpec, testInstance = com.tim.one.validator.CapitalReturnCommandValidatorIntegrationSpec@6957406b, testMethod = $spock_feature_0_0@CapitalReturnCommandValidatorIntegrationSpec, testException = [null], mergedContextConfiguration = [MergedContextConfiguration@74d76252 testClass = CapitalReturnCommandValidatorIntegrationSpec, locations = '{classpath:/services-appctx.xml, classpath:/persistence-appctx.xml, classpath:/jms-appctx.xml, classpath:/mail-context.xml, classpath:/transaction-appctx.xml, classpath:/formatter-appctx.xml, classpath:/stp-appctx.xml, classpath:/aop-appctx.xml, classpath:/properties-appctx.xml}', classes = '{}', contextInitializerClasses = '[]', activeProfiles = '{}', contextLoader = 'org.springframework.test.context.support.DelegatingSmartContextLoader', parent = [null]]]
2015-05-20 12:04:31,421  INFO [Test worker] (TransactionalTestExecutionListener.java:276) - Began transaction (6) for test context [DefaultTestContext@12f6309b testClass = CapitalReturnCommandValidatorIntegrationSpec, testInstance = com.tim.one.validator.CapitalReturnCommandValidatorIntegrationSpec@779822a7, testMethod = $spock_feature_0_0@CapitalReturnCommandValidatorIntegrationSpec, testException = [null], mergedContextConfiguration = [MergedContextConfiguration@74d76252 testClass = CapitalReturnCommandValidatorIntegrationSpec, locations = '{classpath:/services-appctx.xml, classpath:/persistence-appctx.xml, classpath:/jms-appctx.xml, classpath:/mail-context.xml, classpath:/transaction-appctx.xml, classpath:/formatter-appctx.xml, classpath:/stp-appctx.xml, classpath:/aop-appctx.xml, classpath:/properties-appctx.xml}', classes = '{}', contextInitializerClasses = '[]', activeProfiles = '{}', contextLoader = 'org.springframework.test.context.support.DelegatingSmartContextLoader', parent = [null]]]; transaction manager [org.springframework.orm.jpa.JpaTransactionManager@5f5ca74d]; rollback [true]
2015-05-20 12:04:31,432  INFO [Test worker] (?:?) - violations:1
2015-05-20 12:04:31,432  INFO [Test worker] (?:?) - field:providerUuid
2015-05-20 12:04:31,433  INFO [Test worker] (?:?) - message:size must be between 32 and 32
2015-05-20 12:04:31,434  INFO [Test worker] (TransactionalTestExecutionListener.java:298) - Rolled back transaction after test execution for test context [DefaultTestContext@12f6309b testClass = CapitalReturnCommandValidatorIntegrationSpec, testInstance = com.tim.one.validator.CapitalReturnCommandValidatorIntegrationSpec@779822a7, testMethod = $spock_feature_0_0@CapitalReturnCommandValidatorIntegrationSpec, testException = [null], mergedContextConfiguration = [MergedContextConfiguration@74d76252 testClass = CapitalReturnCommandValidatorIntegrationSpec, locations = '{classpath:/services-appctx.xml, classpath:/persistence-appctx.xml, classpath:/jms-appctx.xml, classpath:/mail-context.xml, classpath:/transaction-appctx.xml, classpath:/formatter-appctx.xml, classpath:/stp-appctx.xml, classpath:/aop-appctx.xml, classpath:/properties-appctx.xml}', classes = '{}', contextInitializerClasses = '[]', activeProfiles = '{}', contextLoader = 'org.springframework.test.context.support.DelegatingSmartContextLoader', parent = [null]]]
2015-05-20 12:04:31,437  INFO [Test worker] (TransactionalTestExecutionListener.java:276) - Began transaction (7) for test context [DefaultTestContext@12f6309b testClass = CapitalReturnCommandValidatorIntegrationSpec, testInstance = com.tim.one.validator.CapitalReturnCommandValidatorIntegrationSpec@4cd3d613, testMethod = $spock_feature_0_0@CapitalReturnCommandValidatorIntegrationSpec, testException = [null], mergedContextConfiguration = [MergedContextConfiguration@74d76252 testClass = CapitalReturnCommandValidatorIntegrationSpec, locations = '{classpath:/services-appctx.xml, classpath:/persistence-appctx.xml, classpath:/jms-appctx.xml, classpath:/mail-context.xml, classpath:/transaction-appctx.xml, classpath:/formatter-appctx.xml, classpath:/stp-appctx.xml, classpath:/aop-appctx.xml, classpath:/properties-appctx.xml}', classes = '{}', contextInitializerClasses = '[]', activeProfiles = '{}', contextLoader = 'org.springframework.test.context.support.DelegatingSmartContextLoader', parent = [null]]]; transaction manager [org.springframework.orm.jpa.JpaTransactionManager@5f5ca74d]; rollback [true]
2015-05-20 12:04:31,446  INFO [Test worker] (?:?) - violations:1
2015-05-20 12:04:31,446  INFO [Test worker] (?:?) - field:providerUuid
2015-05-20 12:04:31,446  INFO [Test worker] (?:?) - message:may not be null
2015-05-20 12:04:31,449  INFO [Test worker] (TransactionalTestExecutionListener.java:298) - Rolled back transaction after test execution for test context [DefaultTestContext@12f6309b testClass = CapitalReturnCommandValidatorIntegrationSpec, testInstance = com.tim.one.validator.CapitalReturnCommandValidatorIntegrationSpec@4cd3d613, testMethod = $spock_feature_0_0@CapitalReturnCommandValidatorIntegrationSpec, testException = [null], mergedContextConfiguration = [MergedContextConfiguration@74d76252 testClass = CapitalReturnCommandValidatorIntegrationSpec, locations = '{classpath:/services-appctx.xml, classpath:/persistence-appctx.xml, classpath:/jms-appctx.xml, classpath:/mail-context.xml, classpath:/transaction-appctx.xml, classpath:/formatter-appctx.xml, classpath:/stp-appctx.xml, classpath:/aop-appctx.xml, classpath:/properties-appctx.xml}', classes = '{}', contextInitializerClasses = '[]', activeProfiles = '{}', contextLoader = 'org.springframework.test.context.support.DelegatingSmartContextLoader', parent = [null]]]
2015-05-20 12:04:31,453  INFO [Test worker] (TransactionalTestExecutionListener.java:276) - Began transaction (8) for test context [DefaultTestContext@12f6309b testClass = CapitalReturnCommandValidatorIntegrationSpec, testInstance = com.tim.one.validator.CapitalReturnCommandValidatorIntegrationSpec@7b5b5000, testMethod = $spock_feature_0_0@CapitalReturnCommandValidatorIntegrationSpec, testException = [null], mergedContextConfiguration = [MergedContextConfiguration@74d76252 testClass = CapitalReturnCommandValidatorIntegrationSpec, locations = '{classpath:/services-appctx.xml, classpath:/persistence-appctx.xml, classpath:/jms-appctx.xml, classpath:/mail-context.xml, classpath:/transaction-appctx.xml, classpath:/formatter-appctx.xml, classpath:/stp-appctx.xml, classpath:/aop-appctx.xml, classpath:/properties-appctx.xml}', classes = '{}', contextInitializerClasses = '[]', activeProfiles = '{}', contextLoader = 'org.springframework.test.context.support.DelegatingSmartContextLoader', parent = [null]]]; transaction manager [org.springframework.orm.jpa.JpaTransactionManager@5f5ca74d]; rollback [true]
2015-05-20 12:04:31,462  INFO [Test worker] (?:?) - violations:1
2015-05-20 12:04:31,463  INFO [Test worker] (?:?) - field:amount
2015-05-20 12:04:31,464  INFO [Test worker] (?:?) - message:must be greater than or equal to 0.01
2015-05-20 12:04:31,466  INFO [Test worker] (TransactionalTestExecutionListener.java:298) - Rolled back transaction after test execution for test context [DefaultTestContext@12f6309b testClass = CapitalReturnCommandValidatorIntegrationSpec, testInstance = com.tim.one.validator.CapitalReturnCommandValidatorIntegrationSpec@7b5b5000, testMethod = $spock_feature_0_0@CapitalReturnCommandValidatorIntegrationSpec, testException = [null], mergedContextConfiguration = [MergedContextConfiguration@74d76252 testClass = CapitalReturnCommandValidatorIntegrationSpec, locations = '{classpath:/services-appctx.xml, classpath:/persistence-appctx.xml, classpath:/jms-appctx.xml, classpath:/mail-context.xml, classpath:/transaction-appctx.xml, classpath:/formatter-appctx.xml, classpath:/stp-appctx.xml, classpath:/aop-appctx.xml, classpath:/properties-appctx.xml}', classes = '{}', contextInitializerClasses = '[]', activeProfiles = '{}', contextLoader = 'org.springframework.test.context.support.DelegatingSmartContextLoader', parent = [null]]]
2015-05-20 12:04:31,471  INFO [Test worker] (TransactionalTestExecutionListener.java:276) - Began transaction (9) for test context [DefaultTestContext@12f6309b testClass = CapitalReturnCommandValidatorIntegrationSpec, testInstance = com.tim.one.validator.CapitalReturnCommandValidatorIntegrationSpec@13aa00ce, testMethod = $spock_feature_0_0@CapitalReturnCommandValidatorIntegrationSpec, testException = [null], mergedContextConfiguration = [MergedContextConfiguration@74d76252 testClass = CapitalReturnCommandValidatorIntegrationSpec, locations = '{classpath:/services-appctx.xml, classpath:/persistence-appctx.xml, classpath:/jms-appctx.xml, classpath:/mail-context.xml, classpath:/transaction-appctx.xml, classpath:/formatter-appctx.xml, classpath:/stp-appctx.xml, classpath:/aop-appctx.xml, classpath:/properties-appctx.xml}', classes = '{}', contextInitializerClasses = '[]', activeProfiles = '{}', contextLoader = 'org.springframework.test.context.support.DelegatingSmartContextLoader', parent = [null]]]; transaction manager [org.springframework.orm.jpa.JpaTransactionManager@5f5ca74d]; rollback [true]
2015-05-20 12:04:31,479  INFO [Test worker] (?:?) - violations:1
2015-05-20 12:04:31,481  INFO [Test worker] (?:?) - field:amount
2015-05-20 12:04:31,482  INFO [Test worker] (?:?) - message:must be greater than or equal to 0.01
2015-05-20 12:04:31,484  INFO [Test worker] (TransactionalTestExecutionListener.java:298) - Rolled back transaction after test execution for test context [DefaultTestContext@12f6309b testClass = CapitalReturnCommandValidatorIntegrationSpec, testInstance = com.tim.one.validator.CapitalReturnCommandValidatorIntegrationSpec@13aa00ce, testMethod = $spock_feature_0_0@CapitalReturnCommandValidatorIntegrationSpec, testException = [null], mergedContextConfiguration = [MergedContextConfiguration@74d76252 testClass = CapitalReturnCommandValidatorIntegrationSpec, locations = '{classpath:/services-appctx.xml, classpath:/persistence-appctx.xml, classpath:/jms-appctx.xml, classpath:/mail-context.xml, classpath:/transaction-appctx.xml, classpath:/formatter-appctx.xml, classpath:/stp-appctx.xml, classpath:/aop-appctx.xml, classpath:/properties-appctx.xml}', classes = '{}', contextInitializerClasses = '[]', activeProfiles = '{}', contextLoader = 'org.springframework.test.context.support.DelegatingSmartContextLoader', parent = [null]]]
2015-05-20 12:04:31,488  INFO [Test worker] (TransactionalTestExecutionListener.java:276) - Began transaction (10) for test context [DefaultTestContext@12f6309b testClass = CapitalReturnCommandValidatorIntegrationSpec, testInstance = com.tim.one.validator.CapitalReturnCommandValidatorIntegrationSpec@df7d746, testMethod = $spock_feature_0_0@CapitalReturnCommandValidatorIntegrationSpec, testException = [null], mergedContextConfiguration = [MergedContextConfiguration@74d76252 testClass = CapitalReturnCommandValidatorIntegrationSpec, locations = '{classpath:/services-appctx.xml, classpath:/persistence-appctx.xml, classpath:/jms-appctx.xml, classpath:/mail-context.xml, classpath:/transaction-appctx.xml, classpath:/formatter-appctx.xml, classpath:/stp-appctx.xml, classpath:/aop-appctx.xml, classpath:/properties-appctx.xml}', classes = '{}', contextInitializerClasses = '[]', activeProfiles = '{}', contextLoader = 'org.springframework.test.context.support.DelegatingSmartContextLoader', parent = [null]]]; transaction manager [org.springframework.orm.jpa.JpaTransactionManager@5f5ca74d]; rollback [true]
2015-05-20 12:04:31,500  INFO [Test worker] (?:?) - violations:1
2015-05-20 12:04:31,501  INFO [Test worker] (?:?) - field:amount
2015-05-20 12:04:31,501  INFO [Test worker] (?:?) - message:may not be null
2015-05-20 12:04:31,503  INFO [Test worker] (TransactionalTestExecutionListener.java:298) - Rolled back transaction after test execution for test context [DefaultTestContext@12f6309b testClass = CapitalReturnCommandValidatorIntegrationSpec, testInstance = com.tim.one.validator.CapitalReturnCommandValidatorIntegrationSpec@df7d746, testMethod = $spock_feature_0_0@CapitalReturnCommandValidatorIntegrationSpec, testException = [null], mergedContextConfiguration = [MergedContextConfiguration@74d76252 testClass = CapitalReturnCommandValidatorIntegrationSpec, locations = '{classpath:/services-appctx.xml, classpath:/persistence-appctx.xml, classpath:/jms-appctx.xml, classpath:/mail-context.xml, classpath:/transaction-appctx.xml, classpath:/formatter-appctx.xml, classpath:/stp-appctx.xml, classpath:/aop-appctx.xml, classpath:/properties-appctx.xml}', classes = '{}', contextInitializerClasses = '[]', activeProfiles = '{}', contextLoader = 'org.springframework.test.context.support.DelegatingSmartContextLoader', parent = [null]]]
]]></system-out>
  <system-err><![CDATA[]]></system-err>
</testsuite>
