<?xml version="1.0" encoding="UTF-8"?>
<testsuite name="com.tim.one.validator.ProjectProviderCommandValidatorIntegrationSpec" tests="8" skipped="0" failures="0" errors="0" timestamp="2015-05-20T17:04:28" hostname="josdem-Inspiron-5420" time="0.137">
  <properties/>
  <testcase name="When we have a project with id 3d1c68868ba34e8fbcc2c6b51d1e6c30, and projectProvider as projectProviders={id:1} &#10;  when we validate we expecting that result is: true" classname="com.tim.one.validator.ProjectProviderCommandValidatorIntegrationSpec" time="0.035"/>
  <testcase name="When we have a project with id &lt;script&gt;alert('hello josdem')&lt;/script&gt;, and projectProvider as projectProviders={id:1} &#10;  when we validate we expecting that result is: false" classname="com.tim.one.validator.ProjectProviderCommandValidatorIntegrationSpec" time="0.012"/>
  <testcase name="When we have a project with id 3d1c68868ba34e8fbcc2c6b51d1e6c301, and projectProvider as projectProviders={id:1} &#10;  when we validate we expecting that result is: false" classname="com.tim.one.validator.ProjectProviderCommandValidatorIntegrationSpec" time="0.011"/>
  <testcase name="When we have a project with id 3d1c68868ba34e8fbcc2c6b51d1e6c3, and projectProvider as projectProviders={id:1} &#10;  when we validate we expecting that result is: false" classname="com.tim.one.validator.ProjectProviderCommandValidatorIntegrationSpec" time="0.014"/>
  <testcase name="When we have a project with id , and projectProvider as projectProviders={id:1} &#10;  when we validate we expecting that result is: false" classname="com.tim.one.validator.ProjectProviderCommandValidatorIntegrationSpec" time="0.016"/>
  <testcase name="When we have a project with id null, and projectProvider as projectProviders={id:1} &#10;  when we validate we expecting that result is: false" classname="com.tim.one.validator.ProjectProviderCommandValidatorIntegrationSpec" time="0.016"/>
  <testcase name="When we have a project with id 3d1c68868ba34e8fbcc2c6b51d1e6c30, and projectProvider as  &#10;  when we validate we expecting that result is: false" classname="com.tim.one.validator.ProjectProviderCommandValidatorIntegrationSpec" time="0.016"/>
  <testcase name="When we have a project with id 3d1c68868ba34e8fbcc2c6b51d1e6c30, and projectProvider as null &#10;  when we validate we expecting that result is: false" classname="com.tim.one.validator.ProjectProviderCommandValidatorIntegrationSpec" time="0.014"/>
  <system-out><![CDATA[2015-05-20 12:04:28,705 DEBUG [Test worker] (AbstractFallbackTransactionAttributeSource.java:108) - Adding transactional method 'ProjectProviderCommandValidatorIntegrationSpec.$spock_feature_0_0' with attribute: PROPAGATION_REQUIRED,ISOLATION_DEFAULT; ''
2015-05-20 12:04:28,707  INFO [Test worker] (TransactionalTestExecutionListener.java:276) - Began transaction (1) for test context [DefaultTestContext@306124d5 testClass = ProjectProviderCommandValidatorIntegrationSpec, testInstance = com.tim.one.validator.ProjectProviderCommandValidatorIntegrationSpec@39b934c3, testMethod = $spock_feature_0_0@ProjectProviderCommandValidatorIntegrationSpec, testException = [null], mergedContextConfiguration = [MergedContextConfiguration@2e370bd0 testClass = ProjectProviderCommandValidatorIntegrationSpec, locations = '{classpath:/services-appctx.xml, classpath:/persistence-appctx.xml, classpath:/jms-appctx.xml, classpath:/mail-context.xml, classpath:/transaction-appctx.xml, classpath:/formatter-appctx.xml, classpath:/stp-appctx.xml, classpath:/aop-appctx.xml, classpath:/properties-appctx.xml}', classes = '{}', contextInitializerClasses = '[]', activeProfiles = '{}', contextLoader = 'org.springframework.test.context.support.DelegatingSmartContextLoader', parent = [null]]]; transaction manager [org.springframework.orm.jpa.JpaTransactionManager@5f5ca74d]; rollback [true]
2015-05-20 12:04:28,723  INFO [Test worker] (?:?) - violations:0
2015-05-20 12:04:28,724  INFO [Test worker] (TransactionalTestExecutionListener.java:298) - Rolled back transaction after test execution for test context [DefaultTestContext@306124d5 testClass = ProjectProviderCommandValidatorIntegrationSpec, testInstance = com.tim.one.validator.ProjectProviderCommandValidatorIntegrationSpec@39b934c3, testMethod = $spock_feature_0_0@ProjectProviderCommandValidatorIntegrationSpec, testException = [null], mergedContextConfiguration = [MergedContextConfiguration@2e370bd0 testClass = ProjectProviderCommandValidatorIntegrationSpec, locations = '{classpath:/services-appctx.xml, classpath:/persistence-appctx.xml, classpath:/jms-appctx.xml, classpath:/mail-context.xml, classpath:/transaction-appctx.xml, classpath:/formatter-appctx.xml, classpath:/stp-appctx.xml, classpath:/aop-appctx.xml, classpath:/properties-appctx.xml}', classes = '{}', contextInitializerClasses = '[]', activeProfiles = '{}', contextLoader = 'org.springframework.test.context.support.DelegatingSmartContextLoader', parent = [null]]]
2015-05-20 12:04:28,727  INFO [Test worker] (TransactionalTestExecutionListener.java:276) - Began transaction (2) for test context [DefaultTestContext@306124d5 testClass = ProjectProviderCommandValidatorIntegrationSpec, testInstance = com.tim.one.validator.ProjectProviderCommandValidatorIntegrationSpec@55c65df1, testMethod = $spock_feature_0_0@ProjectProviderCommandValidatorIntegrationSpec, testException = [null], mergedContextConfiguration = [MergedContextConfiguration@2e370bd0 testClass = ProjectProviderCommandValidatorIntegrationSpec, locations = '{classpath:/services-appctx.xml, classpath:/persistence-appctx.xml, classpath:/jms-appctx.xml, classpath:/mail-context.xml, classpath:/transaction-appctx.xml, classpath:/formatter-appctx.xml, classpath:/stp-appctx.xml, classpath:/aop-appctx.xml, classpath:/properties-appctx.xml}', classes = '{}', contextInitializerClasses = '[]', activeProfiles = '{}', contextLoader = 'org.springframework.test.context.support.DelegatingSmartContextLoader', parent = [null]]]; transaction manager [org.springframework.orm.jpa.JpaTransactionManager@5f5ca74d]; rollback [true]
2015-05-20 12:04:28,735  INFO [Test worker] (?:?) - violations:2
2015-05-20 12:04:28,735  INFO [Test worker] (?:?) - field:projectUuid
2015-05-20 12:04:28,735  INFO [Test worker] (?:?) - message:size must be between 32 and 32
2015-05-20 12:04:28,736  INFO [Test worker] (TransactionalTestExecutionListener.java:298) - Rolled back transaction after test execution for test context [DefaultTestContext@306124d5 testClass = ProjectProviderCommandValidatorIntegrationSpec, testInstance = com.tim.one.validator.ProjectProviderCommandValidatorIntegrationSpec@55c65df1, testMethod = $spock_feature_0_0@ProjectProviderCommandValidatorIntegrationSpec, testException = [null], mergedContextConfiguration = [MergedContextConfiguration@2e370bd0 testClass = ProjectProviderCommandValidatorIntegrationSpec, locations = '{classpath:/services-appctx.xml, classpath:/persistence-appctx.xml, classpath:/jms-appctx.xml, classpath:/mail-context.xml, classpath:/transaction-appctx.xml, classpath:/formatter-appctx.xml, classpath:/stp-appctx.xml, classpath:/aop-appctx.xml, classpath:/properties-appctx.xml}', classes = '{}', contextInitializerClasses = '[]', activeProfiles = '{}', contextLoader = 'org.springframework.test.context.support.DelegatingSmartContextLoader', parent = [null]]]
2015-05-20 12:04:28,740  INFO [Test worker] (TransactionalTestExecutionListener.java:276) - Began transaction (3) for test context [DefaultTestContext@306124d5 testClass = ProjectProviderCommandValidatorIntegrationSpec, testInstance = com.tim.one.validator.ProjectProviderCommandValidatorIntegrationSpec@672d1d84, testMethod = $spock_feature_0_0@ProjectProviderCommandValidatorIntegrationSpec, testException = [null], mergedContextConfiguration = [MergedContextConfiguration@2e370bd0 testClass = ProjectProviderCommandValidatorIntegrationSpec, locations = '{classpath:/services-appctx.xml, classpath:/persistence-appctx.xml, classpath:/jms-appctx.xml, classpath:/mail-context.xml, classpath:/transaction-appctx.xml, classpath:/formatter-appctx.xml, classpath:/stp-appctx.xml, classpath:/aop-appctx.xml, classpath:/properties-appctx.xml}', classes = '{}', contextInitializerClasses = '[]', activeProfiles = '{}', contextLoader = 'org.springframework.test.context.support.DelegatingSmartContextLoader', parent = [null]]]; transaction manager [org.springframework.orm.jpa.JpaTransactionManager@5f5ca74d]; rollback [true]
2015-05-20 12:04:28,747  INFO [Test worker] (?:?) - violations:1
2015-05-20 12:04:28,747  INFO [Test worker] (?:?) - field:projectUuid
2015-05-20 12:04:28,747  INFO [Test worker] (?:?) - message:size must be between 32 and 32
2015-05-20 12:04:28,748  INFO [Test worker] (TransactionalTestExecutionListener.java:298) - Rolled back transaction after test execution for test context [DefaultTestContext@306124d5 testClass = ProjectProviderCommandValidatorIntegrationSpec, testInstance = com.tim.one.validator.ProjectProviderCommandValidatorIntegrationSpec@672d1d84, testMethod = $spock_feature_0_0@ProjectProviderCommandValidatorIntegrationSpec, testException = [null], mergedContextConfiguration = [MergedContextConfiguration@2e370bd0 testClass = ProjectProviderCommandValidatorIntegrationSpec, locations = '{classpath:/services-appctx.xml, classpath:/persistence-appctx.xml, classpath:/jms-appctx.xml, classpath:/mail-context.xml, classpath:/transaction-appctx.xml, classpath:/formatter-appctx.xml, classpath:/stp-appctx.xml, classpath:/aop-appctx.xml, classpath:/properties-appctx.xml}', classes = '{}', contextInitializerClasses = '[]', activeProfiles = '{}', contextLoader = 'org.springframework.test.context.support.DelegatingSmartContextLoader', parent = [null]]]
2015-05-20 12:04:28,751  INFO [Test worker] (TransactionalTestExecutionListener.java:276) - Began transaction (4) for test context [DefaultTestContext@306124d5 testClass = ProjectProviderCommandValidatorIntegrationSpec, testInstance = com.tim.one.validator.ProjectProviderCommandValidatorIntegrationSpec@5c029f54, testMethod = $spock_feature_0_0@ProjectProviderCommandValidatorIntegrationSpec, testException = [null], mergedContextConfiguration = [MergedContextConfiguration@2e370bd0 testClass = ProjectProviderCommandValidatorIntegrationSpec, locations = '{classpath:/services-appctx.xml, classpath:/persistence-appctx.xml, classpath:/jms-appctx.xml, classpath:/mail-context.xml, classpath:/transaction-appctx.xml, classpath:/formatter-appctx.xml, classpath:/stp-appctx.xml, classpath:/aop-appctx.xml, classpath:/properties-appctx.xml}', classes = '{}', contextInitializerClasses = '[]', activeProfiles = '{}', contextLoader = 'org.springframework.test.context.support.DelegatingSmartContextLoader', parent = [null]]]; transaction manager [org.springframework.orm.jpa.JpaTransactionManager@5f5ca74d]; rollback [true]
2015-05-20 12:04:28,761  INFO [Test worker] (?:?) - violations:1
2015-05-20 12:04:28,761  INFO [Test worker] (?:?) - field:projectUuid
2015-05-20 12:04:28,761  INFO [Test worker] (?:?) - message:size must be between 32 and 32
2015-05-20 12:04:28,762  INFO [Test worker] (TransactionalTestExecutionListener.java:298) - Rolled back transaction after test execution for test context [DefaultTestContext@306124d5 testClass = ProjectProviderCommandValidatorIntegrationSpec, testInstance = com.tim.one.validator.ProjectProviderCommandValidatorIntegrationSpec@5c029f54, testMethod = $spock_feature_0_0@ProjectProviderCommandValidatorIntegrationSpec, testException = [null], mergedContextConfiguration = [MergedContextConfiguration@2e370bd0 testClass = ProjectProviderCommandValidatorIntegrationSpec, locations = '{classpath:/services-appctx.xml, classpath:/persistence-appctx.xml, classpath:/jms-appctx.xml, classpath:/mail-context.xml, classpath:/transaction-appctx.xml, classpath:/formatter-appctx.xml, classpath:/stp-appctx.xml, classpath:/aop-appctx.xml, classpath:/properties-appctx.xml}', classes = '{}', contextInitializerClasses = '[]', activeProfiles = '{}', contextLoader = 'org.springframework.test.context.support.DelegatingSmartContextLoader', parent = [null]]]
2015-05-20 12:04:28,765  INFO [Test worker] (TransactionalTestExecutionListener.java:276) - Began transaction (5) for test context [DefaultTestContext@306124d5 testClass = ProjectProviderCommandValidatorIntegrationSpec, testInstance = com.tim.one.validator.ProjectProviderCommandValidatorIntegrationSpec@488e197d, testMethod = $spock_feature_0_0@ProjectProviderCommandValidatorIntegrationSpec, testException = [null], mergedContextConfiguration = [MergedContextConfiguration@2e370bd0 testClass = ProjectProviderCommandValidatorIntegrationSpec, locations = '{classpath:/services-appctx.xml, classpath:/persistence-appctx.xml, classpath:/jms-appctx.xml, classpath:/mail-context.xml, classpath:/transaction-appctx.xml, classpath:/formatter-appctx.xml, classpath:/stp-appctx.xml, classpath:/aop-appctx.xml, classpath:/properties-appctx.xml}', classes = '{}', contextInitializerClasses = '[]', activeProfiles = '{}', contextLoader = 'org.springframework.test.context.support.DelegatingSmartContextLoader', parent = [null]]]; transaction manager [org.springframework.orm.jpa.JpaTransactionManager@5f5ca74d]; rollback [true]
2015-05-20 12:04:28,776  INFO [Test worker] (?:?) - violations:1
2015-05-20 12:04:28,776  INFO [Test worker] (?:?) - field:projectUuid
2015-05-20 12:04:28,777  INFO [Test worker] (?:?) - message:size must be between 32 and 32
2015-05-20 12:04:28,778  INFO [Test worker] (TransactionalTestExecutionListener.java:298) - Rolled back transaction after test execution for test context [DefaultTestContext@306124d5 testClass = ProjectProviderCommandValidatorIntegrationSpec, testInstance = com.tim.one.validator.ProjectProviderCommandValidatorIntegrationSpec@488e197d, testMethod = $spock_feature_0_0@ProjectProviderCommandValidatorIntegrationSpec, testException = [null], mergedContextConfiguration = [MergedContextConfiguration@2e370bd0 testClass = ProjectProviderCommandValidatorIntegrationSpec, locations = '{classpath:/services-appctx.xml, classpath:/persistence-appctx.xml, classpath:/jms-appctx.xml, classpath:/mail-context.xml, classpath:/transaction-appctx.xml, classpath:/formatter-appctx.xml, classpath:/stp-appctx.xml, classpath:/aop-appctx.xml, classpath:/properties-appctx.xml}', classes = '{}', contextInitializerClasses = '[]', activeProfiles = '{}', contextLoader = 'org.springframework.test.context.support.DelegatingSmartContextLoader', parent = [null]]]
2015-05-20 12:04:28,782  INFO [Test worker] (TransactionalTestExecutionListener.java:276) - Began transaction (6) for test context [DefaultTestContext@306124d5 testClass = ProjectProviderCommandValidatorIntegrationSpec, testInstance = com.tim.one.validator.ProjectProviderCommandValidatorIntegrationSpec@6c53ec84, testMethod = $spock_feature_0_0@ProjectProviderCommandValidatorIntegrationSpec, testException = [null], mergedContextConfiguration = [MergedContextConfiguration@2e370bd0 testClass = ProjectProviderCommandValidatorIntegrationSpec, locations = '{classpath:/services-appctx.xml, classpath:/persistence-appctx.xml, classpath:/jms-appctx.xml, classpath:/mail-context.xml, classpath:/transaction-appctx.xml, classpath:/formatter-appctx.xml, classpath:/stp-appctx.xml, classpath:/aop-appctx.xml, classpath:/properties-appctx.xml}', classes = '{}', contextInitializerClasses = '[]', activeProfiles = '{}', contextLoader = 'org.springframework.test.context.support.DelegatingSmartContextLoader', parent = [null]]]; transaction manager [org.springframework.orm.jpa.JpaTransactionManager@5f5ca74d]; rollback [true]
2015-05-20 12:04:28,792  INFO [Test worker] (?:?) - violations:1
2015-05-20 12:04:28,793  INFO [Test worker] (?:?) - field:projectUuid
2015-05-20 12:04:28,793  INFO [Test worker] (?:?) - message:may not be null
2015-05-20 12:04:28,794  INFO [Test worker] (TransactionalTestExecutionListener.java:298) - Rolled back transaction after test execution for test context [DefaultTestContext@306124d5 testClass = ProjectProviderCommandValidatorIntegrationSpec, testInstance = com.tim.one.validator.ProjectProviderCommandValidatorIntegrationSpec@6c53ec84, testMethod = $spock_feature_0_0@ProjectProviderCommandValidatorIntegrationSpec, testException = [null], mergedContextConfiguration = [MergedContextConfiguration@2e370bd0 testClass = ProjectProviderCommandValidatorIntegrationSpec, locations = '{classpath:/services-appctx.xml, classpath:/persistence-appctx.xml, classpath:/jms-appctx.xml, classpath:/mail-context.xml, classpath:/transaction-appctx.xml, classpath:/formatter-appctx.xml, classpath:/stp-appctx.xml, classpath:/aop-appctx.xml, classpath:/properties-appctx.xml}', classes = '{}', contextInitializerClasses = '[]', activeProfiles = '{}', contextLoader = 'org.springframework.test.context.support.DelegatingSmartContextLoader', parent = [null]]]
2015-05-20 12:04:28,798  INFO [Test worker] (TransactionalTestExecutionListener.java:276) - Began transaction (7) for test context [DefaultTestContext@306124d5 testClass = ProjectProviderCommandValidatorIntegrationSpec, testInstance = com.tim.one.validator.ProjectProviderCommandValidatorIntegrationSpec@7061ea2c, testMethod = $spock_feature_0_0@ProjectProviderCommandValidatorIntegrationSpec, testException = [null], mergedContextConfiguration = [MergedContextConfiguration@2e370bd0 testClass = ProjectProviderCommandValidatorIntegrationSpec, locations = '{classpath:/services-appctx.xml, classpath:/persistence-appctx.xml, classpath:/jms-appctx.xml, classpath:/mail-context.xml, classpath:/transaction-appctx.xml, classpath:/formatter-appctx.xml, classpath:/stp-appctx.xml, classpath:/aop-appctx.xml, classpath:/properties-appctx.xml}', classes = '{}', contextInitializerClasses = '[]', activeProfiles = '{}', contextLoader = 'org.springframework.test.context.support.DelegatingSmartContextLoader', parent = [null]]]; transaction manager [org.springframework.orm.jpa.JpaTransactionManager@5f5ca74d]; rollback [true]
2015-05-20 12:04:28,809  INFO [Test worker] (?:?) - violations:1
2015-05-20 12:04:28,810  INFO [Test worker] (?:?) - field:projectProvider
2015-05-20 12:04:28,810  INFO [Test worker] (?:?) - message:size must be between 20 and 1000
2015-05-20 12:04:28,811  INFO [Test worker] (TransactionalTestExecutionListener.java:298) - Rolled back transaction after test execution for test context [DefaultTestContext@306124d5 testClass = ProjectProviderCommandValidatorIntegrationSpec, testInstance = com.tim.one.validator.ProjectProviderCommandValidatorIntegrationSpec@7061ea2c, testMethod = $spock_feature_0_0@ProjectProviderCommandValidatorIntegrationSpec, testException = [null], mergedContextConfiguration = [MergedContextConfiguration@2e370bd0 testClass = ProjectProviderCommandValidatorIntegrationSpec, locations = '{classpath:/services-appctx.xml, classpath:/persistence-appctx.xml, classpath:/jms-appctx.xml, classpath:/mail-context.xml, classpath:/transaction-appctx.xml, classpath:/formatter-appctx.xml, classpath:/stp-appctx.xml, classpath:/aop-appctx.xml, classpath:/properties-appctx.xml}', classes = '{}', contextInitializerClasses = '[]', activeProfiles = '{}', contextLoader = 'org.springframework.test.context.support.DelegatingSmartContextLoader', parent = [null]]]
2015-05-20 12:04:28,815  INFO [Test worker] (TransactionalTestExecutionListener.java:276) - Began transaction (8) for test context [DefaultTestContext@306124d5 testClass = ProjectProviderCommandValidatorIntegrationSpec, testInstance = com.tim.one.validator.ProjectProviderCommandValidatorIntegrationSpec@71b4c155, testMethod = $spock_feature_0_0@ProjectProviderCommandValidatorIntegrationSpec, testException = [null], mergedContextConfiguration = [MergedContextConfiguration@2e370bd0 testClass = ProjectProviderCommandValidatorIntegrationSpec, locations = '{classpath:/services-appctx.xml, classpath:/persistence-appctx.xml, classpath:/jms-appctx.xml, classpath:/mail-context.xml, classpath:/transaction-appctx.xml, classpath:/formatter-appctx.xml, classpath:/stp-appctx.xml, classpath:/aop-appctx.xml, classpath:/properties-appctx.xml}', classes = '{}', contextInitializerClasses = '[]', activeProfiles = '{}', contextLoader = 'org.springframework.test.context.support.DelegatingSmartContextLoader', parent = [null]]]; transaction manager [org.springframework.orm.jpa.JpaTransactionManager@5f5ca74d]; rollback [true]
2015-05-20 12:04:28,825  INFO [Test worker] (?:?) - violations:1
2015-05-20 12:04:28,825  INFO [Test worker] (?:?) - field:projectProvider
2015-05-20 12:04:28,826  INFO [Test worker] (?:?) - message:may not be null
2015-05-20 12:04:28,826  INFO [Test worker] (TransactionalTestExecutionListener.java:298) - Rolled back transaction after test execution for test context [DefaultTestContext@306124d5 testClass = ProjectProviderCommandValidatorIntegrationSpec, testInstance = com.tim.one.validator.ProjectProviderCommandValidatorIntegrationSpec@71b4c155, testMethod = $spock_feature_0_0@ProjectProviderCommandValidatorIntegrationSpec, testException = [null], mergedContextConfiguration = [MergedContextConfiguration@2e370bd0 testClass = ProjectProviderCommandValidatorIntegrationSpec, locations = '{classpath:/services-appctx.xml, classpath:/persistence-appctx.xml, classpath:/jms-appctx.xml, classpath:/mail-context.xml, classpath:/transaction-appctx.xml, classpath:/formatter-appctx.xml, classpath:/stp-appctx.xml, classpath:/aop-appctx.xml, classpath:/properties-appctx.xml}', classes = '{}', contextInitializerClasses = '[]', activeProfiles = '{}', contextLoader = 'org.springframework.test.context.support.DelegatingSmartContextLoader', parent = [null]]]
]]></system-out>
  <system-err><![CDATA[]]></system-err>
</testsuite>
