<?xml version="1.0" encoding="UTF-8"?>
<testsuite name="com.tim.one.validator.StpConfirmOrderCommandValidatorIntegrationSpec" tests="9" skipped="0" failures="0" errors="0" timestamp="2015-05-20T17:04:30" hostname="josdem-Inspiron-5420" time="0.125">
  <properties/>
  <testcase name="When we have an transaction with 1 as id, and clave rastreo as 123 and &#10;      timestamp 1 and estado as 0 and  &#10;&#9;&#9;&#9;when we validate we expecting that result is: true" classname="com.tim.one.validator.StpConfirmOrderCommandValidatorIntegrationSpec" time="0.026"/>
  <testcase name="When we have an transaction with 0 as id, and clave rastreo as 123 and &#10;      timestamp 1 and estado as 0 and  &#10;&#9;&#9;&#9;when we validate we expecting that result is: false" classname="com.tim.one.validator.StpConfirmOrderCommandValidatorIntegrationSpec" time="0.01"/>
  <testcase name="When we have an transaction with null as id, and clave rastreo as 123 and &#10;      timestamp 1 and estado as 0 and  &#10;&#9;&#9;&#9;when we validate we expecting that result is: false" classname="com.tim.one.validator.StpConfirmOrderCommandValidatorIntegrationSpec" time="0.01"/>
  <testcase name="When we have an transaction with 1 as id, and clave rastreo as 0 and &#10;      timestamp 1 and estado as 0 and  &#10;&#9;&#9;&#9;when we validate we expecting that result is: false" classname="com.tim.one.validator.StpConfirmOrderCommandValidatorIntegrationSpec" time="0.011"/>
  <testcase name="When we have an transaction with 1 as id, and clave rastreo as null and &#10;      timestamp 1 and estado as 0 and  &#10;&#9;&#9;&#9;when we validate we expecting that result is: false" classname="com.tim.one.validator.StpConfirmOrderCommandValidatorIntegrationSpec" time="0.011"/>
  <testcase name="When we have an transaction with 1 as id, and clave rastreo as 123 and &#10;      timestamp 0 and estado as 0 and  &#10;&#9;&#9;&#9;when we validate we expecting that result is: false" classname="com.tim.one.validator.StpConfirmOrderCommandValidatorIntegrationSpec" time="0.016"/>
  <testcase name="When we have an transaction with 1 as id, and clave rastreo as 123 and &#10;      timestamp null and estado as 0 and  &#10;&#9;&#9;&#9;when we validate we expecting that result is: false" classname="com.tim.one.validator.StpConfirmOrderCommandValidatorIntegrationSpec" time="0.016"/>
  <testcase name="When we have an transaction with 1 as id, and clave rastreo as 123 and &#10;      timestamp 1 and estado as 1 and  &#10;&#9;&#9;&#9;when we validate we expecting that result is: true" classname="com.tim.one.validator.StpConfirmOrderCommandValidatorIntegrationSpec" time="0.01"/>
  <testcase name="When we have an transaction with 1 as id, and clave rastreo as 123 and &#10;      timestamp 1 and estado as 2 and  &#10;&#9;&#9;&#9;when we validate we expecting that result is: false" classname="com.tim.one.validator.StpConfirmOrderCommandValidatorIntegrationSpec" time="0.01"/>
  <system-out><![CDATA[2015-05-20 12:04:30,092 DEBUG [Test worker] (AbstractFallbackTransactionAttributeSource.java:108) - Adding transactional method 'StpConfirmOrderCommandValidatorIntegrationSpec.$spock_feature_0_0' with attribute: PROPAGATION_REQUIRED,ISOLATION_DEFAULT; ''
2015-05-20 12:04:30,094  INFO [Test worker] (TransactionalTestExecutionListener.java:276) - Began transaction (1) for test context [DefaultTestContext@7ee254ff testClass = StpConfirmOrderCommandValidatorIntegrationSpec, testInstance = com.tim.one.validator.StpConfirmOrderCommandValidatorIntegrationSpec@3d3a726d, testMethod = $spock_feature_0_0@StpConfirmOrderCommandValidatorIntegrationSpec, testException = [null], mergedContextConfiguration = [MergedContextConfiguration@482e7182 testClass = StpConfirmOrderCommandValidatorIntegrationSpec, locations = '{classpath:/services-appctx.xml, classpath:/persistence-appctx.xml, classpath:/jms-appctx.xml, classpath:/mail-context.xml, classpath:/transaction-appctx.xml, classpath:/formatter-appctx.xml, classpath:/stp-appctx.xml, classpath:/aop-appctx.xml, classpath:/properties-appctx.xml}', classes = '{}', contextInitializerClasses = '[]', activeProfiles = '{}', contextLoader = 'org.springframework.test.context.support.DelegatingSmartContextLoader', parent = [null]]]; transaction manager [org.springframework.orm.jpa.JpaTransactionManager@5f5ca74d]; rollback [true]
2015-05-20 12:04:30,104  INFO [Test worker] (?:?) - violations:0
2015-05-20 12:04:30,105  INFO [Test worker] (TransactionalTestExecutionListener.java:298) - Rolled back transaction after test execution for test context [DefaultTestContext@7ee254ff testClass = StpConfirmOrderCommandValidatorIntegrationSpec, testInstance = com.tim.one.validator.StpConfirmOrderCommandValidatorIntegrationSpec@3d3a726d, testMethod = $spock_feature_0_0@StpConfirmOrderCommandValidatorIntegrationSpec, testException = [null], mergedContextConfiguration = [MergedContextConfiguration@482e7182 testClass = StpConfirmOrderCommandValidatorIntegrationSpec, locations = '{classpath:/services-appctx.xml, classpath:/persistence-appctx.xml, classpath:/jms-appctx.xml, classpath:/mail-context.xml, classpath:/transaction-appctx.xml, classpath:/formatter-appctx.xml, classpath:/stp-appctx.xml, classpath:/aop-appctx.xml, classpath:/properties-appctx.xml}', classes = '{}', contextInitializerClasses = '[]', activeProfiles = '{}', contextLoader = 'org.springframework.test.context.support.DelegatingSmartContextLoader', parent = [null]]]
2015-05-20 12:04:30,108  INFO [Test worker] (TransactionalTestExecutionListener.java:276) - Began transaction (2) for test context [DefaultTestContext@7ee254ff testClass = StpConfirmOrderCommandValidatorIntegrationSpec, testInstance = com.tim.one.validator.StpConfirmOrderCommandValidatorIntegrationSpec@35448c0d, testMethod = $spock_feature_0_0@StpConfirmOrderCommandValidatorIntegrationSpec, testException = [null], mergedContextConfiguration = [MergedContextConfiguration@482e7182 testClass = StpConfirmOrderCommandValidatorIntegrationSpec, locations = '{classpath:/services-appctx.xml, classpath:/persistence-appctx.xml, classpath:/jms-appctx.xml, classpath:/mail-context.xml, classpath:/transaction-appctx.xml, classpath:/formatter-appctx.xml, classpath:/stp-appctx.xml, classpath:/aop-appctx.xml, classpath:/properties-appctx.xml}', classes = '{}', contextInitializerClasses = '[]', activeProfiles = '{}', contextLoader = 'org.springframework.test.context.support.DelegatingSmartContextLoader', parent = [null]]]; transaction manager [org.springframework.orm.jpa.JpaTransactionManager@5f5ca74d]; rollback [true]
2015-05-20 12:04:30,114  INFO [Test worker] (?:?) - violations:1
2015-05-20 12:04:30,114  INFO [Test worker] (?:?) - field:id
2015-05-20 12:04:30,115  INFO [Test worker] (?:?) - message:must be greater than or equal to 1
2015-05-20 12:04:30,116  INFO [Test worker] (TransactionalTestExecutionListener.java:298) - Rolled back transaction after test execution for test context [DefaultTestContext@7ee254ff testClass = StpConfirmOrderCommandValidatorIntegrationSpec, testInstance = com.tim.one.validator.StpConfirmOrderCommandValidatorIntegrationSpec@35448c0d, testMethod = $spock_feature_0_0@StpConfirmOrderCommandValidatorIntegrationSpec, testException = [null], mergedContextConfiguration = [MergedContextConfiguration@482e7182 testClass = StpConfirmOrderCommandValidatorIntegrationSpec, locations = '{classpath:/services-appctx.xml, classpath:/persistence-appctx.xml, classpath:/jms-appctx.xml, classpath:/mail-context.xml, classpath:/transaction-appctx.xml, classpath:/formatter-appctx.xml, classpath:/stp-appctx.xml, classpath:/aop-appctx.xml, classpath:/properties-appctx.xml}', classes = '{}', contextInitializerClasses = '[]', activeProfiles = '{}', contextLoader = 'org.springframework.test.context.support.DelegatingSmartContextLoader', parent = [null]]]
2015-05-20 12:04:30,119  INFO [Test worker] (TransactionalTestExecutionListener.java:276) - Began transaction (3) for test context [DefaultTestContext@7ee254ff testClass = StpConfirmOrderCommandValidatorIntegrationSpec, testInstance = com.tim.one.validator.StpConfirmOrderCommandValidatorIntegrationSpec@a5ab6cd, testMethod = $spock_feature_0_0@StpConfirmOrderCommandValidatorIntegrationSpec, testException = [null], mergedContextConfiguration = [MergedContextConfiguration@482e7182 testClass = StpConfirmOrderCommandValidatorIntegrationSpec, locations = '{classpath:/services-appctx.xml, classpath:/persistence-appctx.xml, classpath:/jms-appctx.xml, classpath:/mail-context.xml, classpath:/transaction-appctx.xml, classpath:/formatter-appctx.xml, classpath:/stp-appctx.xml, classpath:/aop-appctx.xml, classpath:/properties-appctx.xml}', classes = '{}', contextInitializerClasses = '[]', activeProfiles = '{}', contextLoader = 'org.springframework.test.context.support.DelegatingSmartContextLoader', parent = [null]]]; transaction manager [org.springframework.orm.jpa.JpaTransactionManager@5f5ca74d]; rollback [true]
2015-05-20 12:04:30,125  INFO [Test worker] (?:?) - violations:1
2015-05-20 12:04:30,125  INFO [Test worker] (?:?) - field:id
2015-05-20 12:04:30,125  INFO [Test worker] (?:?) - message:may not be null
2015-05-20 12:04:30,126  INFO [Test worker] (TransactionalTestExecutionListener.java:298) - Rolled back transaction after test execution for test context [DefaultTestContext@7ee254ff testClass = StpConfirmOrderCommandValidatorIntegrationSpec, testInstance = com.tim.one.validator.StpConfirmOrderCommandValidatorIntegrationSpec@a5ab6cd, testMethod = $spock_feature_0_0@StpConfirmOrderCommandValidatorIntegrationSpec, testException = [null], mergedContextConfiguration = [MergedContextConfiguration@482e7182 testClass = StpConfirmOrderCommandValidatorIntegrationSpec, locations = '{classpath:/services-appctx.xml, classpath:/persistence-appctx.xml, classpath:/jms-appctx.xml, classpath:/mail-context.xml, classpath:/transaction-appctx.xml, classpath:/formatter-appctx.xml, classpath:/stp-appctx.xml, classpath:/aop-appctx.xml, classpath:/properties-appctx.xml}', classes = '{}', contextInitializerClasses = '[]', activeProfiles = '{}', contextLoader = 'org.springframework.test.context.support.DelegatingSmartContextLoader', parent = [null]]]
2015-05-20 12:04:30,129  INFO [Test worker] (TransactionalTestExecutionListener.java:276) - Began transaction (4) for test context [DefaultTestContext@7ee254ff testClass = StpConfirmOrderCommandValidatorIntegrationSpec, testInstance = com.tim.one.validator.StpConfirmOrderCommandValidatorIntegrationSpec@29f4f5d1, testMethod = $spock_feature_0_0@StpConfirmOrderCommandValidatorIntegrationSpec, testException = [null], mergedContextConfiguration = [MergedContextConfiguration@482e7182 testClass = StpConfirmOrderCommandValidatorIntegrationSpec, locations = '{classpath:/services-appctx.xml, classpath:/persistence-appctx.xml, classpath:/jms-appctx.xml, classpath:/mail-context.xml, classpath:/transaction-appctx.xml, classpath:/formatter-appctx.xml, classpath:/stp-appctx.xml, classpath:/aop-appctx.xml, classpath:/properties-appctx.xml}', classes = '{}', contextInitializerClasses = '[]', activeProfiles = '{}', contextLoader = 'org.springframework.test.context.support.DelegatingSmartContextLoader', parent = [null]]]; transaction manager [org.springframework.orm.jpa.JpaTransactionManager@5f5ca74d]; rollback [true]
2015-05-20 12:04:30,137  INFO [Test worker] (?:?) - violations:1
2015-05-20 12:04:30,137  INFO [Test worker] (?:?) - field:claveRastreo
2015-05-20 12:04:30,137  INFO [Test worker] (?:?) - message:must be greater than or equal to 1
2015-05-20 12:04:30,138  INFO [Test worker] (TransactionalTestExecutionListener.java:298) - Rolled back transaction after test execution for test context [DefaultTestContext@7ee254ff testClass = StpConfirmOrderCommandValidatorIntegrationSpec, testInstance = com.tim.one.validator.StpConfirmOrderCommandValidatorIntegrationSpec@29f4f5d1, testMethod = $spock_feature_0_0@StpConfirmOrderCommandValidatorIntegrationSpec, testException = [null], mergedContextConfiguration = [MergedContextConfiguration@482e7182 testClass = StpConfirmOrderCommandValidatorIntegrationSpec, locations = '{classpath:/services-appctx.xml, classpath:/persistence-appctx.xml, classpath:/jms-appctx.xml, classpath:/mail-context.xml, classpath:/transaction-appctx.xml, classpath:/formatter-appctx.xml, classpath:/stp-appctx.xml, classpath:/aop-appctx.xml, classpath:/properties-appctx.xml}', classes = '{}', contextInitializerClasses = '[]', activeProfiles = '{}', contextLoader = 'org.springframework.test.context.support.DelegatingSmartContextLoader', parent = [null]]]
2015-05-20 12:04:30,141  INFO [Test worker] (TransactionalTestExecutionListener.java:276) - Began transaction (5) for test context [DefaultTestContext@7ee254ff testClass = StpConfirmOrderCommandValidatorIntegrationSpec, testInstance = com.tim.one.validator.StpConfirmOrderCommandValidatorIntegrationSpec@57781f5a, testMethod = $spock_feature_0_0@StpConfirmOrderCommandValidatorIntegrationSpec, testException = [null], mergedContextConfiguration = [MergedContextConfiguration@482e7182 testClass = StpConfirmOrderCommandValidatorIntegrationSpec, locations = '{classpath:/services-appctx.xml, classpath:/persistence-appctx.xml, classpath:/jms-appctx.xml, classpath:/mail-context.xml, classpath:/transaction-appctx.xml, classpath:/formatter-appctx.xml, classpath:/stp-appctx.xml, classpath:/aop-appctx.xml, classpath:/properties-appctx.xml}', classes = '{}', contextInitializerClasses = '[]', activeProfiles = '{}', contextLoader = 'org.springframework.test.context.support.DelegatingSmartContextLoader', parent = [null]]]; transaction manager [org.springframework.orm.jpa.JpaTransactionManager@5f5ca74d]; rollback [true]
2015-05-20 12:04:30,148  INFO [Test worker] (?:?) - violations:1
2015-05-20 12:04:30,148  INFO [Test worker] (?:?) - field:claveRastreo
2015-05-20 12:04:30,148  INFO [Test worker] (?:?) - message:may not be null
2015-05-20 12:04:30,149  INFO [Test worker] (TransactionalTestExecutionListener.java:298) - Rolled back transaction after test execution for test context [DefaultTestContext@7ee254ff testClass = StpConfirmOrderCommandValidatorIntegrationSpec, testInstance = com.tim.one.validator.StpConfirmOrderCommandValidatorIntegrationSpec@57781f5a, testMethod = $spock_feature_0_0@StpConfirmOrderCommandValidatorIntegrationSpec, testException = [null], mergedContextConfiguration = [MergedContextConfiguration@482e7182 testClass = StpConfirmOrderCommandValidatorIntegrationSpec, locations = '{classpath:/services-appctx.xml, classpath:/persistence-appctx.xml, classpath:/jms-appctx.xml, classpath:/mail-context.xml, classpath:/transaction-appctx.xml, classpath:/formatter-appctx.xml, classpath:/stp-appctx.xml, classpath:/aop-appctx.xml, classpath:/properties-appctx.xml}', classes = '{}', contextInitializerClasses = '[]', activeProfiles = '{}', contextLoader = 'org.springframework.test.context.support.DelegatingSmartContextLoader', parent = [null]]]
2015-05-20 12:04:30,154  INFO [Test worker] (TransactionalTestExecutionListener.java:276) - Began transaction (6) for test context [DefaultTestContext@7ee254ff testClass = StpConfirmOrderCommandValidatorIntegrationSpec, testInstance = com.tim.one.validator.StpConfirmOrderCommandValidatorIntegrationSpec@2e4f6cf1, testMethod = $spock_feature_0_0@StpConfirmOrderCommandValidatorIntegrationSpec, testException = [null], mergedContextConfiguration = [MergedContextConfiguration@482e7182 testClass = StpConfirmOrderCommandValidatorIntegrationSpec, locations = '{classpath:/services-appctx.xml, classpath:/persistence-appctx.xml, classpath:/jms-appctx.xml, classpath:/mail-context.xml, classpath:/transaction-appctx.xml, classpath:/formatter-appctx.xml, classpath:/stp-appctx.xml, classpath:/aop-appctx.xml, classpath:/properties-appctx.xml}', classes = '{}', contextInitializerClasses = '[]', activeProfiles = '{}', contextLoader = 'org.springframework.test.context.support.DelegatingSmartContextLoader', parent = [null]]]; transaction manager [org.springframework.orm.jpa.JpaTransactionManager@5f5ca74d]; rollback [true]
2015-05-20 12:04:30,165  INFO [Test worker] (?:?) - violations:1
2015-05-20 12:04:30,165  INFO [Test worker] (?:?) - field:timestamp
2015-05-20 12:04:30,165  INFO [Test worker] (?:?) - message:must be greater than or equal to 1
2015-05-20 12:04:30,166  INFO [Test worker] (TransactionalTestExecutionListener.java:298) - Rolled back transaction after test execution for test context [DefaultTestContext@7ee254ff testClass = StpConfirmOrderCommandValidatorIntegrationSpec, testInstance = com.tim.one.validator.StpConfirmOrderCommandValidatorIntegrationSpec@2e4f6cf1, testMethod = $spock_feature_0_0@StpConfirmOrderCommandValidatorIntegrationSpec, testException = [null], mergedContextConfiguration = [MergedContextConfiguration@482e7182 testClass = StpConfirmOrderCommandValidatorIntegrationSpec, locations = '{classpath:/services-appctx.xml, classpath:/persistence-appctx.xml, classpath:/jms-appctx.xml, classpath:/mail-context.xml, classpath:/transaction-appctx.xml, classpath:/formatter-appctx.xml, classpath:/stp-appctx.xml, classpath:/aop-appctx.xml, classpath:/properties-appctx.xml}', classes = '{}', contextInitializerClasses = '[]', activeProfiles = '{}', contextLoader = 'org.springframework.test.context.support.DelegatingSmartContextLoader', parent = [null]]]
2015-05-20 12:04:30,170  INFO [Test worker] (TransactionalTestExecutionListener.java:276) - Began transaction (7) for test context [DefaultTestContext@7ee254ff testClass = StpConfirmOrderCommandValidatorIntegrationSpec, testInstance = com.tim.one.validator.StpConfirmOrderCommandValidatorIntegrationSpec@5602e0d5, testMethod = $spock_feature_0_0@StpConfirmOrderCommandValidatorIntegrationSpec, testException = [null], mergedContextConfiguration = [MergedContextConfiguration@482e7182 testClass = StpConfirmOrderCommandValidatorIntegrationSpec, locations = '{classpath:/services-appctx.xml, classpath:/persistence-appctx.xml, classpath:/jms-appctx.xml, classpath:/mail-context.xml, classpath:/transaction-appctx.xml, classpath:/formatter-appctx.xml, classpath:/stp-appctx.xml, classpath:/aop-appctx.xml, classpath:/properties-appctx.xml}', classes = '{}', contextInitializerClasses = '[]', activeProfiles = '{}', contextLoader = 'org.springframework.test.context.support.DelegatingSmartContextLoader', parent = [null]]]; transaction manager [org.springframework.orm.jpa.JpaTransactionManager@5f5ca74d]; rollback [true]
2015-05-20 12:04:30,181  INFO [Test worker] (?:?) - violations:1
2015-05-20 12:04:30,182  INFO [Test worker] (?:?) - field:timestamp
2015-05-20 12:04:30,182  INFO [Test worker] (?:?) - message:may not be null
2015-05-20 12:04:30,183  INFO [Test worker] (TransactionalTestExecutionListener.java:298) - Rolled back transaction after test execution for test context [DefaultTestContext@7ee254ff testClass = StpConfirmOrderCommandValidatorIntegrationSpec, testInstance = com.tim.one.validator.StpConfirmOrderCommandValidatorIntegrationSpec@5602e0d5, testMethod = $spock_feature_0_0@StpConfirmOrderCommandValidatorIntegrationSpec, testException = [null], mergedContextConfiguration = [MergedContextConfiguration@482e7182 testClass = StpConfirmOrderCommandValidatorIntegrationSpec, locations = '{classpath:/services-appctx.xml, classpath:/persistence-appctx.xml, classpath:/jms-appctx.xml, classpath:/mail-context.xml, classpath:/transaction-appctx.xml, classpath:/formatter-appctx.xml, classpath:/stp-appctx.xml, classpath:/aop-appctx.xml, classpath:/properties-appctx.xml}', classes = '{}', contextInitializerClasses = '[]', activeProfiles = '{}', contextLoader = 'org.springframework.test.context.support.DelegatingSmartContextLoader', parent = [null]]]
2015-05-20 12:04:30,186  INFO [Test worker] (TransactionalTestExecutionListener.java:276) - Began transaction (8) for test context [DefaultTestContext@7ee254ff testClass = StpConfirmOrderCommandValidatorIntegrationSpec, testInstance = com.tim.one.validator.StpConfirmOrderCommandValidatorIntegrationSpec@7a47ea5a, testMethod = $spock_feature_0_0@StpConfirmOrderCommandValidatorIntegrationSpec, testException = [null], mergedContextConfiguration = [MergedContextConfiguration@482e7182 testClass = StpConfirmOrderCommandValidatorIntegrationSpec, locations = '{classpath:/services-appctx.xml, classpath:/persistence-appctx.xml, classpath:/jms-appctx.xml, classpath:/mail-context.xml, classpath:/transaction-appctx.xml, classpath:/formatter-appctx.xml, classpath:/stp-appctx.xml, classpath:/aop-appctx.xml, classpath:/properties-appctx.xml}', classes = '{}', contextInitializerClasses = '[]', activeProfiles = '{}', contextLoader = 'org.springframework.test.context.support.DelegatingSmartContextLoader', parent = [null]]]; transaction manager [org.springframework.orm.jpa.JpaTransactionManager@5f5ca74d]; rollback [true]
2015-05-20 12:04:30,193  INFO [Test worker] (?:?) - violations:0
2015-05-20 12:04:30,194  INFO [Test worker] (TransactionalTestExecutionListener.java:298) - Rolled back transaction after test execution for test context [DefaultTestContext@7ee254ff testClass = StpConfirmOrderCommandValidatorIntegrationSpec, testInstance = com.tim.one.validator.StpConfirmOrderCommandValidatorIntegrationSpec@7a47ea5a, testMethod = $spock_feature_0_0@StpConfirmOrderCommandValidatorIntegrationSpec, testException = [null], mergedContextConfiguration = [MergedContextConfiguration@482e7182 testClass = StpConfirmOrderCommandValidatorIntegrationSpec, locations = '{classpath:/services-appctx.xml, classpath:/persistence-appctx.xml, classpath:/jms-appctx.xml, classpath:/mail-context.xml, classpath:/transaction-appctx.xml, classpath:/formatter-appctx.xml, classpath:/stp-appctx.xml, classpath:/aop-appctx.xml, classpath:/properties-appctx.xml}', classes = '{}', contextInitializerClasses = '[]', activeProfiles = '{}', contextLoader = 'org.springframework.test.context.support.DelegatingSmartContextLoader', parent = [null]]]
2015-05-20 12:04:30,196  INFO [Test worker] (TransactionalTestExecutionListener.java:276) - Began transaction (9) for test context [DefaultTestContext@7ee254ff testClass = StpConfirmOrderCommandValidatorIntegrationSpec, testInstance = com.tim.one.validator.StpConfirmOrderCommandValidatorIntegrationSpec@22c277b1, testMethod = $spock_feature_0_0@StpConfirmOrderCommandValidatorIntegrationSpec, testException = [null], mergedContextConfiguration = [MergedContextConfiguration@482e7182 testClass = StpConfirmOrderCommandValidatorIntegrationSpec, locations = '{classpath:/services-appctx.xml, classpath:/persistence-appctx.xml, classpath:/jms-appctx.xml, classpath:/mail-context.xml, classpath:/transaction-appctx.xml, classpath:/formatter-appctx.xml, classpath:/stp-appctx.xml, classpath:/aop-appctx.xml, classpath:/properties-appctx.xml}', classes = '{}', contextInitializerClasses = '[]', activeProfiles = '{}', contextLoader = 'org.springframework.test.context.support.DelegatingSmartContextLoader', parent = [null]]]; transaction manager [org.springframework.orm.jpa.JpaTransactionManager@5f5ca74d]; rollback [true]
2015-05-20 12:04:30,203  INFO [Test worker] (?:?) - violations:1
2015-05-20 12:04:30,203  INFO [Test worker] (?:?) - field:estado
2015-05-20 12:04:30,203  INFO [Test worker] (?:?) - message:must be between 0 and 1
2015-05-20 12:04:30,204  INFO [Test worker] (TransactionalTestExecutionListener.java:298) - Rolled back transaction after test execution for test context [DefaultTestContext@7ee254ff testClass = StpConfirmOrderCommandValidatorIntegrationSpec, testInstance = com.tim.one.validator.StpConfirmOrderCommandValidatorIntegrationSpec@22c277b1, testMethod = $spock_feature_0_0@StpConfirmOrderCommandValidatorIntegrationSpec, testException = [null], mergedContextConfiguration = [MergedContextConfiguration@482e7182 testClass = StpConfirmOrderCommandValidatorIntegrationSpec, locations = '{classpath:/services-appctx.xml, classpath:/persistence-appctx.xml, classpath:/jms-appctx.xml, classpath:/mail-context.xml, classpath:/transaction-appctx.xml, classpath:/formatter-appctx.xml, classpath:/stp-appctx.xml, classpath:/aop-appctx.xml, classpath:/properties-appctx.xml}', classes = '{}', contextInitializerClasses = '[]', activeProfiles = '{}', contextLoader = 'org.springframework.test.context.support.DelegatingSmartContextLoader', parent = [null]]]
]]></system-out>
  <system-err><![CDATA[]]></system-err>
</testsuite>
