<?xml version="1.0" encoding="UTF-8"?>
<testsuite name="com.tim.one.validator.ProjectRateCommandValidatorIntegrationSpec" tests="13" skipped="0" failures="0" errors="0" timestamp="2015-05-20T17:04:30" hostname="josdem-Inspiron-5420" time="0.196">
  <properties/>
  <testcase name="When we have an project with uuid 20217fff737f45239efefe73c12187e3, and user with id 9fd1e45f77894f3f862a53b21190b857 and score 0 and &#10;  when we validate we expecting that result is: true" classname="com.tim.one.validator.ProjectRateCommandValidatorIntegrationSpec" time="0.031"/>
  <testcase name="When we have an project with uuid 20217fff737f45239efefe73c12187e3, and user with id &lt;script&gt;alert('hello josdem')&lt;/script&gt; and score 0 and &#10;  when we validate we expecting that result is: false" classname="com.tim.one.validator.ProjectRateCommandValidatorIntegrationSpec" time="0.014"/>
  <testcase name="When we have an project with uuid 20217fff737f45239efefe73c12187e3, and user with id 9fd1e45f77894f3f862a53b21190b857e and score 0 and &#10;  when we validate we expecting that result is: false" classname="com.tim.one.validator.ProjectRateCommandValidatorIntegrationSpec" time="0.014"/>
  <testcase name="When we have an project with uuid 20217fff737f45239efefe73c12187e3, and user with id 9fd1e45f77894f3f862a53b21190b85 and score 0 and &#10;  when we validate we expecting that result is: false" classname="com.tim.one.validator.ProjectRateCommandValidatorIntegrationSpec" time="0.014"/>
  <testcase name="When we have an project with uuid 20217fff737f45239efefe73c12187e3, and user with id  and score 0 and &#10;  when we validate we expecting that result is: false" classname="com.tim.one.validator.ProjectRateCommandValidatorIntegrationSpec" time="0.015"/>
  <testcase name="When we have an project with uuid &lt;script&gt;alert('hello josdem')&lt;/script&gt;, and user with id 9fd1e45f77894f3f862a53b21190b857 and score 0 and &#10;  when we validate we expecting that result is: false" classname="com.tim.one.validator.ProjectRateCommandValidatorIntegrationSpec" time="0.016"/>
  <testcase name="When we have an project with uuid 20217fff737f45239efefe73c12187e, and user with id 9fd1e45f77894f3f862a53b21190b857 and score 0 and &#10;  when we validate we expecting that result is: false" classname="com.tim.one.validator.ProjectRateCommandValidatorIntegrationSpec" time="0.014"/>
  <testcase name="When we have an project with uuid 20217fff737f45239efefe73c12187e3e, and user with id 9fd1e45f77894f3f862a53b21190b857 and score 0 and &#10;  when we validate we expecting that result is: false" classname="com.tim.one.validator.ProjectRateCommandValidatorIntegrationSpec" time="0.015"/>
  <testcase name="When we have an project with uuid null, and user with id 9fd1e45f77894f3f862a53b21190b857 and score 0 and &#10;  when we validate we expecting that result is: false" classname="com.tim.one.validator.ProjectRateCommandValidatorIntegrationSpec" time="0.01"/>
  <testcase name="When we have an project with uuid 20217fff737f45239efefe73c12187e3, and user with id null and score 0 and &#10;  when we validate we expecting that result is: false" classname="com.tim.one.validator.ProjectRateCommandValidatorIntegrationSpec" time="0.012"/>
  <testcase name="When we have an project with uuid 20217fff737f45239efefe73c12187e3, and user with id 9fd1e45f77894f3f862a53b21190b857 and score -1 and &#10;  when we validate we expecting that result is: false" classname="com.tim.one.validator.ProjectRateCommandValidatorIntegrationSpec" time="0.013"/>
  <testcase name="When we have an project with uuid 20217fff737f45239efefe73c12187e3, and user with id 9fd1e45f77894f3f862a53b21190b857 and score 6 and &#10;  when we validate we expecting that result is: false" classname="com.tim.one.validator.ProjectRateCommandValidatorIntegrationSpec" time="0.013"/>
  <testcase name="When we have an project with uuid 20217fff737f45239efefe73c12187e3, and user with id 9fd1e45f77894f3f862a53b21190b857 and score null and &#10;  when we validate we expecting that result is: false" classname="com.tim.one.validator.ProjectRateCommandValidatorIntegrationSpec" time="0.012"/>
  <system-out><![CDATA[2015-05-20 12:04:30,536 DEBUG [Test worker] (AbstractFallbackTransactionAttributeSource.java:108) - Adding transactional method 'ProjectRateCommandValidatorIntegrationSpec.$spock_feature_0_0' with attribute: PROPAGATION_REQUIRED,ISOLATION_DEFAULT; ''
2015-05-20 12:04:30,537  INFO [Test worker] (TransactionalTestExecutionListener.java:276) - Began transaction (1) for test context [DefaultTestContext@4712abd3 testClass = ProjectRateCommandValidatorIntegrationSpec, testInstance = com.tim.one.validator.ProjectRateCommandValidatorIntegrationSpec@1acece19, testMethod = $spock_feature_0_0@ProjectRateCommandValidatorIntegrationSpec, testException = [null], mergedContextConfiguration = [MergedContextConfiguration@7f3cd90e testClass = ProjectRateCommandValidatorIntegrationSpec, locations = '{classpath:/services-appctx.xml, classpath:/persistence-appctx.xml, classpath:/jms-appctx.xml, classpath:/mail-context.xml, classpath:/transaction-appctx.xml, classpath:/formatter-appctx.xml, classpath:/stp-appctx.xml, classpath:/aop-appctx.xml, classpath:/properties-appctx.xml}', classes = '{}', contextInitializerClasses = '[]', activeProfiles = '{}', contextLoader = 'org.springframework.test.context.support.DelegatingSmartContextLoader', parent = [null]]]; transaction manager [org.springframework.orm.jpa.JpaTransactionManager@5f5ca74d]; rollback [true]
2015-05-20 12:04:30,552  INFO [Test worker] (?:?) - violations:0
2015-05-20 12:04:30,553  INFO [Test worker] (TransactionalTestExecutionListener.java:298) - Rolled back transaction after test execution for test context [DefaultTestContext@4712abd3 testClass = ProjectRateCommandValidatorIntegrationSpec, testInstance = com.tim.one.validator.ProjectRateCommandValidatorIntegrationSpec@1acece19, testMethod = $spock_feature_0_0@ProjectRateCommandValidatorIntegrationSpec, testException = [null], mergedContextConfiguration = [MergedContextConfiguration@7f3cd90e testClass = ProjectRateCommandValidatorIntegrationSpec, locations = '{classpath:/services-appctx.xml, classpath:/persistence-appctx.xml, classpath:/jms-appctx.xml, classpath:/mail-context.xml, classpath:/transaction-appctx.xml, classpath:/formatter-appctx.xml, classpath:/stp-appctx.xml, classpath:/aop-appctx.xml, classpath:/properties-appctx.xml}', classes = '{}', contextInitializerClasses = '[]', activeProfiles = '{}', contextLoader = 'org.springframework.test.context.support.DelegatingSmartContextLoader', parent = [null]]]
2015-05-20 12:04:30,557  INFO [Test worker] (TransactionalTestExecutionListener.java:276) - Began transaction (2) for test context [DefaultTestContext@4712abd3 testClass = ProjectRateCommandValidatorIntegrationSpec, testInstance = com.tim.one.validator.ProjectRateCommandValidatorIntegrationSpec@240d503f, testMethod = $spock_feature_0_0@ProjectRateCommandValidatorIntegrationSpec, testException = [null], mergedContextConfiguration = [MergedContextConfiguration@7f3cd90e testClass = ProjectRateCommandValidatorIntegrationSpec, locations = '{classpath:/services-appctx.xml, classpath:/persistence-appctx.xml, classpath:/jms-appctx.xml, classpath:/mail-context.xml, classpath:/transaction-appctx.xml, classpath:/formatter-appctx.xml, classpath:/stp-appctx.xml, classpath:/aop-appctx.xml, classpath:/properties-appctx.xml}', classes = '{}', contextInitializerClasses = '[]', activeProfiles = '{}', contextLoader = 'org.springframework.test.context.support.DelegatingSmartContextLoader', parent = [null]]]; transaction manager [org.springframework.orm.jpa.JpaTransactionManager@5f5ca74d]; rollback [true]
2015-05-20 12:04:30,567  INFO [Test worker] (?:?) - violations:2
2015-05-20 12:04:30,567  INFO [Test worker] (?:?) - field:userUuid
2015-05-20 12:04:30,567  INFO [Test worker] (?:?) - message:size must be between 32 and 32
2015-05-20 12:04:30,568  INFO [Test worker] (TransactionalTestExecutionListener.java:298) - Rolled back transaction after test execution for test context [DefaultTestContext@4712abd3 testClass = ProjectRateCommandValidatorIntegrationSpec, testInstance = com.tim.one.validator.ProjectRateCommandValidatorIntegrationSpec@240d503f, testMethod = $spock_feature_0_0@ProjectRateCommandValidatorIntegrationSpec, testException = [null], mergedContextConfiguration = [MergedContextConfiguration@7f3cd90e testClass = ProjectRateCommandValidatorIntegrationSpec, locations = '{classpath:/services-appctx.xml, classpath:/persistence-appctx.xml, classpath:/jms-appctx.xml, classpath:/mail-context.xml, classpath:/transaction-appctx.xml, classpath:/formatter-appctx.xml, classpath:/stp-appctx.xml, classpath:/aop-appctx.xml, classpath:/properties-appctx.xml}', classes = '{}', contextInitializerClasses = '[]', activeProfiles = '{}', contextLoader = 'org.springframework.test.context.support.DelegatingSmartContextLoader', parent = [null]]]
2015-05-20 12:04:30,571  INFO [Test worker] (TransactionalTestExecutionListener.java:276) - Began transaction (3) for test context [DefaultTestContext@4712abd3 testClass = ProjectRateCommandValidatorIntegrationSpec, testInstance = com.tim.one.validator.ProjectRateCommandValidatorIntegrationSpec@ae1a47d, testMethod = $spock_feature_0_0@ProjectRateCommandValidatorIntegrationSpec, testException = [null], mergedContextConfiguration = [MergedContextConfiguration@7f3cd90e testClass = ProjectRateCommandValidatorIntegrationSpec, locations = '{classpath:/services-appctx.xml, classpath:/persistence-appctx.xml, classpath:/jms-appctx.xml, classpath:/mail-context.xml, classpath:/transaction-appctx.xml, classpath:/formatter-appctx.xml, classpath:/stp-appctx.xml, classpath:/aop-appctx.xml, classpath:/properties-appctx.xml}', classes = '{}', contextInitializerClasses = '[]', activeProfiles = '{}', contextLoader = 'org.springframework.test.context.support.DelegatingSmartContextLoader', parent = [null]]]; transaction manager [org.springframework.orm.jpa.JpaTransactionManager@5f5ca74d]; rollback [true]
2015-05-20 12:04:30,582  INFO [Test worker] (?:?) - violations:1
2015-05-20 12:04:30,582  INFO [Test worker] (?:?) - field:userUuid
2015-05-20 12:04:30,582  INFO [Test worker] (?:?) - message:size must be between 32 and 32
2015-05-20 12:04:30,583  INFO [Test worker] (TransactionalTestExecutionListener.java:298) - Rolled back transaction after test execution for test context [DefaultTestContext@4712abd3 testClass = ProjectRateCommandValidatorIntegrationSpec, testInstance = com.tim.one.validator.ProjectRateCommandValidatorIntegrationSpec@ae1a47d, testMethod = $spock_feature_0_0@ProjectRateCommandValidatorIntegrationSpec, testException = [null], mergedContextConfiguration = [MergedContextConfiguration@7f3cd90e testClass = ProjectRateCommandValidatorIntegrationSpec, locations = '{classpath:/services-appctx.xml, classpath:/persistence-appctx.xml, classpath:/jms-appctx.xml, classpath:/mail-context.xml, classpath:/transaction-appctx.xml, classpath:/formatter-appctx.xml, classpath:/stp-appctx.xml, classpath:/aop-appctx.xml, classpath:/properties-appctx.xml}', classes = '{}', contextInitializerClasses = '[]', activeProfiles = '{}', contextLoader = 'org.springframework.test.context.support.DelegatingSmartContextLoader', parent = [null]]]
2015-05-20 12:04:30,586  INFO [Test worker] (TransactionalTestExecutionListener.java:276) - Began transaction (4) for test context [DefaultTestContext@4712abd3 testClass = ProjectRateCommandValidatorIntegrationSpec, testInstance = com.tim.one.validator.ProjectRateCommandValidatorIntegrationSpec@675afa21, testMethod = $spock_feature_0_0@ProjectRateCommandValidatorIntegrationSpec, testException = [null], mergedContextConfiguration = [MergedContextConfiguration@7f3cd90e testClass = ProjectRateCommandValidatorIntegrationSpec, locations = '{classpath:/services-appctx.xml, classpath:/persistence-appctx.xml, classpath:/jms-appctx.xml, classpath:/mail-context.xml, classpath:/transaction-appctx.xml, classpath:/formatter-appctx.xml, classpath:/stp-appctx.xml, classpath:/aop-appctx.xml, classpath:/properties-appctx.xml}', classes = '{}', contextInitializerClasses = '[]', activeProfiles = '{}', contextLoader = 'org.springframework.test.context.support.DelegatingSmartContextLoader', parent = [null]]]; transaction manager [org.springframework.orm.jpa.JpaTransactionManager@5f5ca74d]; rollback [true]
2015-05-20 12:04:30,596  INFO [Test worker] (?:?) - violations:1
2015-05-20 12:04:30,596  INFO [Test worker] (?:?) - field:userUuid
2015-05-20 12:04:30,596  INFO [Test worker] (?:?) - message:size must be between 32 and 32
2015-05-20 12:04:30,597  INFO [Test worker] (TransactionalTestExecutionListener.java:298) - Rolled back transaction after test execution for test context [DefaultTestContext@4712abd3 testClass = ProjectRateCommandValidatorIntegrationSpec, testInstance = com.tim.one.validator.ProjectRateCommandValidatorIntegrationSpec@675afa21, testMethod = $spock_feature_0_0@ProjectRateCommandValidatorIntegrationSpec, testException = [null], mergedContextConfiguration = [MergedContextConfiguration@7f3cd90e testClass = ProjectRateCommandValidatorIntegrationSpec, locations = '{classpath:/services-appctx.xml, classpath:/persistence-appctx.xml, classpath:/jms-appctx.xml, classpath:/mail-context.xml, classpath:/transaction-appctx.xml, classpath:/formatter-appctx.xml, classpath:/stp-appctx.xml, classpath:/aop-appctx.xml, classpath:/properties-appctx.xml}', classes = '{}', contextInitializerClasses = '[]', activeProfiles = '{}', contextLoader = 'org.springframework.test.context.support.DelegatingSmartContextLoader', parent = [null]]]
2015-05-20 12:04:30,600  INFO [Test worker] (TransactionalTestExecutionListener.java:276) - Began transaction (5) for test context [DefaultTestContext@4712abd3 testClass = ProjectRateCommandValidatorIntegrationSpec, testInstance = com.tim.one.validator.ProjectRateCommandValidatorIntegrationSpec@cdcddb5, testMethod = $spock_feature_0_0@ProjectRateCommandValidatorIntegrationSpec, testException = [null], mergedContextConfiguration = [MergedContextConfiguration@7f3cd90e testClass = ProjectRateCommandValidatorIntegrationSpec, locations = '{classpath:/services-appctx.xml, classpath:/persistence-appctx.xml, classpath:/jms-appctx.xml, classpath:/mail-context.xml, classpath:/transaction-appctx.xml, classpath:/formatter-appctx.xml, classpath:/stp-appctx.xml, classpath:/aop-appctx.xml, classpath:/properties-appctx.xml}', classes = '{}', contextInitializerClasses = '[]', activeProfiles = '{}', contextLoader = 'org.springframework.test.context.support.DelegatingSmartContextLoader', parent = [null]]]; transaction manager [org.springframework.orm.jpa.JpaTransactionManager@5f5ca74d]; rollback [true]
2015-05-20 12:04:30,610  INFO [Test worker] (?:?) - violations:1
2015-05-20 12:04:30,610  INFO [Test worker] (?:?) - field:userUuid
2015-05-20 12:04:30,611  INFO [Test worker] (?:?) - message:size must be between 32 and 32
2015-05-20 12:04:30,612  INFO [Test worker] (TransactionalTestExecutionListener.java:298) - Rolled back transaction after test execution for test context [DefaultTestContext@4712abd3 testClass = ProjectRateCommandValidatorIntegrationSpec, testInstance = com.tim.one.validator.ProjectRateCommandValidatorIntegrationSpec@cdcddb5, testMethod = $spock_feature_0_0@ProjectRateCommandValidatorIntegrationSpec, testException = [null], mergedContextConfiguration = [MergedContextConfiguration@7f3cd90e testClass = ProjectRateCommandValidatorIntegrationSpec, locations = '{classpath:/services-appctx.xml, classpath:/persistence-appctx.xml, classpath:/jms-appctx.xml, classpath:/mail-context.xml, classpath:/transaction-appctx.xml, classpath:/formatter-appctx.xml, classpath:/stp-appctx.xml, classpath:/aop-appctx.xml, classpath:/properties-appctx.xml}', classes = '{}', contextInitializerClasses = '[]', activeProfiles = '{}', contextLoader = 'org.springframework.test.context.support.DelegatingSmartContextLoader', parent = [null]]]
2015-05-20 12:04:30,616  INFO [Test worker] (TransactionalTestExecutionListener.java:276) - Began transaction (6) for test context [DefaultTestContext@4712abd3 testClass = ProjectRateCommandValidatorIntegrationSpec, testInstance = com.tim.one.validator.ProjectRateCommandValidatorIntegrationSpec@72c5b7be, testMethod = $spock_feature_0_0@ProjectRateCommandValidatorIntegrationSpec, testException = [null], mergedContextConfiguration = [MergedContextConfiguration@7f3cd90e testClass = ProjectRateCommandValidatorIntegrationSpec, locations = '{classpath:/services-appctx.xml, classpath:/persistence-appctx.xml, classpath:/jms-appctx.xml, classpath:/mail-context.xml, classpath:/transaction-appctx.xml, classpath:/formatter-appctx.xml, classpath:/stp-appctx.xml, classpath:/aop-appctx.xml, classpath:/properties-appctx.xml}', classes = '{}', contextInitializerClasses = '[]', activeProfiles = '{}', contextLoader = 'org.springframework.test.context.support.DelegatingSmartContextLoader', parent = [null]]]; transaction manager [org.springframework.orm.jpa.JpaTransactionManager@5f5ca74d]; rollback [true]
2015-05-20 12:04:30,627  INFO [Test worker] (?:?) - violations:2
2015-05-20 12:04:30,627  INFO [Test worker] (?:?) - field:projectUuid
2015-05-20 12:04:30,627  INFO [Test worker] (?:?) - message:size must be between 32 and 32
2015-05-20 12:04:30,628  INFO [Test worker] (TransactionalTestExecutionListener.java:298) - Rolled back transaction after test execution for test context [DefaultTestContext@4712abd3 testClass = ProjectRateCommandValidatorIntegrationSpec, testInstance = com.tim.one.validator.ProjectRateCommandValidatorIntegrationSpec@72c5b7be, testMethod = $spock_feature_0_0@ProjectRateCommandValidatorIntegrationSpec, testException = [null], mergedContextConfiguration = [MergedContextConfiguration@7f3cd90e testClass = ProjectRateCommandValidatorIntegrationSpec, locations = '{classpath:/services-appctx.xml, classpath:/persistence-appctx.xml, classpath:/jms-appctx.xml, classpath:/mail-context.xml, classpath:/transaction-appctx.xml, classpath:/formatter-appctx.xml, classpath:/stp-appctx.xml, classpath:/aop-appctx.xml, classpath:/properties-appctx.xml}', classes = '{}', contextInitializerClasses = '[]', activeProfiles = '{}', contextLoader = 'org.springframework.test.context.support.DelegatingSmartContextLoader', parent = [null]]]
2015-05-20 12:04:30,631  INFO [Test worker] (TransactionalTestExecutionListener.java:276) - Began transaction (7) for test context [DefaultTestContext@4712abd3 testClass = ProjectRateCommandValidatorIntegrationSpec, testInstance = com.tim.one.validator.ProjectRateCommandValidatorIntegrationSpec@6f758d6c, testMethod = $spock_feature_0_0@ProjectRateCommandValidatorIntegrationSpec, testException = [null], mergedContextConfiguration = [MergedContextConfiguration@7f3cd90e testClass = ProjectRateCommandValidatorIntegrationSpec, locations = '{classpath:/services-appctx.xml, classpath:/persistence-appctx.xml, classpath:/jms-appctx.xml, classpath:/mail-context.xml, classpath:/transaction-appctx.xml, classpath:/formatter-appctx.xml, classpath:/stp-appctx.xml, classpath:/aop-appctx.xml, classpath:/properties-appctx.xml}', classes = '{}', contextInitializerClasses = '[]', activeProfiles = '{}', contextLoader = 'org.springframework.test.context.support.DelegatingSmartContextLoader', parent = [null]]]; transaction manager [org.springframework.orm.jpa.JpaTransactionManager@5f5ca74d]; rollback [true]
2015-05-20 12:04:30,641  INFO [Test worker] (?:?) - violations:1
2015-05-20 12:04:30,641  INFO [Test worker] (?:?) - field:projectUuid
2015-05-20 12:04:30,642  INFO [Test worker] (?:?) - message:size must be between 32 and 32
2015-05-20 12:04:30,643  INFO [Test worker] (TransactionalTestExecutionListener.java:298) - Rolled back transaction after test execution for test context [DefaultTestContext@4712abd3 testClass = ProjectRateCommandValidatorIntegrationSpec, testInstance = com.tim.one.validator.ProjectRateCommandValidatorIntegrationSpec@6f758d6c, testMethod = $spock_feature_0_0@ProjectRateCommandValidatorIntegrationSpec, testException = [null], mergedContextConfiguration = [MergedContextConfiguration@7f3cd90e testClass = ProjectRateCommandValidatorIntegrationSpec, locations = '{classpath:/services-appctx.xml, classpath:/persistence-appctx.xml, classpath:/jms-appctx.xml, classpath:/mail-context.xml, classpath:/transaction-appctx.xml, classpath:/formatter-appctx.xml, classpath:/stp-appctx.xml, classpath:/aop-appctx.xml, classpath:/properties-appctx.xml}', classes = '{}', contextInitializerClasses = '[]', activeProfiles = '{}', contextLoader = 'org.springframework.test.context.support.DelegatingSmartContextLoader', parent = [null]]]
2015-05-20 12:04:30,646  INFO [Test worker] (TransactionalTestExecutionListener.java:276) - Began transaction (8) for test context [DefaultTestContext@4712abd3 testClass = ProjectRateCommandValidatorIntegrationSpec, testInstance = com.tim.one.validator.ProjectRateCommandValidatorIntegrationSpec@52d6c92e, testMethod = $spock_feature_0_0@ProjectRateCommandValidatorIntegrationSpec, testException = [null], mergedContextConfiguration = [MergedContextConfiguration@7f3cd90e testClass = ProjectRateCommandValidatorIntegrationSpec, locations = '{classpath:/services-appctx.xml, classpath:/persistence-appctx.xml, classpath:/jms-appctx.xml, classpath:/mail-context.xml, classpath:/transaction-appctx.xml, classpath:/formatter-appctx.xml, classpath:/stp-appctx.xml, classpath:/aop-appctx.xml, classpath:/properties-appctx.xml}', classes = '{}', contextInitializerClasses = '[]', activeProfiles = '{}', contextLoader = 'org.springframework.test.context.support.DelegatingSmartContextLoader', parent = [null]]]; transaction manager [org.springframework.orm.jpa.JpaTransactionManager@5f5ca74d]; rollback [true]
2015-05-20 12:04:30,656  INFO [Test worker] (?:?) - violations:1
2015-05-20 12:04:30,656  INFO [Test worker] (?:?) - field:projectUuid
2015-05-20 12:04:30,657  INFO [Test worker] (?:?) - message:size must be between 32 and 32
2015-05-20 12:04:30,658  INFO [Test worker] (TransactionalTestExecutionListener.java:298) - Rolled back transaction after test execution for test context [DefaultTestContext@4712abd3 testClass = ProjectRateCommandValidatorIntegrationSpec, testInstance = com.tim.one.validator.ProjectRateCommandValidatorIntegrationSpec@52d6c92e, testMethod = $spock_feature_0_0@ProjectRateCommandValidatorIntegrationSpec, testException = [null], mergedContextConfiguration = [MergedContextConfiguration@7f3cd90e testClass = ProjectRateCommandValidatorIntegrationSpec, locations = '{classpath:/services-appctx.xml, classpath:/persistence-appctx.xml, classpath:/jms-appctx.xml, classpath:/mail-context.xml, classpath:/transaction-appctx.xml, classpath:/formatter-appctx.xml, classpath:/stp-appctx.xml, classpath:/aop-appctx.xml, classpath:/properties-appctx.xml}', classes = '{}', contextInitializerClasses = '[]', activeProfiles = '{}', contextLoader = 'org.springframework.test.context.support.DelegatingSmartContextLoader', parent = [null]]]
2015-05-20 12:04:30,660  INFO [Test worker] (TransactionalTestExecutionListener.java:276) - Began transaction (9) for test context [DefaultTestContext@4712abd3 testClass = ProjectRateCommandValidatorIntegrationSpec, testInstance = com.tim.one.validator.ProjectRateCommandValidatorIntegrationSpec@a29a0a1, testMethod = $spock_feature_0_0@ProjectRateCommandValidatorIntegrationSpec, testException = [null], mergedContextConfiguration = [MergedContextConfiguration@7f3cd90e testClass = ProjectRateCommandValidatorIntegrationSpec, locations = '{classpath:/services-appctx.xml, classpath:/persistence-appctx.xml, classpath:/jms-appctx.xml, classpath:/mail-context.xml, classpath:/transaction-appctx.xml, classpath:/formatter-appctx.xml, classpath:/stp-appctx.xml, classpath:/aop-appctx.xml, classpath:/properties-appctx.xml}', classes = '{}', contextInitializerClasses = '[]', activeProfiles = '{}', contextLoader = 'org.springframework.test.context.support.DelegatingSmartContextLoader', parent = [null]]]; transaction manager [org.springframework.orm.jpa.JpaTransactionManager@5f5ca74d]; rollback [true]
2015-05-20 12:04:30,667  INFO [Test worker] (?:?) - violations:1
2015-05-20 12:04:30,667  INFO [Test worker] (?:?) - field:projectUuid
2015-05-20 12:04:30,667  INFO [Test worker] (?:?) - message:may not be null
2015-05-20 12:04:30,668  INFO [Test worker] (TransactionalTestExecutionListener.java:298) - Rolled back transaction after test execution for test context [DefaultTestContext@4712abd3 testClass = ProjectRateCommandValidatorIntegrationSpec, testInstance = com.tim.one.validator.ProjectRateCommandValidatorIntegrationSpec@a29a0a1, testMethod = $spock_feature_0_0@ProjectRateCommandValidatorIntegrationSpec, testException = [null], mergedContextConfiguration = [MergedContextConfiguration@7f3cd90e testClass = ProjectRateCommandValidatorIntegrationSpec, locations = '{classpath:/services-appctx.xml, classpath:/persistence-appctx.xml, classpath:/jms-appctx.xml, classpath:/mail-context.xml, classpath:/transaction-appctx.xml, classpath:/formatter-appctx.xml, classpath:/stp-appctx.xml, classpath:/aop-appctx.xml, classpath:/properties-appctx.xml}', classes = '{}', contextInitializerClasses = '[]', activeProfiles = '{}', contextLoader = 'org.springframework.test.context.support.DelegatingSmartContextLoader', parent = [null]]]
2015-05-20 12:04:30,670  INFO [Test worker] (TransactionalTestExecutionListener.java:276) - Began transaction (10) for test context [DefaultTestContext@4712abd3 testClass = ProjectRateCommandValidatorIntegrationSpec, testInstance = com.tim.one.validator.ProjectRateCommandValidatorIntegrationSpec@35ba87a1, testMethod = $spock_feature_0_0@ProjectRateCommandValidatorIntegrationSpec, testException = [null], mergedContextConfiguration = [MergedContextConfiguration@7f3cd90e testClass = ProjectRateCommandValidatorIntegrationSpec, locations = '{classpath:/services-appctx.xml, classpath:/persistence-appctx.xml, classpath:/jms-appctx.xml, classpath:/mail-context.xml, classpath:/transaction-appctx.xml, classpath:/formatter-appctx.xml, classpath:/stp-appctx.xml, classpath:/aop-appctx.xml, classpath:/properties-appctx.xml}', classes = '{}', contextInitializerClasses = '[]', activeProfiles = '{}', contextLoader = 'org.springframework.test.context.support.DelegatingSmartContextLoader', parent = [null]]]; transaction manager [org.springframework.orm.jpa.JpaTransactionManager@5f5ca74d]; rollback [true]
2015-05-20 12:04:30,679  INFO [Test worker] (?:?) - violations:1
2015-05-20 12:04:30,679  INFO [Test worker] (?:?) - field:userUuid
2015-05-20 12:04:30,680  INFO [Test worker] (?:?) - message:may not be null
2015-05-20 12:04:30,680  INFO [Test worker] (TransactionalTestExecutionListener.java:298) - Rolled back transaction after test execution for test context [DefaultTestContext@4712abd3 testClass = ProjectRateCommandValidatorIntegrationSpec, testInstance = com.tim.one.validator.ProjectRateCommandValidatorIntegrationSpec@35ba87a1, testMethod = $spock_feature_0_0@ProjectRateCommandValidatorIntegrationSpec, testException = [null], mergedContextConfiguration = [MergedContextConfiguration@7f3cd90e testClass = ProjectRateCommandValidatorIntegrationSpec, locations = '{classpath:/services-appctx.xml, classpath:/persistence-appctx.xml, classpath:/jms-appctx.xml, classpath:/mail-context.xml, classpath:/transaction-appctx.xml, classpath:/formatter-appctx.xml, classpath:/stp-appctx.xml, classpath:/aop-appctx.xml, classpath:/properties-appctx.xml}', classes = '{}', contextInitializerClasses = '[]', activeProfiles = '{}', contextLoader = 'org.springframework.test.context.support.DelegatingSmartContextLoader', parent = [null]]]
2015-05-20 12:04:30,683  INFO [Test worker] (TransactionalTestExecutionListener.java:276) - Began transaction (11) for test context [DefaultTestContext@4712abd3 testClass = ProjectRateCommandValidatorIntegrationSpec, testInstance = com.tim.one.validator.ProjectRateCommandValidatorIntegrationSpec@25bcd795, testMethod = $spock_feature_0_0@ProjectRateCommandValidatorIntegrationSpec, testException = [null], mergedContextConfiguration = [MergedContextConfiguration@7f3cd90e testClass = ProjectRateCommandValidatorIntegrationSpec, locations = '{classpath:/services-appctx.xml, classpath:/persistence-appctx.xml, classpath:/jms-appctx.xml, classpath:/mail-context.xml, classpath:/transaction-appctx.xml, classpath:/formatter-appctx.xml, classpath:/stp-appctx.xml, classpath:/aop-appctx.xml, classpath:/properties-appctx.xml}', classes = '{}', contextInitializerClasses = '[]', activeProfiles = '{}', contextLoader = 'org.springframework.test.context.support.DelegatingSmartContextLoader', parent = [null]]]; transaction manager [org.springframework.orm.jpa.JpaTransactionManager@5f5ca74d]; rollback [true]
2015-05-20 12:04:30,692  INFO [Test worker] (?:?) - violations:1
2015-05-20 12:04:30,692  INFO [Test worker] (?:?) - field:score
2015-05-20 12:04:30,692  INFO [Test worker] (?:?) - message:must be between 0 and 5
2015-05-20 12:04:30,693  INFO [Test worker] (TransactionalTestExecutionListener.java:298) - Rolled back transaction after test execution for test context [DefaultTestContext@4712abd3 testClass = ProjectRateCommandValidatorIntegrationSpec, testInstance = com.tim.one.validator.ProjectRateCommandValidatorIntegrationSpec@25bcd795, testMethod = $spock_feature_0_0@ProjectRateCommandValidatorIntegrationSpec, testException = [null], mergedContextConfiguration = [MergedContextConfiguration@7f3cd90e testClass = ProjectRateCommandValidatorIntegrationSpec, locations = '{classpath:/services-appctx.xml, classpath:/persistence-appctx.xml, classpath:/jms-appctx.xml, classpath:/mail-context.xml, classpath:/transaction-appctx.xml, classpath:/formatter-appctx.xml, classpath:/stp-appctx.xml, classpath:/aop-appctx.xml, classpath:/properties-appctx.xml}', classes = '{}', contextInitializerClasses = '[]', activeProfiles = '{}', contextLoader = 'org.springframework.test.context.support.DelegatingSmartContextLoader', parent = [null]]]
2015-05-20 12:04:30,696  INFO [Test worker] (TransactionalTestExecutionListener.java:276) - Began transaction (12) for test context [DefaultTestContext@4712abd3 testClass = ProjectRateCommandValidatorIntegrationSpec, testInstance = com.tim.one.validator.ProjectRateCommandValidatorIntegrationSpec@3d5327cb, testMethod = $spock_feature_0_0@ProjectRateCommandValidatorIntegrationSpec, testException = [null], mergedContextConfiguration = [MergedContextConfiguration@7f3cd90e testClass = ProjectRateCommandValidatorIntegrationSpec, locations = '{classpath:/services-appctx.xml, classpath:/persistence-appctx.xml, classpath:/jms-appctx.xml, classpath:/mail-context.xml, classpath:/transaction-appctx.xml, classpath:/formatter-appctx.xml, classpath:/stp-appctx.xml, classpath:/aop-appctx.xml, classpath:/properties-appctx.xml}', classes = '{}', contextInitializerClasses = '[]', activeProfiles = '{}', contextLoader = 'org.springframework.test.context.support.DelegatingSmartContextLoader', parent = [null]]]; transaction manager [org.springframework.orm.jpa.JpaTransactionManager@5f5ca74d]; rollback [true]
2015-05-20 12:04:30,704  INFO [Test worker] (?:?) - violations:1
2015-05-20 12:04:30,704  INFO [Test worker] (?:?) - field:score
2015-05-20 12:04:30,704  INFO [Test worker] (?:?) - message:must be between 0 and 5
2015-05-20 12:04:30,706  INFO [Test worker] (TransactionalTestExecutionListener.java:298) - Rolled back transaction after test execution for test context [DefaultTestContext@4712abd3 testClass = ProjectRateCommandValidatorIntegrationSpec, testInstance = com.tim.one.validator.ProjectRateCommandValidatorIntegrationSpec@3d5327cb, testMethod = $spock_feature_0_0@ProjectRateCommandValidatorIntegrationSpec, testException = [null], mergedContextConfiguration = [MergedContextConfiguration@7f3cd90e testClass = ProjectRateCommandValidatorIntegrationSpec, locations = '{classpath:/services-appctx.xml, classpath:/persistence-appctx.xml, classpath:/jms-appctx.xml, classpath:/mail-context.xml, classpath:/transaction-appctx.xml, classpath:/formatter-appctx.xml, classpath:/stp-appctx.xml, classpath:/aop-appctx.xml, classpath:/properties-appctx.xml}', classes = '{}', contextInitializerClasses = '[]', activeProfiles = '{}', contextLoader = 'org.springframework.test.context.support.DelegatingSmartContextLoader', parent = [null]]]
2015-05-20 12:04:30,709  INFO [Test worker] (TransactionalTestExecutionListener.java:276) - Began transaction (13) for test context [DefaultTestContext@4712abd3 testClass = ProjectRateCommandValidatorIntegrationSpec, testInstance = com.tim.one.validator.ProjectRateCommandValidatorIntegrationSpec@62b72385, testMethod = $spock_feature_0_0@ProjectRateCommandValidatorIntegrationSpec, testException = [null], mergedContextConfiguration = [MergedContextConfiguration@7f3cd90e testClass = ProjectRateCommandValidatorIntegrationSpec, locations = '{classpath:/services-appctx.xml, classpath:/persistence-appctx.xml, classpath:/jms-appctx.xml, classpath:/mail-context.xml, classpath:/transaction-appctx.xml, classpath:/formatter-appctx.xml, classpath:/stp-appctx.xml, classpath:/aop-appctx.xml, classpath:/properties-appctx.xml}', classes = '{}', contextInitializerClasses = '[]', activeProfiles = '{}', contextLoader = 'org.springframework.test.context.support.DelegatingSmartContextLoader', parent = [null]]]; transaction manager [org.springframework.orm.jpa.JpaTransactionManager@5f5ca74d]; rollback [true]
2015-05-20 12:04:30,717  INFO [Test worker] (?:?) - violations:1
2015-05-20 12:04:30,717  INFO [Test worker] (?:?) - field:score
2015-05-20 12:04:30,718  INFO [Test worker] (?:?) - message:may not be null
2015-05-20 12:04:30,718  INFO [Test worker] (TransactionalTestExecutionListener.java:298) - Rolled back transaction after test execution for test context [DefaultTestContext@4712abd3 testClass = ProjectRateCommandValidatorIntegrationSpec, testInstance = com.tim.one.validator.ProjectRateCommandValidatorIntegrationSpec@62b72385, testMethod = $spock_feature_0_0@ProjectRateCommandValidatorIntegrationSpec, testException = [null], mergedContextConfiguration = [MergedContextConfiguration@7f3cd90e testClass = ProjectRateCommandValidatorIntegrationSpec, locations = '{classpath:/services-appctx.xml, classpath:/persistence-appctx.xml, classpath:/jms-appctx.xml, classpath:/mail-context.xml, classpath:/transaction-appctx.xml, classpath:/formatter-appctx.xml, classpath:/stp-appctx.xml, classpath:/aop-appctx.xml, classpath:/properties-appctx.xml}', classes = '{}', contextInitializerClasses = '[]', activeProfiles = '{}', contextLoader = 'org.springframework.test.context.support.DelegatingSmartContextLoader', parent = [null]]]
]]></system-out>
  <system-err><![CDATA[]]></system-err>
</testsuite>
