<?xml version="1.0" encoding="UTF-8"?>
<testsuite name="com.tim.one.validator.IntegraUserCommandValidatorIntegrationSpec" tests="12" skipped="0" failures="0" errors="0" timestamp="2015-05-20T17:04:32" hostname="josdem-Inspiron-5420" time="0.177">
  <properties/>
  <testcase name="When we have a user with 51d172788b034b738565f7dd4d4cb2fe as uuid, and josdem as name and josdem@josdem.mx as email&#10;  when we validate we expecting that result is true" classname="com.tim.one.validator.IntegraUserCommandValidatorIntegrationSpec" time="0.028"/>
  <testcase name="When we have a user with 5 as uuid, and josdem as name and josdem@josdem.mx as email&#10;  when we validate we expecting that result is true" classname="com.tim.one.validator.IntegraUserCommandValidatorIntegrationSpec" time="0.012"/>
  <testcase name="When we have a user with 51d172788b034b738565f7dd4d4cb2fe1 as uuid, and josdem as name and josdem@josdem.mx as email&#10;  when we validate we expecting that result is false" classname="com.tim.one.validator.IntegraUserCommandValidatorIntegrationSpec" time="0.013"/>
  <testcase name="When we have a user with 51d172788b034b738565f7dd4d4cb2fe as uuid, and josdem as name and josdem.mx as email&#10;  when we validate we expecting that result is false" classname="com.tim.one.validator.IntegraUserCommandValidatorIntegrationSpec" time="0.015"/>
  <testcase name="When we have a user with null as uuid, and josdem as name and josdem@josdem.mx as email&#10;  when we validate we expecting that result is false" classname="com.tim.one.validator.IntegraUserCommandValidatorIntegrationSpec" time="0.013"/>
  <testcase name="When we have a user with  as uuid, and josdem as name and josdem@josdem.mx as email&#10;  when we validate we expecting that result is false" classname="com.tim.one.validator.IntegraUserCommandValidatorIntegrationSpec" time="0.013"/>
  <testcase name="When we have a user with 51d172788b034b738565f7dd4d4cb2fe as uuid, and null as name and josdem@josdem.mx as email&#10;  when we validate we expecting that result is false" classname="com.tim.one.validator.IntegraUserCommandValidatorIntegrationSpec" time="0.013"/>
  <testcase name="When we have a user with 51d172788b034b738565f7dd4d4cb2fe as uuid, and  as name and josdem@josdem.mx as email&#10;  when we validate we expecting that result is false" classname="com.tim.one.validator.IntegraUserCommandValidatorIntegrationSpec" time="0.012"/>
  <testcase name="When we have a user with 51d172788b034b738565f7dd4d4cb2fe as uuid, and josdem as name and null as email&#10;  when we validate we expecting that result is false" classname="com.tim.one.validator.IntegraUserCommandValidatorIntegrationSpec" time="0.014"/>
  <testcase name="When we have a user with 51d172788b034b738565f7dd4d4cb2fe as uuid, and josdem as name and  as email&#10;  when we validate we expecting that result is true" classname="com.tim.one.validator.IntegraUserCommandValidatorIntegrationSpec" time="0.013"/>
  <testcase name="When we have a user with &lt;script&gt;alert('josdem')&lt;/script&gt; as uuid, and josdem as name and josdem@josdem.mx as email&#10;  when we validate we expecting that result is false" classname="com.tim.one.validator.IntegraUserCommandValidatorIntegrationSpec" time="0.013"/>
  <testcase name="When we have a user with 51d172788b034b738565f7dd4d4cb2fe as uuid, and &lt;script&gt;alert('josdem')&lt;/script&gt; as name and josdem@josdem.mx as email&#10;  when we validate we expecting that result is false" classname="com.tim.one.validator.IntegraUserCommandValidatorIntegrationSpec" time="0.014"/>
  <system-out><![CDATA[2015-05-20 12:04:32,302 DEBUG [Test worker] (AbstractFallbackTransactionAttributeSource.java:108) - Adding transactional method 'IntegraUserCommandValidatorIntegrationSpec.$spock_feature_0_0' with attribute: PROPAGATION_REQUIRED,ISOLATION_DEFAULT; ''
2015-05-20 12:04:32,304  INFO [Test worker] (TransactionalTestExecutionListener.java:276) - Began transaction (1) for test context [DefaultTestContext@667a6ad5 testClass = IntegraUserCommandValidatorIntegrationSpec, testInstance = com.tim.one.validator.IntegraUserCommandValidatorIntegrationSpec@6efbfa82, testMethod = $spock_feature_0_0@IntegraUserCommandValidatorIntegrationSpec, testException = [null], mergedContextConfiguration = [MergedContextConfiguration@60fba5ba testClass = IntegraUserCommandValidatorIntegrationSpec, locations = '{classpath:/services-appctx.xml, classpath:/persistence-appctx.xml, classpath:/jms-appctx.xml, classpath:/mail-context.xml, classpath:/transaction-appctx.xml, classpath:/formatter-appctx.xml, classpath:/stp-appctx.xml, classpath:/aop-appctx.xml, classpath:/properties-appctx.xml}', classes = '{}', contextInitializerClasses = '[]', activeProfiles = '{}', contextLoader = 'org.springframework.test.context.support.DelegatingSmartContextLoader', parent = [null]]]; transaction manager [org.springframework.orm.jpa.JpaTransactionManager@5f5ca74d]; rollback [true]
2015-05-20 12:04:32,318  INFO [Test worker] (?:?) - violations:0
2015-05-20 12:04:32,319  INFO [Test worker] (TransactionalTestExecutionListener.java:298) - Rolled back transaction after test execution for test context [DefaultTestContext@667a6ad5 testClass = IntegraUserCommandValidatorIntegrationSpec, testInstance = com.tim.one.validator.IntegraUserCommandValidatorIntegrationSpec@6efbfa82, testMethod = $spock_feature_0_0@IntegraUserCommandValidatorIntegrationSpec, testException = [null], mergedContextConfiguration = [MergedContextConfiguration@60fba5ba testClass = IntegraUserCommandValidatorIntegrationSpec, locations = '{classpath:/services-appctx.xml, classpath:/persistence-appctx.xml, classpath:/jms-appctx.xml, classpath:/mail-context.xml, classpath:/transaction-appctx.xml, classpath:/formatter-appctx.xml, classpath:/stp-appctx.xml, classpath:/aop-appctx.xml, classpath:/properties-appctx.xml}', classes = '{}', contextInitializerClasses = '[]', activeProfiles = '{}', contextLoader = 'org.springframework.test.context.support.DelegatingSmartContextLoader', parent = [null]]]
2015-05-20 12:04:32,322  INFO [Test worker] (TransactionalTestExecutionListener.java:276) - Began transaction (2) for test context [DefaultTestContext@667a6ad5 testClass = IntegraUserCommandValidatorIntegrationSpec, testInstance = com.tim.one.validator.IntegraUserCommandValidatorIntegrationSpec@20c2f556, testMethod = $spock_feature_0_0@IntegraUserCommandValidatorIntegrationSpec, testException = [null], mergedContextConfiguration = [MergedContextConfiguration@60fba5ba testClass = IntegraUserCommandValidatorIntegrationSpec, locations = '{classpath:/services-appctx.xml, classpath:/persistence-appctx.xml, classpath:/jms-appctx.xml, classpath:/mail-context.xml, classpath:/transaction-appctx.xml, classpath:/formatter-appctx.xml, classpath:/stp-appctx.xml, classpath:/aop-appctx.xml, classpath:/properties-appctx.xml}', classes = '{}', contextInitializerClasses = '[]', activeProfiles = '{}', contextLoader = 'org.springframework.test.context.support.DelegatingSmartContextLoader', parent = [null]]]; transaction manager [org.springframework.orm.jpa.JpaTransactionManager@5f5ca74d]; rollback [true]
2015-05-20 12:04:32,330  INFO [Test worker] (?:?) - violations:0
2015-05-20 12:04:32,331  INFO [Test worker] (TransactionalTestExecutionListener.java:298) - Rolled back transaction after test execution for test context [DefaultTestContext@667a6ad5 testClass = IntegraUserCommandValidatorIntegrationSpec, testInstance = com.tim.one.validator.IntegraUserCommandValidatorIntegrationSpec@20c2f556, testMethod = $spock_feature_0_0@IntegraUserCommandValidatorIntegrationSpec, testException = [null], mergedContextConfiguration = [MergedContextConfiguration@60fba5ba testClass = IntegraUserCommandValidatorIntegrationSpec, locations = '{classpath:/services-appctx.xml, classpath:/persistence-appctx.xml, classpath:/jms-appctx.xml, classpath:/mail-context.xml, classpath:/transaction-appctx.xml, classpath:/formatter-appctx.xml, classpath:/stp-appctx.xml, classpath:/aop-appctx.xml, classpath:/properties-appctx.xml}', classes = '{}', contextInitializerClasses = '[]', activeProfiles = '{}', contextLoader = 'org.springframework.test.context.support.DelegatingSmartContextLoader', parent = [null]]]
2015-05-20 12:04:32,334  INFO [Test worker] (TransactionalTestExecutionListener.java:276) - Began transaction (3) for test context [DefaultTestContext@667a6ad5 testClass = IntegraUserCommandValidatorIntegrationSpec, testInstance = com.tim.one.validator.IntegraUserCommandValidatorIntegrationSpec@45afe5b2, testMethod = $spock_feature_0_0@IntegraUserCommandValidatorIntegrationSpec, testException = [null], mergedContextConfiguration = [MergedContextConfiguration@60fba5ba testClass = IntegraUserCommandValidatorIntegrationSpec, locations = '{classpath:/services-appctx.xml, classpath:/persistence-appctx.xml, classpath:/jms-appctx.xml, classpath:/mail-context.xml, classpath:/transaction-appctx.xml, classpath:/formatter-appctx.xml, classpath:/stp-appctx.xml, classpath:/aop-appctx.xml, classpath:/properties-appctx.xml}', classes = '{}', contextInitializerClasses = '[]', activeProfiles = '{}', contextLoader = 'org.springframework.test.context.support.DelegatingSmartContextLoader', parent = [null]]]; transaction manager [org.springframework.orm.jpa.JpaTransactionManager@5f5ca74d]; rollback [true]
2015-05-20 12:04:32,342  INFO [Test worker] (?:?) - violations:1
2015-05-20 12:04:32,343  INFO [Test worker] (?:?) - field:uuid
2015-05-20 12:04:32,343  INFO [Test worker] (?:?) - message:size must be between 1 and 32
2015-05-20 12:04:32,344  INFO [Test worker] (TransactionalTestExecutionListener.java:298) - Rolled back transaction after test execution for test context [DefaultTestContext@667a6ad5 testClass = IntegraUserCommandValidatorIntegrationSpec, testInstance = com.tim.one.validator.IntegraUserCommandValidatorIntegrationSpec@45afe5b2, testMethod = $spock_feature_0_0@IntegraUserCommandValidatorIntegrationSpec, testException = [null], mergedContextConfiguration = [MergedContextConfiguration@60fba5ba testClass = IntegraUserCommandValidatorIntegrationSpec, locations = '{classpath:/services-appctx.xml, classpath:/persistence-appctx.xml, classpath:/jms-appctx.xml, classpath:/mail-context.xml, classpath:/transaction-appctx.xml, classpath:/formatter-appctx.xml, classpath:/stp-appctx.xml, classpath:/aop-appctx.xml, classpath:/properties-appctx.xml}', classes = '{}', contextInitializerClasses = '[]', activeProfiles = '{}', contextLoader = 'org.springframework.test.context.support.DelegatingSmartContextLoader', parent = [null]]]
2015-05-20 12:04:32,347  INFO [Test worker] (TransactionalTestExecutionListener.java:276) - Began transaction (4) for test context [DefaultTestContext@667a6ad5 testClass = IntegraUserCommandValidatorIntegrationSpec, testInstance = com.tim.one.validator.IntegraUserCommandValidatorIntegrationSpec@177a6b8b, testMethod = $spock_feature_0_0@IntegraUserCommandValidatorIntegrationSpec, testException = [null], mergedContextConfiguration = [MergedContextConfiguration@60fba5ba testClass = IntegraUserCommandValidatorIntegrationSpec, locations = '{classpath:/services-appctx.xml, classpath:/persistence-appctx.xml, classpath:/jms-appctx.xml, classpath:/mail-context.xml, classpath:/transaction-appctx.xml, classpath:/formatter-appctx.xml, classpath:/stp-appctx.xml, classpath:/aop-appctx.xml, classpath:/properties-appctx.xml}', classes = '{}', contextInitializerClasses = '[]', activeProfiles = '{}', contextLoader = 'org.springframework.test.context.support.DelegatingSmartContextLoader', parent = [null]]]; transaction manager [org.springframework.orm.jpa.JpaTransactionManager@5f5ca74d]; rollback [true]
2015-05-20 12:04:32,356  INFO [Test worker] (?:?) - violations:1
2015-05-20 12:04:32,357  INFO [Test worker] (?:?) - field:email
2015-05-20 12:04:32,358  INFO [Test worker] (?:?) - message:not a well-formed email address
2015-05-20 12:04:32,359  INFO [Test worker] (TransactionalTestExecutionListener.java:298) - Rolled back transaction after test execution for test context [DefaultTestContext@667a6ad5 testClass = IntegraUserCommandValidatorIntegrationSpec, testInstance = com.tim.one.validator.IntegraUserCommandValidatorIntegrationSpec@177a6b8b, testMethod = $spock_feature_0_0@IntegraUserCommandValidatorIntegrationSpec, testException = [null], mergedContextConfiguration = [MergedContextConfiguration@60fba5ba testClass = IntegraUserCommandValidatorIntegrationSpec, locations = '{classpath:/services-appctx.xml, classpath:/persistence-appctx.xml, classpath:/jms-appctx.xml, classpath:/mail-context.xml, classpath:/transaction-appctx.xml, classpath:/formatter-appctx.xml, classpath:/stp-appctx.xml, classpath:/aop-appctx.xml, classpath:/properties-appctx.xml}', classes = '{}', contextInitializerClasses = '[]', activeProfiles = '{}', contextLoader = 'org.springframework.test.context.support.DelegatingSmartContextLoader', parent = [null]]]
2015-05-20 12:04:32,362  INFO [Test worker] (TransactionalTestExecutionListener.java:276) - Began transaction (5) for test context [DefaultTestContext@667a6ad5 testClass = IntegraUserCommandValidatorIntegrationSpec, testInstance = com.tim.one.validator.IntegraUserCommandValidatorIntegrationSpec@3c8d340f, testMethod = $spock_feature_0_0@IntegraUserCommandValidatorIntegrationSpec, testException = [null], mergedContextConfiguration = [MergedContextConfiguration@60fba5ba testClass = IntegraUserCommandValidatorIntegrationSpec, locations = '{classpath:/services-appctx.xml, classpath:/persistence-appctx.xml, classpath:/jms-appctx.xml, classpath:/mail-context.xml, classpath:/transaction-appctx.xml, classpath:/formatter-appctx.xml, classpath:/stp-appctx.xml, classpath:/aop-appctx.xml, classpath:/properties-appctx.xml}', classes = '{}', contextInitializerClasses = '[]', activeProfiles = '{}', contextLoader = 'org.springframework.test.context.support.DelegatingSmartContextLoader', parent = [null]]]; transaction manager [org.springframework.orm.jpa.JpaTransactionManager@5f5ca74d]; rollback [true]
2015-05-20 12:04:32,370  INFO [Test worker] (?:?) - violations:1
2015-05-20 12:04:32,371  INFO [Test worker] (?:?) - field:uuid
2015-05-20 12:04:32,372  INFO [Test worker] (?:?) - message:may not be null
2015-05-20 12:04:32,373  INFO [Test worker] (TransactionalTestExecutionListener.java:298) - Rolled back transaction after test execution for test context [DefaultTestContext@667a6ad5 testClass = IntegraUserCommandValidatorIntegrationSpec, testInstance = com.tim.one.validator.IntegraUserCommandValidatorIntegrationSpec@3c8d340f, testMethod = $spock_feature_0_0@IntegraUserCommandValidatorIntegrationSpec, testException = [null], mergedContextConfiguration = [MergedContextConfiguration@60fba5ba testClass = IntegraUserCommandValidatorIntegrationSpec, locations = '{classpath:/services-appctx.xml, classpath:/persistence-appctx.xml, classpath:/jms-appctx.xml, classpath:/mail-context.xml, classpath:/transaction-appctx.xml, classpath:/formatter-appctx.xml, classpath:/stp-appctx.xml, classpath:/aop-appctx.xml, classpath:/properties-appctx.xml}', classes = '{}', contextInitializerClasses = '[]', activeProfiles = '{}', contextLoader = 'org.springframework.test.context.support.DelegatingSmartContextLoader', parent = [null]]]
2015-05-20 12:04:32,376  INFO [Test worker] (TransactionalTestExecutionListener.java:276) - Began transaction (6) for test context [DefaultTestContext@667a6ad5 testClass = IntegraUserCommandValidatorIntegrationSpec, testInstance = com.tim.one.validator.IntegraUserCommandValidatorIntegrationSpec@528c2446, testMethod = $spock_feature_0_0@IntegraUserCommandValidatorIntegrationSpec, testException = [null], mergedContextConfiguration = [MergedContextConfiguration@60fba5ba testClass = IntegraUserCommandValidatorIntegrationSpec, locations = '{classpath:/services-appctx.xml, classpath:/persistence-appctx.xml, classpath:/jms-appctx.xml, classpath:/mail-context.xml, classpath:/transaction-appctx.xml, classpath:/formatter-appctx.xml, classpath:/stp-appctx.xml, classpath:/aop-appctx.xml, classpath:/properties-appctx.xml}', classes = '{}', contextInitializerClasses = '[]', activeProfiles = '{}', contextLoader = 'org.springframework.test.context.support.DelegatingSmartContextLoader', parent = [null]]]; transaction manager [org.springframework.orm.jpa.JpaTransactionManager@5f5ca74d]; rollback [true]
2015-05-20 12:04:32,384  INFO [Test worker] (?:?) - violations:1
2015-05-20 12:04:32,385  INFO [Test worker] (?:?) - field:uuid
2015-05-20 12:04:32,385  INFO [Test worker] (?:?) - message:size must be between 1 and 32
2015-05-20 12:04:32,386  INFO [Test worker] (TransactionalTestExecutionListener.java:298) - Rolled back transaction after test execution for test context [DefaultTestContext@667a6ad5 testClass = IntegraUserCommandValidatorIntegrationSpec, testInstance = com.tim.one.validator.IntegraUserCommandValidatorIntegrationSpec@528c2446, testMethod = $spock_feature_0_0@IntegraUserCommandValidatorIntegrationSpec, testException = [null], mergedContextConfiguration = [MergedContextConfiguration@60fba5ba testClass = IntegraUserCommandValidatorIntegrationSpec, locations = '{classpath:/services-appctx.xml, classpath:/persistence-appctx.xml, classpath:/jms-appctx.xml, classpath:/mail-context.xml, classpath:/transaction-appctx.xml, classpath:/formatter-appctx.xml, classpath:/stp-appctx.xml, classpath:/aop-appctx.xml, classpath:/properties-appctx.xml}', classes = '{}', contextInitializerClasses = '[]', activeProfiles = '{}', contextLoader = 'org.springframework.test.context.support.DelegatingSmartContextLoader', parent = [null]]]
2015-05-20 12:04:32,390  INFO [Test worker] (TransactionalTestExecutionListener.java:276) - Began transaction (7) for test context [DefaultTestContext@667a6ad5 testClass = IntegraUserCommandValidatorIntegrationSpec, testInstance = com.tim.one.validator.IntegraUserCommandValidatorIntegrationSpec@6d18c940, testMethod = $spock_feature_0_0@IntegraUserCommandValidatorIntegrationSpec, testException = [null], mergedContextConfiguration = [MergedContextConfiguration@60fba5ba testClass = IntegraUserCommandValidatorIntegrationSpec, locations = '{classpath:/services-appctx.xml, classpath:/persistence-appctx.xml, classpath:/jms-appctx.xml, classpath:/mail-context.xml, classpath:/transaction-appctx.xml, classpath:/formatter-appctx.xml, classpath:/stp-appctx.xml, classpath:/aop-appctx.xml, classpath:/properties-appctx.xml}', classes = '{}', contextInitializerClasses = '[]', activeProfiles = '{}', contextLoader = 'org.springframework.test.context.support.DelegatingSmartContextLoader', parent = [null]]]; transaction manager [org.springframework.orm.jpa.JpaTransactionManager@5f5ca74d]; rollback [true]
2015-05-20 12:04:32,398  INFO [Test worker] (?:?) - violations:1
2015-05-20 12:04:32,398  INFO [Test worker] (?:?) - field:name
2015-05-20 12:04:32,398  INFO [Test worker] (?:?) - message:may not be null
2015-05-20 12:04:32,400  INFO [Test worker] (TransactionalTestExecutionListener.java:298) - Rolled back transaction after test execution for test context [DefaultTestContext@667a6ad5 testClass = IntegraUserCommandValidatorIntegrationSpec, testInstance = com.tim.one.validator.IntegraUserCommandValidatorIntegrationSpec@6d18c940, testMethod = $spock_feature_0_0@IntegraUserCommandValidatorIntegrationSpec, testException = [null], mergedContextConfiguration = [MergedContextConfiguration@60fba5ba testClass = IntegraUserCommandValidatorIntegrationSpec, locations = '{classpath:/services-appctx.xml, classpath:/persistence-appctx.xml, classpath:/jms-appctx.xml, classpath:/mail-context.xml, classpath:/transaction-appctx.xml, classpath:/formatter-appctx.xml, classpath:/stp-appctx.xml, classpath:/aop-appctx.xml, classpath:/properties-appctx.xml}', classes = '{}', contextInitializerClasses = '[]', activeProfiles = '{}', contextLoader = 'org.springframework.test.context.support.DelegatingSmartContextLoader', parent = [null]]]
2015-05-20 12:04:32,402  INFO [Test worker] (TransactionalTestExecutionListener.java:276) - Began transaction (8) for test context [DefaultTestContext@667a6ad5 testClass = IntegraUserCommandValidatorIntegrationSpec, testInstance = com.tim.one.validator.IntegraUserCommandValidatorIntegrationSpec@522d47d5, testMethod = $spock_feature_0_0@IntegraUserCommandValidatorIntegrationSpec, testException = [null], mergedContextConfiguration = [MergedContextConfiguration@60fba5ba testClass = IntegraUserCommandValidatorIntegrationSpec, locations = '{classpath:/services-appctx.xml, classpath:/persistence-appctx.xml, classpath:/jms-appctx.xml, classpath:/mail-context.xml, classpath:/transaction-appctx.xml, classpath:/formatter-appctx.xml, classpath:/stp-appctx.xml, classpath:/aop-appctx.xml, classpath:/properties-appctx.xml}', classes = '{}', contextInitializerClasses = '[]', activeProfiles = '{}', contextLoader = 'org.springframework.test.context.support.DelegatingSmartContextLoader', parent = [null]]]; transaction manager [org.springframework.orm.jpa.JpaTransactionManager@5f5ca74d]; rollback [true]
2015-05-20 12:04:32,411  INFO [Test worker] (?:?) - violations:1
2015-05-20 12:04:32,411  INFO [Test worker] (?:?) - field:name
2015-05-20 12:04:32,412  INFO [Test worker] (?:?) - message:size must be between 1 and 255
2015-05-20 12:04:32,413  INFO [Test worker] (TransactionalTestExecutionListener.java:298) - Rolled back transaction after test execution for test context [DefaultTestContext@667a6ad5 testClass = IntegraUserCommandValidatorIntegrationSpec, testInstance = com.tim.one.validator.IntegraUserCommandValidatorIntegrationSpec@522d47d5, testMethod = $spock_feature_0_0@IntegraUserCommandValidatorIntegrationSpec, testException = [null], mergedContextConfiguration = [MergedContextConfiguration@60fba5ba testClass = IntegraUserCommandValidatorIntegrationSpec, locations = '{classpath:/services-appctx.xml, classpath:/persistence-appctx.xml, classpath:/jms-appctx.xml, classpath:/mail-context.xml, classpath:/transaction-appctx.xml, classpath:/formatter-appctx.xml, classpath:/stp-appctx.xml, classpath:/aop-appctx.xml, classpath:/properties-appctx.xml}', classes = '{}', contextInitializerClasses = '[]', activeProfiles = '{}', contextLoader = 'org.springframework.test.context.support.DelegatingSmartContextLoader', parent = [null]]]
2015-05-20 12:04:32,416  INFO [Test worker] (TransactionalTestExecutionListener.java:276) - Began transaction (9) for test context [DefaultTestContext@667a6ad5 testClass = IntegraUserCommandValidatorIntegrationSpec, testInstance = com.tim.one.validator.IntegraUserCommandValidatorIntegrationSpec@5e4cc024, testMethod = $spock_feature_0_0@IntegraUserCommandValidatorIntegrationSpec, testException = [null], mergedContextConfiguration = [MergedContextConfiguration@60fba5ba testClass = IntegraUserCommandValidatorIntegrationSpec, locations = '{classpath:/services-appctx.xml, classpath:/persistence-appctx.xml, classpath:/jms-appctx.xml, classpath:/mail-context.xml, classpath:/transaction-appctx.xml, classpath:/formatter-appctx.xml, classpath:/stp-appctx.xml, classpath:/aop-appctx.xml, classpath:/properties-appctx.xml}', classes = '{}', contextInitializerClasses = '[]', activeProfiles = '{}', contextLoader = 'org.springframework.test.context.support.DelegatingSmartContextLoader', parent = [null]]]; transaction manager [org.springframework.orm.jpa.JpaTransactionManager@5f5ca74d]; rollback [true]
2015-05-20 12:04:32,425  INFO [Test worker] (?:?) - violations:1
2015-05-20 12:04:32,426  INFO [Test worker] (?:?) - field:email
2015-05-20 12:04:32,426  INFO [Test worker] (?:?) - message:may not be null
2015-05-20 12:04:32,427  INFO [Test worker] (TransactionalTestExecutionListener.java:298) - Rolled back transaction after test execution for test context [DefaultTestContext@667a6ad5 testClass = IntegraUserCommandValidatorIntegrationSpec, testInstance = com.tim.one.validator.IntegraUserCommandValidatorIntegrationSpec@5e4cc024, testMethod = $spock_feature_0_0@IntegraUserCommandValidatorIntegrationSpec, testException = [null], mergedContextConfiguration = [MergedContextConfiguration@60fba5ba testClass = IntegraUserCommandValidatorIntegrationSpec, locations = '{classpath:/services-appctx.xml, classpath:/persistence-appctx.xml, classpath:/jms-appctx.xml, classpath:/mail-context.xml, classpath:/transaction-appctx.xml, classpath:/formatter-appctx.xml, classpath:/stp-appctx.xml, classpath:/aop-appctx.xml, classpath:/properties-appctx.xml}', classes = '{}', contextInitializerClasses = '[]', activeProfiles = '{}', contextLoader = 'org.springframework.test.context.support.DelegatingSmartContextLoader', parent = [null]]]
2015-05-20 12:04:32,430  INFO [Test worker] (TransactionalTestExecutionListener.java:276) - Began transaction (10) for test context [DefaultTestContext@667a6ad5 testClass = IntegraUserCommandValidatorIntegrationSpec, testInstance = com.tim.one.validator.IntegraUserCommandValidatorIntegrationSpec@34d9fbf2, testMethod = $spock_feature_0_0@IntegraUserCommandValidatorIntegrationSpec, testException = [null], mergedContextConfiguration = [MergedContextConfiguration@60fba5ba testClass = IntegraUserCommandValidatorIntegrationSpec, locations = '{classpath:/services-appctx.xml, classpath:/persistence-appctx.xml, classpath:/jms-appctx.xml, classpath:/mail-context.xml, classpath:/transaction-appctx.xml, classpath:/formatter-appctx.xml, classpath:/stp-appctx.xml, classpath:/aop-appctx.xml, classpath:/properties-appctx.xml}', classes = '{}', contextInitializerClasses = '[]', activeProfiles = '{}', contextLoader = 'org.springframework.test.context.support.DelegatingSmartContextLoader', parent = [null]]]; transaction manager [org.springframework.orm.jpa.JpaTransactionManager@5f5ca74d]; rollback [true]
2015-05-20 12:04:32,439  INFO [Test worker] (?:?) - violations:0
2015-05-20 12:04:32,440  INFO [Test worker] (TransactionalTestExecutionListener.java:298) - Rolled back transaction after test execution for test context [DefaultTestContext@667a6ad5 testClass = IntegraUserCommandValidatorIntegrationSpec, testInstance = com.tim.one.validator.IntegraUserCommandValidatorIntegrationSpec@34d9fbf2, testMethod = $spock_feature_0_0@IntegraUserCommandValidatorIntegrationSpec, testException = [null], mergedContextConfiguration = [MergedContextConfiguration@60fba5ba testClass = IntegraUserCommandValidatorIntegrationSpec, locations = '{classpath:/services-appctx.xml, classpath:/persistence-appctx.xml, classpath:/jms-appctx.xml, classpath:/mail-context.xml, classpath:/transaction-appctx.xml, classpath:/formatter-appctx.xml, classpath:/stp-appctx.xml, classpath:/aop-appctx.xml, classpath:/properties-appctx.xml}', classes = '{}', contextInitializerClasses = '[]', activeProfiles = '{}', contextLoader = 'org.springframework.test.context.support.DelegatingSmartContextLoader', parent = [null]]]
2015-05-20 12:04:32,443  INFO [Test worker] (TransactionalTestExecutionListener.java:276) - Began transaction (11) for test context [DefaultTestContext@667a6ad5 testClass = IntegraUserCommandValidatorIntegrationSpec, testInstance = com.tim.one.validator.IntegraUserCommandValidatorIntegrationSpec@58c77cd7, testMethod = $spock_feature_0_0@IntegraUserCommandValidatorIntegrationSpec, testException = [null], mergedContextConfiguration = [MergedContextConfiguration@60fba5ba testClass = IntegraUserCommandValidatorIntegrationSpec, locations = '{classpath:/services-appctx.xml, classpath:/persistence-appctx.xml, classpath:/jms-appctx.xml, classpath:/mail-context.xml, classpath:/transaction-appctx.xml, classpath:/formatter-appctx.xml, classpath:/stp-appctx.xml, classpath:/aop-appctx.xml, classpath:/properties-appctx.xml}', classes = '{}', contextInitializerClasses = '[]', activeProfiles = '{}', contextLoader = 'org.springframework.test.context.support.DelegatingSmartContextLoader', parent = [null]]]; transaction manager [org.springframework.orm.jpa.JpaTransactionManager@5f5ca74d]; rollback [true]
2015-05-20 12:04:32,452  INFO [Test worker] (?:?) - violations:1
2015-05-20 12:04:32,452  INFO [Test worker] (?:?) - field:uuid
2015-05-20 12:04:32,453  INFO [Test worker] (?:?) - message:may have unsafe html content
2015-05-20 12:04:32,454  INFO [Test worker] (TransactionalTestExecutionListener.java:298) - Rolled back transaction after test execution for test context [DefaultTestContext@667a6ad5 testClass = IntegraUserCommandValidatorIntegrationSpec, testInstance = com.tim.one.validator.IntegraUserCommandValidatorIntegrationSpec@58c77cd7, testMethod = $spock_feature_0_0@IntegraUserCommandValidatorIntegrationSpec, testException = [null], mergedContextConfiguration = [MergedContextConfiguration@60fba5ba testClass = IntegraUserCommandValidatorIntegrationSpec, locations = '{classpath:/services-appctx.xml, classpath:/persistence-appctx.xml, classpath:/jms-appctx.xml, classpath:/mail-context.xml, classpath:/transaction-appctx.xml, classpath:/formatter-appctx.xml, classpath:/stp-appctx.xml, classpath:/aop-appctx.xml, classpath:/properties-appctx.xml}', classes = '{}', contextInitializerClasses = '[]', activeProfiles = '{}', contextLoader = 'org.springframework.test.context.support.DelegatingSmartContextLoader', parent = [null]]]
2015-05-20 12:04:32,457  INFO [Test worker] (TransactionalTestExecutionListener.java:276) - Began transaction (12) for test context [DefaultTestContext@667a6ad5 testClass = IntegraUserCommandValidatorIntegrationSpec, testInstance = com.tim.one.validator.IntegraUserCommandValidatorIntegrationSpec@6d9b6bda, testMethod = $spock_feature_0_0@IntegraUserCommandValidatorIntegrationSpec, testException = [null], mergedContextConfiguration = [MergedContextConfiguration@60fba5ba testClass = IntegraUserCommandValidatorIntegrationSpec, locations = '{classpath:/services-appctx.xml, classpath:/persistence-appctx.xml, classpath:/jms-appctx.xml, classpath:/mail-context.xml, classpath:/transaction-appctx.xml, classpath:/formatter-appctx.xml, classpath:/stp-appctx.xml, classpath:/aop-appctx.xml, classpath:/properties-appctx.xml}', classes = '{}', contextInitializerClasses = '[]', activeProfiles = '{}', contextLoader = 'org.springframework.test.context.support.DelegatingSmartContextLoader', parent = [null]]]; transaction manager [org.springframework.orm.jpa.JpaTransactionManager@5f5ca74d]; rollback [true]
2015-05-20 12:04:32,466  INFO [Test worker] (?:?) - violations:1
2015-05-20 12:04:32,466  INFO [Test worker] (?:?) - field:name
2015-05-20 12:04:32,467  INFO [Test worker] (?:?) - message:may have unsafe html content
2015-05-20 12:04:32,468  INFO [Test worker] (TransactionalTestExecutionListener.java:298) - Rolled back transaction after test execution for test context [DefaultTestContext@667a6ad5 testClass = IntegraUserCommandValidatorIntegrationSpec, testInstance = com.tim.one.validator.IntegraUserCommandValidatorIntegrationSpec@6d9b6bda, testMethod = $spock_feature_0_0@IntegraUserCommandValidatorIntegrationSpec, testException = [null], mergedContextConfiguration = [MergedContextConfiguration@60fba5ba testClass = IntegraUserCommandValidatorIntegrationSpec, locations = '{classpath:/services-appctx.xml, classpath:/persistence-appctx.xml, classpath:/jms-appctx.xml, classpath:/mail-context.xml, classpath:/transaction-appctx.xml, classpath:/formatter-appctx.xml, classpath:/stp-appctx.xml, classpath:/aop-appctx.xml, classpath:/properties-appctx.xml}', classes = '{}', contextInitializerClasses = '[]', activeProfiles = '{}', contextLoader = 'org.springframework.test.context.support.DelegatingSmartContextLoader', parent = [null]]]
]]></system-out>
  <system-err><![CDATA[]]></system-err>
</testsuite>
