<?xml version="1.0" encoding="UTF-8"?>
<testsuite name="com.tim.one.controller.TestCategoryController" tests="3" skipped="0" failures="0" errors="0" timestamp="2015-05-20T17:04:33" hostname="josdem-Inspiron-5420" time="0.016">
  <properties/>
  <testcase name="shouldListCategories" classname="com.tim.one.controller.TestCategoryController" time="0.009"/>
  <testcase name="shouldListSubCategories" classname="com.tim.one.controller.TestCategoryController" time="0.002"/>
  <testcase name="shouldListAllSubcategories" classname="com.tim.one.controller.TestCategoryController" time="0.002"/>
  <system-out><![CDATA[2015-05-20 12:04:33,979  INFO [Test worker] (CategoryController.java:42) - LISTING Project's categories
2015-05-20 12:04:33,984  INFO [Test worker] (CategoryController.java:55) - LISTING Project's subcategories:  1
2015-05-20 12:04:33,986  INFO [Test worker] (CategoryController.java:68) - LISTING Project's all subcategories
]]></system-out>
  <system-err><![CDATA[]]></system-err>
</testsuite>
