<?xml version="1.0" encoding="UTF-8"?>
<testsuite name="com.tim.one.validator.DeleteLimitAmountCommandValidatorIntegrationSpec" tests="11" skipped="0" failures="0" errors="0" timestamp="2015-05-20T17:04:29" hostname="josdem-Inspiron-5420" time="0.139">
  <properties/>
  <testcase name="When we have a user with #Error:userId as id, and user with #Error:destinationId as id and want to delete maximum amount &#10;&#9;&#9;&#9;to transfer, when we validate we expecting that result is: true" classname="com.tim.one.validator.DeleteLimitAmountCommandValidatorIntegrationSpec" time="0.025"/>
  <testcase name="When we have a user with #Error:userId as id, and user with #Error:destinationId as id and want to delete maximum amount &#10;&#9;&#9;&#9;to transfer, when we validate we expecting that result is: false" classname="com.tim.one.validator.DeleteLimitAmountCommandValidatorIntegrationSpec" time="0.012"/>
  <testcase name="When we have a user with #Error:userId as id, and user with #Error:destinationId as id and want to delete maximum amount &#10;&#9;&#9;&#9;to transfer, when we validate we expecting that result is: false" classname="com.tim.one.validator.DeleteLimitAmountCommandValidatorIntegrationSpec" time="0.01"/>
  <testcase name="When we have a user with #Error:userId as id, and user with #Error:destinationId as id and want to delete maximum amount &#10;&#9;&#9;&#9;to transfer, when we validate we expecting that result is: false" classname="com.tim.one.validator.DeleteLimitAmountCommandValidatorIntegrationSpec" time="0.011"/>
  <testcase name="When we have a user with #Error:userId as id, and user with #Error:destinationId as id and want to delete maximum amount &#10;&#9;&#9;&#9;to transfer, when we validate we expecting that result is: false" classname="com.tim.one.validator.DeleteLimitAmountCommandValidatorIntegrationSpec" time="0.011"/>
  <testcase name="When we have a user with #Error:userId as id, and user with #Error:destinationId as id and want to delete maximum amount &#10;&#9;&#9;&#9;to transfer, when we validate we expecting that result is: false" classname="com.tim.one.validator.DeleteLimitAmountCommandValidatorIntegrationSpec" time="0.013"/>
  <testcase name="When we have a user with #Error:userId as id, and user with #Error:destinationId as id and want to delete maximum amount &#10;&#9;&#9;&#9;to transfer, when we validate we expecting that result is: false" classname="com.tim.one.validator.DeleteLimitAmountCommandValidatorIntegrationSpec" time="0.01"/>
  <testcase name="When we have a user with #Error:userId as id, and user with #Error:destinationId as id and want to delete maximum amount &#10;&#9;&#9;&#9;to transfer, when we validate we expecting that result is: false" classname="com.tim.one.validator.DeleteLimitAmountCommandValidatorIntegrationSpec" time="0.011"/>
  <testcase name="When we have a user with #Error:userId as id, and user with #Error:destinationId as id and want to delete maximum amount &#10;&#9;&#9;&#9;to transfer, when we validate we expecting that result is: false" classname="com.tim.one.validator.DeleteLimitAmountCommandValidatorIntegrationSpec" time="0.01"/>
  <testcase name="When we have a user with #Error:userId as id, and user with #Error:destinationId as id and want to delete maximum amount &#10;&#9;&#9;&#9;to transfer, when we validate we expecting that result is: false" classname="com.tim.one.validator.DeleteLimitAmountCommandValidatorIntegrationSpec" time="0.01"/>
  <testcase name="When we have a user with #Error:userId as id, and user with #Error:destinationId as id and want to delete maximum amount &#10;&#9;&#9;&#9;to transfer, when we validate we expecting that result is: false" classname="com.tim.one.validator.DeleteLimitAmountCommandValidatorIntegrationSpec" time="0.011"/>
  <system-out><![CDATA[2015-05-20 12:04:29,943 DEBUG [Test worker] (AbstractFallbackTransactionAttributeSource.java:108) - Adding transactional method 'DeleteLimitAmountCommandValidatorIntegrationSpec.$spock_feature_0_0' with attribute: PROPAGATION_REQUIRED,ISOLATION_DEFAULT; ''
2015-05-20 12:04:29,945  INFO [Test worker] (TransactionalTestExecutionListener.java:276) - Began transaction (1) for test context [DefaultTestContext@2d7ea138 testClass = DeleteLimitAmountCommandValidatorIntegrationSpec, testInstance = com.tim.one.validator.DeleteLimitAmountCommandValidatorIntegrationSpec@548a7add, testMethod = $spock_feature_0_0@DeleteLimitAmountCommandValidatorIntegrationSpec, testException = [null], mergedContextConfiguration = [MergedContextConfiguration@4f886e87 testClass = DeleteLimitAmountCommandValidatorIntegrationSpec, locations = '{classpath:/services-appctx.xml, classpath:/persistence-appctx.xml, classpath:/jms-appctx.xml, classpath:/mail-context.xml, classpath:/transaction-appctx.xml, classpath:/formatter-appctx.xml, classpath:/stp-appctx.xml, classpath:/aop-appctx.xml, classpath:/properties-appctx.xml}', classes = '{}', contextInitializerClasses = '[]', activeProfiles = '{}', contextLoader = 'org.springframework.test.context.support.DelegatingSmartContextLoader', parent = [null]]]; transaction manager [org.springframework.orm.jpa.JpaTransactionManager@5f5ca74d]; rollback [true]
2015-05-20 12:04:29,955  INFO [Test worker] (?:?) - violations:0
2015-05-20 12:04:29,956  INFO [Test worker] (TransactionalTestExecutionListener.java:298) - Rolled back transaction after test execution for test context [DefaultTestContext@2d7ea138 testClass = DeleteLimitAmountCommandValidatorIntegrationSpec, testInstance = com.tim.one.validator.DeleteLimitAmountCommandValidatorIntegrationSpec@548a7add, testMethod = $spock_feature_0_0@DeleteLimitAmountCommandValidatorIntegrationSpec, testException = [null], mergedContextConfiguration = [MergedContextConfiguration@4f886e87 testClass = DeleteLimitAmountCommandValidatorIntegrationSpec, locations = '{classpath:/services-appctx.xml, classpath:/persistence-appctx.xml, classpath:/jms-appctx.xml, classpath:/mail-context.xml, classpath:/transaction-appctx.xml, classpath:/formatter-appctx.xml, classpath:/stp-appctx.xml, classpath:/aop-appctx.xml, classpath:/properties-appctx.xml}', classes = '{}', contextInitializerClasses = '[]', activeProfiles = '{}', contextLoader = 'org.springframework.test.context.support.DelegatingSmartContextLoader', parent = [null]]]
2015-05-20 12:04:29,959  INFO [Test worker] (TransactionalTestExecutionListener.java:276) - Began transaction (2) for test context [DefaultTestContext@2d7ea138 testClass = DeleteLimitAmountCommandValidatorIntegrationSpec, testInstance = com.tim.one.validator.DeleteLimitAmountCommandValidatorIntegrationSpec@2ebaafcf, testMethod = $spock_feature_0_0@DeleteLimitAmountCommandValidatorIntegrationSpec, testException = [null], mergedContextConfiguration = [MergedContextConfiguration@4f886e87 testClass = DeleteLimitAmountCommandValidatorIntegrationSpec, locations = '{classpath:/services-appctx.xml, classpath:/persistence-appctx.xml, classpath:/jms-appctx.xml, classpath:/mail-context.xml, classpath:/transaction-appctx.xml, classpath:/formatter-appctx.xml, classpath:/stp-appctx.xml, classpath:/aop-appctx.xml, classpath:/properties-appctx.xml}', classes = '{}', contextInitializerClasses = '[]', activeProfiles = '{}', contextLoader = 'org.springframework.test.context.support.DelegatingSmartContextLoader', parent = [null]]]; transaction manager [org.springframework.orm.jpa.JpaTransactionManager@5f5ca74d]; rollback [true]
2015-05-20 12:04:29,965  INFO [Test worker] (?:?) - violations:1
2015-05-20 12:04:29,966  INFO [Test worker] (?:?) - field:userUuid
2015-05-20 12:04:29,967  INFO [Test worker] (?:?) - message:size must be between 32 and 32
2015-05-20 12:04:29,968  INFO [Test worker] (TransactionalTestExecutionListener.java:298) - Rolled back transaction after test execution for test context [DefaultTestContext@2d7ea138 testClass = DeleteLimitAmountCommandValidatorIntegrationSpec, testInstance = com.tim.one.validator.DeleteLimitAmountCommandValidatorIntegrationSpec@2ebaafcf, testMethod = $spock_feature_0_0@DeleteLimitAmountCommandValidatorIntegrationSpec, testException = [null], mergedContextConfiguration = [MergedContextConfiguration@4f886e87 testClass = DeleteLimitAmountCommandValidatorIntegrationSpec, locations = '{classpath:/services-appctx.xml, classpath:/persistence-appctx.xml, classpath:/jms-appctx.xml, classpath:/mail-context.xml, classpath:/transaction-appctx.xml, classpath:/formatter-appctx.xml, classpath:/stp-appctx.xml, classpath:/aop-appctx.xml, classpath:/properties-appctx.xml}', classes = '{}', contextInitializerClasses = '[]', activeProfiles = '{}', contextLoader = 'org.springframework.test.context.support.DelegatingSmartContextLoader', parent = [null]]]
2015-05-20 12:04:29,971  INFO [Test worker] (TransactionalTestExecutionListener.java:276) - Began transaction (3) for test context [DefaultTestContext@2d7ea138 testClass = DeleteLimitAmountCommandValidatorIntegrationSpec, testInstance = com.tim.one.validator.DeleteLimitAmountCommandValidatorIntegrationSpec@5c27620f, testMethod = $spock_feature_0_0@DeleteLimitAmountCommandValidatorIntegrationSpec, testException = [null], mergedContextConfiguration = [MergedContextConfiguration@4f886e87 testClass = DeleteLimitAmountCommandValidatorIntegrationSpec, locations = '{classpath:/services-appctx.xml, classpath:/persistence-appctx.xml, classpath:/jms-appctx.xml, classpath:/mail-context.xml, classpath:/transaction-appctx.xml, classpath:/formatter-appctx.xml, classpath:/stp-appctx.xml, classpath:/aop-appctx.xml, classpath:/properties-appctx.xml}', classes = '{}', contextInitializerClasses = '[]', activeProfiles = '{}', contextLoader = 'org.springframework.test.context.support.DelegatingSmartContextLoader', parent = [null]]]; transaction manager [org.springframework.orm.jpa.JpaTransactionManager@5f5ca74d]; rollback [true]
2015-05-20 12:04:29,977  INFO [Test worker] (?:?) - violations:1
2015-05-20 12:04:29,977  INFO [Test worker] (?:?) - field:userUuid
2015-05-20 12:04:29,978  INFO [Test worker] (?:?) - message:size must be between 32 and 32
2015-05-20 12:04:29,980  INFO [Test worker] (TransactionalTestExecutionListener.java:298) - Rolled back transaction after test execution for test context [DefaultTestContext@2d7ea138 testClass = DeleteLimitAmountCommandValidatorIntegrationSpec, testInstance = com.tim.one.validator.DeleteLimitAmountCommandValidatorIntegrationSpec@5c27620f, testMethod = $spock_feature_0_0@DeleteLimitAmountCommandValidatorIntegrationSpec, testException = [null], mergedContextConfiguration = [MergedContextConfiguration@4f886e87 testClass = DeleteLimitAmountCommandValidatorIntegrationSpec, locations = '{classpath:/services-appctx.xml, classpath:/persistence-appctx.xml, classpath:/jms-appctx.xml, classpath:/mail-context.xml, classpath:/transaction-appctx.xml, classpath:/formatter-appctx.xml, classpath:/stp-appctx.xml, classpath:/aop-appctx.xml, classpath:/properties-appctx.xml}', classes = '{}', contextInitializerClasses = '[]', activeProfiles = '{}', contextLoader = 'org.springframework.test.context.support.DelegatingSmartContextLoader', parent = [null]]]
2015-05-20 12:04:29,984  INFO [Test worker] (TransactionalTestExecutionListener.java:276) - Began transaction (4) for test context [DefaultTestContext@2d7ea138 testClass = DeleteLimitAmountCommandValidatorIntegrationSpec, testInstance = com.tim.one.validator.DeleteLimitAmountCommandValidatorIntegrationSpec@5a9ad3aa, testMethod = $spock_feature_0_0@DeleteLimitAmountCommandValidatorIntegrationSpec, testException = [null], mergedContextConfiguration = [MergedContextConfiguration@4f886e87 testClass = DeleteLimitAmountCommandValidatorIntegrationSpec, locations = '{classpath:/services-appctx.xml, classpath:/persistence-appctx.xml, classpath:/jms-appctx.xml, classpath:/mail-context.xml, classpath:/transaction-appctx.xml, classpath:/formatter-appctx.xml, classpath:/stp-appctx.xml, classpath:/aop-appctx.xml, classpath:/properties-appctx.xml}', classes = '{}', contextInitializerClasses = '[]', activeProfiles = '{}', contextLoader = 'org.springframework.test.context.support.DelegatingSmartContextLoader', parent = [null]]]; transaction manager [org.springframework.orm.jpa.JpaTransactionManager@5f5ca74d]; rollback [true]
2015-05-20 12:04:29,991  INFO [Test worker] (?:?) - violations:1
2015-05-20 12:04:29,991  INFO [Test worker] (?:?) - field:userUuid
2015-05-20 12:04:29,992  INFO [Test worker] (?:?) - message:size must be between 32 and 32
2015-05-20 12:04:29,993  INFO [Test worker] (TransactionalTestExecutionListener.java:298) - Rolled back transaction after test execution for test context [DefaultTestContext@2d7ea138 testClass = DeleteLimitAmountCommandValidatorIntegrationSpec, testInstance = com.tim.one.validator.DeleteLimitAmountCommandValidatorIntegrationSpec@5a9ad3aa, testMethod = $spock_feature_0_0@DeleteLimitAmountCommandValidatorIntegrationSpec, testException = [null], mergedContextConfiguration = [MergedContextConfiguration@4f886e87 testClass = DeleteLimitAmountCommandValidatorIntegrationSpec, locations = '{classpath:/services-appctx.xml, classpath:/persistence-appctx.xml, classpath:/jms-appctx.xml, classpath:/mail-context.xml, classpath:/transaction-appctx.xml, classpath:/formatter-appctx.xml, classpath:/stp-appctx.xml, classpath:/aop-appctx.xml, classpath:/properties-appctx.xml}', classes = '{}', contextInitializerClasses = '[]', activeProfiles = '{}', contextLoader = 'org.springframework.test.context.support.DelegatingSmartContextLoader', parent = [null]]]
2015-05-20 12:04:29,995  INFO [Test worker] (TransactionalTestExecutionListener.java:276) - Began transaction (5) for test context [DefaultTestContext@2d7ea138 testClass = DeleteLimitAmountCommandValidatorIntegrationSpec, testInstance = com.tim.one.validator.DeleteLimitAmountCommandValidatorIntegrationSpec@6993a463, testMethod = $spock_feature_0_0@DeleteLimitAmountCommandValidatorIntegrationSpec, testException = [null], mergedContextConfiguration = [MergedContextConfiguration@4f886e87 testClass = DeleteLimitAmountCommandValidatorIntegrationSpec, locations = '{classpath:/services-appctx.xml, classpath:/persistence-appctx.xml, classpath:/jms-appctx.xml, classpath:/mail-context.xml, classpath:/transaction-appctx.xml, classpath:/formatter-appctx.xml, classpath:/stp-appctx.xml, classpath:/aop-appctx.xml, classpath:/properties-appctx.xml}', classes = '{}', contextInitializerClasses = '[]', activeProfiles = '{}', contextLoader = 'org.springframework.test.context.support.DelegatingSmartContextLoader', parent = [null]]]; transaction manager [org.springframework.orm.jpa.JpaTransactionManager@5f5ca74d]; rollback [true]
2015-05-20 12:04:30,003  INFO [Test worker] (?:?) - violations:1
2015-05-20 12:04:30,003  INFO [Test worker] (?:?) - field:userUuid
2015-05-20 12:04:30,003  INFO [Test worker] (?:?) - message:may not be null
2015-05-20 12:04:30,004  INFO [Test worker] (TransactionalTestExecutionListener.java:298) - Rolled back transaction after test execution for test context [DefaultTestContext@2d7ea138 testClass = DeleteLimitAmountCommandValidatorIntegrationSpec, testInstance = com.tim.one.validator.DeleteLimitAmountCommandValidatorIntegrationSpec@6993a463, testMethod = $spock_feature_0_0@DeleteLimitAmountCommandValidatorIntegrationSpec, testException = [null], mergedContextConfiguration = [MergedContextConfiguration@4f886e87 testClass = DeleteLimitAmountCommandValidatorIntegrationSpec, locations = '{classpath:/services-appctx.xml, classpath:/persistence-appctx.xml, classpath:/jms-appctx.xml, classpath:/mail-context.xml, classpath:/transaction-appctx.xml, classpath:/formatter-appctx.xml, classpath:/stp-appctx.xml, classpath:/aop-appctx.xml, classpath:/properties-appctx.xml}', classes = '{}', contextInitializerClasses = '[]', activeProfiles = '{}', contextLoader = 'org.springframework.test.context.support.DelegatingSmartContextLoader', parent = [null]]]
2015-05-20 12:04:30,007  INFO [Test worker] (TransactionalTestExecutionListener.java:276) - Began transaction (6) for test context [DefaultTestContext@2d7ea138 testClass = DeleteLimitAmountCommandValidatorIntegrationSpec, testInstance = com.tim.one.validator.DeleteLimitAmountCommandValidatorIntegrationSpec@784e8580, testMethod = $spock_feature_0_0@DeleteLimitAmountCommandValidatorIntegrationSpec, testException = [null], mergedContextConfiguration = [MergedContextConfiguration@4f886e87 testClass = DeleteLimitAmountCommandValidatorIntegrationSpec, locations = '{classpath:/services-appctx.xml, classpath:/persistence-appctx.xml, classpath:/jms-appctx.xml, classpath:/mail-context.xml, classpath:/transaction-appctx.xml, classpath:/formatter-appctx.xml, classpath:/stp-appctx.xml, classpath:/aop-appctx.xml, classpath:/properties-appctx.xml}', classes = '{}', contextInitializerClasses = '[]', activeProfiles = '{}', contextLoader = 'org.springframework.test.context.support.DelegatingSmartContextLoader', parent = [null]]]; transaction manager [org.springframework.orm.jpa.JpaTransactionManager@5f5ca74d]; rollback [true]
2015-05-20 12:04:30,013  INFO [Test worker] (?:?) - violations:2
2015-05-20 12:04:30,014  INFO [Test worker] (?:?) - field:userUuid
2015-05-20 12:04:30,014  INFO [Test worker] (?:?) - message:may have unsafe html content
2015-05-20 12:04:30,017  INFO [Test worker] (TransactionalTestExecutionListener.java:298) - Rolled back transaction after test execution for test context [DefaultTestContext@2d7ea138 testClass = DeleteLimitAmountCommandValidatorIntegrationSpec, testInstance = com.tim.one.validator.DeleteLimitAmountCommandValidatorIntegrationSpec@784e8580, testMethod = $spock_feature_0_0@DeleteLimitAmountCommandValidatorIntegrationSpec, testException = [null], mergedContextConfiguration = [MergedContextConfiguration@4f886e87 testClass = DeleteLimitAmountCommandValidatorIntegrationSpec, locations = '{classpath:/services-appctx.xml, classpath:/persistence-appctx.xml, classpath:/jms-appctx.xml, classpath:/mail-context.xml, classpath:/transaction-appctx.xml, classpath:/formatter-appctx.xml, classpath:/stp-appctx.xml, classpath:/aop-appctx.xml, classpath:/properties-appctx.xml}', classes = '{}', contextInitializerClasses = '[]', activeProfiles = '{}', contextLoader = 'org.springframework.test.context.support.DelegatingSmartContextLoader', parent = [null]]]
2015-05-20 12:04:30,020  INFO [Test worker] (TransactionalTestExecutionListener.java:276) - Began transaction (7) for test context [DefaultTestContext@2d7ea138 testClass = DeleteLimitAmountCommandValidatorIntegrationSpec, testInstance = com.tim.one.validator.DeleteLimitAmountCommandValidatorIntegrationSpec@7f67ac59, testMethod = $spock_feature_0_0@DeleteLimitAmountCommandValidatorIntegrationSpec, testException = [null], mergedContextConfiguration = [MergedContextConfiguration@4f886e87 testClass = DeleteLimitAmountCommandValidatorIntegrationSpec, locations = '{classpath:/services-appctx.xml, classpath:/persistence-appctx.xml, classpath:/jms-appctx.xml, classpath:/mail-context.xml, classpath:/transaction-appctx.xml, classpath:/formatter-appctx.xml, classpath:/stp-appctx.xml, classpath:/aop-appctx.xml, classpath:/properties-appctx.xml}', classes = '{}', contextInitializerClasses = '[]', activeProfiles = '{}', contextLoader = 'org.springframework.test.context.support.DelegatingSmartContextLoader', parent = [null]]]; transaction manager [org.springframework.orm.jpa.JpaTransactionManager@5f5ca74d]; rollback [true]
2015-05-20 12:04:30,026  INFO [Test worker] (?:?) - violations:1
2015-05-20 12:04:30,027  INFO [Test worker] (?:?) - field:destinationUuid
2015-05-20 12:04:30,027  INFO [Test worker] (?:?) - message:size must be between 32 and 32
2015-05-20 12:04:30,028  INFO [Test worker] (TransactionalTestExecutionListener.java:298) - Rolled back transaction after test execution for test context [DefaultTestContext@2d7ea138 testClass = DeleteLimitAmountCommandValidatorIntegrationSpec, testInstance = com.tim.one.validator.DeleteLimitAmountCommandValidatorIntegrationSpec@7f67ac59, testMethod = $spock_feature_0_0@DeleteLimitAmountCommandValidatorIntegrationSpec, testException = [null], mergedContextConfiguration = [MergedContextConfiguration@4f886e87 testClass = DeleteLimitAmountCommandValidatorIntegrationSpec, locations = '{classpath:/services-appctx.xml, classpath:/persistence-appctx.xml, classpath:/jms-appctx.xml, classpath:/mail-context.xml, classpath:/transaction-appctx.xml, classpath:/formatter-appctx.xml, classpath:/stp-appctx.xml, classpath:/aop-appctx.xml, classpath:/properties-appctx.xml}', classes = '{}', contextInitializerClasses = '[]', activeProfiles = '{}', contextLoader = 'org.springframework.test.context.support.DelegatingSmartContextLoader', parent = [null]]]
2015-05-20 12:04:30,030  INFO [Test worker] (TransactionalTestExecutionListener.java:276) - Began transaction (8) for test context [DefaultTestContext@2d7ea138 testClass = DeleteLimitAmountCommandValidatorIntegrationSpec, testInstance = com.tim.one.validator.DeleteLimitAmountCommandValidatorIntegrationSpec@4eca6d36, testMethod = $spock_feature_0_0@DeleteLimitAmountCommandValidatorIntegrationSpec, testException = [null], mergedContextConfiguration = [MergedContextConfiguration@4f886e87 testClass = DeleteLimitAmountCommandValidatorIntegrationSpec, locations = '{classpath:/services-appctx.xml, classpath:/persistence-appctx.xml, classpath:/jms-appctx.xml, classpath:/mail-context.xml, classpath:/transaction-appctx.xml, classpath:/formatter-appctx.xml, classpath:/stp-appctx.xml, classpath:/aop-appctx.xml, classpath:/properties-appctx.xml}', classes = '{}', contextInitializerClasses = '[]', activeProfiles = '{}', contextLoader = 'org.springframework.test.context.support.DelegatingSmartContextLoader', parent = [null]]]; transaction manager [org.springframework.orm.jpa.JpaTransactionManager@5f5ca74d]; rollback [true]
2015-05-20 12:04:30,037  INFO [Test worker] (?:?) - violations:1
2015-05-20 12:04:30,037  INFO [Test worker] (?:?) - field:destinationUuid
2015-05-20 12:04:30,038  INFO [Test worker] (?:?) - message:size must be between 32 and 32
2015-05-20 12:04:30,039  INFO [Test worker] (TransactionalTestExecutionListener.java:298) - Rolled back transaction after test execution for test context [DefaultTestContext@2d7ea138 testClass = DeleteLimitAmountCommandValidatorIntegrationSpec, testInstance = com.tim.one.validator.DeleteLimitAmountCommandValidatorIntegrationSpec@4eca6d36, testMethod = $spock_feature_0_0@DeleteLimitAmountCommandValidatorIntegrationSpec, testException = [null], mergedContextConfiguration = [MergedContextConfiguration@4f886e87 testClass = DeleteLimitAmountCommandValidatorIntegrationSpec, locations = '{classpath:/services-appctx.xml, classpath:/persistence-appctx.xml, classpath:/jms-appctx.xml, classpath:/mail-context.xml, classpath:/transaction-appctx.xml, classpath:/formatter-appctx.xml, classpath:/stp-appctx.xml, classpath:/aop-appctx.xml, classpath:/properties-appctx.xml}', classes = '{}', contextInitializerClasses = '[]', activeProfiles = '{}', contextLoader = 'org.springframework.test.context.support.DelegatingSmartContextLoader', parent = [null]]]
2015-05-20 12:04:30,041  INFO [Test worker] (TransactionalTestExecutionListener.java:276) - Began transaction (9) for test context [DefaultTestContext@2d7ea138 testClass = DeleteLimitAmountCommandValidatorIntegrationSpec, testInstance = com.tim.one.validator.DeleteLimitAmountCommandValidatorIntegrationSpec@12656603, testMethod = $spock_feature_0_0@DeleteLimitAmountCommandValidatorIntegrationSpec, testException = [null], mergedContextConfiguration = [MergedContextConfiguration@4f886e87 testClass = DeleteLimitAmountCommandValidatorIntegrationSpec, locations = '{classpath:/services-appctx.xml, classpath:/persistence-appctx.xml, classpath:/jms-appctx.xml, classpath:/mail-context.xml, classpath:/transaction-appctx.xml, classpath:/formatter-appctx.xml, classpath:/stp-appctx.xml, classpath:/aop-appctx.xml, classpath:/properties-appctx.xml}', classes = '{}', contextInitializerClasses = '[]', activeProfiles = '{}', contextLoader = 'org.springframework.test.context.support.DelegatingSmartContextLoader', parent = [null]]]; transaction manager [org.springframework.orm.jpa.JpaTransactionManager@5f5ca74d]; rollback [true]
2015-05-20 12:04:30,046  INFO [Test worker] (?:?) - violations:1
2015-05-20 12:04:30,047  INFO [Test worker] (?:?) - field:destinationUuid
2015-05-20 12:04:30,047  INFO [Test worker] (?:?) - message:size must be between 32 and 32
2015-05-20 12:04:30,049  INFO [Test worker] (TransactionalTestExecutionListener.java:298) - Rolled back transaction after test execution for test context [DefaultTestContext@2d7ea138 testClass = DeleteLimitAmountCommandValidatorIntegrationSpec, testInstance = com.tim.one.validator.DeleteLimitAmountCommandValidatorIntegrationSpec@12656603, testMethod = $spock_feature_0_0@DeleteLimitAmountCommandValidatorIntegrationSpec, testException = [null], mergedContextConfiguration = [MergedContextConfiguration@4f886e87 testClass = DeleteLimitAmountCommandValidatorIntegrationSpec, locations = '{classpath:/services-appctx.xml, classpath:/persistence-appctx.xml, classpath:/jms-appctx.xml, classpath:/mail-context.xml, classpath:/transaction-appctx.xml, classpath:/formatter-appctx.xml, classpath:/stp-appctx.xml, classpath:/aop-appctx.xml, classpath:/properties-appctx.xml}', classes = '{}', contextInitializerClasses = '[]', activeProfiles = '{}', contextLoader = 'org.springframework.test.context.support.DelegatingSmartContextLoader', parent = [null]]]
2015-05-20 12:04:30,052  INFO [Test worker] (TransactionalTestExecutionListener.java:276) - Began transaction (10) for test context [DefaultTestContext@2d7ea138 testClass = DeleteLimitAmountCommandValidatorIntegrationSpec, testInstance = com.tim.one.validator.DeleteLimitAmountCommandValidatorIntegrationSpec@25b9ec1, testMethod = $spock_feature_0_0@DeleteLimitAmountCommandValidatorIntegrationSpec, testException = [null], mergedContextConfiguration = [MergedContextConfiguration@4f886e87 testClass = DeleteLimitAmountCommandValidatorIntegrationSpec, locations = '{classpath:/services-appctx.xml, classpath:/persistence-appctx.xml, classpath:/jms-appctx.xml, classpath:/mail-context.xml, classpath:/transaction-appctx.xml, classpath:/formatter-appctx.xml, classpath:/stp-appctx.xml, classpath:/aop-appctx.xml, classpath:/properties-appctx.xml}', classes = '{}', contextInitializerClasses = '[]', activeProfiles = '{}', contextLoader = 'org.springframework.test.context.support.DelegatingSmartContextLoader', parent = [null]]]; transaction manager [org.springframework.orm.jpa.JpaTransactionManager@5f5ca74d]; rollback [true]
2015-05-20 12:04:30,058  INFO [Test worker] (?:?) - violations:1
2015-05-20 12:04:30,058  INFO [Test worker] (?:?) - field:destinationUuid
2015-05-20 12:04:30,059  INFO [Test worker] (?:?) - message:may not be null
2015-05-20 12:04:30,060  INFO [Test worker] (TransactionalTestExecutionListener.java:298) - Rolled back transaction after test execution for test context [DefaultTestContext@2d7ea138 testClass = DeleteLimitAmountCommandValidatorIntegrationSpec, testInstance = com.tim.one.validator.DeleteLimitAmountCommandValidatorIntegrationSpec@25b9ec1, testMethod = $spock_feature_0_0@DeleteLimitAmountCommandValidatorIntegrationSpec, testException = [null], mergedContextConfiguration = [MergedContextConfiguration@4f886e87 testClass = DeleteLimitAmountCommandValidatorIntegrationSpec, locations = '{classpath:/services-appctx.xml, classpath:/persistence-appctx.xml, classpath:/jms-appctx.xml, classpath:/mail-context.xml, classpath:/transaction-appctx.xml, classpath:/formatter-appctx.xml, classpath:/stp-appctx.xml, classpath:/aop-appctx.xml, classpath:/properties-appctx.xml}', classes = '{}', contextInitializerClasses = '[]', activeProfiles = '{}', contextLoader = 'org.springframework.test.context.support.DelegatingSmartContextLoader', parent = [null]]]
2015-05-20 12:04:30,062  INFO [Test worker] (TransactionalTestExecutionListener.java:276) - Began transaction (11) for test context [DefaultTestContext@2d7ea138 testClass = DeleteLimitAmountCommandValidatorIntegrationSpec, testInstance = com.tim.one.validator.DeleteLimitAmountCommandValidatorIntegrationSpec@37e01d82, testMethod = $spock_feature_0_0@DeleteLimitAmountCommandValidatorIntegrationSpec, testException = [null], mergedContextConfiguration = [MergedContextConfiguration@4f886e87 testClass = DeleteLimitAmountCommandValidatorIntegrationSpec, locations = '{classpath:/services-appctx.xml, classpath:/persistence-appctx.xml, classpath:/jms-appctx.xml, classpath:/mail-context.xml, classpath:/transaction-appctx.xml, classpath:/formatter-appctx.xml, classpath:/stp-appctx.xml, classpath:/aop-appctx.xml, classpath:/properties-appctx.xml}', classes = '{}', contextInitializerClasses = '[]', activeProfiles = '{}', contextLoader = 'org.springframework.test.context.support.DelegatingSmartContextLoader', parent = [null]]]; transaction manager [org.springframework.orm.jpa.JpaTransactionManager@5f5ca74d]; rollback [true]
2015-05-20 12:04:30,069  INFO [Test worker] (?:?) - violations:2
2015-05-20 12:04:30,070  INFO [Test worker] (?:?) - field:destinationUuid
2015-05-20 12:04:30,070  INFO [Test worker] (?:?) - message:may have unsafe html content
2015-05-20 12:04:30,071  INFO [Test worker] (TransactionalTestExecutionListener.java:298) - Rolled back transaction after test execution for test context [DefaultTestContext@2d7ea138 testClass = DeleteLimitAmountCommandValidatorIntegrationSpec, testInstance = com.tim.one.validator.DeleteLimitAmountCommandValidatorIntegrationSpec@37e01d82, testMethod = $spock_feature_0_0@DeleteLimitAmountCommandValidatorIntegrationSpec, testException = [null], mergedContextConfiguration = [MergedContextConfiguration@4f886e87 testClass = DeleteLimitAmountCommandValidatorIntegrationSpec, locations = '{classpath:/services-appctx.xml, classpath:/persistence-appctx.xml, classpath:/jms-appctx.xml, classpath:/mail-context.xml, classpath:/transaction-appctx.xml, classpath:/formatter-appctx.xml, classpath:/stp-appctx.xml, classpath:/aop-appctx.xml, classpath:/properties-appctx.xml}', classes = '{}', contextInitializerClasses = '[]', activeProfiles = '{}', contextLoader = 'org.springframework.test.context.support.DelegatingSmartContextLoader', parent = [null]]]
]]></system-out>
  <system-err><![CDATA[]]></system-err>
</testsuite>
