<?xml version="1.0" encoding="UTF-8"?>
<testsuite name="com.tim.one.controller.TestProjectController" tests="51" skipped="0" failures="0" errors="0" timestamp="2015-05-20T17:04:34" hostname="josdem-Inspiron-5420" time="0.733">
  <properties/>
  <testcase name="shouldFindProjectsByUserId" classname="com.tim.one.controller.TestProjectController" time="0.224"/>
  <testcase name="shouldGetProjectsByHigherBalance" classname="com.tim.one.controller.TestProjectController" time="0.008"/>
  <testcase name="shouldSaveBoxOfficeSales" classname="com.tim.one.controller.TestProjectController" time="0.009"/>
  <testcase name="shouldGetProjectsByCategoryId" classname="com.tim.one.controller.TestProjectController" time="0.008"/>
  <testcase name="shouldNotSaveBoxOfficeSalesDueToNonExistentCode" classname="com.tim.one.controller.TestProjectController" time="0.013"/>
  <testcase name="shouldSaveProviderPayment" classname="com.tim.one.controller.TestProjectController" time="0.009"/>
  <testcase name="shouldGetProjectsBySubategoryId" classname="com.tim.one.controller.TestProjectController" time="0.009"/>
  <testcase name="shouldNotChangeStatusDueToNoProject" classname="com.tim.one.controller.TestProjectController" time="0.013"/>
  <testcase name="shouldNotSaveProvidersDueToErrorOnSaving" classname="com.tim.one.controller.TestProjectController" time="0.024"/>
  <testcase name="shouldNotSaveProviderPaymentDueToSettlementProviderPaidException" classname="com.tim.one.controller.TestProjectController" time="0.014"/>
  <testcase name="shouldGetProjectsFundedByUserId" classname="com.tim.one.controller.TestProjectController" time="0.01"/>
  <testcase name="shouldGetProductsInvestedByUserId" classname="com.tim.one.controller.TestProjectController" time="0.01"/>
  <testcase name="shouldListProjectsByType" classname="com.tim.one.controller.TestProjectController" time="0.009"/>
  <testcase name="shouldGetSections" classname="com.tim.one.controller.TestProjectController" time="0.011"/>
  <testcase name="shouldNotSaveProviderPaymentDueToAdvanceProviderPaidException" classname="com.tim.one.controller.TestProjectController" time="0.014"/>
  <testcase name="shouldGetProjectsFundedOrInvestedByUserId" classname="com.tim.one.controller.TestProjectController" time="0.01"/>
  <testcase name="shouldCreateFinancialData" classname="com.tim.one.controller.TestProjectController" time="0.012"/>
  <testcase name="shouldNotSaveProducerPaymentDueToError" classname="com.tim.one.controller.TestProjectController" time="0.006"/>
  <testcase name="shouldNotDeleteProjectUnitSaleDueToOperationStatusException" classname="com.tim.one.controller.TestProjectController" time="0.01"/>
  <testcase name="shouldRate" classname="com.tim.one.controller.TestProjectController" time="0.007"/>
  <testcase name="shouldNotChangeStatusDueToNoFinancialData" classname="com.tim.one.controller.TestProjectController" time="0.012"/>
  <testcase name="shouldNotConsumeUnitsDueToNonSufficientFunds" classname="com.tim.one.controller.TestProjectController" time="0.008"/>
  <testcase name="shouldNotConsumeUnitsDueToNonSufficientUnits" classname="com.tim.one.controller.TestProjectController" time="0.013"/>
  <testcase name="shouldNotSaveBoxOfficeSalesDueToNoTramaAccountWasFound" classname="com.tim.one.controller.TestProjectController" time="0.009"/>
  <testcase name="shouldNotSaveBoxOfficeSalesDueToNoSufficientFundsFound" classname="com.tim.one.controller.TestProjectController" time="0.009"/>
  <testcase name="shouldDeleteProjectUnitSale" classname="com.tim.one.controller.TestProjectController" time="0.008"/>
  <testcase name="shouldSaveProviders" classname="com.tim.one.controller.TestProjectController" time="0.008"/>
  <testcase name="shouldNotChangeStatusDueToChangeStatusException" classname="com.tim.one.controller.TestProjectController" time="0.008"/>
  <testcase name="shouldCreateProject" classname="com.tim.one.controller.TestProjectController" time="0.011"/>
  <testcase name="shouldGetBestSupportedProjects" classname="com.tim.one.controller.TestProjectController" time="0.007"/>
  <testcase name="shouldSaveProducerPayment" classname="com.tim.one.controller.TestProjectController" time="0.007"/>
  <testcase name="shouldNotDeleteProjectUnitSaleDueToNotValidParameterException" classname="com.tim.one.controller.TestProjectController" time="0.008"/>
  <testcase name="shouldNotSaveProviderPaymentDueToNoUserException" classname="com.tim.one.controller.TestProjectController" time="0.007"/>
  <testcase name="shouldNotSaveBoxOfficeSalesDueToNoSufficientUnits" classname="com.tim.one.controller.TestProjectController" time="0.009"/>
  <testcase name="shouldGetProjectsByTypeCategoryId" classname="com.tim.one.controller.TestProjectController" time="0.008"/>
  <testcase name="shouldGetProjectsByTypeSubategoryId" classname="com.tim.one.controller.TestProjectController" time="0.007"/>
  <testcase name="shouldGetByTag" classname="com.tim.one.controller.TestProjectController" time="0.006"/>
  <testcase name="shouldGetProjectClosestToEndFunding" classname="com.tim.one.controller.TestProjectController" time="0.008"/>
  <testcase name="shouldConsumeUnits" classname="com.tim.one.controller.TestProjectController" time="0.005"/>
  <testcase name="shouldGetProductsClosestToEndPresentation" classname="com.tim.one.controller.TestProjectController" time="0.008"/>
  <testcase name="shouldGetProjectById" classname="com.tim.one.controller.TestProjectController" time="0.043"/>
  <testcase name="shouldGetProjectsByStatuses" classname="com.tim.one.controller.TestProjectController" time="0.006"/>
  <testcase name="shouldNotDeleteProjectUnitSaleDueNonProjectUnitSaleException" classname="com.tim.one.controller.TestProjectController" time="0.013"/>
  <testcase name="shouldNotGetByKeyword" classname="com.tim.one.controller.TestProjectController" time="0.011"/>
  <testcase name="shouldChangeStatus" classname="com.tim.one.controller.TestProjectController" time="0.007"/>
  <testcase name="shouldNotSaveProviderPaymentDueToNonProjectProviderException" classname="com.tim.one.controller.TestProjectController" time="0.011"/>
  <testcase name="shouldNotChangeStatusDueToNonSufficientFundsException" classname="com.tim.one.controller.TestProjectController" time="0.007"/>
  <testcase name="shouldListProjects" classname="com.tim.one.controller.TestProjectController" time="0.007"/>
  <testcase name="shouldGetByKeyword" classname="com.tim.one.controller.TestProjectController" time="0.008"/>
  <testcase name="shouldSaveVariableCosts" classname="com.tim.one.controller.TestProjectController" time="0.006"/>
  <testcase name="shouldNotChangeStatusDueToNoAdministrativeAccount" classname="com.tim.one.controller.TestProjectController" time="0.004"/>
  <system-out><![CDATA[2015-05-20 12:04:34,281  INFO [Test worker] (ProjectController.java:158) - Get Projects from userId: userUuid
2015-05-20 12:04:34,289  INFO [Test worker] (ProjectController.java:321) - LISTING Project's highest balance
2015-05-20 12:04:34,298  INFO [Test worker] (ProjectController.java:544) - Save project's box office section 
2015-05-20 12:04:34,307  INFO [Test worker] (ProjectController.java:224) - LISTING Projects with category id: 3
2015-05-20 12:04:34,321  INFO [Test worker] (ProjectController.java:544) - Save project's box office section 
2015-05-20 12:04:34,331  INFO [Test worker] (ProjectController.java:501) - Save provider's payment: providerUuid
2015-05-20 12:04:34,340  INFO [Test worker] (ProjectController.java:215) - LISTING Projects with subcategory id: 2
2015-05-20 12:04:34,354  INFO [Test worker] (ProjectController.java:422) - Change Project's status: 8 to project: projectUuiduseruserUuid w/comments: comments w/reason: 21callback: callback
2015-05-20 12:04:34,373  INFO [Test worker] (ProjectController.java:457) - Save project's providers: {"projectProviders":[{"projectId":"4","providerId":"382","advanceQuantity":"34","advanceDate":"2013-08-27","settlementQuantity":"45"}]}
2015-05-20 12:04:34,393  INFO [Test worker] (ProjectController.java:501) - Save provider's payment: providerUuid
2015-05-20 12:04:34,403  INFO [Test worker] (ProjectController.java:171) - List authorized projects by userId: userUuid
2015-05-20 12:04:34,413  INFO [Test worker] (ProjectController.java:368) - LISTING Products by userId: userUuid
2015-05-20 12:04:34,423  INFO [Test worker] (ProjectController.java:233) - LISTING Projects by type: 1
2015-05-20 12:04:34,434  INFO [Test worker] (ProjectController.java:409) - List project's sections
2015-05-20 12:04:34,448  INFO [Test worker] (ProjectController.java:501) - Save provider's payment: providerUuid
2015-05-20 12:04:34,459  INFO [Test worker] (ProjectController.java:390) - List projects funded or invested by userId: userUuid
2015-05-20 12:04:34,470  INFO [Test worker] (ProjectController.java:608) - Create Project Financial Data: projectUuid
2015-05-20 12:04:34,479  INFO [Test worker] (ProjectController.java:514) - Save producer's payment: producerUuid
2015-05-20 12:04:34,488  INFO [Test worker] (ProjectController.java:636) - Delete project's unit sale: codeSection
2015-05-20 12:04:34,495  INFO [Test worker] (ProjectController.java:438) - Set Project's rating userId: userUuid to project: projectUuid w/score: 13
2015-05-20 12:04:34,508  INFO [Test worker] (ProjectController.java:422) - Change Project's status: 8 to project: projectUuiduseruserUuid w/comments: comments w/reason: 21callback: callback
2015-05-20 12:04:34,516  INFO [Test worker] (ProjectController.java:527) - Save project's units
2015-05-20 12:04:34,529  INFO [Test worker] (ProjectController.java:527) - Save project's units
2015-05-20 12:04:34,538  INFO [Test worker] (ProjectController.java:544) - Save project's box office section 
2015-05-20 12:04:34,547  INFO [Test worker] (ProjectController.java:544) - Save project's box office section 
2015-05-20 12:04:34,556  INFO [Test worker] (ProjectController.java:636) - Delete project's unit sale: codeSection
2015-05-20 12:04:34,563  INFO [Test worker] (ProjectController.java:457) - Save project's providers: {"projectProviders":[{"projectId":"4","providerId":"382","advanceQuantity":"34","advanceDate":"2013-08-27","settlementQuantity":"45"}]}
2015-05-20 12:04:34,571  INFO [Test worker] (ProjectController.java:422) - Change Project's status: 8 to project: projectUuiduseruserUuid w/comments: comments w/reason: 21callback: callback
2015-05-20 12:04:34,578  INFO [Test worker] (ProjectController.java:560) - CREATING Project
2015-05-20 12:04:34,590  INFO [Test worker] (ProjectController.java:338) - List more profitable projects
2015-05-20 12:04:34,596  INFO [Test worker] (ProjectController.java:514) - Save producer's payment: producerUuid
2015-05-20 12:04:34,605  INFO [Test worker] (ProjectController.java:636) - Delete project's unit sale: codeSection
2015-05-20 12:04:34,612  INFO [Test worker] (ProjectController.java:501) - Save provider's payment: providerUuid
2015-05-20 12:04:34,621  INFO [Test worker] (ProjectController.java:544) - Save project's box office section 
2015-05-20 12:04:34,630  INFO [Test worker] (ProjectController.java:201) - List Projects with category id: 3
2015-05-20 12:04:34,637  INFO [Test worker] (ProjectController.java:192) - List Projects by type with subcategory id and statuses: 2
2015-05-20 12:04:34,643  INFO [Test worker] (ProjectController.java:255) - SEARCHING Project's by tag: tag
2015-05-20 12:04:34,651  INFO [Test worker] (ProjectController.java:287) - LISTING Project's closest to end
2015-05-20 12:04:34,658  INFO [Test worker] (ProjectController.java:527) - Save project's units
2015-05-20 12:04:34,665  INFO [Test worker] (ProjectController.java:304) - Listing Project's closest to end
2015-05-20 12:04:34,707  INFO [Test worker] (ProjectController.java:139) - Listing Project by id: uuid
2015-05-20 12:04:34,714  INFO [Test worker] (ProjectController.java:351) - List Projects by statuses: statuses
2015-05-20 12:04:34,727  INFO [Test worker] (ProjectController.java:636) - Delete project's unit sale: codeSection
2015-05-20 12:04:34,738  INFO [Test worker] (ProjectController.java:268) - List Project's by keyword: keyword
2015-05-20 12:04:34,745  INFO [Test worker] (ProjectController.java:422) - Change Project's status: 8 to project: projectUuiduseruserUuid w/comments: comments w/reason: 21callback: callback
2015-05-20 12:04:34,756  INFO [Test worker] (ProjectController.java:501) - Save provider's payment: providerUuid
2015-05-20 12:04:34,764  INFO [Test worker] (ProjectController.java:422) - Change Project's status: 8 to project: projectUuiduseruserUuid w/comments: comments w/reason: 21callback: callback
2015-05-20 12:04:34,771  INFO [Test worker] (ProjectController.java:241) - Listing all Projects
2015-05-20 12:04:34,778  INFO [Test worker] (ProjectController.java:268) - List Project's by keyword: keyword
2015-05-20 12:04:34,785  INFO [Test worker] (ProjectController.java:474) - TRYING TO READ Project's variable costs
2015-05-20 12:04:34,789  INFO [Test worker] (ProjectController.java:422) - Change Project's status: 8 to project: projectUuiduseruserUuid w/comments: comments w/reason: 21callback: callback
]]></system-out>
  <system-err><![CDATA[]]></system-err>
</testsuite>
