<?xml version="1.0" encoding="UTF-8"?>
<testsuite name="com.tim.one.validator.ProjectChangeStatusCommandValidatorIntegrationSpec" tests="31" skipped="0" failures="0" errors="0" timestamp="2015-05-20T17:04:31" hostname="josdem-Inspiron-5420" time="0.42">
  <properties/>
  <testcase name="When we have an project with id 9fd1e45f77894f3f862a53b21190b857, and user with id 1b2dc143ded044fb9d97e7040ed250f5 and&#10;&#9;status 0 and reason as null and comment as null and&#10;  when we validate we expecting that result is: true" classname="com.tim.one.validator.ProjectChangeStatusCommandValidatorIntegrationSpec" time="0.02"/>
  <testcase name="When we have an project with id &lt;script&gt;alert('hello josdem')&lt;/script&gt;, and user with id 1b2dc143ded044fb9d97e7040ed250f5 and&#10;&#9;status 0 and reason as null and comment as null and&#10;  when we validate we expecting that result is: false" classname="com.tim.one.validator.ProjectChangeStatusCommandValidatorIntegrationSpec" time="0.011"/>
  <testcase name="When we have an project with id 9fd1e45f77894f3f862a53b21190b857, and user with id &lt;script&gt;alert('hello josdem')&lt;/script&gt; and&#10;&#9;status 0 and reason as null and comment as null and&#10;  when we validate we expecting that result is: false" classname="com.tim.one.validator.ProjectChangeStatusCommandValidatorIntegrationSpec" time="0.01"/>
  <testcase name="When we have an project with id 9fd1e45f77894f3f862a53b21190b8579, and user with id 1b2dc143ded044fb9d97e7040ed250f5 and&#10;&#9;status 0 and reason as null and comment as null and&#10;  when we validate we expecting that result is: false" classname="com.tim.one.validator.ProjectChangeStatusCommandValidatorIntegrationSpec" time="0.01"/>
  <testcase name="When we have an project with id 9fd1e45f77894f3f862a53b21190b85, and user with id 1b2dc143ded044fb9d97e7040ed250f5 and&#10;&#9;status 0 and reason as null and comment as null and&#10;  when we validate we expecting that result is: false" classname="com.tim.one.validator.ProjectChangeStatusCommandValidatorIntegrationSpec" time="0.01"/>
  <testcase name="When we have an project with id , and user with id 1b2dc143ded044fb9d97e7040ed250f5 and&#10;&#9;status 0 and reason as null and comment as null and&#10;  when we validate we expecting that result is: false" classname="com.tim.one.validator.ProjectChangeStatusCommandValidatorIntegrationSpec" time="0.012"/>
  <testcase name="When we have an project with id null, and user with id 1b2dc143ded044fb9d97e7040ed250f5 and&#10;&#9;status 0 and reason as null and comment as null and&#10;  when we validate we expecting that result is: false" classname="com.tim.one.validator.ProjectChangeStatusCommandValidatorIntegrationSpec" time="0.011"/>
  <testcase name="When we have an project with id 9fd1e45f77894f3f862a53b21190b857, and user with id 1b2dc143ded044fb9d97e7040ed250f54 and&#10;&#9;status 0 and reason as null and comment as null and&#10;  when we validate we expecting that result is: false" classname="com.tim.one.validator.ProjectChangeStatusCommandValidatorIntegrationSpec" time="0.013"/>
  <testcase name="When we have an project with id 9fd1e45f77894f3f862a53b21190b857, and user with id 1b2dc143ded044fb9d97e7040ed250f and&#10;&#9;status 0 and reason as null and comment as null and&#10;  when we validate we expecting that result is: false" classname="com.tim.one.validator.ProjectChangeStatusCommandValidatorIntegrationSpec" time="0.013"/>
  <testcase name="When we have an project with id 9fd1e45f77894f3f862a53b21190b857, and user with id  and&#10;&#9;status 0 and reason as null and comment as null and&#10;  when we validate we expecting that result is: false" classname="com.tim.one.validator.ProjectChangeStatusCommandValidatorIntegrationSpec" time="0.014"/>
  <testcase name="When we have an project with id 9fd1e45f77894f3f862a53b21190b857, and user with id null and&#10;&#9;status 0 and reason as null and comment as null and&#10;  when we validate we expecting that result is: false" classname="com.tim.one.validator.ProjectChangeStatusCommandValidatorIntegrationSpec" time="0.015"/>
  <testcase name="When we have an project with id 9fd1e45f77894f3f862a53b21190b857, and user with id 1b2dc143ded044fb9d97e7040ed250f5 and&#10;&#9;status -1 and reason as null and comment as null and&#10;  when we validate we expecting that result is: false" classname="com.tim.one.validator.ProjectChangeStatusCommandValidatorIntegrationSpec" time="0.011"/>
  <testcase name="When we have an project with id 9fd1e45f77894f3f862a53b21190b857, and user with id 1b2dc143ded044fb9d97e7040ed250f5 and&#10;&#9;status 1 and reason as null and comment as null and&#10;  when we validate we expecting that result is: true" classname="com.tim.one.validator.ProjectChangeStatusCommandValidatorIntegrationSpec" time="0.015"/>
  <testcase name="When we have an project with id 9fd1e45f77894f3f862a53b21190b857, and user with id 1b2dc143ded044fb9d97e7040ed250f5 and&#10;&#9;status 2 and reason as null and comment as null and&#10;  when we validate we expecting that result is: true" classname="com.tim.one.validator.ProjectChangeStatusCommandValidatorIntegrationSpec" time="0.013"/>
  <testcase name="When we have an project with id 9fd1e45f77894f3f862a53b21190b857, and user with id 1b2dc143ded044fb9d97e7040ed250f5 and&#10;&#9;status 3 and reason as null and comment as null and&#10;  when we validate we expecting that result is: true" classname="com.tim.one.validator.ProjectChangeStatusCommandValidatorIntegrationSpec" time="0.01"/>
  <testcase name="When we have an project with id 9fd1e45f77894f3f862a53b21190b857, and user with id 1b2dc143ded044fb9d97e7040ed250f5 and&#10;&#9;status 4 and reason as null and comment as null and&#10;  when we validate we expecting that result is: true" classname="com.tim.one.validator.ProjectChangeStatusCommandValidatorIntegrationSpec" time="0.018"/>
  <testcase name="When we have an project with id 9fd1e45f77894f3f862a53b21190b857, and user with id 1b2dc143ded044fb9d97e7040ed250f5 and&#10;&#9;status 5 and reason as null and comment as null and&#10;  when we validate we expecting that result is: true" classname="com.tim.one.validator.ProjectChangeStatusCommandValidatorIntegrationSpec" time="0.015"/>
  <testcase name="When we have an project with id 9fd1e45f77894f3f862a53b21190b857, and user with id 1b2dc143ded044fb9d97e7040ed250f5 and&#10;&#9;status 6 and reason as null and comment as null and&#10;  when we validate we expecting that result is: true" classname="com.tim.one.validator.ProjectChangeStatusCommandValidatorIntegrationSpec" time="0.014"/>
  <testcase name="When we have an project with id 9fd1e45f77894f3f862a53b21190b857, and user with id 1b2dc143ded044fb9d97e7040ed250f5 and&#10;&#9;status 7 and reason as null and comment as null and&#10;  when we validate we expecting that result is: true" classname="com.tim.one.validator.ProjectChangeStatusCommandValidatorIntegrationSpec" time="0.015"/>
  <testcase name="When we have an project with id 9fd1e45f77894f3f862a53b21190b857, and user with id 1b2dc143ded044fb9d97e7040ed250f5 and&#10;&#9;status 8 and reason as null and comment as null and&#10;  when we validate we expecting that result is: true" classname="com.tim.one.validator.ProjectChangeStatusCommandValidatorIntegrationSpec" time="0.022"/>
  <testcase name="When we have an project with id 9fd1e45f77894f3f862a53b21190b857, and user with id 1b2dc143ded044fb9d97e7040ed250f5 and&#10;&#9;status 9 and reason as null and comment as null and&#10;  when we validate we expecting that result is: true" classname="com.tim.one.validator.ProjectChangeStatusCommandValidatorIntegrationSpec" time="0.014"/>
  <testcase name="When we have an project with id 9fd1e45f77894f3f862a53b21190b857, and user with id 1b2dc143ded044fb9d97e7040ed250f5 and&#10;&#9;status 10 and reason as null and comment as null and&#10;  when we validate we expecting that result is: true" classname="com.tim.one.validator.ProjectChangeStatusCommandValidatorIntegrationSpec" time="0.015"/>
  <testcase name="When we have an project with id 9fd1e45f77894f3f862a53b21190b857, and user with id 1b2dc143ded044fb9d97e7040ed250f5 and&#10;&#9;status 11 and reason as null and comment as null and&#10;  when we validate we expecting that result is: true" classname="com.tim.one.validator.ProjectChangeStatusCommandValidatorIntegrationSpec" time="0.012"/>
  <testcase name="When we have an project with id 9fd1e45f77894f3f862a53b21190b857, and user with id 1b2dc143ded044fb9d97e7040ed250f5 and&#10;&#9;status 12 and reason as null and comment as null and&#10;  when we validate we expecting that result is: false" classname="com.tim.one.validator.ProjectChangeStatusCommandValidatorIntegrationSpec" time="0.012"/>
  <testcase name="When we have an project with id 9fd1e45f77894f3f862a53b21190b857, and user with id 1b2dc143ded044fb9d97e7040ed250f5 and&#10;&#9;status 0 and reason as 0 and comment as null and&#10;  when we validate we expecting that result is: true" classname="com.tim.one.validator.ProjectChangeStatusCommandValidatorIntegrationSpec" time="0.013"/>
  <testcase name="When we have an project with id 9fd1e45f77894f3f862a53b21190b857, and user with id 1b2dc143ded044fb9d97e7040ed250f5 and&#10;&#9;status 0 and reason as 1 and comment as null and&#10;  when we validate we expecting that result is: true" classname="com.tim.one.validator.ProjectChangeStatusCommandValidatorIntegrationSpec" time="0.015"/>
  <testcase name="When we have an project with id 9fd1e45f77894f3f862a53b21190b857, and user with id 1b2dc143ded044fb9d97e7040ed250f5 and&#10;&#9;status 0 and reason as 2 and comment as null and&#10;  when we validate we expecting that result is: true" classname="com.tim.one.validator.ProjectChangeStatusCommandValidatorIntegrationSpec" time="0.011"/>
  <testcase name="When we have an project with id 9fd1e45f77894f3f862a53b21190b857, and user with id 1b2dc143ded044fb9d97e7040ed250f5 and&#10;&#9;status 0 and reason as -1 and comment as null and&#10;  when we validate we expecting that result is: false" classname="com.tim.one.validator.ProjectChangeStatusCommandValidatorIntegrationSpec" time="0.012"/>
  <testcase name="When we have an project with id 9fd1e45f77894f3f862a53b21190b857, and user with id 1b2dc143ded044fb9d97e7040ed250f5 and&#10;&#9;status 0 and reason as 3 and comment as null and&#10;  when we validate we expecting that result is: false" classname="com.tim.one.validator.ProjectChangeStatusCommandValidatorIntegrationSpec" time="0.014"/>
  <testcase name="When we have an project with id 9fd1e45f77894f3f862a53b21190b857, and user with id 1b2dc143ded044fb9d97e7040ed250f5 and&#10;&#9;status 0 and reason as null and comment as  and&#10;  when we validate we expecting that result is: true" classname="com.tim.one.validator.ProjectChangeStatusCommandValidatorIntegrationSpec" time="0.01"/>
  <testcase name="When we have an project with id 9fd1e45f77894f3f862a53b21190b857, and user with id 1b2dc143ded044fb9d97e7040ed250f5 and&#10;&#9;status 0 and reason as null and comment as &lt;script&gt;alert('hello josdem')&lt;/script&gt; and&#10;  when we validate we expecting that result is: false" classname="com.tim.one.validator.ProjectChangeStatusCommandValidatorIntegrationSpec" time="0.01"/>
  <system-out><![CDATA[2015-05-20 12:04:31,867 DEBUG [Test worker] (AbstractFallbackTransactionAttributeSource.java:108) - Adding transactional method 'ProjectChangeStatusCommandValidatorIntegrationSpec.$spock_feature_0_0' with attribute: PROPAGATION_REQUIRED,ISOLATION_DEFAULT; ''
2015-05-20 12:04:31,868  INFO [Test worker] (TransactionalTestExecutionListener.java:276) - Began transaction (1) for test context [DefaultTestContext@4b84e5d2 testClass = ProjectChangeStatusCommandValidatorIntegrationSpec, testInstance = com.tim.one.validator.ProjectChangeStatusCommandValidatorIntegrationSpec@20c64ba, testMethod = $spock_feature_0_0@ProjectChangeStatusCommandValidatorIntegrationSpec, testException = [null], mergedContextConfiguration = [MergedContextConfiguration@7ba8f062 testClass = ProjectChangeStatusCommandValidatorIntegrationSpec, locations = '{classpath:/services-appctx.xml, classpath:/persistence-appctx.xml, classpath:/jms-appctx.xml, classpath:/mail-context.xml, classpath:/transaction-appctx.xml, classpath:/formatter-appctx.xml, classpath:/stp-appctx.xml, classpath:/aop-appctx.xml, classpath:/properties-appctx.xml}', classes = '{}', contextInitializerClasses = '[]', activeProfiles = '{}', contextLoader = 'org.springframework.test.context.support.DelegatingSmartContextLoader', parent = [null]]]; transaction manager [org.springframework.orm.jpa.JpaTransactionManager@5f5ca74d]; rollback [true]
2015-05-20 12:04:31,878  INFO [Test worker] (?:?) - violations:0
2015-05-20 12:04:31,879  INFO [Test worker] (TransactionalTestExecutionListener.java:298) - Rolled back transaction after test execution for test context [DefaultTestContext@4b84e5d2 testClass = ProjectChangeStatusCommandValidatorIntegrationSpec, testInstance = com.tim.one.validator.ProjectChangeStatusCommandValidatorIntegrationSpec@20c64ba, testMethod = $spock_feature_0_0@ProjectChangeStatusCommandValidatorIntegrationSpec, testException = [null], mergedContextConfiguration = [MergedContextConfiguration@7ba8f062 testClass = ProjectChangeStatusCommandValidatorIntegrationSpec, locations = '{classpath:/services-appctx.xml, classpath:/persistence-appctx.xml, classpath:/jms-appctx.xml, classpath:/mail-context.xml, classpath:/transaction-appctx.xml, classpath:/formatter-appctx.xml, classpath:/stp-appctx.xml, classpath:/aop-appctx.xml, classpath:/properties-appctx.xml}', classes = '{}', contextInitializerClasses = '[]', activeProfiles = '{}', contextLoader = 'org.springframework.test.context.support.DelegatingSmartContextLoader', parent = [null]]]
2015-05-20 12:04:31,882  INFO [Test worker] (TransactionalTestExecutionListener.java:276) - Began transaction (2) for test context [DefaultTestContext@4b84e5d2 testClass = ProjectChangeStatusCommandValidatorIntegrationSpec, testInstance = com.tim.one.validator.ProjectChangeStatusCommandValidatorIntegrationSpec@203d4d63, testMethod = $spock_feature_0_0@ProjectChangeStatusCommandValidatorIntegrationSpec, testException = [null], mergedContextConfiguration = [MergedContextConfiguration@7ba8f062 testClass = ProjectChangeStatusCommandValidatorIntegrationSpec, locations = '{classpath:/services-appctx.xml, classpath:/persistence-appctx.xml, classpath:/jms-appctx.xml, classpath:/mail-context.xml, classpath:/transaction-appctx.xml, classpath:/formatter-appctx.xml, classpath:/stp-appctx.xml, classpath:/aop-appctx.xml, classpath:/properties-appctx.xml}', classes = '{}', contextInitializerClasses = '[]', activeProfiles = '{}', contextLoader = 'org.springframework.test.context.support.DelegatingSmartContextLoader', parent = [null]]]; transaction manager [org.springframework.orm.jpa.JpaTransactionManager@5f5ca74d]; rollback [true]
2015-05-20 12:04:31,889  INFO [Test worker] (?:?) - violations:2
2015-05-20 12:04:31,890  INFO [Test worker] (?:?) - field:projectUuid
2015-05-20 12:04:31,890  INFO [Test worker] (?:?) - message:may have unsafe html content
2015-05-20 12:04:31,891  INFO [Test worker] (TransactionalTestExecutionListener.java:298) - Rolled back transaction after test execution for test context [DefaultTestContext@4b84e5d2 testClass = ProjectChangeStatusCommandValidatorIntegrationSpec, testInstance = com.tim.one.validator.ProjectChangeStatusCommandValidatorIntegrationSpec@203d4d63, testMethod = $spock_feature_0_0@ProjectChangeStatusCommandValidatorIntegrationSpec, testException = [null], mergedContextConfiguration = [MergedContextConfiguration@7ba8f062 testClass = ProjectChangeStatusCommandValidatorIntegrationSpec, locations = '{classpath:/services-appctx.xml, classpath:/persistence-appctx.xml, classpath:/jms-appctx.xml, classpath:/mail-context.xml, classpath:/transaction-appctx.xml, classpath:/formatter-appctx.xml, classpath:/stp-appctx.xml, classpath:/aop-appctx.xml, classpath:/properties-appctx.xml}', classes = '{}', contextInitializerClasses = '[]', activeProfiles = '{}', contextLoader = 'org.springframework.test.context.support.DelegatingSmartContextLoader', parent = [null]]]
2015-05-20 12:04:31,893  INFO [Test worker] (TransactionalTestExecutionListener.java:276) - Began transaction (3) for test context [DefaultTestContext@4b84e5d2 testClass = ProjectChangeStatusCommandValidatorIntegrationSpec, testInstance = com.tim.one.validator.ProjectChangeStatusCommandValidatorIntegrationSpec@51d27c8d, testMethod = $spock_feature_0_0@ProjectChangeStatusCommandValidatorIntegrationSpec, testException = [null], mergedContextConfiguration = [MergedContextConfiguration@7ba8f062 testClass = ProjectChangeStatusCommandValidatorIntegrationSpec, locations = '{classpath:/services-appctx.xml, classpath:/persistence-appctx.xml, classpath:/jms-appctx.xml, classpath:/mail-context.xml, classpath:/transaction-appctx.xml, classpath:/formatter-appctx.xml, classpath:/stp-appctx.xml, classpath:/aop-appctx.xml, classpath:/properties-appctx.xml}', classes = '{}', contextInitializerClasses = '[]', activeProfiles = '{}', contextLoader = 'org.springframework.test.context.support.DelegatingSmartContextLoader', parent = [null]]]; transaction manager [org.springframework.orm.jpa.JpaTransactionManager@5f5ca74d]; rollback [true]
2015-05-20 12:04:31,901  INFO [Test worker] (?:?) - violations:2
2015-05-20 12:04:31,901  INFO [Test worker] (?:?) - field:userUuid
2015-05-20 12:04:31,901  INFO [Test worker] (?:?) - message:may have unsafe html content
2015-05-20 12:04:31,902  INFO [Test worker] (TransactionalTestExecutionListener.java:298) - Rolled back transaction after test execution for test context [DefaultTestContext@4b84e5d2 testClass = ProjectChangeStatusCommandValidatorIntegrationSpec, testInstance = com.tim.one.validator.ProjectChangeStatusCommandValidatorIntegrationSpec@51d27c8d, testMethod = $spock_feature_0_0@ProjectChangeStatusCommandValidatorIntegrationSpec, testException = [null], mergedContextConfiguration = [MergedContextConfiguration@7ba8f062 testClass = ProjectChangeStatusCommandValidatorIntegrationSpec, locations = '{classpath:/services-appctx.xml, classpath:/persistence-appctx.xml, classpath:/jms-appctx.xml, classpath:/mail-context.xml, classpath:/transaction-appctx.xml, classpath:/formatter-appctx.xml, classpath:/stp-appctx.xml, classpath:/aop-appctx.xml, classpath:/properties-appctx.xml}', classes = '{}', contextInitializerClasses = '[]', activeProfiles = '{}', contextLoader = 'org.springframework.test.context.support.DelegatingSmartContextLoader', parent = [null]]]
2015-05-20 12:04:31,904  INFO [Test worker] (TransactionalTestExecutionListener.java:276) - Began transaction (4) for test context [DefaultTestContext@4b84e5d2 testClass = ProjectChangeStatusCommandValidatorIntegrationSpec, testInstance = com.tim.one.validator.ProjectChangeStatusCommandValidatorIntegrationSpec@5fc07ff0, testMethod = $spock_feature_0_0@ProjectChangeStatusCommandValidatorIntegrationSpec, testException = [null], mergedContextConfiguration = [MergedContextConfiguration@7ba8f062 testClass = ProjectChangeStatusCommandValidatorIntegrationSpec, locations = '{classpath:/services-appctx.xml, classpath:/persistence-appctx.xml, classpath:/jms-appctx.xml, classpath:/mail-context.xml, classpath:/transaction-appctx.xml, classpath:/formatter-appctx.xml, classpath:/stp-appctx.xml, classpath:/aop-appctx.xml, classpath:/properties-appctx.xml}', classes = '{}', contextInitializerClasses = '[]', activeProfiles = '{}', contextLoader = 'org.springframework.test.context.support.DelegatingSmartContextLoader', parent = [null]]]; transaction manager [org.springframework.orm.jpa.JpaTransactionManager@5f5ca74d]; rollback [true]
2015-05-20 12:04:31,911  INFO [Test worker] (?:?) - violations:1
2015-05-20 12:04:31,911  INFO [Test worker] (?:?) - field:projectUuid
2015-05-20 12:04:31,911  INFO [Test worker] (?:?) - message:size must be between 32 and 32
2015-05-20 12:04:31,912  INFO [Test worker] (TransactionalTestExecutionListener.java:298) - Rolled back transaction after test execution for test context [DefaultTestContext@4b84e5d2 testClass = ProjectChangeStatusCommandValidatorIntegrationSpec, testInstance = com.tim.one.validator.ProjectChangeStatusCommandValidatorIntegrationSpec@5fc07ff0, testMethod = $spock_feature_0_0@ProjectChangeStatusCommandValidatorIntegrationSpec, testException = [null], mergedContextConfiguration = [MergedContextConfiguration@7ba8f062 testClass = ProjectChangeStatusCommandValidatorIntegrationSpec, locations = '{classpath:/services-appctx.xml, classpath:/persistence-appctx.xml, classpath:/jms-appctx.xml, classpath:/mail-context.xml, classpath:/transaction-appctx.xml, classpath:/formatter-appctx.xml, classpath:/stp-appctx.xml, classpath:/aop-appctx.xml, classpath:/properties-appctx.xml}', classes = '{}', contextInitializerClasses = '[]', activeProfiles = '{}', contextLoader = 'org.springframework.test.context.support.DelegatingSmartContextLoader', parent = [null]]]
2015-05-20 12:04:31,914  INFO [Test worker] (TransactionalTestExecutionListener.java:276) - Began transaction (5) for test context [DefaultTestContext@4b84e5d2 testClass = ProjectChangeStatusCommandValidatorIntegrationSpec, testInstance = com.tim.one.validator.ProjectChangeStatusCommandValidatorIntegrationSpec@2de7616c, testMethod = $spock_feature_0_0@ProjectChangeStatusCommandValidatorIntegrationSpec, testException = [null], mergedContextConfiguration = [MergedContextConfiguration@7ba8f062 testClass = ProjectChangeStatusCommandValidatorIntegrationSpec, locations = '{classpath:/services-appctx.xml, classpath:/persistence-appctx.xml, classpath:/jms-appctx.xml, classpath:/mail-context.xml, classpath:/transaction-appctx.xml, classpath:/formatter-appctx.xml, classpath:/stp-appctx.xml, classpath:/aop-appctx.xml, classpath:/properties-appctx.xml}', classes = '{}', contextInitializerClasses = '[]', activeProfiles = '{}', contextLoader = 'org.springframework.test.context.support.DelegatingSmartContextLoader', parent = [null]]]; transaction manager [org.springframework.orm.jpa.JpaTransactionManager@5f5ca74d]; rollback [true]
2015-05-20 12:04:31,921  INFO [Test worker] (?:?) - violations:1
2015-05-20 12:04:31,921  INFO [Test worker] (?:?) - field:projectUuid
2015-05-20 12:04:31,921  INFO [Test worker] (?:?) - message:size must be between 32 and 32
2015-05-20 12:04:31,922  INFO [Test worker] (TransactionalTestExecutionListener.java:298) - Rolled back transaction after test execution for test context [DefaultTestContext@4b84e5d2 testClass = ProjectChangeStatusCommandValidatorIntegrationSpec, testInstance = com.tim.one.validator.ProjectChangeStatusCommandValidatorIntegrationSpec@2de7616c, testMethod = $spock_feature_0_0@ProjectChangeStatusCommandValidatorIntegrationSpec, testException = [null], mergedContextConfiguration = [MergedContextConfiguration@7ba8f062 testClass = ProjectChangeStatusCommandValidatorIntegrationSpec, locations = '{classpath:/services-appctx.xml, classpath:/persistence-appctx.xml, classpath:/jms-appctx.xml, classpath:/mail-context.xml, classpath:/transaction-appctx.xml, classpath:/formatter-appctx.xml, classpath:/stp-appctx.xml, classpath:/aop-appctx.xml, classpath:/properties-appctx.xml}', classes = '{}', contextInitializerClasses = '[]', activeProfiles = '{}', contextLoader = 'org.springframework.test.context.support.DelegatingSmartContextLoader', parent = [null]]]
2015-05-20 12:04:31,925  INFO [Test worker] (TransactionalTestExecutionListener.java:276) - Began transaction (6) for test context [DefaultTestContext@4b84e5d2 testClass = ProjectChangeStatusCommandValidatorIntegrationSpec, testInstance = com.tim.one.validator.ProjectChangeStatusCommandValidatorIntegrationSpec@3fbe3b4c, testMethod = $spock_feature_0_0@ProjectChangeStatusCommandValidatorIntegrationSpec, testException = [null], mergedContextConfiguration = [MergedContextConfiguration@7ba8f062 testClass = ProjectChangeStatusCommandValidatorIntegrationSpec, locations = '{classpath:/services-appctx.xml, classpath:/persistence-appctx.xml, classpath:/jms-appctx.xml, classpath:/mail-context.xml, classpath:/transaction-appctx.xml, classpath:/formatter-appctx.xml, classpath:/stp-appctx.xml, classpath:/aop-appctx.xml, classpath:/properties-appctx.xml}', classes = '{}', contextInitializerClasses = '[]', activeProfiles = '{}', contextLoader = 'org.springframework.test.context.support.DelegatingSmartContextLoader', parent = [null]]]; transaction manager [org.springframework.orm.jpa.JpaTransactionManager@5f5ca74d]; rollback [true]
2015-05-20 12:04:31,933  INFO [Test worker] (?:?) - violations:1
2015-05-20 12:04:31,933  INFO [Test worker] (?:?) - field:projectUuid
2015-05-20 12:04:31,933  INFO [Test worker] (?:?) - message:size must be between 32 and 32
2015-05-20 12:04:31,934  INFO [Test worker] (TransactionalTestExecutionListener.java:298) - Rolled back transaction after test execution for test context [DefaultTestContext@4b84e5d2 testClass = ProjectChangeStatusCommandValidatorIntegrationSpec, testInstance = com.tim.one.validator.ProjectChangeStatusCommandValidatorIntegrationSpec@3fbe3b4c, testMethod = $spock_feature_0_0@ProjectChangeStatusCommandValidatorIntegrationSpec, testException = [null], mergedContextConfiguration = [MergedContextConfiguration@7ba8f062 testClass = ProjectChangeStatusCommandValidatorIntegrationSpec, locations = '{classpath:/services-appctx.xml, classpath:/persistence-appctx.xml, classpath:/jms-appctx.xml, classpath:/mail-context.xml, classpath:/transaction-appctx.xml, classpath:/formatter-appctx.xml, classpath:/stp-appctx.xml, classpath:/aop-appctx.xml, classpath:/properties-appctx.xml}', classes = '{}', contextInitializerClasses = '[]', activeProfiles = '{}', contextLoader = 'org.springframework.test.context.support.DelegatingSmartContextLoader', parent = [null]]]
2015-05-20 12:04:31,937  INFO [Test worker] (TransactionalTestExecutionListener.java:276) - Began transaction (7) for test context [DefaultTestContext@4b84e5d2 testClass = ProjectChangeStatusCommandValidatorIntegrationSpec, testInstance = com.tim.one.validator.ProjectChangeStatusCommandValidatorIntegrationSpec@74e22337, testMethod = $spock_feature_0_0@ProjectChangeStatusCommandValidatorIntegrationSpec, testException = [null], mergedContextConfiguration = [MergedContextConfiguration@7ba8f062 testClass = ProjectChangeStatusCommandValidatorIntegrationSpec, locations = '{classpath:/services-appctx.xml, classpath:/persistence-appctx.xml, classpath:/jms-appctx.xml, classpath:/mail-context.xml, classpath:/transaction-appctx.xml, classpath:/formatter-appctx.xml, classpath:/stp-appctx.xml, classpath:/aop-appctx.xml, classpath:/properties-appctx.xml}', classes = '{}', contextInitializerClasses = '[]', activeProfiles = '{}', contextLoader = 'org.springframework.test.context.support.DelegatingSmartContextLoader', parent = [null]]]; transaction manager [org.springframework.orm.jpa.JpaTransactionManager@5f5ca74d]; rollback [true]
2015-05-20 12:04:31,944  INFO [Test worker] (?:?) - violations:1
2015-05-20 12:04:31,944  INFO [Test worker] (?:?) - field:projectUuid
2015-05-20 12:04:31,944  INFO [Test worker] (?:?) - message:may not be null
2015-05-20 12:04:31,945  INFO [Test worker] (TransactionalTestExecutionListener.java:298) - Rolled back transaction after test execution for test context [DefaultTestContext@4b84e5d2 testClass = ProjectChangeStatusCommandValidatorIntegrationSpec, testInstance = com.tim.one.validator.ProjectChangeStatusCommandValidatorIntegrationSpec@74e22337, testMethod = $spock_feature_0_0@ProjectChangeStatusCommandValidatorIntegrationSpec, testException = [null], mergedContextConfiguration = [MergedContextConfiguration@7ba8f062 testClass = ProjectChangeStatusCommandValidatorIntegrationSpec, locations = '{classpath:/services-appctx.xml, classpath:/persistence-appctx.xml, classpath:/jms-appctx.xml, classpath:/mail-context.xml, classpath:/transaction-appctx.xml, classpath:/formatter-appctx.xml, classpath:/stp-appctx.xml, classpath:/aop-appctx.xml, classpath:/properties-appctx.xml}', classes = '{}', contextInitializerClasses = '[]', activeProfiles = '{}', contextLoader = 'org.springframework.test.context.support.DelegatingSmartContextLoader', parent = [null]]]
2015-05-20 12:04:31,947  INFO [Test worker] (TransactionalTestExecutionListener.java:276) - Began transaction (8) for test context [DefaultTestContext@4b84e5d2 testClass = ProjectChangeStatusCommandValidatorIntegrationSpec, testInstance = com.tim.one.validator.ProjectChangeStatusCommandValidatorIntegrationSpec@535e7829, testMethod = $spock_feature_0_0@ProjectChangeStatusCommandValidatorIntegrationSpec, testException = [null], mergedContextConfiguration = [MergedContextConfiguration@7ba8f062 testClass = ProjectChangeStatusCommandValidatorIntegrationSpec, locations = '{classpath:/services-appctx.xml, classpath:/persistence-appctx.xml, classpath:/jms-appctx.xml, classpath:/mail-context.xml, classpath:/transaction-appctx.xml, classpath:/formatter-appctx.xml, classpath:/stp-appctx.xml, classpath:/aop-appctx.xml, classpath:/properties-appctx.xml}', classes = '{}', contextInitializerClasses = '[]', activeProfiles = '{}', contextLoader = 'org.springframework.test.context.support.DelegatingSmartContextLoader', parent = [null]]]; transaction manager [org.springframework.orm.jpa.JpaTransactionManager@5f5ca74d]; rollback [true]
2015-05-20 12:04:31,957  INFO [Test worker] (?:?) - violations:1
2015-05-20 12:04:31,957  INFO [Test worker] (?:?) - field:userUuid
2015-05-20 12:04:31,958  INFO [Test worker] (?:?) - message:size must be between 32 and 32
2015-05-20 12:04:31,958  INFO [Test worker] (TransactionalTestExecutionListener.java:298) - Rolled back transaction after test execution for test context [DefaultTestContext@4b84e5d2 testClass = ProjectChangeStatusCommandValidatorIntegrationSpec, testInstance = com.tim.one.validator.ProjectChangeStatusCommandValidatorIntegrationSpec@535e7829, testMethod = $spock_feature_0_0@ProjectChangeStatusCommandValidatorIntegrationSpec, testException = [null], mergedContextConfiguration = [MergedContextConfiguration@7ba8f062 testClass = ProjectChangeStatusCommandValidatorIntegrationSpec, locations = '{classpath:/services-appctx.xml, classpath:/persistence-appctx.xml, classpath:/jms-appctx.xml, classpath:/mail-context.xml, classpath:/transaction-appctx.xml, classpath:/formatter-appctx.xml, classpath:/stp-appctx.xml, classpath:/aop-appctx.xml, classpath:/properties-appctx.xml}', classes = '{}', contextInitializerClasses = '[]', activeProfiles = '{}', contextLoader = 'org.springframework.test.context.support.DelegatingSmartContextLoader', parent = [null]]]
2015-05-20 12:04:31,961  INFO [Test worker] (TransactionalTestExecutionListener.java:276) - Began transaction (9) for test context [DefaultTestContext@4b84e5d2 testClass = ProjectChangeStatusCommandValidatorIntegrationSpec, testInstance = com.tim.one.validator.ProjectChangeStatusCommandValidatorIntegrationSpec@43f9067d, testMethod = $spock_feature_0_0@ProjectChangeStatusCommandValidatorIntegrationSpec, testException = [null], mergedContextConfiguration = [MergedContextConfiguration@7ba8f062 testClass = ProjectChangeStatusCommandValidatorIntegrationSpec, locations = '{classpath:/services-appctx.xml, classpath:/persistence-appctx.xml, classpath:/jms-appctx.xml, classpath:/mail-context.xml, classpath:/transaction-appctx.xml, classpath:/formatter-appctx.xml, classpath:/stp-appctx.xml, classpath:/aop-appctx.xml, classpath:/properties-appctx.xml}', classes = '{}', contextInitializerClasses = '[]', activeProfiles = '{}', contextLoader = 'org.springframework.test.context.support.DelegatingSmartContextLoader', parent = [null]]]; transaction manager [org.springframework.orm.jpa.JpaTransactionManager@5f5ca74d]; rollback [true]
2015-05-20 12:04:31,971  INFO [Test worker] (?:?) - violations:1
2015-05-20 12:04:31,971  INFO [Test worker] (?:?) - field:userUuid
2015-05-20 12:04:31,972  INFO [Test worker] (?:?) - message:size must be between 32 and 32
2015-05-20 12:04:31,973  INFO [Test worker] (TransactionalTestExecutionListener.java:298) - Rolled back transaction after test execution for test context [DefaultTestContext@4b84e5d2 testClass = ProjectChangeStatusCommandValidatorIntegrationSpec, testInstance = com.tim.one.validator.ProjectChangeStatusCommandValidatorIntegrationSpec@43f9067d, testMethod = $spock_feature_0_0@ProjectChangeStatusCommandValidatorIntegrationSpec, testException = [null], mergedContextConfiguration = [MergedContextConfiguration@7ba8f062 testClass = ProjectChangeStatusCommandValidatorIntegrationSpec, locations = '{classpath:/services-appctx.xml, classpath:/persistence-appctx.xml, classpath:/jms-appctx.xml, classpath:/mail-context.xml, classpath:/transaction-appctx.xml, classpath:/formatter-appctx.xml, classpath:/stp-appctx.xml, classpath:/aop-appctx.xml, classpath:/properties-appctx.xml}', classes = '{}', contextInitializerClasses = '[]', activeProfiles = '{}', contextLoader = 'org.springframework.test.context.support.DelegatingSmartContextLoader', parent = [null]]]
2015-05-20 12:04:31,976  INFO [Test worker] (TransactionalTestExecutionListener.java:276) - Began transaction (10) for test context [DefaultTestContext@4b84e5d2 testClass = ProjectChangeStatusCommandValidatorIntegrationSpec, testInstance = com.tim.one.validator.ProjectChangeStatusCommandValidatorIntegrationSpec@3f0081ad, testMethod = $spock_feature_0_0@ProjectChangeStatusCommandValidatorIntegrationSpec, testException = [null], mergedContextConfiguration = [MergedContextConfiguration@7ba8f062 testClass = ProjectChangeStatusCommandValidatorIntegrationSpec, locations = '{classpath:/services-appctx.xml, classpath:/persistence-appctx.xml, classpath:/jms-appctx.xml, classpath:/mail-context.xml, classpath:/transaction-appctx.xml, classpath:/formatter-appctx.xml, classpath:/stp-appctx.xml, classpath:/aop-appctx.xml, classpath:/properties-appctx.xml}', classes = '{}', contextInitializerClasses = '[]', activeProfiles = '{}', contextLoader = 'org.springframework.test.context.support.DelegatingSmartContextLoader', parent = [null]]]; transaction manager [org.springframework.orm.jpa.JpaTransactionManager@5f5ca74d]; rollback [true]
2015-05-20 12:04:31,985  INFO [Test worker] (?:?) - violations:1
2015-05-20 12:04:31,986  INFO [Test worker] (?:?) - field:userUuid
2015-05-20 12:04:31,986  INFO [Test worker] (?:?) - message:size must be between 32 and 32
2015-05-20 12:04:31,987  INFO [Test worker] (TransactionalTestExecutionListener.java:298) - Rolled back transaction after test execution for test context [DefaultTestContext@4b84e5d2 testClass = ProjectChangeStatusCommandValidatorIntegrationSpec, testInstance = com.tim.one.validator.ProjectChangeStatusCommandValidatorIntegrationSpec@3f0081ad, testMethod = $spock_feature_0_0@ProjectChangeStatusCommandValidatorIntegrationSpec, testException = [null], mergedContextConfiguration = [MergedContextConfiguration@7ba8f062 testClass = ProjectChangeStatusCommandValidatorIntegrationSpec, locations = '{classpath:/services-appctx.xml, classpath:/persistence-appctx.xml, classpath:/jms-appctx.xml, classpath:/mail-context.xml, classpath:/transaction-appctx.xml, classpath:/formatter-appctx.xml, classpath:/stp-appctx.xml, classpath:/aop-appctx.xml, classpath:/properties-appctx.xml}', classes = '{}', contextInitializerClasses = '[]', activeProfiles = '{}', contextLoader = 'org.springframework.test.context.support.DelegatingSmartContextLoader', parent = [null]]]
2015-05-20 12:04:31,990  INFO [Test worker] (TransactionalTestExecutionListener.java:276) - Began transaction (11) for test context [DefaultTestContext@4b84e5d2 testClass = ProjectChangeStatusCommandValidatorIntegrationSpec, testInstance = com.tim.one.validator.ProjectChangeStatusCommandValidatorIntegrationSpec@4401f698, testMethod = $spock_feature_0_0@ProjectChangeStatusCommandValidatorIntegrationSpec, testException = [null], mergedContextConfiguration = [MergedContextConfiguration@7ba8f062 testClass = ProjectChangeStatusCommandValidatorIntegrationSpec, locations = '{classpath:/services-appctx.xml, classpath:/persistence-appctx.xml, classpath:/jms-appctx.xml, classpath:/mail-context.xml, classpath:/transaction-appctx.xml, classpath:/formatter-appctx.xml, classpath:/stp-appctx.xml, classpath:/aop-appctx.xml, classpath:/properties-appctx.xml}', classes = '{}', contextInitializerClasses = '[]', activeProfiles = '{}', contextLoader = 'org.springframework.test.context.support.DelegatingSmartContextLoader', parent = [null]]]; transaction manager [org.springframework.orm.jpa.JpaTransactionManager@5f5ca74d]; rollback [true]
2015-05-20 12:04:32,000  INFO [Test worker] (?:?) - violations:1
2015-05-20 12:04:32,001  INFO [Test worker] (?:?) - field:userUuid
2015-05-20 12:04:32,001  INFO [Test worker] (?:?) - message:may not be null
2015-05-20 12:04:32,002  INFO [Test worker] (TransactionalTestExecutionListener.java:298) - Rolled back transaction after test execution for test context [DefaultTestContext@4b84e5d2 testClass = ProjectChangeStatusCommandValidatorIntegrationSpec, testInstance = com.tim.one.validator.ProjectChangeStatusCommandValidatorIntegrationSpec@4401f698, testMethod = $spock_feature_0_0@ProjectChangeStatusCommandValidatorIntegrationSpec, testException = [null], mergedContextConfiguration = [MergedContextConfiguration@7ba8f062 testClass = ProjectChangeStatusCommandValidatorIntegrationSpec, locations = '{classpath:/services-appctx.xml, classpath:/persistence-appctx.xml, classpath:/jms-appctx.xml, classpath:/mail-context.xml, classpath:/transaction-appctx.xml, classpath:/formatter-appctx.xml, classpath:/stp-appctx.xml, classpath:/aop-appctx.xml, classpath:/properties-appctx.xml}', classes = '{}', contextInitializerClasses = '[]', activeProfiles = '{}', contextLoader = 'org.springframework.test.context.support.DelegatingSmartContextLoader', parent = [null]]]
2015-05-20 12:04:32,005  INFO [Test worker] (TransactionalTestExecutionListener.java:276) - Began transaction (12) for test context [DefaultTestContext@4b84e5d2 testClass = ProjectChangeStatusCommandValidatorIntegrationSpec, testInstance = com.tim.one.validator.ProjectChangeStatusCommandValidatorIntegrationSpec@133e1c98, testMethod = $spock_feature_0_0@ProjectChangeStatusCommandValidatorIntegrationSpec, testException = [null], mergedContextConfiguration = [MergedContextConfiguration@7ba8f062 testClass = ProjectChangeStatusCommandValidatorIntegrationSpec, locations = '{classpath:/services-appctx.xml, classpath:/persistence-appctx.xml, classpath:/jms-appctx.xml, classpath:/mail-context.xml, classpath:/transaction-appctx.xml, classpath:/formatter-appctx.xml, classpath:/stp-appctx.xml, classpath:/aop-appctx.xml, classpath:/properties-appctx.xml}', classes = '{}', contextInitializerClasses = '[]', activeProfiles = '{}', contextLoader = 'org.springframework.test.context.support.DelegatingSmartContextLoader', parent = [null]]]; transaction manager [org.springframework.orm.jpa.JpaTransactionManager@5f5ca74d]; rollback [true]
2015-05-20 12:04:32,012  INFO [Test worker] (?:?) - violations:1
2015-05-20 12:04:32,012  INFO [Test worker] (?:?) - field:status
2015-05-20 12:04:32,013  INFO [Test worker] (?:?) - message:must be between 0 and 11
2015-05-20 12:04:32,013  INFO [Test worker] (TransactionalTestExecutionListener.java:298) - Rolled back transaction after test execution for test context [DefaultTestContext@4b84e5d2 testClass = ProjectChangeStatusCommandValidatorIntegrationSpec, testInstance = com.tim.one.validator.ProjectChangeStatusCommandValidatorIntegrationSpec@133e1c98, testMethod = $spock_feature_0_0@ProjectChangeStatusCommandValidatorIntegrationSpec, testException = [null], mergedContextConfiguration = [MergedContextConfiguration@7ba8f062 testClass = ProjectChangeStatusCommandValidatorIntegrationSpec, locations = '{classpath:/services-appctx.xml, classpath:/persistence-appctx.xml, classpath:/jms-appctx.xml, classpath:/mail-context.xml, classpath:/transaction-appctx.xml, classpath:/formatter-appctx.xml, classpath:/stp-appctx.xml, classpath:/aop-appctx.xml, classpath:/properties-appctx.xml}', classes = '{}', contextInitializerClasses = '[]', activeProfiles = '{}', contextLoader = 'org.springframework.test.context.support.DelegatingSmartContextLoader', parent = [null]]]
2015-05-20 12:04:32,015  INFO [Test worker] (TransactionalTestExecutionListener.java:276) - Began transaction (13) for test context [DefaultTestContext@4b84e5d2 testClass = ProjectChangeStatusCommandValidatorIntegrationSpec, testInstance = com.tim.one.validator.ProjectChangeStatusCommandValidatorIntegrationSpec@38e69f63, testMethod = $spock_feature_0_0@ProjectChangeStatusCommandValidatorIntegrationSpec, testException = [null], mergedContextConfiguration = [MergedContextConfiguration@7ba8f062 testClass = ProjectChangeStatusCommandValidatorIntegrationSpec, locations = '{classpath:/services-appctx.xml, classpath:/persistence-appctx.xml, classpath:/jms-appctx.xml, classpath:/mail-context.xml, classpath:/transaction-appctx.xml, classpath:/formatter-appctx.xml, classpath:/stp-appctx.xml, classpath:/aop-appctx.xml, classpath:/properties-appctx.xml}', classes = '{}', contextInitializerClasses = '[]', activeProfiles = '{}', contextLoader = 'org.springframework.test.context.support.DelegatingSmartContextLoader', parent = [null]]]; transaction manager [org.springframework.orm.jpa.JpaTransactionManager@5f5ca74d]; rollback [true]
2015-05-20 12:04:32,026  INFO [Test worker] (?:?) - violations:0
2015-05-20 12:04:32,028  INFO [Test worker] (TransactionalTestExecutionListener.java:298) - Rolled back transaction after test execution for test context [DefaultTestContext@4b84e5d2 testClass = ProjectChangeStatusCommandValidatorIntegrationSpec, testInstance = com.tim.one.validator.ProjectChangeStatusCommandValidatorIntegrationSpec@38e69f63, testMethod = $spock_feature_0_0@ProjectChangeStatusCommandValidatorIntegrationSpec, testException = [null], mergedContextConfiguration = [MergedContextConfiguration@7ba8f062 testClass = ProjectChangeStatusCommandValidatorIntegrationSpec, locations = '{classpath:/services-appctx.xml, classpath:/persistence-appctx.xml, classpath:/jms-appctx.xml, classpath:/mail-context.xml, classpath:/transaction-appctx.xml, classpath:/formatter-appctx.xml, classpath:/stp-appctx.xml, classpath:/aop-appctx.xml, classpath:/properties-appctx.xml}', classes = '{}', contextInitializerClasses = '[]', activeProfiles = '{}', contextLoader = 'org.springframework.test.context.support.DelegatingSmartContextLoader', parent = [null]]]
2015-05-20 12:04:32,032  INFO [Test worker] (TransactionalTestExecutionListener.java:276) - Began transaction (14) for test context [DefaultTestContext@4b84e5d2 testClass = ProjectChangeStatusCommandValidatorIntegrationSpec, testInstance = com.tim.one.validator.ProjectChangeStatusCommandValidatorIntegrationSpec@61af559e, testMethod = $spock_feature_0_0@ProjectChangeStatusCommandValidatorIntegrationSpec, testException = [null], mergedContextConfiguration = [MergedContextConfiguration@7ba8f062 testClass = ProjectChangeStatusCommandValidatorIntegrationSpec, locations = '{classpath:/services-appctx.xml, classpath:/persistence-appctx.xml, classpath:/jms-appctx.xml, classpath:/mail-context.xml, classpath:/transaction-appctx.xml, classpath:/formatter-appctx.xml, classpath:/stp-appctx.xml, classpath:/aop-appctx.xml, classpath:/properties-appctx.xml}', classes = '{}', contextInitializerClasses = '[]', activeProfiles = '{}', contextLoader = 'org.springframework.test.context.support.DelegatingSmartContextLoader', parent = [null]]]; transaction manager [org.springframework.orm.jpa.JpaTransactionManager@5f5ca74d]; rollback [true]
2015-05-20 12:04:32,040  INFO [Test worker] (?:?) - violations:0
2015-05-20 12:04:32,041  INFO [Test worker] (TransactionalTestExecutionListener.java:298) - Rolled back transaction after test execution for test context [DefaultTestContext@4b84e5d2 testClass = ProjectChangeStatusCommandValidatorIntegrationSpec, testInstance = com.tim.one.validator.ProjectChangeStatusCommandValidatorIntegrationSpec@61af559e, testMethod = $spock_feature_0_0@ProjectChangeStatusCommandValidatorIntegrationSpec, testException = [null], mergedContextConfiguration = [MergedContextConfiguration@7ba8f062 testClass = ProjectChangeStatusCommandValidatorIntegrationSpec, locations = '{classpath:/services-appctx.xml, classpath:/persistence-appctx.xml, classpath:/jms-appctx.xml, classpath:/mail-context.xml, classpath:/transaction-appctx.xml, classpath:/formatter-appctx.xml, classpath:/stp-appctx.xml, classpath:/aop-appctx.xml, classpath:/properties-appctx.xml}', classes = '{}', contextInitializerClasses = '[]', activeProfiles = '{}', contextLoader = 'org.springframework.test.context.support.DelegatingSmartContextLoader', parent = [null]]]
2015-05-20 12:04:32,044  INFO [Test worker] (TransactionalTestExecutionListener.java:276) - Began transaction (15) for test context [DefaultTestContext@4b84e5d2 testClass = ProjectChangeStatusCommandValidatorIntegrationSpec, testInstance = com.tim.one.validator.ProjectChangeStatusCommandValidatorIntegrationSpec@5aca1bfb, testMethod = $spock_feature_0_0@ProjectChangeStatusCommandValidatorIntegrationSpec, testException = [null], mergedContextConfiguration = [MergedContextConfiguration@7ba8f062 testClass = ProjectChangeStatusCommandValidatorIntegrationSpec, locations = '{classpath:/services-appctx.xml, classpath:/persistence-appctx.xml, classpath:/jms-appctx.xml, classpath:/mail-context.xml, classpath:/transaction-appctx.xml, classpath:/formatter-appctx.xml, classpath:/stp-appctx.xml, classpath:/aop-appctx.xml, classpath:/properties-appctx.xml}', classes = '{}', contextInitializerClasses = '[]', activeProfiles = '{}', contextLoader = 'org.springframework.test.context.support.DelegatingSmartContextLoader', parent = [null]]]; transaction manager [org.springframework.orm.jpa.JpaTransactionManager@5f5ca74d]; rollback [true]
2015-05-20 12:04:32,050  INFO [Test worker] (?:?) - violations:0
2015-05-20 12:04:32,051  INFO [Test worker] (TransactionalTestExecutionListener.java:298) - Rolled back transaction after test execution for test context [DefaultTestContext@4b84e5d2 testClass = ProjectChangeStatusCommandValidatorIntegrationSpec, testInstance = com.tim.one.validator.ProjectChangeStatusCommandValidatorIntegrationSpec@5aca1bfb, testMethod = $spock_feature_0_0@ProjectChangeStatusCommandValidatorIntegrationSpec, testException = [null], mergedContextConfiguration = [MergedContextConfiguration@7ba8f062 testClass = ProjectChangeStatusCommandValidatorIntegrationSpec, locations = '{classpath:/services-appctx.xml, classpath:/persistence-appctx.xml, classpath:/jms-appctx.xml, classpath:/mail-context.xml, classpath:/transaction-appctx.xml, classpath:/formatter-appctx.xml, classpath:/stp-appctx.xml, classpath:/aop-appctx.xml, classpath:/properties-appctx.xml}', classes = '{}', contextInitializerClasses = '[]', activeProfiles = '{}', contextLoader = 'org.springframework.test.context.support.DelegatingSmartContextLoader', parent = [null]]]
2015-05-20 12:04:32,054  INFO [Test worker] (TransactionalTestExecutionListener.java:276) - Began transaction (16) for test context [DefaultTestContext@4b84e5d2 testClass = ProjectChangeStatusCommandValidatorIntegrationSpec, testInstance = com.tim.one.validator.ProjectChangeStatusCommandValidatorIntegrationSpec@4c133d2d, testMethod = $spock_feature_0_0@ProjectChangeStatusCommandValidatorIntegrationSpec, testException = [null], mergedContextConfiguration = [MergedContextConfiguration@7ba8f062 testClass = ProjectChangeStatusCommandValidatorIntegrationSpec, locations = '{classpath:/services-appctx.xml, classpath:/persistence-appctx.xml, classpath:/jms-appctx.xml, classpath:/mail-context.xml, classpath:/transaction-appctx.xml, classpath:/formatter-appctx.xml, classpath:/stp-appctx.xml, classpath:/aop-appctx.xml, classpath:/properties-appctx.xml}', classes = '{}', contextInitializerClasses = '[]', activeProfiles = '{}', contextLoader = 'org.springframework.test.context.support.DelegatingSmartContextLoader', parent = [null]]]; transaction manager [org.springframework.orm.jpa.JpaTransactionManager@5f5ca74d]; rollback [true]
2015-05-20 12:04:32,068  INFO [Test worker] (?:?) - violations:0
2015-05-20 12:04:32,069  INFO [Test worker] (TransactionalTestExecutionListener.java:298) - Rolled back transaction after test execution for test context [DefaultTestContext@4b84e5d2 testClass = ProjectChangeStatusCommandValidatorIntegrationSpec, testInstance = com.tim.one.validator.ProjectChangeStatusCommandValidatorIntegrationSpec@4c133d2d, testMethod = $spock_feature_0_0@ProjectChangeStatusCommandValidatorIntegrationSpec, testException = [null], mergedContextConfiguration = [MergedContextConfiguration@7ba8f062 testClass = ProjectChangeStatusCommandValidatorIntegrationSpec, locations = '{classpath:/services-appctx.xml, classpath:/persistence-appctx.xml, classpath:/jms-appctx.xml, classpath:/mail-context.xml, classpath:/transaction-appctx.xml, classpath:/formatter-appctx.xml, classpath:/stp-appctx.xml, classpath:/aop-appctx.xml, classpath:/properties-appctx.xml}', classes = '{}', contextInitializerClasses = '[]', activeProfiles = '{}', contextLoader = 'org.springframework.test.context.support.DelegatingSmartContextLoader', parent = [null]]]
2015-05-20 12:04:32,072  INFO [Test worker] (TransactionalTestExecutionListener.java:276) - Began transaction (17) for test context [DefaultTestContext@4b84e5d2 testClass = ProjectChangeStatusCommandValidatorIntegrationSpec, testInstance = com.tim.one.validator.ProjectChangeStatusCommandValidatorIntegrationSpec@18d2cfef, testMethod = $spock_feature_0_0@ProjectChangeStatusCommandValidatorIntegrationSpec, testException = [null], mergedContextConfiguration = [MergedContextConfiguration@7ba8f062 testClass = ProjectChangeStatusCommandValidatorIntegrationSpec, locations = '{classpath:/services-appctx.xml, classpath:/persistence-appctx.xml, classpath:/jms-appctx.xml, classpath:/mail-context.xml, classpath:/transaction-appctx.xml, classpath:/formatter-appctx.xml, classpath:/stp-appctx.xml, classpath:/aop-appctx.xml, classpath:/properties-appctx.xml}', classes = '{}', contextInitializerClasses = '[]', activeProfiles = '{}', contextLoader = 'org.springframework.test.context.support.DelegatingSmartContextLoader', parent = [null]]]; transaction manager [org.springframework.orm.jpa.JpaTransactionManager@5f5ca74d]; rollback [true]
2015-05-20 12:04:32,082  INFO [Test worker] (?:?) - violations:0
2015-05-20 12:04:32,083  INFO [Test worker] (TransactionalTestExecutionListener.java:298) - Rolled back transaction after test execution for test context [DefaultTestContext@4b84e5d2 testClass = ProjectChangeStatusCommandValidatorIntegrationSpec, testInstance = com.tim.one.validator.ProjectChangeStatusCommandValidatorIntegrationSpec@18d2cfef, testMethod = $spock_feature_0_0@ProjectChangeStatusCommandValidatorIntegrationSpec, testException = [null], mergedContextConfiguration = [MergedContextConfiguration@7ba8f062 testClass = ProjectChangeStatusCommandValidatorIntegrationSpec, locations = '{classpath:/services-appctx.xml, classpath:/persistence-appctx.xml, classpath:/jms-appctx.xml, classpath:/mail-context.xml, classpath:/transaction-appctx.xml, classpath:/formatter-appctx.xml, classpath:/stp-appctx.xml, classpath:/aop-appctx.xml, classpath:/properties-appctx.xml}', classes = '{}', contextInitializerClasses = '[]', activeProfiles = '{}', contextLoader = 'org.springframework.test.context.support.DelegatingSmartContextLoader', parent = [null]]]
2015-05-20 12:04:32,088  INFO [Test worker] (TransactionalTestExecutionListener.java:276) - Began transaction (18) for test context [DefaultTestContext@4b84e5d2 testClass = ProjectChangeStatusCommandValidatorIntegrationSpec, testInstance = com.tim.one.validator.ProjectChangeStatusCommandValidatorIntegrationSpec@4815ddf5, testMethod = $spock_feature_0_0@ProjectChangeStatusCommandValidatorIntegrationSpec, testException = [null], mergedContextConfiguration = [MergedContextConfiguration@7ba8f062 testClass = ProjectChangeStatusCommandValidatorIntegrationSpec, locations = '{classpath:/services-appctx.xml, classpath:/persistence-appctx.xml, classpath:/jms-appctx.xml, classpath:/mail-context.xml, classpath:/transaction-appctx.xml, classpath:/formatter-appctx.xml, classpath:/stp-appctx.xml, classpath:/aop-appctx.xml, classpath:/properties-appctx.xml}', classes = '{}', contextInitializerClasses = '[]', activeProfiles = '{}', contextLoader = 'org.springframework.test.context.support.DelegatingSmartContextLoader', parent = [null]]]; transaction manager [org.springframework.orm.jpa.JpaTransactionManager@5f5ca74d]; rollback [true]
2015-05-20 12:04:32,097  INFO [Test worker] (?:?) - violations:0
2015-05-20 12:04:32,099  INFO [Test worker] (TransactionalTestExecutionListener.java:298) - Rolled back transaction after test execution for test context [DefaultTestContext@4b84e5d2 testClass = ProjectChangeStatusCommandValidatorIntegrationSpec, testInstance = com.tim.one.validator.ProjectChangeStatusCommandValidatorIntegrationSpec@4815ddf5, testMethod = $spock_feature_0_0@ProjectChangeStatusCommandValidatorIntegrationSpec, testException = [null], mergedContextConfiguration = [MergedContextConfiguration@7ba8f062 testClass = ProjectChangeStatusCommandValidatorIntegrationSpec, locations = '{classpath:/services-appctx.xml, classpath:/persistence-appctx.xml, classpath:/jms-appctx.xml, classpath:/mail-context.xml, classpath:/transaction-appctx.xml, classpath:/formatter-appctx.xml, classpath:/stp-appctx.xml, classpath:/aop-appctx.xml, classpath:/properties-appctx.xml}', classes = '{}', contextInitializerClasses = '[]', activeProfiles = '{}', contextLoader = 'org.springframework.test.context.support.DelegatingSmartContextLoader', parent = [null]]]
2015-05-20 12:04:32,103  INFO [Test worker] (TransactionalTestExecutionListener.java:276) - Began transaction (19) for test context [DefaultTestContext@4b84e5d2 testClass = ProjectChangeStatusCommandValidatorIntegrationSpec, testInstance = com.tim.one.validator.ProjectChangeStatusCommandValidatorIntegrationSpec@2aa2e914, testMethod = $spock_feature_0_0@ProjectChangeStatusCommandValidatorIntegrationSpec, testException = [null], mergedContextConfiguration = [MergedContextConfiguration@7ba8f062 testClass = ProjectChangeStatusCommandValidatorIntegrationSpec, locations = '{classpath:/services-appctx.xml, classpath:/persistence-appctx.xml, classpath:/jms-appctx.xml, classpath:/mail-context.xml, classpath:/transaction-appctx.xml, classpath:/formatter-appctx.xml, classpath:/stp-appctx.xml, classpath:/aop-appctx.xml, classpath:/properties-appctx.xml}', classes = '{}', contextInitializerClasses = '[]', activeProfiles = '{}', contextLoader = 'org.springframework.test.context.support.DelegatingSmartContextLoader', parent = [null]]]; transaction manager [org.springframework.orm.jpa.JpaTransactionManager@5f5ca74d]; rollback [true]
2015-05-20 12:04:32,113  INFO [Test worker] (?:?) - violations:0
2015-05-20 12:04:32,115  INFO [Test worker] (TransactionalTestExecutionListener.java:298) - Rolled back transaction after test execution for test context [DefaultTestContext@4b84e5d2 testClass = ProjectChangeStatusCommandValidatorIntegrationSpec, testInstance = com.tim.one.validator.ProjectChangeStatusCommandValidatorIntegrationSpec@2aa2e914, testMethod = $spock_feature_0_0@ProjectChangeStatusCommandValidatorIntegrationSpec, testException = [null], mergedContextConfiguration = [MergedContextConfiguration@7ba8f062 testClass = ProjectChangeStatusCommandValidatorIntegrationSpec, locations = '{classpath:/services-appctx.xml, classpath:/persistence-appctx.xml, classpath:/jms-appctx.xml, classpath:/mail-context.xml, classpath:/transaction-appctx.xml, classpath:/formatter-appctx.xml, classpath:/stp-appctx.xml, classpath:/aop-appctx.xml, classpath:/properties-appctx.xml}', classes = '{}', contextInitializerClasses = '[]', activeProfiles = '{}', contextLoader = 'org.springframework.test.context.support.DelegatingSmartContextLoader', parent = [null]]]
2015-05-20 12:04:32,120  INFO [Test worker] (TransactionalTestExecutionListener.java:276) - Began transaction (20) for test context [DefaultTestContext@4b84e5d2 testClass = ProjectChangeStatusCommandValidatorIntegrationSpec, testInstance = com.tim.one.validator.ProjectChangeStatusCommandValidatorIntegrationSpec@59a7b096, testMethod = $spock_feature_0_0@ProjectChangeStatusCommandValidatorIntegrationSpec, testException = [null], mergedContextConfiguration = [MergedContextConfiguration@7ba8f062 testClass = ProjectChangeStatusCommandValidatorIntegrationSpec, locations = '{classpath:/services-appctx.xml, classpath:/persistence-appctx.xml, classpath:/jms-appctx.xml, classpath:/mail-context.xml, classpath:/transaction-appctx.xml, classpath:/formatter-appctx.xml, classpath:/stp-appctx.xml, classpath:/aop-appctx.xml, classpath:/properties-appctx.xml}', classes = '{}', contextInitializerClasses = '[]', activeProfiles = '{}', contextLoader = 'org.springframework.test.context.support.DelegatingSmartContextLoader', parent = [null]]]; transaction manager [org.springframework.orm.jpa.JpaTransactionManager@5f5ca74d]; rollback [true]
2015-05-20 12:04:32,136  INFO [Test worker] (?:?) - violations:0
2015-05-20 12:04:32,137  INFO [Test worker] (TransactionalTestExecutionListener.java:298) - Rolled back transaction after test execution for test context [DefaultTestContext@4b84e5d2 testClass = ProjectChangeStatusCommandValidatorIntegrationSpec, testInstance = com.tim.one.validator.ProjectChangeStatusCommandValidatorIntegrationSpec@59a7b096, testMethod = $spock_feature_0_0@ProjectChangeStatusCommandValidatorIntegrationSpec, testException = [null], mergedContextConfiguration = [MergedContextConfiguration@7ba8f062 testClass = ProjectChangeStatusCommandValidatorIntegrationSpec, locations = '{classpath:/services-appctx.xml, classpath:/persistence-appctx.xml, classpath:/jms-appctx.xml, classpath:/mail-context.xml, classpath:/transaction-appctx.xml, classpath:/formatter-appctx.xml, classpath:/stp-appctx.xml, classpath:/aop-appctx.xml, classpath:/properties-appctx.xml}', classes = '{}', contextInitializerClasses = '[]', activeProfiles = '{}', contextLoader = 'org.springframework.test.context.support.DelegatingSmartContextLoader', parent = [null]]]
2015-05-20 12:04:32,142  INFO [Test worker] (TransactionalTestExecutionListener.java:276) - Began transaction (21) for test context [DefaultTestContext@4b84e5d2 testClass = ProjectChangeStatusCommandValidatorIntegrationSpec, testInstance = com.tim.one.validator.ProjectChangeStatusCommandValidatorIntegrationSpec@1d82a7ff, testMethod = $spock_feature_0_0@ProjectChangeStatusCommandValidatorIntegrationSpec, testException = [null], mergedContextConfiguration = [MergedContextConfiguration@7ba8f062 testClass = ProjectChangeStatusCommandValidatorIntegrationSpec, locations = '{classpath:/services-appctx.xml, classpath:/persistence-appctx.xml, classpath:/jms-appctx.xml, classpath:/mail-context.xml, classpath:/transaction-appctx.xml, classpath:/formatter-appctx.xml, classpath:/stp-appctx.xml, classpath:/aop-appctx.xml, classpath:/properties-appctx.xml}', classes = '{}', contextInitializerClasses = '[]', activeProfiles = '{}', contextLoader = 'org.springframework.test.context.support.DelegatingSmartContextLoader', parent = [null]]]; transaction manager [org.springframework.orm.jpa.JpaTransactionManager@5f5ca74d]; rollback [true]
2015-05-20 12:04:32,152  INFO [Test worker] (?:?) - violations:0
2015-05-20 12:04:32,153  INFO [Test worker] (TransactionalTestExecutionListener.java:298) - Rolled back transaction after test execution for test context [DefaultTestContext@4b84e5d2 testClass = ProjectChangeStatusCommandValidatorIntegrationSpec, testInstance = com.tim.one.validator.ProjectChangeStatusCommandValidatorIntegrationSpec@1d82a7ff, testMethod = $spock_feature_0_0@ProjectChangeStatusCommandValidatorIntegrationSpec, testException = [null], mergedContextConfiguration = [MergedContextConfiguration@7ba8f062 testClass = ProjectChangeStatusCommandValidatorIntegrationSpec, locations = '{classpath:/services-appctx.xml, classpath:/persistence-appctx.xml, classpath:/jms-appctx.xml, classpath:/mail-context.xml, classpath:/transaction-appctx.xml, classpath:/formatter-appctx.xml, classpath:/stp-appctx.xml, classpath:/aop-appctx.xml, classpath:/properties-appctx.xml}', classes = '{}', contextInitializerClasses = '[]', activeProfiles = '{}', contextLoader = 'org.springframework.test.context.support.DelegatingSmartContextLoader', parent = [null]]]
2015-05-20 12:04:32,157  INFO [Test worker] (TransactionalTestExecutionListener.java:276) - Began transaction (22) for test context [DefaultTestContext@4b84e5d2 testClass = ProjectChangeStatusCommandValidatorIntegrationSpec, testInstance = com.tim.one.validator.ProjectChangeStatusCommandValidatorIntegrationSpec@6665355e, testMethod = $spock_feature_0_0@ProjectChangeStatusCommandValidatorIntegrationSpec, testException = [null], mergedContextConfiguration = [MergedContextConfiguration@7ba8f062 testClass = ProjectChangeStatusCommandValidatorIntegrationSpec, locations = '{classpath:/services-appctx.xml, classpath:/persistence-appctx.xml, classpath:/jms-appctx.xml, classpath:/mail-context.xml, classpath:/transaction-appctx.xml, classpath:/formatter-appctx.xml, classpath:/stp-appctx.xml, classpath:/aop-appctx.xml, classpath:/properties-appctx.xml}', classes = '{}', contextInitializerClasses = '[]', activeProfiles = '{}', contextLoader = 'org.springframework.test.context.support.DelegatingSmartContextLoader', parent = [null]]]; transaction manager [org.springframework.orm.jpa.JpaTransactionManager@5f5ca74d]; rollback [true]
2015-05-20 12:04:32,166  INFO [Test worker] (?:?) - violations:0
2015-05-20 12:04:32,168  INFO [Test worker] (TransactionalTestExecutionListener.java:298) - Rolled back transaction after test execution for test context [DefaultTestContext@4b84e5d2 testClass = ProjectChangeStatusCommandValidatorIntegrationSpec, testInstance = com.tim.one.validator.ProjectChangeStatusCommandValidatorIntegrationSpec@6665355e, testMethod = $spock_feature_0_0@ProjectChangeStatusCommandValidatorIntegrationSpec, testException = [null], mergedContextConfiguration = [MergedContextConfiguration@7ba8f062 testClass = ProjectChangeStatusCommandValidatorIntegrationSpec, locations = '{classpath:/services-appctx.xml, classpath:/persistence-appctx.xml, classpath:/jms-appctx.xml, classpath:/mail-context.xml, classpath:/transaction-appctx.xml, classpath:/formatter-appctx.xml, classpath:/stp-appctx.xml, classpath:/aop-appctx.xml, classpath:/properties-appctx.xml}', classes = '{}', contextInitializerClasses = '[]', activeProfiles = '{}', contextLoader = 'org.springframework.test.context.support.DelegatingSmartContextLoader', parent = [null]]]
2015-05-20 12:04:32,172  INFO [Test worker] (TransactionalTestExecutionListener.java:276) - Began transaction (23) for test context [DefaultTestContext@4b84e5d2 testClass = ProjectChangeStatusCommandValidatorIntegrationSpec, testInstance = com.tim.one.validator.ProjectChangeStatusCommandValidatorIntegrationSpec@7ccb6da4, testMethod = $spock_feature_0_0@ProjectChangeStatusCommandValidatorIntegrationSpec, testException = [null], mergedContextConfiguration = [MergedContextConfiguration@7ba8f062 testClass = ProjectChangeStatusCommandValidatorIntegrationSpec, locations = '{classpath:/services-appctx.xml, classpath:/persistence-appctx.xml, classpath:/jms-appctx.xml, classpath:/mail-context.xml, classpath:/transaction-appctx.xml, classpath:/formatter-appctx.xml, classpath:/stp-appctx.xml, classpath:/aop-appctx.xml, classpath:/properties-appctx.xml}', classes = '{}', contextInitializerClasses = '[]', activeProfiles = '{}', contextLoader = 'org.springframework.test.context.support.DelegatingSmartContextLoader', parent = [null]]]; transaction manager [org.springframework.orm.jpa.JpaTransactionManager@5f5ca74d]; rollback [true]
2015-05-20 12:04:32,180  INFO [Test worker] (?:?) - violations:0
2015-05-20 12:04:32,181  INFO [Test worker] (TransactionalTestExecutionListener.java:298) - Rolled back transaction after test execution for test context [DefaultTestContext@4b84e5d2 testClass = ProjectChangeStatusCommandValidatorIntegrationSpec, testInstance = com.tim.one.validator.ProjectChangeStatusCommandValidatorIntegrationSpec@7ccb6da4, testMethod = $spock_feature_0_0@ProjectChangeStatusCommandValidatorIntegrationSpec, testException = [null], mergedContextConfiguration = [MergedContextConfiguration@7ba8f062 testClass = ProjectChangeStatusCommandValidatorIntegrationSpec, locations = '{classpath:/services-appctx.xml, classpath:/persistence-appctx.xml, classpath:/jms-appctx.xml, classpath:/mail-context.xml, classpath:/transaction-appctx.xml, classpath:/formatter-appctx.xml, classpath:/stp-appctx.xml, classpath:/aop-appctx.xml, classpath:/properties-appctx.xml}', classes = '{}', contextInitializerClasses = '[]', activeProfiles = '{}', contextLoader = 'org.springframework.test.context.support.DelegatingSmartContextLoader', parent = [null]]]
2015-05-20 12:04:32,184  INFO [Test worker] (TransactionalTestExecutionListener.java:276) - Began transaction (24) for test context [DefaultTestContext@4b84e5d2 testClass = ProjectChangeStatusCommandValidatorIntegrationSpec, testInstance = com.tim.one.validator.ProjectChangeStatusCommandValidatorIntegrationSpec@46163ea1, testMethod = $spock_feature_0_0@ProjectChangeStatusCommandValidatorIntegrationSpec, testException = [null], mergedContextConfiguration = [MergedContextConfiguration@7ba8f062 testClass = ProjectChangeStatusCommandValidatorIntegrationSpec, locations = '{classpath:/services-appctx.xml, classpath:/persistence-appctx.xml, classpath:/jms-appctx.xml, classpath:/mail-context.xml, classpath:/transaction-appctx.xml, classpath:/formatter-appctx.xml, classpath:/stp-appctx.xml, classpath:/aop-appctx.xml, classpath:/properties-appctx.xml}', classes = '{}', contextInitializerClasses = '[]', activeProfiles = '{}', contextLoader = 'org.springframework.test.context.support.DelegatingSmartContextLoader', parent = [null]]]; transaction manager [org.springframework.orm.jpa.JpaTransactionManager@5f5ca74d]; rollback [true]
2015-05-20 12:04:32,192  INFO [Test worker] (?:?) - violations:1
2015-05-20 12:04:32,192  INFO [Test worker] (?:?) - field:status
2015-05-20 12:04:32,193  INFO [Test worker] (?:?) - message:must be between 0 and 11
2015-05-20 12:04:32,193  INFO [Test worker] (TransactionalTestExecutionListener.java:298) - Rolled back transaction after test execution for test context [DefaultTestContext@4b84e5d2 testClass = ProjectChangeStatusCommandValidatorIntegrationSpec, testInstance = com.tim.one.validator.ProjectChangeStatusCommandValidatorIntegrationSpec@46163ea1, testMethod = $spock_feature_0_0@ProjectChangeStatusCommandValidatorIntegrationSpec, testException = [null], mergedContextConfiguration = [MergedContextConfiguration@7ba8f062 testClass = ProjectChangeStatusCommandValidatorIntegrationSpec, locations = '{classpath:/services-appctx.xml, classpath:/persistence-appctx.xml, classpath:/jms-appctx.xml, classpath:/mail-context.xml, classpath:/transaction-appctx.xml, classpath:/formatter-appctx.xml, classpath:/stp-appctx.xml, classpath:/aop-appctx.xml, classpath:/properties-appctx.xml}', classes = '{}', contextInitializerClasses = '[]', activeProfiles = '{}', contextLoader = 'org.springframework.test.context.support.DelegatingSmartContextLoader', parent = [null]]]
2015-05-20 12:04:32,196  INFO [Test worker] (TransactionalTestExecutionListener.java:276) - Began transaction (25) for test context [DefaultTestContext@4b84e5d2 testClass = ProjectChangeStatusCommandValidatorIntegrationSpec, testInstance = com.tim.one.validator.ProjectChangeStatusCommandValidatorIntegrationSpec@5a282730, testMethod = $spock_feature_0_0@ProjectChangeStatusCommandValidatorIntegrationSpec, testException = [null], mergedContextConfiguration = [MergedContextConfiguration@7ba8f062 testClass = ProjectChangeStatusCommandValidatorIntegrationSpec, locations = '{classpath:/services-appctx.xml, classpath:/persistence-appctx.xml, classpath:/jms-appctx.xml, classpath:/mail-context.xml, classpath:/transaction-appctx.xml, classpath:/formatter-appctx.xml, classpath:/stp-appctx.xml, classpath:/aop-appctx.xml, classpath:/properties-appctx.xml}', classes = '{}', contextInitializerClasses = '[]', activeProfiles = '{}', contextLoader = 'org.springframework.test.context.support.DelegatingSmartContextLoader', parent = [null]]]; transaction manager [org.springframework.orm.jpa.JpaTransactionManager@5f5ca74d]; rollback [true]
2015-05-20 12:04:32,204  INFO [Test worker] (?:?) - violations:0
2015-05-20 12:04:32,206  INFO [Test worker] (TransactionalTestExecutionListener.java:298) - Rolled back transaction after test execution for test context [DefaultTestContext@4b84e5d2 testClass = ProjectChangeStatusCommandValidatorIntegrationSpec, testInstance = com.tim.one.validator.ProjectChangeStatusCommandValidatorIntegrationSpec@5a282730, testMethod = $spock_feature_0_0@ProjectChangeStatusCommandValidatorIntegrationSpec, testException = [null], mergedContextConfiguration = [MergedContextConfiguration@7ba8f062 testClass = ProjectChangeStatusCommandValidatorIntegrationSpec, locations = '{classpath:/services-appctx.xml, classpath:/persistence-appctx.xml, classpath:/jms-appctx.xml, classpath:/mail-context.xml, classpath:/transaction-appctx.xml, classpath:/formatter-appctx.xml, classpath:/stp-appctx.xml, classpath:/aop-appctx.xml, classpath:/properties-appctx.xml}', classes = '{}', contextInitializerClasses = '[]', activeProfiles = '{}', contextLoader = 'org.springframework.test.context.support.DelegatingSmartContextLoader', parent = [null]]]
2015-05-20 12:04:32,209  INFO [Test worker] (TransactionalTestExecutionListener.java:276) - Began transaction (26) for test context [DefaultTestContext@4b84e5d2 testClass = ProjectChangeStatusCommandValidatorIntegrationSpec, testInstance = com.tim.one.validator.ProjectChangeStatusCommandValidatorIntegrationSpec@49e6b924, testMethod = $spock_feature_0_0@ProjectChangeStatusCommandValidatorIntegrationSpec, testException = [null], mergedContextConfiguration = [MergedContextConfiguration@7ba8f062 testClass = ProjectChangeStatusCommandValidatorIntegrationSpec, locations = '{classpath:/services-appctx.xml, classpath:/persistence-appctx.xml, classpath:/jms-appctx.xml, classpath:/mail-context.xml, classpath:/transaction-appctx.xml, classpath:/formatter-appctx.xml, classpath:/stp-appctx.xml, classpath:/aop-appctx.xml, classpath:/properties-appctx.xml}', classes = '{}', contextInitializerClasses = '[]', activeProfiles = '{}', contextLoader = 'org.springframework.test.context.support.DelegatingSmartContextLoader', parent = [null]]]; transaction manager [org.springframework.orm.jpa.JpaTransactionManager@5f5ca74d]; rollback [true]
2015-05-20 12:04:32,220  INFO [Test worker] (?:?) - violations:0
2015-05-20 12:04:32,221  INFO [Test worker] (TransactionalTestExecutionListener.java:298) - Rolled back transaction after test execution for test context [DefaultTestContext@4b84e5d2 testClass = ProjectChangeStatusCommandValidatorIntegrationSpec, testInstance = com.tim.one.validator.ProjectChangeStatusCommandValidatorIntegrationSpec@49e6b924, testMethod = $spock_feature_0_0@ProjectChangeStatusCommandValidatorIntegrationSpec, testException = [null], mergedContextConfiguration = [MergedContextConfiguration@7ba8f062 testClass = ProjectChangeStatusCommandValidatorIntegrationSpec, locations = '{classpath:/services-appctx.xml, classpath:/persistence-appctx.xml, classpath:/jms-appctx.xml, classpath:/mail-context.xml, classpath:/transaction-appctx.xml, classpath:/formatter-appctx.xml, classpath:/stp-appctx.xml, classpath:/aop-appctx.xml, classpath:/properties-appctx.xml}', classes = '{}', contextInitializerClasses = '[]', activeProfiles = '{}', contextLoader = 'org.springframework.test.context.support.DelegatingSmartContextLoader', parent = [null]]]
2015-05-20 12:04:32,224  INFO [Test worker] (TransactionalTestExecutionListener.java:276) - Began transaction (27) for test context [DefaultTestContext@4b84e5d2 testClass = ProjectChangeStatusCommandValidatorIntegrationSpec, testInstance = com.tim.one.validator.ProjectChangeStatusCommandValidatorIntegrationSpec@2ce4d238, testMethod = $spock_feature_0_0@ProjectChangeStatusCommandValidatorIntegrationSpec, testException = [null], mergedContextConfiguration = [MergedContextConfiguration@7ba8f062 testClass = ProjectChangeStatusCommandValidatorIntegrationSpec, locations = '{classpath:/services-appctx.xml, classpath:/persistence-appctx.xml, classpath:/jms-appctx.xml, classpath:/mail-context.xml, classpath:/transaction-appctx.xml, classpath:/formatter-appctx.xml, classpath:/stp-appctx.xml, classpath:/aop-appctx.xml, classpath:/properties-appctx.xml}', classes = '{}', contextInitializerClasses = '[]', activeProfiles = '{}', contextLoader = 'org.springframework.test.context.support.DelegatingSmartContextLoader', parent = [null]]]; transaction manager [org.springframework.orm.jpa.JpaTransactionManager@5f5ca74d]; rollback [true]
2015-05-20 12:04:32,231  INFO [Test worker] (?:?) - violations:0
2015-05-20 12:04:32,232  INFO [Test worker] (TransactionalTestExecutionListener.java:298) - Rolled back transaction after test execution for test context [DefaultTestContext@4b84e5d2 testClass = ProjectChangeStatusCommandValidatorIntegrationSpec, testInstance = com.tim.one.validator.ProjectChangeStatusCommandValidatorIntegrationSpec@2ce4d238, testMethod = $spock_feature_0_0@ProjectChangeStatusCommandValidatorIntegrationSpec, testException = [null], mergedContextConfiguration = [MergedContextConfiguration@7ba8f062 testClass = ProjectChangeStatusCommandValidatorIntegrationSpec, locations = '{classpath:/services-appctx.xml, classpath:/persistence-appctx.xml, classpath:/jms-appctx.xml, classpath:/mail-context.xml, classpath:/transaction-appctx.xml, classpath:/formatter-appctx.xml, classpath:/stp-appctx.xml, classpath:/aop-appctx.xml, classpath:/properties-appctx.xml}', classes = '{}', contextInitializerClasses = '[]', activeProfiles = '{}', contextLoader = 'org.springframework.test.context.support.DelegatingSmartContextLoader', parent = [null]]]
2015-05-20 12:04:32,235  INFO [Test worker] (TransactionalTestExecutionListener.java:276) - Began transaction (28) for test context [DefaultTestContext@4b84e5d2 testClass = ProjectChangeStatusCommandValidatorIntegrationSpec, testInstance = com.tim.one.validator.ProjectChangeStatusCommandValidatorIntegrationSpec@3342b9c9, testMethod = $spock_feature_0_0@ProjectChangeStatusCommandValidatorIntegrationSpec, testException = [null], mergedContextConfiguration = [MergedContextConfiguration@7ba8f062 testClass = ProjectChangeStatusCommandValidatorIntegrationSpec, locations = '{classpath:/services-appctx.xml, classpath:/persistence-appctx.xml, classpath:/jms-appctx.xml, classpath:/mail-context.xml, classpath:/transaction-appctx.xml, classpath:/formatter-appctx.xml, classpath:/stp-appctx.xml, classpath:/aop-appctx.xml, classpath:/properties-appctx.xml}', classes = '{}', contextInitializerClasses = '[]', activeProfiles = '{}', contextLoader = 'org.springframework.test.context.support.DelegatingSmartContextLoader', parent = [null]]]; transaction manager [org.springframework.orm.jpa.JpaTransactionManager@5f5ca74d]; rollback [true]
2015-05-20 12:04:32,243  INFO [Test worker] (?:?) - violations:1
2015-05-20 12:04:32,243  INFO [Test worker] (?:?) - field:reason
2015-05-20 12:04:32,243  INFO [Test worker] (?:?) - message:must be between 0 and 2
2015-05-20 12:04:32,245  INFO [Test worker] (TransactionalTestExecutionListener.java:298) - Rolled back transaction after test execution for test context [DefaultTestContext@4b84e5d2 testClass = ProjectChangeStatusCommandValidatorIntegrationSpec, testInstance = com.tim.one.validator.ProjectChangeStatusCommandValidatorIntegrationSpec@3342b9c9, testMethod = $spock_feature_0_0@ProjectChangeStatusCommandValidatorIntegrationSpec, testException = [null], mergedContextConfiguration = [MergedContextConfiguration@7ba8f062 testClass = ProjectChangeStatusCommandValidatorIntegrationSpec, locations = '{classpath:/services-appctx.xml, classpath:/persistence-appctx.xml, classpath:/jms-appctx.xml, classpath:/mail-context.xml, classpath:/transaction-appctx.xml, classpath:/formatter-appctx.xml, classpath:/stp-appctx.xml, classpath:/aop-appctx.xml, classpath:/properties-appctx.xml}', classes = '{}', contextInitializerClasses = '[]', activeProfiles = '{}', contextLoader = 'org.springframework.test.context.support.DelegatingSmartContextLoader', parent = [null]]]
2015-05-20 12:04:32,247  INFO [Test worker] (TransactionalTestExecutionListener.java:276) - Began transaction (29) for test context [DefaultTestContext@4b84e5d2 testClass = ProjectChangeStatusCommandValidatorIntegrationSpec, testInstance = com.tim.one.validator.ProjectChangeStatusCommandValidatorIntegrationSpec@3b8a69d2, testMethod = $spock_feature_0_0@ProjectChangeStatusCommandValidatorIntegrationSpec, testException = [null], mergedContextConfiguration = [MergedContextConfiguration@7ba8f062 testClass = ProjectChangeStatusCommandValidatorIntegrationSpec, locations = '{classpath:/services-appctx.xml, classpath:/persistence-appctx.xml, classpath:/jms-appctx.xml, classpath:/mail-context.xml, classpath:/transaction-appctx.xml, classpath:/formatter-appctx.xml, classpath:/stp-appctx.xml, classpath:/aop-appctx.xml, classpath:/properties-appctx.xml}', classes = '{}', contextInitializerClasses = '[]', activeProfiles = '{}', contextLoader = 'org.springframework.test.context.support.DelegatingSmartContextLoader', parent = [null]]]; transaction manager [org.springframework.orm.jpa.JpaTransactionManager@5f5ca74d]; rollback [true]
2015-05-20 12:04:32,258  INFO [Test worker] (?:?) - violations:1
2015-05-20 12:04:32,258  INFO [Test worker] (?:?) - field:reason
2015-05-20 12:04:32,258  INFO [Test worker] (?:?) - message:must be between 0 and 2
2015-05-20 12:04:32,259  INFO [Test worker] (TransactionalTestExecutionListener.java:298) - Rolled back transaction after test execution for test context [DefaultTestContext@4b84e5d2 testClass = ProjectChangeStatusCommandValidatorIntegrationSpec, testInstance = com.tim.one.validator.ProjectChangeStatusCommandValidatorIntegrationSpec@3b8a69d2, testMethod = $spock_feature_0_0@ProjectChangeStatusCommandValidatorIntegrationSpec, testException = [null], mergedContextConfiguration = [MergedContextConfiguration@7ba8f062 testClass = ProjectChangeStatusCommandValidatorIntegrationSpec, locations = '{classpath:/services-appctx.xml, classpath:/persistence-appctx.xml, classpath:/jms-appctx.xml, classpath:/mail-context.xml, classpath:/transaction-appctx.xml, classpath:/formatter-appctx.xml, classpath:/stp-appctx.xml, classpath:/aop-appctx.xml, classpath:/properties-appctx.xml}', classes = '{}', contextInitializerClasses = '[]', activeProfiles = '{}', contextLoader = 'org.springframework.test.context.support.DelegatingSmartContextLoader', parent = [null]]]
2015-05-20 12:04:32,261  INFO [Test worker] (TransactionalTestExecutionListener.java:276) - Began transaction (30) for test context [DefaultTestContext@4b84e5d2 testClass = ProjectChangeStatusCommandValidatorIntegrationSpec, testInstance = com.tim.one.validator.ProjectChangeStatusCommandValidatorIntegrationSpec@4f9a8663, testMethod = $spock_feature_0_0@ProjectChangeStatusCommandValidatorIntegrationSpec, testException = [null], mergedContextConfiguration = [MergedContextConfiguration@7ba8f062 testClass = ProjectChangeStatusCommandValidatorIntegrationSpec, locations = '{classpath:/services-appctx.xml, classpath:/persistence-appctx.xml, classpath:/jms-appctx.xml, classpath:/mail-context.xml, classpath:/transaction-appctx.xml, classpath:/formatter-appctx.xml, classpath:/stp-appctx.xml, classpath:/aop-appctx.xml, classpath:/properties-appctx.xml}', classes = '{}', contextInitializerClasses = '[]', activeProfiles = '{}', contextLoader = 'org.springframework.test.context.support.DelegatingSmartContextLoader', parent = [null]]]; transaction manager [org.springframework.orm.jpa.JpaTransactionManager@5f5ca74d]; rollback [true]
2015-05-20 12:04:32,268  INFO [Test worker] (?:?) - violations:0
2015-05-20 12:04:32,269  INFO [Test worker] (TransactionalTestExecutionListener.java:298) - Rolled back transaction after test execution for test context [DefaultTestContext@4b84e5d2 testClass = ProjectChangeStatusCommandValidatorIntegrationSpec, testInstance = com.tim.one.validator.ProjectChangeStatusCommandValidatorIntegrationSpec@4f9a8663, testMethod = $spock_feature_0_0@ProjectChangeStatusCommandValidatorIntegrationSpec, testException = [null], mergedContextConfiguration = [MergedContextConfiguration@7ba8f062 testClass = ProjectChangeStatusCommandValidatorIntegrationSpec, locations = '{classpath:/services-appctx.xml, classpath:/persistence-appctx.xml, classpath:/jms-appctx.xml, classpath:/mail-context.xml, classpath:/transaction-appctx.xml, classpath:/formatter-appctx.xml, classpath:/stp-appctx.xml, classpath:/aop-appctx.xml, classpath:/properties-appctx.xml}', classes = '{}', contextInitializerClasses = '[]', activeProfiles = '{}', contextLoader = 'org.springframework.test.context.support.DelegatingSmartContextLoader', parent = [null]]]
2015-05-20 12:04:32,272  INFO [Test worker] (TransactionalTestExecutionListener.java:276) - Began transaction (31) for test context [DefaultTestContext@4b84e5d2 testClass = ProjectChangeStatusCommandValidatorIntegrationSpec, testInstance = com.tim.one.validator.ProjectChangeStatusCommandValidatorIntegrationSpec@2498d8d5, testMethod = $spock_feature_0_0@ProjectChangeStatusCommandValidatorIntegrationSpec, testException = [null], mergedContextConfiguration = [MergedContextConfiguration@7ba8f062 testClass = ProjectChangeStatusCommandValidatorIntegrationSpec, locations = '{classpath:/services-appctx.xml, classpath:/persistence-appctx.xml, classpath:/jms-appctx.xml, classpath:/mail-context.xml, classpath:/transaction-appctx.xml, classpath:/formatter-appctx.xml, classpath:/stp-appctx.xml, classpath:/aop-appctx.xml, classpath:/properties-appctx.xml}', classes = '{}', contextInitializerClasses = '[]', activeProfiles = '{}', contextLoader = 'org.springframework.test.context.support.DelegatingSmartContextLoader', parent = [null]]]; transaction manager [org.springframework.orm.jpa.JpaTransactionManager@5f5ca74d]; rollback [true]
2015-05-20 12:04:32,278  INFO [Test worker] (?:?) - violations:1
2015-05-20 12:04:32,279  INFO [Test worker] (?:?) - field:comment
2015-05-20 12:04:32,279  INFO [Test worker] (?:?) - message:may have unsafe html content
2015-05-20 12:04:32,280  INFO [Test worker] (TransactionalTestExecutionListener.java:298) - Rolled back transaction after test execution for test context [DefaultTestContext@4b84e5d2 testClass = ProjectChangeStatusCommandValidatorIntegrationSpec, testInstance = com.tim.one.validator.ProjectChangeStatusCommandValidatorIntegrationSpec@2498d8d5, testMethod = $spock_feature_0_0@ProjectChangeStatusCommandValidatorIntegrationSpec, testException = [null], mergedContextConfiguration = [MergedContextConfiguration@7ba8f062 testClass = ProjectChangeStatusCommandValidatorIntegrationSpec, locations = '{classpath:/services-appctx.xml, classpath:/persistence-appctx.xml, classpath:/jms-appctx.xml, classpath:/mail-context.xml, classpath:/transaction-appctx.xml, classpath:/formatter-appctx.xml, classpath:/stp-appctx.xml, classpath:/aop-appctx.xml, classpath:/properties-appctx.xml}', classes = '{}', contextInitializerClasses = '[]', activeProfiles = '{}', contextLoader = 'org.springframework.test.context.support.DelegatingSmartContextLoader', parent = [null]]]
]]></system-out>
  <system-err><![CDATA[]]></system-err>
</testsuite>
