<?xml version="1.0" encoding="UTF-8"?>
<testsuite name="com.tim.one.validator.StpRegisterOrderCommandValidatorIntegrationSpec" tests="9" skipped="0" failures="0" errors="0" timestamp="2015-05-20T17:04:30" hostname="josdem-Inspiron-5420" time="0.114">
  <properties/>
  <testcase name="When we have a user with 51d172788b034b738565f7dd4d4cb2fe as id, and want to transfer 0.01 &#10;&#9;&#9;&#9;when we validate we expecting that result is: true" classname="com.tim.one.validator.StpRegisterOrderCommandValidatorIntegrationSpec" time="0.026"/>
  <testcase name="When we have a user with &lt;script&gt;alert('hello josdem')&lt;/script&gt; as id, and want to transfer 0.01 &#10;&#9;&#9;&#9;when we validate we expecting that result is: false" classname="com.tim.one.validator.StpRegisterOrderCommandValidatorIntegrationSpec" time="0.009"/>
  <testcase name="When we have a user with 51d172788b034b738565f7dd4d4cb2fe3 as id, and want to transfer 0.01 &#10;&#9;&#9;&#9;when we validate we expecting that result is: false" classname="com.tim.one.validator.StpRegisterOrderCommandValidatorIntegrationSpec" time="0.009"/>
  <testcase name="When we have a user with 51d172788b034b738565f7dd4d4cb2f as id, and want to transfer 0.01 &#10;&#9;&#9;&#9;when we validate we expecting that result is: false" classname="com.tim.one.validator.StpRegisterOrderCommandValidatorIntegrationSpec" time="0.011"/>
  <testcase name="When we have a user with  as id, and want to transfer 0.01 &#10;&#9;&#9;&#9;when we validate we expecting that result is: false" classname="com.tim.one.validator.StpRegisterOrderCommandValidatorIntegrationSpec" time="0.009"/>
  <testcase name="When we have a user with null as id, and want to transfer 0.01 &#10;&#9;&#9;&#9;when we validate we expecting that result is: false" classname="com.tim.one.validator.StpRegisterOrderCommandValidatorIntegrationSpec" time="0.009"/>
  <testcase name="When we have a user with 51d172788b034b738565f7dd4d4cb2fe as id, and want to transfer 0.00 &#10;&#9;&#9;&#9;when we validate we expecting that result is: false" classname="com.tim.one.validator.StpRegisterOrderCommandValidatorIntegrationSpec" time="0.01"/>
  <testcase name="When we have a user with 51d172788b034b738565f7dd4d4cb2fe as id, and want to transfer -10.00 &#10;&#9;&#9;&#9;when we validate we expecting that result is: false" classname="com.tim.one.validator.StpRegisterOrderCommandValidatorIntegrationSpec" time="0.02"/>
  <testcase name="When we have a user with 51d172788b034b738565f7dd4d4cb2fe as id, and want to transfer null &#10;&#9;&#9;&#9;when we validate we expecting that result is: false" classname="com.tim.one.validator.StpRegisterOrderCommandValidatorIntegrationSpec" time="0.01"/>
  <system-out><![CDATA[2015-05-20 12:04:30,225 DEBUG [Test worker] (AbstractFallbackTransactionAttributeSource.java:108) - Adding transactional method 'StpRegisterOrderCommandValidatorIntegrationSpec.$spock_feature_0_0' with attribute: PROPAGATION_REQUIRED,ISOLATION_DEFAULT; ''
2015-05-20 12:04:30,227  INFO [Test worker] (TransactionalTestExecutionListener.java:276) - Began transaction (1) for test context [DefaultTestContext@34290346 testClass = StpRegisterOrderCommandValidatorIntegrationSpec, testInstance = com.tim.one.validator.StpRegisterOrderCommandValidatorIntegrationSpec@7096036a, testMethod = $spock_feature_0_0@StpRegisterOrderCommandValidatorIntegrationSpec, testException = [null], mergedContextConfiguration = [MergedContextConfiguration@8ba5de5 testClass = StpRegisterOrderCommandValidatorIntegrationSpec, locations = '{classpath:/services-appctx.xml, classpath:/persistence-appctx.xml, classpath:/jms-appctx.xml, classpath:/mail-context.xml, classpath:/transaction-appctx.xml, classpath:/formatter-appctx.xml, classpath:/stp-appctx.xml, classpath:/aop-appctx.xml, classpath:/properties-appctx.xml}', classes = '{}', contextInitializerClasses = '[]', activeProfiles = '{}', contextLoader = 'org.springframework.test.context.support.DelegatingSmartContextLoader', parent = [null]]]; transaction manager [org.springframework.orm.jpa.JpaTransactionManager@5f5ca74d]; rollback [true]
2015-05-20 12:04:30,237  INFO [Test worker] (?:?) - violations:0
2015-05-20 12:04:30,238  INFO [Test worker] (TransactionalTestExecutionListener.java:298) - Rolled back transaction after test execution for test context [DefaultTestContext@34290346 testClass = StpRegisterOrderCommandValidatorIntegrationSpec, testInstance = com.tim.one.validator.StpRegisterOrderCommandValidatorIntegrationSpec@7096036a, testMethod = $spock_feature_0_0@StpRegisterOrderCommandValidatorIntegrationSpec, testException = [null], mergedContextConfiguration = [MergedContextConfiguration@8ba5de5 testClass = StpRegisterOrderCommandValidatorIntegrationSpec, locations = '{classpath:/services-appctx.xml, classpath:/persistence-appctx.xml, classpath:/jms-appctx.xml, classpath:/mail-context.xml, classpath:/transaction-appctx.xml, classpath:/formatter-appctx.xml, classpath:/stp-appctx.xml, classpath:/aop-appctx.xml, classpath:/properties-appctx.xml}', classes = '{}', contextInitializerClasses = '[]', activeProfiles = '{}', contextLoader = 'org.springframework.test.context.support.DelegatingSmartContextLoader', parent = [null]]]
2015-05-20 12:04:30,241  INFO [Test worker] (TransactionalTestExecutionListener.java:276) - Began transaction (2) for test context [DefaultTestContext@34290346 testClass = StpRegisterOrderCommandValidatorIntegrationSpec, testInstance = com.tim.one.validator.StpRegisterOrderCommandValidatorIntegrationSpec@21dbd3ba, testMethod = $spock_feature_0_0@StpRegisterOrderCommandValidatorIntegrationSpec, testException = [null], mergedContextConfiguration = [MergedContextConfiguration@8ba5de5 testClass = StpRegisterOrderCommandValidatorIntegrationSpec, locations = '{classpath:/services-appctx.xml, classpath:/persistence-appctx.xml, classpath:/jms-appctx.xml, classpath:/mail-context.xml, classpath:/transaction-appctx.xml, classpath:/formatter-appctx.xml, classpath:/stp-appctx.xml, classpath:/aop-appctx.xml, classpath:/properties-appctx.xml}', classes = '{}', contextInitializerClasses = '[]', activeProfiles = '{}', contextLoader = 'org.springframework.test.context.support.DelegatingSmartContextLoader', parent = [null]]]; transaction manager [org.springframework.orm.jpa.JpaTransactionManager@5f5ca74d]; rollback [true]
2015-05-20 12:04:30,246  INFO [Test worker] (?:?) - violations:2
2015-05-20 12:04:30,246  INFO [Test worker] (?:?) - field:userUuid
2015-05-20 12:04:30,246  INFO [Test worker] (?:?) - message:may have unsafe html content
2015-05-20 12:04:30,247  INFO [Test worker] (TransactionalTestExecutionListener.java:298) - Rolled back transaction after test execution for test context [DefaultTestContext@34290346 testClass = StpRegisterOrderCommandValidatorIntegrationSpec, testInstance = com.tim.one.validator.StpRegisterOrderCommandValidatorIntegrationSpec@21dbd3ba, testMethod = $spock_feature_0_0@StpRegisterOrderCommandValidatorIntegrationSpec, testException = [null], mergedContextConfiguration = [MergedContextConfiguration@8ba5de5 testClass = StpRegisterOrderCommandValidatorIntegrationSpec, locations = '{classpath:/services-appctx.xml, classpath:/persistence-appctx.xml, classpath:/jms-appctx.xml, classpath:/mail-context.xml, classpath:/transaction-appctx.xml, classpath:/formatter-appctx.xml, classpath:/stp-appctx.xml, classpath:/aop-appctx.xml, classpath:/properties-appctx.xml}', classes = '{}', contextInitializerClasses = '[]', activeProfiles = '{}', contextLoader = 'org.springframework.test.context.support.DelegatingSmartContextLoader', parent = [null]]]
2015-05-20 12:04:30,250  INFO [Test worker] (TransactionalTestExecutionListener.java:276) - Began transaction (3) for test context [DefaultTestContext@34290346 testClass = StpRegisterOrderCommandValidatorIntegrationSpec, testInstance = com.tim.one.validator.StpRegisterOrderCommandValidatorIntegrationSpec@39a162d0, testMethod = $spock_feature_0_0@StpRegisterOrderCommandValidatorIntegrationSpec, testException = [null], mergedContextConfiguration = [MergedContextConfiguration@8ba5de5 testClass = StpRegisterOrderCommandValidatorIntegrationSpec, locations = '{classpath:/services-appctx.xml, classpath:/persistence-appctx.xml, classpath:/jms-appctx.xml, classpath:/mail-context.xml, classpath:/transaction-appctx.xml, classpath:/formatter-appctx.xml, classpath:/stp-appctx.xml, classpath:/aop-appctx.xml, classpath:/properties-appctx.xml}', classes = '{}', contextInitializerClasses = '[]', activeProfiles = '{}', contextLoader = 'org.springframework.test.context.support.DelegatingSmartContextLoader', parent = [null]]]; transaction manager [org.springframework.orm.jpa.JpaTransactionManager@5f5ca74d]; rollback [true]
2015-05-20 12:04:30,255  INFO [Test worker] (?:?) - violations:1
2015-05-20 12:04:30,255  INFO [Test worker] (?:?) - field:userUuid
2015-05-20 12:04:30,255  INFO [Test worker] (?:?) - message:size must be between 32 and 32
2015-05-20 12:04:30,256  INFO [Test worker] (TransactionalTestExecutionListener.java:298) - Rolled back transaction after test execution for test context [DefaultTestContext@34290346 testClass = StpRegisterOrderCommandValidatorIntegrationSpec, testInstance = com.tim.one.validator.StpRegisterOrderCommandValidatorIntegrationSpec@39a162d0, testMethod = $spock_feature_0_0@StpRegisterOrderCommandValidatorIntegrationSpec, testException = [null], mergedContextConfiguration = [MergedContextConfiguration@8ba5de5 testClass = StpRegisterOrderCommandValidatorIntegrationSpec, locations = '{classpath:/services-appctx.xml, classpath:/persistence-appctx.xml, classpath:/jms-appctx.xml, classpath:/mail-context.xml, classpath:/transaction-appctx.xml, classpath:/formatter-appctx.xml, classpath:/stp-appctx.xml, classpath:/aop-appctx.xml, classpath:/properties-appctx.xml}', classes = '{}', contextInitializerClasses = '[]', activeProfiles = '{}', contextLoader = 'org.springframework.test.context.support.DelegatingSmartContextLoader', parent = [null]]]
2015-05-20 12:04:30,259  INFO [Test worker] (TransactionalTestExecutionListener.java:276) - Began transaction (4) for test context [DefaultTestContext@34290346 testClass = StpRegisterOrderCommandValidatorIntegrationSpec, testInstance = com.tim.one.validator.StpRegisterOrderCommandValidatorIntegrationSpec@13f0ddb6, testMethod = $spock_feature_0_0@StpRegisterOrderCommandValidatorIntegrationSpec, testException = [null], mergedContextConfiguration = [MergedContextConfiguration@8ba5de5 testClass = StpRegisterOrderCommandValidatorIntegrationSpec, locations = '{classpath:/services-appctx.xml, classpath:/persistence-appctx.xml, classpath:/jms-appctx.xml, classpath:/mail-context.xml, classpath:/transaction-appctx.xml, classpath:/formatter-appctx.xml, classpath:/stp-appctx.xml, classpath:/aop-appctx.xml, classpath:/properties-appctx.xml}', classes = '{}', contextInitializerClasses = '[]', activeProfiles = '{}', contextLoader = 'org.springframework.test.context.support.DelegatingSmartContextLoader', parent = [null]]]; transaction manager [org.springframework.orm.jpa.JpaTransactionManager@5f5ca74d]; rollback [true]
2015-05-20 12:04:30,265  INFO [Test worker] (?:?) - violations:1
2015-05-20 12:04:30,266  INFO [Test worker] (?:?) - field:userUuid
2015-05-20 12:04:30,266  INFO [Test worker] (?:?) - message:size must be between 32 and 32
2015-05-20 12:04:30,267  INFO [Test worker] (TransactionalTestExecutionListener.java:298) - Rolled back transaction after test execution for test context [DefaultTestContext@34290346 testClass = StpRegisterOrderCommandValidatorIntegrationSpec, testInstance = com.tim.one.validator.StpRegisterOrderCommandValidatorIntegrationSpec@13f0ddb6, testMethod = $spock_feature_0_0@StpRegisterOrderCommandValidatorIntegrationSpec, testException = [null], mergedContextConfiguration = [MergedContextConfiguration@8ba5de5 testClass = StpRegisterOrderCommandValidatorIntegrationSpec, locations = '{classpath:/services-appctx.xml, classpath:/persistence-appctx.xml, classpath:/jms-appctx.xml, classpath:/mail-context.xml, classpath:/transaction-appctx.xml, classpath:/formatter-appctx.xml, classpath:/stp-appctx.xml, classpath:/aop-appctx.xml, classpath:/properties-appctx.xml}', classes = '{}', contextInitializerClasses = '[]', activeProfiles = '{}', contextLoader = 'org.springframework.test.context.support.DelegatingSmartContextLoader', parent = [null]]]
2015-05-20 12:04:30,270  INFO [Test worker] (TransactionalTestExecutionListener.java:276) - Began transaction (5) for test context [DefaultTestContext@34290346 testClass = StpRegisterOrderCommandValidatorIntegrationSpec, testInstance = com.tim.one.validator.StpRegisterOrderCommandValidatorIntegrationSpec@121d32, testMethod = $spock_feature_0_0@StpRegisterOrderCommandValidatorIntegrationSpec, testException = [null], mergedContextConfiguration = [MergedContextConfiguration@8ba5de5 testClass = StpRegisterOrderCommandValidatorIntegrationSpec, locations = '{classpath:/services-appctx.xml, classpath:/persistence-appctx.xml, classpath:/jms-appctx.xml, classpath:/mail-context.xml, classpath:/transaction-appctx.xml, classpath:/formatter-appctx.xml, classpath:/stp-appctx.xml, classpath:/aop-appctx.xml, classpath:/properties-appctx.xml}', classes = '{}', contextInitializerClasses = '[]', activeProfiles = '{}', contextLoader = 'org.springframework.test.context.support.DelegatingSmartContextLoader', parent = [null]]]; transaction manager [org.springframework.orm.jpa.JpaTransactionManager@5f5ca74d]; rollback [true]
2015-05-20 12:04:30,275  INFO [Test worker] (?:?) - violations:1
2015-05-20 12:04:30,276  INFO [Test worker] (?:?) - field:userUuid
2015-05-20 12:04:30,276  INFO [Test worker] (?:?) - message:size must be between 32 and 32
2015-05-20 12:04:30,277  INFO [Test worker] (TransactionalTestExecutionListener.java:298) - Rolled back transaction after test execution for test context [DefaultTestContext@34290346 testClass = StpRegisterOrderCommandValidatorIntegrationSpec, testInstance = com.tim.one.validator.StpRegisterOrderCommandValidatorIntegrationSpec@121d32, testMethod = $spock_feature_0_0@StpRegisterOrderCommandValidatorIntegrationSpec, testException = [null], mergedContextConfiguration = [MergedContextConfiguration@8ba5de5 testClass = StpRegisterOrderCommandValidatorIntegrationSpec, locations = '{classpath:/services-appctx.xml, classpath:/persistence-appctx.xml, classpath:/jms-appctx.xml, classpath:/mail-context.xml, classpath:/transaction-appctx.xml, classpath:/formatter-appctx.xml, classpath:/stp-appctx.xml, classpath:/aop-appctx.xml, classpath:/properties-appctx.xml}', classes = '{}', contextInitializerClasses = '[]', activeProfiles = '{}', contextLoader = 'org.springframework.test.context.support.DelegatingSmartContextLoader', parent = [null]]]
2015-05-20 12:04:30,279  INFO [Test worker] (TransactionalTestExecutionListener.java:276) - Began transaction (6) for test context [DefaultTestContext@34290346 testClass = StpRegisterOrderCommandValidatorIntegrationSpec, testInstance = com.tim.one.validator.StpRegisterOrderCommandValidatorIntegrationSpec@15fdb01, testMethod = $spock_feature_0_0@StpRegisterOrderCommandValidatorIntegrationSpec, testException = [null], mergedContextConfiguration = [MergedContextConfiguration@8ba5de5 testClass = StpRegisterOrderCommandValidatorIntegrationSpec, locations = '{classpath:/services-appctx.xml, classpath:/persistence-appctx.xml, classpath:/jms-appctx.xml, classpath:/mail-context.xml, classpath:/transaction-appctx.xml, classpath:/formatter-appctx.xml, classpath:/stp-appctx.xml, classpath:/aop-appctx.xml, classpath:/properties-appctx.xml}', classes = '{}', contextInitializerClasses = '[]', activeProfiles = '{}', contextLoader = 'org.springframework.test.context.support.DelegatingSmartContextLoader', parent = [null]]]; transaction manager [org.springframework.orm.jpa.JpaTransactionManager@5f5ca74d]; rollback [true]
2015-05-20 12:04:30,285  INFO [Test worker] (?:?) - violations:1
2015-05-20 12:04:30,285  INFO [Test worker] (?:?) - field:userUuid
2015-05-20 12:04:30,285  INFO [Test worker] (?:?) - message:may not be null
2015-05-20 12:04:30,286  INFO [Test worker] (TransactionalTestExecutionListener.java:298) - Rolled back transaction after test execution for test context [DefaultTestContext@34290346 testClass = StpRegisterOrderCommandValidatorIntegrationSpec, testInstance = com.tim.one.validator.StpRegisterOrderCommandValidatorIntegrationSpec@15fdb01, testMethod = $spock_feature_0_0@StpRegisterOrderCommandValidatorIntegrationSpec, testException = [null], mergedContextConfiguration = [MergedContextConfiguration@8ba5de5 testClass = StpRegisterOrderCommandValidatorIntegrationSpec, locations = '{classpath:/services-appctx.xml, classpath:/persistence-appctx.xml, classpath:/jms-appctx.xml, classpath:/mail-context.xml, classpath:/transaction-appctx.xml, classpath:/formatter-appctx.xml, classpath:/stp-appctx.xml, classpath:/aop-appctx.xml, classpath:/properties-appctx.xml}', classes = '{}', contextInitializerClasses = '[]', activeProfiles = '{}', contextLoader = 'org.springframework.test.context.support.DelegatingSmartContextLoader', parent = [null]]]
2015-05-20 12:04:30,289  INFO [Test worker] (TransactionalTestExecutionListener.java:276) - Began transaction (7) for test context [DefaultTestContext@34290346 testClass = StpRegisterOrderCommandValidatorIntegrationSpec, testInstance = com.tim.one.validator.StpRegisterOrderCommandValidatorIntegrationSpec@3140538f, testMethod = $spock_feature_0_0@StpRegisterOrderCommandValidatorIntegrationSpec, testException = [null], mergedContextConfiguration = [MergedContextConfiguration@8ba5de5 testClass = StpRegisterOrderCommandValidatorIntegrationSpec, locations = '{classpath:/services-appctx.xml, classpath:/persistence-appctx.xml, classpath:/jms-appctx.xml, classpath:/mail-context.xml, classpath:/transaction-appctx.xml, classpath:/formatter-appctx.xml, classpath:/stp-appctx.xml, classpath:/aop-appctx.xml, classpath:/properties-appctx.xml}', classes = '{}', contextInitializerClasses = '[]', activeProfiles = '{}', contextLoader = 'org.springframework.test.context.support.DelegatingSmartContextLoader', parent = [null]]]; transaction manager [org.springframework.orm.jpa.JpaTransactionManager@5f5ca74d]; rollback [true]
2015-05-20 12:04:30,294  INFO [Test worker] (?:?) - violations:1
2015-05-20 12:04:30,295  INFO [Test worker] (?:?) - field:amount
2015-05-20 12:04:30,295  INFO [Test worker] (?:?) - message:must be greater than or equal to 0.01
2015-05-20 12:04:30,296  INFO [Test worker] (TransactionalTestExecutionListener.java:298) - Rolled back transaction after test execution for test context [DefaultTestContext@34290346 testClass = StpRegisterOrderCommandValidatorIntegrationSpec, testInstance = com.tim.one.validator.StpRegisterOrderCommandValidatorIntegrationSpec@3140538f, testMethod = $spock_feature_0_0@StpRegisterOrderCommandValidatorIntegrationSpec, testException = [null], mergedContextConfiguration = [MergedContextConfiguration@8ba5de5 testClass = StpRegisterOrderCommandValidatorIntegrationSpec, locations = '{classpath:/services-appctx.xml, classpath:/persistence-appctx.xml, classpath:/jms-appctx.xml, classpath:/mail-context.xml, classpath:/transaction-appctx.xml, classpath:/formatter-appctx.xml, classpath:/stp-appctx.xml, classpath:/aop-appctx.xml, classpath:/properties-appctx.xml}', classes = '{}', contextInitializerClasses = '[]', activeProfiles = '{}', contextLoader = 'org.springframework.test.context.support.DelegatingSmartContextLoader', parent = [null]]]
2015-05-20 12:04:30,301  INFO [Test worker] (TransactionalTestExecutionListener.java:276) - Began transaction (8) for test context [DefaultTestContext@34290346 testClass = StpRegisterOrderCommandValidatorIntegrationSpec, testInstance = com.tim.one.validator.StpRegisterOrderCommandValidatorIntegrationSpec@564426b3, testMethod = $spock_feature_0_0@StpRegisterOrderCommandValidatorIntegrationSpec, testException = [null], mergedContextConfiguration = [MergedContextConfiguration@8ba5de5 testClass = StpRegisterOrderCommandValidatorIntegrationSpec, locations = '{classpath:/services-appctx.xml, classpath:/persistence-appctx.xml, classpath:/jms-appctx.xml, classpath:/mail-context.xml, classpath:/transaction-appctx.xml, classpath:/formatter-appctx.xml, classpath:/stp-appctx.xml, classpath:/aop-appctx.xml, classpath:/properties-appctx.xml}', classes = '{}', contextInitializerClasses = '[]', activeProfiles = '{}', contextLoader = 'org.springframework.test.context.support.DelegatingSmartContextLoader', parent = [null]]]; transaction manager [org.springframework.orm.jpa.JpaTransactionManager@5f5ca74d]; rollback [true]
2015-05-20 12:04:30,312  INFO [Test worker] (?:?) - violations:1
2015-05-20 12:04:30,313  INFO [Test worker] (?:?) - field:amount
2015-05-20 12:04:30,313  INFO [Test worker] (?:?) - message:must be greater than or equal to 0.01
2015-05-20 12:04:30,315  INFO [Test worker] (TransactionalTestExecutionListener.java:298) - Rolled back transaction after test execution for test context [DefaultTestContext@34290346 testClass = StpRegisterOrderCommandValidatorIntegrationSpec, testInstance = com.tim.one.validator.StpRegisterOrderCommandValidatorIntegrationSpec@564426b3, testMethod = $spock_feature_0_0@StpRegisterOrderCommandValidatorIntegrationSpec, testException = [null], mergedContextConfiguration = [MergedContextConfiguration@8ba5de5 testClass = StpRegisterOrderCommandValidatorIntegrationSpec, locations = '{classpath:/services-appctx.xml, classpath:/persistence-appctx.xml, classpath:/jms-appctx.xml, classpath:/mail-context.xml, classpath:/transaction-appctx.xml, classpath:/formatter-appctx.xml, classpath:/stp-appctx.xml, classpath:/aop-appctx.xml, classpath:/properties-appctx.xml}', classes = '{}', contextInitializerClasses = '[]', activeProfiles = '{}', contextLoader = 'org.springframework.test.context.support.DelegatingSmartContextLoader', parent = [null]]]
2015-05-20 12:04:30,319  INFO [Test worker] (TransactionalTestExecutionListener.java:276) - Began transaction (9) for test context [DefaultTestContext@34290346 testClass = StpRegisterOrderCommandValidatorIntegrationSpec, testInstance = com.tim.one.validator.StpRegisterOrderCommandValidatorIntegrationSpec@16b69d91, testMethod = $spock_feature_0_0@StpRegisterOrderCommandValidatorIntegrationSpec, testException = [null], mergedContextConfiguration = [MergedContextConfiguration@8ba5de5 testClass = StpRegisterOrderCommandValidatorIntegrationSpec, locations = '{classpath:/services-appctx.xml, classpath:/persistence-appctx.xml, classpath:/jms-appctx.xml, classpath:/mail-context.xml, classpath:/transaction-appctx.xml, classpath:/formatter-appctx.xml, classpath:/stp-appctx.xml, classpath:/aop-appctx.xml, classpath:/properties-appctx.xml}', classes = '{}', contextInitializerClasses = '[]', activeProfiles = '{}', contextLoader = 'org.springframework.test.context.support.DelegatingSmartContextLoader', parent = [null]]]; transaction manager [org.springframework.orm.jpa.JpaTransactionManager@5f5ca74d]; rollback [true]
2015-05-20 12:04:30,325  INFO [Test worker] (?:?) - violations:1
2015-05-20 12:04:30,325  INFO [Test worker] (?:?) - field:amount
2015-05-20 12:04:30,325  INFO [Test worker] (?:?) - message:may not be null
2015-05-20 12:04:30,326  INFO [Test worker] (TransactionalTestExecutionListener.java:298) - Rolled back transaction after test execution for test context [DefaultTestContext@34290346 testClass = StpRegisterOrderCommandValidatorIntegrationSpec, testInstance = com.tim.one.validator.StpRegisterOrderCommandValidatorIntegrationSpec@16b69d91, testMethod = $spock_feature_0_0@StpRegisterOrderCommandValidatorIntegrationSpec, testException = [null], mergedContextConfiguration = [MergedContextConfiguration@8ba5de5 testClass = StpRegisterOrderCommandValidatorIntegrationSpec, locations = '{classpath:/services-appctx.xml, classpath:/persistence-appctx.xml, classpath:/jms-appctx.xml, classpath:/mail-context.xml, classpath:/transaction-appctx.xml, classpath:/formatter-appctx.xml, classpath:/stp-appctx.xml, classpath:/aop-appctx.xml, classpath:/properties-appctx.xml}', classes = '{}', contextInitializerClasses = '[]', activeProfiles = '{}', contextLoader = 'org.springframework.test.context.support.DelegatingSmartContextLoader', parent = [null]]]
]]></system-out>
  <system-err><![CDATA[]]></system-err>
</testsuite>
