<?xml version="1.0" encoding="UTF-8"?>
<testsuite name="com.tim.one.repository.SecurityRepositoryIntegrationSpec" tests="1" skipped="0" failures="0" errors="0" timestamp="2015-04-29T14:59:38" hostname="josdem-Inspiron-5420" time="0.155">
  <properties/>
  <testcase name="should find a session key by apiKey" classname="com.tim.one.repository.SecurityRepositoryIntegrationSpec" time="0.155"/>
  <system-out><![CDATA[]]></system-out>
  <system-err><![CDATA[]]></system-err>
</testsuite>
