<?xml version="1.0" encoding="UTF-8"?>
<testsuite name="com.tim.one.repository.TransferUserLimitRepositoryIntegrationSpec" tests="2" skipped="0" failures="0" errors="0" timestamp="2015-04-29T14:59:35" hostname="josdem-Inspiron-5420" time="0.39">
  <properties/>
  <testcase name="should find a transfer user limit by user" classname="com.tim.one.repository.TransferUserLimitRepositoryIntegrationSpec" time="0.269"/>
  <testcase name="should find a transfer user limit by user and destination" classname="com.tim.one.repository.TransferUserLimitRepositoryIntegrationSpec" time="0.12"/>
  <system-out><![CDATA[]]></system-out>
  <system-err><![CDATA[]]></system-err>
</testsuite>
