<?xml version="1.0" encoding="UTF-8"?>
<testsuite name="com.tim.one.repository.ProjectVariableCostRepositoryIntegrationSpec" tests="1" skipped="0" failures="0" errors="0" timestamp="2015-04-29T14:59:39" hostname="josdem-Inspiron-5420" time="0.124">
  <properties/>
  <testcase name="should find project variable cost by project" classname="com.tim.one.repository.ProjectVariableCostRepositoryIntegrationSpec" time="0.124"/>
  <system-out><![CDATA[]]></system-out>
  <system-err><![CDATA[]]></system-err>
</testsuite>
