<?xml version="1.0" encoding="UTF-8"?>
<testsuite name="com.tim.one.repository.ProjectTxRepositoryIntegrationSpec" tests="2" skipped="0" failures="0" errors="0" timestamp="2015-04-29T14:59:43" hostname="josdem-Inspiron-5420" time="0.339">
  <properties/>
  <testcase name="should find a project tx by project" classname="com.tim.one.repository.ProjectTxRepositoryIntegrationSpec" time="0.129"/>
  <testcase name="should find a project tx by project order by timestamp" classname="com.tim.one.repository.ProjectTxRepositoryIntegrationSpec" time="0.21"/>
  <system-out><![CDATA[]]></system-out>
  <system-err><![CDATA[]]></system-err>
</testsuite>
