<?xml version="1.0" encoding="UTF-8"?>
<testsuite name="com.tim.one.repository.ProjectRepositoryIntegrationSpec" tests="18" skipped="0" failures="0" errors="0" timestamp="2015-04-29T14:59:36" hostname="josdem-Inspiron-5420" time="1.419">
  <properties/>
  <testcase name="should find projects by type" classname="com.tim.one.repository.ProjectRepositoryIntegrationSpec" time="0.11"/>
  <testcase name="should find projects by uuid" classname="com.tim.one.repository.ProjectRepositoryIntegrationSpec" time="0.076"/>
  <testcase name="should find projects by user" classname="com.tim.one.repository.ProjectRepositoryIntegrationSpec" time="0.071"/>
  <testcase name="should find projects by subcategory" classname="com.tim.one.repository.ProjectRepositoryIntegrationSpec" time="0.071"/>
  <testcase name="should find project by status" classname="com.tim.one.repository.ProjectRepositoryIntegrationSpec" time="0.068"/>
  <testcase name="should find projects by type and subcategoryId" classname="com.tim.one.repository.ProjectRepositoryIntegrationSpec" time="0.068"/>
  <testcase name="should find projects closest to end funding" classname="com.tim.one.repository.ProjectRepositoryIntegrationSpec" time="0.105"/>
  <testcase name="should find projects by higher balance" classname="com.tim.one.repository.ProjectRepositoryIntegrationSpec" time="0.067"/>
  <testcase name="should find projects closest to end presentation" classname="com.tim.one.repository.ProjectRepositoryIntegrationSpec" time="0.067"/>
  <testcase name="should find projects by statuses" classname="com.tim.one.repository.ProjectRepositoryIntegrationSpec" time="0.098"/>
  <testcase name="should find projects by type and subcategory and statuses" classname="com.tim.one.repository.ProjectRepositoryIntegrationSpec" time="0.078"/>
  <testcase name="should find projects by subcategories" classname="com.tim.one.repository.ProjectRepositoryIntegrationSpec" time="0.074"/>
  <testcase name="should find projects by subcategories and statuses" classname="com.tim.one.repository.ProjectRepositoryIntegrationSpec" time="0.069"/>
  <testcase name="should find project by name using like" classname="com.tim.one.repository.ProjectRepositoryIntegrationSpec" time="0.077"/>
  <testcase name="should find project by tag using like" classname="com.tim.one.repository.ProjectRepositoryIntegrationSpec" time="0.088"/>
  <testcase name="should find projects w/logs" classname="com.tim.one.repository.ProjectRepositoryIntegrationSpec" time="0.076"/>
  <testcase name="should find projects w/providers order by advance date" classname="com.tim.one.repository.ProjectRepositoryIntegrationSpec" time="0.083"/>
  <testcase name="should find project w/financialData" classname="com.tim.one.repository.ProjectRepositoryIntegrationSpec" time="0.066"/>
  <system-out><![CDATA[]]></system-out>
  <system-err><![CDATA[]]></system-err>
</testsuite>
