<?xml version="1.0" encoding="UTF-8"?>
<testsuite name="com.tim.one.repository.UseCacheIntegrationSpec" tests="2" skipped="0" failures="0" errors="0" timestamp="2015-04-29T14:59:39" hostname="josdem-Inspiron-5420" time="3.012">
  <properties/>
  <testcase name="Should use cache instead of execute query when we use conventional methods" classname="com.tim.one.repository.UseCacheIntegrationSpec" time="2.576"/>
  <testcase name="Should use cache instead of execute query when we use specific methods" classname="com.tim.one.repository.UseCacheIntegrationSpec" time="0.436"/>
  <system-out><![CDATA[]]></system-out>
  <system-err><![CDATA[INFO 4/29/15 9:59 AM: liquibase: Successfully acquired change log lock
INFO 4/29/15 9:59 AM: liquibase: Reading from tramatest.DATABASECHANGELOG
INFO 4/29/15 9:59 AM: liquibase: Successfully released change log lock
]]></system-err>
</testsuite>
