<?xml version="1.0" encoding="UTF-8"?>
<testsuite name="com.tim.one.repository.IntegraUserTxRepositoryIntegrationSpec" tests="4" skipped="0" failures="0" errors="0" timestamp="2015-04-29T14:59:38" hostname="josdem-Inspiron-5420" time="0.721">
  <properties/>
  <testcase name="should find user's tx by uuid" classname="com.tim.one.repository.IntegraUserTxRepositoryIntegrationSpec" time="0.231"/>
  <testcase name="should find user's txs by origin uuid" classname="com.tim.one.repository.IntegraUserTxRepositoryIntegrationSpec" time="0.179"/>
  <testcase name="should find user's txs by destination uuid" classname="com.tim.one.repository.IntegraUserTxRepositoryIntegrationSpec" time="0.199"/>
  <testcase name="should find user's txs by uuid and date" classname="com.tim.one.repository.IntegraUserTxRepositoryIntegrationSpec" time="0.111"/>
  <system-out><![CDATA[]]></system-out>
  <system-err><![CDATA[]]></system-err>
</testsuite>
