<?xml version="1.0" encoding="UTF-8"?>
<testsuite name="com.tim.one.repository.UserRepositoryIntegrationSpec" tests="5" skipped="0" failures="0" errors="0" timestamp="2015-04-29T14:59:44" hostname="josdem-Inspiron-5420" time="0.395">
  <properties/>
  <testcase name="should find user by email" classname="com.tim.one.repository.UserRepositoryIntegrationSpec" time="0.129"/>
  <testcase name="should find user w/account" classname="com.tim.one.repository.UserRepositoryIntegrationSpec" time="0.066"/>
  <testcase name="should find user w/clabe" classname="com.tim.one.repository.UserRepositoryIntegrationSpec" time="0.066"/>
  <testcase name="should find user by uuid" classname="com.tim.one.repository.UserRepositoryIntegrationSpec" time="0.066"/>
  <testcase name="should find a user from two by clabe" classname="com.tim.one.repository.UserRepositoryIntegrationSpec" time="0.067"/>
  <system-out><![CDATA[]]></system-out>
  <system-err><![CDATA[]]></system-err>
</testsuite>
