<?xml version="1.0" encoding="UTF-8"?>
<testsuite name="com.tim.one.repository.TramaAccountRepositoryIntegrationSpec" tests="1" skipped="0" failures="0" errors="0" timestamp="2015-04-29T14:59:22" hostname="josdem-Inspiron-5420" time="12.875">
  <properties/>
  <testcase name="should find a trama account by type" classname="com.tim.one.repository.TramaAccountRepositoryIntegrationSpec" time="12.875"/>
  <system-out><![CDATA[]]></system-out>
  <system-err><![CDATA[log4j:WARN No appenders could be found for logger (org.springframework.test.annotation.ProfileValueUtils).
log4j:WARN Please initialize the log4j system properly.
log4j:WARN See http://logging.apache.org/log4j/1.2/faq.html#noconfig for more info.
INFO 4/29/15 9:59 AM: liquibase: Successfully acquired change log lock
INFO 4/29/15 9:59 AM: liquibase: Creating database history table with name: tramatest.DATABASECHANGELOG
INFO 4/29/15 9:59 AM: liquibase: Reading from tramatest.DATABASECHANGELOG
INFO 4/29/15 9:59 AM: liquibase: classpath:db-changelog.xml: classpath:/migrations/estructura-inicial.sql::1::josdem: Custom SQL executed
INFO 4/29/15 9:59 AM: liquibase: classpath:db-changelog.xml: classpath:/migrations/estructura-inicial.sql::1::josdem: ChangeSet classpath:/migrations/estructura-inicial.sql::1::josdem ran successfully in 102ms
INFO 4/29/15 9:59 AM: liquibase: classpath:db-changelog.xml: classpath:/migrations/estructura-inicial.sql::2::josdem: Custom SQL executed
INFO 4/29/15 9:59 AM: liquibase: classpath:db-changelog.xml: classpath:/migrations/estructura-inicial.sql::2::josdem: ChangeSet classpath:/migrations/estructura-inicial.sql::2::josdem ran successfully in 89ms
INFO 4/29/15 9:59 AM: liquibase: classpath:db-changelog.xml: classpath:/migrations/estructura-inicial.sql::3::josdem: Custom SQL executed
INFO 4/29/15 9:59 AM: liquibase: classpath:db-changelog.xml: classpath:/migrations/estructura-inicial.sql::3::josdem: ChangeSet classpath:/migrations/estructura-inicial.sql::3::josdem ran successfully in 135ms
INFO 4/29/15 9:59 AM: liquibase: classpath:db-changelog.xml: classpath:/migrations/estructura-inicial.sql::4::josdem: Custom SQL executed
INFO 4/29/15 9:59 AM: liquibase: classpath:db-changelog.xml: classpath:/migrations/estructura-inicial.sql::4::josdem: ChangeSet classpath:/migrations/estructura-inicial.sql::4::josdem ran successfully in 212ms
INFO 4/29/15 9:59 AM: liquibase: classpath:db-changelog.xml: classpath:/migrations/estructura-inicial.sql::6::josdem: Custom SQL executed
INFO 4/29/15 9:59 AM: liquibase: classpath:db-changelog.xml: classpath:/migrations/estructura-inicial.sql::6::josdem: ChangeSet classpath:/migrations/estructura-inicial.sql::6::josdem ran successfully in 111ms
INFO 4/29/15 9:59 AM: liquibase: classpath:db-changelog.xml: classpath:/migrations/estructura-inicial.sql::7::josdem: Custom SQL executed
INFO 4/29/15 9:59 AM: liquibase: classpath:db-changelog.xml: classpath:/migrations/estructura-inicial.sql::7::josdem: ChangeSet classpath:/migrations/estructura-inicial.sql::7::josdem ran successfully in 100ms
INFO 4/29/15 9:59 AM: liquibase: classpath:db-changelog.xml: classpath:/migrations/estructura-inicial.sql::8::josdem: Custom SQL executed
INFO 4/29/15 9:59 AM: liquibase: classpath:db-changelog.xml: classpath:/migrations/estructura-inicial.sql::8::josdem: ChangeSet classpath:/migrations/estructura-inicial.sql::8::josdem ran successfully in 111ms
INFO 4/29/15 9:59 AM: liquibase: classpath:db-changelog.xml: classpath:/migrations/estructura-inicial.sql::9::josdem: Custom SQL executed
INFO 4/29/15 9:59 AM: liquibase: classpath:db-changelog.xml: classpath:/migrations/estructura-inicial.sql::9::josdem: ChangeSet classpath:/migrations/estructura-inicial.sql::9::josdem ran successfully in 111ms
INFO 4/29/15 9:59 AM: liquibase: classpath:db-changelog.xml: classpath:/migrations/estructura-inicial.sql::10::josdem: Custom SQL executed
INFO 4/29/15 9:59 AM: liquibase: classpath:db-changelog.xml: classpath:/migrations/estructura-inicial.sql::10::josdem: ChangeSet classpath:/migrations/estructura-inicial.sql::10::josdem ran successfully in 123ms
INFO 4/29/15 9:59 AM: liquibase: classpath:db-changelog.xml: classpath:/migrations/estructura-inicial.sql::11::josdem: Custom SQL executed
INFO 4/29/15 9:59 AM: liquibase: classpath:db-changelog.xml: classpath:/migrations/estructura-inicial.sql::11::josdem: ChangeSet classpath:/migrations/estructura-inicial.sql::11::josdem ran successfully in 100ms
INFO 4/29/15 9:59 AM: liquibase: classpath:db-changelog.xml: classpath:/migrations/estructura-inicial.sql::12::josdem: Custom SQL executed
INFO 4/29/15 9:59 AM: liquibase: classpath:db-changelog.xml: classpath:/migrations/estructura-inicial.sql::12::josdem: ChangeSet classpath:/migrations/estructura-inicial.sql::12::josdem ran successfully in 112ms
INFO 4/29/15 9:59 AM: liquibase: classpath:db-changelog.xml: classpath:/migrations/estructura-inicial.sql::13::josdem: Custom SQL executed
INFO 4/29/15 9:59 AM: liquibase: classpath:db-changelog.xml: classpath:/migrations/estructura-inicial.sql::13::josdem: ChangeSet classpath:/migrations/estructura-inicial.sql::13::josdem ran successfully in 112ms
INFO 4/29/15 9:59 AM: liquibase: classpath:db-changelog.xml: classpath:/migrations/estructura-inicial.sql::14::josdem: Custom SQL executed
INFO 4/29/15 9:59 AM: liquibase: classpath:db-changelog.xml: classpath:/migrations/estructura-inicial.sql::14::josdem: ChangeSet classpath:/migrations/estructura-inicial.sql::14::josdem ran successfully in 101ms
INFO 4/29/15 9:59 AM: liquibase: classpath:db-changelog.xml: classpath:/migrations/estructura-inicial.sql::15::josdem: Custom SQL executed
INFO 4/29/15 9:59 AM: liquibase: classpath:db-changelog.xml: classpath:/migrations/estructura-inicial.sql::15::josdem: ChangeSet classpath:/migrations/estructura-inicial.sql::15::josdem ran successfully in 100ms
INFO 4/29/15 9:59 AM: liquibase: classpath:db-changelog.xml: classpath:/migrations/estructura-inicial.sql::16::josdem: Custom SQL executed
INFO 4/29/15 9:59 AM: liquibase: classpath:db-changelog.xml: classpath:/migrations/estructura-inicial.sql::16::josdem: ChangeSet classpath:/migrations/estructura-inicial.sql::16::josdem ran successfully in 100ms
INFO 4/29/15 9:59 AM: liquibase: classpath:db-changelog.xml: classpath:/migrations/estructura-inicial.sql::17::josdem: Custom SQL executed
INFO 4/29/15 9:59 AM: liquibase: classpath:db-changelog.xml: classpath:/migrations/estructura-inicial.sql::17::josdem: ChangeSet classpath:/migrations/estructura-inicial.sql::17::josdem ran successfully in 100ms
INFO 4/29/15 9:59 AM: liquibase: classpath:db-changelog.xml: classpath:/migrations/estructura-inicial.sql::18::josdem: Custom SQL executed
INFO 4/29/15 9:59 AM: liquibase: classpath:db-changelog.xml: classpath:/migrations/estructura-inicial.sql::18::josdem: ChangeSet classpath:/migrations/estructura-inicial.sql::18::josdem ran successfully in 101ms
INFO 4/29/15 9:59 AM: liquibase: classpath:db-changelog.xml: classpath:/migrations/estructura-inicial.sql::19::josdem: Custom SQL executed
INFO 4/29/15 9:59 AM: liquibase: classpath:db-changelog.xml: classpath:/migrations/estructura-inicial.sql::19::josdem: ChangeSet classpath:/migrations/estructura-inicial.sql::19::josdem ran successfully in 88ms
INFO 4/29/15 9:59 AM: liquibase: classpath:db-changelog.xml: classpath:/migrations/estructura-inicial.sql::20::josdem: Custom SQL executed
INFO 4/29/15 9:59 AM: liquibase: classpath:db-changelog.xml: classpath:/migrations/estructura-inicial.sql::20::josdem: ChangeSet classpath:/migrations/estructura-inicial.sql::20::josdem ran successfully in 101ms
INFO 4/29/15 9:59 AM: liquibase: classpath:db-changelog.xml: classpath:/migrations/estructura-inicial.sql::21::josdem: Custom SQL executed
INFO 4/29/15 9:59 AM: liquibase: classpath:db-changelog.xml: classpath:/migrations/estructura-inicial.sql::21::josdem: ChangeSet classpath:/migrations/estructura-inicial.sql::21::josdem ran successfully in 90ms
INFO 4/29/15 9:59 AM: liquibase: classpath:db-changelog.xml: classpath:/migrations/estructura-inicial.sql::22::josdem: Custom SQL executed
INFO 4/29/15 9:59 AM: liquibase: classpath:db-changelog.xml: classpath:/migrations/estructura-inicial.sql::22::josdem: ChangeSet classpath:/migrations/estructura-inicial.sql::22::josdem ran successfully in 103ms
INFO 4/29/15 9:59 AM: liquibase: classpath:db-changelog.xml: classpath:/migrations/estructura-inicial.sql::23::josdem: Custom SQL executed
INFO 4/29/15 9:59 AM: liquibase: classpath:db-changelog.xml: classpath:/migrations/estructura-inicial.sql::23::josdem: ChangeSet classpath:/migrations/estructura-inicial.sql::23::josdem ran successfully in 123ms
INFO 4/29/15 9:59 AM: liquibase: classpath:db-changelog.xml: classpath:/migrations/estructura-inicial.sql::24::josdem: Custom SQL executed
INFO 4/29/15 9:59 AM: liquibase: classpath:db-changelog.xml: classpath:/migrations/estructura-inicial.sql::24::josdem: ChangeSet classpath:/migrations/estructura-inicial.sql::24::josdem ran successfully in 112ms
INFO 4/29/15 9:59 AM: liquibase: classpath:db-changelog.xml: classpath:/migrations/estructura-inicial.sql::25::josdem: Custom SQL executed
INFO 4/29/15 9:59 AM: liquibase: classpath:db-changelog.xml: classpath:/migrations/estructura-inicial.sql::25::josdem: ChangeSet classpath:/migrations/estructura-inicial.sql::25::josdem ran successfully in 101ms
INFO 4/29/15 9:59 AM: liquibase: classpath:db-changelog.xml: classpath:/migrations/estructura-inicial.sql::26::josdem: Custom SQL executed
INFO 4/29/15 9:59 AM: liquibase: classpath:db-changelog.xml: classpath:/migrations/estructura-inicial.sql::26::josdem: ChangeSet classpath:/migrations/estructura-inicial.sql::26::josdem ran successfully in 123ms
INFO 4/29/15 9:59 AM: liquibase: classpath:db-changelog.xml: classpath:/migrations/estructura-inicial.sql::27::josdem: Custom SQL executed
INFO 4/29/15 9:59 AM: liquibase: classpath:db-changelog.xml: classpath:/migrations/estructura-inicial.sql::27::josdem: ChangeSet classpath:/migrations/estructura-inicial.sql::27::josdem ran successfully in 123ms
INFO 4/29/15 9:59 AM: liquibase: classpath:db-changelog.xml: classpath:/migrations/estructura-inicial.sql::28::josdem: Custom SQL executed
INFO 4/29/15 9:59 AM: liquibase: classpath:db-changelog.xml: classpath:/migrations/estructura-inicial.sql::28::josdem: ChangeSet classpath:/migrations/estructura-inicial.sql::28::josdem ran successfully in 100ms
INFO 4/29/15 9:59 AM: liquibase: classpath:db-changelog.xml: classpath:/migrations/estructura-inicial.sql::29::josdem: Custom SQL executed
INFO 4/29/15 9:59 AM: liquibase: classpath:db-changelog.xml: classpath:/migrations/estructura-inicial.sql::29::josdem: ChangeSet classpath:/migrations/estructura-inicial.sql::29::josdem ran successfully in 111ms
INFO 4/29/15 9:59 AM: liquibase: classpath:db-changelog.xml: classpath:/migrations/carga_datos.sql::1::josdem: Custom SQL executed
INFO 4/29/15 9:59 AM: liquibase: classpath:db-changelog.xml: classpath:/migrations/carga_datos.sql::1::josdem: ChangeSet classpath:/migrations/carga_datos.sql::1::josdem ran successfully in 45ms
INFO 4/29/15 9:59 AM: liquibase: classpath:db-changelog.xml: classpath:/migrations/carga_datos.sql::2::josdem: Custom SQL executed
INFO 4/29/15 9:59 AM: liquibase: classpath:db-changelog.xml: classpath:/migrations/carga_datos.sql::2::josdem: ChangeSet classpath:/migrations/carga_datos.sql::2::josdem ran successfully in 55ms
INFO 4/29/15 9:59 AM: liquibase: classpath:db-changelog.xml: classpath:/migrations/carga_datos.sql::3::josdem: Custom SQL executed
INFO 4/29/15 9:59 AM: liquibase: classpath:db-changelog.xml: classpath:/migrations/carga_datos.sql::3::josdem: ChangeSet classpath:/migrations/carga_datos.sql::3::josdem ran successfully in 45ms
INFO 4/29/15 9:59 AM: liquibase: Successfully released change log lock
]]></system-err>
</testsuite>
