<?xml version="1.0" encoding="UTF-8"?>
<testsuite name="com.tim.one.repository.TramaTxRepositoryIntegrationSpec" tests="1" skipped="0" failures="0" errors="0" timestamp="2015-04-29T14:59:45" hostname="josdem-Inspiron-5420" time="0.163">
  <properties/>
  <testcase name="should find a trama tx by project" classname="com.tim.one.repository.TramaTxRepositoryIntegrationSpec" time="0.163"/>
  <system-out><![CDATA[]]></system-out>
  <system-err><![CDATA[]]></system-err>
</testsuite>
