<?xml version="1.0" encoding="UTF-8"?>
<testsuite name="com.tim.one.repository.ProjectFinancialDataRepositoryIntegrationSpec" tests="5" skipped="0" failures="0" errors="0" timestamp="2015-04-29T14:59:38" hostname="josdem-Inspiron-5420" time="0.405">
  <properties/>
  <testcase name="should find project financial data by id" classname="com.tim.one.repository.ProjectFinancialDataRepositoryIntegrationSpec" time="0.093"/>
  <testcase name="should find project financial data by account" classname="com.tim.one.repository.ProjectFinancialDataRepositoryIntegrationSpec" time="0.077"/>
  <testcase name="should save a project financial data w/unitsale" classname="com.tim.one.repository.ProjectFinancialDataRepositoryIntegrationSpec" time="0.078"/>
  <testcase name="should save a project financial data w/variable cost" classname="com.tim.one.repository.ProjectFinancialDataRepositoryIntegrationSpec" time="0.087"/>
  <testcase name="should save a project financial data w/businessCase" classname="com.tim.one.repository.ProjectFinancialDataRepositoryIntegrationSpec" time="0.068"/>
  <system-out><![CDATA[]]></system-out>
  <system-err><![CDATA[]]></system-err>
</testsuite>
