<?xml version="1.0" encoding="UTF-8"?>
<testsuite name="com.tim.one.service.TestSTPConsumerService" tests="14" skipped="0" failures="0" errors="0" timestamp="2015-05-20T16:40:52" hostname="josdem-Inspiron-5420" time="0.084">
  <properties/>
  <testcase name="shouldConfirmaOrden" classname="com.tim.one.service.TestSTPConsumerService" time="0.041"/>
  <testcase name="shouldConfirmaOrdenWithRollBack" classname="com.tim.one.service.TestSTPConsumerService" time="0.003"/>
  <testcase name="shouldNotCashInDueToUserNotFound" classname="com.tim.one.service.TestSTPConsumerService" time="0.002"/>
  <testcase name="shouldRegistraOrden" classname="com.tim.one.service.TestSTPConsumerService" time="0.004"/>
  <testcase name="shouldNotConfirmaOrdenDueToSTPResponseNotValid" classname="com.tim.one.service.TestSTPConsumerService" time="0.005"/>
  <testcase name="shouldListBankCodes" classname="com.tim.one.service.TestSTPConsumerService" time="0.002"/>
  <testcase name="shouldIntegraCashIn" classname="com.tim.one.service.TestSTPConsumerService" time="0.002"/>
  <testcase name="shouldFreakfundCashIn" classname="com.tim.one.service.TestSTPConsumerService" time="0.002"/>
  <testcase name="shouldNotRegistraOrdenDueToNonSufficientFunds" classname="com.tim.one.service.TestSTPConsumerService" time="0.003"/>
  <testcase name="shouldNotCashInDueToInvalidAmount" classname="com.tim.one.service.TestSTPConsumerService" time="0.003"/>
  <testcase name="shouldNotCashInDueToAccountNotFound" classname="com.tim.one.service.TestSTPConsumerService" time="0.002"/>
  <testcase name="shouldNotRegistraOrdenDueToAccountNotExist" classname="com.tim.one.service.TestSTPConsumerService" time="0.003"/>
  <testcase name="shouldNotConfirmaOrdenDueToSTPResponseNotExists" classname="com.tim.one.service.TestSTPConsumerService" time="0.005"/>
  <testcase name="shouldNotRegistraOrdenDueToNotSufficientFunds" classname="com.tim.one.service.TestSTPConsumerService" time="0.004"/>
  <system-out><![CDATA[]]></system-out>
  <system-err><![CDATA[]]></system-err>
</testsuite>
