<?xml version="1.0" encoding="UTF-8"?>
<testsuite name="com.tim.one.service.IntegraTransactionServiceIntegrationSpec" tests="6" skipped="0" failures="0" errors="0" timestamp="2015-05-20T16:40:30" hostname="josdem-Inspiron-5420" time="0.441">
  <properties/>
  <testcase name="Should not transfer to integra user since origin not exist" classname="com.tim.one.service.IntegraTransactionServiceIntegrationSpec" time="0.029"/>
  <testcase name="Should not transfer to integra user since destination not exist" classname="com.tim.one.service.IntegraTransactionServiceIntegrationSpec" time="0.111"/>
  <testcase name="Should not transfer to integra user since sender has not funds" classname="com.tim.one.service.IntegraTransactionServiceIntegrationSpec" time="0.089"/>
  <testcase name="Should transfer to integra user" classname="com.tim.one.service.IntegraTransactionServiceIntegrationSpec" time="0.111"/>
  <testcase name="Should not cashin integra user since user not exist" classname="com.tim.one.service.IntegraTransactionServiceIntegrationSpec" time="0.017"/>
  <testcase name="Should do cashin from integra user" classname="com.tim.one.service.IntegraTransactionServiceIntegrationSpec" time="0.083"/>
  <system-out><![CDATA[17934 [Test worker] DEBUG org.springframework.test.annotation.ProfileValueUtils  - Retrieved @ProfileValueSourceConfiguration [null] for test class [com.tim.one.service.IntegraTransactionServiceIntegrationSpec]
17934 [Test worker] DEBUG org.springframework.test.annotation.ProfileValueUtils  - Retrieved ProfileValueSource type [class org.springframework.test.annotation.SystemProfileValueSource] for class [com.tim.one.service.IntegraTransactionServiceIntegrationSpec]
17934 [Test worker] DEBUG org.springframework.test.annotation.ProfileValueUtils  - Retrieved @ProfileValueSourceConfiguration [null] for test class [com.tim.one.service.IntegraTransactionServiceIntegrationSpec]
17934 [Test worker] DEBUG org.springframework.test.annotation.ProfileValueUtils  - Retrieved ProfileValueSource type [class org.springframework.test.annotation.SystemProfileValueSource] for class [com.tim.one.service.IntegraTransactionServiceIntegrationSpec]
17934 [Test worker] DEBUG org.springframework.test.annotation.ProfileValueUtils  - Retrieved @ProfileValueSourceConfiguration [null] for test class [com.tim.one.service.IntegraTransactionServiceIntegrationSpec]
17934 [Test worker] DEBUG org.springframework.test.annotation.ProfileValueUtils  - Retrieved ProfileValueSource type [class org.springframework.test.annotation.SystemProfileValueSource] for class [com.tim.one.service.IntegraTransactionServiceIntegrationSpec]
17935 [Test worker] DEBUG org.springframework.test.annotation.ProfileValueUtils  - Retrieved @ProfileValueSourceConfiguration [null] for test class [com.tim.one.service.IntegraTransactionServiceIntegrationSpec]
17935 [Test worker] DEBUG org.springframework.test.annotation.ProfileValueUtils  - Retrieved ProfileValueSource type [class org.springframework.test.annotation.SystemProfileValueSource] for class [com.tim.one.service.IntegraTransactionServiceIntegrationSpec]
17935 [Test worker] DEBUG org.springframework.test.annotation.ProfileValueUtils  - Retrieved @ProfileValueSourceConfiguration [null] for test class [com.tim.one.service.IntegraTransactionServiceIntegrationSpec]
17935 [Test worker] DEBUG org.springframework.test.annotation.ProfileValueUtils  - Retrieved ProfileValueSource type [class org.springframework.test.annotation.SystemProfileValueSource] for class [com.tim.one.service.IntegraTransactionServiceIntegrationSpec]
17935 [Test worker] DEBUG org.springframework.test.annotation.ProfileValueUtils  - Retrieved @ProfileValueSourceConfiguration [null] for test class [com.tim.one.service.IntegraTransactionServiceIntegrationSpec]
17935 [Test worker] DEBUG org.springframework.test.annotation.ProfileValueUtils  - Retrieved ProfileValueSource type [class org.springframework.test.annotation.SystemProfileValueSource] for class [com.tim.one.service.IntegraTransactionServiceIntegrationSpec]
17935 [Test worker] DEBUG org.springframework.test.annotation.ProfileValueUtils  - Retrieved @ProfileValueSourceConfiguration [null] for test class [com.tim.one.service.IntegraTransactionServiceIntegrationSpec]
17935 [Test worker] DEBUG org.springframework.test.annotation.ProfileValueUtils  - Retrieved ProfileValueSource type [class org.springframework.test.annotation.SystemProfileValueSource] for class [com.tim.one.service.IntegraTransactionServiceIntegrationSpec]
17936 [Test worker] DEBUG org.springframework.test.context.support.AbstractDelegatingSmartContextLoader  - Delegating to GenericXmlContextLoader to process context configuration [ContextConfigurationAttributes@63525e8f declaringClass = 'com.tim.one.service.IntegraTransactionServiceIntegrationSpec', classes = '{}', locations = '{classpath:/services-appctx.xml, classpath:/persistence-appctx.xml, classpath:/jms-appctx.xml, classpath:/mail-context.xml, classpath:/transaction-appctx.xml, classpath:/formatter-appctx.xml, classpath:/stp-appctx.xml, classpath:/aop-appctx.xml, classpath:/properties-appctx.xml}', inheritLocations = true, initializers = '{}', inheritInitializers = true, name = [null], contextLoaderClass = 'org.springframework.test.context.ContextLoader'].
17936 [Test worker] DEBUG org.springframework.test.context.ContextLoaderUtils  - Could not find an 'annotation declaring class' for annotation type [org.springframework.test.context.ActiveProfiles] and class [com.tim.one.service.IntegraTransactionServiceIntegrationSpec]
17936 [Test worker] DEBUG org.springframework.test.context.TestContextManager  - @TestExecutionListeners is not present for class [com.tim.one.service.IntegraTransactionServiceIntegrationSpec]: using defaults.
17941 [Test worker] DEBUG org.springframework.test.context.support.DependencyInjectionTestExecutionListener  - Performing dependency injection for test context [[DefaultTestContext@1bb593c7 testClass = IntegraTransactionServiceIntegrationSpec, testInstance = com.tim.one.service.IntegraTransactionServiceIntegrationSpec@2df8fc07, testMethod = [null], testException = [null], mergedContextConfiguration = [MergedContextConfiguration@356a4725 testClass = IntegraTransactionServiceIntegrationSpec, locations = '{classpath:/services-appctx.xml, classpath:/persistence-appctx.xml, classpath:/jms-appctx.xml, classpath:/mail-context.xml, classpath:/transaction-appctx.xml, classpath:/formatter-appctx.xml, classpath:/stp-appctx.xml, classpath:/aop-appctx.xml, classpath:/properties-appctx.xml}', classes = '{}', contextInitializerClasses = '[]', activeProfiles = '{}', contextLoader = 'org.springframework.test.context.support.DelegatingSmartContextLoader', parent = [null]]]].
17941 [Test worker] DEBUG org.springframework.test.context.CacheAwareContextLoaderDelegate  - Retrieved ApplicationContext from cache with key [[MergedContextConfiguration@356a4725 testClass = IntegraTransactionServiceIntegrationSpec, locations = '{classpath:/services-appctx.xml, classpath:/persistence-appctx.xml, classpath:/jms-appctx.xml, classpath:/mail-context.xml, classpath:/transaction-appctx.xml, classpath:/formatter-appctx.xml, classpath:/stp-appctx.xml, classpath:/aop-appctx.xml, classpath:/properties-appctx.xml}', classes = '{}', contextInitializerClasses = '[]', activeProfiles = '{}', contextLoader = 'org.springframework.test.context.support.DelegatingSmartContextLoader', parent = [null]]].
17947 [Test worker] DEBUG org.springframework.aop.aspectj.annotation.AnnotationAwareAspectJAutoProxyCreator  - Creating implicit proxy for bean 'com.tim.one.service.IntegraTransactionServiceIntegrationSpec' with 0 common interceptors and 3 specific interceptors
17947 [Test worker] DEBUG org.springframework.aop.framework.JdkDynamicAopProxy  - Creating JDK dynamic proxy: target source is SingletonTargetSource for target object [com.tim.one.service.IntegraTransactionServiceIntegrationSpec@2df8fc07]
17947 [Test worker] DEBUG org.springframework.transaction.annotation.AnnotationTransactionAttributeSource  - Adding transactional method 'IntegraTransactionServiceIntegrationSpec.$spock_feature_0_0' with attribute: PROPAGATION_REQUIRED,ISOLATION_DEFAULT; ''
17948 [Test worker] DEBUG org.springframework.test.context.transaction.TransactionalTestExecutionListener  - Explicit transaction definition [PROPAGATION_REQUIRED,ISOLATION_DEFAULT; ''] found for test context [DefaultTestContext@1bb593c7 testClass = IntegraTransactionServiceIntegrationSpec, testInstance = com.tim.one.service.IntegraTransactionServiceIntegrationSpec@2df8fc07, testMethod = $spock_feature_0_0@IntegraTransactionServiceIntegrationSpec, testException = [null], mergedContextConfiguration = [MergedContextConfiguration@356a4725 testClass = IntegraTransactionServiceIntegrationSpec, locations = '{classpath:/services-appctx.xml, classpath:/persistence-appctx.xml, classpath:/jms-appctx.xml, classpath:/mail-context.xml, classpath:/transaction-appctx.xml, classpath:/formatter-appctx.xml, classpath:/stp-appctx.xml, classpath:/aop-appctx.xml, classpath:/properties-appctx.xml}', classes = '{}', contextInitializerClasses = '[]', activeProfiles = '{}', contextLoader = 'org.springframework.test.context.support.DelegatingSmartContextLoader', parent = [null]]]
17948 [Test worker] DEBUG org.springframework.test.context.CacheAwareContextLoaderDelegate  - Retrieved ApplicationContext from cache with key [[MergedContextConfiguration@356a4725 testClass = IntegraTransactionServiceIntegrationSpec, locations = '{classpath:/services-appctx.xml, classpath:/persistence-appctx.xml, classpath:/jms-appctx.xml, classpath:/mail-context.xml, classpath:/transaction-appctx.xml, classpath:/formatter-appctx.xml, classpath:/stp-appctx.xml, classpath:/aop-appctx.xml, classpath:/properties-appctx.xml}', classes = '{}', contextInitializerClasses = '[]', activeProfiles = '{}', contextLoader = 'org.springframework.test.context.support.DelegatingSmartContextLoader', parent = [null]]].
17949 [Test worker] DEBUG org.springframework.test.context.transaction.TransactionalTestExecutionListener  - Retrieved @TransactionConfiguration attributes [null] for test class [class com.tim.one.service.IntegraTransactionServiceIntegrationSpec].
17949 [Test worker] DEBUG org.springframework.test.context.transaction.TransactionalTestExecutionListener  - Retrieved TransactionConfigurationAttributes [TransactionConfigurationAttributes@5464e988 transactionManagerName = 'transactionManager', defaultRollback = true] for class [class com.tim.one.service.IntegraTransactionServiceIntegrationSpec].
17949 [Test worker] DEBUG org.springframework.orm.jpa.JpaTransactionManager  - Creating new transaction with name [$spock_feature_0_0]: PROPAGATION_REQUIRED,ISOLATION_DEFAULT; ''
17949 [Test worker] DEBUG org.springframework.orm.jpa.JpaTransactionManager  - Opened new EntityManager [org.hibernate.jpa.internal.EntityManagerImpl@2d200b01] for JPA transaction
17950 [Test worker] DEBUG org.springframework.orm.jpa.JpaTransactionManager  - Exposing JPA transaction as JDBC transaction [org.springframework.orm.jpa.vendor.HibernateJpaDialect$HibernateConnectionHandle@66e1dab]
17950 [Test worker] DEBUG org.springframework.test.context.transaction.TransactionalTestExecutionListener  - No method-level @Rollback override: using default rollback [true] for test context [DefaultTestContext@1bb593c7 testClass = IntegraTransactionServiceIntegrationSpec, testInstance = com.tim.one.service.IntegraTransactionServiceIntegrationSpec@2df8fc07, testMethod = $spock_feature_0_0@IntegraTransactionServiceIntegrationSpec, testException = [null], mergedContextConfiguration = [MergedContextConfiguration@356a4725 testClass = IntegraTransactionServiceIntegrationSpec, locations = '{classpath:/services-appctx.xml, classpath:/persistence-appctx.xml, classpath:/jms-appctx.xml, classpath:/mail-context.xml, classpath:/transaction-appctx.xml, classpath:/formatter-appctx.xml, classpath:/stp-appctx.xml, classpath:/aop-appctx.xml, classpath:/properties-appctx.xml}', classes = '{}', contextInitializerClasses = '[]', activeProfiles = '{}', contextLoader = 'org.springframework.test.context.support.DelegatingSmartContextLoader', parent = [null]]].
17950 [Test worker] INFO  org.springframework.test.context.transaction.TransactionalTestExecutionListener  - Began transaction (1) for test context [DefaultTestContext@1bb593c7 testClass = IntegraTransactionServiceIntegrationSpec, testInstance = com.tim.one.service.IntegraTransactionServiceIntegrationSpec@2df8fc07, testMethod = $spock_feature_0_0@IntegraTransactionServiceIntegrationSpec, testException = [null], mergedContextConfiguration = [MergedContextConfiguration@356a4725 testClass = IntegraTransactionServiceIntegrationSpec, locations = '{classpath:/services-appctx.xml, classpath:/persistence-appctx.xml, classpath:/jms-appctx.xml, classpath:/mail-context.xml, classpath:/transaction-appctx.xml, classpath:/formatter-appctx.xml, classpath:/stp-appctx.xml, classpath:/aop-appctx.xml, classpath:/properties-appctx.xml}', classes = '{}', contextInitializerClasses = '[]', activeProfiles = '{}', contextLoader = 'org.springframework.test.context.support.DelegatingSmartContextLoader', parent = [null]]]; transaction manager [org.springframework.orm.jpa.JpaTransactionManager@12db244c]; rollback [true]
17953 [Test worker] DEBUG org.springframework.orm.jpa.JpaTransactionManager  - Found thread-bound EntityManager [org.hibernate.jpa.internal.EntityManagerImpl@2d200b01] for JPA transaction
17953 [Test worker] DEBUG org.springframework.orm.jpa.JpaTransactionManager  - Participating in existing transaction
17960 [Test worker] INFO  com.tim.one.advice.AfterThrowingAdvice  - Wrapping exception Could not find matching constructor for: com.tim.one.exception.UserNotFoundException(java.lang.Integer)
17961 [Test worker] INFO  com.tim.one.service.impl.LoggerServiceImpl  - CALLING Notifying
17961 [Test worker] DEBUG org.springframework.jms.core.JmsTemplate  - Executing callback on JMS Session: ActiveMQSession {id=ID:josdem-Inspiron-5420-62278-1432140019380-3:2:5,started=false}
17962 [Test worker] DEBUG org.springframework.jms.core.JmsTemplate  - Sending created message: ActiveMQObjectMessage {commandId = 0, responseRequired = false, messageId = null, originalDestination = null, originalTransactionId = null, producerId = null, destination = null, transactionId = null, expiration = 0, timestamp = 0, arrival = 0, brokerInTime = 0, brokerOutTime = 0, correlationId = null, replyTo = null, persistent = false, type = null, priority = 0, groupID = null, groupSequence = 0, targetConsumerId = null, compressed = false, userID = null, content = org.apache.activemq.util.ByteSequence@5267558, marshalledProperties = null, dataStructure = null, redeliveryCounter = 0, size = 0, properties = null, readOnlyProperties = false, readOnlyBody = false, droppable = false}
17963 [Test worker] DEBUG org.springframework.orm.jpa.JpaTransactionManager  - Participating transaction failed - marking existing transaction as rollback-only
17963 [Test worker] DEBUG org.springframework.orm.jpa.JpaTransactionManager  - Setting JPA transaction on EntityManager [org.hibernate.jpa.internal.EntityManagerImpl@2d200b01] rollback-only
17963 [org.springframework.jms.listener.DefaultMessageListenerContainer#1-1] DEBUG org.springframework.jms.listener.DefaultMessageListenerContainer  - Received message of type [class org.apache.activemq.command.ActiveMQObjectMessage] from consumer [ActiveMQMessageConsumer { value=ID:josdem-Inspiron-5420-62278-1432140019380-3:1:2:1, started=true }] of session [ActiveMQSession {id=ID:josdem-Inspiron-5420-62278-1432140019380-3:1:2,started=true}]
17964 [Test worker] DEBUG org.springframework.test.context.transaction.TransactionalTestExecutionListener  - No method-level @Rollback override: using default rollback [true] for test context [DefaultTestContext@1bb593c7 testClass = IntegraTransactionServiceIntegrationSpec, testInstance = com.tim.one.service.IntegraTransactionServiceIntegrationSpec@2df8fc07, testMethod = $spock_feature_0_0@IntegraTransactionServiceIntegrationSpec, testException = [null], mergedContextConfiguration = [MergedContextConfiguration@356a4725 testClass = IntegraTransactionServiceIntegrationSpec, locations = '{classpath:/services-appctx.xml, classpath:/persistence-appctx.xml, classpath:/jms-appctx.xml, classpath:/mail-context.xml, classpath:/transaction-appctx.xml, classpath:/formatter-appctx.xml, classpath:/stp-appctx.xml, classpath:/aop-appctx.xml, classpath:/properties-appctx.xml}', classes = '{}', contextInitializerClasses = '[]', activeProfiles = '{}', contextLoader = 'org.springframework.test.context.support.DelegatingSmartContextLoader', parent = [null]]].
17964 [Test worker] DEBUG org.springframework.orm.jpa.JpaTransactionManager  - Initiating transaction rollback
17964 [Test worker] DEBUG org.springframework.orm.jpa.JpaTransactionManager  - Rolling back JPA transaction on EntityManager [org.hibernate.jpa.internal.EntityManagerImpl@2d200b01]
17964 [org.springframework.jms.listener.DefaultMessageListenerContainer#1-1] INFO  com.tim.one.messengine.LoggerMessageListener  - Could not find matching constructor for: com.tim.one.exception.UserNotFoundException(java.lang.Integer);null
17965 [Test worker] DEBUG org.springframework.orm.jpa.JpaTransactionManager  - Closing JPA EntityManager [org.hibernate.jpa.internal.EntityManagerImpl@2d200b01] after transaction
17965 [Test worker] DEBUG org.springframework.orm.jpa.EntityManagerFactoryUtils  - Closing JPA EntityManager
17965 [Test worker] INFO  org.hibernate.engine.internal.StatisticalLoggingSessionEventListener  - Session Metrics {
    533898 nanoseconds spent acquiring 1 JDBC connections;
    0 nanoseconds spent releasing 0 JDBC connections;
    81839 nanoseconds spent preparing 1 JDBC statements;
    598325 nanoseconds spent executing 1 JDBC statements;
    0 nanoseconds spent executing 0 JDBC batches;
    0 nanoseconds spent performing 0 L2C puts;
    0 nanoseconds spent performing 0 L2C hits;
    0 nanoseconds spent performing 0 L2C misses;
    0 nanoseconds spent executing 0 flushes (flushing a total of 0 entities and 0 collections);
    11624 nanoseconds spent executing 1 partial-flushes (flushing a total of 0 entities and 0 collections)
}
17965 [Test worker] INFO  org.springframework.test.context.transaction.TransactionalTestExecutionListener  - Rolled back transaction after test execution for test context [DefaultTestContext@1bb593c7 testClass = IntegraTransactionServiceIntegrationSpec, testInstance = com.tim.one.service.IntegraTransactionServiceIntegrationSpec@2df8fc07, testMethod = $spock_feature_0_0@IntegraTransactionServiceIntegrationSpec, testException = [null], mergedContextConfiguration = [MergedContextConfiguration@356a4725 testClass = IntegraTransactionServiceIntegrationSpec, locations = '{classpath:/services-appctx.xml, classpath:/persistence-appctx.xml, classpath:/jms-appctx.xml, classpath:/mail-context.xml, classpath:/transaction-appctx.xml, classpath:/formatter-appctx.xml, classpath:/stp-appctx.xml, classpath:/aop-appctx.xml, classpath:/properties-appctx.xml}', classes = '{}', contextInitializerClasses = '[]', activeProfiles = '{}', contextLoader = 'org.springframework.test.context.support.DelegatingSmartContextLoader', parent = [null]]]
17966 [Test worker] DEBUG org.springframework.test.context.support.DirtiesContextTestExecutionListener  - After test method: context [DefaultTestContext@1bb593c7 testClass = IntegraTransactionServiceIntegrationSpec, testInstance = com.tim.one.service.IntegraTransactionServiceIntegrationSpec@2df8fc07, testMethod = $spock_feature_0_0@IntegraTransactionServiceIntegrationSpec, testException = [null], mergedContextConfiguration = [MergedContextConfiguration@356a4725 testClass = IntegraTransactionServiceIntegrationSpec, locations = '{classpath:/services-appctx.xml, classpath:/persistence-appctx.xml, classpath:/jms-appctx.xml, classpath:/mail-context.xml, classpath:/transaction-appctx.xml, classpath:/formatter-appctx.xml, classpath:/stp-appctx.xml, classpath:/aop-appctx.xml, classpath:/properties-appctx.xml}', classes = '{}', contextInitializerClasses = '[]', activeProfiles = '{}', contextLoader = 'org.springframework.test.context.support.DelegatingSmartContextLoader', parent = [null]]], class dirties context [false], class mode [null], method dirties context [false].
17967 [Test worker] DEBUG org.springframework.test.context.support.DependencyInjectionTestExecutionListener  - Performing dependency injection for test context [[DefaultTestContext@1bb593c7 testClass = IntegraTransactionServiceIntegrationSpec, testInstance = com.tim.one.service.IntegraTransactionServiceIntegrationSpec@87fd900, testMethod = [null], testException = [null], mergedContextConfiguration = [MergedContextConfiguration@356a4725 testClass = IntegraTransactionServiceIntegrationSpec, locations = '{classpath:/services-appctx.xml, classpath:/persistence-appctx.xml, classpath:/jms-appctx.xml, classpath:/mail-context.xml, classpath:/transaction-appctx.xml, classpath:/formatter-appctx.xml, classpath:/stp-appctx.xml, classpath:/aop-appctx.xml, classpath:/properties-appctx.xml}', classes = '{}', contextInitializerClasses = '[]', activeProfiles = '{}', contextLoader = 'org.springframework.test.context.support.DelegatingSmartContextLoader', parent = [null]]]].
17968 [Test worker] DEBUG org.springframework.test.context.CacheAwareContextLoaderDelegate  - Retrieved ApplicationContext from cache with key [[MergedContextConfiguration@356a4725 testClass = IntegraTransactionServiceIntegrationSpec, locations = '{classpath:/services-appctx.xml, classpath:/persistence-appctx.xml, classpath:/jms-appctx.xml, classpath:/mail-context.xml, classpath:/transaction-appctx.xml, classpath:/formatter-appctx.xml, classpath:/stp-appctx.xml, classpath:/aop-appctx.xml, classpath:/properties-appctx.xml}', classes = '{}', contextInitializerClasses = '[]', activeProfiles = '{}', contextLoader = 'org.springframework.test.context.support.DelegatingSmartContextLoader', parent = [null]]].
17968 [Test worker] DEBUG org.springframework.aop.aspectj.annotation.AnnotationAwareAspectJAutoProxyCreator  - Creating implicit proxy for bean 'com.tim.one.service.IntegraTransactionServiceIntegrationSpec' with 0 common interceptors and 3 specific interceptors
17968 [Test worker] DEBUG org.springframework.aop.framework.JdkDynamicAopProxy  - Creating JDK dynamic proxy: target source is SingletonTargetSource for target object [com.tim.one.service.IntegraTransactionServiceIntegrationSpec@87fd900]
17969 [Test worker] DEBUG org.springframework.transaction.annotation.AnnotationTransactionAttributeSource  - Adding transactional method 'IntegraTransactionServiceIntegrationSpec.$spock_feature_0_1' with attribute: PROPAGATION_REQUIRED,ISOLATION_DEFAULT; ''
17969 [Test worker] DEBUG org.springframework.test.context.transaction.TransactionalTestExecutionListener  - Explicit transaction definition [PROPAGATION_REQUIRED,ISOLATION_DEFAULT; ''] found for test context [DefaultTestContext@1bb593c7 testClass = IntegraTransactionServiceIntegrationSpec, testInstance = com.tim.one.service.IntegraTransactionServiceIntegrationSpec@87fd900, testMethod = $spock_feature_0_1@IntegraTransactionServiceIntegrationSpec, testException = [null], mergedContextConfiguration = [MergedContextConfiguration@356a4725 testClass = IntegraTransactionServiceIntegrationSpec, locations = '{classpath:/services-appctx.xml, classpath:/persistence-appctx.xml, classpath:/jms-appctx.xml, classpath:/mail-context.xml, classpath:/transaction-appctx.xml, classpath:/formatter-appctx.xml, classpath:/stp-appctx.xml, classpath:/aop-appctx.xml, classpath:/properties-appctx.xml}', classes = '{}', contextInitializerClasses = '[]', activeProfiles = '{}', contextLoader = 'org.springframework.test.context.support.DelegatingSmartContextLoader', parent = [null]]]
17969 [Test worker] DEBUG org.springframework.test.context.CacheAwareContextLoaderDelegate  - Retrieved ApplicationContext from cache with key [[MergedContextConfiguration@356a4725 testClass = IntegraTransactionServiceIntegrationSpec, locations = '{classpath:/services-appctx.xml, classpath:/persistence-appctx.xml, classpath:/jms-appctx.xml, classpath:/mail-context.xml, classpath:/transaction-appctx.xml, classpath:/formatter-appctx.xml, classpath:/stp-appctx.xml, classpath:/aop-appctx.xml, classpath:/properties-appctx.xml}', classes = '{}', contextInitializerClasses = '[]', activeProfiles = '{}', contextLoader = 'org.springframework.test.context.support.DelegatingSmartContextLoader', parent = [null]]].
17970 [Test worker] DEBUG org.springframework.orm.jpa.JpaTransactionManager  - Creating new transaction with name [$spock_feature_0_1]: PROPAGATION_REQUIRED,ISOLATION_DEFAULT; ''
17970 [Test worker] DEBUG org.springframework.orm.jpa.JpaTransactionManager  - Opened new EntityManager [org.hibernate.jpa.internal.EntityManagerImpl@17f935c] for JPA transaction
17971 [Test worker] DEBUG org.springframework.orm.jpa.JpaTransactionManager  - Exposing JPA transaction as JDBC transaction [org.springframework.orm.jpa.vendor.HibernateJpaDialect$HibernateConnectionHandle@3f970602]
17971 [Test worker] DEBUG org.springframework.test.context.transaction.TransactionalTestExecutionListener  - No method-level @Rollback override: using default rollback [true] for test context [DefaultTestContext@1bb593c7 testClass = IntegraTransactionServiceIntegrationSpec, testInstance = com.tim.one.service.IntegraTransactionServiceIntegrationSpec@87fd900, testMethod = $spock_feature_0_1@IntegraTransactionServiceIntegrationSpec, testException = [null], mergedContextConfiguration = [MergedContextConfiguration@356a4725 testClass = IntegraTransactionServiceIntegrationSpec, locations = '{classpath:/services-appctx.xml, classpath:/persistence-appctx.xml, classpath:/jms-appctx.xml, classpath:/mail-context.xml, classpath:/transaction-appctx.xml, classpath:/formatter-appctx.xml, classpath:/stp-appctx.xml, classpath:/aop-appctx.xml, classpath:/properties-appctx.xml}', classes = '{}', contextInitializerClasses = '[]', activeProfiles = '{}', contextLoader = 'org.springframework.test.context.support.DelegatingSmartContextLoader', parent = [null]]].
17971 [Test worker] INFO  org.springframework.test.context.transaction.TransactionalTestExecutionListener  - Began transaction (2) for test context [DefaultTestContext@1bb593c7 testClass = IntegraTransactionServiceIntegrationSpec, testInstance = com.tim.one.service.IntegraTransactionServiceIntegrationSpec@87fd900, testMethod = $spock_feature_0_1@IntegraTransactionServiceIntegrationSpec, testException = [null], mergedContextConfiguration = [MergedContextConfiguration@356a4725 testClass = IntegraTransactionServiceIntegrationSpec, locations = '{classpath:/services-appctx.xml, classpath:/persistence-appctx.xml, classpath:/jms-appctx.xml, classpath:/mail-context.xml, classpath:/transaction-appctx.xml, classpath:/formatter-appctx.xml, classpath:/stp-appctx.xml, classpath:/aop-appctx.xml, classpath:/properties-appctx.xml}', classes = '{}', contextInitializerClasses = '[]', activeProfiles = '{}', contextLoader = 'org.springframework.test.context.support.DelegatingSmartContextLoader', parent = [null]]]; transaction manager [org.springframework.orm.jpa.JpaTransactionManager@12db244c]; rollback [true]
17971 [Test worker] DEBUG org.springframework.orm.jpa.JpaTransactionManager  - Found thread-bound EntityManager [org.hibernate.jpa.internal.EntityManagerImpl@17f935c] for JPA transaction
17971 [Test worker] DEBUG org.springframework.orm.jpa.JpaTransactionManager  - Participating in existing transaction
17973 [Test worker] DEBUG org.springframework.orm.jpa.JpaTransactionManager  - Found thread-bound EntityManager [org.hibernate.jpa.internal.EntityManagerImpl@17f935c] for JPA transaction
17973 [Test worker] DEBUG org.springframework.orm.jpa.JpaTransactionManager  - Participating in existing transaction
17976 [Test worker] INFO  com.tim.one.advice.AfterThrowingAdvice  - Wrapping exception Could not find matching constructor for: com.tim.one.exception.UserNotFoundException(java.lang.Integer)
17976 [Test worker] INFO  com.tim.one.service.impl.LoggerServiceImpl  - CALLING Notifying
17976 [Test worker] DEBUG org.springframework.jms.core.JmsTemplate  - Executing callback on JMS Session: ActiveMQSession {id=ID:josdem-Inspiron-5420-62278-1432140019380-3:2:6,started=false}
17977 [Test worker] DEBUG org.springframework.jms.core.JmsTemplate  - Sending created message: ActiveMQObjectMessage {commandId = 0, responseRequired = false, messageId = null, originalDestination = null, originalTransactionId = null, producerId = null, destination = null, transactionId = null, expiration = 0, timestamp = 0, arrival = 0, brokerInTime = 0, brokerOutTime = 0, correlationId = null, replyTo = null, persistent = false, type = null, priority = 0, groupID = null, groupSequence = 0, targetConsumerId = null, compressed = false, userID = null, content = org.apache.activemq.util.ByteSequence@6bcbcb40, marshalledProperties = null, dataStructure = null, redeliveryCounter = 0, size = 0, properties = null, readOnlyProperties = false, readOnlyBody = false, droppable = false}
17978 [Test worker] DEBUG org.springframework.orm.jpa.JpaTransactionManager  - Participating transaction failed - marking existing transaction as rollback-only
17978 [Test worker] DEBUG org.springframework.orm.jpa.JpaTransactionManager  - Setting JPA transaction on EntityManager [org.hibernate.jpa.internal.EntityManagerImpl@17f935c] rollback-only
17979 [org.springframework.jms.listener.DefaultMessageListenerContainer#1-1] DEBUG org.springframework.jms.listener.DefaultMessageListenerContainer  - Received message of type [class org.apache.activemq.command.ActiveMQObjectMessage] from consumer [ActiveMQMessageConsumer { value=ID:josdem-Inspiron-5420-62278-1432140019380-3:1:2:1, started=true }] of session [ActiveMQSession {id=ID:josdem-Inspiron-5420-62278-1432140019380-3:1:2,started=true}]
17979 [Test worker] DEBUG org.springframework.orm.jpa.JpaTransactionManager  - Found thread-bound EntityManager [org.hibernate.jpa.internal.EntityManagerImpl@17f935c] for JPA transaction
17979 [Test worker] DEBUG org.springframework.orm.jpa.JpaTransactionManager  - Participating in existing transaction
17980 [org.springframework.jms.listener.DefaultMessageListenerContainer#1-1] INFO  com.tim.one.messengine.LoggerMessageListener  - Could not find matching constructor for: com.tim.one.exception.UserNotFoundException(java.lang.Integer);null
17981 [Test worker] DEBUG org.springframework.test.context.transaction.TransactionalTestExecutionListener  - No method-level @Rollback override: using default rollback [true] for test context [DefaultTestContext@1bb593c7 testClass = IntegraTransactionServiceIntegrationSpec, testInstance = com.tim.one.service.IntegraTransactionServiceIntegrationSpec@87fd900, testMethod = $spock_feature_0_1@IntegraTransactionServiceIntegrationSpec, testException = [null], mergedContextConfiguration = [MergedContextConfiguration@356a4725 testClass = IntegraTransactionServiceIntegrationSpec, locations = '{classpath:/services-appctx.xml, classpath:/persistence-appctx.xml, classpath:/jms-appctx.xml, classpath:/mail-context.xml, classpath:/transaction-appctx.xml, classpath:/formatter-appctx.xml, classpath:/stp-appctx.xml, classpath:/aop-appctx.xml, classpath:/properties-appctx.xml}', classes = '{}', contextInitializerClasses = '[]', activeProfiles = '{}', contextLoader = 'org.springframework.test.context.support.DelegatingSmartContextLoader', parent = [null]]].
17981 [Test worker] DEBUG org.springframework.orm.jpa.JpaTransactionManager  - Initiating transaction rollback
17981 [Test worker] DEBUG org.springframework.orm.jpa.JpaTransactionManager  - Rolling back JPA transaction on EntityManager [org.hibernate.jpa.internal.EntityManagerImpl@17f935c]
18077 [Test worker] DEBUG org.springframework.orm.jpa.JpaTransactionManager  - Closing JPA EntityManager [org.hibernate.jpa.internal.EntityManagerImpl@17f935c] after transaction
18077 [Test worker] DEBUG org.springframework.orm.jpa.EntityManagerFactoryUtils  - Closing JPA EntityManager
18077 [Test worker] INFO  org.hibernate.engine.internal.StatisticalLoggingSessionEventListener  - Session Metrics {
    338542 nanoseconds spent acquiring 1 JDBC connections;
    0 nanoseconds spent releasing 0 JDBC connections;
    130549 nanoseconds spent preparing 2 JDBC statements;
    1065125 nanoseconds spent executing 2 JDBC statements;
    0 nanoseconds spent executing 0 JDBC batches;
    365931 nanoseconds spent performing 2 L2C puts;
    0 nanoseconds spent performing 0 L2C hits;
    0 nanoseconds spent performing 0 L2C misses;
    0 nanoseconds spent executing 0 flushes (flushing a total of 0 entities and 0 collections);
    164123 nanoseconds spent executing 1 partial-flushes (flushing a total of 1 entities and 1 collections)
}
18077 [Test worker] INFO  org.springframework.test.context.transaction.TransactionalTestExecutionListener  - Rolled back transaction after test execution for test context [DefaultTestContext@1bb593c7 testClass = IntegraTransactionServiceIntegrationSpec, testInstance = com.tim.one.service.IntegraTransactionServiceIntegrationSpec@87fd900, testMethod = $spock_feature_0_1@IntegraTransactionServiceIntegrationSpec, testException = [null], mergedContextConfiguration = [MergedContextConfiguration@356a4725 testClass = IntegraTransactionServiceIntegrationSpec, locations = '{classpath:/services-appctx.xml, classpath:/persistence-appctx.xml, classpath:/jms-appctx.xml, classpath:/mail-context.xml, classpath:/transaction-appctx.xml, classpath:/formatter-appctx.xml, classpath:/stp-appctx.xml, classpath:/aop-appctx.xml, classpath:/properties-appctx.xml}', classes = '{}', contextInitializerClasses = '[]', activeProfiles = '{}', contextLoader = 'org.springframework.test.context.support.DelegatingSmartContextLoader', parent = [null]]]
18078 [Test worker] DEBUG org.springframework.test.context.support.DirtiesContextTestExecutionListener  - After test method: context [DefaultTestContext@1bb593c7 testClass = IntegraTransactionServiceIntegrationSpec, testInstance = com.tim.one.service.IntegraTransactionServiceIntegrationSpec@87fd900, testMethod = $spock_feature_0_1@IntegraTransactionServiceIntegrationSpec, testException = [null], mergedContextConfiguration = [MergedContextConfiguration@356a4725 testClass = IntegraTransactionServiceIntegrationSpec, locations = '{classpath:/services-appctx.xml, classpath:/persistence-appctx.xml, classpath:/jms-appctx.xml, classpath:/mail-context.xml, classpath:/transaction-appctx.xml, classpath:/formatter-appctx.xml, classpath:/stp-appctx.xml, classpath:/aop-appctx.xml, classpath:/properties-appctx.xml}', classes = '{}', contextInitializerClasses = '[]', activeProfiles = '{}', contextLoader = 'org.springframework.test.context.support.DelegatingSmartContextLoader', parent = [null]]], class dirties context [false], class mode [null], method dirties context [false].
18078 [Test worker] DEBUG org.springframework.test.context.support.DependencyInjectionTestExecutionListener  - Performing dependency injection for test context [[DefaultTestContext@1bb593c7 testClass = IntegraTransactionServiceIntegrationSpec, testInstance = com.tim.one.service.IntegraTransactionServiceIntegrationSpec@3be716c7, testMethod = [null], testException = [null], mergedContextConfiguration = [MergedContextConfiguration@356a4725 testClass = IntegraTransactionServiceIntegrationSpec, locations = '{classpath:/services-appctx.xml, classpath:/persistence-appctx.xml, classpath:/jms-appctx.xml, classpath:/mail-context.xml, classpath:/transaction-appctx.xml, classpath:/formatter-appctx.xml, classpath:/stp-appctx.xml, classpath:/aop-appctx.xml, classpath:/properties-appctx.xml}', classes = '{}', contextInitializerClasses = '[]', activeProfiles = '{}', contextLoader = 'org.springframework.test.context.support.DelegatingSmartContextLoader', parent = [null]]]].
18078 [Test worker] DEBUG org.springframework.test.context.CacheAwareContextLoaderDelegate  - Retrieved ApplicationContext from cache with key [[MergedContextConfiguration@356a4725 testClass = IntegraTransactionServiceIntegrationSpec, locations = '{classpath:/services-appctx.xml, classpath:/persistence-appctx.xml, classpath:/jms-appctx.xml, classpath:/mail-context.xml, classpath:/transaction-appctx.xml, classpath:/formatter-appctx.xml, classpath:/stp-appctx.xml, classpath:/aop-appctx.xml, classpath:/properties-appctx.xml}', classes = '{}', contextInitializerClasses = '[]', activeProfiles = '{}', contextLoader = 'org.springframework.test.context.support.DelegatingSmartContextLoader', parent = [null]]].
18079 [Test worker] DEBUG org.springframework.aop.aspectj.annotation.AnnotationAwareAspectJAutoProxyCreator  - Creating implicit proxy for bean 'com.tim.one.service.IntegraTransactionServiceIntegrationSpec' with 0 common interceptors and 3 specific interceptors
18079 [Test worker] DEBUG org.springframework.aop.framework.JdkDynamicAopProxy  - Creating JDK dynamic proxy: target source is SingletonTargetSource for target object [com.tim.one.service.IntegraTransactionServiceIntegrationSpec@3be716c7]
18079 [Test worker] DEBUG org.springframework.transaction.annotation.AnnotationTransactionAttributeSource  - Adding transactional method 'IntegraTransactionServiceIntegrationSpec.$spock_feature_0_2' with attribute: PROPAGATION_REQUIRED,ISOLATION_DEFAULT; ''
18079 [Test worker] DEBUG org.springframework.test.context.transaction.TransactionalTestExecutionListener  - Explicit transaction definition [PROPAGATION_REQUIRED,ISOLATION_DEFAULT; ''] found for test context [DefaultTestContext@1bb593c7 testClass = IntegraTransactionServiceIntegrationSpec, testInstance = com.tim.one.service.IntegraTransactionServiceIntegrationSpec@3be716c7, testMethod = $spock_feature_0_2@IntegraTransactionServiceIntegrationSpec, testException = [null], mergedContextConfiguration = [MergedContextConfiguration@356a4725 testClass = IntegraTransactionServiceIntegrationSpec, locations = '{classpath:/services-appctx.xml, classpath:/persistence-appctx.xml, classpath:/jms-appctx.xml, classpath:/mail-context.xml, classpath:/transaction-appctx.xml, classpath:/formatter-appctx.xml, classpath:/stp-appctx.xml, classpath:/aop-appctx.xml, classpath:/properties-appctx.xml}', classes = '{}', contextInitializerClasses = '[]', activeProfiles = '{}', contextLoader = 'org.springframework.test.context.support.DelegatingSmartContextLoader', parent = [null]]]
18079 [Test worker] DEBUG org.springframework.test.context.CacheAwareContextLoaderDelegate  - Retrieved ApplicationContext from cache with key [[MergedContextConfiguration@356a4725 testClass = IntegraTransactionServiceIntegrationSpec, locations = '{classpath:/services-appctx.xml, classpath:/persistence-appctx.xml, classpath:/jms-appctx.xml, classpath:/mail-context.xml, classpath:/transaction-appctx.xml, classpath:/formatter-appctx.xml, classpath:/stp-appctx.xml, classpath:/aop-appctx.xml, classpath:/properties-appctx.xml}', classes = '{}', contextInitializerClasses = '[]', activeProfiles = '{}', contextLoader = 'org.springframework.test.context.support.DelegatingSmartContextLoader', parent = [null]]].
18080 [Test worker] DEBUG org.springframework.orm.jpa.JpaTransactionManager  - Creating new transaction with name [$spock_feature_0_2]: PROPAGATION_REQUIRED,ISOLATION_DEFAULT; ''
18080 [Test worker] DEBUG org.springframework.orm.jpa.JpaTransactionManager  - Opened new EntityManager [org.hibernate.jpa.internal.EntityManagerImpl@4088818a] for JPA transaction
18081 [Test worker] DEBUG org.springframework.orm.jpa.JpaTransactionManager  - Exposing JPA transaction as JDBC transaction [org.springframework.orm.jpa.vendor.HibernateJpaDialect$HibernateConnectionHandle@1fb4490b]
18081 [Test worker] DEBUG org.springframework.test.context.transaction.TransactionalTestExecutionListener  - No method-level @Rollback override: using default rollback [true] for test context [DefaultTestContext@1bb593c7 testClass = IntegraTransactionServiceIntegrationSpec, testInstance = com.tim.one.service.IntegraTransactionServiceIntegrationSpec@3be716c7, testMethod = $spock_feature_0_2@IntegraTransactionServiceIntegrationSpec, testException = [null], mergedContextConfiguration = [MergedContextConfiguration@356a4725 testClass = IntegraTransactionServiceIntegrationSpec, locations = '{classpath:/services-appctx.xml, classpath:/persistence-appctx.xml, classpath:/jms-appctx.xml, classpath:/mail-context.xml, classpath:/transaction-appctx.xml, classpath:/formatter-appctx.xml, classpath:/stp-appctx.xml, classpath:/aop-appctx.xml, classpath:/properties-appctx.xml}', classes = '{}', contextInitializerClasses = '[]', activeProfiles = '{}', contextLoader = 'org.springframework.test.context.support.DelegatingSmartContextLoader', parent = [null]]].
18082 [Test worker] INFO  org.springframework.test.context.transaction.TransactionalTestExecutionListener  - Began transaction (3) for test context [DefaultTestContext@1bb593c7 testClass = IntegraTransactionServiceIntegrationSpec, testInstance = com.tim.one.service.IntegraTransactionServiceIntegrationSpec@3be716c7, testMethod = $spock_feature_0_2@IntegraTransactionServiceIntegrationSpec, testException = [null], mergedContextConfiguration = [MergedContextConfiguration@356a4725 testClass = IntegraTransactionServiceIntegrationSpec, locations = '{classpath:/services-appctx.xml, classpath:/persistence-appctx.xml, classpath:/jms-appctx.xml, classpath:/mail-context.xml, classpath:/transaction-appctx.xml, classpath:/formatter-appctx.xml, classpath:/stp-appctx.xml, classpath:/aop-appctx.xml, classpath:/properties-appctx.xml}', classes = '{}', contextInitializerClasses = '[]', activeProfiles = '{}', contextLoader = 'org.springframework.test.context.support.DelegatingSmartContextLoader', parent = [null]]]; transaction manager [org.springframework.orm.jpa.JpaTransactionManager@12db244c]; rollback [true]
18082 [Test worker] DEBUG org.springframework.orm.jpa.JpaTransactionManager  - Found thread-bound EntityManager [org.hibernate.jpa.internal.EntityManagerImpl@4088818a] for JPA transaction
18082 [Test worker] DEBUG org.springframework.orm.jpa.JpaTransactionManager  - Participating in existing transaction
18084 [Test worker] DEBUG org.springframework.orm.jpa.JpaTransactionManager  - Found thread-bound EntityManager [org.hibernate.jpa.internal.EntityManagerImpl@4088818a] for JPA transaction
18084 [Test worker] DEBUG org.springframework.orm.jpa.JpaTransactionManager  - Participating in existing transaction
18086 [Test worker] DEBUG org.springframework.orm.jpa.JpaTransactionManager  - Found thread-bound EntityManager [org.hibernate.jpa.internal.EntityManagerImpl@4088818a] for JPA transaction
18086 [Test worker] DEBUG org.springframework.orm.jpa.JpaTransactionManager  - Participating in existing transaction
18088 [Test worker] INFO  com.tim.one.advice.AfterThrowingAdvice  - Wrapping exception Could not find matching constructor for: com.tim.one.exception.UserNotFoundException(java.lang.Integer)
18088 [Test worker] INFO  com.tim.one.service.impl.LoggerServiceImpl  - CALLING Notifying
18088 [Test worker] DEBUG org.springframework.jms.core.JmsTemplate  - Executing callback on JMS Session: ActiveMQSession {id=ID:josdem-Inspiron-5420-62278-1432140019380-3:2:7,started=false}
18089 [Test worker] DEBUG org.springframework.jms.core.JmsTemplate  - Sending created message: ActiveMQObjectMessage {commandId = 0, responseRequired = false, messageId = null, originalDestination = null, originalTransactionId = null, producerId = null, destination = null, transactionId = null, expiration = 0, timestamp = 0, arrival = 0, brokerInTime = 0, brokerOutTime = 0, correlationId = null, replyTo = null, persistent = false, type = null, priority = 0, groupID = null, groupSequence = 0, targetConsumerId = null, compressed = false, userID = null, content = org.apache.activemq.util.ByteSequence@137b179f, marshalledProperties = null, dataStructure = null, redeliveryCounter = 0, size = 0, properties = null, readOnlyProperties = false, readOnlyBody = false, droppable = false}
18091 [Test worker] DEBUG org.springframework.orm.jpa.JpaTransactionManager  - Participating transaction failed - marking existing transaction as rollback-only
18091 [Test worker] DEBUG org.springframework.orm.jpa.JpaTransactionManager  - Setting JPA transaction on EntityManager [org.hibernate.jpa.internal.EntityManagerImpl@4088818a] rollback-only
18091 [org.springframework.jms.listener.DefaultMessageListenerContainer#1-1] DEBUG org.springframework.jms.listener.DefaultMessageListenerContainer  - Received message of type [class org.apache.activemq.command.ActiveMQObjectMessage] from consumer [ActiveMQMessageConsumer { value=ID:josdem-Inspiron-5420-62278-1432140019380-3:1:2:1, started=true }] of session [ActiveMQSession {id=ID:josdem-Inspiron-5420-62278-1432140019380-3:1:2,started=true}]
18092 [Test worker] DEBUG org.springframework.orm.jpa.JpaTransactionManager  - Found thread-bound EntityManager [org.hibernate.jpa.internal.EntityManagerImpl@4088818a] for JPA transaction
18092 [Test worker] DEBUG org.springframework.orm.jpa.JpaTransactionManager  - Participating in existing transaction
18092 [org.springframework.jms.listener.DefaultMessageListenerContainer#1-1] INFO  com.tim.one.messengine.LoggerMessageListener  - Could not find matching constructor for: com.tim.one.exception.UserNotFoundException(java.lang.Integer);null
18093 [Test worker] DEBUG org.springframework.orm.jpa.JpaTransactionManager  - Found thread-bound EntityManager [org.hibernate.jpa.internal.EntityManagerImpl@4088818a] for JPA transaction
18093 [Test worker] DEBUG org.springframework.orm.jpa.JpaTransactionManager  - Participating in existing transaction
18093 [Test worker] DEBUG org.springframework.test.context.transaction.TransactionalTestExecutionListener  - No method-level @Rollback override: using default rollback [true] for test context [DefaultTestContext@1bb593c7 testClass = IntegraTransactionServiceIntegrationSpec, testInstance = com.tim.one.service.IntegraTransactionServiceIntegrationSpec@3be716c7, testMethod = $spock_feature_0_2@IntegraTransactionServiceIntegrationSpec, testException = [null], mergedContextConfiguration = [MergedContextConfiguration@356a4725 testClass = IntegraTransactionServiceIntegrationSpec, locations = '{classpath:/services-appctx.xml, classpath:/persistence-appctx.xml, classpath:/jms-appctx.xml, classpath:/mail-context.xml, classpath:/transaction-appctx.xml, classpath:/formatter-appctx.xml, classpath:/stp-appctx.xml, classpath:/aop-appctx.xml, classpath:/properties-appctx.xml}', classes = '{}', contextInitializerClasses = '[]', activeProfiles = '{}', contextLoader = 'org.springframework.test.context.support.DelegatingSmartContextLoader', parent = [null]]].
18093 [Test worker] DEBUG org.springframework.orm.jpa.JpaTransactionManager  - Initiating transaction rollback
18094 [Test worker] DEBUG org.springframework.orm.jpa.JpaTransactionManager  - Rolling back JPA transaction on EntityManager [org.hibernate.jpa.internal.EntityManagerImpl@4088818a]
18165 [Test worker] DEBUG org.springframework.orm.jpa.JpaTransactionManager  - Closing JPA EntityManager [org.hibernate.jpa.internal.EntityManagerImpl@4088818a] after transaction
18165 [Test worker] DEBUG org.springframework.orm.jpa.EntityManagerFactoryUtils  - Closing JPA EntityManager
18165 [Test worker] INFO  org.hibernate.engine.internal.StatisticalLoggingSessionEventListener  - Session Metrics {
    332208 nanoseconds spent acquiring 1 JDBC connections;
    0 nanoseconds spent releasing 0 JDBC connections;
    295703 nanoseconds spent preparing 3 JDBC statements;
    1277940 nanoseconds spent executing 3 JDBC statements;
    0 nanoseconds spent executing 0 JDBC batches;
    683810 nanoseconds spent performing 3 L2C puts;
    0 nanoseconds spent performing 0 L2C hits;
    0 nanoseconds spent performing 0 L2C misses;
    0 nanoseconds spent executing 0 flushes (flushing a total of 0 entities and 0 collections);
    265835 nanoseconds spent executing 1 partial-flushes (flushing a total of 2 entities and 2 collections)
}
18166 [Test worker] INFO  org.springframework.test.context.transaction.TransactionalTestExecutionListener  - Rolled back transaction after test execution for test context [DefaultTestContext@1bb593c7 testClass = IntegraTransactionServiceIntegrationSpec, testInstance = com.tim.one.service.IntegraTransactionServiceIntegrationSpec@3be716c7, testMethod = $spock_feature_0_2@IntegraTransactionServiceIntegrationSpec, testException = [null], mergedContextConfiguration = [MergedContextConfiguration@356a4725 testClass = IntegraTransactionServiceIntegrationSpec, locations = '{classpath:/services-appctx.xml, classpath:/persistence-appctx.xml, classpath:/jms-appctx.xml, classpath:/mail-context.xml, classpath:/transaction-appctx.xml, classpath:/formatter-appctx.xml, classpath:/stp-appctx.xml, classpath:/aop-appctx.xml, classpath:/properties-appctx.xml}', classes = '{}', contextInitializerClasses = '[]', activeProfiles = '{}', contextLoader = 'org.springframework.test.context.support.DelegatingSmartContextLoader', parent = [null]]]
18167 [Test worker] DEBUG org.springframework.test.context.support.DirtiesContextTestExecutionListener  - After test method: context [DefaultTestContext@1bb593c7 testClass = IntegraTransactionServiceIntegrationSpec, testInstance = com.tim.one.service.IntegraTransactionServiceIntegrationSpec@3be716c7, testMethod = $spock_feature_0_2@IntegraTransactionServiceIntegrationSpec, testException = [null], mergedContextConfiguration = [MergedContextConfiguration@356a4725 testClass = IntegraTransactionServiceIntegrationSpec, locations = '{classpath:/services-appctx.xml, classpath:/persistence-appctx.xml, classpath:/jms-appctx.xml, classpath:/mail-context.xml, classpath:/transaction-appctx.xml, classpath:/formatter-appctx.xml, classpath:/stp-appctx.xml, classpath:/aop-appctx.xml, classpath:/properties-appctx.xml}', classes = '{}', contextInitializerClasses = '[]', activeProfiles = '{}', contextLoader = 'org.springframework.test.context.support.DelegatingSmartContextLoader', parent = [null]]], class dirties context [false], class mode [null], method dirties context [false].
18168 [Test worker] DEBUG org.springframework.test.context.support.DependencyInjectionTestExecutionListener  - Performing dependency injection for test context [[DefaultTestContext@1bb593c7 testClass = IntegraTransactionServiceIntegrationSpec, testInstance = com.tim.one.service.IntegraTransactionServiceIntegrationSpec@45d274, testMethod = [null], testException = [null], mergedContextConfiguration = [MergedContextConfiguration@356a4725 testClass = IntegraTransactionServiceIntegrationSpec, locations = '{classpath:/services-appctx.xml, classpath:/persistence-appctx.xml, classpath:/jms-appctx.xml, classpath:/mail-context.xml, classpath:/transaction-appctx.xml, classpath:/formatter-appctx.xml, classpath:/stp-appctx.xml, classpath:/aop-appctx.xml, classpath:/properties-appctx.xml}', classes = '{}', contextInitializerClasses = '[]', activeProfiles = '{}', contextLoader = 'org.springframework.test.context.support.DelegatingSmartContextLoader', parent = [null]]]].
18168 [Test worker] DEBUG org.springframework.test.context.CacheAwareContextLoaderDelegate  - Retrieved ApplicationContext from cache with key [[MergedContextConfiguration@356a4725 testClass = IntegraTransactionServiceIntegrationSpec, locations = '{classpath:/services-appctx.xml, classpath:/persistence-appctx.xml, classpath:/jms-appctx.xml, classpath:/mail-context.xml, classpath:/transaction-appctx.xml, classpath:/formatter-appctx.xml, classpath:/stp-appctx.xml, classpath:/aop-appctx.xml, classpath:/properties-appctx.xml}', classes = '{}', contextInitializerClasses = '[]', activeProfiles = '{}', contextLoader = 'org.springframework.test.context.support.DelegatingSmartContextLoader', parent = [null]]].
18169 [Test worker] DEBUG org.springframework.aop.aspectj.annotation.AnnotationAwareAspectJAutoProxyCreator  - Creating implicit proxy for bean 'com.tim.one.service.IntegraTransactionServiceIntegrationSpec' with 0 common interceptors and 3 specific interceptors
18169 [Test worker] DEBUG org.springframework.aop.framework.JdkDynamicAopProxy  - Creating JDK dynamic proxy: target source is SingletonTargetSource for target object [com.tim.one.service.IntegraTransactionServiceIntegrationSpec@45d274]
18169 [Test worker] DEBUG org.springframework.transaction.annotation.AnnotationTransactionAttributeSource  - Adding transactional method 'IntegraTransactionServiceIntegrationSpec.$spock_feature_0_3' with attribute: PROPAGATION_REQUIRED,ISOLATION_DEFAULT; ''
18170 [Test worker] DEBUG org.springframework.test.context.transaction.TransactionalTestExecutionListener  - Explicit transaction definition [PROPAGATION_REQUIRED,ISOLATION_DEFAULT; ''] found for test context [DefaultTestContext@1bb593c7 testClass = IntegraTransactionServiceIntegrationSpec, testInstance = com.tim.one.service.IntegraTransactionServiceIntegrationSpec@45d274, testMethod = $spock_feature_0_3@IntegraTransactionServiceIntegrationSpec, testException = [null], mergedContextConfiguration = [MergedContextConfiguration@356a4725 testClass = IntegraTransactionServiceIntegrationSpec, locations = '{classpath:/services-appctx.xml, classpath:/persistence-appctx.xml, classpath:/jms-appctx.xml, classpath:/mail-context.xml, classpath:/transaction-appctx.xml, classpath:/formatter-appctx.xml, classpath:/stp-appctx.xml, classpath:/aop-appctx.xml, classpath:/properties-appctx.xml}', classes = '{}', contextInitializerClasses = '[]', activeProfiles = '{}', contextLoader = 'org.springframework.test.context.support.DelegatingSmartContextLoader', parent = [null]]]
18170 [Test worker] DEBUG org.springframework.test.context.CacheAwareContextLoaderDelegate  - Retrieved ApplicationContext from cache with key [[MergedContextConfiguration@356a4725 testClass = IntegraTransactionServiceIntegrationSpec, locations = '{classpath:/services-appctx.xml, classpath:/persistence-appctx.xml, classpath:/jms-appctx.xml, classpath:/mail-context.xml, classpath:/transaction-appctx.xml, classpath:/formatter-appctx.xml, classpath:/stp-appctx.xml, classpath:/aop-appctx.xml, classpath:/properties-appctx.xml}', classes = '{}', contextInitializerClasses = '[]', activeProfiles = '{}', contextLoader = 'org.springframework.test.context.support.DelegatingSmartContextLoader', parent = [null]]].
18171 [Test worker] DEBUG org.springframework.orm.jpa.JpaTransactionManager  - Creating new transaction with name [$spock_feature_0_3]: PROPAGATION_REQUIRED,ISOLATION_DEFAULT; ''
18171 [Test worker] DEBUG org.springframework.orm.jpa.JpaTransactionManager  - Opened new EntityManager [org.hibernate.jpa.internal.EntityManagerImpl@67fbbdcf] for JPA transaction
18172 [Test worker] DEBUG org.springframework.orm.jpa.JpaTransactionManager  - Exposing JPA transaction as JDBC transaction [org.springframework.orm.jpa.vendor.HibernateJpaDialect$HibernateConnectionHandle@15b6165c]
18172 [Test worker] DEBUG org.springframework.test.context.transaction.TransactionalTestExecutionListener  - No method-level @Rollback override: using default rollback [true] for test context [DefaultTestContext@1bb593c7 testClass = IntegraTransactionServiceIntegrationSpec, testInstance = com.tim.one.service.IntegraTransactionServiceIntegrationSpec@45d274, testMethod = $spock_feature_0_3@IntegraTransactionServiceIntegrationSpec, testException = [null], mergedContextConfiguration = [MergedContextConfiguration@356a4725 testClass = IntegraTransactionServiceIntegrationSpec, locations = '{classpath:/services-appctx.xml, classpath:/persistence-appctx.xml, classpath:/jms-appctx.xml, classpath:/mail-context.xml, classpath:/transaction-appctx.xml, classpath:/formatter-appctx.xml, classpath:/stp-appctx.xml, classpath:/aop-appctx.xml, classpath:/properties-appctx.xml}', classes = '{}', contextInitializerClasses = '[]', activeProfiles = '{}', contextLoader = 'org.springframework.test.context.support.DelegatingSmartContextLoader', parent = [null]]].
18173 [Test worker] INFO  org.springframework.test.context.transaction.TransactionalTestExecutionListener  - Began transaction (4) for test context [DefaultTestContext@1bb593c7 testClass = IntegraTransactionServiceIntegrationSpec, testInstance = com.tim.one.service.IntegraTransactionServiceIntegrationSpec@45d274, testMethod = $spock_feature_0_3@IntegraTransactionServiceIntegrationSpec, testException = [null], mergedContextConfiguration = [MergedContextConfiguration@356a4725 testClass = IntegraTransactionServiceIntegrationSpec, locations = '{classpath:/services-appctx.xml, classpath:/persistence-appctx.xml, classpath:/jms-appctx.xml, classpath:/mail-context.xml, classpath:/transaction-appctx.xml, classpath:/formatter-appctx.xml, classpath:/stp-appctx.xml, classpath:/aop-appctx.xml, classpath:/properties-appctx.xml}', classes = '{}', contextInitializerClasses = '[]', activeProfiles = '{}', contextLoader = 'org.springframework.test.context.support.DelegatingSmartContextLoader', parent = [null]]]; transaction manager [org.springframework.orm.jpa.JpaTransactionManager@12db244c]; rollback [true]
18174 [Test worker] DEBUG org.springframework.orm.jpa.JpaTransactionManager  - Found thread-bound EntityManager [org.hibernate.jpa.internal.EntityManagerImpl@67fbbdcf] for JPA transaction
18174 [Test worker] DEBUG org.springframework.orm.jpa.JpaTransactionManager  - Participating in existing transaction
18176 [Test worker] DEBUG org.springframework.orm.jpa.JpaTransactionManager  - Found thread-bound EntityManager [org.hibernate.jpa.internal.EntityManagerImpl@67fbbdcf] for JPA transaction
18177 [Test worker] DEBUG org.springframework.orm.jpa.JpaTransactionManager  - Participating in existing transaction
18178 [Test worker] DEBUG org.springframework.orm.jpa.JpaTransactionManager  - Found thread-bound EntityManager [org.hibernate.jpa.internal.EntityManagerImpl@67fbbdcf] for JPA transaction
18178 [Test worker] DEBUG org.springframework.orm.jpa.JpaTransactionManager  - Participating in existing transaction
18183 [Test worker] DEBUG org.springframework.orm.jpa.JpaTransactionManager  - Found thread-bound EntityManager [org.hibernate.jpa.internal.EntityManagerImpl@67fbbdcf] for JPA transaction
18184 [Test worker] DEBUG org.springframework.orm.jpa.JpaTransactionManager  - Participating in existing transaction
18184 [Test worker] DEBUG org.springframework.orm.jpa.JpaTransactionManager  - Found thread-bound EntityManager [org.hibernate.jpa.internal.EntityManagerImpl@67fbbdcf] for JPA transaction
18184 [Test worker] DEBUG org.springframework.orm.jpa.JpaTransactionManager  - Participating in existing transaction
18187 [Test worker] DEBUG org.springframework.orm.jpa.JpaTransactionManager  - Found thread-bound EntityManager [org.hibernate.jpa.internal.EntityManagerImpl@67fbbdcf] for JPA transaction
18187 [Test worker] DEBUG org.springframework.orm.jpa.JpaTransactionManager  - Participating in existing transaction
18188 [Test worker] DEBUG org.springframework.orm.jpa.JpaTransactionManager  - Found thread-bound EntityManager [org.hibernate.jpa.internal.EntityManagerImpl@67fbbdcf] for JPA transaction
18188 [Test worker] DEBUG org.springframework.orm.jpa.JpaTransactionManager  - Participating in existing transaction
18189 [Test worker] DEBUG org.springframework.data.repository.core.support.TransactionalRepositoryProxyPostProcessor$CustomAnnotationTransactionAttributeSource  - Adding transactional method 'save' with attribute: PROPAGATION_REQUIRED,ISOLATION_DEFAULT; ''
18190 [Test worker] DEBUG org.springframework.orm.jpa.JpaTransactionManager  - Found thread-bound EntityManager [org.hibernate.jpa.internal.EntityManagerImpl@67fbbdcf] for JPA transaction
18190 [Test worker] DEBUG org.springframework.orm.jpa.JpaTransactionManager  - Participating in existing transaction
18202 [Test worker] DEBUG org.springframework.orm.jpa.JpaTransactionManager  - Found thread-bound EntityManager [org.hibernate.jpa.internal.EntityManagerImpl@67fbbdcf] for JPA transaction
18202 [Test worker] DEBUG org.springframework.orm.jpa.JpaTransactionManager  - Participating in existing transaction
18203 [Test worker] DEBUG org.springframework.orm.jpa.JpaTransactionManager  - Found thread-bound EntityManager [org.hibernate.jpa.internal.EntityManagerImpl@67fbbdcf] for JPA transaction
18203 [Test worker] DEBUG org.springframework.orm.jpa.JpaTransactionManager  - Participating in existing transaction
18204 [Test worker] DEBUG org.springframework.data.repository.core.support.TransactionalRepositoryProxyPostProcessor$CustomAnnotationTransactionAttributeSource  - Adding transactional method 'delete' with attribute: PROPAGATION_REQUIRED,ISOLATION_DEFAULT; ''
18204 [Test worker] DEBUG org.springframework.orm.jpa.JpaTransactionManager  - Found thread-bound EntityManager [org.hibernate.jpa.internal.EntityManagerImpl@67fbbdcf] for JPA transaction
18204 [Test worker] DEBUG org.springframework.orm.jpa.JpaTransactionManager  - Participating in existing transaction
18204 [Test worker] DEBUG org.springframework.test.context.transaction.TransactionalTestExecutionListener  - No method-level @Rollback override: using default rollback [true] for test context [DefaultTestContext@1bb593c7 testClass = IntegraTransactionServiceIntegrationSpec, testInstance = com.tim.one.service.IntegraTransactionServiceIntegrationSpec@45d274, testMethod = $spock_feature_0_3@IntegraTransactionServiceIntegrationSpec, testException = [null], mergedContextConfiguration = [MergedContextConfiguration@356a4725 testClass = IntegraTransactionServiceIntegrationSpec, locations = '{classpath:/services-appctx.xml, classpath:/persistence-appctx.xml, classpath:/jms-appctx.xml, classpath:/mail-context.xml, classpath:/transaction-appctx.xml, classpath:/formatter-appctx.xml, classpath:/stp-appctx.xml, classpath:/aop-appctx.xml, classpath:/properties-appctx.xml}', classes = '{}', contextInitializerClasses = '[]', activeProfiles = '{}', contextLoader = 'org.springframework.test.context.support.DelegatingSmartContextLoader', parent = [null]]].
18204 [Test worker] DEBUG org.springframework.orm.jpa.JpaTransactionManager  - Initiating transaction rollback
18204 [Test worker] DEBUG org.springframework.orm.jpa.JpaTransactionManager  - Rolling back JPA transaction on EntityManager [org.hibernate.jpa.internal.EntityManagerImpl@67fbbdcf]
18276 [Test worker] DEBUG org.springframework.orm.jpa.JpaTransactionManager  - Closing JPA EntityManager [org.hibernate.jpa.internal.EntityManagerImpl@67fbbdcf] after transaction
18276 [Test worker] DEBUG org.springframework.orm.jpa.EntityManagerFactoryUtils  - Closing JPA EntityManager
18276 [Test worker] INFO  org.hibernate.engine.internal.StatisticalLoggingSessionEventListener  - Session Metrics {
    537328 nanoseconds spent acquiring 1 JDBC connections;
    0 nanoseconds spent releasing 0 JDBC connections;
    581682 nanoseconds spent preparing 8 JDBC statements;
    4300457 nanoseconds spent executing 8 JDBC statements;
    0 nanoseconds spent executing 0 JDBC batches;
    1491996 nanoseconds spent performing 7 L2C puts;
    0 nanoseconds spent performing 0 L2C hits;
    0 nanoseconds spent performing 0 L2C misses;
    0 nanoseconds spent executing 0 flushes (flushing a total of 0 entities and 0 collections);
    844433 nanoseconds spent executing 3 partial-flushes (flushing a total of 8 entities and 8 collections)
}
18277 [Test worker] INFO  org.springframework.test.context.transaction.TransactionalTestExecutionListener  - Rolled back transaction after test execution for test context [DefaultTestContext@1bb593c7 testClass = IntegraTransactionServiceIntegrationSpec, testInstance = com.tim.one.service.IntegraTransactionServiceIntegrationSpec@45d274, testMethod = $spock_feature_0_3@IntegraTransactionServiceIntegrationSpec, testException = [null], mergedContextConfiguration = [MergedContextConfiguration@356a4725 testClass = IntegraTransactionServiceIntegrationSpec, locations = '{classpath:/services-appctx.xml, classpath:/persistence-appctx.xml, classpath:/jms-appctx.xml, classpath:/mail-context.xml, classpath:/transaction-appctx.xml, classpath:/formatter-appctx.xml, classpath:/stp-appctx.xml, classpath:/aop-appctx.xml, classpath:/properties-appctx.xml}', classes = '{}', contextInitializerClasses = '[]', activeProfiles = '{}', contextLoader = 'org.springframework.test.context.support.DelegatingSmartContextLoader', parent = [null]]]
18278 [Test worker] DEBUG org.springframework.test.context.support.DirtiesContextTestExecutionListener  - After test method: context [DefaultTestContext@1bb593c7 testClass = IntegraTransactionServiceIntegrationSpec, testInstance = com.tim.one.service.IntegraTransactionServiceIntegrationSpec@45d274, testMethod = $spock_feature_0_3@IntegraTransactionServiceIntegrationSpec, testException = [null], mergedContextConfiguration = [MergedContextConfiguration@356a4725 testClass = IntegraTransactionServiceIntegrationSpec, locations = '{classpath:/services-appctx.xml, classpath:/persistence-appctx.xml, classpath:/jms-appctx.xml, classpath:/mail-context.xml, classpath:/transaction-appctx.xml, classpath:/formatter-appctx.xml, classpath:/stp-appctx.xml, classpath:/aop-appctx.xml, classpath:/properties-appctx.xml}', classes = '{}', contextInitializerClasses = '[]', activeProfiles = '{}', contextLoader = 'org.springframework.test.context.support.DelegatingSmartContextLoader', parent = [null]]], class dirties context [false], class mode [null], method dirties context [false].
18278 [Test worker] DEBUG org.springframework.test.context.support.DependencyInjectionTestExecutionListener  - Performing dependency injection for test context [[DefaultTestContext@1bb593c7 testClass = IntegraTransactionServiceIntegrationSpec, testInstance = com.tim.one.service.IntegraTransactionServiceIntegrationSpec@375352eb, testMethod = [null], testException = [null], mergedContextConfiguration = [MergedContextConfiguration@356a4725 testClass = IntegraTransactionServiceIntegrationSpec, locations = '{classpath:/services-appctx.xml, classpath:/persistence-appctx.xml, classpath:/jms-appctx.xml, classpath:/mail-context.xml, classpath:/transaction-appctx.xml, classpath:/formatter-appctx.xml, classpath:/stp-appctx.xml, classpath:/aop-appctx.xml, classpath:/properties-appctx.xml}', classes = '{}', contextInitializerClasses = '[]', activeProfiles = '{}', contextLoader = 'org.springframework.test.context.support.DelegatingSmartContextLoader', parent = [null]]]].
18278 [Test worker] DEBUG org.springframework.test.context.CacheAwareContextLoaderDelegate  - Retrieved ApplicationContext from cache with key [[MergedContextConfiguration@356a4725 testClass = IntegraTransactionServiceIntegrationSpec, locations = '{classpath:/services-appctx.xml, classpath:/persistence-appctx.xml, classpath:/jms-appctx.xml, classpath:/mail-context.xml, classpath:/transaction-appctx.xml, classpath:/formatter-appctx.xml, classpath:/stp-appctx.xml, classpath:/aop-appctx.xml, classpath:/properties-appctx.xml}', classes = '{}', contextInitializerClasses = '[]', activeProfiles = '{}', contextLoader = 'org.springframework.test.context.support.DelegatingSmartContextLoader', parent = [null]]].
18279 [Test worker] DEBUG org.springframework.aop.aspectj.annotation.AnnotationAwareAspectJAutoProxyCreator  - Creating implicit proxy for bean 'com.tim.one.service.IntegraTransactionServiceIntegrationSpec' with 0 common interceptors and 3 specific interceptors
18279 [Test worker] DEBUG org.springframework.aop.framework.JdkDynamicAopProxy  - Creating JDK dynamic proxy: target source is SingletonTargetSource for target object [com.tim.one.service.IntegraTransactionServiceIntegrationSpec@375352eb]
18279 [Test worker] DEBUG org.springframework.transaction.annotation.AnnotationTransactionAttributeSource  - Adding transactional method 'IntegraTransactionServiceIntegrationSpec.$spock_feature_0_4' with attribute: PROPAGATION_REQUIRED,ISOLATION_DEFAULT; ''
18280 [Test worker] DEBUG org.springframework.test.context.transaction.TransactionalTestExecutionListener  - Explicit transaction definition [PROPAGATION_REQUIRED,ISOLATION_DEFAULT; ''] found for test context [DefaultTestContext@1bb593c7 testClass = IntegraTransactionServiceIntegrationSpec, testInstance = com.tim.one.service.IntegraTransactionServiceIntegrationSpec@375352eb, testMethod = $spock_feature_0_4@IntegraTransactionServiceIntegrationSpec, testException = [null], mergedContextConfiguration = [MergedContextConfiguration@356a4725 testClass = IntegraTransactionServiceIntegrationSpec, locations = '{classpath:/services-appctx.xml, classpath:/persistence-appctx.xml, classpath:/jms-appctx.xml, classpath:/mail-context.xml, classpath:/transaction-appctx.xml, classpath:/formatter-appctx.xml, classpath:/stp-appctx.xml, classpath:/aop-appctx.xml, classpath:/properties-appctx.xml}', classes = '{}', contextInitializerClasses = '[]', activeProfiles = '{}', contextLoader = 'org.springframework.test.context.support.DelegatingSmartContextLoader', parent = [null]]]
18280 [Test worker] DEBUG org.springframework.test.context.CacheAwareContextLoaderDelegate  - Retrieved ApplicationContext from cache with key [[MergedContextConfiguration@356a4725 testClass = IntegraTransactionServiceIntegrationSpec, locations = '{classpath:/services-appctx.xml, classpath:/persistence-appctx.xml, classpath:/jms-appctx.xml, classpath:/mail-context.xml, classpath:/transaction-appctx.xml, classpath:/formatter-appctx.xml, classpath:/stp-appctx.xml, classpath:/aop-appctx.xml, classpath:/properties-appctx.xml}', classes = '{}', contextInitializerClasses = '[]', activeProfiles = '{}', contextLoader = 'org.springframework.test.context.support.DelegatingSmartContextLoader', parent = [null]]].
18280 [Test worker] DEBUG org.springframework.orm.jpa.JpaTransactionManager  - Creating new transaction with name [$spock_feature_0_4]: PROPAGATION_REQUIRED,ISOLATION_DEFAULT; ''
18281 [Test worker] DEBUG org.springframework.orm.jpa.JpaTransactionManager  - Opened new EntityManager [org.hibernate.jpa.internal.EntityManagerImpl@3f68dead] for JPA transaction
18281 [Test worker] DEBUG org.springframework.orm.jpa.JpaTransactionManager  - Exposing JPA transaction as JDBC transaction [org.springframework.orm.jpa.vendor.HibernateJpaDialect$HibernateConnectionHandle@71220f39]
18282 [Test worker] DEBUG org.springframework.test.context.transaction.TransactionalTestExecutionListener  - No method-level @Rollback override: using default rollback [true] for test context [DefaultTestContext@1bb593c7 testClass = IntegraTransactionServiceIntegrationSpec, testInstance = com.tim.one.service.IntegraTransactionServiceIntegrationSpec@375352eb, testMethod = $spock_feature_0_4@IntegraTransactionServiceIntegrationSpec, testException = [null], mergedContextConfiguration = [MergedContextConfiguration@356a4725 testClass = IntegraTransactionServiceIntegrationSpec, locations = '{classpath:/services-appctx.xml, classpath:/persistence-appctx.xml, classpath:/jms-appctx.xml, classpath:/mail-context.xml, classpath:/transaction-appctx.xml, classpath:/formatter-appctx.xml, classpath:/stp-appctx.xml, classpath:/aop-appctx.xml, classpath:/properties-appctx.xml}', classes = '{}', contextInitializerClasses = '[]', activeProfiles = '{}', contextLoader = 'org.springframework.test.context.support.DelegatingSmartContextLoader', parent = [null]]].
18282 [Test worker] INFO  org.springframework.test.context.transaction.TransactionalTestExecutionListener  - Began transaction (5) for test context [DefaultTestContext@1bb593c7 testClass = IntegraTransactionServiceIntegrationSpec, testInstance = com.tim.one.service.IntegraTransactionServiceIntegrationSpec@375352eb, testMethod = $spock_feature_0_4@IntegraTransactionServiceIntegrationSpec, testException = [null], mergedContextConfiguration = [MergedContextConfiguration@356a4725 testClass = IntegraTransactionServiceIntegrationSpec, locations = '{classpath:/services-appctx.xml, classpath:/persistence-appctx.xml, classpath:/jms-appctx.xml, classpath:/mail-context.xml, classpath:/transaction-appctx.xml, classpath:/formatter-appctx.xml, classpath:/stp-appctx.xml, classpath:/aop-appctx.xml, classpath:/properties-appctx.xml}', classes = '{}', contextInitializerClasses = '[]', activeProfiles = '{}', contextLoader = 'org.springframework.test.context.support.DelegatingSmartContextLoader', parent = [null]]]; transaction manager [org.springframework.orm.jpa.JpaTransactionManager@12db244c]; rollback [true]
18284 [Test worker] DEBUG org.springframework.orm.jpa.JpaTransactionManager  - Found thread-bound EntityManager [org.hibernate.jpa.internal.EntityManagerImpl@3f68dead] for JPA transaction
18284 [Test worker] DEBUG org.springframework.orm.jpa.JpaTransactionManager  - Participating in existing transaction
18286 [Test worker] INFO  com.tim.one.advice.AfterThrowingAdvice  - Wrapping exception Error: 17
18286 [Test worker] INFO  com.tim.one.service.impl.LoggerServiceImpl  - CALLING Notifying
18286 [Test worker] DEBUG org.springframework.jms.core.JmsTemplate  - Executing callback on JMS Session: ActiveMQSession {id=ID:josdem-Inspiron-5420-62278-1432140019380-3:2:8,started=false}
18287 [Test worker] DEBUG org.springframework.jms.core.JmsTemplate  - Sending created message: ActiveMQObjectMessage {commandId = 0, responseRequired = false, messageId = null, originalDestination = null, originalTransactionId = null, producerId = null, destination = null, transactionId = null, expiration = 0, timestamp = 0, arrival = 0, brokerInTime = 0, brokerOutTime = 0, correlationId = null, replyTo = null, persistent = false, type = null, priority = 0, groupID = null, groupSequence = 0, targetConsumerId = null, compressed = false, userID = null, content = org.apache.activemq.util.ByteSequence@38be19bd, marshalledProperties = null, dataStructure = null, redeliveryCounter = 0, size = 0, properties = null, readOnlyProperties = false, readOnlyBody = false, droppable = false}
18288 [Test worker] DEBUG org.springframework.orm.jpa.JpaTransactionManager  - Participating transaction failed - marking existing transaction as rollback-only
18288 [Test worker] DEBUG org.springframework.orm.jpa.JpaTransactionManager  - Setting JPA transaction on EntityManager [org.hibernate.jpa.internal.EntityManagerImpl@3f68dead] rollback-only
18288 [org.springframework.jms.listener.DefaultMessageListenerContainer#1-1] DEBUG org.springframework.jms.listener.DefaultMessageListenerContainer  - Received message of type [class org.apache.activemq.command.ActiveMQObjectMessage] from consumer [ActiveMQMessageConsumer { value=ID:josdem-Inspiron-5420-62278-1432140019380-3:1:2:1, started=true }] of session [ActiveMQSession {id=ID:josdem-Inspiron-5420-62278-1432140019380-3:1:2,started=true}]
18292 [Test worker] DEBUG org.springframework.test.context.transaction.TransactionalTestExecutionListener  - No method-level @Rollback override: using default rollback [true] for test context [DefaultTestContext@1bb593c7 testClass = IntegraTransactionServiceIntegrationSpec, testInstance = com.tim.one.service.IntegraTransactionServiceIntegrationSpec@375352eb, testMethod = $spock_feature_0_4@IntegraTransactionServiceIntegrationSpec, testException = [null], mergedContextConfiguration = [MergedContextConfiguration@356a4725 testClass = IntegraTransactionServiceIntegrationSpec, locations = '{classpath:/services-appctx.xml, classpath:/persistence-appctx.xml, classpath:/jms-appctx.xml, classpath:/mail-context.xml, classpath:/transaction-appctx.xml, classpath:/formatter-appctx.xml, classpath:/stp-appctx.xml, classpath:/aop-appctx.xml, classpath:/properties-appctx.xml}', classes = '{}', contextInitializerClasses = '[]', activeProfiles = '{}', contextLoader = 'org.springframework.test.context.support.DelegatingSmartContextLoader', parent = [null]]].
18292 [Test worker] DEBUG org.springframework.orm.jpa.JpaTransactionManager  - Initiating transaction rollback
18292 [Test worker] DEBUG org.springframework.orm.jpa.JpaTransactionManager  - Rolling back JPA transaction on EntityManager [org.hibernate.jpa.internal.EntityManagerImpl@3f68dead]
18292 [org.springframework.jms.listener.DefaultMessageListenerContainer#1-1] INFO  com.tim.one.messengine.LoggerMessageListener  - Error: 17;null
18293 [Test worker] DEBUG org.springframework.orm.jpa.JpaTransactionManager  - Closing JPA EntityManager [org.hibernate.jpa.internal.EntityManagerImpl@3f68dead] after transaction
18293 [Test worker] DEBUG org.springframework.orm.jpa.EntityManagerFactoryUtils  - Closing JPA EntityManager
18293 [Test worker] INFO  org.hibernate.engine.internal.StatisticalLoggingSessionEventListener  - Session Metrics {
    446936 nanoseconds spent acquiring 1 JDBC connections;
    0 nanoseconds spent releasing 0 JDBC connections;
    55948 nanoseconds spent preparing 1 JDBC statements;
    355781 nanoseconds spent executing 1 JDBC statements;
    0 nanoseconds spent executing 0 JDBC batches;
    0 nanoseconds spent performing 0 L2C puts;
    0 nanoseconds spent performing 0 L2C hits;
    0 nanoseconds spent performing 0 L2C misses;
    0 nanoseconds spent executing 0 flushes (flushing a total of 0 entities and 0 collections);
    7542 nanoseconds spent executing 1 partial-flushes (flushing a total of 0 entities and 0 collections)
}
18294 [Test worker] INFO  org.springframework.test.context.transaction.TransactionalTestExecutionListener  - Rolled back transaction after test execution for test context [DefaultTestContext@1bb593c7 testClass = IntegraTransactionServiceIntegrationSpec, testInstance = com.tim.one.service.IntegraTransactionServiceIntegrationSpec@375352eb, testMethod = $spock_feature_0_4@IntegraTransactionServiceIntegrationSpec, testException = [null], mergedContextConfiguration = [MergedContextConfiguration@356a4725 testClass = IntegraTransactionServiceIntegrationSpec, locations = '{classpath:/services-appctx.xml, classpath:/persistence-appctx.xml, classpath:/jms-appctx.xml, classpath:/mail-context.xml, classpath:/transaction-appctx.xml, classpath:/formatter-appctx.xml, classpath:/stp-appctx.xml, classpath:/aop-appctx.xml, classpath:/properties-appctx.xml}', classes = '{}', contextInitializerClasses = '[]', activeProfiles = '{}', contextLoader = 'org.springframework.test.context.support.DelegatingSmartContextLoader', parent = [null]]]
18295 [Test worker] DEBUG org.springframework.test.context.support.DirtiesContextTestExecutionListener  - After test method: context [DefaultTestContext@1bb593c7 testClass = IntegraTransactionServiceIntegrationSpec, testInstance = com.tim.one.service.IntegraTransactionServiceIntegrationSpec@375352eb, testMethod = $spock_feature_0_4@IntegraTransactionServiceIntegrationSpec, testException = [null], mergedContextConfiguration = [MergedContextConfiguration@356a4725 testClass = IntegraTransactionServiceIntegrationSpec, locations = '{classpath:/services-appctx.xml, classpath:/persistence-appctx.xml, classpath:/jms-appctx.xml, classpath:/mail-context.xml, classpath:/transaction-appctx.xml, classpath:/formatter-appctx.xml, classpath:/stp-appctx.xml, classpath:/aop-appctx.xml, classpath:/properties-appctx.xml}', classes = '{}', contextInitializerClasses = '[]', activeProfiles = '{}', contextLoader = 'org.springframework.test.context.support.DelegatingSmartContextLoader', parent = [null]]], class dirties context [false], class mode [null], method dirties context [false].
18295 [Test worker] DEBUG org.springframework.test.context.support.DependencyInjectionTestExecutionListener  - Performing dependency injection for test context [[DefaultTestContext@1bb593c7 testClass = IntegraTransactionServiceIntegrationSpec, testInstance = com.tim.one.service.IntegraTransactionServiceIntegrationSpec@745734c5, testMethod = [null], testException = [null], mergedContextConfiguration = [MergedContextConfiguration@356a4725 testClass = IntegraTransactionServiceIntegrationSpec, locations = '{classpath:/services-appctx.xml, classpath:/persistence-appctx.xml, classpath:/jms-appctx.xml, classpath:/mail-context.xml, classpath:/transaction-appctx.xml, classpath:/formatter-appctx.xml, classpath:/stp-appctx.xml, classpath:/aop-appctx.xml, classpath:/properties-appctx.xml}', classes = '{}', contextInitializerClasses = '[]', activeProfiles = '{}', contextLoader = 'org.springframework.test.context.support.DelegatingSmartContextLoader', parent = [null]]]].
18295 [Test worker] DEBUG org.springframework.test.context.CacheAwareContextLoaderDelegate  - Retrieved ApplicationContext from cache with key [[MergedContextConfiguration@356a4725 testClass = IntegraTransactionServiceIntegrationSpec, locations = '{classpath:/services-appctx.xml, classpath:/persistence-appctx.xml, classpath:/jms-appctx.xml, classpath:/mail-context.xml, classpath:/transaction-appctx.xml, classpath:/formatter-appctx.xml, classpath:/stp-appctx.xml, classpath:/aop-appctx.xml, classpath:/properties-appctx.xml}', classes = '{}', contextInitializerClasses = '[]', activeProfiles = '{}', contextLoader = 'org.springframework.test.context.support.DelegatingSmartContextLoader', parent = [null]]].
18296 [Test worker] DEBUG org.springframework.aop.aspectj.annotation.AnnotationAwareAspectJAutoProxyCreator  - Creating implicit proxy for bean 'com.tim.one.service.IntegraTransactionServiceIntegrationSpec' with 0 common interceptors and 3 specific interceptors
18296 [Test worker] DEBUG org.springframework.aop.framework.JdkDynamicAopProxy  - Creating JDK dynamic proxy: target source is SingletonTargetSource for target object [com.tim.one.service.IntegraTransactionServiceIntegrationSpec@745734c5]
18297 [Test worker] DEBUG org.springframework.transaction.annotation.AnnotationTransactionAttributeSource  - Adding transactional method 'IntegraTransactionServiceIntegrationSpec.$spock_feature_0_5' with attribute: PROPAGATION_REQUIRED,ISOLATION_DEFAULT; ''
18297 [Test worker] DEBUG org.springframework.test.context.transaction.TransactionalTestExecutionListener  - Explicit transaction definition [PROPAGATION_REQUIRED,ISOLATION_DEFAULT; ''] found for test context [DefaultTestContext@1bb593c7 testClass = IntegraTransactionServiceIntegrationSpec, testInstance = com.tim.one.service.IntegraTransactionServiceIntegrationSpec@745734c5, testMethod = $spock_feature_0_5@IntegraTransactionServiceIntegrationSpec, testException = [null], mergedContextConfiguration = [MergedContextConfiguration@356a4725 testClass = IntegraTransactionServiceIntegrationSpec, locations = '{classpath:/services-appctx.xml, classpath:/persistence-appctx.xml, classpath:/jms-appctx.xml, classpath:/mail-context.xml, classpath:/transaction-appctx.xml, classpath:/formatter-appctx.xml, classpath:/stp-appctx.xml, classpath:/aop-appctx.xml, classpath:/properties-appctx.xml}', classes = '{}', contextInitializerClasses = '[]', activeProfiles = '{}', contextLoader = 'org.springframework.test.context.support.DelegatingSmartContextLoader', parent = [null]]]
18297 [Test worker] DEBUG org.springframework.test.context.CacheAwareContextLoaderDelegate  - Retrieved ApplicationContext from cache with key [[MergedContextConfiguration@356a4725 testClass = IntegraTransactionServiceIntegrationSpec, locations = '{classpath:/services-appctx.xml, classpath:/persistence-appctx.xml, classpath:/jms-appctx.xml, classpath:/mail-context.xml, classpath:/transaction-appctx.xml, classpath:/formatter-appctx.xml, classpath:/stp-appctx.xml, classpath:/aop-appctx.xml, classpath:/properties-appctx.xml}', classes = '{}', contextInitializerClasses = '[]', activeProfiles = '{}', contextLoader = 'org.springframework.test.context.support.DelegatingSmartContextLoader', parent = [null]]].
18298 [Test worker] DEBUG org.springframework.orm.jpa.JpaTransactionManager  - Creating new transaction with name [$spock_feature_0_5]: PROPAGATION_REQUIRED,ISOLATION_DEFAULT; ''
18298 [Test worker] DEBUG org.springframework.orm.jpa.JpaTransactionManager  - Opened new EntityManager [org.hibernate.jpa.internal.EntityManagerImpl@949ad2f] for JPA transaction
18299 [Test worker] DEBUG org.springframework.orm.jpa.JpaTransactionManager  - Exposing JPA transaction as JDBC transaction [org.springframework.orm.jpa.vendor.HibernateJpaDialect$HibernateConnectionHandle@261b7059]
18299 [Test worker] DEBUG org.springframework.test.context.transaction.TransactionalTestExecutionListener  - No method-level @Rollback override: using default rollback [true] for test context [DefaultTestContext@1bb593c7 testClass = IntegraTransactionServiceIntegrationSpec, testInstance = com.tim.one.service.IntegraTransactionServiceIntegrationSpec@745734c5, testMethod = $spock_feature_0_5@IntegraTransactionServiceIntegrationSpec, testException = [null], mergedContextConfiguration = [MergedContextConfiguration@356a4725 testClass = IntegraTransactionServiceIntegrationSpec, locations = '{classpath:/services-appctx.xml, classpath:/persistence-appctx.xml, classpath:/jms-appctx.xml, classpath:/mail-context.xml, classpath:/transaction-appctx.xml, classpath:/formatter-appctx.xml, classpath:/stp-appctx.xml, classpath:/aop-appctx.xml, classpath:/properties-appctx.xml}', classes = '{}', contextInitializerClasses = '[]', activeProfiles = '{}', contextLoader = 'org.springframework.test.context.support.DelegatingSmartContextLoader', parent = [null]]].
18299 [Test worker] INFO  org.springframework.test.context.transaction.TransactionalTestExecutionListener  - Began transaction (6) for test context [DefaultTestContext@1bb593c7 testClass = IntegraTransactionServiceIntegrationSpec, testInstance = com.tim.one.service.IntegraTransactionServiceIntegrationSpec@745734c5, testMethod = $spock_feature_0_5@IntegraTransactionServiceIntegrationSpec, testException = [null], mergedContextConfiguration = [MergedContextConfiguration@356a4725 testClass = IntegraTransactionServiceIntegrationSpec, locations = '{classpath:/services-appctx.xml, classpath:/persistence-appctx.xml, classpath:/jms-appctx.xml, classpath:/mail-context.xml, classpath:/transaction-appctx.xml, classpath:/formatter-appctx.xml, classpath:/stp-appctx.xml, classpath:/aop-appctx.xml, classpath:/properties-appctx.xml}', classes = '{}', contextInitializerClasses = '[]', activeProfiles = '{}', contextLoader = 'org.springframework.test.context.support.DelegatingSmartContextLoader', parent = [null]]]; transaction manager [org.springframework.orm.jpa.JpaTransactionManager@12db244c]; rollback [true]
18301 [Test worker] DEBUG org.springframework.orm.jpa.JpaTransactionManager  - Found thread-bound EntityManager [org.hibernate.jpa.internal.EntityManagerImpl@949ad2f] for JPA transaction
18301 [Test worker] DEBUG org.springframework.orm.jpa.JpaTransactionManager  - Participating in existing transaction
18303 [Test worker] DEBUG org.springframework.orm.jpa.JpaTransactionManager  - Found thread-bound EntityManager [org.hibernate.jpa.internal.EntityManagerImpl@949ad2f] for JPA transaction
18303 [Test worker] DEBUG org.springframework.orm.jpa.JpaTransactionManager  - Participating in existing transaction
18304 [Test worker] DEBUG org.springframework.orm.jpa.JpaTransactionManager  - Found thread-bound EntityManager [org.hibernate.jpa.internal.EntityManagerImpl@949ad2f] for JPA transaction
18305 [Test worker] DEBUG org.springframework.orm.jpa.JpaTransactionManager  - Participating in existing transaction
18305 [Test worker] DEBUG org.springframework.orm.jpa.JpaTransactionManager  - Found thread-bound EntityManager [org.hibernate.jpa.internal.EntityManagerImpl@949ad2f] for JPA transaction
18305 [Test worker] DEBUG org.springframework.orm.jpa.JpaTransactionManager  - Participating in existing transaction
18306 [Test worker] DEBUG org.springframework.orm.jpa.JpaTransactionManager  - Found thread-bound EntityManager [org.hibernate.jpa.internal.EntityManagerImpl@949ad2f] for JPA transaction
18306 [Test worker] DEBUG org.springframework.orm.jpa.JpaTransactionManager  - Participating in existing transaction
18308 [Test worker] DEBUG org.springframework.orm.jpa.JpaTransactionManager  - Found thread-bound EntityManager [org.hibernate.jpa.internal.EntityManagerImpl@949ad2f] for JPA transaction
18308 [Test worker] DEBUG org.springframework.orm.jpa.JpaTransactionManager  - Participating in existing transaction
18311 [Test worker] DEBUG org.springframework.orm.jpa.JpaTransactionManager  - Found thread-bound EntityManager [org.hibernate.jpa.internal.EntityManagerImpl@949ad2f] for JPA transaction
18311 [Test worker] DEBUG org.springframework.orm.jpa.JpaTransactionManager  - Participating in existing transaction
18312 [Test worker] DEBUG org.springframework.test.context.transaction.TransactionalTestExecutionListener  - No method-level @Rollback override: using default rollback [true] for test context [DefaultTestContext@1bb593c7 testClass = IntegraTransactionServiceIntegrationSpec, testInstance = com.tim.one.service.IntegraTransactionServiceIntegrationSpec@745734c5, testMethod = $spock_feature_0_5@IntegraTransactionServiceIntegrationSpec, testException = [null], mergedContextConfiguration = [MergedContextConfiguration@356a4725 testClass = IntegraTransactionServiceIntegrationSpec, locations = '{classpath:/services-appctx.xml, classpath:/persistence-appctx.xml, classpath:/jms-appctx.xml, classpath:/mail-context.xml, classpath:/transaction-appctx.xml, classpath:/formatter-appctx.xml, classpath:/stp-appctx.xml, classpath:/aop-appctx.xml, classpath:/properties-appctx.xml}', classes = '{}', contextInitializerClasses = '[]', activeProfiles = '{}', contextLoader = 'org.springframework.test.context.support.DelegatingSmartContextLoader', parent = [null]]].
18312 [Test worker] DEBUG org.springframework.orm.jpa.JpaTransactionManager  - Initiating transaction rollback
18312 [Test worker] DEBUG org.springframework.orm.jpa.JpaTransactionManager  - Rolling back JPA transaction on EntityManager [org.hibernate.jpa.internal.EntityManagerImpl@949ad2f]
18376 [Test worker] DEBUG org.springframework.orm.jpa.JpaTransactionManager  - Closing JPA EntityManager [org.hibernate.jpa.internal.EntityManagerImpl@949ad2f] after transaction
18376 [Test worker] DEBUG org.springframework.orm.jpa.EntityManagerFactoryUtils  - Closing JPA EntityManager
18377 [Test worker] INFO  org.hibernate.engine.internal.StatisticalLoggingSessionEventListener  - Session Metrics {
    312768 nanoseconds spent acquiring 1 JDBC connections;
    0 nanoseconds spent releasing 0 JDBC connections;
    397090 nanoseconds spent preparing 5 JDBC statements;
    1916958 nanoseconds spent executing 5 JDBC statements;
    0 nanoseconds spent executing 0 JDBC batches;
    1587606 nanoseconds spent performing 6 L2C puts;
    0 nanoseconds spent performing 0 L2C hits;
    0 nanoseconds spent performing 0 L2C misses;
    0 nanoseconds spent executing 0 flushes (flushing a total of 0 entities and 0 collections);
    195842 nanoseconds spent executing 1 partial-flushes (flushing a total of 1 entities and 1 collections)
}
18377 [Test worker] INFO  org.springframework.test.context.transaction.TransactionalTestExecutionListener  - Rolled back transaction after test execution for test context [DefaultTestContext@1bb593c7 testClass = IntegraTransactionServiceIntegrationSpec, testInstance = com.tim.one.service.IntegraTransactionServiceIntegrationSpec@745734c5, testMethod = $spock_feature_0_5@IntegraTransactionServiceIntegrationSpec, testException = [null], mergedContextConfiguration = [MergedContextConfiguration@356a4725 testClass = IntegraTransactionServiceIntegrationSpec, locations = '{classpath:/services-appctx.xml, classpath:/persistence-appctx.xml, classpath:/jms-appctx.xml, classpath:/mail-context.xml, classpath:/transaction-appctx.xml, classpath:/formatter-appctx.xml, classpath:/stp-appctx.xml, classpath:/aop-appctx.xml, classpath:/properties-appctx.xml}', classes = '{}', contextInitializerClasses = '[]', activeProfiles = '{}', contextLoader = 'org.springframework.test.context.support.DelegatingSmartContextLoader', parent = [null]]]
18378 [Test worker] DEBUG org.springframework.test.context.support.DirtiesContextTestExecutionListener  - After test method: context [DefaultTestContext@1bb593c7 testClass = IntegraTransactionServiceIntegrationSpec, testInstance = com.tim.one.service.IntegraTransactionServiceIntegrationSpec@745734c5, testMethod = $spock_feature_0_5@IntegraTransactionServiceIntegrationSpec, testException = [null], mergedContextConfiguration = [MergedContextConfiguration@356a4725 testClass = IntegraTransactionServiceIntegrationSpec, locations = '{classpath:/services-appctx.xml, classpath:/persistence-appctx.xml, classpath:/jms-appctx.xml, classpath:/mail-context.xml, classpath:/transaction-appctx.xml, classpath:/formatter-appctx.xml, classpath:/stp-appctx.xml, classpath:/aop-appctx.xml, classpath:/properties-appctx.xml}', classes = '{}', contextInitializerClasses = '[]', activeProfiles = '{}', contextLoader = 'org.springframework.test.context.support.DelegatingSmartContextLoader', parent = [null]]], class dirties context [false], class mode [null], method dirties context [false].
18378 [Test worker] DEBUG org.springframework.test.context.support.DirtiesContextTestExecutionListener  - After test class: context [DefaultTestContext@1bb593c7 testClass = IntegraTransactionServiceIntegrationSpec, testInstance = [null], testMethod = [null], testException = [null], mergedContextConfiguration = [MergedContextConfiguration@356a4725 testClass = IntegraTransactionServiceIntegrationSpec, locations = '{classpath:/services-appctx.xml, classpath:/persistence-appctx.xml, classpath:/jms-appctx.xml, classpath:/mail-context.xml, classpath:/transaction-appctx.xml, classpath:/formatter-appctx.xml, classpath:/stp-appctx.xml, classpath:/aop-appctx.xml, classpath:/properties-appctx.xml}', classes = '{}', contextInitializerClasses = '[]', activeProfiles = '{}', contextLoader = 'org.springframework.test.context.support.DelegatingSmartContextLoader', parent = [null]]], dirtiesContext [false].
]]></system-out>
  <system-err><![CDATA[]]></system-err>
</testsuite>
