<?xml version="1.0" encoding="UTF-8"?>
<testsuite name="com.tim.one.util.TestIntegerParser" tests="2" skipped="0" failures="0" errors="0" timestamp="2015-05-20T16:40:13" hostname="josdem-Inspiron-5420" time="0.008">
  <properties/>
  <testcase name="shouldParse" classname="com.tim.one.util.TestIntegerParser" time="0.008"/>
  <testcase name="shouldNotParse" classname="com.tim.one.util.TestIntegerParser" time="0.0"/>
  <system-out><![CDATA[]]></system-out>
  <system-err><![CDATA[]]></system-err>
</testsuite>
