<?xml version="1.0" encoding="UTF-8"?>
<testsuite name="com.tim.one.service.TestSecurityService" tests="5" skipped="0" failures="0" errors="0" timestamp="2015-05-20T16:40:30" hostname="josdem-Inspiron-5420" time="0.014">
  <properties/>
  <testcase name="shouldKnowIfTonenIsValid" classname="com.tim.one.service.TestSecurityService" time="0.009"/>
  <testcase name="shouldKnowTonenIsNotValidDueToTokenExpired" classname="com.tim.one.service.TestSecurityService" time="0.001"/>
  <testcase name="shouldKnowTonenIsNotValidDueToNoToken" classname="com.tim.one.service.TestSecurityService" time="0.0"/>
  <testcase name="shouldGenerateKey" classname="com.tim.one.service.TestSecurityService" time="0.001"/>
  <testcase name="shouldKnowTonenIsNotValidDueToNoSessionKey" classname="com.tim.one.service.TestSecurityService" time="0.001"/>
  <system-out><![CDATA[]]></system-out>
  <system-err><![CDATA[]]></system-err>
</testsuite>
