<?xml version="1.0" encoding="UTF-8"?>
<testsuite name="com.tim.one.service.TestBankService" tests="1" skipped="0" failures="0" errors="0" timestamp="2015-05-20T16:40:27" hostname="josdem-Inspiron-5420" time="0.003">
  <properties/>
  <testcase name="shouldGetAdministrativeAccounts" classname="com.tim.one.service.TestBankService" time="0.003"/>
  <system-out><![CDATA[]]></system-out>
  <system-err><![CDATA[]]></system-err>
</testsuite>
