<?xml version="1.0" encoding="UTF-8"?>
<testsuite name="com.tim.one.collaborator.TestDateFormatter" tests="2" skipped="0" failures="0" errors="0" timestamp="2015-05-20T16:40:14" hostname="josdem-Inspiron-5420" time="0.001">
  <properties/>
  <testcase name="shouldNotFormatString" classname="com.tim.one.collaborator.TestDateFormatter" time="0.0"/>
  <testcase name="shouldFormatString" classname="com.tim.one.collaborator.TestDateFormatter" time="0.001"/>
  <system-out><![CDATA[1733 [Test worker] INFO  com.tim.one.collaborator.DateFormatter  - date: 1372309200000
]]></system-out>
  <system-err><![CDATA[]]></system-err>
</testsuite>
