<?xml version="1.0" encoding="UTF-8"?>
<testsuite name="com.tim.one.service.TestTransactionService" tests="72" skipped="0" failures="0" errors="0" timestamp="2015-05-20T16:40:52" hostname="josdem-Inspiron-5420" time="0.337">
  <properties/>
  <testcase name="shouldGetTransactions" classname="com.tim.one.service.TestTransactionService" time="0.022"/>
  <testcase name="shouldSaveAdvanceProviderPartnership" classname="com.tim.one.service.TestTransactionService" time="0.004"/>
  <testcase name="shouldGetProviderPaymentTransactions" classname="com.tim.one.service.TestTransactionService" time="0.005"/>
  <testcase name="shouldNotSaveProducerPartnership" classname="com.tim.one.service.TestTransactionService" time="0.003"/>
  <testcase name="shouldNotSetMaxAmountToTransferDueToNotValidParameter" classname="com.tim.one.service.TestTransactionService" time="0.003"/>
  <testcase name="shouldGetRdfTransactions" classname="com.tim.one.service.TestTransactionService" time="0.003"/>
  <testcase name="shouldNotSaveReturnOfCapitalInjectionDueToNoProject" classname="com.tim.one.service.TestTransactionService" time="0.003"/>
  <testcase name="shouldNotSaveProducerPartnershipDueToProjectFinancialDataNotFund" classname="com.tim.one.service.TestTransactionService" time="0.004"/>
  <testcase name="shouldGetRedeemInProjectTransactions" classname="com.tim.one.service.TestTransactionService" time="0.004"/>
  <testcase name="shouldGetUserStatementCreditReturnFunds" classname="com.tim.one.service.TestTransactionService" time="0.005"/>
  <testcase name="shouldSaveReturnOfCapitalInjection" classname="com.tim.one.service.TestTransactionService" time="0.005"/>
  <testcase name="shouldGetProviderReturnOfCapitalTransactions" classname="com.tim.one.service.TestTransactionService" time="0.004"/>
  <testcase name="shouldSetMaxAmountToTransfer" classname="com.tim.one.service.TestTransactionService" time="0.003"/>
  <testcase name="shouldGetUserStatementCreditProviderReturnOfCapital" classname="com.tim.one.service.TestTransactionService" time="0.003"/>
  <testcase name="shouldNotSaveReturnOfCapitalInjectionDueToNonSufficientFunds" classname="com.tim.one.service.TestTransactionService" time="0.003"/>
  <testcase name="shouldGetLimitAmountsToTransfer" classname="com.tim.one.service.TestTransactionService" time="0.004"/>
  <testcase name="shouldGetProviderPartnershipTransactions" classname="com.tim.one.service.TestTransactionService" time="0.003"/>
  <testcase name="shouldGetUserStatementCredit" classname="com.tim.one.service.TestTransactionService" time="0.003"/>
  <testcase name="shouldNotSaveProducerFundingDueToNotProjectFound" classname="com.tim.one.service.TestTransactionService" time="0.003"/>
  <testcase name="shouldGetUserTransaction" classname="com.tim.one.service.TestTransactionService" time="0.003"/>
  <testcase name="shouldGetUserStatementCreditByTrasfer" classname="com.tim.one.service.TestTransactionService" time="0.003"/>
  <testcase name="shouldGetTramaFeeTransactions" classname="com.tim.one.service.TestTransactionService" time="0.004"/>
  <testcase name="shouldSumAmount" classname="com.tim.one.service.TestTransactionService" time="0.003"/>
  <testcase name="shouldGetReturnTramaFeeProjectTransactions" classname="com.tim.one.service.TestTransactionService" time="0.004"/>
  <testcase name="shouldNotSaveReturnOfCapitalInjectionDueToNoUser" classname="com.tim.one.service.TestTransactionService" time="0.003"/>
  <testcase name="shouldGetFundingProjectTransactions" classname="com.tim.one.service.TestTransactionService" time="0.004"/>
  <testcase name="shouldGetProviderDebitTransactions" classname="com.tim.one.service.TestTransactionService" time="0.003"/>
  <testcase name="shouldGetUserStatementCreditByRDF" classname="com.tim.one.service.TestTransactionService" time="0.002"/>
  <testcase name="shouldGetUserStatementCreditByRDI" classname="com.tim.one.service.TestTransactionService" time="0.003"/>
  <testcase name="shouldGetInvestmentProjectTransactions" classname="com.tim.one.service.TestTransactionService" time="0.004"/>
  <testcase name="shouldNotTransferFundsDueToExceedMaxTransfer" classname="com.tim.one.service.TestTransactionService" time="0.007"/>
  <testcase name="shouldNotTransferFundsDueToNoMaxTransfer" classname="com.tim.one.service.TestTransactionService" time="0.005"/>
  <testcase name="shouldSaveProducerPartnership" classname="com.tim.one.service.TestTransactionService" time="0.006"/>
  <testcase name="shouldGetProducerPartnershipProjectTransactions" classname="com.tim.one.service.TestTransactionService" time="0.005"/>
  <testcase name="shouldGetProviderCreditTransactions" classname="com.tim.one.service.TestTransactionService" time="0.005"/>
  <testcase name="shouldConsumeUnitsAsFunding" classname="com.tim.one.service.TestTransactionService" time="0.006"/>
  <testcase name="shouldGetUserStatementCreditProducerPayment" classname="com.tim.one.service.TestTransactionService" time="0.005"/>
  <testcase name="shouldGetBulkTransactions" classname="com.tim.one.service.TestTransactionService" time="0.005"/>
  <testcase name="shouldGetProducerPaymentProjectTransactions" classname="com.tim.one.service.TestTransactionService" time="0.005"/>
  <testcase name="shouldDeleteLimitAmountToTransfer" classname="com.tim.one.service.TestTransactionService" time="0.004"/>
  <testcase name="shouldGetUnitTransactions" classname="com.tim.one.service.TestTransactionService" time="0.004"/>
  <testcase name="shouldSubstractAmount" classname="com.tim.one.service.TestTransactionService" time="0.004"/>
  <testcase name="shouldGetRedeemOutProjectTransactions" classname="com.tim.one.service.TestTransactionService" time="0.005"/>
  <testcase name="shouldNotGetProviderTransactions" classname="com.tim.one.service.TestTransactionService" time="0.004"/>
  <testcase name="shouldNotSaveProducerFundingDueToNonSufficientFunds" classname="com.tim.one.service.TestTransactionService" time="0.004"/>
  <testcase name="shouldGetTransferFromTramaTransactions" classname="com.tim.one.service.TestTransactionService" time="0.005"/>
  <testcase name="shouldNotConsumeUnitsAsFundingDueToNoProjectExist" classname="com.tim.one.service.TestTransactionService" time="0.004"/>
  <testcase name="shouldTransferFunds" classname="com.tim.one.service.TestTransactionService" time="0.005"/>
  <testcase name="shouldGetFundedAmount" classname="com.tim.one.service.TestTransactionService" time="0.005"/>
  <testcase name="shouldNotSetMaxAmountToTransferDueToNoUser" classname="com.tim.one.service.TestTransactionService" time="0.005"/>
  <testcase name="shouldSaveProducerFunding" classname="com.tim.one.service.TestTransactionService" time="0.005"/>
  <testcase name="shouldNotGetTransactions" classname="com.tim.one.service.TestTransactionService" time="0.008"/>
  <testcase name="shouldNotTransferFundsDueToNotValidParamterEqualsValue" classname="com.tim.one.service.TestTransactionService" time="0.004"/>
  <testcase name="shouldGetProducerFundingProjectTransactions" classname="com.tim.one.service.TestTransactionService" time="0.005"/>
  <testcase name="shouldNotSetMaxAmountToTransferDueToNoTagetUser" classname="com.tim.one.service.TestTransactionService" time="0.004"/>
  <testcase name="shouldNotTransferFundsDueToNoReceiver" classname="com.tim.one.service.TestTransactionService" time="0.004"/>
  <testcase name="shouldNotDeleteLimitAmountToTransfer" classname="com.tim.one.service.TestTransactionService" time="0.004"/>
  <testcase name="shouldNotSaveProducerPartnershipDueToProjectNotFund" classname="com.tim.one.service.TestTransactionService" time="0.004"/>
  <testcase name="shouldNotSaveProducerFundingDueToNotProjectFinancialDataFound" classname="com.tim.one.service.TestTransactionService" time="0.004"/>
  <testcase name="shouldNotSetMaxAmountToTransferDueToNotValidAmount" classname="com.tim.one.service.TestTransactionService" time="0.005"/>
  <testcase name="shouldGetUserStatementCreditByTrasferFromTRama" classname="com.tim.one.service.TestTransactionService" time="0.004"/>
  <testcase name="shouldNotTransferFundsDueToNotValidParamter" classname="com.tim.one.service.TestTransactionService" time="0.005"/>
  <testcase name="shouldNotTransferFundsDueToNotInsufficientFunds" classname="com.tim.one.service.TestTransactionService" time="0.004"/>
  <testcase name="shouldGetBoxOfficeSalesFromTramaTransactions" classname="com.tim.one.service.TestTransactionService" time="0.005"/>
  <testcase name="shouldGetRdiTransactions" classname="com.tim.one.service.TestTransactionService" time="0.004"/>
  <testcase name="shouldNotSaveProducerFundingDueToNotUserFound" classname="com.tim.one.service.TestTransactionService" time="0.003"/>
  <testcase name="shouldNotTransferFundsDueToNoEmisor" classname="com.tim.one.service.TestTransactionService" time="0.005"/>
  <testcase name="shouldGetReturnFundsProjectTransactions" classname="com.tim.one.service.TestTransactionService" time="0.005"/>
  <testcase name="shouldSaveSettlementProviderPartnership" classname="com.tim.one.service.TestTransactionService" time="0.005"/>
  <testcase name="shouldNotTransferFundsDueToNoMaxTransferIsNull" classname="com.tim.one.service.TestTransactionService" time="0.004"/>
  <testcase name="shouldConsumeUnitsAsInvestment" classname="com.tim.one.service.TestTransactionService" time="0.005"/>
  <testcase name="shouldSaveProviderPartnership" classname="com.tim.one.service.TestTransactionService" time="0.003"/>
  <system-out><![CDATA[transferUserLimit: null
40038 [Test worker] INFO  com.tim.one.service.impl.TransactionServiceImpl  - GETTING transaction from unit: 0
]]></system-out>
  <system-err><![CDATA[]]></system-err>
</testsuite>
