<?xml version="1.0" encoding="UTF-8"?>
<testsuite name="com.tim.one.service.TestCategoryService" tests="3" skipped="0" failures="0" errors="0" timestamp="2015-05-20T16:40:52" hostname="josdem-Inspiron-5420" time="0.002">
  <properties/>
  <testcase name="shoulListSubCategories" classname="com.tim.one.service.TestCategoryService" time="0.001"/>
  <testcase name="shoulListAllSubCategories" classname="com.tim.one.service.TestCategoryService" time="0.0"/>
  <testcase name="shoulListCategories" classname="com.tim.one.service.TestCategoryService" time="0.001"/>
  <system-out><![CDATA[]]></system-out>
  <system-err><![CDATA[]]></system-err>
</testsuite>
