<?xml version="1.0" encoding="UTF-8"?>
<testsuite name="com.tim.one.service.TestAccountService" tests="9" skipped="0" failures="0" errors="0" timestamp="2015-05-20T16:40:27" hostname="josdem-Inspiron-5420" time="0.046">
  <properties/>
  <testcase name="shouldNotTransferFundsFromTramaDueToNoValidAccount" classname="com.tim.one.service.TestAccountService" time="0.014"/>
  <testcase name="shouldGetProjectAccount" classname="com.tim.one.service.TestAccountService" time="0.004"/>
  <testcase name="shouldNotTransferFundsFromTramaToProjectDueToNoValidAccount" classname="com.tim.one.service.TestAccountService" time="0.004"/>
  <testcase name="shouldNotGetProjectAccount" classname="com.tim.one.service.TestAccountService" time="0.003"/>
  <testcase name="shouldTransferFundsFromTramaToProject" classname="com.tim.one.service.TestAccountService" time="0.005"/>
  <testcase name="shouldNotGetUserAccount" classname="com.tim.one.service.TestAccountService" time="0.004"/>
  <testcase name="shouldGetUserAccount" classname="com.tim.one.service.TestAccountService" time="0.004"/>
  <testcase name="shouldTransferFundsFromTramaToUser" classname="com.tim.one.service.TestAccountService" time="0.004"/>
  <testcase name="shouldNotTransferFundsFromTramaDueToNonSufficientFunds" classname="com.tim.one.service.TestAccountService" time="0.004"/>
  <system-out><![CDATA[]]></system-out>
  <system-err><![CDATA[]]></system-err>
</testsuite>
