<?xml version="1.0" encoding="UTF-8"?>
<testsuite name="com.tim.one.collaborator.TestCalcSheetStorerService" tests="3" skipped="0" failures="0" errors="0" timestamp="2015-05-20T16:40:13" hostname="josdem-Inspiron-5420" time="0.028">
  <properties/>
  <testcase name="shouldNotSaveSheet" classname="com.tim.one.collaborator.TestCalcSheetStorerService" time="0.022"/>
  <testcase name="shouldSaveSheet" classname="com.tim.one.collaborator.TestCalcSheetStorerService" time="0.003"/>
  <testcase name="shouldNotSaveSheetIfNoFile" classname="com.tim.one.collaborator.TestCalcSheetStorerService" time="0.003"/>
  <system-out><![CDATA[817  [Test worker] INFO  com.tim.one.service.impl.CalcSheetStorerServiceImpl  - SAVING CALC SHEET TO PROJECT
818  [Test worker] INFO  com.tim.one.service.impl.CalcSheetStorerServiceImpl  - size: 0
820  [Test worker] INFO  com.tim.one.service.impl.CalcSheetStorerServiceImpl  - SAVING CALC SHEET TO PROJECT
821  [Test worker] INFO  com.tim.one.service.impl.CalcSheetStorerServiceImpl  - size: 1
823  [Test worker] INFO  com.tim.one.service.impl.CalcSheetStorerServiceImpl  - SAVING CALC SHEET TO PROJECT
]]></system-out>
  <system-err><![CDATA[]]></system-err>
</testsuite>
