<?xml version="1.0" encoding="UTF-8"?>
<testsuite name="com.tim.one.collaborator.TestMessagePackerCollaborator" tests="1" skipped="0" failures="0" errors="0" timestamp="2015-05-20T16:40:14" hostname="josdem-Inspiron-5420" time="0.002">
  <properties/>
  <testcase name="shouldGetAmount" classname="com.tim.one.collaborator.TestMessagePackerCollaborator" time="0.002"/>
  <system-out><![CDATA[]]></system-out>
  <system-err><![CDATA[]]></system-err>
</testsuite>
