<?xml version="1.0" encoding="UTF-8"?>
<testsuite name="com.tim.one.service.TestTransactionLogService" tests="6" skipped="0" failures="0" errors="0" timestamp="2015-05-20T16:40:14" hostname="josdem-Inspiron-5420" time="0.071">
  <properties/>
  <testcase name="shouldCreateStpLog" classname="com.tim.one.service.TestTransactionLogService" time="0.034"/>
  <testcase name="shouldCreateUnitLogAsFunding" classname="com.tim.one.service.TestTransactionLogService" time="0.006"/>
  <testcase name="shouldCreateUnitLog" classname="com.tim.one.service.TestTransactionLogService" time="0.007"/>
  <testcase name="shouldCreateUserLog" classname="com.tim.one.service.TestTransactionLogService" time="0.007"/>
  <testcase name="shouldCreateProjectLog" classname="com.tim.one.service.TestTransactionLogService" time="0.007"/>
  <testcase name="shouldCreateTramaLog" classname="com.tim.one.service.TestTransactionLogService" time="0.008"/>
  <system-out><![CDATA[2007 [Test worker] INFO  com.tim.one.service.impl.TransactionLogServiceImpl  - Transaction LOG. amount: 9500 type: INVESTMENT
]]></system-out>
  <system-err><![CDATA[]]></system-err>
</testsuite>
