<?xml version="1.0" encoding="UTF-8"?>
<testsuite name="com.tim.one.collaborator.TestUserAccountCollaborator" tests="2" skipped="0" failures="0" errors="0" timestamp="2015-05-20T16:40:14" hostname="josdem-Inspiron-5420" time="0.008">
  <properties/>
  <testcase name="shouldGetExistentUserAccount" classname="com.tim.one.collaborator.TestUserAccountCollaborator" time="0.007"/>
  <testcase name="shouldGetNewUserAccount" classname="com.tim.one.collaborator.TestUserAccountCollaborator" time="0.001"/>
  <system-out><![CDATA[]]></system-out>
  <system-err><![CDATA[]]></system-err>
</testsuite>
