<?xml version="1.0" encoding="UTF-8"?>
<testsuite name="com.tim.one.service.TestBreakevenService" tests="2" skipped="0" failures="0" errors="0" timestamp="2015-05-20T16:40:34" hostname="josdem-Inspiron-5420" time="0.012">
  <properties/>
  <testcase name="shouldNotGetCalculatedBreakeven" classname="com.tim.one.service.TestBreakevenService" time="0.01"/>
  <testcase name="shouldGetCalculatedBreakeven" classname="com.tim.one.service.TestBreakevenService" time="0.002"/>
  <system-out><![CDATA[]]></system-out>
  <system-err><![CDATA[]]></system-err>
</testsuite>
