<?xml version="1.0" encoding="UTF-8"?>
<testsuite name="com.tim.one.service.TestStatusService" tests="1" skipped="0" failures="0" errors="0" timestamp="2015-05-20T16:40:52" hostname="josdem-Inspiron-5420" time="0.007">
  <properties/>
  <testcase name="shouldListProjectStatus" classname="com.tim.one.service.TestStatusService" time="0.007"/>
  <system-out><![CDATA[]]></system-out>
  <system-err><![CDATA[]]></system-err>
</testsuite>
