<?xml version="1.0" encoding="UTF-8"?>
<testsuite name="com.tim.one.validator.TestVariableCostsValidator" tests="14" skipped="0" failures="0" errors="0" timestamp="2015-05-20T16:40:13" hostname="josdem-Inspiron-5420" time="0.057">
  <properties/>
  <testcase name="shouldSaveVariableCostsWithOnlyIsep" classname="com.tim.one.validator.TestVariableCostsValidator" time="0.006"/>
  <testcase name="shouldNotSaveIfEmpty" classname="com.tim.one.validator.TestVariableCostsValidator" time="0.002"/>
  <testcase name="shouldNotSaveVariableCostsDueToHighSogem" classname="com.tim.one.validator.TestVariableCostsValidator" time="0.004"/>
  <testcase name="shouldNotSaveVariableCostsDueToLowSogem" classname="com.tim.one.validator.TestVariableCostsValidator" time="0.004"/>
  <testcase name="shouldNotSaveVariableCostsDueToHighIsep" classname="com.tim.one.validator.TestVariableCostsValidator" time="0.003"/>
  <testcase name="shouldNotSaveVariableCostsDueToHighRent" classname="com.tim.one.validator.TestVariableCostsValidator" time="0.002"/>
  <testcase name="shouldNotSaveVariableCostsDueToHighSacm" classname="com.tim.one.validator.TestVariableCostsValidator" time="0.004"/>
  <testcase name="shouldNotSaveVariableCostsDueToLowTicketService" classname="com.tim.one.validator.TestVariableCostsValidator" time="0.004"/>
  <testcase name="shouldNotSaveVariableCostsDueToLowIsep" classname="com.tim.one.validator.TestVariableCostsValidator" time="0.003"/>
  <testcase name="shouldNotSaveVariableCostsDueToLowRent" classname="com.tim.one.validator.TestVariableCostsValidator" time="0.003"/>
  <testcase name="shouldNotSaveVariableCostsDueToLowSacm" classname="com.tim.one.validator.TestVariableCostsValidator" time="0.003"/>
  <testcase name="shouldNotSaveVariableCostsDueToIsNotNumeric" classname="com.tim.one.validator.TestVariableCostsValidator" time="0.004"/>
  <testcase name="shouldNotSaveVariableCostsDueToHighTicketService" classname="com.tim.one.validator.TestVariableCostsValidator" time="0.004"/>
  <testcase name="shouldSaveVariableCosts" classname="com.tim.one.validator.TestVariableCostsValidator" time="0.003"/>
  <system-out><![CDATA[]]></system-out>
  <system-err><![CDATA[]]></system-err>
</testsuite>
