<?xml version="1.0" encoding="UTF-8"?>
<testsuite name="com.tim.one.service.ProjectTransactionServiceIntegrationSpec" tests="6" skipped="0" failures="0" errors="0" timestamp="2015-05-20T16:40:53" hostname="josdem-Inspiron-5420" time="0.702">
  <properties/>
  <testcase name="When we have a costs with 5% and 10% and a project budget 600, we expect that project has a CRE 615" classname="com.tim.one.service.ProjectTransactionServiceIntegrationSpec" time="0.124"/>
  <testcase name="When we have a costs with 12% and 16% and a project budget 10100, we expect that project has a CRE 10128" classname="com.tim.one.service.ProjectTransactionServiceIntegrationSpec" time="0.091"/>
  <testcase name="When we have a costs with 5% and 10% and units with quantities 1, 3, 5 and budget with 500, we expect that project has a TRI 0.6277777778" classname="com.tim.one.service.ProjectTransactionServiceIntegrationSpec" time="0.149"/>
  <testcase name="When we have a costs with 12% and 16% and units with quantities 2, 4, 6 and budget with 1000, we expect that project has a TRI 0.3866666667" classname="com.tim.one.service.ProjectTransactionServiceIntegrationSpec" time="0.116"/>
  <testcase name="When we have a costs with 5% and 10% and units with quantities 1, 3, 5 and budget with 500, we expect that project has a TRF 3.1388888890" classname="com.tim.one.service.ProjectTransactionServiceIntegrationSpec" time="0.116"/>
  <testcase name="When we have a costs with 12% and 16% and units with quantities 2, 4, 6 and budget with 1000, we expect that project has a TRF 1.1600000001" classname="com.tim.one.service.ProjectTransactionServiceIntegrationSpec" time="0.1"/>
  <system-out><![CDATA[40204 [Test worker] DEBUG org.springframework.test.annotation.ProfileValueUtils  - Retrieved @ProfileValueSourceConfiguration [null] for test class [com.tim.one.service.ProjectTransactionServiceIntegrationSpec]
40204 [Test worker] DEBUG org.springframework.test.annotation.ProfileValueUtils  - Retrieved ProfileValueSource type [class org.springframework.test.annotation.SystemProfileValueSource] for class [com.tim.one.service.ProjectTransactionServiceIntegrationSpec]
40204 [Test worker] DEBUG org.springframework.test.annotation.ProfileValueUtils  - Retrieved @ProfileValueSourceConfiguration [null] for test class [com.tim.one.service.ProjectTransactionServiceIntegrationSpec]
40204 [Test worker] DEBUG org.springframework.test.annotation.ProfileValueUtils  - Retrieved ProfileValueSource type [class org.springframework.test.annotation.SystemProfileValueSource] for class [com.tim.one.service.ProjectTransactionServiceIntegrationSpec]
40204 [Test worker] DEBUG org.springframework.test.annotation.ProfileValueUtils  - Retrieved @ProfileValueSourceConfiguration [null] for test class [com.tim.one.service.ProjectTransactionServiceIntegrationSpec]
40204 [Test worker] DEBUG org.springframework.test.annotation.ProfileValueUtils  - Retrieved ProfileValueSource type [class org.springframework.test.annotation.SystemProfileValueSource] for class [com.tim.one.service.ProjectTransactionServiceIntegrationSpec]
40204 [Test worker] DEBUG org.springframework.test.annotation.ProfileValueUtils  - Retrieved @ProfileValueSourceConfiguration [null] for test class [com.tim.one.service.ProjectTransactionServiceIntegrationSpec]
40205 [Test worker] DEBUG org.springframework.test.annotation.ProfileValueUtils  - Retrieved ProfileValueSource type [class org.springframework.test.annotation.SystemProfileValueSource] for class [com.tim.one.service.ProjectTransactionServiceIntegrationSpec]
40205 [Test worker] DEBUG org.springframework.test.context.support.AbstractDelegatingSmartContextLoader  - Delegating to GenericXmlContextLoader to process context configuration [ContextConfigurationAttributes@b318fc5 declaringClass = 'com.tim.one.service.ProjectTransactionServiceIntegrationSpec', classes = '{}', locations = '{classpath:/services-appctx.xml, classpath:/persistence-appctx.xml, classpath:/jms-appctx.xml, classpath:/mail-context.xml, classpath:/transaction-appctx.xml, classpath:/formatter-appctx.xml, classpath:/stp-appctx.xml, classpath:/aop-appctx.xml, classpath:/properties-appctx.xml}', inheritLocations = true, initializers = '{}', inheritInitializers = true, name = [null], contextLoaderClass = 'org.springframework.test.context.ContextLoader'].
40205 [Test worker] DEBUG org.springframework.test.context.ContextLoaderUtils  - Could not find an 'annotation declaring class' for annotation type [org.springframework.test.context.ActiveProfiles] and class [com.tim.one.service.ProjectTransactionServiceIntegrationSpec]
40205 [Test worker] DEBUG org.springframework.test.context.TestContextManager  - @TestExecutionListeners is not present for class [com.tim.one.service.ProjectTransactionServiceIntegrationSpec]: using defaults.
40212 [Test worker] DEBUG org.springframework.test.context.support.DependencyInjectionTestExecutionListener  - Performing dependency injection for test context [[DefaultTestContext@5cf06362 testClass = ProjectTransactionServiceIntegrationSpec, testInstance = com.tim.one.service.ProjectTransactionServiceIntegrationSpec@2a0ce699, testMethod = [null], testException = [null], mergedContextConfiguration = [MergedContextConfiguration@34f75c60 testClass = ProjectTransactionServiceIntegrationSpec, locations = '{classpath:/services-appctx.xml, classpath:/persistence-appctx.xml, classpath:/jms-appctx.xml, classpath:/mail-context.xml, classpath:/transaction-appctx.xml, classpath:/formatter-appctx.xml, classpath:/stp-appctx.xml, classpath:/aop-appctx.xml, classpath:/properties-appctx.xml}', classes = '{}', contextInitializerClasses = '[]', activeProfiles = '{}', contextLoader = 'org.springframework.test.context.support.DelegatingSmartContextLoader', parent = [null]]]].
40212 [Test worker] DEBUG org.springframework.test.context.CacheAwareContextLoaderDelegate  - Retrieved ApplicationContext from cache with key [[MergedContextConfiguration@34f75c60 testClass = ProjectTransactionServiceIntegrationSpec, locations = '{classpath:/services-appctx.xml, classpath:/persistence-appctx.xml, classpath:/jms-appctx.xml, classpath:/mail-context.xml, classpath:/transaction-appctx.xml, classpath:/formatter-appctx.xml, classpath:/stp-appctx.xml, classpath:/aop-appctx.xml, classpath:/properties-appctx.xml}', classes = '{}', contextInitializerClasses = '[]', activeProfiles = '{}', contextLoader = 'org.springframework.test.context.support.DelegatingSmartContextLoader', parent = [null]]].
40220 [Test worker] DEBUG org.springframework.aop.aspectj.annotation.AnnotationAwareAspectJAutoProxyCreator  - Creating implicit proxy for bean 'com.tim.one.service.ProjectTransactionServiceIntegrationSpec' with 0 common interceptors and 3 specific interceptors
40220 [Test worker] DEBUG org.springframework.aop.framework.JdkDynamicAopProxy  - Creating JDK dynamic proxy: target source is SingletonTargetSource for target object [com.tim.one.service.ProjectTransactionServiceIntegrationSpec@2a0ce699]
40221 [Test worker] DEBUG org.springframework.transaction.annotation.AnnotationTransactionAttributeSource  - Adding transactional method 'ProjectTransactionServiceIntegrationSpec.$spock_feature_0_0' with attribute: PROPAGATION_REQUIRED,ISOLATION_DEFAULT; ''
40221 [Test worker] DEBUG org.springframework.test.context.transaction.TransactionalTestExecutionListener  - Explicit transaction definition [PROPAGATION_REQUIRED,ISOLATION_DEFAULT; ''] found for test context [DefaultTestContext@5cf06362 testClass = ProjectTransactionServiceIntegrationSpec, testInstance = com.tim.one.service.ProjectTransactionServiceIntegrationSpec@2a0ce699, testMethod = $spock_feature_0_0@ProjectTransactionServiceIntegrationSpec, testException = [null], mergedContextConfiguration = [MergedContextConfiguration@34f75c60 testClass = ProjectTransactionServiceIntegrationSpec, locations = '{classpath:/services-appctx.xml, classpath:/persistence-appctx.xml, classpath:/jms-appctx.xml, classpath:/mail-context.xml, classpath:/transaction-appctx.xml, classpath:/formatter-appctx.xml, classpath:/stp-appctx.xml, classpath:/aop-appctx.xml, classpath:/properties-appctx.xml}', classes = '{}', contextInitializerClasses = '[]', activeProfiles = '{}', contextLoader = 'org.springframework.test.context.support.DelegatingSmartContextLoader', parent = [null]]]
40221 [Test worker] DEBUG org.springframework.test.context.CacheAwareContextLoaderDelegate  - Retrieved ApplicationContext from cache with key [[MergedContextConfiguration@34f75c60 testClass = ProjectTransactionServiceIntegrationSpec, locations = '{classpath:/services-appctx.xml, classpath:/persistence-appctx.xml, classpath:/jms-appctx.xml, classpath:/mail-context.xml, classpath:/transaction-appctx.xml, classpath:/formatter-appctx.xml, classpath:/stp-appctx.xml, classpath:/aop-appctx.xml, classpath:/properties-appctx.xml}', classes = '{}', contextInitializerClasses = '[]', activeProfiles = '{}', contextLoader = 'org.springframework.test.context.support.DelegatingSmartContextLoader', parent = [null]]].
40221 [Test worker] DEBUG org.springframework.test.context.transaction.TransactionalTestExecutionListener  - Retrieved @TransactionConfiguration attributes [null] for test class [class com.tim.one.service.ProjectTransactionServiceIntegrationSpec].
40221 [Test worker] DEBUG org.springframework.test.context.transaction.TransactionalTestExecutionListener  - Retrieved TransactionConfigurationAttributes [TransactionConfigurationAttributes@5bd1bdca transactionManagerName = 'transactionManager', defaultRollback = true] for class [class com.tim.one.service.ProjectTransactionServiceIntegrationSpec].
40222 [Test worker] DEBUG org.springframework.orm.jpa.JpaTransactionManager  - Creating new transaction with name [$spock_feature_0_0]: PROPAGATION_REQUIRED,ISOLATION_DEFAULT; ''
40222 [Test worker] DEBUG org.springframework.orm.jpa.JpaTransactionManager  - Opened new EntityManager [org.hibernate.jpa.internal.EntityManagerImpl@270347de] for JPA transaction
40222 [Test worker] DEBUG org.springframework.orm.jpa.JpaTransactionManager  - Exposing JPA transaction as JDBC transaction [org.springframework.orm.jpa.vendor.HibernateJpaDialect$HibernateConnectionHandle@7114a86c]
40222 [Test worker] DEBUG org.springframework.test.context.transaction.TransactionalTestExecutionListener  - No method-level @Rollback override: using default rollback [true] for test context [DefaultTestContext@5cf06362 testClass = ProjectTransactionServiceIntegrationSpec, testInstance = com.tim.one.service.ProjectTransactionServiceIntegrationSpec@2a0ce699, testMethod = $spock_feature_0_0@ProjectTransactionServiceIntegrationSpec, testException = [null], mergedContextConfiguration = [MergedContextConfiguration@34f75c60 testClass = ProjectTransactionServiceIntegrationSpec, locations = '{classpath:/services-appctx.xml, classpath:/persistence-appctx.xml, classpath:/jms-appctx.xml, classpath:/mail-context.xml, classpath:/transaction-appctx.xml, classpath:/formatter-appctx.xml, classpath:/stp-appctx.xml, classpath:/aop-appctx.xml, classpath:/properties-appctx.xml}', classes = '{}', contextInitializerClasses = '[]', activeProfiles = '{}', contextLoader = 'org.springframework.test.context.support.DelegatingSmartContextLoader', parent = [null]]].
40222 [Test worker] INFO  org.springframework.test.context.transaction.TransactionalTestExecutionListener  - Began transaction (1) for test context [DefaultTestContext@5cf06362 testClass = ProjectTransactionServiceIntegrationSpec, testInstance = com.tim.one.service.ProjectTransactionServiceIntegrationSpec@2a0ce699, testMethod = $spock_feature_0_0@ProjectTransactionServiceIntegrationSpec, testException = [null], mergedContextConfiguration = [MergedContextConfiguration@34f75c60 testClass = ProjectTransactionServiceIntegrationSpec, locations = '{classpath:/services-appctx.xml, classpath:/persistence-appctx.xml, classpath:/jms-appctx.xml, classpath:/mail-context.xml, classpath:/transaction-appctx.xml, classpath:/formatter-appctx.xml, classpath:/stp-appctx.xml, classpath:/aop-appctx.xml, classpath:/properties-appctx.xml}', classes = '{}', contextInitializerClasses = '[]', activeProfiles = '{}', contextLoader = 'org.springframework.test.context.support.DelegatingSmartContextLoader', parent = [null]]]; transaction manager [org.springframework.orm.jpa.JpaTransactionManager@12db244c]; rollback [true]
40225 [Test worker] DEBUG org.springframework.orm.jpa.JpaTransactionManager  - Found thread-bound EntityManager [org.hibernate.jpa.internal.EntityManagerImpl@270347de] for JPA transaction
40225 [Test worker] DEBUG org.springframework.orm.jpa.JpaTransactionManager  - Participating in existing transaction
40231 [Test worker] DEBUG org.springframework.orm.jpa.JpaTransactionManager  - Found thread-bound EntityManager [org.hibernate.jpa.internal.EntityManagerImpl@270347de] for JPA transaction
40231 [Test worker] DEBUG org.springframework.orm.jpa.JpaTransactionManager  - Participating in existing transaction
40231 [Test worker] DEBUG org.springframework.orm.jpa.JpaTransactionManager  - Found thread-bound EntityManager [org.hibernate.jpa.internal.EntityManagerImpl@270347de] for JPA transaction
40231 [Test worker] DEBUG org.springframework.orm.jpa.JpaTransactionManager  - Participating in existing transaction
40231 [Test worker] DEBUG org.springframework.orm.jpa.JpaTransactionManager  - Found thread-bound EntityManager [org.hibernate.jpa.internal.EntityManagerImpl@270347de] for JPA transaction
40231 [Test worker] DEBUG org.springframework.orm.jpa.JpaTransactionManager  - Participating in existing transaction
40232 [Test worker] DEBUG org.springframework.test.context.transaction.TransactionalTestExecutionListener  - No method-level @Rollback override: using default rollback [true] for test context [DefaultTestContext@5cf06362 testClass = ProjectTransactionServiceIntegrationSpec, testInstance = com.tim.one.service.ProjectTransactionServiceIntegrationSpec@2a0ce699, testMethod = $spock_feature_0_0@ProjectTransactionServiceIntegrationSpec, testException = [null], mergedContextConfiguration = [MergedContextConfiguration@34f75c60 testClass = ProjectTransactionServiceIntegrationSpec, locations = '{classpath:/services-appctx.xml, classpath:/persistence-appctx.xml, classpath:/jms-appctx.xml, classpath:/mail-context.xml, classpath:/transaction-appctx.xml, classpath:/formatter-appctx.xml, classpath:/stp-appctx.xml, classpath:/aop-appctx.xml, classpath:/properties-appctx.xml}', classes = '{}', contextInitializerClasses = '[]', activeProfiles = '{}', contextLoader = 'org.springframework.test.context.support.DelegatingSmartContextLoader', parent = [null]]].
40232 [Test worker] DEBUG org.springframework.orm.jpa.JpaTransactionManager  - Initiating transaction rollback
40232 [Test worker] DEBUG org.springframework.orm.jpa.JpaTransactionManager  - Rolling back JPA transaction on EntityManager [org.hibernate.jpa.internal.EntityManagerImpl@270347de]
40334 [Test worker] DEBUG org.springframework.orm.jpa.JpaTransactionManager  - Closing JPA EntityManager [org.hibernate.jpa.internal.EntityManagerImpl@270347de] after transaction
40334 [Test worker] DEBUG org.springframework.orm.jpa.EntityManagerFactoryUtils  - Closing JPA EntityManager
40334 [Test worker] INFO  org.hibernate.engine.internal.StatisticalLoggingSessionEventListener  - Session Metrics {
    248524 nanoseconds spent acquiring 1 JDBC connections;
    0 nanoseconds spent releasing 0 JDBC connections;
    168562 nanoseconds spent preparing 3 JDBC statements;
    993973 nanoseconds spent executing 3 JDBC statements;
    0 nanoseconds spent executing 0 JDBC batches;
    607298 nanoseconds spent performing 5 L2C puts;
    0 nanoseconds spent performing 0 L2C hits;
    0 nanoseconds spent performing 0 L2C misses;
    0 nanoseconds spent executing 0 flushes (flushing a total of 0 entities and 0 collections);
    0 nanoseconds spent executing 0 partial-flushes (flushing a total of 0 entities and 0 collections)
}
40335 [Test worker] INFO  org.springframework.test.context.transaction.TransactionalTestExecutionListener  - Rolled back transaction after test execution for test context [DefaultTestContext@5cf06362 testClass = ProjectTransactionServiceIntegrationSpec, testInstance = com.tim.one.service.ProjectTransactionServiceIntegrationSpec@2a0ce699, testMethod = $spock_feature_0_0@ProjectTransactionServiceIntegrationSpec, testException = [null], mergedContextConfiguration = [MergedContextConfiguration@34f75c60 testClass = ProjectTransactionServiceIntegrationSpec, locations = '{classpath:/services-appctx.xml, classpath:/persistence-appctx.xml, classpath:/jms-appctx.xml, classpath:/mail-context.xml, classpath:/transaction-appctx.xml, classpath:/formatter-appctx.xml, classpath:/stp-appctx.xml, classpath:/aop-appctx.xml, classpath:/properties-appctx.xml}', classes = '{}', contextInitializerClasses = '[]', activeProfiles = '{}', contextLoader = 'org.springframework.test.context.support.DelegatingSmartContextLoader', parent = [null]]]
40336 [Test worker] DEBUG org.springframework.test.context.support.DirtiesContextTestExecutionListener  - After test method: context [DefaultTestContext@5cf06362 testClass = ProjectTransactionServiceIntegrationSpec, testInstance = com.tim.one.service.ProjectTransactionServiceIntegrationSpec@2a0ce699, testMethod = $spock_feature_0_0@ProjectTransactionServiceIntegrationSpec, testException = [null], mergedContextConfiguration = [MergedContextConfiguration@34f75c60 testClass = ProjectTransactionServiceIntegrationSpec, locations = '{classpath:/services-appctx.xml, classpath:/persistence-appctx.xml, classpath:/jms-appctx.xml, classpath:/mail-context.xml, classpath:/transaction-appctx.xml, classpath:/formatter-appctx.xml, classpath:/stp-appctx.xml, classpath:/aop-appctx.xml, classpath:/properties-appctx.xml}', classes = '{}', contextInitializerClasses = '[]', activeProfiles = '{}', contextLoader = 'org.springframework.test.context.support.DelegatingSmartContextLoader', parent = [null]]], class dirties context [false], class mode [null], method dirties context [false].
40337 [Test worker] DEBUG org.springframework.test.context.support.DependencyInjectionTestExecutionListener  - Performing dependency injection for test context [[DefaultTestContext@5cf06362 testClass = ProjectTransactionServiceIntegrationSpec, testInstance = com.tim.one.service.ProjectTransactionServiceIntegrationSpec@760313bd, testMethod = [null], testException = [null], mergedContextConfiguration = [MergedContextConfiguration@34f75c60 testClass = ProjectTransactionServiceIntegrationSpec, locations = '{classpath:/services-appctx.xml, classpath:/persistence-appctx.xml, classpath:/jms-appctx.xml, classpath:/mail-context.xml, classpath:/transaction-appctx.xml, classpath:/formatter-appctx.xml, classpath:/stp-appctx.xml, classpath:/aop-appctx.xml, classpath:/properties-appctx.xml}', classes = '{}', contextInitializerClasses = '[]', activeProfiles = '{}', contextLoader = 'org.springframework.test.context.support.DelegatingSmartContextLoader', parent = [null]]]].
40337 [Test worker] DEBUG org.springframework.test.context.CacheAwareContextLoaderDelegate  - Retrieved ApplicationContext from cache with key [[MergedContextConfiguration@34f75c60 testClass = ProjectTransactionServiceIntegrationSpec, locations = '{classpath:/services-appctx.xml, classpath:/persistence-appctx.xml, classpath:/jms-appctx.xml, classpath:/mail-context.xml, classpath:/transaction-appctx.xml, classpath:/formatter-appctx.xml, classpath:/stp-appctx.xml, classpath:/aop-appctx.xml, classpath:/properties-appctx.xml}', classes = '{}', contextInitializerClasses = '[]', activeProfiles = '{}', contextLoader = 'org.springframework.test.context.support.DelegatingSmartContextLoader', parent = [null]]].
40337 [Test worker] DEBUG org.springframework.aop.aspectj.annotation.AnnotationAwareAspectJAutoProxyCreator  - Creating implicit proxy for bean 'com.tim.one.service.ProjectTransactionServiceIntegrationSpec' with 0 common interceptors and 3 specific interceptors
40337 [Test worker] DEBUG org.springframework.aop.framework.JdkDynamicAopProxy  - Creating JDK dynamic proxy: target source is SingletonTargetSource for target object [com.tim.one.service.ProjectTransactionServiceIntegrationSpec@760313bd]
40337 [Test worker] DEBUG org.springframework.test.context.transaction.TransactionalTestExecutionListener  - Explicit transaction definition [PROPAGATION_REQUIRED,ISOLATION_DEFAULT; ''] found for test context [DefaultTestContext@5cf06362 testClass = ProjectTransactionServiceIntegrationSpec, testInstance = com.tim.one.service.ProjectTransactionServiceIntegrationSpec@760313bd, testMethod = $spock_feature_0_0@ProjectTransactionServiceIntegrationSpec, testException = [null], mergedContextConfiguration = [MergedContextConfiguration@34f75c60 testClass = ProjectTransactionServiceIntegrationSpec, locations = '{classpath:/services-appctx.xml, classpath:/persistence-appctx.xml, classpath:/jms-appctx.xml, classpath:/mail-context.xml, classpath:/transaction-appctx.xml, classpath:/formatter-appctx.xml, classpath:/stp-appctx.xml, classpath:/aop-appctx.xml, classpath:/properties-appctx.xml}', classes = '{}', contextInitializerClasses = '[]', activeProfiles = '{}', contextLoader = 'org.springframework.test.context.support.DelegatingSmartContextLoader', parent = [null]]]
40337 [Test worker] DEBUG org.springframework.test.context.CacheAwareContextLoaderDelegate  - Retrieved ApplicationContext from cache with key [[MergedContextConfiguration@34f75c60 testClass = ProjectTransactionServiceIntegrationSpec, locations = '{classpath:/services-appctx.xml, classpath:/persistence-appctx.xml, classpath:/jms-appctx.xml, classpath:/mail-context.xml, classpath:/transaction-appctx.xml, classpath:/formatter-appctx.xml, classpath:/stp-appctx.xml, classpath:/aop-appctx.xml, classpath:/properties-appctx.xml}', classes = '{}', contextInitializerClasses = '[]', activeProfiles = '{}', contextLoader = 'org.springframework.test.context.support.DelegatingSmartContextLoader', parent = [null]]].
40338 [Test worker] DEBUG org.springframework.orm.jpa.JpaTransactionManager  - Creating new transaction with name [$spock_feature_0_0]: PROPAGATION_REQUIRED,ISOLATION_DEFAULT; ''
40338 [Test worker] DEBUG org.springframework.orm.jpa.JpaTransactionManager  - Opened new EntityManager [org.hibernate.jpa.internal.EntityManagerImpl@440519d2] for JPA transaction
40339 [Test worker] DEBUG org.springframework.orm.jpa.JpaTransactionManager  - Exposing JPA transaction as JDBC transaction [org.springframework.orm.jpa.vendor.HibernateJpaDialect$HibernateConnectionHandle@6f255dc5]
40339 [Test worker] DEBUG org.springframework.test.context.transaction.TransactionalTestExecutionListener  - No method-level @Rollback override: using default rollback [true] for test context [DefaultTestContext@5cf06362 testClass = ProjectTransactionServiceIntegrationSpec, testInstance = com.tim.one.service.ProjectTransactionServiceIntegrationSpec@760313bd, testMethod = $spock_feature_0_0@ProjectTransactionServiceIntegrationSpec, testException = [null], mergedContextConfiguration = [MergedContextConfiguration@34f75c60 testClass = ProjectTransactionServiceIntegrationSpec, locations = '{classpath:/services-appctx.xml, classpath:/persistence-appctx.xml, classpath:/jms-appctx.xml, classpath:/mail-context.xml, classpath:/transaction-appctx.xml, classpath:/formatter-appctx.xml, classpath:/stp-appctx.xml, classpath:/aop-appctx.xml, classpath:/properties-appctx.xml}', classes = '{}', contextInitializerClasses = '[]', activeProfiles = '{}', contextLoader = 'org.springframework.test.context.support.DelegatingSmartContextLoader', parent = [null]]].
40340 [Test worker] INFO  org.springframework.test.context.transaction.TransactionalTestExecutionListener  - Began transaction (2) for test context [DefaultTestContext@5cf06362 testClass = ProjectTransactionServiceIntegrationSpec, testInstance = com.tim.one.service.ProjectTransactionServiceIntegrationSpec@760313bd, testMethod = $spock_feature_0_0@ProjectTransactionServiceIntegrationSpec, testException = [null], mergedContextConfiguration = [MergedContextConfiguration@34f75c60 testClass = ProjectTransactionServiceIntegrationSpec, locations = '{classpath:/services-appctx.xml, classpath:/persistence-appctx.xml, classpath:/jms-appctx.xml, classpath:/mail-context.xml, classpath:/transaction-appctx.xml, classpath:/formatter-appctx.xml, classpath:/stp-appctx.xml, classpath:/aop-appctx.xml, classpath:/properties-appctx.xml}', classes = '{}', contextInitializerClasses = '[]', activeProfiles = '{}', contextLoader = 'org.springframework.test.context.support.DelegatingSmartContextLoader', parent = [null]]]; transaction manager [org.springframework.orm.jpa.JpaTransactionManager@12db244c]; rollback [true]
40340 [Test worker] DEBUG org.springframework.orm.jpa.JpaTransactionManager  - Found thread-bound EntityManager [org.hibernate.jpa.internal.EntityManagerImpl@440519d2] for JPA transaction
40340 [Test worker] DEBUG org.springframework.orm.jpa.JpaTransactionManager  - Participating in existing transaction
40344 [Test worker] DEBUG org.springframework.orm.jpa.JpaTransactionManager  - Found thread-bound EntityManager [org.hibernate.jpa.internal.EntityManagerImpl@440519d2] for JPA transaction
40344 [Test worker] DEBUG org.springframework.orm.jpa.JpaTransactionManager  - Participating in existing transaction
40345 [Test worker] DEBUG org.springframework.orm.jpa.JpaTransactionManager  - Found thread-bound EntityManager [org.hibernate.jpa.internal.EntityManagerImpl@440519d2] for JPA transaction
40345 [Test worker] DEBUG org.springframework.orm.jpa.JpaTransactionManager  - Participating in existing transaction
40345 [Test worker] DEBUG org.springframework.orm.jpa.JpaTransactionManager  - Found thread-bound EntityManager [org.hibernate.jpa.internal.EntityManagerImpl@440519d2] for JPA transaction
40345 [Test worker] DEBUG org.springframework.orm.jpa.JpaTransactionManager  - Participating in existing transaction
40346 [Test worker] DEBUG org.springframework.test.context.transaction.TransactionalTestExecutionListener  - No method-level @Rollback override: using default rollback [true] for test context [DefaultTestContext@5cf06362 testClass = ProjectTransactionServiceIntegrationSpec, testInstance = com.tim.one.service.ProjectTransactionServiceIntegrationSpec@760313bd, testMethod = $spock_feature_0_0@ProjectTransactionServiceIntegrationSpec, testException = [null], mergedContextConfiguration = [MergedContextConfiguration@34f75c60 testClass = ProjectTransactionServiceIntegrationSpec, locations = '{classpath:/services-appctx.xml, classpath:/persistence-appctx.xml, classpath:/jms-appctx.xml, classpath:/mail-context.xml, classpath:/transaction-appctx.xml, classpath:/formatter-appctx.xml, classpath:/stp-appctx.xml, classpath:/aop-appctx.xml, classpath:/properties-appctx.xml}', classes = '{}', contextInitializerClasses = '[]', activeProfiles = '{}', contextLoader = 'org.springframework.test.context.support.DelegatingSmartContextLoader', parent = [null]]].
40346 [Test worker] DEBUG org.springframework.orm.jpa.JpaTransactionManager  - Initiating transaction rollback
40346 [Test worker] DEBUG org.springframework.orm.jpa.JpaTransactionManager  - Rolling back JPA transaction on EntityManager [org.hibernate.jpa.internal.EntityManagerImpl@440519d2]
40423 [Test worker] DEBUG org.springframework.orm.jpa.JpaTransactionManager  - Closing JPA EntityManager [org.hibernate.jpa.internal.EntityManagerImpl@440519d2] after transaction
40423 [Test worker] DEBUG org.springframework.orm.jpa.EntityManagerFactoryUtils  - Closing JPA EntityManager
40424 [Test worker] INFO  org.hibernate.engine.internal.StatisticalLoggingSessionEventListener  - Session Metrics {
    491538 nanoseconds spent acquiring 1 JDBC connections;
    0 nanoseconds spent releasing 0 JDBC connections;
    238619 nanoseconds spent preparing 3 JDBC statements;
    1081936 nanoseconds spent executing 3 JDBC statements;
    0 nanoseconds spent executing 0 JDBC batches;
    825188 nanoseconds spent performing 5 L2C puts;
    0 nanoseconds spent performing 0 L2C hits;
    0 nanoseconds spent performing 0 L2C misses;
    0 nanoseconds spent executing 0 flushes (flushing a total of 0 entities and 0 collections);
    0 nanoseconds spent executing 0 partial-flushes (flushing a total of 0 entities and 0 collections)
}
40424 [Test worker] INFO  org.springframework.test.context.transaction.TransactionalTestExecutionListener  - Rolled back transaction after test execution for test context [DefaultTestContext@5cf06362 testClass = ProjectTransactionServiceIntegrationSpec, testInstance = com.tim.one.service.ProjectTransactionServiceIntegrationSpec@760313bd, testMethod = $spock_feature_0_0@ProjectTransactionServiceIntegrationSpec, testException = [null], mergedContextConfiguration = [MergedContextConfiguration@34f75c60 testClass = ProjectTransactionServiceIntegrationSpec, locations = '{classpath:/services-appctx.xml, classpath:/persistence-appctx.xml, classpath:/jms-appctx.xml, classpath:/mail-context.xml, classpath:/transaction-appctx.xml, classpath:/formatter-appctx.xml, classpath:/stp-appctx.xml, classpath:/aop-appctx.xml, classpath:/properties-appctx.xml}', classes = '{}', contextInitializerClasses = '[]', activeProfiles = '{}', contextLoader = 'org.springframework.test.context.support.DelegatingSmartContextLoader', parent = [null]]]
40427 [Test worker] DEBUG org.springframework.test.context.support.DirtiesContextTestExecutionListener  - After test method: context [DefaultTestContext@5cf06362 testClass = ProjectTransactionServiceIntegrationSpec, testInstance = com.tim.one.service.ProjectTransactionServiceIntegrationSpec@760313bd, testMethod = $spock_feature_0_0@ProjectTransactionServiceIntegrationSpec, testException = [null], mergedContextConfiguration = [MergedContextConfiguration@34f75c60 testClass = ProjectTransactionServiceIntegrationSpec, locations = '{classpath:/services-appctx.xml, classpath:/persistence-appctx.xml, classpath:/jms-appctx.xml, classpath:/mail-context.xml, classpath:/transaction-appctx.xml, classpath:/formatter-appctx.xml, classpath:/stp-appctx.xml, classpath:/aop-appctx.xml, classpath:/properties-appctx.xml}', classes = '{}', contextInitializerClasses = '[]', activeProfiles = '{}', contextLoader = 'org.springframework.test.context.support.DelegatingSmartContextLoader', parent = [null]]], class dirties context [false], class mode [null], method dirties context [false].
40432 [Test worker] DEBUG org.springframework.test.context.support.DependencyInjectionTestExecutionListener  - Performing dependency injection for test context [[DefaultTestContext@5cf06362 testClass = ProjectTransactionServiceIntegrationSpec, testInstance = com.tim.one.service.ProjectTransactionServiceIntegrationSpec@7c5cbf44, testMethod = [null], testException = [null], mergedContextConfiguration = [MergedContextConfiguration@34f75c60 testClass = ProjectTransactionServiceIntegrationSpec, locations = '{classpath:/services-appctx.xml, classpath:/persistence-appctx.xml, classpath:/jms-appctx.xml, classpath:/mail-context.xml, classpath:/transaction-appctx.xml, classpath:/formatter-appctx.xml, classpath:/stp-appctx.xml, classpath:/aop-appctx.xml, classpath:/properties-appctx.xml}', classes = '{}', contextInitializerClasses = '[]', activeProfiles = '{}', contextLoader = 'org.springframework.test.context.support.DelegatingSmartContextLoader', parent = [null]]]].
40432 [Test worker] DEBUG org.springframework.test.context.CacheAwareContextLoaderDelegate  - Retrieved ApplicationContext from cache with key [[MergedContextConfiguration@34f75c60 testClass = ProjectTransactionServiceIntegrationSpec, locations = '{classpath:/services-appctx.xml, classpath:/persistence-appctx.xml, classpath:/jms-appctx.xml, classpath:/mail-context.xml, classpath:/transaction-appctx.xml, classpath:/formatter-appctx.xml, classpath:/stp-appctx.xml, classpath:/aop-appctx.xml, classpath:/properties-appctx.xml}', classes = '{}', contextInitializerClasses = '[]', activeProfiles = '{}', contextLoader = 'org.springframework.test.context.support.DelegatingSmartContextLoader', parent = [null]]].
40433 [Test worker] DEBUG org.springframework.aop.aspectj.annotation.AnnotationAwareAspectJAutoProxyCreator  - Creating implicit proxy for bean 'com.tim.one.service.ProjectTransactionServiceIntegrationSpec' with 0 common interceptors and 3 specific interceptors
40434 [Test worker] DEBUG org.springframework.aop.framework.JdkDynamicAopProxy  - Creating JDK dynamic proxy: target source is SingletonTargetSource for target object [com.tim.one.service.ProjectTransactionServiceIntegrationSpec@7c5cbf44]
40434 [Test worker] DEBUG org.springframework.transaction.annotation.AnnotationTransactionAttributeSource  - Adding transactional method 'ProjectTransactionServiceIntegrationSpec.$spock_feature_0_1' with attribute: PROPAGATION_REQUIRED,ISOLATION_DEFAULT; ''
40434 [Test worker] DEBUG org.springframework.test.context.transaction.TransactionalTestExecutionListener  - Explicit transaction definition [PROPAGATION_REQUIRED,ISOLATION_DEFAULT; ''] found for test context [DefaultTestContext@5cf06362 testClass = ProjectTransactionServiceIntegrationSpec, testInstance = com.tim.one.service.ProjectTransactionServiceIntegrationSpec@7c5cbf44, testMethod = $spock_feature_0_1@ProjectTransactionServiceIntegrationSpec, testException = [null], mergedContextConfiguration = [MergedContextConfiguration@34f75c60 testClass = ProjectTransactionServiceIntegrationSpec, locations = '{classpath:/services-appctx.xml, classpath:/persistence-appctx.xml, classpath:/jms-appctx.xml, classpath:/mail-context.xml, classpath:/transaction-appctx.xml, classpath:/formatter-appctx.xml, classpath:/stp-appctx.xml, classpath:/aop-appctx.xml, classpath:/properties-appctx.xml}', classes = '{}', contextInitializerClasses = '[]', activeProfiles = '{}', contextLoader = 'org.springframework.test.context.support.DelegatingSmartContextLoader', parent = [null]]]
40435 [Test worker] DEBUG org.springframework.test.context.CacheAwareContextLoaderDelegate  - Retrieved ApplicationContext from cache with key [[MergedContextConfiguration@34f75c60 testClass = ProjectTransactionServiceIntegrationSpec, locations = '{classpath:/services-appctx.xml, classpath:/persistence-appctx.xml, classpath:/jms-appctx.xml, classpath:/mail-context.xml, classpath:/transaction-appctx.xml, classpath:/formatter-appctx.xml, classpath:/stp-appctx.xml, classpath:/aop-appctx.xml, classpath:/properties-appctx.xml}', classes = '{}', contextInitializerClasses = '[]', activeProfiles = '{}', contextLoader = 'org.springframework.test.context.support.DelegatingSmartContextLoader', parent = [null]]].
40436 [Test worker] DEBUG org.springframework.orm.jpa.JpaTransactionManager  - Creating new transaction with name [$spock_feature_0_1]: PROPAGATION_REQUIRED,ISOLATION_DEFAULT; ''
40436 [Test worker] DEBUG org.springframework.orm.jpa.JpaTransactionManager  - Opened new EntityManager [org.hibernate.jpa.internal.EntityManagerImpl@2d114925] for JPA transaction
40437 [Test worker] DEBUG org.springframework.orm.jpa.JpaTransactionManager  - Exposing JPA transaction as JDBC transaction [org.springframework.orm.jpa.vendor.HibernateJpaDialect$HibernateConnectionHandle@52b3d4a0]
40437 [Test worker] DEBUG org.springframework.test.context.transaction.TransactionalTestExecutionListener  - No method-level @Rollback override: using default rollback [true] for test context [DefaultTestContext@5cf06362 testClass = ProjectTransactionServiceIntegrationSpec, testInstance = com.tim.one.service.ProjectTransactionServiceIntegrationSpec@7c5cbf44, testMethod = $spock_feature_0_1@ProjectTransactionServiceIntegrationSpec, testException = [null], mergedContextConfiguration = [MergedContextConfiguration@34f75c60 testClass = ProjectTransactionServiceIntegrationSpec, locations = '{classpath:/services-appctx.xml, classpath:/persistence-appctx.xml, classpath:/jms-appctx.xml, classpath:/mail-context.xml, classpath:/transaction-appctx.xml, classpath:/formatter-appctx.xml, classpath:/stp-appctx.xml, classpath:/aop-appctx.xml, classpath:/properties-appctx.xml}', classes = '{}', contextInitializerClasses = '[]', activeProfiles = '{}', contextLoader = 'org.springframework.test.context.support.DelegatingSmartContextLoader', parent = [null]]].
40437 [Test worker] INFO  org.springframework.test.context.transaction.TransactionalTestExecutionListener  - Began transaction (3) for test context [DefaultTestContext@5cf06362 testClass = ProjectTransactionServiceIntegrationSpec, testInstance = com.tim.one.service.ProjectTransactionServiceIntegrationSpec@7c5cbf44, testMethod = $spock_feature_0_1@ProjectTransactionServiceIntegrationSpec, testException = [null], mergedContextConfiguration = [MergedContextConfiguration@34f75c60 testClass = ProjectTransactionServiceIntegrationSpec, locations = '{classpath:/services-appctx.xml, classpath:/persistence-appctx.xml, classpath:/jms-appctx.xml, classpath:/mail-context.xml, classpath:/transaction-appctx.xml, classpath:/formatter-appctx.xml, classpath:/stp-appctx.xml, classpath:/aop-appctx.xml, classpath:/properties-appctx.xml}', classes = '{}', contextInitializerClasses = '[]', activeProfiles = '{}', contextLoader = 'org.springframework.test.context.support.DelegatingSmartContextLoader', parent = [null]]]; transaction manager [org.springframework.orm.jpa.JpaTransactionManager@12db244c]; rollback [true]
40438 [Test worker] DEBUG org.springframework.orm.jpa.JpaTransactionManager  - Found thread-bound EntityManager [org.hibernate.jpa.internal.EntityManagerImpl@2d114925] for JPA transaction
40438 [Test worker] DEBUG org.springframework.orm.jpa.JpaTransactionManager  - Participating in existing transaction
40448 [Test worker] DEBUG org.springframework.data.repository.core.support.TransactionalRepositoryProxyPostProcessor$CustomAnnotationTransactionAttributeSource  - Adding transactional method 'save' with attribute: PROPAGATION_REQUIRED,ISOLATION_DEFAULT; ''
40448 [Test worker] DEBUG org.springframework.orm.jpa.JpaTransactionManager  - Found thread-bound EntityManager [org.hibernate.jpa.internal.EntityManagerImpl@2d114925] for JPA transaction
40448 [Test worker] DEBUG org.springframework.orm.jpa.JpaTransactionManager  - Participating in existing transaction
40455 [Test worker] DEBUG org.springframework.orm.jpa.JpaTransactionManager  - Found thread-bound EntityManager [org.hibernate.jpa.internal.EntityManagerImpl@2d114925] for JPA transaction
40455 [Test worker] DEBUG org.springframework.orm.jpa.JpaTransactionManager  - Participating in existing transaction
40455 [Test worker] DEBUG org.springframework.orm.jpa.JpaTransactionManager  - Found thread-bound EntityManager [org.hibernate.jpa.internal.EntityManagerImpl@2d114925] for JPA transaction
40455 [Test worker] DEBUG org.springframework.orm.jpa.JpaTransactionManager  - Participating in existing transaction
40462 [Test worker] DEBUG org.springframework.data.repository.core.support.TransactionalRepositoryProxyPostProcessor$CustomAnnotationTransactionAttributeSource  - Adding transactional method 'findOne' with attribute: PROPAGATION_REQUIRED,ISOLATION_DEFAULT,readOnly; ''
40462 [Test worker] DEBUG org.springframework.orm.jpa.JpaTransactionManager  - Found thread-bound EntityManager [org.hibernate.jpa.internal.EntityManagerImpl@2d114925] for JPA transaction
40462 [Test worker] DEBUG org.springframework.orm.jpa.JpaTransactionManager  - Participating in existing transaction
40463 [Test worker] DEBUG org.springframework.orm.jpa.JpaTransactionManager  - Found thread-bound EntityManager [org.hibernate.jpa.internal.EntityManagerImpl@2d114925] for JPA transaction
40463 [Test worker] DEBUG org.springframework.orm.jpa.JpaTransactionManager  - Participating in existing transaction
40463 [Test worker] DEBUG org.springframework.orm.jpa.JpaTransactionManager  - Found thread-bound EntityManager [org.hibernate.jpa.internal.EntityManagerImpl@2d114925] for JPA transaction
40463 [Test worker] DEBUG org.springframework.orm.jpa.JpaTransactionManager  - Participating in existing transaction
40464 [Test worker] DEBUG org.springframework.data.repository.core.support.TransactionalRepositoryProxyPostProcessor$CustomAnnotationTransactionAttributeSource  - Adding transactional method 'delete' with attribute: PROPAGATION_REQUIRED,ISOLATION_DEFAULT; ''
40464 [Test worker] DEBUG org.springframework.orm.jpa.JpaTransactionManager  - Found thread-bound EntityManager [org.hibernate.jpa.internal.EntityManagerImpl@2d114925] for JPA transaction
40464 [Test worker] DEBUG org.springframework.orm.jpa.JpaTransactionManager  - Participating in existing transaction
40465 [Test worker] DEBUG org.springframework.orm.jpa.JpaTransactionManager  - Found thread-bound EntityManager [org.hibernate.jpa.internal.EntityManagerImpl@2d114925] for JPA transaction
40465 [Test worker] DEBUG org.springframework.orm.jpa.JpaTransactionManager  - Participating in existing transaction
40465 [Test worker] DEBUG org.springframework.test.context.transaction.TransactionalTestExecutionListener  - No method-level @Rollback override: using default rollback [true] for test context [DefaultTestContext@5cf06362 testClass = ProjectTransactionServiceIntegrationSpec, testInstance = com.tim.one.service.ProjectTransactionServiceIntegrationSpec@7c5cbf44, testMethod = $spock_feature_0_1@ProjectTransactionServiceIntegrationSpec, testException = [null], mergedContextConfiguration = [MergedContextConfiguration@34f75c60 testClass = ProjectTransactionServiceIntegrationSpec, locations = '{classpath:/services-appctx.xml, classpath:/persistence-appctx.xml, classpath:/jms-appctx.xml, classpath:/mail-context.xml, classpath:/transaction-appctx.xml, classpath:/formatter-appctx.xml, classpath:/stp-appctx.xml, classpath:/aop-appctx.xml, classpath:/properties-appctx.xml}', classes = '{}', contextInitializerClasses = '[]', activeProfiles = '{}', contextLoader = 'org.springframework.test.context.support.DelegatingSmartContextLoader', parent = [null]]].
40465 [Test worker] DEBUG org.springframework.orm.jpa.JpaTransactionManager  - Initiating transaction rollback
40465 [Test worker] DEBUG org.springframework.orm.jpa.JpaTransactionManager  - Rolling back JPA transaction on EntityManager [org.hibernate.jpa.internal.EntityManagerImpl@2d114925]
40579 [Test worker] DEBUG org.springframework.orm.jpa.JpaTransactionManager  - Closing JPA EntityManager [org.hibernate.jpa.internal.EntityManagerImpl@2d114925] after transaction
40579 [Test worker] DEBUG org.springframework.orm.jpa.EntityManagerFactoryUtils  - Closing JPA EntityManager
40580 [Test worker] INFO  org.hibernate.engine.internal.StatisticalLoggingSessionEventListener  - Session Metrics {
    298521 nanoseconds spent acquiring 1 JDBC connections;
    0 nanoseconds spent releasing 0 JDBC connections;
    686563 nanoseconds spent preparing 10 JDBC statements;
    3004980 nanoseconds spent executing 10 JDBC statements;
    0 nanoseconds spent executing 0 JDBC batches;
    3912556 nanoseconds spent performing 18 L2C puts;
    0 nanoseconds spent performing 0 L2C hits;
    0 nanoseconds spent performing 0 L2C misses;
    0 nanoseconds spent executing 0 flushes (flushing a total of 0 entities and 0 collections);
    1966153 nanoseconds spent executing 1 partial-flushes (flushing a total of 9 entities and 9 collections)
}
40580 [Test worker] INFO  org.springframework.test.context.transaction.TransactionalTestExecutionListener  - Rolled back transaction after test execution for test context [DefaultTestContext@5cf06362 testClass = ProjectTransactionServiceIntegrationSpec, testInstance = com.tim.one.service.ProjectTransactionServiceIntegrationSpec@7c5cbf44, testMethod = $spock_feature_0_1@ProjectTransactionServiceIntegrationSpec, testException = [null], mergedContextConfiguration = [MergedContextConfiguration@34f75c60 testClass = ProjectTransactionServiceIntegrationSpec, locations = '{classpath:/services-appctx.xml, classpath:/persistence-appctx.xml, classpath:/jms-appctx.xml, classpath:/mail-context.xml, classpath:/transaction-appctx.xml, classpath:/formatter-appctx.xml, classpath:/stp-appctx.xml, classpath:/aop-appctx.xml, classpath:/properties-appctx.xml}', classes = '{}', contextInitializerClasses = '[]', activeProfiles = '{}', contextLoader = 'org.springframework.test.context.support.DelegatingSmartContextLoader', parent = [null]]]
40581 [Test worker] DEBUG org.springframework.test.context.support.DirtiesContextTestExecutionListener  - After test method: context [DefaultTestContext@5cf06362 testClass = ProjectTransactionServiceIntegrationSpec, testInstance = com.tim.one.service.ProjectTransactionServiceIntegrationSpec@7c5cbf44, testMethod = $spock_feature_0_1@ProjectTransactionServiceIntegrationSpec, testException = [null], mergedContextConfiguration = [MergedContextConfiguration@34f75c60 testClass = ProjectTransactionServiceIntegrationSpec, locations = '{classpath:/services-appctx.xml, classpath:/persistence-appctx.xml, classpath:/jms-appctx.xml, classpath:/mail-context.xml, classpath:/transaction-appctx.xml, classpath:/formatter-appctx.xml, classpath:/stp-appctx.xml, classpath:/aop-appctx.xml, classpath:/properties-appctx.xml}', classes = '{}', contextInitializerClasses = '[]', activeProfiles = '{}', contextLoader = 'org.springframework.test.context.support.DelegatingSmartContextLoader', parent = [null]]], class dirties context [false], class mode [null], method dirties context [false].
40581 [Test worker] DEBUG org.springframework.test.context.support.DependencyInjectionTestExecutionListener  - Performing dependency injection for test context [[DefaultTestContext@5cf06362 testClass = ProjectTransactionServiceIntegrationSpec, testInstance = com.tim.one.service.ProjectTransactionServiceIntegrationSpec@b806942, testMethod = [null], testException = [null], mergedContextConfiguration = [MergedContextConfiguration@34f75c60 testClass = ProjectTransactionServiceIntegrationSpec, locations = '{classpath:/services-appctx.xml, classpath:/persistence-appctx.xml, classpath:/jms-appctx.xml, classpath:/mail-context.xml, classpath:/transaction-appctx.xml, classpath:/formatter-appctx.xml, classpath:/stp-appctx.xml, classpath:/aop-appctx.xml, classpath:/properties-appctx.xml}', classes = '{}', contextInitializerClasses = '[]', activeProfiles = '{}', contextLoader = 'org.springframework.test.context.support.DelegatingSmartContextLoader', parent = [null]]]].
40581 [Test worker] DEBUG org.springframework.test.context.CacheAwareContextLoaderDelegate  - Retrieved ApplicationContext from cache with key [[MergedContextConfiguration@34f75c60 testClass = ProjectTransactionServiceIntegrationSpec, locations = '{classpath:/services-appctx.xml, classpath:/persistence-appctx.xml, classpath:/jms-appctx.xml, classpath:/mail-context.xml, classpath:/transaction-appctx.xml, classpath:/formatter-appctx.xml, classpath:/stp-appctx.xml, classpath:/aop-appctx.xml, classpath:/properties-appctx.xml}', classes = '{}', contextInitializerClasses = '[]', activeProfiles = '{}', contextLoader = 'org.springframework.test.context.support.DelegatingSmartContextLoader', parent = [null]]].
40582 [Test worker] DEBUG org.springframework.aop.aspectj.annotation.AnnotationAwareAspectJAutoProxyCreator  - Creating implicit proxy for bean 'com.tim.one.service.ProjectTransactionServiceIntegrationSpec' with 0 common interceptors and 3 specific interceptors
40582 [Test worker] DEBUG org.springframework.aop.framework.JdkDynamicAopProxy  - Creating JDK dynamic proxy: target source is SingletonTargetSource for target object [com.tim.one.service.ProjectTransactionServiceIntegrationSpec@b806942]
40582 [Test worker] DEBUG org.springframework.test.context.transaction.TransactionalTestExecutionListener  - Explicit transaction definition [PROPAGATION_REQUIRED,ISOLATION_DEFAULT; ''] found for test context [DefaultTestContext@5cf06362 testClass = ProjectTransactionServiceIntegrationSpec, testInstance = com.tim.one.service.ProjectTransactionServiceIntegrationSpec@b806942, testMethod = $spock_feature_0_1@ProjectTransactionServiceIntegrationSpec, testException = [null], mergedContextConfiguration = [MergedContextConfiguration@34f75c60 testClass = ProjectTransactionServiceIntegrationSpec, locations = '{classpath:/services-appctx.xml, classpath:/persistence-appctx.xml, classpath:/jms-appctx.xml, classpath:/mail-context.xml, classpath:/transaction-appctx.xml, classpath:/formatter-appctx.xml, classpath:/stp-appctx.xml, classpath:/aop-appctx.xml, classpath:/properties-appctx.xml}', classes = '{}', contextInitializerClasses = '[]', activeProfiles = '{}', contextLoader = 'org.springframework.test.context.support.DelegatingSmartContextLoader', parent = [null]]]
40582 [Test worker] DEBUG org.springframework.test.context.CacheAwareContextLoaderDelegate  - Retrieved ApplicationContext from cache with key [[MergedContextConfiguration@34f75c60 testClass = ProjectTransactionServiceIntegrationSpec, locations = '{classpath:/services-appctx.xml, classpath:/persistence-appctx.xml, classpath:/jms-appctx.xml, classpath:/mail-context.xml, classpath:/transaction-appctx.xml, classpath:/formatter-appctx.xml, classpath:/stp-appctx.xml, classpath:/aop-appctx.xml, classpath:/properties-appctx.xml}', classes = '{}', contextInitializerClasses = '[]', activeProfiles = '{}', contextLoader = 'org.springframework.test.context.support.DelegatingSmartContextLoader', parent = [null]]].
40583 [Test worker] DEBUG org.springframework.orm.jpa.JpaTransactionManager  - Creating new transaction with name [$spock_feature_0_1]: PROPAGATION_REQUIRED,ISOLATION_DEFAULT; ''
40583 [Test worker] DEBUG org.springframework.orm.jpa.JpaTransactionManager  - Opened new EntityManager [org.hibernate.jpa.internal.EntityManagerImpl@1b7e71f4] for JPA transaction
40584 [Test worker] DEBUG org.springframework.orm.jpa.JpaTransactionManager  - Exposing JPA transaction as JDBC transaction [org.springframework.orm.jpa.vendor.HibernateJpaDialect$HibernateConnectionHandle@d706102]
40584 [Test worker] DEBUG org.springframework.test.context.transaction.TransactionalTestExecutionListener  - No method-level @Rollback override: using default rollback [true] for test context [DefaultTestContext@5cf06362 testClass = ProjectTransactionServiceIntegrationSpec, testInstance = com.tim.one.service.ProjectTransactionServiceIntegrationSpec@b806942, testMethod = $spock_feature_0_1@ProjectTransactionServiceIntegrationSpec, testException = [null], mergedContextConfiguration = [MergedContextConfiguration@34f75c60 testClass = ProjectTransactionServiceIntegrationSpec, locations = '{classpath:/services-appctx.xml, classpath:/persistence-appctx.xml, classpath:/jms-appctx.xml, classpath:/mail-context.xml, classpath:/transaction-appctx.xml, classpath:/formatter-appctx.xml, classpath:/stp-appctx.xml, classpath:/aop-appctx.xml, classpath:/properties-appctx.xml}', classes = '{}', contextInitializerClasses = '[]', activeProfiles = '{}', contextLoader = 'org.springframework.test.context.support.DelegatingSmartContextLoader', parent = [null]]].
40584 [Test worker] INFO  org.springframework.test.context.transaction.TransactionalTestExecutionListener  - Began transaction (4) for test context [DefaultTestContext@5cf06362 testClass = ProjectTransactionServiceIntegrationSpec, testInstance = com.tim.one.service.ProjectTransactionServiceIntegrationSpec@b806942, testMethod = $spock_feature_0_1@ProjectTransactionServiceIntegrationSpec, testException = [null], mergedContextConfiguration = [MergedContextConfiguration@34f75c60 testClass = ProjectTransactionServiceIntegrationSpec, locations = '{classpath:/services-appctx.xml, classpath:/persistence-appctx.xml, classpath:/jms-appctx.xml, classpath:/mail-context.xml, classpath:/transaction-appctx.xml, classpath:/formatter-appctx.xml, classpath:/stp-appctx.xml, classpath:/aop-appctx.xml, classpath:/properties-appctx.xml}', classes = '{}', contextInitializerClasses = '[]', activeProfiles = '{}', contextLoader = 'org.springframework.test.context.support.DelegatingSmartContextLoader', parent = [null]]]; transaction manager [org.springframework.orm.jpa.JpaTransactionManager@12db244c]; rollback [true]
40586 [Test worker] DEBUG org.springframework.orm.jpa.JpaTransactionManager  - Found thread-bound EntityManager [org.hibernate.jpa.internal.EntityManagerImpl@1b7e71f4] for JPA transaction
40586 [Test worker] DEBUG org.springframework.orm.jpa.JpaTransactionManager  - Participating in existing transaction
40595 [Test worker] DEBUG org.springframework.orm.jpa.JpaTransactionManager  - Found thread-bound EntityManager [org.hibernate.jpa.internal.EntityManagerImpl@1b7e71f4] for JPA transaction
40595 [Test worker] DEBUG org.springframework.orm.jpa.JpaTransactionManager  - Participating in existing transaction
40601 [Test worker] DEBUG org.springframework.orm.jpa.JpaTransactionManager  - Found thread-bound EntityManager [org.hibernate.jpa.internal.EntityManagerImpl@1b7e71f4] for JPA transaction
40601 [Test worker] DEBUG org.springframework.orm.jpa.JpaTransactionManager  - Participating in existing transaction
40601 [Test worker] DEBUG org.springframework.orm.jpa.JpaTransactionManager  - Found thread-bound EntityManager [org.hibernate.jpa.internal.EntityManagerImpl@1b7e71f4] for JPA transaction
40601 [Test worker] DEBUG org.springframework.orm.jpa.JpaTransactionManager  - Participating in existing transaction
40606 [Test worker] DEBUG org.springframework.orm.jpa.JpaTransactionManager  - Found thread-bound EntityManager [org.hibernate.jpa.internal.EntityManagerImpl@1b7e71f4] for JPA transaction
40606 [Test worker] DEBUG org.springframework.orm.jpa.JpaTransactionManager  - Participating in existing transaction
40606 [Test worker] DEBUG org.springframework.orm.jpa.JpaTransactionManager  - Found thread-bound EntityManager [org.hibernate.jpa.internal.EntityManagerImpl@1b7e71f4] for JPA transaction
40606 [Test worker] DEBUG org.springframework.orm.jpa.JpaTransactionManager  - Participating in existing transaction
40606 [Test worker] DEBUG org.springframework.orm.jpa.JpaTransactionManager  - Found thread-bound EntityManager [org.hibernate.jpa.internal.EntityManagerImpl@1b7e71f4] for JPA transaction
40606 [Test worker] DEBUG org.springframework.orm.jpa.JpaTransactionManager  - Participating in existing transaction
40608 [Test worker] DEBUG org.springframework.orm.jpa.JpaTransactionManager  - Found thread-bound EntityManager [org.hibernate.jpa.internal.EntityManagerImpl@1b7e71f4] for JPA transaction
40608 [Test worker] DEBUG org.springframework.orm.jpa.JpaTransactionManager  - Participating in existing transaction
40609 [Test worker] DEBUG org.springframework.orm.jpa.JpaTransactionManager  - Found thread-bound EntityManager [org.hibernate.jpa.internal.EntityManagerImpl@1b7e71f4] for JPA transaction
40609 [Test worker] DEBUG org.springframework.orm.jpa.JpaTransactionManager  - Participating in existing transaction
40610 [Test worker] DEBUG org.springframework.test.context.transaction.TransactionalTestExecutionListener  - No method-level @Rollback override: using default rollback [true] for test context [DefaultTestContext@5cf06362 testClass = ProjectTransactionServiceIntegrationSpec, testInstance = com.tim.one.service.ProjectTransactionServiceIntegrationSpec@b806942, testMethod = $spock_feature_0_1@ProjectTransactionServiceIntegrationSpec, testException = [null], mergedContextConfiguration = [MergedContextConfiguration@34f75c60 testClass = ProjectTransactionServiceIntegrationSpec, locations = '{classpath:/services-appctx.xml, classpath:/persistence-appctx.xml, classpath:/jms-appctx.xml, classpath:/mail-context.xml, classpath:/transaction-appctx.xml, classpath:/formatter-appctx.xml, classpath:/stp-appctx.xml, classpath:/aop-appctx.xml, classpath:/properties-appctx.xml}', classes = '{}', contextInitializerClasses = '[]', activeProfiles = '{}', contextLoader = 'org.springframework.test.context.support.DelegatingSmartContextLoader', parent = [null]]].
40610 [Test worker] DEBUG org.springframework.orm.jpa.JpaTransactionManager  - Initiating transaction rollback
40610 [Test worker] DEBUG org.springframework.orm.jpa.JpaTransactionManager  - Rolling back JPA transaction on EntityManager [org.hibernate.jpa.internal.EntityManagerImpl@1b7e71f4]
40692 [Test worker] DEBUG org.springframework.orm.jpa.JpaTransactionManager  - Closing JPA EntityManager [org.hibernate.jpa.internal.EntityManagerImpl@1b7e71f4] after transaction
40692 [Test worker] DEBUG org.springframework.orm.jpa.EntityManagerFactoryUtils  - Closing JPA EntityManager
40692 [Test worker] INFO  org.hibernate.engine.internal.StatisticalLoggingSessionEventListener  - Session Metrics {
    394205 nanoseconds spent acquiring 1 JDBC connections;
    0 nanoseconds spent releasing 0 JDBC connections;
    908679 nanoseconds spent preparing 10 JDBC statements;
    4805119 nanoseconds spent executing 10 JDBC statements;
    0 nanoseconds spent executing 0 JDBC batches;
    3484910 nanoseconds spent performing 18 L2C puts;
    0 nanoseconds spent performing 0 L2C hits;
    0 nanoseconds spent performing 0 L2C misses;
    0 nanoseconds spent executing 0 flushes (flushing a total of 0 entities and 0 collections);
    2282392 nanoseconds spent executing 1 partial-flushes (flushing a total of 9 entities and 9 collections)
}
40693 [Test worker] INFO  org.springframework.test.context.transaction.TransactionalTestExecutionListener  - Rolled back transaction after test execution for test context [DefaultTestContext@5cf06362 testClass = ProjectTransactionServiceIntegrationSpec, testInstance = com.tim.one.service.ProjectTransactionServiceIntegrationSpec@b806942, testMethod = $spock_feature_0_1@ProjectTransactionServiceIntegrationSpec, testException = [null], mergedContextConfiguration = [MergedContextConfiguration@34f75c60 testClass = ProjectTransactionServiceIntegrationSpec, locations = '{classpath:/services-appctx.xml, classpath:/persistence-appctx.xml, classpath:/jms-appctx.xml, classpath:/mail-context.xml, classpath:/transaction-appctx.xml, classpath:/formatter-appctx.xml, classpath:/stp-appctx.xml, classpath:/aop-appctx.xml, classpath:/properties-appctx.xml}', classes = '{}', contextInitializerClasses = '[]', activeProfiles = '{}', contextLoader = 'org.springframework.test.context.support.DelegatingSmartContextLoader', parent = [null]]]
40697 [Test worker] DEBUG org.springframework.test.context.support.DirtiesContextTestExecutionListener  - After test method: context [DefaultTestContext@5cf06362 testClass = ProjectTransactionServiceIntegrationSpec, testInstance = com.tim.one.service.ProjectTransactionServiceIntegrationSpec@b806942, testMethod = $spock_feature_0_1@ProjectTransactionServiceIntegrationSpec, testException = [null], mergedContextConfiguration = [MergedContextConfiguration@34f75c60 testClass = ProjectTransactionServiceIntegrationSpec, locations = '{classpath:/services-appctx.xml, classpath:/persistence-appctx.xml, classpath:/jms-appctx.xml, classpath:/mail-context.xml, classpath:/transaction-appctx.xml, classpath:/formatter-appctx.xml, classpath:/stp-appctx.xml, classpath:/aop-appctx.xml, classpath:/properties-appctx.xml}', classes = '{}', contextInitializerClasses = '[]', activeProfiles = '{}', contextLoader = 'org.springframework.test.context.support.DelegatingSmartContextLoader', parent = [null]]], class dirties context [false], class mode [null], method dirties context [false].
40698 [Test worker] DEBUG org.springframework.test.context.support.DependencyInjectionTestExecutionListener  - Performing dependency injection for test context [[DefaultTestContext@5cf06362 testClass = ProjectTransactionServiceIntegrationSpec, testInstance = com.tim.one.service.ProjectTransactionServiceIntegrationSpec@51874884, testMethod = [null], testException = [null], mergedContextConfiguration = [MergedContextConfiguration@34f75c60 testClass = ProjectTransactionServiceIntegrationSpec, locations = '{classpath:/services-appctx.xml, classpath:/persistence-appctx.xml, classpath:/jms-appctx.xml, classpath:/mail-context.xml, classpath:/transaction-appctx.xml, classpath:/formatter-appctx.xml, classpath:/stp-appctx.xml, classpath:/aop-appctx.xml, classpath:/properties-appctx.xml}', classes = '{}', contextInitializerClasses = '[]', activeProfiles = '{}', contextLoader = 'org.springframework.test.context.support.DelegatingSmartContextLoader', parent = [null]]]].
40698 [Test worker] DEBUG org.springframework.test.context.CacheAwareContextLoaderDelegate  - Retrieved ApplicationContext from cache with key [[MergedContextConfiguration@34f75c60 testClass = ProjectTransactionServiceIntegrationSpec, locations = '{classpath:/services-appctx.xml, classpath:/persistence-appctx.xml, classpath:/jms-appctx.xml, classpath:/mail-context.xml, classpath:/transaction-appctx.xml, classpath:/formatter-appctx.xml, classpath:/stp-appctx.xml, classpath:/aop-appctx.xml, classpath:/properties-appctx.xml}', classes = '{}', contextInitializerClasses = '[]', activeProfiles = '{}', contextLoader = 'org.springframework.test.context.support.DelegatingSmartContextLoader', parent = [null]]].
40699 [Test worker] DEBUG org.springframework.aop.aspectj.annotation.AnnotationAwareAspectJAutoProxyCreator  - Creating implicit proxy for bean 'com.tim.one.service.ProjectTransactionServiceIntegrationSpec' with 0 common interceptors and 3 specific interceptors
40699 [Test worker] DEBUG org.springframework.aop.framework.JdkDynamicAopProxy  - Creating JDK dynamic proxy: target source is SingletonTargetSource for target object [com.tim.one.service.ProjectTransactionServiceIntegrationSpec@51874884]
40700 [Test worker] DEBUG org.springframework.transaction.annotation.AnnotationTransactionAttributeSource  - Adding transactional method 'ProjectTransactionServiceIntegrationSpec.$spock_feature_0_2' with attribute: PROPAGATION_REQUIRED,ISOLATION_DEFAULT; ''
40700 [Test worker] DEBUG org.springframework.test.context.transaction.TransactionalTestExecutionListener  - Explicit transaction definition [PROPAGATION_REQUIRED,ISOLATION_DEFAULT; ''] found for test context [DefaultTestContext@5cf06362 testClass = ProjectTransactionServiceIntegrationSpec, testInstance = com.tim.one.service.ProjectTransactionServiceIntegrationSpec@51874884, testMethod = $spock_feature_0_2@ProjectTransactionServiceIntegrationSpec, testException = [null], mergedContextConfiguration = [MergedContextConfiguration@34f75c60 testClass = ProjectTransactionServiceIntegrationSpec, locations = '{classpath:/services-appctx.xml, classpath:/persistence-appctx.xml, classpath:/jms-appctx.xml, classpath:/mail-context.xml, classpath:/transaction-appctx.xml, classpath:/formatter-appctx.xml, classpath:/stp-appctx.xml, classpath:/aop-appctx.xml, classpath:/properties-appctx.xml}', classes = '{}', contextInitializerClasses = '[]', activeProfiles = '{}', contextLoader = 'org.springframework.test.context.support.DelegatingSmartContextLoader', parent = [null]]]
40700 [Test worker] DEBUG org.springframework.test.context.CacheAwareContextLoaderDelegate  - Retrieved ApplicationContext from cache with key [[MergedContextConfiguration@34f75c60 testClass = ProjectTransactionServiceIntegrationSpec, locations = '{classpath:/services-appctx.xml, classpath:/persistence-appctx.xml, classpath:/jms-appctx.xml, classpath:/mail-context.xml, classpath:/transaction-appctx.xml, classpath:/formatter-appctx.xml, classpath:/stp-appctx.xml, classpath:/aop-appctx.xml, classpath:/properties-appctx.xml}', classes = '{}', contextInitializerClasses = '[]', activeProfiles = '{}', contextLoader = 'org.springframework.test.context.support.DelegatingSmartContextLoader', parent = [null]]].
40701 [Test worker] DEBUG org.springframework.orm.jpa.JpaTransactionManager  - Creating new transaction with name [$spock_feature_0_2]: PROPAGATION_REQUIRED,ISOLATION_DEFAULT; ''
40701 [Test worker] DEBUG org.springframework.orm.jpa.JpaTransactionManager  - Opened new EntityManager [org.hibernate.jpa.internal.EntityManagerImpl@8a9fbed] for JPA transaction
40701 [Test worker] DEBUG org.springframework.orm.jpa.JpaTransactionManager  - Exposing JPA transaction as JDBC transaction [org.springframework.orm.jpa.vendor.HibernateJpaDialect$HibernateConnectionHandle@145b9bc9]
40702 [Test worker] DEBUG org.springframework.test.context.transaction.TransactionalTestExecutionListener  - No method-level @Rollback override: using default rollback [true] for test context [DefaultTestContext@5cf06362 testClass = ProjectTransactionServiceIntegrationSpec, testInstance = com.tim.one.service.ProjectTransactionServiceIntegrationSpec@51874884, testMethod = $spock_feature_0_2@ProjectTransactionServiceIntegrationSpec, testException = [null], mergedContextConfiguration = [MergedContextConfiguration@34f75c60 testClass = ProjectTransactionServiceIntegrationSpec, locations = '{classpath:/services-appctx.xml, classpath:/persistence-appctx.xml, classpath:/jms-appctx.xml, classpath:/mail-context.xml, classpath:/transaction-appctx.xml, classpath:/formatter-appctx.xml, classpath:/stp-appctx.xml, classpath:/aop-appctx.xml, classpath:/properties-appctx.xml}', classes = '{}', contextInitializerClasses = '[]', activeProfiles = '{}', contextLoader = 'org.springframework.test.context.support.DelegatingSmartContextLoader', parent = [null]]].
40702 [Test worker] INFO  org.springframework.test.context.transaction.TransactionalTestExecutionListener  - Began transaction (5) for test context [DefaultTestContext@5cf06362 testClass = ProjectTransactionServiceIntegrationSpec, testInstance = com.tim.one.service.ProjectTransactionServiceIntegrationSpec@51874884, testMethod = $spock_feature_0_2@ProjectTransactionServiceIntegrationSpec, testException = [null], mergedContextConfiguration = [MergedContextConfiguration@34f75c60 testClass = ProjectTransactionServiceIntegrationSpec, locations = '{classpath:/services-appctx.xml, classpath:/persistence-appctx.xml, classpath:/jms-appctx.xml, classpath:/mail-context.xml, classpath:/transaction-appctx.xml, classpath:/formatter-appctx.xml, classpath:/stp-appctx.xml, classpath:/aop-appctx.xml, classpath:/properties-appctx.xml}', classes = '{}', contextInitializerClasses = '[]', activeProfiles = '{}', contextLoader = 'org.springframework.test.context.support.DelegatingSmartContextLoader', parent = [null]]]; transaction manager [org.springframework.orm.jpa.JpaTransactionManager@12db244c]; rollback [true]
40702 [Test worker] DEBUG org.springframework.orm.jpa.JpaTransactionManager  - Found thread-bound EntityManager [org.hibernate.jpa.internal.EntityManagerImpl@8a9fbed] for JPA transaction
40702 [Test worker] DEBUG org.springframework.orm.jpa.JpaTransactionManager  - Participating in existing transaction
40708 [Test worker] DEBUG org.springframework.orm.jpa.JpaTransactionManager  - Found thread-bound EntityManager [org.hibernate.jpa.internal.EntityManagerImpl@8a9fbed] for JPA transaction
40708 [Test worker] DEBUG org.springframework.orm.jpa.JpaTransactionManager  - Participating in existing transaction
40713 [Test worker] DEBUG org.springframework.orm.jpa.JpaTransactionManager  - Found thread-bound EntityManager [org.hibernate.jpa.internal.EntityManagerImpl@8a9fbed] for JPA transaction
40713 [Test worker] DEBUG org.springframework.orm.jpa.JpaTransactionManager  - Participating in existing transaction
40713 [Test worker] DEBUG org.springframework.orm.jpa.JpaTransactionManager  - Found thread-bound EntityManager [org.hibernate.jpa.internal.EntityManagerImpl@8a9fbed] for JPA transaction
40713 [Test worker] DEBUG org.springframework.orm.jpa.JpaTransactionManager  - Participating in existing transaction
40717 [Test worker] DEBUG org.springframework.orm.jpa.JpaTransactionManager  - Found thread-bound EntityManager [org.hibernate.jpa.internal.EntityManagerImpl@8a9fbed] for JPA transaction
40717 [Test worker] DEBUG org.springframework.orm.jpa.JpaTransactionManager  - Participating in existing transaction
40717 [Test worker] DEBUG org.springframework.orm.jpa.JpaTransactionManager  - Found thread-bound EntityManager [org.hibernate.jpa.internal.EntityManagerImpl@8a9fbed] for JPA transaction
40717 [Test worker] DEBUG org.springframework.orm.jpa.JpaTransactionManager  - Participating in existing transaction
40717 [Test worker] DEBUG org.springframework.orm.jpa.JpaTransactionManager  - Found thread-bound EntityManager [org.hibernate.jpa.internal.EntityManagerImpl@8a9fbed] for JPA transaction
40718 [Test worker] DEBUG org.springframework.orm.jpa.JpaTransactionManager  - Participating in existing transaction
40718 [Test worker] DEBUG org.springframework.orm.jpa.JpaTransactionManager  - Found thread-bound EntityManager [org.hibernate.jpa.internal.EntityManagerImpl@8a9fbed] for JPA transaction
40718 [Test worker] DEBUG org.springframework.orm.jpa.JpaTransactionManager  - Participating in existing transaction
40725 [Test worker] DEBUG org.springframework.orm.jpa.JpaTransactionManager  - Found thread-bound EntityManager [org.hibernate.jpa.internal.EntityManagerImpl@8a9fbed] for JPA transaction
40725 [Test worker] DEBUG org.springframework.orm.jpa.JpaTransactionManager  - Participating in existing transaction
40728 [Test worker] DEBUG org.springframework.orm.jpa.JpaTransactionManager  - Found thread-bound EntityManager [org.hibernate.jpa.internal.EntityManagerImpl@8a9fbed] for JPA transaction
40728 [Test worker] DEBUG org.springframework.orm.jpa.JpaTransactionManager  - Participating in existing transaction
40729 [Test worker] DEBUG org.springframework.orm.jpa.JpaTransactionManager  - Found thread-bound EntityManager [org.hibernate.jpa.internal.EntityManagerImpl@8a9fbed] for JPA transaction
40729 [Test worker] DEBUG org.springframework.orm.jpa.JpaTransactionManager  - Participating in existing transaction
40729 [Test worker] DEBUG org.springframework.test.context.transaction.TransactionalTestExecutionListener  - No method-level @Rollback override: using default rollback [true] for test context [DefaultTestContext@5cf06362 testClass = ProjectTransactionServiceIntegrationSpec, testInstance = com.tim.one.service.ProjectTransactionServiceIntegrationSpec@51874884, testMethod = $spock_feature_0_2@ProjectTransactionServiceIntegrationSpec, testException = [null], mergedContextConfiguration = [MergedContextConfiguration@34f75c60 testClass = ProjectTransactionServiceIntegrationSpec, locations = '{classpath:/services-appctx.xml, classpath:/persistence-appctx.xml, classpath:/jms-appctx.xml, classpath:/mail-context.xml, classpath:/transaction-appctx.xml, classpath:/formatter-appctx.xml, classpath:/stp-appctx.xml, classpath:/aop-appctx.xml, classpath:/properties-appctx.xml}', classes = '{}', contextInitializerClasses = '[]', activeProfiles = '{}', contextLoader = 'org.springframework.test.context.support.DelegatingSmartContextLoader', parent = [null]]].
40729 [Test worker] DEBUG org.springframework.orm.jpa.JpaTransactionManager  - Initiating transaction rollback
40730 [Test worker] DEBUG org.springframework.orm.jpa.JpaTransactionManager  - Rolling back JPA transaction on EntityManager [org.hibernate.jpa.internal.EntityManagerImpl@8a9fbed]
40813 [Test worker] DEBUG org.springframework.orm.jpa.JpaTransactionManager  - Closing JPA EntityManager [org.hibernate.jpa.internal.EntityManagerImpl@8a9fbed] after transaction
40813 [Test worker] DEBUG org.springframework.orm.jpa.EntityManagerFactoryUtils  - Closing JPA EntityManager
40813 [Test worker] INFO  org.hibernate.engine.internal.StatisticalLoggingSessionEventListener  - Session Metrics {
    283563 nanoseconds spent acquiring 1 JDBC connections;
    0 nanoseconds spent releasing 0 JDBC connections;
    705892 nanoseconds spent preparing 12 JDBC statements;
    5453495 nanoseconds spent executing 12 JDBC statements;
    0 nanoseconds spent executing 0 JDBC batches;
    1579473 nanoseconds spent performing 18 L2C puts;
    0 nanoseconds spent performing 0 L2C hits;
    0 nanoseconds spent performing 0 L2C misses;
    0 nanoseconds spent executing 0 flushes (flushing a total of 0 entities and 0 collections);
    4618111 nanoseconds spent executing 3 partial-flushes (flushing a total of 27 entities and 27 collections)
}
40813 [Test worker] INFO  org.springframework.test.context.transaction.TransactionalTestExecutionListener  - Rolled back transaction after test execution for test context [DefaultTestContext@5cf06362 testClass = ProjectTransactionServiceIntegrationSpec, testInstance = com.tim.one.service.ProjectTransactionServiceIntegrationSpec@51874884, testMethod = $spock_feature_0_2@ProjectTransactionServiceIntegrationSpec, testException = [null], mergedContextConfiguration = [MergedContextConfiguration@34f75c60 testClass = ProjectTransactionServiceIntegrationSpec, locations = '{classpath:/services-appctx.xml, classpath:/persistence-appctx.xml, classpath:/jms-appctx.xml, classpath:/mail-context.xml, classpath:/transaction-appctx.xml, classpath:/formatter-appctx.xml, classpath:/stp-appctx.xml, classpath:/aop-appctx.xml, classpath:/properties-appctx.xml}', classes = '{}', contextInitializerClasses = '[]', activeProfiles = '{}', contextLoader = 'org.springframework.test.context.support.DelegatingSmartContextLoader', parent = [null]]]
40814 [Test worker] DEBUG org.springframework.test.context.support.DirtiesContextTestExecutionListener  - After test method: context [DefaultTestContext@5cf06362 testClass = ProjectTransactionServiceIntegrationSpec, testInstance = com.tim.one.service.ProjectTransactionServiceIntegrationSpec@51874884, testMethod = $spock_feature_0_2@ProjectTransactionServiceIntegrationSpec, testException = [null], mergedContextConfiguration = [MergedContextConfiguration@34f75c60 testClass = ProjectTransactionServiceIntegrationSpec, locations = '{classpath:/services-appctx.xml, classpath:/persistence-appctx.xml, classpath:/jms-appctx.xml, classpath:/mail-context.xml, classpath:/transaction-appctx.xml, classpath:/formatter-appctx.xml, classpath:/stp-appctx.xml, classpath:/aop-appctx.xml, classpath:/properties-appctx.xml}', classes = '{}', contextInitializerClasses = '[]', activeProfiles = '{}', contextLoader = 'org.springframework.test.context.support.DelegatingSmartContextLoader', parent = [null]]], class dirties context [false], class mode [null], method dirties context [false].
40814 [Test worker] DEBUG org.springframework.test.context.support.DependencyInjectionTestExecutionListener  - Performing dependency injection for test context [[DefaultTestContext@5cf06362 testClass = ProjectTransactionServiceIntegrationSpec, testInstance = com.tim.one.service.ProjectTransactionServiceIntegrationSpec@533c9f47, testMethod = [null], testException = [null], mergedContextConfiguration = [MergedContextConfiguration@34f75c60 testClass = ProjectTransactionServiceIntegrationSpec, locations = '{classpath:/services-appctx.xml, classpath:/persistence-appctx.xml, classpath:/jms-appctx.xml, classpath:/mail-context.xml, classpath:/transaction-appctx.xml, classpath:/formatter-appctx.xml, classpath:/stp-appctx.xml, classpath:/aop-appctx.xml, classpath:/properties-appctx.xml}', classes = '{}', contextInitializerClasses = '[]', activeProfiles = '{}', contextLoader = 'org.springframework.test.context.support.DelegatingSmartContextLoader', parent = [null]]]].
40814 [Test worker] DEBUG org.springframework.test.context.CacheAwareContextLoaderDelegate  - Retrieved ApplicationContext from cache with key [[MergedContextConfiguration@34f75c60 testClass = ProjectTransactionServiceIntegrationSpec, locations = '{classpath:/services-appctx.xml, classpath:/persistence-appctx.xml, classpath:/jms-appctx.xml, classpath:/mail-context.xml, classpath:/transaction-appctx.xml, classpath:/formatter-appctx.xml, classpath:/stp-appctx.xml, classpath:/aop-appctx.xml, classpath:/properties-appctx.xml}', classes = '{}', contextInitializerClasses = '[]', activeProfiles = '{}', contextLoader = 'org.springframework.test.context.support.DelegatingSmartContextLoader', parent = [null]]].
40815 [Test worker] DEBUG org.springframework.aop.aspectj.annotation.AnnotationAwareAspectJAutoProxyCreator  - Creating implicit proxy for bean 'com.tim.one.service.ProjectTransactionServiceIntegrationSpec' with 0 common interceptors and 3 specific interceptors
40815 [Test worker] DEBUG org.springframework.aop.framework.JdkDynamicAopProxy  - Creating JDK dynamic proxy: target source is SingletonTargetSource for target object [com.tim.one.service.ProjectTransactionServiceIntegrationSpec@533c9f47]
40815 [Test worker] DEBUG org.springframework.test.context.transaction.TransactionalTestExecutionListener  - Explicit transaction definition [PROPAGATION_REQUIRED,ISOLATION_DEFAULT; ''] found for test context [DefaultTestContext@5cf06362 testClass = ProjectTransactionServiceIntegrationSpec, testInstance = com.tim.one.service.ProjectTransactionServiceIntegrationSpec@533c9f47, testMethod = $spock_feature_0_2@ProjectTransactionServiceIntegrationSpec, testException = [null], mergedContextConfiguration = [MergedContextConfiguration@34f75c60 testClass = ProjectTransactionServiceIntegrationSpec, locations = '{classpath:/services-appctx.xml, classpath:/persistence-appctx.xml, classpath:/jms-appctx.xml, classpath:/mail-context.xml, classpath:/transaction-appctx.xml, classpath:/formatter-appctx.xml, classpath:/stp-appctx.xml, classpath:/aop-appctx.xml, classpath:/properties-appctx.xml}', classes = '{}', contextInitializerClasses = '[]', activeProfiles = '{}', contextLoader = 'org.springframework.test.context.support.DelegatingSmartContextLoader', parent = [null]]]
40815 [Test worker] DEBUG org.springframework.test.context.CacheAwareContextLoaderDelegate  - Retrieved ApplicationContext from cache with key [[MergedContextConfiguration@34f75c60 testClass = ProjectTransactionServiceIntegrationSpec, locations = '{classpath:/services-appctx.xml, classpath:/persistence-appctx.xml, classpath:/jms-appctx.xml, classpath:/mail-context.xml, classpath:/transaction-appctx.xml, classpath:/formatter-appctx.xml, classpath:/stp-appctx.xml, classpath:/aop-appctx.xml, classpath:/properties-appctx.xml}', classes = '{}', contextInitializerClasses = '[]', activeProfiles = '{}', contextLoader = 'org.springframework.test.context.support.DelegatingSmartContextLoader', parent = [null]]].
40816 [Test worker] DEBUG org.springframework.orm.jpa.JpaTransactionManager  - Creating new transaction with name [$spock_feature_0_2]: PROPAGATION_REQUIRED,ISOLATION_DEFAULT; ''
40816 [Test worker] DEBUG org.springframework.orm.jpa.JpaTransactionManager  - Opened new EntityManager [org.hibernate.jpa.internal.EntityManagerImpl@30fd1902] for JPA transaction
40817 [Test worker] DEBUG org.springframework.orm.jpa.JpaTransactionManager  - Exposing JPA transaction as JDBC transaction [org.springframework.orm.jpa.vendor.HibernateJpaDialect$HibernateConnectionHandle@40c9fb7]
40817 [Test worker] DEBUG org.springframework.test.context.transaction.TransactionalTestExecutionListener  - No method-level @Rollback override: using default rollback [true] for test context [DefaultTestContext@5cf06362 testClass = ProjectTransactionServiceIntegrationSpec, testInstance = com.tim.one.service.ProjectTransactionServiceIntegrationSpec@533c9f47, testMethod = $spock_feature_0_2@ProjectTransactionServiceIntegrationSpec, testException = [null], mergedContextConfiguration = [MergedContextConfiguration@34f75c60 testClass = ProjectTransactionServiceIntegrationSpec, locations = '{classpath:/services-appctx.xml, classpath:/persistence-appctx.xml, classpath:/jms-appctx.xml, classpath:/mail-context.xml, classpath:/transaction-appctx.xml, classpath:/formatter-appctx.xml, classpath:/stp-appctx.xml, classpath:/aop-appctx.xml, classpath:/properties-appctx.xml}', classes = '{}', contextInitializerClasses = '[]', activeProfiles = '{}', contextLoader = 'org.springframework.test.context.support.DelegatingSmartContextLoader', parent = [null]]].
40817 [Test worker] INFO  org.springframework.test.context.transaction.TransactionalTestExecutionListener  - Began transaction (6) for test context [DefaultTestContext@5cf06362 testClass = ProjectTransactionServiceIntegrationSpec, testInstance = com.tim.one.service.ProjectTransactionServiceIntegrationSpec@533c9f47, testMethod = $spock_feature_0_2@ProjectTransactionServiceIntegrationSpec, testException = [null], mergedContextConfiguration = [MergedContextConfiguration@34f75c60 testClass = ProjectTransactionServiceIntegrationSpec, locations = '{classpath:/services-appctx.xml, classpath:/persistence-appctx.xml, classpath:/jms-appctx.xml, classpath:/mail-context.xml, classpath:/transaction-appctx.xml, classpath:/formatter-appctx.xml, classpath:/stp-appctx.xml, classpath:/aop-appctx.xml, classpath:/properties-appctx.xml}', classes = '{}', contextInitializerClasses = '[]', activeProfiles = '{}', contextLoader = 'org.springframework.test.context.support.DelegatingSmartContextLoader', parent = [null]]]; transaction manager [org.springframework.orm.jpa.JpaTransactionManager@12db244c]; rollback [true]
40817 [Test worker] DEBUG org.springframework.orm.jpa.JpaTransactionManager  - Found thread-bound EntityManager [org.hibernate.jpa.internal.EntityManagerImpl@30fd1902] for JPA transaction
40817 [Test worker] DEBUG org.springframework.orm.jpa.JpaTransactionManager  - Participating in existing transaction
40822 [Test worker] DEBUG org.springframework.orm.jpa.JpaTransactionManager  - Found thread-bound EntityManager [org.hibernate.jpa.internal.EntityManagerImpl@30fd1902] for JPA transaction
40822 [Test worker] DEBUG org.springframework.orm.jpa.JpaTransactionManager  - Participating in existing transaction
40826 [Test worker] DEBUG org.springframework.orm.jpa.JpaTransactionManager  - Found thread-bound EntityManager [org.hibernate.jpa.internal.EntityManagerImpl@30fd1902] for JPA transaction
40826 [Test worker] DEBUG org.springframework.orm.jpa.JpaTransactionManager  - Participating in existing transaction
40826 [Test worker] DEBUG org.springframework.orm.jpa.JpaTransactionManager  - Found thread-bound EntityManager [org.hibernate.jpa.internal.EntityManagerImpl@30fd1902] for JPA transaction
40826 [Test worker] DEBUG org.springframework.orm.jpa.JpaTransactionManager  - Participating in existing transaction
40829 [Test worker] DEBUG org.springframework.orm.jpa.JpaTransactionManager  - Found thread-bound EntityManager [org.hibernate.jpa.internal.EntityManagerImpl@30fd1902] for JPA transaction
40830 [Test worker] DEBUG org.springframework.orm.jpa.JpaTransactionManager  - Participating in existing transaction
40830 [Test worker] DEBUG org.springframework.orm.jpa.JpaTransactionManager  - Found thread-bound EntityManager [org.hibernate.jpa.internal.EntityManagerImpl@30fd1902] for JPA transaction
40830 [Test worker] DEBUG org.springframework.orm.jpa.JpaTransactionManager  - Participating in existing transaction
40830 [Test worker] DEBUG org.springframework.orm.jpa.JpaTransactionManager  - Found thread-bound EntityManager [org.hibernate.jpa.internal.EntityManagerImpl@30fd1902] for JPA transaction
40830 [Test worker] DEBUG org.springframework.orm.jpa.JpaTransactionManager  - Participating in existing transaction
40830 [Test worker] DEBUG org.springframework.orm.jpa.JpaTransactionManager  - Found thread-bound EntityManager [org.hibernate.jpa.internal.EntityManagerImpl@30fd1902] for JPA transaction
40830 [Test worker] DEBUG org.springframework.orm.jpa.JpaTransactionManager  - Participating in existing transaction
40833 [Test worker] DEBUG org.springframework.orm.jpa.JpaTransactionManager  - Found thread-bound EntityManager [org.hibernate.jpa.internal.EntityManagerImpl@30fd1902] for JPA transaction
40833 [Test worker] DEBUG org.springframework.orm.jpa.JpaTransactionManager  - Participating in existing transaction
40835 [Test worker] DEBUG org.springframework.orm.jpa.JpaTransactionManager  - Found thread-bound EntityManager [org.hibernate.jpa.internal.EntityManagerImpl@30fd1902] for JPA transaction
40835 [Test worker] DEBUG org.springframework.orm.jpa.JpaTransactionManager  - Participating in existing transaction
40836 [Test worker] DEBUG org.springframework.orm.jpa.JpaTransactionManager  - Found thread-bound EntityManager [org.hibernate.jpa.internal.EntityManagerImpl@30fd1902] for JPA transaction
40836 [Test worker] DEBUG org.springframework.orm.jpa.JpaTransactionManager  - Participating in existing transaction
40837 [Test worker] DEBUG org.springframework.test.context.transaction.TransactionalTestExecutionListener  - No method-level @Rollback override: using default rollback [true] for test context [DefaultTestContext@5cf06362 testClass = ProjectTransactionServiceIntegrationSpec, testInstance = com.tim.one.service.ProjectTransactionServiceIntegrationSpec@533c9f47, testMethod = $spock_feature_0_2@ProjectTransactionServiceIntegrationSpec, testException = [null], mergedContextConfiguration = [MergedContextConfiguration@34f75c60 testClass = ProjectTransactionServiceIntegrationSpec, locations = '{classpath:/services-appctx.xml, classpath:/persistence-appctx.xml, classpath:/jms-appctx.xml, classpath:/mail-context.xml, classpath:/transaction-appctx.xml, classpath:/formatter-appctx.xml, classpath:/stp-appctx.xml, classpath:/aop-appctx.xml, classpath:/properties-appctx.xml}', classes = '{}', contextInitializerClasses = '[]', activeProfiles = '{}', contextLoader = 'org.springframework.test.context.support.DelegatingSmartContextLoader', parent = [null]]].
40837 [Test worker] DEBUG org.springframework.orm.jpa.JpaTransactionManager  - Initiating transaction rollback
40837 [Test worker] DEBUG org.springframework.orm.jpa.JpaTransactionManager  - Rolling back JPA transaction on EntityManager [org.hibernate.jpa.internal.EntityManagerImpl@30fd1902]
40913 [Test worker] DEBUG org.springframework.orm.jpa.JpaTransactionManager  - Closing JPA EntityManager [org.hibernate.jpa.internal.EntityManagerImpl@30fd1902] after transaction
40913 [Test worker] DEBUG org.springframework.orm.jpa.EntityManagerFactoryUtils  - Closing JPA EntityManager
40913 [Test worker] INFO  org.hibernate.engine.internal.StatisticalLoggingSessionEventListener  - Session Metrics {
    376214 nanoseconds spent acquiring 1 JDBC connections;
    0 nanoseconds spent releasing 0 JDBC connections;
    598602 nanoseconds spent preparing 12 JDBC statements;
    4487423 nanoseconds spent executing 12 JDBC statements;
    0 nanoseconds spent executing 0 JDBC batches;
    1518947 nanoseconds spent performing 18 L2C puts;
    0 nanoseconds spent performing 0 L2C hits;
    0 nanoseconds spent performing 0 L2C misses;
    0 nanoseconds spent executing 0 flushes (flushing a total of 0 entities and 0 collections);
    3854994 nanoseconds spent executing 3 partial-flushes (flushing a total of 27 entities and 27 collections)
}
40913 [Test worker] INFO  org.springframework.test.context.transaction.TransactionalTestExecutionListener  - Rolled back transaction after test execution for test context [DefaultTestContext@5cf06362 testClass = ProjectTransactionServiceIntegrationSpec, testInstance = com.tim.one.service.ProjectTransactionServiceIntegrationSpec@533c9f47, testMethod = $spock_feature_0_2@ProjectTransactionServiceIntegrationSpec, testException = [null], mergedContextConfiguration = [MergedContextConfiguration@34f75c60 testClass = ProjectTransactionServiceIntegrationSpec, locations = '{classpath:/services-appctx.xml, classpath:/persistence-appctx.xml, classpath:/jms-appctx.xml, classpath:/mail-context.xml, classpath:/transaction-appctx.xml, classpath:/formatter-appctx.xml, classpath:/stp-appctx.xml, classpath:/aop-appctx.xml, classpath:/properties-appctx.xml}', classes = '{}', contextInitializerClasses = '[]', activeProfiles = '{}', contextLoader = 'org.springframework.test.context.support.DelegatingSmartContextLoader', parent = [null]]]
40914 [Test worker] DEBUG org.springframework.test.context.support.DirtiesContextTestExecutionListener  - After test method: context [DefaultTestContext@5cf06362 testClass = ProjectTransactionServiceIntegrationSpec, testInstance = com.tim.one.service.ProjectTransactionServiceIntegrationSpec@533c9f47, testMethod = $spock_feature_0_2@ProjectTransactionServiceIntegrationSpec, testException = [null], mergedContextConfiguration = [MergedContextConfiguration@34f75c60 testClass = ProjectTransactionServiceIntegrationSpec, locations = '{classpath:/services-appctx.xml, classpath:/persistence-appctx.xml, classpath:/jms-appctx.xml, classpath:/mail-context.xml, classpath:/transaction-appctx.xml, classpath:/formatter-appctx.xml, classpath:/stp-appctx.xml, classpath:/aop-appctx.xml, classpath:/properties-appctx.xml}', classes = '{}', contextInitializerClasses = '[]', activeProfiles = '{}', contextLoader = 'org.springframework.test.context.support.DelegatingSmartContextLoader', parent = [null]]], class dirties context [false], class mode [null], method dirties context [false].
40915 [Test worker] DEBUG org.springframework.test.context.support.DirtiesContextTestExecutionListener  - After test class: context [DefaultTestContext@5cf06362 testClass = ProjectTransactionServiceIntegrationSpec, testInstance = [null], testMethod = [null], testException = [null], mergedContextConfiguration = [MergedContextConfiguration@34f75c60 testClass = ProjectTransactionServiceIntegrationSpec, locations = '{classpath:/services-appctx.xml, classpath:/persistence-appctx.xml, classpath:/jms-appctx.xml, classpath:/mail-context.xml, classpath:/transaction-appctx.xml, classpath:/formatter-appctx.xml, classpath:/stp-appctx.xml, classpath:/aop-appctx.xml, classpath:/properties-appctx.xml}', classes = '{}', contextInitializerClasses = '[]', activeProfiles = '{}', contextLoader = 'org.springframework.test.context.support.DelegatingSmartContextLoader', parent = [null]]], dirtiesContext [false].
]]></system-out>
  <system-err><![CDATA[]]></system-err>
</testsuite>
