<?xml version="1.0" encoding="UTF-8"?>
<testsuite name="com.tim.one.interceptor.TestCryptoExceptionInterceptor" tests="1" skipped="0" failures="0" errors="0" timestamp="2015-05-20T16:40:13" hostname="josdem-Inspiron-5420" time="0.061">
  <properties/>
  <testcase name="shouldSendCryptoExceptionMessage" classname="com.tim.one.interceptor.TestCryptoExceptionInterceptor" time="0.061"/>
  <system-out><![CDATA[]]></system-out>
  <system-err><![CDATA[]]></system-err>
</testsuite>
