<?xml version="1.0" encoding="UTF-8"?>
<testsuite name="com.tim.one.collaborator.TestProjectBusinessCaseCollaborator" tests="2" skipped="0" failures="0" errors="0" timestamp="2015-05-20T16:40:14" hostname="josdem-Inspiron-5420" time="0.008">
  <properties/>
  <testcase name="shouldGetProjectBusinessCaseFromProjectHelper" classname="com.tim.one.collaborator.TestProjectBusinessCaseCollaborator" time="0.006"/>
  <testcase name="shouldGetProjectBusinessCaseFromProjectFinancialData" classname="com.tim.one.collaborator.TestProjectBusinessCaseCollaborator" time="0.001"/>
  <system-out><![CDATA[]]></system-out>
  <system-err><![CDATA[]]></system-err>
</testsuite>
