<?xml version="1.0" encoding="UTF-8"?>
<testsuite name="com.tim.one.packer.TestMessagePacker" tests="9" skipped="0" failures="0" errors="0" timestamp="2015-05-20T16:40:14" hostname="josdem-Inspiron-5420" time="0.126">
  <properties/>
  <testcase name="shouldSendCierreVentaProductor" classname="com.tim.one.packer.TestMessagePacker" time="0.059"/>
  <testcase name="shouldSendCierreProductor" classname="com.tim.one.packer.TestMessagePacker" time="0.008"/>
  <testcase name="shouldSendBreakevenReachedProductor" classname="com.tim.one.packer.TestMessagePacker" time="0.009"/>
  <testcase name="shouldSendBajaProyectoProductor" classname="com.tim.one.packer.TestMessagePacker" time="0.007"/>
  <testcase name="shouldSendCierreAdministrador" classname="com.tim.one.packer.TestMessagePacker" time="0.008"/>
  <testcase name="shouldSendInversion" classname="com.tim.one.packer.TestMessagePacker" time="0.008"/>
  <testcase name="shouldSendAbonoCuenta" classname="com.tim.one.packer.TestMessagePacker" time="0.008"/>
  <testcase name="shouldSendCreacionCuenta" classname="com.tim.one.packer.TestMessagePacker" time="0.008"/>
  <testcase name="shouldSendBreakevenReachedAdministrador" classname="com.tim.one.packer.TestMessagePacker" time="0.009"/>
  <system-out><![CDATA[]]></system-out>
  <system-err><![CDATA[]]></system-err>
</testsuite>
