<?xml version="1.0" encoding="UTF-8"?>
<testsuite name="com.tim.one.collaborator.TestUrlAggregator" tests="4" skipped="0" failures="0" errors="0" timestamp="2015-05-20T16:40:13" hostname="josdem-Inspiron-5420" time="0.021">
  <properties/>
  <testcase name="shouldAddYoutubeLinks" classname="com.tim.one.collaborator.TestUrlAggregator" time="0.014"/>
  <testcase name="shouldNotAddYoutubeLinksWhenIsBlank" classname="com.tim.one.collaborator.TestUrlAggregator" time="0.002"/>
  <testcase name="shouldNotAddSoundcloudLinksWhenIsBlank" classname="com.tim.one.collaborator.TestUrlAggregator" time="0.002"/>
  <testcase name="shouldAddSoundcloudLinks" classname="com.tim.one.collaborator.TestUrlAggregator" time="0.002"/>
  <system-out><![CDATA[]]></system-out>
  <system-err><![CDATA[]]></system-err>
</testsuite>
