<?xml version="1.0" encoding="UTF-8"?>
<testsuite name="com.tim.one.collaborator.TestTransactionDaoCollaborator" tests="3" skipped="0" failures="0" errors="0" timestamp="2015-05-20T16:40:13" hostname="josdem-Inspiron-5420" time="0.01">
  <properties/>
  <testcase name="shouldFindConsumingUnitsByType" classname="com.tim.one.collaborator.TestTransactionDaoCollaborator" time="0.007"/>
  <testcase name="shouldFindConsumingUnitsByProjectUnitsales" classname="com.tim.one.collaborator.TestTransactionDaoCollaborator" time="0.002"/>
  <testcase name="shouldFindEmtyUnitsByType" classname="com.tim.one.collaborator.TestTransactionDaoCollaborator" time="0.001"/>
  <system-out><![CDATA[]]></system-out>
  <system-err><![CDATA[]]></system-err>
</testsuite>
