<?xml version="1.0" encoding="UTF-8"?>
<testsuite name="com.tim.one.collaborator.TestProjectUnitSaleCollaborator" tests="9" skipped="0" failures="0" errors="0" timestamp="2015-05-20T16:40:13" hostname="josdem-Inspiron-5420" time="0.017">
  <properties/>
  <testcase name="shouldThrowFormParamsExceptionDueToCodeSection" classname="com.tim.one.collaborator.TestProjectUnitSaleCollaborator" time="0.006"/>
  <testcase name="shouldThrowFormParamsExceptionDueToSection" classname="com.tim.one.collaborator.TestProjectUnitSaleCollaborator" time="0.001"/>
  <testcase name="shouldGetProjectUnitsale" classname="com.tim.one.collaborator.TestProjectUnitSaleCollaborator" time="0.001"/>
  <testcase name="shouldThrowFormParamsExceptionDueToUnitSale" classname="com.tim.one.collaborator.TestProjectUnitSaleCollaborator" time="0.001"/>
  <testcase name="shouldThrowFormParamsExceptionDueToCapacity" classname="com.tim.one.collaborator.TestProjectUnitSaleCollaborator" time="0.001"/>
  <testcase name="shouldAcceptNoProjectUnitSales" classname="com.tim.one.collaborator.TestProjectUnitSaleCollaborator" time="0.001"/>
  <testcase name="shouldGetProjectUnitSalesWhenNoCodeSection" classname="com.tim.one.collaborator.TestProjectUnitSaleCollaborator" time="0.001"/>
  <testcase name="shouldGetProjectUnitSales" classname="com.tim.one.collaborator.TestProjectUnitSaleCollaborator" time="0.002"/>
  <testcase name="shouldNotGetProjectUnitsale" classname="com.tim.one.collaborator.TestProjectUnitSaleCollaborator" time="0.001"/>
  <system-out><![CDATA[]]></system-out>
  <system-err><![CDATA[]]></system-err>
</testsuite>
