<?xml version="1.0" encoding="UTF-8"?>
<testsuite name="com.tim.one.service.TestPaypalPaymentStorerService" tests="2" skipped="0" failures="0" errors="0" timestamp="2015-05-20T16:40:53" hostname="josdem-Inspiron-5420" time="0.001">
  <properties/>
  <testcase name="shouldSaveUserPayment" classname="com.tim.one.service.TestPaypalPaymentStorerService" time="0.001"/>
  <testcase name="shouldNotSaveUserPaymentSinceUserNotExist" classname="com.tim.one.service.TestPaypalPaymentStorerService" time="0.0"/>
  <system-out><![CDATA[]]></system-out>
  <system-err><![CDATA[]]></system-err>
</testsuite>
