<?xml version="1.0" encoding="UTF-8"?>
<testsuite name="com.tim.one.service.TestTransactionApplier" tests="4" skipped="0" failures="0" errors="0" timestamp="2015-05-20T16:40:51" hostname="josdem-Inspiron-5420" time="0.008">
  <properties/>
  <testcase name="shouldKnowHasFunds" classname="com.tim.one.service.TestTransactionApplier" time="0.005"/>
  <testcase name="shouldAddAmount" classname="com.tim.one.service.TestTransactionApplier" time="0.001"/>
  <testcase name="shouldKnowNotHasFunds" classname="com.tim.one.service.TestTransactionApplier" time="0.001"/>
  <testcase name="shouldSubstractAmount" classname="com.tim.one.service.TestTransactionApplier" time="0.001"/>
  <system-out><![CDATA[]]></system-out>
  <system-err><![CDATA[]]></system-err>
</testsuite>
