<?xml version="1.0" encoding="UTF-8"?>
<testsuite name="com.tim.one.collaborator.TestTransactionCollaborator" tests="20" skipped="0" failures="0" errors="0" timestamp="2015-05-20T16:40:13" hostname="josdem-Inspiron-5420" time="0.672">
  <properties/>
  <testcase name="shouldLog" classname="com.tim.one.collaborator.TestTransactionCollaborator" time="0.134"/>
  <testcase name="shouldSetFundingEndDate" classname="com.tim.one.collaborator.TestTransactionCollaborator" time="0.069"/>
  <testcase name="shouldRevertTramaChargeAndNotSendNoBreakevenNotification" classname="com.tim.one.collaborator.TestTransactionCollaborator" time="0.128"/>
  <testcase name="shouldSaveNotPendienteStatus" classname="com.tim.one.collaborator.TestTransactionCollaborator" time="0.015"/>
  <testcase name="shouldGetAmount" classname="com.tim.one.collaborator.TestTransactionCollaborator" time="0.051"/>
  <testcase name="shouldSavePendienteStatus" classname="com.tim.one.collaborator.TestTransactionCollaborator" time="0.03"/>
  <testcase name="shouldGetExistingTransferUserLimit" classname="com.tim.one.collaborator.TestTransactionCollaborator" time="0.014"/>
  <testcase name="shouldNotSetProjectName" classname="com.tim.one.collaborator.TestTransactionCollaborator" time="0.021"/>
  <testcase name="shouldSetProjectName" classname="com.tim.one.collaborator.TestTransactionCollaborator" time="0.012"/>
  <testcase name="shouldGetNewTransferUserLimit" classname="com.tim.one.collaborator.TestTransactionCollaborator" time="0.014"/>
  <testcase name="shouldGetProducerRevenue" classname="com.tim.one.collaborator.TestTransactionCollaborator" time="0.012"/>
  <testcase name="shouldCloseProject" classname="com.tim.one.collaborator.TestTransactionCollaborator" time="0.046"/>
  <testcase name="shouldGetDescription" classname="com.tim.one.collaborator.TestTransactionCollaborator" time="0.011"/>
  <testcase name="shouldSaveTransferUserLimit" classname="com.tim.one.collaborator.TestTransactionCollaborator" time="0.016"/>
  <testcase name="shouldSetTramaCharge" classname="com.tim.one.collaborator.TestTransactionCollaborator" time="0.013"/>
  <testcase name="shouldSaveAndPersist" classname="com.tim.one.collaborator.TestTransactionCollaborator" time="0.017"/>
  <testcase name="shouldNotRevertTramaChargeDueToNonSufficientFunds" classname="com.tim.one.collaborator.TestTransactionCollaborator" time="0.015"/>
  <testcase name="shouldRevertTramaChargeAndSendNoBreakevenNotification" classname="com.tim.one.collaborator.TestTransactionCollaborator" time="0.016"/>
  <testcase name="shouldNotSetTramaChargeDueToNoTramaAccount" classname="com.tim.one.collaborator.TestTransactionCollaborator" time="0.018"/>
  <testcase name="shouldNotSetTramaChargeDueToNotSufficientFunds" classname="com.tim.one.collaborator.TestTransactionCollaborator" time="0.012"/>
  <system-out><![CDATA[]]></system-out>
  <system-err><![CDATA[]]></system-err>
</testsuite>
