<?xml version="1.0" encoding="UTF-8"?>
<testsuite name="com.tim.one.messengine.TestMessageConsumer" tests="1" skipped="0" failures="0" errors="0" timestamp="2015-05-20T16:40:13" hostname="josdem-Inspiron-5420" time="0.063">
  <properties/>
  <testcase name="shouldReceiveMessage" classname="com.tim.one.messengine.TestMessageConsumer" time="0.063"/>
  <system-out><![CDATA[422  [Test worker] INFO  com.tim.one.messengine.JmsMessageListener  - MESSAGE RECEIVED
]]></system-out>
  <system-err><![CDATA[]]></system-err>
</testsuite>
