<?xml version="1.0" encoding="UTF-8"?>
<testsuite name="com.tim.one.service.TestRevenuePotentialService" tests="1" skipped="0" failures="0" errors="0" timestamp="2015-05-20T16:40:52" hostname="josdem-Inspiron-5420" time="0.0">
  <properties/>
  <testcase name="shouldGetRevenuePotential" classname="com.tim.one.service.TestRevenuePotentialService" time="0.0"/>
  <system-out><![CDATA[]]></system-out>
  <system-err><![CDATA[]]></system-err>
</testsuite>
