<?xml version="1.0" encoding="UTF-8"?>
<testsuite name="com.tim.one.manager.TestTransactionManager" tests="2" skipped="0" failures="0" errors="0" timestamp="2015-05-20T16:45:23" hostname="josdem-Inspiron-5420" time="0.01">
  <properties/>
  <testcase name="shouldGetStartingBalance" classname="com.tim.one.manager.TestTransactionManager" time="0.007"/>
  <testcase name="shouldGetZeroAtStartingBalance" classname="com.tim.one.manager.TestTransactionManager" time="0.002"/>
  <system-out><![CDATA[]]></system-out>
  <system-err><![CDATA[]]></system-err>
</testsuite>
