<?xml version="1.0" encoding="UTF-8"?>
<testsuite name="com.tim.one.collaborator.TestProjectCollaborator" tests="4" skipped="0" failures="0" errors="0" timestamp="2015-05-20T16:40:13" hostname="josdem-Inspiron-5420" time="0.044">
  <properties/>
  <testcase name="shouldGetProjectFinancialDataWhenNoInProject" classname="com.tim.one.collaborator.TestProjectCollaborator" time="0.033"/>
  <testcase name="shouldGetProjectsFundedOrInvestedByUserId" classname="com.tim.one.collaborator.TestProjectCollaborator" time="0.004"/>
  <testcase name="shouldGetProjectFinancialDataWhenInProject" classname="com.tim.one.collaborator.TestProjectCollaborator" time="0.004"/>
  <testcase name="shouldGetTotalUnits" classname="com.tim.one.collaborator.TestProjectCollaborator" time="0.003"/>
  <system-out><![CDATA[]]></system-out>
  <system-err><![CDATA[]]></system-err>
</testsuite>
