<?xml version="1.0" encoding="UTF-8"?>
<testsuite name="com.tim.one.collaborator.TestUnitCollaborator" tests="2" skipped="0" failures="0" errors="0" timestamp="2015-05-20T16:40:14" hostname="josdem-Inspiron-5420" time="0.015">
  <properties/>
  <testcase name="shouldGetUnitsAmount" classname="com.tim.one.collaborator.TestUnitCollaborator" time="0.011"/>
  <testcase name="shouldGetUnitsByProjectAndType" classname="com.tim.one.collaborator.TestUnitCollaborator" time="0.003"/>
  <system-out><![CDATA[]]></system-out>
  <system-err><![CDATA[]]></system-err>
</testsuite>
