<?xml version="1.0" encoding="UTF-8"?>
<testsuite name="com.tim.one.collaborator.TestAccountCollaborator" tests="2" skipped="0" failures="0" errors="0" timestamp="2015-05-20T16:40:13" hostname="josdem-Inspiron-5420" time="0.011">
  <properties/>
  <testcase name="shouldGetEmptyString" classname="com.tim.one.collaborator.TestAccountCollaborator" time="0.009"/>
  <testcase name="shouldGetBankName" classname="com.tim.one.collaborator.TestAccountCollaborator" time="0.001"/>
  <system-out><![CDATA[]]></system-out>
  <system-err><![CDATA[]]></system-err>
</testsuite>
