<?xml version="1.0" encoding="UTF-8"?>
<testsuite name="com.tim.one.collaborator.TestUserCollaborator" tests="5" skipped="0" failures="0" errors="0" timestamp="2015-05-20T16:40:13" hostname="josdem-Inspiron-5420" time="0.056">
  <properties/>
  <testcase name="shouldGetUserById" classname="com.tim.one.collaborator.TestUserCollaborator" time="0.035"/>
  <testcase name="shouldCreateUser" classname="com.tim.one.collaborator.TestUserCollaborator" time="0.004"/>
  <testcase name="shouldGetInvestors" classname="com.tim.one.collaborator.TestUserCollaborator" time="0.004"/>
  <testcase name="shouldGetFinanciers" classname="com.tim.one.collaborator.TestUserCollaborator" time="0.004"/>
  <testcase name="shouldNotGetUserById" classname="com.tim.one.collaborator.TestUserCollaborator" time="0.009"/>
  <system-out><![CDATA[738  [Test worker] INFO  com.tim.one.collaborator.UserCollaborator  - CREATING user
]]></system-out>
  <system-err><![CDATA[]]></system-err>
</testsuite>
