<?xml version="1.0" encoding="UTF-8"?>
<testsuite name="com.tim.one.service.TestProjectService" tests="71" skipped="0" failures="0" errors="0" timestamp="2015-05-20T16:40:29" hostname="josdem-Inspiron-5420" time="0.666">
  <properties/>
  <testcase name="shouldGetProjectByType" classname="com.tim.one.service.TestProjectService" time="0.078"/>
  <testcase name="shouldNotSaveProviderPaymentDueToAlreadySettlementPaid" classname="com.tim.one.service.TestProjectService" time="0.012"/>
  <testcase name="shouldGetProjectIfNoId" classname="com.tim.one.service.TestProjectService" time="0.008"/>
  <testcase name="shouldChangeStatusToRechazado" classname="com.tim.one.service.TestProjectService" time="0.013"/>
  <testcase name="shouldGetTra" classname="com.tim.one.service.TestProjectService" time="0.013"/>
  <testcase name="shouldValidateKeywordLength" classname="com.tim.one.service.TestProjectService" time="0.012"/>
  <testcase name="shouldNotSaveProductPaymentDueToNoFunds" classname="com.tim.one.service.TestProjectService" time="0.012"/>
  <testcase name="shouldListProjectsBySubcategoryId" classname="com.tim.one.service.TestProjectService" time="0.011"/>
  <testcase name="shouldGetProjectRating" classname="com.tim.one.service.TestProjectService" time="0.011"/>
  <testcase name="shouldChangeStatusToRevision" classname="com.tim.one.service.TestProjectService" time="0.014"/>
  <testcase name="shouldSaveProjectProviders" classname="com.tim.one.service.TestProjectService" time="0.014"/>
  <testcase name="shouldNotDeleteProjectUnitSaleDueToNonProjectUnitSaleException" classname="com.tim.one.service.TestProjectService" time="0.018"/>
  <testcase name="shouldGetProjectsFundedByUserId" classname="com.tim.one.service.TestProjectService" time="0.013"/>
  <testcase name="shouldChangeStatusToProduccion" classname="com.tim.one.service.TestProjectService" time="0.016"/>
  <testcase name="shouldSaveConsumingUnits" classname="com.tim.one.service.TestProjectService" time="0.014"/>
  <testcase name="shouldNotRegisterBoxOfficeSalesDueToNotTramaAccountFound" classname="com.tim.one.service.TestProjectService" time="0.01"/>
  <testcase name="shouldGetSections" classname="com.tim.one.service.TestProjectService" time="0.01"/>
  <testcase name="shouldListProjectsByStatuses" classname="com.tim.one.service.TestProjectService" time="0.009"/>
  <testcase name="shouldRegisterBoxOfficeSales" classname="com.tim.one.service.TestProjectService" time="0.011"/>
  <testcase name="shouldGetProject" classname="com.tim.one.service.TestProjectService" time="0.008"/>
  <testcase name="shouldGetProjectsByUserId" classname="com.tim.one.service.TestProjectService" time="0.008"/>
  <testcase name="shouldNotSaveProviderPaymentDueToNoProviderUserFound" classname="com.tim.one.service.TestProjectService" time="0.007"/>
  <testcase name="shouldNotGetAnyProjectsFundedByUserId" classname="com.tim.one.service.TestProjectService" time="0.008"/>
  <testcase name="shouldChangeStatusToFinalizado" classname="com.tim.one.service.TestProjectService" time="0.01"/>
  <testcase name="shouldNotDeleteProjectUnitSaleDueToOperationStatusException" classname="com.tim.one.service.TestProjectService" time="0.013"/>
  <testcase name="shouldSaveTotalProviderPayment" classname="com.tim.one.service.TestProjectService" time="0.011"/>
  <testcase name="shouldGetEmptyProject" classname="com.tim.one.service.TestProjectService" time="0.007"/>
  <testcase name="shouldNotChangeStatusDueToNoFinancialData" classname="com.tim.one.service.TestProjectService" time="0.013"/>
  <testcase name="shouldNotRegisterBoxOfficeSalesDueToNoSectionCode" classname="com.tim.one.service.TestProjectService" time="0.011"/>
  <testcase name="shouldDeleteProjectUnitSale" classname="com.tim.one.service.TestProjectService" time="0.007"/>
  <testcase name="shouldGetProjectsByClosestToEndFunding" classname="com.tim.one.service.TestProjectService" time="0.007"/>
  <testcase name="shouldListProjectsByTypeSubcategoryId" classname="com.tim.one.service.TestProjectService" time="0.007"/>
  <testcase name="shouldNotRegisterBoxOfficeSalesDueToQuantityZero" classname="com.tim.one.service.TestProjectService" time="0.009"/>
  <testcase name="shouldCreateProject" classname="com.tim.one.service.TestProjectService" time="0.007"/>
  <testcase name="shouldExceedTra" classname="com.tim.one.service.TestProjectService" time="0.007"/>
  <testcase name="shouldSaveProducerPayment" classname="com.tim.one.service.TestProjectService" time="0.008"/>
  <testcase name="shouldNotDeleteProjectUnitSaleDueToNotValidParameterException" classname="com.tim.one.service.TestProjectService" time="0.012"/>
  <testcase name="shouldNotChangeStatusIfNoProject" classname="com.tim.one.service.TestProjectService" time="0.011"/>
  <testcase name="shouldMeasureBreakevenAndBudget" classname="com.tim.one.service.TestProjectService" time="0.009"/>
  <testcase name="shouldGetProjectsByHighBalanceAndAvoidDuplicated" classname="com.tim.one.service.TestProjectService" time="0.005"/>
  <testcase name="shouldListProjectsByTypeSubcategoryAndStatuses" classname="com.tim.one.service.TestProjectService" time="0.005"/>
  <testcase name="shouldGetByTag" classname="com.tim.one.service.TestProjectService" time="0.005"/>
  <testcase name="shouldNotSaveConsumingUnitsDueToNonSufficientUnitsException" classname="com.tim.one.service.TestProjectService" time="0.008"/>
  <testcase name="shouldNotChangeStatusToRechazado" classname="com.tim.one.service.TestProjectService" time="0.006"/>
  <testcase name="shouldNotChangeStatusDefinicion" classname="com.tim.one.service.TestProjectService" time="0.004"/>
  <testcase name="shouldNotSaveProjectProviders" classname="com.tim.one.service.TestProjectService" time="0.004"/>
  <testcase name="shouldNotRatingProject" classname="com.tim.one.service.TestProjectService" time="0.005"/>
  <testcase name="shouldRatingProject" classname="com.tim.one.service.TestProjectService" time="0.006"/>
  <testcase name="shouldListProjectsByTypeCategoryId" classname="com.tim.one.service.TestProjectService" time="0.004"/>
  <testcase name="shouldNotMeasureBreakevenAndBudgetSinceNoFinancialData" classname="com.tim.one.service.TestProjectService" time="0.004"/>
  <testcase name="shouldGetProjectFinancialDataWhenTraIsNull" classname="com.tim.one.service.TestProjectService" time="0.005"/>
  <testcase name="shouldNotCreateProjectDueToNoUser" classname="com.tim.one.service.TestProjectService" time="0.004"/>
  <testcase name="shouldNotChangeStatusDueToNoReason" classname="com.tim.one.service.TestProjectService" time="0.004"/>
  <testcase name="shouldNotSaveConsumingUnitsDueToNonSufficientFundsException" classname="com.tim.one.service.TestProjectService" time="0.006"/>
  <testcase name="shouldNotSaveProviderPaymentDueToAlreadyBouthPaid" classname="com.tim.one.service.TestProjectService" time="0.008"/>
  <testcase name="shouldNotRegisterBoxOfficeSalesDueToNoEnoughUnits" classname="com.tim.one.service.TestProjectService" time="0.005"/>
  <testcase name="shouldSaveSettlementProviderPayment" classname="com.tim.one.service.TestProjectService" time="0.007"/>
  <testcase name="shouldNotSaveProviderPaymentDueToAlreadyAdvancePaid" classname="com.tim.one.service.TestProjectService" time="0.005"/>
  <testcase name="shouldSaveVariableCostsWithNoProjectFinancialData" classname="com.tim.one.service.TestProjectService" time="0.006"/>
  <testcase name="shouldListProjectsByTypeCategoryAndStatuses" classname="com.tim.one.service.TestProjectService" time="0.006"/>
  <testcase name="shouldGetEmptySectionsIfNoFinancialData" classname="com.tim.one.service.TestProjectService" time="0.004"/>
  <testcase name="shouldGetProjectsByClosestToEndPresentation" classname="com.tim.one.service.TestProjectService" time="0.005"/>
  <testcase name="shouldChangeStatusToFinanciamiento" classname="com.tim.one.service.TestProjectService" time="0.008"/>
  <testcase name="shouldChangeStatusToAutorizado" classname="com.tim.one.service.TestProjectService" time="0.006"/>
  <testcase name="shouldSaveAdvanceProviderPayment" classname="com.tim.one.service.TestProjectService" time="0.006"/>
  <testcase name="shouldListProjectsByCategoryId" classname="com.tim.one.service.TestProjectService" time="0.004"/>
  <testcase name="shouldListProjects" classname="com.tim.one.service.TestProjectService" time="0.005"/>
  <testcase name="shouldGetProjectsByHighBalance" classname="com.tim.one.service.TestProjectService" time="0.005"/>
  <testcase name="shouldNotSaveProviderPaymentDueToNoProvider" classname="com.tim.one.service.TestProjectService" time="0.008"/>
  <testcase name="shouldGetByKeyword" classname="com.tim.one.service.TestProjectService" time="0.004"/>
  <testcase name="shouldSaveVariableCosts" classname="com.tim.one.service.TestProjectService" time="0.005"/>
  <system-out><![CDATA[]]></system-out>
  <system-err><![CDATA[]]></system-err>
</testsuite>
