<?xml version="1.0" encoding="UTF-8"?>
<testsuite name="com.tim.one.service.TestUserService" tests="6" skipped="0" failures="0" errors="0" timestamp="2015-05-20T16:40:52" hostname="josdem-Inspiron-5420" time="0.005">
  <properties/>
  <testcase name="shouldGetUserById" classname="com.tim.one.service.TestUserService" time="0.001"/>
  <testcase name="shouldGetUserByEmail" classname="com.tim.one.service.TestUserService" time="0.001"/>
  <testcase name="shouldNotFindUserIfEmailIsNull" classname="com.tim.one.service.TestUserService" time="0.001"/>
  <testcase name="shouldGetUserByUuid" classname="com.tim.one.service.TestUserService" time="0.001"/>
  <testcase name="shouldGetNewUser" classname="com.tim.one.service.TestUserService" time="0.001"/>
  <testcase name="shouldGetUserByAccount" classname="com.tim.one.service.TestUserService" time="0.0"/>
  <system-out><![CDATA[]]></system-out>
  <system-err><![CDATA[]]></system-err>
</testsuite>
