<?xml version="1.0" encoding="UTF-8"?>
<testsuite name="com.tim.one.service.TestIntegraTransactionServiceImpl" tests="2" skipped="0" failures="0" errors="0" timestamp="2015-05-20T16:40:34" hostname="josdem-Inspiron-5420" time="0.016">
  <properties/>
  <testcase name="shouldCashin" classname="com.tim.one.service.TestIntegraTransactionServiceImpl" time="0.015"/>
  <testcase name="shouldNotCashinDueToUserNotFound" classname="com.tim.one.service.TestIntegraTransactionServiceImpl" time="0.001"/>
  <system-out><![CDATA[]]></system-out>
  <system-err><![CDATA[]]></system-err>
</testsuite>
