<?xml version="1.0" encoding="UTF-8"?>
<testsuite name="com.tim.one.service.STPAccountServiceIntegrationSpec" tests="2" skipped="0" failures="0" errors="0" timestamp="2015-05-20T16:40:52" hostname="josdem-Inspiron-5420" time="0.497">
  <properties/>
  <testcase name="should create an userAccount by user" classname="com.tim.one.service.STPAccountServiceIntegrationSpec" time="0.257"/>
  <testcase name="should get an exception when create an userAccount by user" classname="com.tim.one.service.STPAccountServiceIntegrationSpec" time="0.239"/>
  <system-out><![CDATA[39255 [Test worker] DEBUG org.springframework.test.annotation.ProfileValueUtils  - Retrieved @ProfileValueSourceConfiguration [null] for test class [com.tim.one.service.STPAccountServiceIntegrationSpec]
39255 [Test worker] DEBUG org.springframework.test.annotation.ProfileValueUtils  - Retrieved ProfileValueSource type [class org.springframework.test.annotation.SystemProfileValueSource] for class [com.tim.one.service.STPAccountServiceIntegrationSpec]
39255 [Test worker] DEBUG org.springframework.test.annotation.ProfileValueUtils  - Retrieved @ProfileValueSourceConfiguration [null] for test class [com.tim.one.service.STPAccountServiceIntegrationSpec]
39255 [Test worker] DEBUG org.springframework.test.annotation.ProfileValueUtils  - Retrieved ProfileValueSource type [class org.springframework.test.annotation.SystemProfileValueSource] for class [com.tim.one.service.STPAccountServiceIntegrationSpec]
39256 [Test worker] DEBUG org.springframework.test.annotation.ProfileValueUtils  - Retrieved @ProfileValueSourceConfiguration [null] for test class [com.tim.one.service.STPAccountServiceIntegrationSpec]
39256 [Test worker] DEBUG org.springframework.test.annotation.ProfileValueUtils  - Retrieved ProfileValueSource type [class org.springframework.test.annotation.SystemProfileValueSource] for class [com.tim.one.service.STPAccountServiceIntegrationSpec]
39256 [Test worker] DEBUG org.springframework.test.context.support.AbstractDelegatingSmartContextLoader  - Delegating to GenericXmlContextLoader to process context configuration [ContextConfigurationAttributes@673c526e declaringClass = 'com.tim.one.service.STPAccountServiceIntegrationSpec', classes = '{}', locations = '{classpath:/services-appctx.xml, classpath:/persistence-appctx.xml, classpath:/jms-appctx.xml, classpath:/mail-context.xml, classpath:/transaction-appctx.xml, classpath:/formatter-appctx.xml, classpath:/stp-appctx.xml, classpath:/aop-appctx.xml, classpath:/properties-appctx.xml}', inheritLocations = true, initializers = '{}', inheritInitializers = true, name = [null], contextLoaderClass = 'org.springframework.test.context.ContextLoader'].
39256 [Test worker] DEBUG org.springframework.test.context.ContextLoaderUtils  - Could not find an 'annotation declaring class' for annotation type [org.springframework.test.context.ActiveProfiles] and class [com.tim.one.service.STPAccountServiceIntegrationSpec]
39256 [Test worker] DEBUG org.springframework.test.context.TestContextManager  - @TestExecutionListeners is not present for class [com.tim.one.service.STPAccountServiceIntegrationSpec]: using defaults.
39263 [Test worker] DEBUG org.springframework.test.context.support.DependencyInjectionTestExecutionListener  - Performing dependency injection for test context [[DefaultTestContext@419ca2bf testClass = STPAccountServiceIntegrationSpec, testInstance = com.tim.one.service.STPAccountServiceIntegrationSpec@1280cb40, testMethod = [null], testException = [null], mergedContextConfiguration = [MergedContextConfiguration@459fe03d testClass = STPAccountServiceIntegrationSpec, locations = '{classpath:/services-appctx.xml, classpath:/persistence-appctx.xml, classpath:/jms-appctx.xml, classpath:/mail-context.xml, classpath:/transaction-appctx.xml, classpath:/formatter-appctx.xml, classpath:/stp-appctx.xml, classpath:/aop-appctx.xml, classpath:/properties-appctx.xml}', classes = '{}', contextInitializerClasses = '[]', activeProfiles = '{}', contextLoader = 'org.springframework.test.context.support.DelegatingSmartContextLoader', parent = [null]]]].
39263 [Test worker] DEBUG org.springframework.test.context.CacheAwareContextLoaderDelegate  - Retrieved ApplicationContext from cache with key [[MergedContextConfiguration@459fe03d testClass = STPAccountServiceIntegrationSpec, locations = '{classpath:/services-appctx.xml, classpath:/persistence-appctx.xml, classpath:/jms-appctx.xml, classpath:/mail-context.xml, classpath:/transaction-appctx.xml, classpath:/formatter-appctx.xml, classpath:/stp-appctx.xml, classpath:/aop-appctx.xml, classpath:/properties-appctx.xml}', classes = '{}', contextInitializerClasses = '[]', activeProfiles = '{}', contextLoader = 'org.springframework.test.context.support.DelegatingSmartContextLoader', parent = [null]]].
39270 [Test worker] DEBUG org.springframework.aop.aspectj.annotation.AnnotationAwareAspectJAutoProxyCreator  - Creating implicit proxy for bean 'com.tim.one.service.STPAccountServiceIntegrationSpec' with 0 common interceptors and 3 specific interceptors
39270 [Test worker] DEBUG org.springframework.aop.framework.JdkDynamicAopProxy  - Creating JDK dynamic proxy: target source is SingletonTargetSource for target object [com.tim.one.service.STPAccountServiceIntegrationSpec@1280cb40]
39271 [Test worker] DEBUG org.springframework.orm.jpa.JpaTransactionManager  - Creating new transaction with name [org.springframework.data.jpa.repository.support.SimpleJpaRepository.save]: PROPAGATION_REQUIRED,ISOLATION_DEFAULT; ''
39271 [Test worker] DEBUG org.springframework.orm.jpa.JpaTransactionManager  - Opened new EntityManager [org.hibernate.jpa.internal.EntityManagerImpl@33ae881] for JPA transaction
39272 [Test worker] DEBUG org.springframework.orm.jpa.JpaTransactionManager  - Exposing JPA transaction as JDBC transaction [org.springframework.orm.jpa.vendor.HibernateJpaDialect$HibernateConnectionHandle@4f64e07a]
39273 [Test worker] DEBUG org.springframework.orm.jpa.JpaTransactionManager  - Initiating transaction commit
39273 [Test worker] DEBUG org.springframework.orm.jpa.JpaTransactionManager  - Committing JPA transaction on EntityManager [org.hibernate.jpa.internal.EntityManagerImpl@33ae881]
39345 [Test worker] DEBUG org.springframework.orm.jpa.JpaTransactionManager  - Closing JPA EntityManager [org.hibernate.jpa.internal.EntityManagerImpl@33ae881] after transaction
39345 [Test worker] DEBUG org.springframework.orm.jpa.EntityManagerFactoryUtils  - Closing JPA EntityManager
39345 [Test worker] INFO  org.hibernate.engine.internal.StatisticalLoggingSessionEventListener  - Session Metrics {
    357186 nanoseconds spent acquiring 1 JDBC connections;
    0 nanoseconds spent releasing 0 JDBC connections;
    77595 nanoseconds spent preparing 1 JDBC statements;
    276606 nanoseconds spent executing 1 JDBC statements;
    0 nanoseconds spent executing 0 JDBC batches;
    303335 nanoseconds spent performing 2 L2C puts;
    0 nanoseconds spent performing 0 L2C hits;
    0 nanoseconds spent performing 0 L2C misses;
    211605 nanoseconds spent executing 1 flushes (flushing a total of 1 entities and 0 collections);
    0 nanoseconds spent executing 0 partial-flushes (flushing a total of 0 entities and 0 collections)
}
39346 [Test worker] DEBUG org.springframework.orm.jpa.JpaTransactionManager  - Creating new transaction with name [com.tim.one.service.impl.STPAccountServiceImpl.createAccout]: PROPAGATION_REQUIRED,ISOLATION_DEFAULT
39346 [Test worker] DEBUG org.springframework.orm.jpa.JpaTransactionManager  - Opened new EntityManager [org.hibernate.jpa.internal.EntityManagerImpl@33bf4000] for JPA transaction
39347 [Test worker] DEBUG org.springframework.orm.jpa.JpaTransactionManager  - Exposing JPA transaction as JDBC transaction [org.springframework.orm.jpa.vendor.HibernateJpaDialect$HibernateConnectionHandle@1259c393]
39351 [Test worker] DEBUG org.springframework.orm.jpa.JpaTransactionManager  - Found thread-bound EntityManager [org.hibernate.jpa.internal.EntityManagerImpl@33bf4000] for JPA transaction
39351 [Test worker] DEBUG org.springframework.orm.jpa.JpaTransactionManager  - Participating in existing transaction
39352 [Test worker] INFO  com.tim.one.integration.MessageService  - CALLING Message
39352 [Test worker] DEBUG org.springframework.jms.core.JmsTemplate  - Executing callback on JMS Session: ActiveMQSession {id=ID:josdem-Inspiron-5420-62278-1432140019380-3:2:20,started=false}
39354 [Test worker] DEBUG org.springframework.jms.core.JmsTemplate  - Sending created message: ActiveMQObjectMessage {commandId = 0, responseRequired = false, messageId = null, originalDestination = null, originalTransactionId = null, producerId = null, destination = null, transactionId = null, expiration = 0, timestamp = 0, arrival = 0, brokerInTime = 0, brokerOutTime = 0, correlationId = null, replyTo = null, persistent = false, type = null, priority = 0, groupID = null, groupSequence = 0, targetConsumerId = null, compressed = false, userID = null, content = org.apache.activemq.util.ByteSequence@44f2082a, marshalledProperties = null, dataStructure = null, redeliveryCounter = 0, size = 0, properties = null, readOnlyProperties = false, readOnlyBody = false, droppable = false}
39355 [Test worker] DEBUG org.springframework.orm.jpa.JpaTransactionManager  - Initiating transaction commit
39355 [Test worker] DEBUG org.springframework.orm.jpa.JpaTransactionManager  - Committing JPA transaction on EntityManager [org.hibernate.jpa.internal.EntityManagerImpl@33bf4000]
39423 [Test worker] DEBUG org.springframework.orm.jpa.JpaTransactionManager  - Closing JPA EntityManager [org.hibernate.jpa.internal.EntityManagerImpl@33bf4000] after transaction
39423 [Test worker] DEBUG org.springframework.orm.jpa.EntityManagerFactoryUtils  - Closing JPA EntityManager
39424 [Test worker] INFO  org.hibernate.engine.internal.StatisticalLoggingSessionEventListener  - Session Metrics {
    296111 nanoseconds spent acquiring 1 JDBC connections;
    0 nanoseconds spent releasing 0 JDBC connections;
    239546 nanoseconds spent preparing 4 JDBC statements;
    2017624 nanoseconds spent executing 4 JDBC statements;
    0 nanoseconds spent executing 0 JDBC batches;
    679598 nanoseconds spent performing 3 L2C puts;
    0 nanoseconds spent performing 0 L2C hits;
    0 nanoseconds spent performing 0 L2C misses;
    2598893 nanoseconds spent executing 1 flushes (flushing a total of 2 entities and 1 collections);
    218173 nanoseconds spent executing 2 partial-flushes (flushing a total of 1 entities and 1 collections)
}
39425 [Test worker] DEBUG org.springframework.orm.jpa.JpaTransactionManager  - Creating new transaction with name [org.springframework.data.jpa.repository.support.SimpleJpaRepository.findOne]: PROPAGATION_REQUIRED,ISOLATION_DEFAULT,readOnly; ''
39426 [Test worker] DEBUG org.springframework.orm.jpa.JpaTransactionManager  - Opened new EntityManager [org.hibernate.jpa.internal.EntityManagerImpl@58b736b] for JPA transaction
39426 [Test worker] DEBUG org.springframework.orm.jpa.JpaTransactionManager  - Exposing JPA transaction as JDBC transaction [org.springframework.orm.jpa.vendor.HibernateJpaDialect$HibernateConnectionHandle@7c9a9bda]
39428 [Test worker] DEBUG org.springframework.orm.jpa.JpaTransactionManager  - Initiating transaction commit
39428 [Test worker] DEBUG org.springframework.orm.jpa.JpaTransactionManager  - Committing JPA transaction on EntityManager [org.hibernate.jpa.internal.EntityManagerImpl@58b736b]
39428 [Test worker] DEBUG org.springframework.orm.jpa.JpaTransactionManager  - Closing JPA EntityManager [org.hibernate.jpa.internal.EntityManagerImpl@58b736b] after transaction
39428 [Test worker] DEBUG org.springframework.orm.jpa.EntityManagerFactoryUtils  - Closing JPA EntityManager
39429 [Test worker] INFO  org.hibernate.engine.internal.StatisticalLoggingSessionEventListener  - Session Metrics {
    296497 nanoseconds spent acquiring 1 JDBC connections;
    0 nanoseconds spent releasing 0 JDBC connections;
    57753 nanoseconds spent preparing 1 JDBC statements;
    477997 nanoseconds spent executing 1 JDBC statements;
    0 nanoseconds spent executing 0 JDBC batches;
    0 nanoseconds spent performing 0 L2C puts;
    52404 nanoseconds spent performing 1 L2C hits;
    0 nanoseconds spent performing 0 L2C misses;
    0 nanoseconds spent executing 0 flushes (flushing a total of 0 entities and 0 collections);
    0 nanoseconds spent executing 0 partial-flushes (flushing a total of 0 entities and 0 collections)
}
39429 [Test worker] DEBUG org.springframework.orm.jpa.JpaTransactionManager  - Creating new transaction with name [org.springframework.data.jpa.repository.support.SimpleJpaRepository.deleteAll]: PROPAGATION_REQUIRED,ISOLATION_DEFAULT; ''
39430 [Test worker] DEBUG org.springframework.orm.jpa.JpaTransactionManager  - Opened new EntityManager [org.hibernate.jpa.internal.EntityManagerImpl@1be5e4a1] for JPA transaction
39430 [Test worker] DEBUG org.springframework.orm.jpa.JpaTransactionManager  - Exposing JPA transaction as JDBC transaction [org.springframework.orm.jpa.vendor.HibernateJpaDialect$HibernateConnectionHandle@b7a2358]
39432 [Test worker] DEBUG org.springframework.orm.jpa.JpaTransactionManager  - Initiating transaction commit
39432 [Test worker] DEBUG org.springframework.orm.jpa.JpaTransactionManager  - Committing JPA transaction on EntityManager [org.hibernate.jpa.internal.EntityManagerImpl@1be5e4a1]
39433 [Test worker] DEBUG org.springframework.orm.jpa.JpaTransactionManager  - Closing JPA EntityManager [org.hibernate.jpa.internal.EntityManagerImpl@1be5e4a1] after transaction
39433 [Test worker] DEBUG org.springframework.orm.jpa.EntityManagerFactoryUtils  - Closing JPA EntityManager
39433 [Test worker] INFO  org.hibernate.engine.internal.StatisticalLoggingSessionEventListener  - Session Metrics {
    248281 nanoseconds spent acquiring 1 JDBC connections;
    0 nanoseconds spent releasing 0 JDBC connections;
    96799 nanoseconds spent preparing 2 JDBC statements;
    460202 nanoseconds spent executing 2 JDBC statements;
    0 nanoseconds spent executing 0 JDBC batches;
    0 nanoseconds spent performing 0 L2C puts;
    39159 nanoseconds spent performing 1 L2C hits;
    0 nanoseconds spent performing 0 L2C misses;
    268867 nanoseconds spent executing 1 flushes (flushing a total of 2 entities and 1 collections);
    4990 nanoseconds spent executing 1 partial-flushes (flushing a total of 0 entities and 0 collections)
}
39434 [Test worker] DEBUG org.springframework.orm.jpa.JpaTransactionManager  - Creating new transaction with name [org.springframework.data.jpa.repository.support.SimpleJpaRepository.deleteAll]: PROPAGATION_REQUIRED,ISOLATION_DEFAULT; ''
39434 [Test worker] DEBUG org.springframework.orm.jpa.JpaTransactionManager  - Opened new EntityManager [org.hibernate.jpa.internal.EntityManagerImpl@11c845e3] for JPA transaction
39435 [Test worker] DEBUG org.springframework.orm.jpa.JpaTransactionManager  - Exposing JPA transaction as JDBC transaction [org.springframework.orm.jpa.vendor.HibernateJpaDialect$HibernateConnectionHandle@3b780474]
39437 [Test worker] DEBUG org.springframework.orm.jpa.JpaTransactionManager  - Initiating transaction commit
39438 [Test worker] DEBUG org.springframework.orm.jpa.JpaTransactionManager  - Committing JPA transaction on EntityManager [org.hibernate.jpa.internal.EntityManagerImpl@11c845e3]
39513 [Test worker] DEBUG org.springframework.orm.jpa.JpaTransactionManager  - Closing JPA EntityManager [org.hibernate.jpa.internal.EntityManagerImpl@11c845e3] after transaction
39513 [Test worker] DEBUG org.springframework.orm.jpa.EntityManagerFactoryUtils  - Closing JPA EntityManager
39514 [Test worker] INFO  org.hibernate.engine.internal.StatisticalLoggingSessionEventListener  - Session Metrics {
    345988 nanoseconds spent acquiring 1 JDBC connections;
    0 nanoseconds spent releasing 0 JDBC connections;
    249439 nanoseconds spent preparing 5 JDBC statements;
    1998352 nanoseconds spent executing 5 JDBC statements;
    0 nanoseconds spent executing 0 JDBC batches;
    747237 nanoseconds spent performing 7 L2C puts;
    0 nanoseconds spent performing 0 L2C hits;
    0 nanoseconds spent performing 0 L2C misses;
    2089743 nanoseconds spent executing 1 flushes (flushing a total of 2 entities and 1 collections);
    4994 nanoseconds spent executing 1 partial-flushes (flushing a total of 0 entities and 0 collections)
}
39514 [Test worker] DEBUG org.springframework.test.context.support.DirtiesContextTestExecutionListener  - After test method: context [DefaultTestContext@419ca2bf testClass = STPAccountServiceIntegrationSpec, testInstance = com.tim.one.service.STPAccountServiceIntegrationSpec@1280cb40, testMethod = $spock_feature_0_0@STPAccountServiceIntegrationSpec, testException = [null], mergedContextConfiguration = [MergedContextConfiguration@459fe03d testClass = STPAccountServiceIntegrationSpec, locations = '{classpath:/services-appctx.xml, classpath:/persistence-appctx.xml, classpath:/jms-appctx.xml, classpath:/mail-context.xml, classpath:/transaction-appctx.xml, classpath:/formatter-appctx.xml, classpath:/stp-appctx.xml, classpath:/aop-appctx.xml, classpath:/properties-appctx.xml}', classes = '{}', contextInitializerClasses = '[]', activeProfiles = '{}', contextLoader = 'org.springframework.test.context.support.DelegatingSmartContextLoader', parent = [null]]], class dirties context [false], class mode [null], method dirties context [false].
39515 [Test worker] DEBUG org.springframework.test.context.support.DependencyInjectionTestExecutionListener  - Performing dependency injection for test context [[DefaultTestContext@419ca2bf testClass = STPAccountServiceIntegrationSpec, testInstance = com.tim.one.service.STPAccountServiceIntegrationSpec@171d7813, testMethod = [null], testException = [null], mergedContextConfiguration = [MergedContextConfiguration@459fe03d testClass = STPAccountServiceIntegrationSpec, locations = '{classpath:/services-appctx.xml, classpath:/persistence-appctx.xml, classpath:/jms-appctx.xml, classpath:/mail-context.xml, classpath:/transaction-appctx.xml, classpath:/formatter-appctx.xml, classpath:/stp-appctx.xml, classpath:/aop-appctx.xml, classpath:/properties-appctx.xml}', classes = '{}', contextInitializerClasses = '[]', activeProfiles = '{}', contextLoader = 'org.springframework.test.context.support.DelegatingSmartContextLoader', parent = [null]]]].
39515 [Test worker] DEBUG org.springframework.test.context.CacheAwareContextLoaderDelegate  - Retrieved ApplicationContext from cache with key [[MergedContextConfiguration@459fe03d testClass = STPAccountServiceIntegrationSpec, locations = '{classpath:/services-appctx.xml, classpath:/persistence-appctx.xml, classpath:/jms-appctx.xml, classpath:/mail-context.xml, classpath:/transaction-appctx.xml, classpath:/formatter-appctx.xml, classpath:/stp-appctx.xml, classpath:/aop-appctx.xml, classpath:/properties-appctx.xml}', classes = '{}', contextInitializerClasses = '[]', activeProfiles = '{}', contextLoader = 'org.springframework.test.context.support.DelegatingSmartContextLoader', parent = [null]]].
39516 [Test worker] DEBUG org.springframework.aop.aspectj.annotation.AnnotationAwareAspectJAutoProxyCreator  - Creating implicit proxy for bean 'com.tim.one.service.STPAccountServiceIntegrationSpec' with 0 common interceptors and 3 specific interceptors
39516 [Test worker] DEBUG org.springframework.aop.framework.JdkDynamicAopProxy  - Creating JDK dynamic proxy: target source is SingletonTargetSource for target object [com.tim.one.service.STPAccountServiceIntegrationSpec@171d7813]
39517 [Test worker] DEBUG org.springframework.orm.jpa.JpaTransactionManager  - Creating new transaction with name [org.springframework.data.jpa.repository.support.SimpleJpaRepository.save]: PROPAGATION_REQUIRED,ISOLATION_DEFAULT; ''
39517 [Test worker] DEBUG org.springframework.orm.jpa.JpaTransactionManager  - Opened new EntityManager [org.hibernate.jpa.internal.EntityManagerImpl@6bb3d181] for JPA transaction
39518 [Test worker] DEBUG org.springframework.orm.jpa.JpaTransactionManager  - Exposing JPA transaction as JDBC transaction [org.springframework.orm.jpa.vendor.HibernateJpaDialect$HibernateConnectionHandle@61c030db]
39519 [Test worker] DEBUG org.springframework.orm.jpa.JpaTransactionManager  - Initiating transaction commit
39519 [Test worker] DEBUG org.springframework.orm.jpa.JpaTransactionManager  - Committing JPA transaction on EntityManager [org.hibernate.jpa.internal.EntityManagerImpl@6bb3d181]
39590 [Test worker] DEBUG org.springframework.orm.jpa.JpaTransactionManager  - Closing JPA EntityManager [org.hibernate.jpa.internal.EntityManagerImpl@6bb3d181] after transaction
39591 [Test worker] DEBUG org.springframework.orm.jpa.EntityManagerFactoryUtils  - Closing JPA EntityManager
39591 [Test worker] INFO  org.hibernate.engine.internal.StatisticalLoggingSessionEventListener  - Session Metrics {
    313037 nanoseconds spent acquiring 1 JDBC connections;
    0 nanoseconds spent releasing 0 JDBC connections;
    61439 nanoseconds spent preparing 1 JDBC statements;
    268427 nanoseconds spent executing 1 JDBC statements;
    0 nanoseconds spent executing 0 JDBC batches;
    403535 nanoseconds spent performing 2 L2C puts;
    0 nanoseconds spent performing 0 L2C hits;
    0 nanoseconds spent performing 0 L2C misses;
    188781 nanoseconds spent executing 1 flushes (flushing a total of 1 entities and 0 collections);
    0 nanoseconds spent executing 0 partial-flushes (flushing a total of 0 entities and 0 collections)
}
39592 [Test worker] DEBUG org.springframework.orm.jpa.JpaTransactionManager  - Creating new transaction with name [com.tim.one.service.impl.STPAccountServiceImpl.createAccout]: PROPAGATION_REQUIRED,ISOLATION_DEFAULT
39592 [Test worker] DEBUG org.springframework.orm.jpa.JpaTransactionManager  - Opened new EntityManager [org.hibernate.jpa.internal.EntityManagerImpl@3022f3aa] for JPA transaction
39593 [Test worker] DEBUG org.springframework.orm.jpa.JpaTransactionManager  - Exposing JPA transaction as JDBC transaction [org.springframework.orm.jpa.vendor.HibernateJpaDialect$HibernateConnectionHandle@128cd619]
39605 [Test worker] INFO  com.tim.one.advice.AfterThrowingAdvice  - Wrapping exception Error: 2
39605 [Test worker] INFO  com.tim.one.service.impl.LoggerServiceImpl  - CALLING Notifying
39606 [Test worker] DEBUG org.springframework.jms.core.JmsTemplate  - Executing callback on JMS Session: ActiveMQSession {id=ID:josdem-Inspiron-5420-62278-1432140019380-3:2:21,started=false}
39607 [Test worker] DEBUG org.springframework.jms.core.JmsTemplate  - Sending created message: ActiveMQObjectMessage {commandId = 0, responseRequired = false, messageId = null, originalDestination = null, originalTransactionId = null, producerId = null, destination = null, transactionId = null, expiration = 0, timestamp = 0, arrival = 0, brokerInTime = 0, brokerOutTime = 0, correlationId = null, replyTo = null, persistent = false, type = null, priority = 0, groupID = null, groupSequence = 0, targetConsumerId = null, compressed = false, userID = null, content = org.apache.activemq.util.ByteSequence@aed0f8, marshalledProperties = null, dataStructure = null, redeliveryCounter = 0, size = 0, properties = null, readOnlyProperties = false, readOnlyBody = false, droppable = false}
39608 [Test worker] DEBUG org.springframework.orm.jpa.JpaTransactionManager  - Initiating transaction rollback
39608 [Test worker] DEBUG org.springframework.orm.jpa.JpaTransactionManager  - Rolling back JPA transaction on EntityManager [org.hibernate.jpa.internal.EntityManagerImpl@3022f3aa]
39608 [org.springframework.jms.listener.DefaultMessageListenerContainer#1-1] DEBUG org.springframework.jms.listener.DefaultMessageListenerContainer  - Received message of type [class org.apache.activemq.command.ActiveMQObjectMessage] from consumer [ActiveMQMessageConsumer { value=ID:josdem-Inspiron-5420-62278-1432140019380-5:1:2:1, started=true }] of session [ActiveMQSession {id=ID:josdem-Inspiron-5420-62278-1432140019380-5:1:2,started=true}]
39609 [Test worker] DEBUG org.springframework.orm.jpa.JpaTransactionManager  - Closing JPA EntityManager [org.hibernate.jpa.internal.EntityManagerImpl@3022f3aa] after transaction
39609 [Test worker] DEBUG org.springframework.orm.jpa.EntityManagerFactoryUtils  - Closing JPA EntityManager
39609 [Test worker] INFO  org.hibernate.engine.internal.StatisticalLoggingSessionEventListener  - Session Metrics {
    367295 nanoseconds spent acquiring 1 JDBC connections;
    0 nanoseconds spent releasing 0 JDBC connections;
    273659 nanoseconds spent preparing 3 JDBC statements;
    1654892 nanoseconds spent executing 3 JDBC statements;
    0 nanoseconds spent executing 0 JDBC batches;
    202135 nanoseconds spent performing 1 L2C puts;
    0 nanoseconds spent performing 0 L2C hits;
    0 nanoseconds spent performing 0 L2C misses;
    0 nanoseconds spent executing 0 flushes (flushing a total of 0 entities and 0 collections);
    448344 nanoseconds spent executing 2 partial-flushes (flushing a total of 1 entities and 1 collections)
}
39609 [org.springframework.jms.listener.DefaultMessageListenerContainer#1-1] INFO  com.tim.one.messengine.LoggerMessageListener  - Error: 2;null
39610 [Test worker] DEBUG org.springframework.orm.jpa.JpaTransactionManager  - Creating new transaction with name [org.springframework.data.jpa.repository.support.SimpleJpaRepository.deleteAll]: PROPAGATION_REQUIRED,ISOLATION_DEFAULT; ''
39610 [Test worker] DEBUG org.springframework.orm.jpa.JpaTransactionManager  - Opened new EntityManager [org.hibernate.jpa.internal.EntityManagerImpl@2ffc88da] for JPA transaction
39611 [Test worker] DEBUG org.springframework.orm.jpa.JpaTransactionManager  - Exposing JPA transaction as JDBC transaction [org.springframework.orm.jpa.vendor.HibernateJpaDialect$HibernateConnectionHandle@704a1aa2]
39612 [Test worker] DEBUG org.springframework.orm.jpa.JpaTransactionManager  - Initiating transaction commit
39612 [Test worker] DEBUG org.springframework.orm.jpa.JpaTransactionManager  - Committing JPA transaction on EntityManager [org.hibernate.jpa.internal.EntityManagerImpl@2ffc88da]
39612 [Test worker] DEBUG org.springframework.orm.jpa.JpaTransactionManager  - Closing JPA EntityManager [org.hibernate.jpa.internal.EntityManagerImpl@2ffc88da] after transaction
39612 [Test worker] DEBUG org.springframework.orm.jpa.EntityManagerFactoryUtils  - Closing JPA EntityManager
39612 [Test worker] INFO  org.hibernate.engine.internal.StatisticalLoggingSessionEventListener  - Session Metrics {
    344351 nanoseconds spent acquiring 1 JDBC connections;
    0 nanoseconds spent releasing 0 JDBC connections;
    71089 nanoseconds spent preparing 1 JDBC statements;
    335128 nanoseconds spent executing 1 JDBC statements;
    0 nanoseconds spent executing 0 JDBC batches;
    0 nanoseconds spent performing 0 L2C puts;
    0 nanoseconds spent performing 0 L2C hits;
    0 nanoseconds spent performing 0 L2C misses;
    0 nanoseconds spent executing 0 flushes (flushing a total of 0 entities and 0 collections);
    7457 nanoseconds spent executing 1 partial-flushes (flushing a total of 0 entities and 0 collections)
}
39613 [Test worker] DEBUG org.springframework.orm.jpa.JpaTransactionManager  - Creating new transaction with name [org.springframework.data.jpa.repository.support.SimpleJpaRepository.deleteAll]: PROPAGATION_REQUIRED,ISOLATION_DEFAULT; ''
39613 [Test worker] DEBUG org.springframework.orm.jpa.JpaTransactionManager  - Opened new EntityManager [org.hibernate.jpa.internal.EntityManagerImpl@21725e1b] for JPA transaction
39614 [Test worker] DEBUG org.springframework.orm.jpa.JpaTransactionManager  - Exposing JPA transaction as JDBC transaction [org.springframework.orm.jpa.vendor.HibernateJpaDialect$HibernateConnectionHandle@44f4fbca]
39617 [Test worker] DEBUG org.springframework.orm.jpa.JpaTransactionManager  - Initiating transaction commit
39617 [Test worker] DEBUG org.springframework.orm.jpa.JpaTransactionManager  - Committing JPA transaction on EntityManager [org.hibernate.jpa.internal.EntityManagerImpl@21725e1b]
39753 [Test worker] DEBUG org.springframework.orm.jpa.JpaTransactionManager  - Closing JPA EntityManager [org.hibernate.jpa.internal.EntityManagerImpl@21725e1b] after transaction
39754 [Test worker] DEBUG org.springframework.orm.jpa.EntityManagerFactoryUtils  - Closing JPA EntityManager
39754 [Test worker] INFO  org.hibernate.engine.internal.StatisticalLoggingSessionEventListener  - Session Metrics {
    354468 nanoseconds spent acquiring 1 JDBC connections;
    0 nanoseconds spent releasing 0 JDBC connections;
    308241 nanoseconds spent preparing 4 JDBC statements;
    1982373 nanoseconds spent executing 4 JDBC statements;
    0 nanoseconds spent executing 0 JDBC batches;
    615686 nanoseconds spent performing 5 L2C puts;
    0 nanoseconds spent performing 0 L2C hits;
    0 nanoseconds spent performing 0 L2C misses;
    1496952 nanoseconds spent executing 1 flushes (flushing a total of 1 entities and 1 collections);
    8739 nanoseconds spent executing 1 partial-flushes (flushing a total of 0 entities and 0 collections)
}
39754 [Test worker] DEBUG org.springframework.test.context.support.DirtiesContextTestExecutionListener  - After test method: context [DefaultTestContext@419ca2bf testClass = STPAccountServiceIntegrationSpec, testInstance = com.tim.one.service.STPAccountServiceIntegrationSpec@171d7813, testMethod = $spock_feature_0_1@STPAccountServiceIntegrationSpec, testException = [null], mergedContextConfiguration = [MergedContextConfiguration@459fe03d testClass = STPAccountServiceIntegrationSpec, locations = '{classpath:/services-appctx.xml, classpath:/persistence-appctx.xml, classpath:/jms-appctx.xml, classpath:/mail-context.xml, classpath:/transaction-appctx.xml, classpath:/formatter-appctx.xml, classpath:/stp-appctx.xml, classpath:/aop-appctx.xml, classpath:/properties-appctx.xml}', classes = '{}', contextInitializerClasses = '[]', activeProfiles = '{}', contextLoader = 'org.springframework.test.context.support.DelegatingSmartContextLoader', parent = [null]]], class dirties context [false], class mode [null], method dirties context [false].
39754 [Test worker] DEBUG org.springframework.test.context.support.DirtiesContextTestExecutionListener  - After test class: context [DefaultTestContext@419ca2bf testClass = STPAccountServiceIntegrationSpec, testInstance = [null], testMethod = [null], testException = [null], mergedContextConfiguration = [MergedContextConfiguration@459fe03d testClass = STPAccountServiceIntegrationSpec, locations = '{classpath:/services-appctx.xml, classpath:/persistence-appctx.xml, classpath:/jms-appctx.xml, classpath:/mail-context.xml, classpath:/transaction-appctx.xml, classpath:/formatter-appctx.xml, classpath:/stp-appctx.xml, classpath:/aop-appctx.xml, classpath:/properties-appctx.xml}', classes = '{}', contextInitializerClasses = '[]', activeProfiles = '{}', contextLoader = 'org.springframework.test.context.support.DelegatingSmartContextLoader', parent = [null]]], dirtiesContext [false].
]]></system-out>
  <system-err><![CDATA[]]></system-err>
</testsuite>
