<?xml version="1.0" encoding="UTF-8"?>
<testsuite name="com.tim.one.service.TestUserTransactionService" tests="7" skipped="0" failures="0" errors="0" timestamp="2015-05-20T16:40:34" hostname="josdem-Inspiron-5420" time="0.027">
  <properties/>
  <testcase name="shouldNotReturnOfFundingDueToNoUser" classname="com.tim.one.service.TestUserTransactionService" time="0.007"/>
  <testcase name="shouldGetRDF" classname="com.tim.one.service.TestUserTransactionService" time="0.004"/>
  <testcase name="shouldGetRDI" classname="com.tim.one.service.TestUserTransactionService" time="0.003"/>
  <testcase name="shouldGetRac" classname="com.tim.one.service.TestUserTransactionService" time="0.003"/>
  <testcase name="shouldNotReturnOfFunding" classname="com.tim.one.service.TestUserTransactionService" time="0.004"/>
  <testcase name="shouldReturnOfFunding" classname="com.tim.one.service.TestUserTransactionService" time="0.003"/>
  <testcase name="shouldReturnOfInvestment" classname="com.tim.one.service.TestUserTransactionService" time="0.003"/>
  <system-out><![CDATA[]]></system-out>
  <system-err><![CDATA[]]></system-err>
</testsuite>
