<?xml version="1.0" encoding="UTF-8"?>
<testsuite name="com.tim.one.collaborator.TestBeanAggregator" tests="4" skipped="0" failures="0" errors="0" timestamp="2015-05-20T16:40:14" hostname="josdem-Inspiron-5420" time="0.024">
  <properties/>
  <testcase name="shouldAddProjectPhotos" classname="com.tim.one.collaborator.TestBeanAggregator" time="0.012"/>
  <testcase name="shouldNotAddProjectBusinessCaseDueToNoName" classname="com.tim.one.collaborator.TestBeanAggregator" time="0.004"/>
  <testcase name="shouldNotAddProjectPhotos" classname="com.tim.one.collaborator.TestBeanAggregator" time="0.004"/>
  <testcase name="shouldAddProjectBusinessCase" classname="com.tim.one.collaborator.TestBeanAggregator" time="0.004"/>
  <system-out><![CDATA[]]></system-out>
  <system-err><![CDATA[]]></system-err>
</testsuite>
