<?xml version="1.0" encoding="UTF-8"?>
<testsuite name="com.tim.one.packer.TestCommonMessagePacker" tests="3" skipped="0" failures="0" errors="0" timestamp="2015-05-20T16:40:14" hostname="josdem-Inspiron-5420" time="0.015">
  <properties/>
  <testcase name="shouldSendBridgeToTrama" classname="com.tim.one.packer.TestCommonMessagePacker" time="0.006"/>
  <testcase name="shouldSendCashout" classname="com.tim.one.packer.TestCommonMessagePacker" time="0.005"/>
  <testcase name="shouldSendCreacionCuenta" classname="com.tim.one.packer.TestCommonMessagePacker" time="0.004"/>
  <system-out><![CDATA[]]></system-out>
  <system-err><![CDATA[]]></system-err>
</testsuite>
