<?xml version="1.0" encoding="UTF-8"?>
<testsuite name="com.tim.one.service.TestProjectPersisterService" tests="2" skipped="0" failures="0" errors="0" timestamp="2015-05-20T16:40:49" hostname="josdem-Inspiron-5420" time="0.015">
  <properties/>
  <testcase name="shouldSaveABasicProject" classname="com.tim.one.service.TestProjectPersisterService" time="0.014"/>
  <testcase name="shouldSaveProject" classname="com.tim.one.service.TestProjectPersisterService" time="0.001"/>
  <system-out><![CDATA[]]></system-out>
  <system-err><![CDATA[]]></system-err>
</testsuite>
