<?xml version="1.0" encoding="UTF-8"?>
<testsuite name="com.tim.one.service.TransactionApplierServiceIntegrationSpec" tests="5" skipped="0" failures="0" errors="0" timestamp="2015-05-20T16:40:30" hostname="josdem-Inspiron-5420" time="0.423">
  <properties/>
  <testcase name="should add amount to user" classname="com.tim.one.service.TransactionApplierServiceIntegrationSpec" time="0.111"/>
  <testcase name="should substract amount to user" classname="com.tim.one.service.TransactionApplierServiceIntegrationSpec" time="0.078"/>
  <testcase name="should add amount to project" classname="com.tim.one.service.TransactionApplierServiceIntegrationSpec" time="0.079"/>
  <testcase name="should not add amount to user due to invalid amount" classname="com.tim.one.service.TransactionApplierServiceIntegrationSpec" time="0.077"/>
  <testcase name="should substract amount to project" classname="com.tim.one.service.TransactionApplierServiceIntegrationSpec" time="0.077"/>
  <system-out><![CDATA[17217 [Test worker] DEBUG org.springframework.test.annotation.ProfileValueUtils  - Retrieved @ProfileValueSourceConfiguration [null] for test class [com.tim.one.service.TransactionApplierServiceIntegrationSpec]
17217 [Test worker] DEBUG org.springframework.test.annotation.ProfileValueUtils  - Retrieved ProfileValueSource type [class org.springframework.test.annotation.SystemProfileValueSource] for class [com.tim.one.service.TransactionApplierServiceIntegrationSpec]
17217 [Test worker] DEBUG org.springframework.test.annotation.ProfileValueUtils  - Retrieved @ProfileValueSourceConfiguration [null] for test class [com.tim.one.service.TransactionApplierServiceIntegrationSpec]
17217 [Test worker] DEBUG org.springframework.test.annotation.ProfileValueUtils  - Retrieved ProfileValueSource type [class org.springframework.test.annotation.SystemProfileValueSource] for class [com.tim.one.service.TransactionApplierServiceIntegrationSpec]
17218 [Test worker] DEBUG org.springframework.test.annotation.ProfileValueUtils  - Retrieved @ProfileValueSourceConfiguration [null] for test class [com.tim.one.service.TransactionApplierServiceIntegrationSpec]
17218 [Test worker] DEBUG org.springframework.test.annotation.ProfileValueUtils  - Retrieved ProfileValueSource type [class org.springframework.test.annotation.SystemProfileValueSource] for class [com.tim.one.service.TransactionApplierServiceIntegrationSpec]
17218 [Test worker] DEBUG org.springframework.test.annotation.ProfileValueUtils  - Retrieved @ProfileValueSourceConfiguration [null] for test class [com.tim.one.service.TransactionApplierServiceIntegrationSpec]
17218 [Test worker] DEBUG org.springframework.test.annotation.ProfileValueUtils  - Retrieved ProfileValueSource type [class org.springframework.test.annotation.SystemProfileValueSource] for class [com.tim.one.service.TransactionApplierServiceIntegrationSpec]
17218 [Test worker] DEBUG org.springframework.test.annotation.ProfileValueUtils  - Retrieved @ProfileValueSourceConfiguration [null] for test class [com.tim.one.service.TransactionApplierServiceIntegrationSpec]
17218 [Test worker] DEBUG org.springframework.test.annotation.ProfileValueUtils  - Retrieved ProfileValueSource type [class org.springframework.test.annotation.SystemProfileValueSource] for class [com.tim.one.service.TransactionApplierServiceIntegrationSpec]
17219 [Test worker] DEBUG org.springframework.test.annotation.ProfileValueUtils  - Retrieved @ProfileValueSourceConfiguration [null] for test class [com.tim.one.service.TransactionApplierServiceIntegrationSpec]
17219 [Test worker] DEBUG org.springframework.test.annotation.ProfileValueUtils  - Retrieved ProfileValueSource type [class org.springframework.test.annotation.SystemProfileValueSource] for class [com.tim.one.service.TransactionApplierServiceIntegrationSpec]
17219 [Test worker] DEBUG org.springframework.test.context.support.AbstractDelegatingSmartContextLoader  - Delegating to GenericXmlContextLoader to process context configuration [ContextConfigurationAttributes@459f6ed1 declaringClass = 'com.tim.one.service.TransactionApplierServiceIntegrationSpec', classes = '{}', locations = '{classpath:/services-appctx.xml, classpath:/persistence-appctx.xml, classpath:/jms-appctx.xml, classpath:/mail-context.xml, classpath:/transaction-appctx.xml, classpath:/formatter-appctx.xml, classpath:/stp-appctx.xml, classpath:/aop-appctx.xml, classpath:/properties-appctx.xml}', inheritLocations = true, initializers = '{}', inheritInitializers = true, name = [null], contextLoaderClass = 'org.springframework.test.context.ContextLoader'].
17220 [Test worker] DEBUG org.springframework.test.context.ContextLoaderUtils  - Could not find an 'annotation declaring class' for annotation type [org.springframework.test.context.ActiveProfiles] and class [com.tim.one.service.TransactionApplierServiceIntegrationSpec]
17220 [Test worker] DEBUG org.springframework.test.context.TestContextManager  - @TestExecutionListeners is not present for class [com.tim.one.service.TransactionApplierServiceIntegrationSpec]: using defaults.
17226 [Test worker] DEBUG org.springframework.test.context.support.DependencyInjectionTestExecutionListener  - Performing dependency injection for test context [[DefaultTestContext@32466ada testClass = TransactionApplierServiceIntegrationSpec, testInstance = com.tim.one.service.TransactionApplierServiceIntegrationSpec@2d1127ff, testMethod = [null], testException = [null], mergedContextConfiguration = [MergedContextConfiguration@4158ed76 testClass = TransactionApplierServiceIntegrationSpec, locations = '{classpath:/services-appctx.xml, classpath:/persistence-appctx.xml, classpath:/jms-appctx.xml, classpath:/mail-context.xml, classpath:/transaction-appctx.xml, classpath:/formatter-appctx.xml, classpath:/stp-appctx.xml, classpath:/aop-appctx.xml, classpath:/properties-appctx.xml}', classes = '{}', contextInitializerClasses = '[]', activeProfiles = '{}', contextLoader = 'org.springframework.test.context.support.DelegatingSmartContextLoader', parent = [null]]]].
17226 [Test worker] DEBUG org.springframework.test.context.CacheAwareContextLoaderDelegate  - Retrieved ApplicationContext from cache with key [[MergedContextConfiguration@4158ed76 testClass = TransactionApplierServiceIntegrationSpec, locations = '{classpath:/services-appctx.xml, classpath:/persistence-appctx.xml, classpath:/jms-appctx.xml, classpath:/mail-context.xml, classpath:/transaction-appctx.xml, classpath:/formatter-appctx.xml, classpath:/stp-appctx.xml, classpath:/aop-appctx.xml, classpath:/properties-appctx.xml}', classes = '{}', contextInitializerClasses = '[]', activeProfiles = '{}', contextLoader = 'org.springframework.test.context.support.DelegatingSmartContextLoader', parent = [null]]].
17233 [Test worker] DEBUG org.springframework.aop.aspectj.annotation.AnnotationAwareAspectJAutoProxyCreator  - Creating implicit proxy for bean 'com.tim.one.service.TransactionApplierServiceIntegrationSpec' with 0 common interceptors and 3 specific interceptors
17233 [Test worker] DEBUG org.springframework.aop.framework.JdkDynamicAopProxy  - Creating JDK dynamic proxy: target source is SingletonTargetSource for target object [com.tim.one.service.TransactionApplierServiceIntegrationSpec@2d1127ff]
17233 [Test worker] DEBUG org.springframework.transaction.annotation.AnnotationTransactionAttributeSource  - Adding transactional method 'TransactionApplierServiceIntegrationSpec.$spock_feature_0_0' with attribute: PROPAGATION_REQUIRED,ISOLATION_DEFAULT
17233 [Test worker] DEBUG org.springframework.test.context.transaction.TransactionalTestExecutionListener  - Explicit transaction definition [PROPAGATION_REQUIRED,ISOLATION_DEFAULT] found for test context [DefaultTestContext@32466ada testClass = TransactionApplierServiceIntegrationSpec, testInstance = com.tim.one.service.TransactionApplierServiceIntegrationSpec@2d1127ff, testMethod = $spock_feature_0_0@TransactionApplierServiceIntegrationSpec, testException = [null], mergedContextConfiguration = [MergedContextConfiguration@4158ed76 testClass = TransactionApplierServiceIntegrationSpec, locations = '{classpath:/services-appctx.xml, classpath:/persistence-appctx.xml, classpath:/jms-appctx.xml, classpath:/mail-context.xml, classpath:/transaction-appctx.xml, classpath:/formatter-appctx.xml, classpath:/stp-appctx.xml, classpath:/aop-appctx.xml, classpath:/properties-appctx.xml}', classes = '{}', contextInitializerClasses = '[]', activeProfiles = '{}', contextLoader = 'org.springframework.test.context.support.DelegatingSmartContextLoader', parent = [null]]]
17233 [Test worker] DEBUG org.springframework.test.context.CacheAwareContextLoaderDelegate  - Retrieved ApplicationContext from cache with key [[MergedContextConfiguration@4158ed76 testClass = TransactionApplierServiceIntegrationSpec, locations = '{classpath:/services-appctx.xml, classpath:/persistence-appctx.xml, classpath:/jms-appctx.xml, classpath:/mail-context.xml, classpath:/transaction-appctx.xml, classpath:/formatter-appctx.xml, classpath:/stp-appctx.xml, classpath:/aop-appctx.xml, classpath:/properties-appctx.xml}', classes = '{}', contextInitializerClasses = '[]', activeProfiles = '{}', contextLoader = 'org.springframework.test.context.support.DelegatingSmartContextLoader', parent = [null]]].
17233 [Test worker] DEBUG org.springframework.test.context.transaction.TransactionalTestExecutionListener  - Retrieved @TransactionConfiguration attributes [null] for test class [class com.tim.one.service.TransactionApplierServiceIntegrationSpec].
17234 [Test worker] DEBUG org.springframework.test.context.transaction.TransactionalTestExecutionListener  - Retrieved TransactionConfigurationAttributes [TransactionConfigurationAttributes@354dff7e transactionManagerName = 'transactionManager', defaultRollback = true] for class [class com.tim.one.service.TransactionApplierServiceIntegrationSpec].
17234 [Test worker] DEBUG org.springframework.orm.jpa.JpaTransactionManager  - Creating new transaction with name [$spock_feature_0_0]: PROPAGATION_REQUIRED,ISOLATION_DEFAULT
17234 [Test worker] DEBUG org.springframework.orm.jpa.JpaTransactionManager  - Opened new EntityManager [org.hibernate.jpa.internal.EntityManagerImpl@13c0c489] for JPA transaction
17235 [Test worker] DEBUG org.springframework.orm.jpa.JpaTransactionManager  - Exposing JPA transaction as JDBC transaction [org.springframework.orm.jpa.vendor.HibernateJpaDialect$HibernateConnectionHandle@221f36eb]
17235 [Test worker] DEBUG org.springframework.test.context.transaction.TransactionalTestExecutionListener  - No method-level @Rollback override: using default rollback [true] for test context [DefaultTestContext@32466ada testClass = TransactionApplierServiceIntegrationSpec, testInstance = com.tim.one.service.TransactionApplierServiceIntegrationSpec@2d1127ff, testMethod = $spock_feature_0_0@TransactionApplierServiceIntegrationSpec, testException = [null], mergedContextConfiguration = [MergedContextConfiguration@4158ed76 testClass = TransactionApplierServiceIntegrationSpec, locations = '{classpath:/services-appctx.xml, classpath:/persistence-appctx.xml, classpath:/jms-appctx.xml, classpath:/mail-context.xml, classpath:/transaction-appctx.xml, classpath:/formatter-appctx.xml, classpath:/stp-appctx.xml, classpath:/aop-appctx.xml, classpath:/properties-appctx.xml}', classes = '{}', contextInitializerClasses = '[]', activeProfiles = '{}', contextLoader = 'org.springframework.test.context.support.DelegatingSmartContextLoader', parent = [null]]].
17235 [Test worker] INFO  org.springframework.test.context.transaction.TransactionalTestExecutionListener  - Began transaction (1) for test context [DefaultTestContext@32466ada testClass = TransactionApplierServiceIntegrationSpec, testInstance = com.tim.one.service.TransactionApplierServiceIntegrationSpec@2d1127ff, testMethod = $spock_feature_0_0@TransactionApplierServiceIntegrationSpec, testException = [null], mergedContextConfiguration = [MergedContextConfiguration@4158ed76 testClass = TransactionApplierServiceIntegrationSpec, locations = '{classpath:/services-appctx.xml, classpath:/persistence-appctx.xml, classpath:/jms-appctx.xml, classpath:/mail-context.xml, classpath:/transaction-appctx.xml, classpath:/formatter-appctx.xml, classpath:/stp-appctx.xml, classpath:/aop-appctx.xml, classpath:/properties-appctx.xml}', classes = '{}', contextInitializerClasses = '[]', activeProfiles = '{}', contextLoader = 'org.springframework.test.context.support.DelegatingSmartContextLoader', parent = [null]]]; transaction manager [org.springframework.orm.jpa.JpaTransactionManager@12db244c]; rollback [true]
17236 [Test worker] DEBUG org.springframework.orm.jpa.JpaTransactionManager  - Found thread-bound EntityManager [org.hibernate.jpa.internal.EntityManagerImpl@13c0c489] for JPA transaction
17236 [Test worker] DEBUG org.springframework.orm.jpa.JpaTransactionManager  - Participating in existing transaction
17240 [Test worker] DEBUG org.springframework.orm.jpa.JpaTransactionManager  - Found thread-bound EntityManager [org.hibernate.jpa.internal.EntityManagerImpl@13c0c489] for JPA transaction
17240 [Test worker] DEBUG org.springframework.orm.jpa.JpaTransactionManager  - Participating in existing transaction
17241 [Test worker] DEBUG org.springframework.data.repository.core.support.TransactionalRepositoryProxyPostProcessor$CustomAnnotationTransactionAttributeSource  - Adding transactional method 'findOne' with attribute: PROPAGATION_REQUIRED,ISOLATION_DEFAULT,readOnly; ''
17241 [Test worker] DEBUG org.springframework.orm.jpa.JpaTransactionManager  - Found thread-bound EntityManager [org.hibernate.jpa.internal.EntityManagerImpl@13c0c489] for JPA transaction
17241 [Test worker] DEBUG org.springframework.orm.jpa.JpaTransactionManager  - Participating in existing transaction
17242 [Test worker] DEBUG org.springframework.orm.jpa.JpaTransactionManager  - Found thread-bound EntityManager [org.hibernate.jpa.internal.EntityManagerImpl@13c0c489] for JPA transaction
17242 [Test worker] DEBUG org.springframework.orm.jpa.JpaTransactionManager  - Participating in existing transaction
17242 [Test worker] DEBUG org.springframework.test.context.transaction.TransactionalTestExecutionListener  - No method-level @Rollback override: using default rollback [true] for test context [DefaultTestContext@32466ada testClass = TransactionApplierServiceIntegrationSpec, testInstance = com.tim.one.service.TransactionApplierServiceIntegrationSpec@2d1127ff, testMethod = $spock_feature_0_0@TransactionApplierServiceIntegrationSpec, testException = [null], mergedContextConfiguration = [MergedContextConfiguration@4158ed76 testClass = TransactionApplierServiceIntegrationSpec, locations = '{classpath:/services-appctx.xml, classpath:/persistence-appctx.xml, classpath:/jms-appctx.xml, classpath:/mail-context.xml, classpath:/transaction-appctx.xml, classpath:/formatter-appctx.xml, classpath:/stp-appctx.xml, classpath:/aop-appctx.xml, classpath:/properties-appctx.xml}', classes = '{}', contextInitializerClasses = '[]', activeProfiles = '{}', contextLoader = 'org.springframework.test.context.support.DelegatingSmartContextLoader', parent = [null]]].
17242 [Test worker] DEBUG org.springframework.orm.jpa.JpaTransactionManager  - Initiating transaction rollback
17242 [Test worker] DEBUG org.springframework.orm.jpa.JpaTransactionManager  - Rolling back JPA transaction on EntityManager [org.hibernate.jpa.internal.EntityManagerImpl@13c0c489]
17330 [Test worker] DEBUG org.springframework.orm.jpa.JpaTransactionManager  - Closing JPA EntityManager [org.hibernate.jpa.internal.EntityManagerImpl@13c0c489] after transaction
17331 [Test worker] DEBUG org.springframework.orm.jpa.EntityManagerFactoryUtils  - Closing JPA EntityManager
17331 [Test worker] INFO  org.hibernate.engine.internal.StatisticalLoggingSessionEventListener  - Session Metrics {
    419437 nanoseconds spent acquiring 1 JDBC connections;
    0 nanoseconds spent releasing 0 JDBC connections;
    49952 nanoseconds spent preparing 1 JDBC statements;
    339264 nanoseconds spent executing 1 JDBC statements;
    0 nanoseconds spent executing 0 JDBC batches;
    319572 nanoseconds spent performing 2 L2C puts;
    0 nanoseconds spent performing 0 L2C hits;
    0 nanoseconds spent performing 0 L2C misses;
    0 nanoseconds spent executing 0 flushes (flushing a total of 0 entities and 0 collections);
    0 nanoseconds spent executing 0 partial-flushes (flushing a total of 0 entities and 0 collections)
}
17331 [Test worker] INFO  org.springframework.test.context.transaction.TransactionalTestExecutionListener  - Rolled back transaction after test execution for test context [DefaultTestContext@32466ada testClass = TransactionApplierServiceIntegrationSpec, testInstance = com.tim.one.service.TransactionApplierServiceIntegrationSpec@2d1127ff, testMethod = $spock_feature_0_0@TransactionApplierServiceIntegrationSpec, testException = [null], mergedContextConfiguration = [MergedContextConfiguration@4158ed76 testClass = TransactionApplierServiceIntegrationSpec, locations = '{classpath:/services-appctx.xml, classpath:/persistence-appctx.xml, classpath:/jms-appctx.xml, classpath:/mail-context.xml, classpath:/transaction-appctx.xml, classpath:/formatter-appctx.xml, classpath:/stp-appctx.xml, classpath:/aop-appctx.xml, classpath:/properties-appctx.xml}', classes = '{}', contextInitializerClasses = '[]', activeProfiles = '{}', contextLoader = 'org.springframework.test.context.support.DelegatingSmartContextLoader', parent = [null]]]
17332 [Test worker] DEBUG org.springframework.test.context.support.DirtiesContextTestExecutionListener  - After test method: context [DefaultTestContext@32466ada testClass = TransactionApplierServiceIntegrationSpec, testInstance = com.tim.one.service.TransactionApplierServiceIntegrationSpec@2d1127ff, testMethod = $spock_feature_0_0@TransactionApplierServiceIntegrationSpec, testException = [null], mergedContextConfiguration = [MergedContextConfiguration@4158ed76 testClass = TransactionApplierServiceIntegrationSpec, locations = '{classpath:/services-appctx.xml, classpath:/persistence-appctx.xml, classpath:/jms-appctx.xml, classpath:/mail-context.xml, classpath:/transaction-appctx.xml, classpath:/formatter-appctx.xml, classpath:/stp-appctx.xml, classpath:/aop-appctx.xml, classpath:/properties-appctx.xml}', classes = '{}', contextInitializerClasses = '[]', activeProfiles = '{}', contextLoader = 'org.springframework.test.context.support.DelegatingSmartContextLoader', parent = [null]]], class dirties context [false], class mode [null], method dirties context [false].
17332 [Test worker] DEBUG org.springframework.test.context.support.DependencyInjectionTestExecutionListener  - Performing dependency injection for test context [[DefaultTestContext@32466ada testClass = TransactionApplierServiceIntegrationSpec, testInstance = com.tim.one.service.TransactionApplierServiceIntegrationSpec@66e6e460, testMethod = [null], testException = [null], mergedContextConfiguration = [MergedContextConfiguration@4158ed76 testClass = TransactionApplierServiceIntegrationSpec, locations = '{classpath:/services-appctx.xml, classpath:/persistence-appctx.xml, classpath:/jms-appctx.xml, classpath:/mail-context.xml, classpath:/transaction-appctx.xml, classpath:/formatter-appctx.xml, classpath:/stp-appctx.xml, classpath:/aop-appctx.xml, classpath:/properties-appctx.xml}', classes = '{}', contextInitializerClasses = '[]', activeProfiles = '{}', contextLoader = 'org.springframework.test.context.support.DelegatingSmartContextLoader', parent = [null]]]].
17332 [Test worker] DEBUG org.springframework.test.context.CacheAwareContextLoaderDelegate  - Retrieved ApplicationContext from cache with key [[MergedContextConfiguration@4158ed76 testClass = TransactionApplierServiceIntegrationSpec, locations = '{classpath:/services-appctx.xml, classpath:/persistence-appctx.xml, classpath:/jms-appctx.xml, classpath:/mail-context.xml, classpath:/transaction-appctx.xml, classpath:/formatter-appctx.xml, classpath:/stp-appctx.xml, classpath:/aop-appctx.xml, classpath:/properties-appctx.xml}', classes = '{}', contextInitializerClasses = '[]', activeProfiles = '{}', contextLoader = 'org.springframework.test.context.support.DelegatingSmartContextLoader', parent = [null]]].
17332 [Test worker] DEBUG org.springframework.aop.aspectj.annotation.AnnotationAwareAspectJAutoProxyCreator  - Creating implicit proxy for bean 'com.tim.one.service.TransactionApplierServiceIntegrationSpec' with 0 common interceptors and 3 specific interceptors
17333 [Test worker] DEBUG org.springframework.aop.framework.JdkDynamicAopProxy  - Creating JDK dynamic proxy: target source is SingletonTargetSource for target object [com.tim.one.service.TransactionApplierServiceIntegrationSpec@66e6e460]
17333 [Test worker] DEBUG org.springframework.transaction.annotation.AnnotationTransactionAttributeSource  - Adding transactional method 'TransactionApplierServiceIntegrationSpec.$spock_feature_0_1' with attribute: PROPAGATION_REQUIRED,ISOLATION_DEFAULT
17333 [Test worker] DEBUG org.springframework.test.context.transaction.TransactionalTestExecutionListener  - Explicit transaction definition [PROPAGATION_REQUIRED,ISOLATION_DEFAULT] found for test context [DefaultTestContext@32466ada testClass = TransactionApplierServiceIntegrationSpec, testInstance = com.tim.one.service.TransactionApplierServiceIntegrationSpec@66e6e460, testMethod = $spock_feature_0_1@TransactionApplierServiceIntegrationSpec, testException = [null], mergedContextConfiguration = [MergedContextConfiguration@4158ed76 testClass = TransactionApplierServiceIntegrationSpec, locations = '{classpath:/services-appctx.xml, classpath:/persistence-appctx.xml, classpath:/jms-appctx.xml, classpath:/mail-context.xml, classpath:/transaction-appctx.xml, classpath:/formatter-appctx.xml, classpath:/stp-appctx.xml, classpath:/aop-appctx.xml, classpath:/properties-appctx.xml}', classes = '{}', contextInitializerClasses = '[]', activeProfiles = '{}', contextLoader = 'org.springframework.test.context.support.DelegatingSmartContextLoader', parent = [null]]]
17333 [Test worker] DEBUG org.springframework.test.context.CacheAwareContextLoaderDelegate  - Retrieved ApplicationContext from cache with key [[MergedContextConfiguration@4158ed76 testClass = TransactionApplierServiceIntegrationSpec, locations = '{classpath:/services-appctx.xml, classpath:/persistence-appctx.xml, classpath:/jms-appctx.xml, classpath:/mail-context.xml, classpath:/transaction-appctx.xml, classpath:/formatter-appctx.xml, classpath:/stp-appctx.xml, classpath:/aop-appctx.xml, classpath:/properties-appctx.xml}', classes = '{}', contextInitializerClasses = '[]', activeProfiles = '{}', contextLoader = 'org.springframework.test.context.support.DelegatingSmartContextLoader', parent = [null]]].
17334 [Test worker] DEBUG org.springframework.orm.jpa.JpaTransactionManager  - Creating new transaction with name [$spock_feature_0_1]: PROPAGATION_REQUIRED,ISOLATION_DEFAULT
17334 [Test worker] DEBUG org.springframework.orm.jpa.JpaTransactionManager  - Opened new EntityManager [org.hibernate.jpa.internal.EntityManagerImpl@409b8f67] for JPA transaction
17334 [Test worker] DEBUG org.springframework.orm.jpa.JpaTransactionManager  - Exposing JPA transaction as JDBC transaction [org.springframework.orm.jpa.vendor.HibernateJpaDialect$HibernateConnectionHandle@6988e9b7]
17335 [Test worker] DEBUG org.springframework.test.context.transaction.TransactionalTestExecutionListener  - No method-level @Rollback override: using default rollback [true] for test context [DefaultTestContext@32466ada testClass = TransactionApplierServiceIntegrationSpec, testInstance = com.tim.one.service.TransactionApplierServiceIntegrationSpec@66e6e460, testMethod = $spock_feature_0_1@TransactionApplierServiceIntegrationSpec, testException = [null], mergedContextConfiguration = [MergedContextConfiguration@4158ed76 testClass = TransactionApplierServiceIntegrationSpec, locations = '{classpath:/services-appctx.xml, classpath:/persistence-appctx.xml, classpath:/jms-appctx.xml, classpath:/mail-context.xml, classpath:/transaction-appctx.xml, classpath:/formatter-appctx.xml, classpath:/stp-appctx.xml, classpath:/aop-appctx.xml, classpath:/properties-appctx.xml}', classes = '{}', contextInitializerClasses = '[]', activeProfiles = '{}', contextLoader = 'org.springframework.test.context.support.DelegatingSmartContextLoader', parent = [null]]].
17335 [Test worker] INFO  org.springframework.test.context.transaction.TransactionalTestExecutionListener  - Began transaction (2) for test context [DefaultTestContext@32466ada testClass = TransactionApplierServiceIntegrationSpec, testInstance = com.tim.one.service.TransactionApplierServiceIntegrationSpec@66e6e460, testMethod = $spock_feature_0_1@TransactionApplierServiceIntegrationSpec, testException = [null], mergedContextConfiguration = [MergedContextConfiguration@4158ed76 testClass = TransactionApplierServiceIntegrationSpec, locations = '{classpath:/services-appctx.xml, classpath:/persistence-appctx.xml, classpath:/jms-appctx.xml, classpath:/mail-context.xml, classpath:/transaction-appctx.xml, classpath:/formatter-appctx.xml, classpath:/stp-appctx.xml, classpath:/aop-appctx.xml, classpath:/properties-appctx.xml}', classes = '{}', contextInitializerClasses = '[]', activeProfiles = '{}', contextLoader = 'org.springframework.test.context.support.DelegatingSmartContextLoader', parent = [null]]]; transaction manager [org.springframework.orm.jpa.JpaTransactionManager@12db244c]; rollback [true]
17335 [Test worker] DEBUG org.springframework.orm.jpa.JpaTransactionManager  - Found thread-bound EntityManager [org.hibernate.jpa.internal.EntityManagerImpl@409b8f67] for JPA transaction
17335 [Test worker] DEBUG org.springframework.orm.jpa.JpaTransactionManager  - Participating in existing transaction
17337 [Test worker] DEBUG org.springframework.orm.jpa.JpaTransactionManager  - Found thread-bound EntityManager [org.hibernate.jpa.internal.EntityManagerImpl@409b8f67] for JPA transaction
17337 [Test worker] DEBUG org.springframework.orm.jpa.JpaTransactionManager  - Participating in existing transaction
17337 [Test worker] DEBUG org.springframework.orm.jpa.JpaTransactionManager  - Found thread-bound EntityManager [org.hibernate.jpa.internal.EntityManagerImpl@409b8f67] for JPA transaction
17337 [Test worker] DEBUG org.springframework.orm.jpa.JpaTransactionManager  - Participating in existing transaction
17337 [Test worker] DEBUG org.springframework.orm.jpa.JpaTransactionManager  - Found thread-bound EntityManager [org.hibernate.jpa.internal.EntityManagerImpl@409b8f67] for JPA transaction
17337 [Test worker] DEBUG org.springframework.orm.jpa.JpaTransactionManager  - Participating in existing transaction
17338 [Test worker] DEBUG org.springframework.test.context.transaction.TransactionalTestExecutionListener  - No method-level @Rollback override: using default rollback [true] for test context [DefaultTestContext@32466ada testClass = TransactionApplierServiceIntegrationSpec, testInstance = com.tim.one.service.TransactionApplierServiceIntegrationSpec@66e6e460, testMethod = $spock_feature_0_1@TransactionApplierServiceIntegrationSpec, testException = [null], mergedContextConfiguration = [MergedContextConfiguration@4158ed76 testClass = TransactionApplierServiceIntegrationSpec, locations = '{classpath:/services-appctx.xml, classpath:/persistence-appctx.xml, classpath:/jms-appctx.xml, classpath:/mail-context.xml, classpath:/transaction-appctx.xml, classpath:/formatter-appctx.xml, classpath:/stp-appctx.xml, classpath:/aop-appctx.xml, classpath:/properties-appctx.xml}', classes = '{}', contextInitializerClasses = '[]', activeProfiles = '{}', contextLoader = 'org.springframework.test.context.support.DelegatingSmartContextLoader', parent = [null]]].
17338 [Test worker] DEBUG org.springframework.orm.jpa.JpaTransactionManager  - Initiating transaction rollback
17338 [Test worker] DEBUG org.springframework.orm.jpa.JpaTransactionManager  - Rolling back JPA transaction on EntityManager [org.hibernate.jpa.internal.EntityManagerImpl@409b8f67]
17408 [Test worker] DEBUG org.springframework.orm.jpa.JpaTransactionManager  - Closing JPA EntityManager [org.hibernate.jpa.internal.EntityManagerImpl@409b8f67] after transaction
17409 [Test worker] DEBUG org.springframework.orm.jpa.EntityManagerFactoryUtils  - Closing JPA EntityManager
17409 [Test worker] INFO  org.hibernate.engine.internal.StatisticalLoggingSessionEventListener  - Session Metrics {
    377559 nanoseconds spent acquiring 1 JDBC connections;
    0 nanoseconds spent releasing 0 JDBC connections;
    75186 nanoseconds spent preparing 1 JDBC statements;
    364064 nanoseconds spent executing 1 JDBC statements;
    0 nanoseconds spent executing 0 JDBC batches;
    333287 nanoseconds spent performing 2 L2C puts;
    0 nanoseconds spent performing 0 L2C hits;
    0 nanoseconds spent performing 0 L2C misses;
    0 nanoseconds spent executing 0 flushes (flushing a total of 0 entities and 0 collections);
    0 nanoseconds spent executing 0 partial-flushes (flushing a total of 0 entities and 0 collections)
}
17409 [Test worker] INFO  org.springframework.test.context.transaction.TransactionalTestExecutionListener  - Rolled back transaction after test execution for test context [DefaultTestContext@32466ada testClass = TransactionApplierServiceIntegrationSpec, testInstance = com.tim.one.service.TransactionApplierServiceIntegrationSpec@66e6e460, testMethod = $spock_feature_0_1@TransactionApplierServiceIntegrationSpec, testException = [null], mergedContextConfiguration = [MergedContextConfiguration@4158ed76 testClass = TransactionApplierServiceIntegrationSpec, locations = '{classpath:/services-appctx.xml, classpath:/persistence-appctx.xml, classpath:/jms-appctx.xml, classpath:/mail-context.xml, classpath:/transaction-appctx.xml, classpath:/formatter-appctx.xml, classpath:/stp-appctx.xml, classpath:/aop-appctx.xml, classpath:/properties-appctx.xml}', classes = '{}', contextInitializerClasses = '[]', activeProfiles = '{}', contextLoader = 'org.springframework.test.context.support.DelegatingSmartContextLoader', parent = [null]]]
17410 [Test worker] DEBUG org.springframework.test.context.support.DirtiesContextTestExecutionListener  - After test method: context [DefaultTestContext@32466ada testClass = TransactionApplierServiceIntegrationSpec, testInstance = com.tim.one.service.TransactionApplierServiceIntegrationSpec@66e6e460, testMethod = $spock_feature_0_1@TransactionApplierServiceIntegrationSpec, testException = [null], mergedContextConfiguration = [MergedContextConfiguration@4158ed76 testClass = TransactionApplierServiceIntegrationSpec, locations = '{classpath:/services-appctx.xml, classpath:/persistence-appctx.xml, classpath:/jms-appctx.xml, classpath:/mail-context.xml, classpath:/transaction-appctx.xml, classpath:/formatter-appctx.xml, classpath:/stp-appctx.xml, classpath:/aop-appctx.xml, classpath:/properties-appctx.xml}', classes = '{}', contextInitializerClasses = '[]', activeProfiles = '{}', contextLoader = 'org.springframework.test.context.support.DelegatingSmartContextLoader', parent = [null]]], class dirties context [false], class mode [null], method dirties context [false].
17411 [Test worker] DEBUG org.springframework.test.context.support.DependencyInjectionTestExecutionListener  - Performing dependency injection for test context [[DefaultTestContext@32466ada testClass = TransactionApplierServiceIntegrationSpec, testInstance = com.tim.one.service.TransactionApplierServiceIntegrationSpec@5c2341cf, testMethod = [null], testException = [null], mergedContextConfiguration = [MergedContextConfiguration@4158ed76 testClass = TransactionApplierServiceIntegrationSpec, locations = '{classpath:/services-appctx.xml, classpath:/persistence-appctx.xml, classpath:/jms-appctx.xml, classpath:/mail-context.xml, classpath:/transaction-appctx.xml, classpath:/formatter-appctx.xml, classpath:/stp-appctx.xml, classpath:/aop-appctx.xml, classpath:/properties-appctx.xml}', classes = '{}', contextInitializerClasses = '[]', activeProfiles = '{}', contextLoader = 'org.springframework.test.context.support.DelegatingSmartContextLoader', parent = [null]]]].
17411 [Test worker] DEBUG org.springframework.test.context.CacheAwareContextLoaderDelegate  - Retrieved ApplicationContext from cache with key [[MergedContextConfiguration@4158ed76 testClass = TransactionApplierServiceIntegrationSpec, locations = '{classpath:/services-appctx.xml, classpath:/persistence-appctx.xml, classpath:/jms-appctx.xml, classpath:/mail-context.xml, classpath:/transaction-appctx.xml, classpath:/formatter-appctx.xml, classpath:/stp-appctx.xml, classpath:/aop-appctx.xml, classpath:/properties-appctx.xml}', classes = '{}', contextInitializerClasses = '[]', activeProfiles = '{}', contextLoader = 'org.springframework.test.context.support.DelegatingSmartContextLoader', parent = [null]]].
17412 [Test worker] DEBUG org.springframework.aop.aspectj.annotation.AnnotationAwareAspectJAutoProxyCreator  - Creating implicit proxy for bean 'com.tim.one.service.TransactionApplierServiceIntegrationSpec' with 0 common interceptors and 3 specific interceptors
17412 [Test worker] DEBUG org.springframework.aop.framework.JdkDynamicAopProxy  - Creating JDK dynamic proxy: target source is SingletonTargetSource for target object [com.tim.one.service.TransactionApplierServiceIntegrationSpec@5c2341cf]
17412 [Test worker] DEBUG org.springframework.transaction.annotation.AnnotationTransactionAttributeSource  - Adding transactional method 'TransactionApplierServiceIntegrationSpec.$spock_feature_0_2' with attribute: PROPAGATION_REQUIRED,ISOLATION_DEFAULT
17412 [Test worker] DEBUG org.springframework.test.context.transaction.TransactionalTestExecutionListener  - Explicit transaction definition [PROPAGATION_REQUIRED,ISOLATION_DEFAULT] found for test context [DefaultTestContext@32466ada testClass = TransactionApplierServiceIntegrationSpec, testInstance = com.tim.one.service.TransactionApplierServiceIntegrationSpec@5c2341cf, testMethod = $spock_feature_0_2@TransactionApplierServiceIntegrationSpec, testException = [null], mergedContextConfiguration = [MergedContextConfiguration@4158ed76 testClass = TransactionApplierServiceIntegrationSpec, locations = '{classpath:/services-appctx.xml, classpath:/persistence-appctx.xml, classpath:/jms-appctx.xml, classpath:/mail-context.xml, classpath:/transaction-appctx.xml, classpath:/formatter-appctx.xml, classpath:/stp-appctx.xml, classpath:/aop-appctx.xml, classpath:/properties-appctx.xml}', classes = '{}', contextInitializerClasses = '[]', activeProfiles = '{}', contextLoader = 'org.springframework.test.context.support.DelegatingSmartContextLoader', parent = [null]]]
17412 [Test worker] DEBUG org.springframework.test.context.CacheAwareContextLoaderDelegate  - Retrieved ApplicationContext from cache with key [[MergedContextConfiguration@4158ed76 testClass = TransactionApplierServiceIntegrationSpec, locations = '{classpath:/services-appctx.xml, classpath:/persistence-appctx.xml, classpath:/jms-appctx.xml, classpath:/mail-context.xml, classpath:/transaction-appctx.xml, classpath:/formatter-appctx.xml, classpath:/stp-appctx.xml, classpath:/aop-appctx.xml, classpath:/properties-appctx.xml}', classes = '{}', contextInitializerClasses = '[]', activeProfiles = '{}', contextLoader = 'org.springframework.test.context.support.DelegatingSmartContextLoader', parent = [null]]].
17414 [Test worker] DEBUG org.springframework.orm.jpa.JpaTransactionManager  - Creating new transaction with name [$spock_feature_0_2]: PROPAGATION_REQUIRED,ISOLATION_DEFAULT
17414 [Test worker] DEBUG org.springframework.orm.jpa.JpaTransactionManager  - Opened new EntityManager [org.hibernate.jpa.internal.EntityManagerImpl@eb5ac4b] for JPA transaction
17414 [Test worker] DEBUG org.springframework.orm.jpa.JpaTransactionManager  - Exposing JPA transaction as JDBC transaction [org.springframework.orm.jpa.vendor.HibernateJpaDialect$HibernateConnectionHandle@3ab184a6]
17415 [Test worker] DEBUG org.springframework.test.context.transaction.TransactionalTestExecutionListener  - No method-level @Rollback override: using default rollback [true] for test context [DefaultTestContext@32466ada testClass = TransactionApplierServiceIntegrationSpec, testInstance = com.tim.one.service.TransactionApplierServiceIntegrationSpec@5c2341cf, testMethod = $spock_feature_0_2@TransactionApplierServiceIntegrationSpec, testException = [null], mergedContextConfiguration = [MergedContextConfiguration@4158ed76 testClass = TransactionApplierServiceIntegrationSpec, locations = '{classpath:/services-appctx.xml, classpath:/persistence-appctx.xml, classpath:/jms-appctx.xml, classpath:/mail-context.xml, classpath:/transaction-appctx.xml, classpath:/formatter-appctx.xml, classpath:/stp-appctx.xml, classpath:/aop-appctx.xml, classpath:/properties-appctx.xml}', classes = '{}', contextInitializerClasses = '[]', activeProfiles = '{}', contextLoader = 'org.springframework.test.context.support.DelegatingSmartContextLoader', parent = [null]]].
17415 [Test worker] INFO  org.springframework.test.context.transaction.TransactionalTestExecutionListener  - Began transaction (3) for test context [DefaultTestContext@32466ada testClass = TransactionApplierServiceIntegrationSpec, testInstance = com.tim.one.service.TransactionApplierServiceIntegrationSpec@5c2341cf, testMethod = $spock_feature_0_2@TransactionApplierServiceIntegrationSpec, testException = [null], mergedContextConfiguration = [MergedContextConfiguration@4158ed76 testClass = TransactionApplierServiceIntegrationSpec, locations = '{classpath:/services-appctx.xml, classpath:/persistence-appctx.xml, classpath:/jms-appctx.xml, classpath:/mail-context.xml, classpath:/transaction-appctx.xml, classpath:/formatter-appctx.xml, classpath:/stp-appctx.xml, classpath:/aop-appctx.xml, classpath:/properties-appctx.xml}', classes = '{}', contextInitializerClasses = '[]', activeProfiles = '{}', contextLoader = 'org.springframework.test.context.support.DelegatingSmartContextLoader', parent = [null]]]; transaction manager [org.springframework.orm.jpa.JpaTransactionManager@12db244c]; rollback [true]
17417 [Test worker] DEBUG org.springframework.orm.jpa.JpaTransactionManager  - Found thread-bound EntityManager [org.hibernate.jpa.internal.EntityManagerImpl@eb5ac4b] for JPA transaction
17417 [Test worker] DEBUG org.springframework.orm.jpa.JpaTransactionManager  - Participating in existing transaction
17422 [Test worker] DEBUG org.springframework.data.repository.core.support.TransactionalRepositoryProxyPostProcessor$CustomAnnotationTransactionAttributeSource  - Adding transactional method 'save' with attribute: PROPAGATION_REQUIRED,ISOLATION_DEFAULT; ''
17422 [Test worker] DEBUG org.springframework.orm.jpa.JpaTransactionManager  - Found thread-bound EntityManager [org.hibernate.jpa.internal.EntityManagerImpl@eb5ac4b] for JPA transaction
17422 [Test worker] DEBUG org.springframework.orm.jpa.JpaTransactionManager  - Participating in existing transaction
17423 [Test worker] DEBUG org.springframework.orm.jpa.JpaTransactionManager  - Found thread-bound EntityManager [org.hibernate.jpa.internal.EntityManagerImpl@eb5ac4b] for JPA transaction
17423 [Test worker] DEBUG org.springframework.orm.jpa.JpaTransactionManager  - Participating in existing transaction
17424 [Test worker] DEBUG org.springframework.orm.jpa.JpaTransactionManager  - Found thread-bound EntityManager [org.hibernate.jpa.internal.EntityManagerImpl@eb5ac4b] for JPA transaction
17424 [Test worker] DEBUG org.springframework.orm.jpa.JpaTransactionManager  - Participating in existing transaction
17425 [Test worker] DEBUG org.springframework.test.context.transaction.TransactionalTestExecutionListener  - No method-level @Rollback override: using default rollback [true] for test context [DefaultTestContext@32466ada testClass = TransactionApplierServiceIntegrationSpec, testInstance = com.tim.one.service.TransactionApplierServiceIntegrationSpec@5c2341cf, testMethod = $spock_feature_0_2@TransactionApplierServiceIntegrationSpec, testException = [null], mergedContextConfiguration = [MergedContextConfiguration@4158ed76 testClass = TransactionApplierServiceIntegrationSpec, locations = '{classpath:/services-appctx.xml, classpath:/persistence-appctx.xml, classpath:/jms-appctx.xml, classpath:/mail-context.xml, classpath:/transaction-appctx.xml, classpath:/formatter-appctx.xml, classpath:/stp-appctx.xml, classpath:/aop-appctx.xml, classpath:/properties-appctx.xml}', classes = '{}', contextInitializerClasses = '[]', activeProfiles = '{}', contextLoader = 'org.springframework.test.context.support.DelegatingSmartContextLoader', parent = [null]]].
17425 [Test worker] DEBUG org.springframework.orm.jpa.JpaTransactionManager  - Initiating transaction rollback
17425 [Test worker] DEBUG org.springframework.orm.jpa.JpaTransactionManager  - Rolling back JPA transaction on EntityManager [org.hibernate.jpa.internal.EntityManagerImpl@eb5ac4b]
17487 [Test worker] DEBUG org.springframework.orm.jpa.JpaTransactionManager  - Closing JPA EntityManager [org.hibernate.jpa.internal.EntityManagerImpl@eb5ac4b] after transaction
17487 [Test worker] DEBUG org.springframework.orm.jpa.EntityManagerFactoryUtils  - Closing JPA EntityManager
17487 [Test worker] INFO  org.hibernate.engine.internal.StatisticalLoggingSessionEventListener  - Session Metrics {
    342042 nanoseconds spent acquiring 1 JDBC connections;
    0 nanoseconds spent releasing 0 JDBC connections;
    473235 nanoseconds spent preparing 2 JDBC statements;
    816738 nanoseconds spent executing 2 JDBC statements;
    0 nanoseconds spent executing 0 JDBC batches;
    1125007 nanoseconds spent performing 4 L2C puts;
    0 nanoseconds spent performing 0 L2C hits;
    0 nanoseconds spent performing 0 L2C misses;
    0 nanoseconds spent executing 0 flushes (flushing a total of 0 entities and 0 collections);
    0 nanoseconds spent executing 0 partial-flushes (flushing a total of 0 entities and 0 collections)
}
17488 [Test worker] INFO  org.springframework.test.context.transaction.TransactionalTestExecutionListener  - Rolled back transaction after test execution for test context [DefaultTestContext@32466ada testClass = TransactionApplierServiceIntegrationSpec, testInstance = com.tim.one.service.TransactionApplierServiceIntegrationSpec@5c2341cf, testMethod = $spock_feature_0_2@TransactionApplierServiceIntegrationSpec, testException = [null], mergedContextConfiguration = [MergedContextConfiguration@4158ed76 testClass = TransactionApplierServiceIntegrationSpec, locations = '{classpath:/services-appctx.xml, classpath:/persistence-appctx.xml, classpath:/jms-appctx.xml, classpath:/mail-context.xml, classpath:/transaction-appctx.xml, classpath:/formatter-appctx.xml, classpath:/stp-appctx.xml, classpath:/aop-appctx.xml, classpath:/properties-appctx.xml}', classes = '{}', contextInitializerClasses = '[]', activeProfiles = '{}', contextLoader = 'org.springframework.test.context.support.DelegatingSmartContextLoader', parent = [null]]]
17490 [Test worker] DEBUG org.springframework.test.context.support.DirtiesContextTestExecutionListener  - After test method: context [DefaultTestContext@32466ada testClass = TransactionApplierServiceIntegrationSpec, testInstance = com.tim.one.service.TransactionApplierServiceIntegrationSpec@5c2341cf, testMethod = $spock_feature_0_2@TransactionApplierServiceIntegrationSpec, testException = [null], mergedContextConfiguration = [MergedContextConfiguration@4158ed76 testClass = TransactionApplierServiceIntegrationSpec, locations = '{classpath:/services-appctx.xml, classpath:/persistence-appctx.xml, classpath:/jms-appctx.xml, classpath:/mail-context.xml, classpath:/transaction-appctx.xml, classpath:/formatter-appctx.xml, classpath:/stp-appctx.xml, classpath:/aop-appctx.xml, classpath:/properties-appctx.xml}', classes = '{}', contextInitializerClasses = '[]', activeProfiles = '{}', contextLoader = 'org.springframework.test.context.support.DelegatingSmartContextLoader', parent = [null]]], class dirties context [false], class mode [null], method dirties context [false].
17490 [Test worker] DEBUG org.springframework.test.context.support.DependencyInjectionTestExecutionListener  - Performing dependency injection for test context [[DefaultTestContext@32466ada testClass = TransactionApplierServiceIntegrationSpec, testInstance = com.tim.one.service.TransactionApplierServiceIntegrationSpec@48503eee, testMethod = [null], testException = [null], mergedContextConfiguration = [MergedContextConfiguration@4158ed76 testClass = TransactionApplierServiceIntegrationSpec, locations = '{classpath:/services-appctx.xml, classpath:/persistence-appctx.xml, classpath:/jms-appctx.xml, classpath:/mail-context.xml, classpath:/transaction-appctx.xml, classpath:/formatter-appctx.xml, classpath:/stp-appctx.xml, classpath:/aop-appctx.xml, classpath:/properties-appctx.xml}', classes = '{}', contextInitializerClasses = '[]', activeProfiles = '{}', contextLoader = 'org.springframework.test.context.support.DelegatingSmartContextLoader', parent = [null]]]].
17490 [Test worker] DEBUG org.springframework.test.context.CacheAwareContextLoaderDelegate  - Retrieved ApplicationContext from cache with key [[MergedContextConfiguration@4158ed76 testClass = TransactionApplierServiceIntegrationSpec, locations = '{classpath:/services-appctx.xml, classpath:/persistence-appctx.xml, classpath:/jms-appctx.xml, classpath:/mail-context.xml, classpath:/transaction-appctx.xml, classpath:/formatter-appctx.xml, classpath:/stp-appctx.xml, classpath:/aop-appctx.xml, classpath:/properties-appctx.xml}', classes = '{}', contextInitializerClasses = '[]', activeProfiles = '{}', contextLoader = 'org.springframework.test.context.support.DelegatingSmartContextLoader', parent = [null]]].
17491 [Test worker] DEBUG org.springframework.aop.aspectj.annotation.AnnotationAwareAspectJAutoProxyCreator  - Creating implicit proxy for bean 'com.tim.one.service.TransactionApplierServiceIntegrationSpec' with 0 common interceptors and 3 specific interceptors
17491 [Test worker] DEBUG org.springframework.aop.framework.JdkDynamicAopProxy  - Creating JDK dynamic proxy: target source is SingletonTargetSource for target object [com.tim.one.service.TransactionApplierServiceIntegrationSpec@48503eee]
17491 [Test worker] DEBUG org.springframework.transaction.annotation.AnnotationTransactionAttributeSource  - Adding transactional method 'TransactionApplierServiceIntegrationSpec.$spock_feature_0_3' with attribute: PROPAGATION_REQUIRED,ISOLATION_DEFAULT
17492 [Test worker] DEBUG org.springframework.test.context.transaction.TransactionalTestExecutionListener  - Explicit transaction definition [PROPAGATION_REQUIRED,ISOLATION_DEFAULT] found for test context [DefaultTestContext@32466ada testClass = TransactionApplierServiceIntegrationSpec, testInstance = com.tim.one.service.TransactionApplierServiceIntegrationSpec@48503eee, testMethod = $spock_feature_0_3@TransactionApplierServiceIntegrationSpec, testException = [null], mergedContextConfiguration = [MergedContextConfiguration@4158ed76 testClass = TransactionApplierServiceIntegrationSpec, locations = '{classpath:/services-appctx.xml, classpath:/persistence-appctx.xml, classpath:/jms-appctx.xml, classpath:/mail-context.xml, classpath:/transaction-appctx.xml, classpath:/formatter-appctx.xml, classpath:/stp-appctx.xml, classpath:/aop-appctx.xml, classpath:/properties-appctx.xml}', classes = '{}', contextInitializerClasses = '[]', activeProfiles = '{}', contextLoader = 'org.springframework.test.context.support.DelegatingSmartContextLoader', parent = [null]]]
17492 [Test worker] DEBUG org.springframework.test.context.CacheAwareContextLoaderDelegate  - Retrieved ApplicationContext from cache with key [[MergedContextConfiguration@4158ed76 testClass = TransactionApplierServiceIntegrationSpec, locations = '{classpath:/services-appctx.xml, classpath:/persistence-appctx.xml, classpath:/jms-appctx.xml, classpath:/mail-context.xml, classpath:/transaction-appctx.xml, classpath:/formatter-appctx.xml, classpath:/stp-appctx.xml, classpath:/aop-appctx.xml, classpath:/properties-appctx.xml}', classes = '{}', contextInitializerClasses = '[]', activeProfiles = '{}', contextLoader = 'org.springframework.test.context.support.DelegatingSmartContextLoader', parent = [null]]].
17493 [Test worker] DEBUG org.springframework.orm.jpa.JpaTransactionManager  - Creating new transaction with name [$spock_feature_0_3]: PROPAGATION_REQUIRED,ISOLATION_DEFAULT
17493 [Test worker] DEBUG org.springframework.orm.jpa.JpaTransactionManager  - Opened new EntityManager [org.hibernate.jpa.internal.EntityManagerImpl@c53a059] for JPA transaction
17494 [Test worker] DEBUG org.springframework.orm.jpa.JpaTransactionManager  - Exposing JPA transaction as JDBC transaction [org.springframework.orm.jpa.vendor.HibernateJpaDialect$HibernateConnectionHandle@2b8e1fe8]
17494 [Test worker] DEBUG org.springframework.test.context.transaction.TransactionalTestExecutionListener  - No method-level @Rollback override: using default rollback [true] for test context [DefaultTestContext@32466ada testClass = TransactionApplierServiceIntegrationSpec, testInstance = com.tim.one.service.TransactionApplierServiceIntegrationSpec@48503eee, testMethod = $spock_feature_0_3@TransactionApplierServiceIntegrationSpec, testException = [null], mergedContextConfiguration = [MergedContextConfiguration@4158ed76 testClass = TransactionApplierServiceIntegrationSpec, locations = '{classpath:/services-appctx.xml, classpath:/persistence-appctx.xml, classpath:/jms-appctx.xml, classpath:/mail-context.xml, classpath:/transaction-appctx.xml, classpath:/formatter-appctx.xml, classpath:/stp-appctx.xml, classpath:/aop-appctx.xml, classpath:/properties-appctx.xml}', classes = '{}', contextInitializerClasses = '[]', activeProfiles = '{}', contextLoader = 'org.springframework.test.context.support.DelegatingSmartContextLoader', parent = [null]]].
17494 [Test worker] INFO  org.springframework.test.context.transaction.TransactionalTestExecutionListener  - Began transaction (4) for test context [DefaultTestContext@32466ada testClass = TransactionApplierServiceIntegrationSpec, testInstance = com.tim.one.service.TransactionApplierServiceIntegrationSpec@48503eee, testMethod = $spock_feature_0_3@TransactionApplierServiceIntegrationSpec, testException = [null], mergedContextConfiguration = [MergedContextConfiguration@4158ed76 testClass = TransactionApplierServiceIntegrationSpec, locations = '{classpath:/services-appctx.xml, classpath:/persistence-appctx.xml, classpath:/jms-appctx.xml, classpath:/mail-context.xml, classpath:/transaction-appctx.xml, classpath:/formatter-appctx.xml, classpath:/stp-appctx.xml, classpath:/aop-appctx.xml, classpath:/properties-appctx.xml}', classes = '{}', contextInitializerClasses = '[]', activeProfiles = '{}', contextLoader = 'org.springframework.test.context.support.DelegatingSmartContextLoader', parent = [null]]]; transaction manager [org.springframework.orm.jpa.JpaTransactionManager@12db244c]; rollback [true]
17495 [Test worker] DEBUG org.springframework.orm.jpa.JpaTransactionManager  - Found thread-bound EntityManager [org.hibernate.jpa.internal.EntityManagerImpl@c53a059] for JPA transaction
17495 [Test worker] DEBUG org.springframework.orm.jpa.JpaTransactionManager  - Participating in existing transaction
17496 [Test worker] INFO  com.tim.one.advice.AfterThrowingAdvice  - Wrapping exception Error: 4
17497 [Test worker] INFO  com.tim.one.service.impl.LoggerServiceImpl  - CALLING Notifying
17497 [Test worker] DEBUG org.springframework.jms.core.JmsTemplate  - Executing callback on JMS Session: ActiveMQSession {id=ID:josdem-Inspiron-5420-62278-1432140019380-3:2:4,started=false}
17498 [Test worker] DEBUG org.springframework.jms.core.JmsTemplate  - Sending created message: ActiveMQObjectMessage {commandId = 0, responseRequired = false, messageId = null, originalDestination = null, originalTransactionId = null, producerId = null, destination = null, transactionId = null, expiration = 0, timestamp = 0, arrival = 0, brokerInTime = 0, brokerOutTime = 0, correlationId = null, replyTo = null, persistent = false, type = null, priority = 0, groupID = null, groupSequence = 0, targetConsumerId = null, compressed = false, userID = null, content = org.apache.activemq.util.ByteSequence@4e3c3d4b, marshalledProperties = null, dataStructure = null, redeliveryCounter = 0, size = 0, properties = null, readOnlyProperties = false, readOnlyBody = false, droppable = false}
17499 [org.springframework.jms.listener.DefaultMessageListenerContainer#1-1] DEBUG org.springframework.jms.listener.DefaultMessageListenerContainer  - Received message of type [class org.apache.activemq.command.ActiveMQObjectMessage] from consumer [ActiveMQMessageConsumer { value=ID:josdem-Inspiron-5420-62278-1432140019380-3:1:2:1, started=true }] of session [ActiveMQSession {id=ID:josdem-Inspiron-5420-62278-1432140019380-3:1:2,started=true}]
17499 [Test worker] DEBUG org.springframework.orm.jpa.JpaTransactionManager  - Found thread-bound EntityManager [org.hibernate.jpa.internal.EntityManagerImpl@c53a059] for JPA transaction
17499 [Test worker] DEBUG org.springframework.orm.jpa.JpaTransactionManager  - Participating in existing transaction
17499 [org.springframework.jms.listener.DefaultMessageListenerContainer#1-1] INFO  com.tim.one.messengine.LoggerMessageListener  - Error: 4;null
17500 [Test worker] DEBUG org.springframework.test.context.transaction.TransactionalTestExecutionListener  - No method-level @Rollback override: using default rollback [true] for test context [DefaultTestContext@32466ada testClass = TransactionApplierServiceIntegrationSpec, testInstance = com.tim.one.service.TransactionApplierServiceIntegrationSpec@48503eee, testMethod = $spock_feature_0_3@TransactionApplierServiceIntegrationSpec, testException = [null], mergedContextConfiguration = [MergedContextConfiguration@4158ed76 testClass = TransactionApplierServiceIntegrationSpec, locations = '{classpath:/services-appctx.xml, classpath:/persistence-appctx.xml, classpath:/jms-appctx.xml, classpath:/mail-context.xml, classpath:/transaction-appctx.xml, classpath:/formatter-appctx.xml, classpath:/stp-appctx.xml, classpath:/aop-appctx.xml, classpath:/properties-appctx.xml}', classes = '{}', contextInitializerClasses = '[]', activeProfiles = '{}', contextLoader = 'org.springframework.test.context.support.DelegatingSmartContextLoader', parent = [null]]].
17500 [Test worker] DEBUG org.springframework.orm.jpa.JpaTransactionManager  - Initiating transaction rollback
17500 [Test worker] DEBUG org.springframework.orm.jpa.JpaTransactionManager  - Rolling back JPA transaction on EntityManager [org.hibernate.jpa.internal.EntityManagerImpl@c53a059]
17565 [Test worker] DEBUG org.springframework.orm.jpa.JpaTransactionManager  - Closing JPA EntityManager [org.hibernate.jpa.internal.EntityManagerImpl@c53a059] after transaction
17565 [Test worker] DEBUG org.springframework.orm.jpa.EntityManagerFactoryUtils  - Closing JPA EntityManager
17565 [Test worker] INFO  org.hibernate.engine.internal.StatisticalLoggingSessionEventListener  - Session Metrics {
    639596 nanoseconds spent acquiring 1 JDBC connections;
    0 nanoseconds spent releasing 0 JDBC connections;
    52366 nanoseconds spent preparing 1 JDBC statements;
    259272 nanoseconds spent executing 1 JDBC statements;
    0 nanoseconds spent executing 0 JDBC batches;
    639035 nanoseconds spent performing 2 L2C puts;
    0 nanoseconds spent performing 0 L2C hits;
    0 nanoseconds spent performing 0 L2C misses;
    0 nanoseconds spent executing 0 flushes (flushing a total of 0 entities and 0 collections);
    0 nanoseconds spent executing 0 partial-flushes (flushing a total of 0 entities and 0 collections)
}
17565 [Test worker] INFO  org.springframework.test.context.transaction.TransactionalTestExecutionListener  - Rolled back transaction after test execution for test context [DefaultTestContext@32466ada testClass = TransactionApplierServiceIntegrationSpec, testInstance = com.tim.one.service.TransactionApplierServiceIntegrationSpec@48503eee, testMethod = $spock_feature_0_3@TransactionApplierServiceIntegrationSpec, testException = [null], mergedContextConfiguration = [MergedContextConfiguration@4158ed76 testClass = TransactionApplierServiceIntegrationSpec, locations = '{classpath:/services-appctx.xml, classpath:/persistence-appctx.xml, classpath:/jms-appctx.xml, classpath:/mail-context.xml, classpath:/transaction-appctx.xml, classpath:/formatter-appctx.xml, classpath:/stp-appctx.xml, classpath:/aop-appctx.xml, classpath:/properties-appctx.xml}', classes = '{}', contextInitializerClasses = '[]', activeProfiles = '{}', contextLoader = 'org.springframework.test.context.support.DelegatingSmartContextLoader', parent = [null]]]
17567 [Test worker] DEBUG org.springframework.test.context.support.DirtiesContextTestExecutionListener  - After test method: context [DefaultTestContext@32466ada testClass = TransactionApplierServiceIntegrationSpec, testInstance = com.tim.one.service.TransactionApplierServiceIntegrationSpec@48503eee, testMethod = $spock_feature_0_3@TransactionApplierServiceIntegrationSpec, testException = [null], mergedContextConfiguration = [MergedContextConfiguration@4158ed76 testClass = TransactionApplierServiceIntegrationSpec, locations = '{classpath:/services-appctx.xml, classpath:/persistence-appctx.xml, classpath:/jms-appctx.xml, classpath:/mail-context.xml, classpath:/transaction-appctx.xml, classpath:/formatter-appctx.xml, classpath:/stp-appctx.xml, classpath:/aop-appctx.xml, classpath:/properties-appctx.xml}', classes = '{}', contextInitializerClasses = '[]', activeProfiles = '{}', contextLoader = 'org.springframework.test.context.support.DelegatingSmartContextLoader', parent = [null]]], class dirties context [false], class mode [null], method dirties context [false].
17567 [Test worker] DEBUG org.springframework.test.context.support.DependencyInjectionTestExecutionListener  - Performing dependency injection for test context [[DefaultTestContext@32466ada testClass = TransactionApplierServiceIntegrationSpec, testInstance = com.tim.one.service.TransactionApplierServiceIntegrationSpec@1e5aec0f, testMethod = [null], testException = [null], mergedContextConfiguration = [MergedContextConfiguration@4158ed76 testClass = TransactionApplierServiceIntegrationSpec, locations = '{classpath:/services-appctx.xml, classpath:/persistence-appctx.xml, classpath:/jms-appctx.xml, classpath:/mail-context.xml, classpath:/transaction-appctx.xml, classpath:/formatter-appctx.xml, classpath:/stp-appctx.xml, classpath:/aop-appctx.xml, classpath:/properties-appctx.xml}', classes = '{}', contextInitializerClasses = '[]', activeProfiles = '{}', contextLoader = 'org.springframework.test.context.support.DelegatingSmartContextLoader', parent = [null]]]].
17567 [Test worker] DEBUG org.springframework.test.context.CacheAwareContextLoaderDelegate  - Retrieved ApplicationContext from cache with key [[MergedContextConfiguration@4158ed76 testClass = TransactionApplierServiceIntegrationSpec, locations = '{classpath:/services-appctx.xml, classpath:/persistence-appctx.xml, classpath:/jms-appctx.xml, classpath:/mail-context.xml, classpath:/transaction-appctx.xml, classpath:/formatter-appctx.xml, classpath:/stp-appctx.xml, classpath:/aop-appctx.xml, classpath:/properties-appctx.xml}', classes = '{}', contextInitializerClasses = '[]', activeProfiles = '{}', contextLoader = 'org.springframework.test.context.support.DelegatingSmartContextLoader', parent = [null]]].
17568 [Test worker] DEBUG org.springframework.aop.aspectj.annotation.AnnotationAwareAspectJAutoProxyCreator  - Creating implicit proxy for bean 'com.tim.one.service.TransactionApplierServiceIntegrationSpec' with 0 common interceptors and 3 specific interceptors
17568 [Test worker] DEBUG org.springframework.aop.framework.JdkDynamicAopProxy  - Creating JDK dynamic proxy: target source is SingletonTargetSource for target object [com.tim.one.service.TransactionApplierServiceIntegrationSpec@1e5aec0f]
17568 [Test worker] DEBUG org.springframework.transaction.annotation.AnnotationTransactionAttributeSource  - Adding transactional method 'TransactionApplierServiceIntegrationSpec.$spock_feature_0_4' with attribute: PROPAGATION_REQUIRED,ISOLATION_DEFAULT
17568 [Test worker] DEBUG org.springframework.test.context.transaction.TransactionalTestExecutionListener  - Explicit transaction definition [PROPAGATION_REQUIRED,ISOLATION_DEFAULT] found for test context [DefaultTestContext@32466ada testClass = TransactionApplierServiceIntegrationSpec, testInstance = com.tim.one.service.TransactionApplierServiceIntegrationSpec@1e5aec0f, testMethod = $spock_feature_0_4@TransactionApplierServiceIntegrationSpec, testException = [null], mergedContextConfiguration = [MergedContextConfiguration@4158ed76 testClass = TransactionApplierServiceIntegrationSpec, locations = '{classpath:/services-appctx.xml, classpath:/persistence-appctx.xml, classpath:/jms-appctx.xml, classpath:/mail-context.xml, classpath:/transaction-appctx.xml, classpath:/formatter-appctx.xml, classpath:/stp-appctx.xml, classpath:/aop-appctx.xml, classpath:/properties-appctx.xml}', classes = '{}', contextInitializerClasses = '[]', activeProfiles = '{}', contextLoader = 'org.springframework.test.context.support.DelegatingSmartContextLoader', parent = [null]]]
17569 [Test worker] DEBUG org.springframework.test.context.CacheAwareContextLoaderDelegate  - Retrieved ApplicationContext from cache with key [[MergedContextConfiguration@4158ed76 testClass = TransactionApplierServiceIntegrationSpec, locations = '{classpath:/services-appctx.xml, classpath:/persistence-appctx.xml, classpath:/jms-appctx.xml, classpath:/mail-context.xml, classpath:/transaction-appctx.xml, classpath:/formatter-appctx.xml, classpath:/stp-appctx.xml, classpath:/aop-appctx.xml, classpath:/properties-appctx.xml}', classes = '{}', contextInitializerClasses = '[]', activeProfiles = '{}', contextLoader = 'org.springframework.test.context.support.DelegatingSmartContextLoader', parent = [null]]].
17570 [Test worker] DEBUG org.springframework.orm.jpa.JpaTransactionManager  - Creating new transaction with name [$spock_feature_0_4]: PROPAGATION_REQUIRED,ISOLATION_DEFAULT
17570 [Test worker] DEBUG org.springframework.orm.jpa.JpaTransactionManager  - Opened new EntityManager [org.hibernate.jpa.internal.EntityManagerImpl@633fdc5a] for JPA transaction
17571 [Test worker] DEBUG org.springframework.orm.jpa.JpaTransactionManager  - Exposing JPA transaction as JDBC transaction [org.springframework.orm.jpa.vendor.HibernateJpaDialect$HibernateConnectionHandle@4754ecbd]
17571 [Test worker] DEBUG org.springframework.test.context.transaction.TransactionalTestExecutionListener  - No method-level @Rollback override: using default rollback [true] for test context [DefaultTestContext@32466ada testClass = TransactionApplierServiceIntegrationSpec, testInstance = com.tim.one.service.TransactionApplierServiceIntegrationSpec@1e5aec0f, testMethod = $spock_feature_0_4@TransactionApplierServiceIntegrationSpec, testException = [null], mergedContextConfiguration = [MergedContextConfiguration@4158ed76 testClass = TransactionApplierServiceIntegrationSpec, locations = '{classpath:/services-appctx.xml, classpath:/persistence-appctx.xml, classpath:/jms-appctx.xml, classpath:/mail-context.xml, classpath:/transaction-appctx.xml, classpath:/formatter-appctx.xml, classpath:/stp-appctx.xml, classpath:/aop-appctx.xml, classpath:/properties-appctx.xml}', classes = '{}', contextInitializerClasses = '[]', activeProfiles = '{}', contextLoader = 'org.springframework.test.context.support.DelegatingSmartContextLoader', parent = [null]]].
17571 [Test worker] INFO  org.springframework.test.context.transaction.TransactionalTestExecutionListener  - Began transaction (5) for test context [DefaultTestContext@32466ada testClass = TransactionApplierServiceIntegrationSpec, testInstance = com.tim.one.service.TransactionApplierServiceIntegrationSpec@1e5aec0f, testMethod = $spock_feature_0_4@TransactionApplierServiceIntegrationSpec, testException = [null], mergedContextConfiguration = [MergedContextConfiguration@4158ed76 testClass = TransactionApplierServiceIntegrationSpec, locations = '{classpath:/services-appctx.xml, classpath:/persistence-appctx.xml, classpath:/jms-appctx.xml, classpath:/mail-context.xml, classpath:/transaction-appctx.xml, classpath:/formatter-appctx.xml, classpath:/stp-appctx.xml, classpath:/aop-appctx.xml, classpath:/properties-appctx.xml}', classes = '{}', contextInitializerClasses = '[]', activeProfiles = '{}', contextLoader = 'org.springframework.test.context.support.DelegatingSmartContextLoader', parent = [null]]]; transaction manager [org.springframework.orm.jpa.JpaTransactionManager@12db244c]; rollback [true]
17572 [Test worker] DEBUG org.springframework.orm.jpa.JpaTransactionManager  - Found thread-bound EntityManager [org.hibernate.jpa.internal.EntityManagerImpl@633fdc5a] for JPA transaction
17572 [Test worker] DEBUG org.springframework.orm.jpa.JpaTransactionManager  - Participating in existing transaction
17576 [Test worker] DEBUG org.springframework.orm.jpa.JpaTransactionManager  - Found thread-bound EntityManager [org.hibernate.jpa.internal.EntityManagerImpl@633fdc5a] for JPA transaction
17576 [Test worker] DEBUG org.springframework.orm.jpa.JpaTransactionManager  - Participating in existing transaction
17577 [Test worker] DEBUG org.springframework.orm.jpa.JpaTransactionManager  - Found thread-bound EntityManager [org.hibernate.jpa.internal.EntityManagerImpl@633fdc5a] for JPA transaction
17577 [Test worker] DEBUG org.springframework.orm.jpa.JpaTransactionManager  - Participating in existing transaction
17577 [Test worker] DEBUG org.springframework.orm.jpa.JpaTransactionManager  - Found thread-bound EntityManager [org.hibernate.jpa.internal.EntityManagerImpl@633fdc5a] for JPA transaction
17577 [Test worker] DEBUG org.springframework.orm.jpa.JpaTransactionManager  - Participating in existing transaction
17578 [Test worker] DEBUG org.springframework.test.context.transaction.TransactionalTestExecutionListener  - No method-level @Rollback override: using default rollback [true] for test context [DefaultTestContext@32466ada testClass = TransactionApplierServiceIntegrationSpec, testInstance = com.tim.one.service.TransactionApplierServiceIntegrationSpec@1e5aec0f, testMethod = $spock_feature_0_4@TransactionApplierServiceIntegrationSpec, testException = [null], mergedContextConfiguration = [MergedContextConfiguration@4158ed76 testClass = TransactionApplierServiceIntegrationSpec, locations = '{classpath:/services-appctx.xml, classpath:/persistence-appctx.xml, classpath:/jms-appctx.xml, classpath:/mail-context.xml, classpath:/transaction-appctx.xml, classpath:/formatter-appctx.xml, classpath:/stp-appctx.xml, classpath:/aop-appctx.xml, classpath:/properties-appctx.xml}', classes = '{}', contextInitializerClasses = '[]', activeProfiles = '{}', contextLoader = 'org.springframework.test.context.support.DelegatingSmartContextLoader', parent = [null]]].
17578 [Test worker] DEBUG org.springframework.orm.jpa.JpaTransactionManager  - Initiating transaction rollback
17578 [Test worker] DEBUG org.springframework.orm.jpa.JpaTransactionManager  - Rolling back JPA transaction on EntityManager [org.hibernate.jpa.internal.EntityManagerImpl@633fdc5a]
17642 [Test worker] DEBUG org.springframework.orm.jpa.JpaTransactionManager  - Closing JPA EntityManager [org.hibernate.jpa.internal.EntityManagerImpl@633fdc5a] after transaction
17643 [Test worker] DEBUG org.springframework.orm.jpa.EntityManagerFactoryUtils  - Closing JPA EntityManager
17643 [Test worker] INFO  org.hibernate.engine.internal.StatisticalLoggingSessionEventListener  - Session Metrics {
    415221 nanoseconds spent acquiring 1 JDBC connections;
    0 nanoseconds spent releasing 0 JDBC connections;
    214682 nanoseconds spent preparing 2 JDBC statements;
    862807 nanoseconds spent executing 2 JDBC statements;
    0 nanoseconds spent executing 0 JDBC batches;
    1207889 nanoseconds spent performing 4 L2C puts;
    0 nanoseconds spent performing 0 L2C hits;
    0 nanoseconds spent performing 0 L2C misses;
    0 nanoseconds spent executing 0 flushes (flushing a total of 0 entities and 0 collections);
    0 nanoseconds spent executing 0 partial-flushes (flushing a total of 0 entities and 0 collections)
}
17643 [Test worker] INFO  org.springframework.test.context.transaction.TransactionalTestExecutionListener  - Rolled back transaction after test execution for test context [DefaultTestContext@32466ada testClass = TransactionApplierServiceIntegrationSpec, testInstance = com.tim.one.service.TransactionApplierServiceIntegrationSpec@1e5aec0f, testMethod = $spock_feature_0_4@TransactionApplierServiceIntegrationSpec, testException = [null], mergedContextConfiguration = [MergedContextConfiguration@4158ed76 testClass = TransactionApplierServiceIntegrationSpec, locations = '{classpath:/services-appctx.xml, classpath:/persistence-appctx.xml, classpath:/jms-appctx.xml, classpath:/mail-context.xml, classpath:/transaction-appctx.xml, classpath:/formatter-appctx.xml, classpath:/stp-appctx.xml, classpath:/aop-appctx.xml, classpath:/properties-appctx.xml}', classes = '{}', contextInitializerClasses = '[]', activeProfiles = '{}', contextLoader = 'org.springframework.test.context.support.DelegatingSmartContextLoader', parent = [null]]]
17644 [Test worker] DEBUG org.springframework.test.context.support.DirtiesContextTestExecutionListener  - After test method: context [DefaultTestContext@32466ada testClass = TransactionApplierServiceIntegrationSpec, testInstance = com.tim.one.service.TransactionApplierServiceIntegrationSpec@1e5aec0f, testMethod = $spock_feature_0_4@TransactionApplierServiceIntegrationSpec, testException = [null], mergedContextConfiguration = [MergedContextConfiguration@4158ed76 testClass = TransactionApplierServiceIntegrationSpec, locations = '{classpath:/services-appctx.xml, classpath:/persistence-appctx.xml, classpath:/jms-appctx.xml, classpath:/mail-context.xml, classpath:/transaction-appctx.xml, classpath:/formatter-appctx.xml, classpath:/stp-appctx.xml, classpath:/aop-appctx.xml, classpath:/properties-appctx.xml}', classes = '{}', contextInitializerClasses = '[]', activeProfiles = '{}', contextLoader = 'org.springframework.test.context.support.DelegatingSmartContextLoader', parent = [null]]], class dirties context [false], class mode [null], method dirties context [false].
17644 [Test worker] DEBUG org.springframework.test.context.support.DirtiesContextTestExecutionListener  - After test class: context [DefaultTestContext@32466ada testClass = TransactionApplierServiceIntegrationSpec, testInstance = [null], testMethod = [null], testException = [null], mergedContextConfiguration = [MergedContextConfiguration@4158ed76 testClass = TransactionApplierServiceIntegrationSpec, locations = '{classpath:/services-appctx.xml, classpath:/persistence-appctx.xml, classpath:/jms-appctx.xml, classpath:/mail-context.xml, classpath:/transaction-appctx.xml, classpath:/formatter-appctx.xml, classpath:/stp-appctx.xml, classpath:/aop-appctx.xml, classpath:/properties-appctx.xml}', classes = '{}', contextInitializerClasses = '[]', activeProfiles = '{}', contextLoader = 'org.springframework.test.context.support.DelegatingSmartContextLoader', parent = [null]]], dirtiesContext [false].
]]></system-out>
  <system-err><![CDATA[]]></system-err>
</testsuite>
