<?xml version="1.0" encoding="UTF-8"?>
<testsuite name="com.tim.one.collaborator.TestSTPConsumerCollaborator" tests="1" skipped="0" failures="0" errors="0" timestamp="2015-05-20T16:40:13" hostname="josdem-Inspiron-5420" time="0.012">
  <properties/>
  <testcase name="shouldCreateSTPResponse" classname="com.tim.one.collaborator.TestSTPConsumerCollaborator" time="0.012"/>
  <system-out><![CDATA[]]></system-out>
  <system-err><![CDATA[]]></system-err>
</testsuite>
