<?xml version="1.0" encoding="UTF-8"?>
<testsuite name="com.tim.one.service.TestCalculatorService" tests="10" skipped="0" failures="0" errors="0" timestamp="2015-05-20T16:40:53" hostname="josdem-Inspiron-5420" time="0.015">
  <properties/>
  <testcase name="shouldGetCRE" classname="com.tim.one.service.TestCalculatorService" time="0.002"/>
  <testcase name="shouldGetTRI" classname="com.tim.one.service.TestCalculatorService" time="0.002"/>
  <testcase name="shouldGetUCN" classname="com.tim.one.service.TestCalculatorService" time="0.001"/>
  <testcase name="shouldGetCreWhenNoProject" classname="com.tim.one.service.TestCalculatorService" time="0.001"/>
  <testcase name="shouldGetZeroWhenNegativeTri" classname="com.tim.one.service.TestCalculatorService" time="0.002"/>
  <testcase name="shouldNotGetUCN" classname="com.tim.one.service.TestCalculatorService" time="0.001"/>
  <testcase name="shouldGetTriWhenNoBudget" classname="com.tim.one.service.TestCalculatorService" time="0.001"/>
  <testcase name="shouldGetCalculatedBreakeven" classname="com.tim.one.service.TestCalculatorService" time="0.001"/>
  <testcase name="shouldGetTriWhenNoProject" classname="com.tim.one.service.TestCalculatorService" time="0.001"/>
  <testcase name="shouldGetCreWhenNoBudget" classname="com.tim.one.service.TestCalculatorService" time="0.001"/>
  <system-out><![CDATA[]]></system-out>
  <system-err><![CDATA[]]></system-err>
</testsuite>
