<?xml version="1.0" encoding="UTF-8"?>
<testsuite name="com.tim.one.collaborator.TestStringSplitter" tests="2" skipped="0" failures="0" errors="0" timestamp="2015-05-20T16:40:13" hostname="josdem-Inspiron-5420" time="0.014">
  <properties/>
  <testcase name="shouldReturnIfStringIfNoString" classname="com.tim.one.collaborator.TestStringSplitter" time="0.009"/>
  <testcase name="shouldReturnIfStringIsEmpty" classname="com.tim.one.collaborator.TestStringSplitter" time="0.004"/>
  <system-out><![CDATA[]]></system-out>
  <system-err><![CDATA[]]></system-err>
</testsuite>
