<?xml version="1.0" encoding="UTF-8"?>
<testsuite name="com.tim.one.service.TestBudgetService" tests="1" skipped="0" failures="0" errors="0" timestamp="2015-05-20T16:40:47" hostname="josdem-Inspiron-5420" time="0.0">
  <properties/>
  <testcase name="shouldGetBudget" classname="com.tim.one.service.TestBudgetService" time="0.0"/>
  <system-out><![CDATA[]]></system-out>
  <system-err><![CDATA[]]></system-err>
</testsuite>
