<?xml version="1.0" encoding="UTF-8"?>
<testsuite name="com.tim.one.service.STPClabeServiceIntegrationSpec" tests="1" skipped="0" failures="0" errors="0" timestamp="2015-05-20T16:40:31" hostname="josdem-Inspiron-5420" time="2.843">
  <properties/>
  <testcase name="Should generate and STP account" classname="com.tim.one.service.STPClabeServiceIntegrationSpec" time="2.843"/>
  <system-out><![CDATA[18792 [Test worker] DEBUG org.springframework.test.annotation.ProfileValueUtils  - Retrieved @ProfileValueSourceConfiguration [null] for test class [com.tim.one.service.STPClabeServiceIntegrationSpec]
18792 [Test worker] DEBUG org.springframework.test.annotation.ProfileValueUtils  - Retrieved ProfileValueSource type [class org.springframework.test.annotation.SystemProfileValueSource] for class [com.tim.one.service.STPClabeServiceIntegrationSpec]
18792 [Test worker] DEBUG org.springframework.test.annotation.ProfileValueUtils  - Retrieved @ProfileValueSourceConfiguration [null] for test class [com.tim.one.service.STPClabeServiceIntegrationSpec]
18792 [Test worker] DEBUG org.springframework.test.annotation.ProfileValueUtils  - Retrieved ProfileValueSource type [class org.springframework.test.annotation.SystemProfileValueSource] for class [com.tim.one.service.STPClabeServiceIntegrationSpec]
18794 [Test worker] DEBUG org.springframework.test.context.support.AbstractDelegatingSmartContextLoader  - Delegating to GenericXmlContextLoader to process context configuration [ContextConfigurationAttributes@2bdaf480 declaringClass = 'com.tim.one.service.STPClabeServiceIntegrationSpec', classes = '{}', locations = '{classpath:/stp-appctx.xml, classpath:/services-appctx.xml, classpath:/persistence-appctx.xml, classpath:/jms-appctx.xml, classpath:/mail-context.xml, classpath:/transaction-appctx.xml, classpath:/formatter-appctx.xml, classpath:/stp-appctx.xml, classpath:/aop-appctx.xml, classpath:/properties-appctx.xml}', inheritLocations = true, initializers = '{}', inheritInitializers = true, name = [null], contextLoaderClass = 'org.springframework.test.context.ContextLoader'].
18794 [Test worker] DEBUG org.springframework.test.context.ContextLoaderUtils  - Could not find an 'annotation declaring class' for annotation type [org.springframework.test.context.ActiveProfiles] and class [com.tim.one.service.STPClabeServiceIntegrationSpec]
18794 [Test worker] DEBUG org.springframework.test.context.TestContextManager  - @TestExecutionListeners is not present for class [com.tim.one.service.STPClabeServiceIntegrationSpec]: using defaults.
18799 [Test worker] DEBUG org.springframework.test.context.support.DependencyInjectionTestExecutionListener  - Performing dependency injection for test context [[DefaultTestContext@2dd50395 testClass = STPClabeServiceIntegrationSpec, testInstance = com.tim.one.service.STPClabeServiceIntegrationSpec@7bde42b4, testMethod = [null], testException = [null], mergedContextConfiguration = [MergedContextConfiguration@3ced76f4 testClass = STPClabeServiceIntegrationSpec, locations = '{classpath:/stp-appctx.xml, classpath:/services-appctx.xml, classpath:/persistence-appctx.xml, classpath:/jms-appctx.xml, classpath:/mail-context.xml, classpath:/transaction-appctx.xml, classpath:/formatter-appctx.xml, classpath:/stp-appctx.xml, classpath:/aop-appctx.xml, classpath:/properties-appctx.xml}', classes = '{}', contextInitializerClasses = '[]', activeProfiles = '{}', contextLoader = 'org.springframework.test.context.support.DelegatingSmartContextLoader', parent = [null]]]].
18799 [Test worker] DEBUG org.springframework.test.context.support.AbstractDelegatingSmartContextLoader  - Delegating to GenericXmlContextLoader to load context from [MergedContextConfiguration@3ced76f4 testClass = STPClabeServiceIntegrationSpec, locations = '{classpath:/stp-appctx.xml, classpath:/services-appctx.xml, classpath:/persistence-appctx.xml, classpath:/jms-appctx.xml, classpath:/mail-context.xml, classpath:/transaction-appctx.xml, classpath:/formatter-appctx.xml, classpath:/stp-appctx.xml, classpath:/aop-appctx.xml, classpath:/properties-appctx.xml}', classes = '{}', contextInitializerClasses = '[]', activeProfiles = '{}', contextLoader = 'org.springframework.test.context.support.DelegatingSmartContextLoader', parent = [null]].
18799 [Test worker] DEBUG org.springframework.test.context.support.AbstractGenericContextLoader  - Loading ApplicationContext for merged context configuration [[MergedContextConfiguration@3ced76f4 testClass = STPClabeServiceIntegrationSpec, locations = '{classpath:/stp-appctx.xml, classpath:/services-appctx.xml, classpath:/persistence-appctx.xml, classpath:/jms-appctx.xml, classpath:/mail-context.xml, classpath:/transaction-appctx.xml, classpath:/formatter-appctx.xml, classpath:/stp-appctx.xml, classpath:/aop-appctx.xml, classpath:/properties-appctx.xml}', classes = '{}', contextInitializerClasses = '[]', activeProfiles = '{}', contextLoader = 'org.springframework.test.context.support.DelegatingSmartContextLoader', parent = [null]]].
18800 [Test worker] DEBUG org.springframework.core.env.StandardEnvironment  - Adding [systemProperties] PropertySource with lowest search precedence
18800 [Test worker] DEBUG org.springframework.core.env.StandardEnvironment  - Adding [systemEnvironment] PropertySource with lowest search precedence
18800 [Test worker] DEBUG org.springframework.core.env.StandardEnvironment  - Initialized StandardEnvironment with PropertySources [systemProperties,systemEnvironment]
18800 [Test worker] INFO  org.springframework.beans.factory.xml.XmlBeanDefinitionReader  - Loading XML bean definitions from class path resource [stp-appctx.xml]
18821 [Test worker] DEBUG org.springframework.core.io.support.PathMatchingResourcePatternResolver  - Looking for matching resources in jar file [file:/home/josdem/git/uber-timone/payment-broker/timone-stp/build/libs/timone-stp-0.1.4-ALPHA.jar]
18823 [Test worker] DEBUG org.springframework.core.io.support.PathMatchingResourcePatternResolver  - Resolved location pattern [classpath*:com/tim/one/stp/**/*.class] to resources [URL [jar:file:/home/josdem/git/uber-timone/payment-broker/timone-stp/build/libs/timone-stp-0.1.4-ALPHA.jar!/com/tim/one/stp/bean/ExceptionCode.class], URL [jar:file:/home/josdem/git/uber-timone/payment-broker/timone-stp/build/libs/timone-stp-0.1.4-ALPHA.jar!/com/tim/one/stp/command/IntegraCashinCommand.class], URL [jar:file:/home/josdem/git/uber-timone/payment-broker/timone-stp/build/libs/timone-stp-0.1.4-ALPHA.jar!/com/tim/one/stp/helper/STPHelper.class], URL [jar:file:/home/josdem/git/uber-timone/payment-broker/timone-stp/build/libs/timone-stp-0.1.4-ALPHA.jar!/com/tim/one/stp/util/STPUtil.class], URL [jar:file:/home/josdem/git/uber-timone/payment-broker/timone-stp/build/libs/timone-stp-0.1.4-ALPHA.jar!/com/tim/one/stp/validator/ClabeValidator.class], URL [jar:file:/home/josdem/git/uber-timone/payment-broker/timone-stp/build/libs/timone-stp-0.1.4-ALPHA.jar!/com/tim/one/stp/formatter/CommandFormatter.class], URL [jar:file:/home/josdem/git/uber-timone/payment-broker/timone-stp/build/libs/timone-stp-0.1.4-ALPHA.jar!/com/tim/one/stp/service/CryptoService.class], URL [jar:file:/home/josdem/git/uber-timone/payment-broker/timone-stp/build/libs/timone-stp-0.1.4-ALPHA.jar!/com/tim/one/stp/service/STPService.class], URL [jar:file:/home/josdem/git/uber-timone/payment-broker/timone-stp/build/libs/timone-stp-0.1.4-ALPHA.jar!/com/tim/one/stp/service/STPClabeService.class], URL [jar:file:/home/josdem/git/uber-timone/payment-broker/timone-stp/build/libs/timone-stp-0.1.4-ALPHA.jar!/com/tim/one/stp/service/RestService.class], URL [jar:file:/home/josdem/git/uber-timone/payment-broker/timone-stp/build/libs/timone-stp-0.1.4-ALPHA.jar!/com/tim/one/stp/service/impl/STPClabeServiceImpl.class], URL [jar:file:/home/josdem/git/uber-timone/payment-broker/timone-stp/build/libs/timone-stp-0.1.4-ALPHA.jar!/com/tim/one/stp/service/impl/RestServiceImpl.class], URL [jar:file:/home/josdem/git/uber-timone/payment-broker/timone-stp/build/libs/timone-stp-0.1.4-ALPHA.jar!/com/tim/one/stp/service/impl/CryptoServiceImpl.class], URL [jar:file:/home/josdem/git/uber-timone/payment-broker/timone-stp/build/libs/timone-stp-0.1.4-ALPHA.jar!/com/tim/one/stp/service/impl/STPServiceImpl.class], URL [jar:file:/home/josdem/git/uber-timone/payment-broker/timone-stp/build/libs/timone-stp-0.1.4-ALPHA.jar!/com/tim/one/stp/state/ApplicationState.class], URL [jar:file:/home/josdem/git/uber-timone/payment-broker/timone-stp/build/libs/timone-stp-0.1.4-ALPHA.jar!/com/tim/one/stp/exception/InvalidSTPResponse.class], URL [jar:file:/home/josdem/git/uber-timone/payment-broker/timone-stp/build/libs/timone-stp-0.1.4-ALPHA.jar!/com/tim/one/stp/exception/SPEITransactionException.class], URL [jar:file:/home/josdem/git/uber-timone/payment-broker/timone-stp/build/libs/timone-stp-0.1.4-ALPHA.jar!/com/tim/one/stp/exception/DuplicatedAccountException.class], URL [jar:file:/home/josdem/git/uber-timone/payment-broker/timone-stp/build/libs/timone-stp-0.1.4-ALPHA.jar!/com/tim/one/stp/exception/STPResponseNotFound.class], URL [jar:file:/home/josdem/git/uber-timone/payment-broker/timone-stp/build/libs/timone-stp-0.1.4-ALPHA.jar!/com/tim/one/stp/exception/InvalidCentroDeCostosException.class], URL [jar:file:/home/josdem/git/uber-timone/payment-broker/timone-stp/build/libs/timone-stp-0.1.4-ALPHA.jar!/com/tim/one/stp/exception/InvalidClabeException.class], URL [jar:file:/home/josdem/git/uber-timone/payment-broker/timone-stp/build/libs/timone-stp-0.1.4-ALPHA.jar!/com/tim/one/stp/collabotator/STPCollaborator.class], URL [jar:file:/home/josdem/git/uber-timone/payment-broker/timone-stp/build/libs/timone-stp-0.1.4-ALPHA.jar!/com/tim/one/stp/collabotator/ClabeValidatorCollaborator.class], URL [jar:file:/home/josdem/git/uber-timone/payment-broker/timone-stp/build/libs/timone-stp-0.1.4-ALPHA.jar!/com/tim/one/stp/collabotator/ClabeDigitValidatorCollaborator.class], URL [jar:file:/home/josdem/git/uber-timone/payment-broker/timone-stp/build/libs/timone-stp-0.1.4-ALPHA.jar!/com/tim/one/stp/collabotator/OrdenPagoAdapter.class], URL [jar:file:/home/josdem/git/uber-timone/payment-broker/timone-stp/build/libs/timone-stp-0.1.4-ALPHA.jar!/com/tim/one/stp/collabotator/CrytoMain.class], URL [jar:file:/home/josdem/git/uber-timone/payment-broker/timone-stp/build/libs/timone-stp-0.1.4-ALPHA.jar!/com/tim/one/stp/collabotator/OrdenPagoFormatter.class], URL [jar:file:/home/josdem/git/uber-timone/payment-broker/timone-stp/build/libs/timone-stp-0.1.4-ALPHA.jar!/com/tim/one/stp/collabotator/SerialCollaborator.class]]
18824 [Test worker] DEBUG org.springframework.context.annotation.ClassPathBeanDefinitionScanner  - Identified candidate component class: URL [jar:file:/home/josdem/git/uber-timone/payment-broker/timone-stp/build/libs/timone-stp-0.1.4-ALPHA.jar!/com/tim/one/stp/helper/STPHelper.class]
18825 [Test worker] DEBUG org.springframework.context.annotation.ClassPathBeanDefinitionScanner  - Identified candidate component class: URL [jar:file:/home/josdem/git/uber-timone/payment-broker/timone-stp/build/libs/timone-stp-0.1.4-ALPHA.jar!/com/tim/one/stp/util/STPUtil.class]
18827 [Test worker] DEBUG org.springframework.context.annotation.ClassPathBeanDefinitionScanner  - Identified candidate component class: URL [jar:file:/home/josdem/git/uber-timone/payment-broker/timone-stp/build/libs/timone-stp-0.1.4-ALPHA.jar!/com/tim/one/stp/validator/ClabeValidator.class]
18827 [Test worker] DEBUG org.springframework.context.annotation.ClassPathBeanDefinitionScanner  - Identified candidate component class: URL [jar:file:/home/josdem/git/uber-timone/payment-broker/timone-stp/build/libs/timone-stp-0.1.4-ALPHA.jar!/com/tim/one/stp/formatter/CommandFormatter.class]
18829 [Test worker] DEBUG org.springframework.context.annotation.ClassPathBeanDefinitionScanner  - Identified candidate component class: URL [jar:file:/home/josdem/git/uber-timone/payment-broker/timone-stp/build/libs/timone-stp-0.1.4-ALPHA.jar!/com/tim/one/stp/service/impl/STPClabeServiceImpl.class]
18830 [Test worker] DEBUG org.springframework.context.annotation.ClassPathBeanDefinitionScanner  - Identified candidate component class: URL [jar:file:/home/josdem/git/uber-timone/payment-broker/timone-stp/build/libs/timone-stp-0.1.4-ALPHA.jar!/com/tim/one/stp/service/impl/RestServiceImpl.class]
18831 [Test worker] DEBUG org.springframework.context.annotation.ClassPathBeanDefinitionScanner  - Identified candidate component class: URL [jar:file:/home/josdem/git/uber-timone/payment-broker/timone-stp/build/libs/timone-stp-0.1.4-ALPHA.jar!/com/tim/one/stp/service/impl/CryptoServiceImpl.class]
18832 [Test worker] DEBUG org.springframework.context.annotation.ClassPathBeanDefinitionScanner  - Identified candidate component class: URL [jar:file:/home/josdem/git/uber-timone/payment-broker/timone-stp/build/libs/timone-stp-0.1.4-ALPHA.jar!/com/tim/one/stp/service/impl/STPServiceImpl.class]
18835 [Test worker] DEBUG org.springframework.context.annotation.ClassPathBeanDefinitionScanner  - Identified candidate component class: URL [jar:file:/home/josdem/git/uber-timone/payment-broker/timone-stp/build/libs/timone-stp-0.1.4-ALPHA.jar!/com/tim/one/stp/collabotator/STPCollaborator.class]
18836 [Test worker] DEBUG org.springframework.context.annotation.ClassPathBeanDefinitionScanner  - Identified candidate component class: URL [jar:file:/home/josdem/git/uber-timone/payment-broker/timone-stp/build/libs/timone-stp-0.1.4-ALPHA.jar!/com/tim/one/stp/collabotator/ClabeValidatorCollaborator.class]
18836 [Test worker] DEBUG org.springframework.context.annotation.ClassPathBeanDefinitionScanner  - Identified candidate component class: URL [jar:file:/home/josdem/git/uber-timone/payment-broker/timone-stp/build/libs/timone-stp-0.1.4-ALPHA.jar!/com/tim/one/stp/collabotator/ClabeDigitValidatorCollaborator.class]
18837 [Test worker] DEBUG org.springframework.context.annotation.ClassPathBeanDefinitionScanner  - Identified candidate component class: URL [jar:file:/home/josdem/git/uber-timone/payment-broker/timone-stp/build/libs/timone-stp-0.1.4-ALPHA.jar!/com/tim/one/stp/collabotator/OrdenPagoAdapter.class]
18837 [Test worker] DEBUG org.springframework.context.annotation.ClassPathBeanDefinitionScanner  - Identified candidate component class: URL [jar:file:/home/josdem/git/uber-timone/payment-broker/timone-stp/build/libs/timone-stp-0.1.4-ALPHA.jar!/com/tim/one/stp/collabotator/OrdenPagoFormatter.class]
18838 [Test worker] DEBUG org.springframework.context.annotation.ClassPathBeanDefinitionScanner  - Identified candidate component class: URL [jar:file:/home/josdem/git/uber-timone/payment-broker/timone-stp/build/libs/timone-stp-0.1.4-ALPHA.jar!/com/tim/one/stp/collabotator/SerialCollaborator.class]
18839 [Test worker] INFO  org.springframework.beans.factory.xml.XmlBeanDefinitionReader  - Loading XML bean definitions from class path resource [services-appctx.xml]
18855 [Test worker] DEBUG org.springframework.core.io.support.PathMatchingResourcePatternResolver  - Looking for matching resources in directory tree [/home/josdem/git/uber-timone/services/build/classes/test/com/tim/one/service]
18855 [Test worker] DEBUG org.springframework.core.io.support.PathMatchingResourcePatternResolver  - Searching directory [/home/josdem/git/uber-timone/services/build/classes/test/com/tim/one/service] for files matching pattern [/home/josdem/git/uber-timone/services/build/classes/test/com/tim/one/service/**/*.class]
18857 [Test worker] DEBUG org.springframework.core.io.support.PathMatchingResourcePatternResolver  - Looking for matching resources in directory tree [/home/josdem/git/uber-timone/services/build/classes/main/com/tim/one/service]
18857 [Test worker] DEBUG org.springframework.core.io.support.PathMatchingResourcePatternResolver  - Searching directory [/home/josdem/git/uber-timone/services/build/classes/main/com/tim/one/service] for files matching pattern [/home/josdem/git/uber-timone/services/build/classes/main/com/tim/one/service/**/*.class]
18858 [Test worker] DEBUG org.springframework.core.io.support.PathMatchingResourcePatternResolver  - Searching directory [/home/josdem/git/uber-timone/services/build/classes/main/com/tim/one/service/impl] for files matching pattern [/home/josdem/git/uber-timone/services/build/classes/main/com/tim/one/service/**/*.class]
18862 [Test worker] DEBUG org.springframework.core.io.support.PathMatchingResourcePatternResolver  - Resolved location pattern [classpath*:com/tim/one/service/**/*.class] to resources [file [/home/josdem/git/uber-timone/services/build/classes/test/com/tim/one/service/TestTransactionLogService.class], file [/home/josdem/git/uber-timone/services/build/classes/test/com/tim/one/service/IntegraUserServiceIntegrationSpec.class], file [/home/josdem/git/uber-timone/services/build/classes/test/com/tim/one/service/TestBankService.class], file [/home/josdem/git/uber-timone/services/build/classes/test/com/tim/one/service/TestAccountService.class], file [/home/josdem/git/uber-timone/services/build/classes/test/com/tim/one/service/ProjectPersisterServiceIntegrationSpec.class], file [/home/josdem/git/uber-timone/services/build/classes/test/com/tim/one/service/AccountServiceIntegrationSpec.class], file [/home/josdem/git/uber-timone/services/build/classes/test/com/tim/one/service/TestIntegraCashinStrategy.class], file [/home/josdem/git/uber-timone/services/build/classes/test/com/tim/one/service/TestProjectService.class], file [/home/josdem/git/uber-timone/services/build/classes/test/com/tim/one/service/TestProjectTransactionService.class], file [/home/josdem/git/uber-timone/services/build/classes/test/com/tim/one/service/TransactionApplierServiceIntegrationSpec.class], file [/home/josdem/git/uber-timone/services/build/classes/test/com/tim/one/service/BreakevenServiceIntegrationSpec.class], file [/home/josdem/git/uber-timone/services/build/classes/test/com/tim/one/service/TestSecurityService.class], file [/home/josdem/git/uber-timone/services/build/classes/test/com/tim/one/service/IntegraTransactionServiceIntegrationSpec.class], file [/home/josdem/git/uber-timone/services/build/classes/test/com/tim/one/service/ProjectServiceIntegrationSpec.class], file [/home/josdem/git/uber-timone/services/build/classes/test/com/tim/one/service/STPClabeServiceIntegrationSpec.class], file [/home/josdem/git/uber-timone/services/build/classes/test/com/tim/one/service/TestBreakevenService.class], file [/home/josdem/git/uber-timone/services/build/classes/test/com/tim/one/service/TestUserTransactionService.class], file [/home/josdem/git/uber-timone/services/build/classes/test/com/tim/one/service/TestIntegraTransactionServiceImpl.class], file [/home/josdem/git/uber-timone/services/build/classes/test/com/tim/one/service/STPConsumerServiceIntegrationSpec.class], file [/home/josdem/git/uber-timone/services/build/classes/test/com/tim/one/service/TestFreakfundCashinStrategy.class], file [/home/josdem/git/uber-timone/services/build/classes/test/com/tim/one/service/TestBudgetService.class], file [/home/josdem/git/uber-timone/services/build/classes/test/com/tim/one/service/UserTransactionServiceIntegrationSpec.class], file [/home/josdem/git/uber-timone/services/build/classes/test/com/tim/one/service/TestProjectPersisterService.class], file [/home/josdem/git/uber-timone/services/build/classes/test/com/tim/one/service/TransactionServiceIntegrationSpec.class], file [/home/josdem/git/uber-timone/services/build/classes/test/com/tim/one/service/TestTransactionApplier.class], file [/home/josdem/git/uber-timone/services/build/classes/test/com/tim/one/service/TestSTPAccountService.class], file [/home/josdem/git/uber-timone/services/build/classes/test/com/tim/one/service/TestRevenuePotentialService.class], file [/home/josdem/git/uber-timone/services/build/classes/test/com/tim/one/service/TestStatusService.class], file [/home/josdem/git/uber-timone/services/build/classes/test/com/tim/one/service/TestUserService.class], file [/home/josdem/git/uber-timone/services/build/classes/test/com/tim/one/service/STPAccountServiceIntegrationSpec.class], file [/home/josdem/git/uber-timone/services/build/classes/test/com/tim/one/service/TestSTPConsumerService.class], file [/home/josdem/git/uber-timone/services/build/classes/test/com/tim/one/service/TestCategoryService.class], file [/home/josdem/git/uber-timone/services/build/classes/test/com/tim/one/service/TestUnitCalculator.class], file [/home/josdem/git/uber-timone/services/build/classes/test/com/tim/one/service/TestTransactionService.class], file [/home/josdem/git/uber-timone/services/build/classes/test/com/tim/one/service/ProjectTransactionServiceIntegrationSpec.class], file [/home/josdem/git/uber-timone/services/build/classes/test/com/tim/one/service/TestCalculatorService.class], file [/home/josdem/git/uber-timone/services/build/classes/test/com/tim/one/service/TestCatalogService.class], file [/home/josdem/git/uber-timone/services/build/classes/test/com/tim/one/service/TestPaypalPaymentStorerService.class], file [/home/josdem/git/uber-timone/services/build/classes/test/com/tim/one/service/TestIntegrationMailService.class], file [/home/josdem/git/uber-timone/services/build/classes/main/com/tim/one/service/SecurityService.class], file [/home/josdem/git/uber-timone/services/build/classes/main/com/tim/one/service/UserTransactionService.class], file [/home/josdem/git/uber-timone/services/build/classes/main/com/tim/one/service/CalcSheetStorerService.class], file [/home/josdem/git/uber-timone/services/build/classes/main/com/tim/one/service/UserService.class], file [/home/josdem/git/uber-timone/services/build/classes/main/com/tim/one/service/LoggerService.class], file [/home/josdem/git/uber-timone/services/build/classes/main/com/tim/one/service/BudgetService.class], file [/home/josdem/git/uber-timone/services/build/classes/main/com/tim/one/service/impl/STPAccountServiceImpl.class], file [/home/josdem/git/uber-timone/services/build/classes/main/com/tim/one/service/impl/TransactionLogServiceImpl.class], file [/home/josdem/git/uber-timone/services/build/classes/main/com/tim/one/service/impl/StringSplitterImpl.class], file [/home/josdem/git/uber-timone/services/build/classes/main/com/tim/one/service/impl/BudgetServiceImpl.class], file [/home/josdem/git/uber-timone/services/build/classes/main/com/tim/one/service/impl/IntegraCashinStrategy.class], file [/home/josdem/git/uber-timone/services/build/classes/main/com/tim/one/service/impl/AccountGeneratorImpl$1.class], file [/home/josdem/git/uber-timone/services/build/classes/main/com/tim/one/service/impl/TransactionApplierImpl.class], file [/home/josdem/git/uber-timone/services/build/classes/main/com/tim/one/service/impl/ProjectPersisterServiceImpl.class], file [/home/josdem/git/uber-timone/services/build/classes/main/com/tim/one/service/impl/CatalogServiceImpl.class], file [/home/josdem/git/uber-timone/services/build/classes/main/com/tim/one/service/impl/LoggerServiceImpl$1.class], file [/home/josdem/git/uber-timone/services/build/classes/main/com/tim/one/service/impl/SecurityServiceImpl.class], file [/home/josdem/git/uber-timone/services/build/classes/main/com/tim/one/service/impl/LoggerServiceImpl.class], file [/home/josdem/git/uber-timone/services/build/classes/main/com/tim/one/service/impl/FreakfundCashinStrategy.class], file [/home/josdem/git/uber-timone/services/build/classes/main/com/tim/one/service/impl/UserTransactionServiceImpl.class], file [/home/josdem/git/uber-timone/services/build/classes/main/com/tim/one/service/impl/ProjectTransactionServiceImpl.class], file [/home/josdem/git/uber-timone/services/build/classes/main/com/tim/one/service/impl/AccountServiceImpl.class], file [/home/josdem/git/uber-timone/services/build/classes/main/com/tim/one/service/impl/CalculatorServiceImpl.class], file [/home/josdem/git/uber-timone/services/build/classes/main/com/tim/one/service/impl/StatusServiceImpl$_getProjectStatus_closure1.class], file [/home/josdem/git/uber-timone/services/build/classes/main/com/tim/one/service/impl/PaypalPaymentStorerServiceImpl.class], file [/home/josdem/git/uber-timone/services/build/classes/main/com/tim/one/service/impl/IntegraTransactionServiceImpl.class], file [/home/josdem/git/uber-timone/services/build/classes/main/com/tim/one/service/impl/IntegraUserServiceImpl.class], file [/home/josdem/git/uber-timone/services/build/classes/main/com/tim/one/service/impl/BankServiceImpl.class], file [/home/josdem/git/uber-timone/services/build/classes/main/com/tim/one/service/impl/NotificationServiceImpl.class], file [/home/josdem/git/uber-timone/services/build/classes/main/com/tim/one/service/impl/TransactionServiceImpl$1.class], file [/home/josdem/git/uber-timone/services/build/classes/main/com/tim/one/service/impl/ProjectManagerImpl.class], file [/home/josdem/git/uber-timone/services/build/classes/main/com/tim/one/service/impl/RevenuePotentialServiceImpl.class], file [/home/josdem/git/uber-timone/services/build/classes/main/com/tim/one/service/impl/UnitServiceImpl.class], file [/home/josdem/git/uber-timone/services/build/classes/main/com/tim/one/service/impl/CategoryServiceImpl.class], file [/home/josdem/git/uber-timone/services/build/classes/main/com/tim/one/service/impl/STPConsumerServiceImpl.class], file [/home/josdem/git/uber-timone/services/build/classes/main/com/tim/one/service/impl/ProjectCollaboratorServiceImpl.class], file [/home/josdem/git/uber-timone/services/build/classes/main/com/tim/one/service/impl/TransactionServiceImpl.class], file [/home/josdem/git/uber-timone/services/build/classes/main/com/tim/one/service/impl/UnitCalculatorImpl.class], file [/home/josdem/git/uber-timone/services/build/classes/main/com/tim/one/service/impl/AccountGeneratorImpl.class], file [/home/josdem/git/uber-timone/services/build/classes/main/com/tim/one/service/impl/ProjectServiceImpl.class], file [/home/josdem/git/uber-timone/services/build/classes/main/com/tim/one/service/impl/UserServiceImpl.class], file [/home/josdem/git/uber-timone/services/build/classes/main/com/tim/one/service/impl/CalcSheetStorerServiceImpl.class], file [/home/josdem/git/uber-timone/services/build/classes/main/com/tim/one/service/impl/ProjectServiceImpl$1.class], file [/home/josdem/git/uber-timone/services/build/classes/main/com/tim/one/service/impl/StatusServiceImpl.class], file [/home/josdem/git/uber-timone/services/build/classes/main/com/tim/one/service/impl/BreakevenServiceImpl.class], file [/home/josdem/git/uber-timone/services/build/classes/main/com/tim/one/service/UnitCalculator.class], file [/home/josdem/git/uber-timone/services/build/classes/main/com/tim/one/service/StatusService.class], file [/home/josdem/git/uber-timone/services/build/classes/main/com/tim/one/service/ProjectTransactionService.class], file [/home/josdem/git/uber-timone/services/build/classes/main/com/tim/one/service/ProjectService.class], file [/home/josdem/git/uber-timone/services/build/classes/main/com/tim/one/service/ProjectManager.class], file [/home/josdem/git/uber-timone/services/build/classes/main/com/tim/one/service/ProjectPersisterService.class], file [/home/josdem/git/uber-timone/services/build/classes/main/com/tim/one/service/IntegraTransactionService.class], file [/home/josdem/git/uber-timone/services/build/classes/main/com/tim/one/service/CatalogService.class], file [/home/josdem/git/uber-timone/services/build/classes/main/com/tim/one/service/BreakevenService.class], file [/home/josdem/git/uber-timone/services/build/classes/main/com/tim/one/service/BankService.class], file [/home/josdem/git/uber-timone/services/build/classes/main/com/tim/one/service/STPConsumerService.class], file [/home/josdem/git/uber-timone/services/build/classes/main/com/tim/one/service/NotificationService.class], file [/home/josdem/git/uber-timone/services/build/classes/main/com/tim/one/service/TransactionService.class], file [/home/josdem/git/uber-timone/services/build/classes/main/com/tim/one/service/StringSplitter.class], file [/home/josdem/git/uber-timone/services/build/classes/main/com/tim/one/service/RevenuePotentialService.class], file [/home/josdem/git/uber-timone/services/build/classes/main/com/tim/one/service/CategoryService.class], file [/home/josdem/git/uber-timone/services/build/classes/main/com/tim/one/service/CashinStrategy.class], file [/home/josdem/git/uber-timone/services/build/classes/main/com/tim/one/service/STPAccountService.class], file [/home/josdem/git/uber-timone/services/build/classes/main/com/tim/one/service/PaypalPaymentStorerService.class], file [/home/josdem/git/uber-timone/services/build/classes/main/com/tim/one/service/CalculatorService.class], file [/home/josdem/git/uber-timone/services/build/classes/main/com/tim/one/service/TransactionApplier.class], file [/home/josdem/git/uber-timone/services/build/classes/main/com/tim/one/service/AccountGeneratorService.class], file [/home/josdem/git/uber-timone/services/build/classes/main/com/tim/one/service/IntegraUserService.class], file [/home/josdem/git/uber-timone/services/build/classes/main/com/tim/one/service/ProjectCollaboratorService.class], file [/home/josdem/git/uber-timone/services/build/classes/main/com/tim/one/service/TransactionLogService.class], file [/home/josdem/git/uber-timone/services/build/classes/main/com/tim/one/service/AccountService.class], file [/home/josdem/git/uber-timone/services/build/classes/main/com/tim/one/service/UnitService.class]]
18937 [Test worker] DEBUG org.springframework.context.annotation.ClassPathBeanDefinitionScanner  - Identified candidate component class: file [/home/josdem/git/uber-timone/services/build/classes/main/com/tim/one/service/impl/STPAccountServiceImpl.class]
18937 [Test worker] DEBUG org.springframework.context.annotation.ClassPathBeanDefinitionScanner  - Identified candidate component class: file [/home/josdem/git/uber-timone/services/build/classes/main/com/tim/one/service/impl/TransactionLogServiceImpl.class]
18938 [Test worker] DEBUG org.springframework.context.annotation.ClassPathBeanDefinitionScanner  - Identified candidate component class: file [/home/josdem/git/uber-timone/services/build/classes/main/com/tim/one/service/impl/StringSplitterImpl.class]
18939 [Test worker] DEBUG org.springframework.context.annotation.ClassPathBeanDefinitionScanner  - Identified candidate component class: file [/home/josdem/git/uber-timone/services/build/classes/main/com/tim/one/service/impl/BudgetServiceImpl.class]
18939 [Test worker] DEBUG org.springframework.context.annotation.ClassPathBeanDefinitionScanner  - Identified candidate component class: file [/home/josdem/git/uber-timone/services/build/classes/main/com/tim/one/service/impl/IntegraCashinStrategy.class]
18940 [Test worker] DEBUG org.springframework.context.annotation.ClassPathBeanDefinitionScanner  - Identified candidate component class: file [/home/josdem/git/uber-timone/services/build/classes/main/com/tim/one/service/impl/TransactionApplierImpl.class]
18940 [Test worker] DEBUG org.springframework.context.annotation.ClassPathBeanDefinitionScanner  - Identified candidate component class: file [/home/josdem/git/uber-timone/services/build/classes/main/com/tim/one/service/impl/ProjectPersisterServiceImpl.class]
18941 [Test worker] DEBUG org.springframework.context.annotation.ClassPathBeanDefinitionScanner  - Identified candidate component class: file [/home/josdem/git/uber-timone/services/build/classes/main/com/tim/one/service/impl/CatalogServiceImpl.class]
18942 [Test worker] DEBUG org.springframework.context.annotation.ClassPathBeanDefinitionScanner  - Identified candidate component class: file [/home/josdem/git/uber-timone/services/build/classes/main/com/tim/one/service/impl/SecurityServiceImpl.class]
18943 [Test worker] DEBUG org.springframework.context.annotation.ClassPathBeanDefinitionScanner  - Identified candidate component class: file [/home/josdem/git/uber-timone/services/build/classes/main/com/tim/one/service/impl/LoggerServiceImpl.class]
18944 [Test worker] DEBUG org.springframework.context.annotation.ClassPathBeanDefinitionScanner  - Identified candidate component class: file [/home/josdem/git/uber-timone/services/build/classes/main/com/tim/one/service/impl/FreakfundCashinStrategy.class]
18944 [Test worker] DEBUG org.springframework.context.annotation.ClassPathBeanDefinitionScanner  - Identified candidate component class: file [/home/josdem/git/uber-timone/services/build/classes/main/com/tim/one/service/impl/UserTransactionServiceImpl.class]
18945 [Test worker] DEBUG org.springframework.context.annotation.ClassPathBeanDefinitionScanner  - Identified candidate component class: file [/home/josdem/git/uber-timone/services/build/classes/main/com/tim/one/service/impl/ProjectTransactionServiceImpl.class]
18945 [Test worker] DEBUG org.springframework.context.annotation.ClassPathBeanDefinitionScanner  - Identified candidate component class: file [/home/josdem/git/uber-timone/services/build/classes/main/com/tim/one/service/impl/AccountServiceImpl.class]
18946 [Test worker] DEBUG org.springframework.context.annotation.ClassPathBeanDefinitionScanner  - Identified candidate component class: file [/home/josdem/git/uber-timone/services/build/classes/main/com/tim/one/service/impl/CalculatorServiceImpl.class]
18946 [Test worker] DEBUG org.springframework.context.annotation.ClassPathBeanDefinitionScanner  - Identified candidate component class: file [/home/josdem/git/uber-timone/services/build/classes/main/com/tim/one/service/impl/PaypalPaymentStorerServiceImpl.class]
18947 [Test worker] DEBUG org.springframework.context.annotation.ClassPathBeanDefinitionScanner  - Identified candidate component class: file [/home/josdem/git/uber-timone/services/build/classes/main/com/tim/one/service/impl/IntegraTransactionServiceImpl.class]
18949 [Test worker] DEBUG org.springframework.context.annotation.ClassPathBeanDefinitionScanner  - Identified candidate component class: file [/home/josdem/git/uber-timone/services/build/classes/main/com/tim/one/service/impl/IntegraUserServiceImpl.class]
18949 [Test worker] DEBUG org.springframework.context.annotation.ClassPathBeanDefinitionScanner  - Identified candidate component class: file [/home/josdem/git/uber-timone/services/build/classes/main/com/tim/one/service/impl/BankServiceImpl.class]
18950 [Test worker] DEBUG org.springframework.context.annotation.ClassPathBeanDefinitionScanner  - Identified candidate component class: file [/home/josdem/git/uber-timone/services/build/classes/main/com/tim/one/service/impl/NotificationServiceImpl.class]
18951 [Test worker] DEBUG org.springframework.context.annotation.ClassPathBeanDefinitionScanner  - Identified candidate component class: file [/home/josdem/git/uber-timone/services/build/classes/main/com/tim/one/service/impl/ProjectManagerImpl.class]
18951 [Test worker] DEBUG org.springframework.context.annotation.ClassPathBeanDefinitionScanner  - Identified candidate component class: file [/home/josdem/git/uber-timone/services/build/classes/main/com/tim/one/service/impl/RevenuePotentialServiceImpl.class]
18951 [Test worker] DEBUG org.springframework.context.annotation.ClassPathBeanDefinitionScanner  - Identified candidate component class: file [/home/josdem/git/uber-timone/services/build/classes/main/com/tim/one/service/impl/UnitServiceImpl.class]
18952 [Test worker] DEBUG org.springframework.context.annotation.ClassPathBeanDefinitionScanner  - Identified candidate component class: file [/home/josdem/git/uber-timone/services/build/classes/main/com/tim/one/service/impl/CategoryServiceImpl.class]
18952 [Test worker] DEBUG org.springframework.context.annotation.ClassPathBeanDefinitionScanner  - Identified candidate component class: file [/home/josdem/git/uber-timone/services/build/classes/main/com/tim/one/service/impl/STPConsumerServiceImpl.class]
18953 [Test worker] DEBUG org.springframework.context.annotation.ClassPathBeanDefinitionScanner  - Identified candidate component class: file [/home/josdem/git/uber-timone/services/build/classes/main/com/tim/one/service/impl/ProjectCollaboratorServiceImpl.class]
18954 [Test worker] DEBUG org.springframework.context.annotation.ClassPathBeanDefinitionScanner  - Identified candidate component class: file [/home/josdem/git/uber-timone/services/build/classes/main/com/tim/one/service/impl/TransactionServiceImpl.class]
18955 [Test worker] DEBUG org.springframework.context.annotation.ClassPathBeanDefinitionScanner  - Identified candidate component class: file [/home/josdem/git/uber-timone/services/build/classes/main/com/tim/one/service/impl/UnitCalculatorImpl.class]
18955 [Test worker] DEBUG org.springframework.context.annotation.ClassPathBeanDefinitionScanner  - Identified candidate component class: file [/home/josdem/git/uber-timone/services/build/classes/main/com/tim/one/service/impl/AccountGeneratorImpl.class]
18957 [Test worker] DEBUG org.springframework.context.annotation.ClassPathBeanDefinitionScanner  - Identified candidate component class: file [/home/josdem/git/uber-timone/services/build/classes/main/com/tim/one/service/impl/ProjectServiceImpl.class]
18958 [Test worker] DEBUG org.springframework.context.annotation.ClassPathBeanDefinitionScanner  - Identified candidate component class: file [/home/josdem/git/uber-timone/services/build/classes/main/com/tim/one/service/impl/UserServiceImpl.class]
18958 [Test worker] DEBUG org.springframework.context.annotation.ClassPathBeanDefinitionScanner  - Identified candidate component class: file [/home/josdem/git/uber-timone/services/build/classes/main/com/tim/one/service/impl/CalcSheetStorerServiceImpl.class]
18959 [Test worker] DEBUG org.springframework.context.annotation.ClassPathBeanDefinitionScanner  - Identified candidate component class: file [/home/josdem/git/uber-timone/services/build/classes/main/com/tim/one/service/impl/StatusServiceImpl.class]
18960 [Test worker] DEBUG org.springframework.context.annotation.ClassPathBeanDefinitionScanner  - Identified candidate component class: file [/home/josdem/git/uber-timone/services/build/classes/main/com/tim/one/service/impl/BreakevenServiceImpl.class]
18965 [Test worker] DEBUG org.springframework.core.io.support.PathMatchingResourcePatternResolver  - Looking for matching resources in directory tree [/home/josdem/git/uber-timone/services/build/classes/test/com/tim/one/helper]
18965 [Test worker] DEBUG org.springframework.core.io.support.PathMatchingResourcePatternResolver  - Searching directory [/home/josdem/git/uber-timone/services/build/classes/test/com/tim/one/helper] for files matching pattern [/home/josdem/git/uber-timone/services/build/classes/test/com/tim/one/helper/**/*.class]
18966 [Test worker] DEBUG org.springframework.core.io.support.PathMatchingResourcePatternResolver  - Looking for matching resources in directory tree [/home/josdem/git/uber-timone/services/build/classes/main/com/tim/one/helper]
18966 [Test worker] DEBUG org.springframework.core.io.support.PathMatchingResourcePatternResolver  - Searching directory [/home/josdem/git/uber-timone/services/build/classes/main/com/tim/one/helper] for files matching pattern [/home/josdem/git/uber-timone/services/build/classes/main/com/tim/one/helper/**/*.class]
18967 [Test worker] DEBUG org.springframework.core.io.support.PathMatchingResourcePatternResolver  - Resolved location pattern [classpath*:com/tim/one/helper/**/*.class] to resources [file [/home/josdem/git/uber-timone/services/build/classes/test/com/tim/one/helper/TestTransactionManagerHelper.class], file [/home/josdem/git/uber-timone/services/build/classes/main/com/tim/one/helper/UserHelper.class], file [/home/josdem/git/uber-timone/services/build/classes/main/com/tim/one/helper/SecurityHelper.class], file [/home/josdem/git/uber-timone/services/build/classes/main/com/tim/one/helper/GsonHelper.class], file [/home/josdem/git/uber-timone/services/build/classes/main/com/tim/one/helper/ProjectHelper.class], file [/home/josdem/git/uber-timone/services/build/classes/main/com/tim/one/helper/TransactionHelper.class], file [/home/josdem/git/uber-timone/services/build/classes/main/com/tim/one/helper/STPConsumerHelper.class], file [/home/josdem/git/uber-timone/services/build/classes/main/com/tim/one/helper/RestrictionHelper.class], file [/home/josdem/git/uber-timone/services/build/classes/main/com/tim/one/helper/FileCalcSheetHelper.class], file [/home/josdem/git/uber-timone/services/build/classes/main/com/tim/one/helper/MessagePackerHelper.class], file [/home/josdem/git/uber-timone/services/build/classes/main/com/tim/one/helper/TransactionManagerHelper.class], file [/home/josdem/git/uber-timone/services/build/classes/main/com/tim/one/helper/CommonMessagePackerHelper.class], file [/home/josdem/git/uber-timone/services/build/classes/main/com/tim/one/helper/FileWriterHelper.class]]
18967 [Test worker] DEBUG org.springframework.context.annotation.ClassPathBeanDefinitionScanner  - Identified candidate component class: file [/home/josdem/git/uber-timone/services/build/classes/main/com/tim/one/helper/UserHelper.class]
18968 [Test worker] DEBUG org.springframework.context.annotation.ClassPathBeanDefinitionScanner  - Identified candidate component class: file [/home/josdem/git/uber-timone/services/build/classes/main/com/tim/one/helper/SecurityHelper.class]
18968 [Test worker] DEBUG org.springframework.context.annotation.ClassPathBeanDefinitionScanner  - Identified candidate component class: file [/home/josdem/git/uber-timone/services/build/classes/main/com/tim/one/helper/GsonHelper.class]
18968 [Test worker] DEBUG org.springframework.context.annotation.ClassPathBeanDefinitionScanner  - Identified candidate component class: file [/home/josdem/git/uber-timone/services/build/classes/main/com/tim/one/helper/ProjectHelper.class]
18969 [Test worker] DEBUG org.springframework.context.annotation.ClassPathBeanDefinitionScanner  - Identified candidate component class: file [/home/josdem/git/uber-timone/services/build/classes/main/com/tim/one/helper/TransactionHelper.class]
18969 [Test worker] DEBUG org.springframework.context.annotation.ClassPathBeanDefinitionScanner  - Identified candidate component class: file [/home/josdem/git/uber-timone/services/build/classes/main/com/tim/one/helper/STPConsumerHelper.class]
18969 [Test worker] DEBUG org.springframework.context.annotation.ClassPathBeanDefinitionScanner  - Identified candidate component class: file [/home/josdem/git/uber-timone/services/build/classes/main/com/tim/one/helper/RestrictionHelper.class]
18969 [Test worker] DEBUG org.springframework.context.annotation.ClassPathBeanDefinitionScanner  - Identified candidate component class: file [/home/josdem/git/uber-timone/services/build/classes/main/com/tim/one/helper/FileCalcSheetHelper.class]
18970 [Test worker] DEBUG org.springframework.context.annotation.ClassPathBeanDefinitionScanner  - Identified candidate component class: file [/home/josdem/git/uber-timone/services/build/classes/main/com/tim/one/helper/MessagePackerHelper.class]
18970 [Test worker] DEBUG org.springframework.context.annotation.ClassPathBeanDefinitionScanner  - Identified candidate component class: file [/home/josdem/git/uber-timone/services/build/classes/main/com/tim/one/helper/TransactionManagerHelper.class]
18970 [Test worker] DEBUG org.springframework.context.annotation.ClassPathBeanDefinitionScanner  - Identified candidate component class: file [/home/josdem/git/uber-timone/services/build/classes/main/com/tim/one/helper/CommonMessagePackerHelper.class]
18970 [Test worker] DEBUG org.springframework.context.annotation.ClassPathBeanDefinitionScanner  - Identified candidate component class: file [/home/josdem/git/uber-timone/services/build/classes/main/com/tim/one/helper/FileWriterHelper.class]
18973 [Test worker] DEBUG org.springframework.core.io.support.PathMatchingResourcePatternResolver  - Looking for matching resources in directory tree [/home/josdem/git/uber-timone/services/build/classes/test/com/tim/one/collaborator]
18973 [Test worker] DEBUG org.springframework.core.io.support.PathMatchingResourcePatternResolver  - Searching directory [/home/josdem/git/uber-timone/services/build/classes/test/com/tim/one/collaborator] for files matching pattern [/home/josdem/git/uber-timone/services/build/classes/test/com/tim/one/collaborator/**/*.class]
18974 [Test worker] DEBUG org.springframework.core.io.support.PathMatchingResourcePatternResolver  - Looking for matching resources in directory tree [/home/josdem/git/uber-timone/services/build/classes/main/com/tim/one/collaborator]
18974 [Test worker] DEBUG org.springframework.core.io.support.PathMatchingResourcePatternResolver  - Searching directory [/home/josdem/git/uber-timone/services/build/classes/main/com/tim/one/collaborator] for files matching pattern [/home/josdem/git/uber-timone/services/build/classes/main/com/tim/one/collaborator/**/*.class]
18976 [Test worker] DEBUG org.springframework.core.io.support.PathMatchingResourcePatternResolver  - Resolved location pattern [classpath*:com/tim/one/collaborator/**/*.class] to resources [file [/home/josdem/git/uber-timone/services/build/classes/test/com/tim/one/collaborator/TestUserCollaborator.class], file [/home/josdem/git/uber-timone/services/build/classes/test/com/tim/one/collaborator/TestStringSplitter.class], file [/home/josdem/git/uber-timone/services/build/classes/test/com/tim/one/collaborator/TestCalcSheetStorerService.class], file [/home/josdem/git/uber-timone/services/build/classes/test/com/tim/one/collaborator/TestTransactionDaoCollaborator.class], file [/home/josdem/git/uber-timone/services/build/classes/test/com/tim/one/collaborator/TestProjectCollaborator.class], file [/home/josdem/git/uber-timone/services/build/classes/test/com/tim/one/collaborator/TestSecurityCollaborator.class], file [/home/josdem/git/uber-timone/services/build/classes/test/com/tim/one/collaborator/TestSTPConsumerCollaborator.class], file [/home/josdem/git/uber-timone/services/build/classes/test/com/tim/one/collaborator/TestProjectUnitSaleCollaborator.class], file [/home/josdem/git/uber-timone/services/build/classes/test/com/tim/one/collaborator/TestTicketmasterValidator.class], file [/home/josdem/git/uber-timone/services/build/classes/test/com/tim/one/collaborator/TestAccountCreator.class], file [/home/josdem/git/uber-timone/services/build/classes/test/com/tim/one/collaborator/TestUrlAggregator.class], file [/home/josdem/git/uber-timone/services/build/classes/test/com/tim/one/collaborator/TestProjectRanger.class], file [/home/josdem/git/uber-timone/services/build/classes/test/com/tim/one/collaborator/TestTagSplitter.class], file [/home/josdem/git/uber-timone/services/build/classes/test/com/tim/one/collaborator/TestAccountCollaborator.class], file [/home/josdem/git/uber-timone/services/build/classes/test/com/tim/one/collaborator/TestTransactionCollaborator.class], file [/home/josdem/git/uber-timone/services/build/classes/test/com/tim/one/collaborator/TestTagAggregator.class], file [/home/josdem/git/uber-timone/services/build/classes/test/com/tim/one/collaborator/TestAccountIdentifier.class], file [/home/josdem/git/uber-timone/services/build/classes/test/com/tim/one/collaborator/TestUnitCollaborator.class], file [/home/josdem/git/uber-timone/services/build/classes/test/com/tim/one/collaborator/TestProjectVariableCostCollaborator.class], file [/home/josdem/git/uber-timone/services/build/classes/test/com/tim/one/collaborator/TestMessagePackerCollaborator.class], file [/home/josdem/git/uber-timone/services/build/classes/test/com/tim/one/collaborator/TestDateFormatter.class], file [/home/josdem/git/uber-timone/services/build/classes/test/com/tim/one/collaborator/TestProjectBusinessCaseCollaborator.class], file [/home/josdem/git/uber-timone/services/build/classes/test/com/tim/one/collaborator/TestUserAccountCollaborator.class], file [/home/josdem/git/uber-timone/services/build/classes/test/com/tim/one/collaborator/TestBeanAggregator.class], file [/home/josdem/git/uber-timone/services/build/classes/main/com/tim/one/collaborator/CalculatorCollaborator.class], file [/home/josdem/git/uber-timone/services/build/classes/main/com/tim/one/collaborator/TransactionCollaborator.class], file [/home/josdem/git/uber-timone/services/build/classes/main/com/tim/one/collaborator/TagAggregator.class], file [/home/josdem/git/uber-timone/services/build/classes/main/com/tim/one/collaborator/SecurityCollaborator.class], file [/home/josdem/git/uber-timone/services/build/classes/main/com/tim/one/collaborator/AccountIdentifier.class], file [/home/josdem/git/uber-timone/services/build/classes/main/com/tim/one/collaborator/BeanAggregator.class], file [/home/josdem/git/uber-timone/services/build/classes/main/com/tim/one/collaborator/UrlAggregator.class], file [/home/josdem/git/uber-timone/services/build/classes/main/com/tim/one/collaborator/DateFormatter.class], file [/home/josdem/git/uber-timone/services/build/classes/main/com/tim/one/collaborator/TagSplitter.class], file [/home/josdem/git/uber-timone/services/build/classes/main/com/tim/one/collaborator/FormParamFormatter.class], file [/home/josdem/git/uber-timone/services/build/classes/main/com/tim/one/collaborator/ProjectUnitSaleCollaborator.class], file [/home/josdem/git/uber-timone/services/build/classes/main/com/tim/one/collaborator/StringSplitter.class], file [/home/josdem/git/uber-timone/services/build/classes/main/com/tim/one/collaborator/ProjectFilter.class], file [/home/josdem/git/uber-timone/services/build/classes/main/com/tim/one/collaborator/ProjectCollectionInitializer.class], file [/home/josdem/git/uber-timone/services/build/classes/main/com/tim/one/collaborator/ProjectProviderCollectionDeleter.class], file [/home/josdem/git/uber-timone/services/build/classes/main/com/tim/one/collaborator/RevertCollaborator.class], file [/home/josdem/git/uber-timone/services/build/classes/main/com/tim/one/collaborator/UserCollaborator.class], file [/home/josdem/git/uber-timone/services/build/classes/main/com/tim/one/collaborator/AccountCollaborator.class], file [/home/josdem/git/uber-timone/services/build/classes/main/com/tim/one/collaborator/MessagePackerCollaborator.class], file [/home/josdem/git/uber-timone/services/build/classes/main/com/tim/one/collaborator/UnitCollaborator.class], file [/home/josdem/git/uber-timone/services/build/classes/main/com/tim/one/collaborator/ProjectProviderAdapter.class], file [/home/josdem/git/uber-timone/services/build/classes/main/com/tim/one/collaborator/TransactionDaoCollaborator.class], file [/home/josdem/git/uber-timone/services/build/classes/main/com/tim/one/collaborator/MessageCollaborator.class], file [/home/josdem/git/uber-timone/services/build/classes/main/com/tim/one/collaborator/UserAccountCollaborator.class], file [/home/josdem/git/uber-timone/services/build/classes/main/com/tim/one/collaborator/STPConsumerCollaborator.class], file [/home/josdem/git/uber-timone/services/build/classes/main/com/tim/one/collaborator/ProjectRanger.class], file [/home/josdem/git/uber-timone/services/build/classes/main/com/tim/one/collaborator/ProjectVariableCostCollaborator.class], file [/home/josdem/git/uber-timone/services/build/classes/main/com/tim/one/collaborator/ProjectBusinessCaseCollaborator.class], file [/home/josdem/git/uber-timone/services/build/classes/main/com/tim/one/collaborator/TicketmasterValidator.class]]
18986 [Test worker] DEBUG org.springframework.context.annotation.ClassPathBeanDefinitionScanner  - Identified candidate component class: file [/home/josdem/git/uber-timone/services/build/classes/main/com/tim/one/collaborator/CalculatorCollaborator.class]
18988 [Test worker] DEBUG org.springframework.context.annotation.ClassPathBeanDefinitionScanner  - Identified candidate component class: file [/home/josdem/git/uber-timone/services/build/classes/main/com/tim/one/collaborator/TransactionCollaborator.class]
18988 [Test worker] DEBUG org.springframework.context.annotation.ClassPathBeanDefinitionScanner  - Identified candidate component class: file [/home/josdem/git/uber-timone/services/build/classes/main/com/tim/one/collaborator/TagAggregator.class]
18989 [Test worker] DEBUG org.springframework.context.annotation.ClassPathBeanDefinitionScanner  - Identified candidate component class: file [/home/josdem/git/uber-timone/services/build/classes/main/com/tim/one/collaborator/SecurityCollaborator.class]
18989 [Test worker] DEBUG org.springframework.context.annotation.ClassPathBeanDefinitionScanner  - Identified candidate component class: file [/home/josdem/git/uber-timone/services/build/classes/main/com/tim/one/collaborator/AccountIdentifier.class]
18989 [Test worker] DEBUG org.springframework.context.annotation.ClassPathBeanDefinitionScanner  - Identified candidate component class: file [/home/josdem/git/uber-timone/services/build/classes/main/com/tim/one/collaborator/BeanAggregator.class]
18989 [Test worker] DEBUG org.springframework.context.annotation.ClassPathBeanDefinitionScanner  - Identified candidate component class: file [/home/josdem/git/uber-timone/services/build/classes/main/com/tim/one/collaborator/UrlAggregator.class]
18990 [Test worker] DEBUG org.springframework.context.annotation.ClassPathBeanDefinitionScanner  - Identified candidate component class: file [/home/josdem/git/uber-timone/services/build/classes/main/com/tim/one/collaborator/DateFormatter.class]
18990 [Test worker] DEBUG org.springframework.context.annotation.ClassPathBeanDefinitionScanner  - Identified candidate component class: file [/home/josdem/git/uber-timone/services/build/classes/main/com/tim/one/collaborator/TagSplitter.class]
18990 [Test worker] DEBUG org.springframework.context.annotation.ClassPathBeanDefinitionScanner  - Identified candidate component class: file [/home/josdem/git/uber-timone/services/build/classes/main/com/tim/one/collaborator/FormParamFormatter.class]
18991 [Test worker] DEBUG org.springframework.context.annotation.ClassPathBeanDefinitionScanner  - Identified candidate component class: file [/home/josdem/git/uber-timone/services/build/classes/main/com/tim/one/collaborator/ProjectUnitSaleCollaborator.class]
18992 [Test worker] DEBUG org.springframework.context.annotation.ClassPathBeanDefinitionScanner  - Identified candidate component class: file [/home/josdem/git/uber-timone/services/build/classes/main/com/tim/one/collaborator/StringSplitter.class]
18992 [Test worker] DEBUG org.springframework.context.annotation.ClassPathBeanDefinitionScanner  - Identified candidate component class: file [/home/josdem/git/uber-timone/services/build/classes/main/com/tim/one/collaborator/ProjectFilter.class]
18992 [Test worker] DEBUG org.springframework.context.annotation.ClassPathBeanDefinitionScanner  - Identified candidate component class: file [/home/josdem/git/uber-timone/services/build/classes/main/com/tim/one/collaborator/ProjectCollectionInitializer.class]
18993 [Test worker] DEBUG org.springframework.context.annotation.ClassPathBeanDefinitionScanner  - Identified candidate component class: file [/home/josdem/git/uber-timone/services/build/classes/main/com/tim/one/collaborator/ProjectProviderCollectionDeleter.class]
18993 [Test worker] DEBUG org.springframework.context.annotation.ClassPathBeanDefinitionScanner  - Identified candidate component class: file [/home/josdem/git/uber-timone/services/build/classes/main/com/tim/one/collaborator/RevertCollaborator.class]
18994 [Test worker] DEBUG org.springframework.context.annotation.ClassPathBeanDefinitionScanner  - Identified candidate component class: file [/home/josdem/git/uber-timone/services/build/classes/main/com/tim/one/collaborator/UserCollaborator.class]
18994 [Test worker] DEBUG org.springframework.context.annotation.ClassPathBeanDefinitionScanner  - Identified candidate component class: file [/home/josdem/git/uber-timone/services/build/classes/main/com/tim/one/collaborator/AccountCollaborator.class]
18994 [Test worker] DEBUG org.springframework.context.annotation.ClassPathBeanDefinitionScanner  - Identified candidate component class: file [/home/josdem/git/uber-timone/services/build/classes/main/com/tim/one/collaborator/MessagePackerCollaborator.class]
18995 [Test worker] DEBUG org.springframework.context.annotation.ClassPathBeanDefinitionScanner  - Identified candidate component class: file [/home/josdem/git/uber-timone/services/build/classes/main/com/tim/one/collaborator/UnitCollaborator.class]
18995 [Test worker] DEBUG org.springframework.context.annotation.ClassPathBeanDefinitionScanner  - Identified candidate component class: file [/home/josdem/git/uber-timone/services/build/classes/main/com/tim/one/collaborator/ProjectProviderAdapter.class]
18996 [Test worker] DEBUG org.springframework.context.annotation.ClassPathBeanDefinitionScanner  - Identified candidate component class: file [/home/josdem/git/uber-timone/services/build/classes/main/com/tim/one/collaborator/TransactionDaoCollaborator.class]
18996 [Test worker] DEBUG org.springframework.context.annotation.ClassPathBeanDefinitionScanner  - Identified candidate component class: file [/home/josdem/git/uber-timone/services/build/classes/main/com/tim/one/collaborator/MessageCollaborator.class]
18996 [Test worker] DEBUG org.springframework.context.annotation.ClassPathBeanDefinitionScanner  - Identified candidate component class: file [/home/josdem/git/uber-timone/services/build/classes/main/com/tim/one/collaborator/UserAccountCollaborator.class]
18997 [Test worker] DEBUG org.springframework.context.annotation.ClassPathBeanDefinitionScanner  - Identified candidate component class: file [/home/josdem/git/uber-timone/services/build/classes/main/com/tim/one/collaborator/STPConsumerCollaborator.class]
18997 [Test worker] DEBUG org.springframework.context.annotation.ClassPathBeanDefinitionScanner  - Identified candidate component class: file [/home/josdem/git/uber-timone/services/build/classes/main/com/tim/one/collaborator/ProjectRanger.class]
18997 [Test worker] DEBUG org.springframework.context.annotation.ClassPathBeanDefinitionScanner  - Identified candidate component class: file [/home/josdem/git/uber-timone/services/build/classes/main/com/tim/one/collaborator/ProjectVariableCostCollaborator.class]
18997 [Test worker] DEBUG org.springframework.context.annotation.ClassPathBeanDefinitionScanner  - Identified candidate component class: file [/home/josdem/git/uber-timone/services/build/classes/main/com/tim/one/collaborator/ProjectBusinessCaseCollaborator.class]
18998 [Test worker] DEBUG org.springframework.context.annotation.ClassPathBeanDefinitionScanner  - Identified candidate component class: file [/home/josdem/git/uber-timone/services/build/classes/main/com/tim/one/collaborator/TicketmasterValidator.class]
19001 [Test worker] DEBUG org.springframework.core.io.support.PathMatchingResourcePatternResolver  - Looking for matching resources in directory tree [/home/josdem/git/uber-timone/services/build/classes/test/com/tim/one/manager]
19001 [Test worker] DEBUG org.springframework.core.io.support.PathMatchingResourcePatternResolver  - Searching directory [/home/josdem/git/uber-timone/services/build/classes/test/com/tim/one/manager] for files matching pattern [/home/josdem/git/uber-timone/services/build/classes/test/com/tim/one/manager/**/*.class]
19001 [Test worker] DEBUG org.springframework.core.io.support.PathMatchingResourcePatternResolver  - Looking for matching resources in directory tree [/home/josdem/git/uber-timone/services/build/classes/main/com/tim/one/manager]
19001 [Test worker] DEBUG org.springframework.core.io.support.PathMatchingResourcePatternResolver  - Searching directory [/home/josdem/git/uber-timone/services/build/classes/main/com/tim/one/manager] for files matching pattern [/home/josdem/git/uber-timone/services/build/classes/main/com/tim/one/manager/**/*.class]
19001 [Test worker] DEBUG org.springframework.core.io.support.PathMatchingResourcePatternResolver  - Resolved location pattern [classpath*:com/tim/one/manager/**/*.class] to resources [file [/home/josdem/git/uber-timone/services/build/classes/test/com/tim/one/manager/TestTransactionManager.class], file [/home/josdem/git/uber-timone/services/build/classes/main/com/tim/one/manager/TransactionFreakfundManager.class]]
19002 [Test worker] DEBUG org.springframework.context.annotation.ClassPathBeanDefinitionScanner  - Identified candidate component class: file [/home/josdem/git/uber-timone/services/build/classes/main/com/tim/one/manager/TransactionFreakfundManager.class]
19004 [Test worker] DEBUG org.springframework.core.io.support.PathMatchingResourcePatternResolver  - Looking for matching resources in directory tree [/home/josdem/git/uber-timone/services/build/classes/test/com/tim/one/packer]
19004 [Test worker] DEBUG org.springframework.core.io.support.PathMatchingResourcePatternResolver  - Searching directory [/home/josdem/git/uber-timone/services/build/classes/test/com/tim/one/packer] for files matching pattern [/home/josdem/git/uber-timone/services/build/classes/test/com/tim/one/packer/**/*.class]
19004 [Test worker] DEBUG org.springframework.core.io.support.PathMatchingResourcePatternResolver  - Looking for matching resources in directory tree [/home/josdem/git/uber-timone/services/build/classes/main/com/tim/one/packer]
19004 [Test worker] DEBUG org.springframework.core.io.support.PathMatchingResourcePatternResolver  - Searching directory [/home/josdem/git/uber-timone/services/build/classes/main/com/tim/one/packer] for files matching pattern [/home/josdem/git/uber-timone/services/build/classes/main/com/tim/one/packer/**/*.class]
19004 [Test worker] DEBUG org.springframework.core.io.support.PathMatchingResourcePatternResolver  - Resolved location pattern [classpath*:com/tim/one/packer/**/*.class] to resources [file [/home/josdem/git/uber-timone/services/build/classes/test/com/tim/one/packer/TestMessagePacker.class], file [/home/josdem/git/uber-timone/services/build/classes/test/com/tim/one/packer/TestCommonMessagePacker.class], file [/home/josdem/git/uber-timone/services/build/classes/main/com/tim/one/packer/MessagePacker.class], file [/home/josdem/git/uber-timone/services/build/classes/main/com/tim/one/packer/CommonMessagePacker.class]]
19007 [Test worker] DEBUG org.springframework.context.annotation.ClassPathBeanDefinitionScanner  - Identified candidate component class: file [/home/josdem/git/uber-timone/services/build/classes/main/com/tim/one/packer/MessagePacker.class]
19007 [Test worker] DEBUG org.springframework.context.annotation.ClassPathBeanDefinitionScanner  - Identified candidate component class: file [/home/josdem/git/uber-timone/services/build/classes/main/com/tim/one/packer/CommonMessagePacker.class]
19009 [Test worker] DEBUG org.springframework.core.io.support.PathMatchingResourcePatternResolver  - Looking for matching resources in directory tree [/home/josdem/git/uber-timone/services/build/classes/test/com/tim/one/scheduler]
19009 [Test worker] DEBUG org.springframework.core.io.support.PathMatchingResourcePatternResolver  - Searching directory [/home/josdem/git/uber-timone/services/build/classes/test/com/tim/one/scheduler] for files matching pattern [/home/josdem/git/uber-timone/services/build/classes/test/com/tim/one/scheduler/**/*.class]
19010 [Test worker] DEBUG org.springframework.core.io.support.PathMatchingResourcePatternResolver  - Looking for matching resources in directory tree [/home/josdem/git/uber-timone/services/build/classes/main/com/tim/one/scheduler]
19010 [Test worker] DEBUG org.springframework.core.io.support.PathMatchingResourcePatternResolver  - Searching directory [/home/josdem/git/uber-timone/services/build/classes/main/com/tim/one/scheduler] for files matching pattern [/home/josdem/git/uber-timone/services/build/classes/main/com/tim/one/scheduler/**/*.class]
19010 [Test worker] DEBUG org.springframework.core.io.support.PathMatchingResourcePatternResolver  - Resolved location pattern [classpath*:com/tim/one/scheduler/**/*.class] to resources [file [/home/josdem/git/uber-timone/services/build/classes/test/com/tim/one/scheduler/TestProjectScheduler.class], file [/home/josdem/git/uber-timone/services/build/classes/main/com/tim/one/scheduler/ProjectScheduler.class]]
19011 [Test worker] DEBUG org.springframework.context.annotation.ClassPathBeanDefinitionScanner  - Identified candidate component class: file [/home/josdem/git/uber-timone/services/build/classes/main/com/tim/one/scheduler/ProjectScheduler.class]
19013 [Test worker] DEBUG org.springframework.core.io.support.PathMatchingResourcePatternResolver  - Looking for matching resources in directory tree [/home/josdem/git/uber-timone/services/build/classes/test/com/tim/one/util]
19013 [Test worker] DEBUG org.springframework.core.io.support.PathMatchingResourcePatternResolver  - Searching directory [/home/josdem/git/uber-timone/services/build/classes/test/com/tim/one/util] for files matching pattern [/home/josdem/git/uber-timone/services/build/classes/test/com/tim/one/util/**/*.class]
19013 [Test worker] DEBUG org.springframework.core.io.support.PathMatchingResourcePatternResolver  - Looking for matching resources in directory tree [/home/josdem/git/uber-timone/services/build/classes/main/com/tim/one/util]
19013 [Test worker] DEBUG org.springframework.core.io.support.PathMatchingResourcePatternResolver  - Searching directory [/home/josdem/git/uber-timone/services/build/classes/main/com/tim/one/util] for files matching pattern [/home/josdem/git/uber-timone/services/build/classes/main/com/tim/one/util/**/*.class]
19014 [Test worker] DEBUG org.springframework.core.io.support.PathMatchingResourcePatternResolver  - Resolved location pattern [classpath*:com/tim/one/util/**/*.class] to resources [file [/home/josdem/git/uber-timone/services/build/classes/test/com/tim/one/util/TestIntegerParser.class], file [/home/josdem/git/uber-timone/services/build/classes/test/com/tim/one/util/TestNumericUtil.class], file [/home/josdem/git/uber-timone/services/build/classes/test/com/tim/one/util/TestDateUtil.class], file [/home/josdem/git/uber-timone/services/build/classes/test/com/tim/one/util/TestCurrencyUtil.class], file [/home/josdem/git/uber-timone/services/build/classes/main/com/tim/one/util/IntegerParser.class], file [/home/josdem/git/uber-timone/services/build/classes/main/com/tim/one/util/NumericUtil.class], file [/home/josdem/git/uber-timone/services/build/classes/main/com/tim/one/util/DateUtil.class], file [/home/josdem/git/uber-timone/services/build/classes/main/com/tim/one/util/CurrencyUtil.class]]
19015 [Test worker] DEBUG org.springframework.context.annotation.ClassPathBeanDefinitionScanner  - Identified candidate component class: file [/home/josdem/git/uber-timone/services/build/classes/main/com/tim/one/util/IntegerParser.class]
19015 [Test worker] DEBUG org.springframework.context.annotation.ClassPathBeanDefinitionScanner  - Identified candidate component class: file [/home/josdem/git/uber-timone/services/build/classes/main/com/tim/one/util/NumericUtil.class]
19015 [Test worker] DEBUG org.springframework.context.annotation.ClassPathBeanDefinitionScanner  - Identified candidate component class: file [/home/josdem/git/uber-timone/services/build/classes/main/com/tim/one/util/DateUtil.class]
19015 [Test worker] DEBUG org.springframework.context.annotation.ClassPathBeanDefinitionScanner  - Identified candidate component class: file [/home/josdem/git/uber-timone/services/build/classes/main/com/tim/one/util/CurrencyUtil.class]
19017 [Test worker] DEBUG org.springframework.core.io.support.PathMatchingResourcePatternResolver  - Looking for matching resources in directory tree [/home/josdem/git/uber-timone/services/build/classes/test/com/tim/one/validator]
19017 [Test worker] DEBUG org.springframework.core.io.support.PathMatchingResourcePatternResolver  - Searching directory [/home/josdem/git/uber-timone/services/build/classes/test/com/tim/one/validator] for files matching pattern [/home/josdem/git/uber-timone/services/build/classes/test/com/tim/one/validator/**/*.class]
19018 [Test worker] DEBUG org.springframework.core.io.support.PathMatchingResourcePatternResolver  - Looking for matching resources in directory tree [/home/josdem/git/uber-timone/services/build/classes/main/com/tim/one/validator]
19018 [Test worker] DEBUG org.springframework.core.io.support.PathMatchingResourcePatternResolver  - Searching directory [/home/josdem/git/uber-timone/services/build/classes/main/com/tim/one/validator] for files matching pattern [/home/josdem/git/uber-timone/services/build/classes/main/com/tim/one/validator/**/*.class]
19018 [Test worker] DEBUG org.springframework.core.io.support.PathMatchingResourcePatternResolver  - Resolved location pattern [classpath*:com/tim/one/validator/**/*.class] to resources [file [/home/josdem/git/uber-timone/services/build/classes/test/com/tim/one/validator/TestVariableCostsValidator.class], file [/home/josdem/git/uber-timone/services/build/classes/test/com/tim/one/validator/TestAmountValidator.class], file [/home/josdem/git/uber-timone/services/build/classes/test/com/tim/one/validator/TestProjectValidator.class], file [/home/josdem/git/uber-timone/services/build/classes/test/com/tim/one/validator/TestSTPValidator.class], file [/home/josdem/git/uber-timone/services/build/classes/main/com/tim/one/validator/AmountValidator.class], file [/home/josdem/git/uber-timone/services/build/classes/main/com/tim/one/validator/ProjectValidator.class], file [/home/josdem/git/uber-timone/services/build/classes/main/com/tim/one/validator/VariableCostsValidator.class], file [/home/josdem/git/uber-timone/services/build/classes/main/com/tim/one/validator/STPValidator.class]]
19021 [Test worker] DEBUG org.springframework.context.annotation.ClassPathBeanDefinitionScanner  - Identified candidate component class: file [/home/josdem/git/uber-timone/services/build/classes/main/com/tim/one/validator/AmountValidator.class]
19021 [Test worker] DEBUG org.springframework.context.annotation.ClassPathBeanDefinitionScanner  - Identified candidate component class: file [/home/josdem/git/uber-timone/services/build/classes/main/com/tim/one/validator/ProjectValidator.class]
19021 [Test worker] DEBUG org.springframework.context.annotation.ClassPathBeanDefinitionScanner  - Identified candidate component class: file [/home/josdem/git/uber-timone/services/build/classes/main/com/tim/one/validator/VariableCostsValidator.class]
19022 [Test worker] DEBUG org.springframework.context.annotation.ClassPathBeanDefinitionScanner  - Identified candidate component class: file [/home/josdem/git/uber-timone/services/build/classes/main/com/tim/one/validator/STPValidator.class]
19023 [Test worker] DEBUG org.springframework.core.io.support.PathMatchingResourcePatternResolver  - Resolved location pattern [classpath*:com/tim/one/dispatcher/**/*.class] to resources []
19025 [Test worker] DEBUG org.springframework.core.io.support.PathMatchingResourcePatternResolver  - Looking for matching resources in directory tree [/home/josdem/git/uber-timone/services/build/classes/main/com/tim/one/integration]
19025 [Test worker] DEBUG org.springframework.core.io.support.PathMatchingResourcePatternResolver  - Searching directory [/home/josdem/git/uber-timone/services/build/classes/main/com/tim/one/integration] for files matching pattern [/home/josdem/git/uber-timone/services/build/classes/main/com/tim/one/integration/**/*.class]
19025 [Test worker] DEBUG org.springframework.core.io.support.PathMatchingResourcePatternResolver  - Resolved location pattern [classpath*:com/tim/one/integration/**/*.class] to resources [file [/home/josdem/git/uber-timone/services/build/classes/main/com/tim/one/integration/MessageService$1.class], file [/home/josdem/git/uber-timone/services/build/classes/main/com/tim/one/integration/MessageService.class]]
19026 [Test worker] DEBUG org.springframework.context.annotation.ClassPathBeanDefinitionScanner  - Identified candidate component class: file [/home/josdem/git/uber-timone/services/build/classes/main/com/tim/one/integration/MessageService.class]
19028 [Test worker] DEBUG org.springframework.core.io.support.PathMatchingResourcePatternResolver  - Looking for matching resources in directory tree [/home/josdem/git/uber-timone/services/build/classes/test/com/tim/one/messengine]
19028 [Test worker] DEBUG org.springframework.core.io.support.PathMatchingResourcePatternResolver  - Searching directory [/home/josdem/git/uber-timone/services/build/classes/test/com/tim/one/messengine] for files matching pattern [/home/josdem/git/uber-timone/services/build/classes/test/com/tim/one/messengine/**/*.class]
19028 [Test worker] DEBUG org.springframework.core.io.support.PathMatchingResourcePatternResolver  - Looking for matching resources in directory tree [/home/josdem/git/uber-timone/services/build/classes/main/com/tim/one/messengine]
19028 [Test worker] DEBUG org.springframework.core.io.support.PathMatchingResourcePatternResolver  - Searching directory [/home/josdem/git/uber-timone/services/build/classes/main/com/tim/one/messengine] for files matching pattern [/home/josdem/git/uber-timone/services/build/classes/main/com/tim/one/messengine/**/*.class]
19028 [Test worker] DEBUG org.springframework.core.io.support.PathMatchingResourcePatternResolver  - Resolved location pattern [classpath*:com/tim/one/messengine/**/*.class] to resources [file [/home/josdem/git/uber-timone/services/build/classes/test/com/tim/one/messengine/TestMessageConsumer.class], file [/home/josdem/git/uber-timone/services/build/classes/main/com/tim/one/messengine/LoggerMessageListener.class], file [/home/josdem/git/uber-timone/services/build/classes/main/com/tim/one/messengine/LoggerMessageListener$_onMessage_closure1.class], file [/home/josdem/git/uber-timone/services/build/classes/main/com/tim/one/messengine/JmsMessageListener.class]]
19029 [Test worker] DEBUG org.springframework.context.annotation.ClassPathBeanDefinitionScanner  - Identified candidate component class: file [/home/josdem/git/uber-timone/services/build/classes/main/com/tim/one/messengine/LoggerMessageListener.class]
19030 [Test worker] DEBUG org.springframework.context.annotation.ClassPathBeanDefinitionScanner  - Identified candidate component class: file [/home/josdem/git/uber-timone/services/build/classes/main/com/tim/one/messengine/JmsMessageListener.class]
19032 [Test worker] DEBUG org.springframework.core.io.support.PathMatchingResourcePatternResolver  - Looking for matching resources in directory tree [/home/josdem/git/uber-timone/services/build/classes/test/com/tim/one/interceptor]
19032 [Test worker] DEBUG org.springframework.core.io.support.PathMatchingResourcePatternResolver  - Searching directory [/home/josdem/git/uber-timone/services/build/classes/test/com/tim/one/interceptor] for files matching pattern [/home/josdem/git/uber-timone/services/build/classes/test/com/tim/one/interceptor/**/*.class]
19032 [Test worker] DEBUG org.springframework.core.io.support.PathMatchingResourcePatternResolver  - Looking for matching resources in directory tree [/home/josdem/git/uber-timone/services/build/classes/main/com/tim/one/interceptor]
19032 [Test worker] DEBUG org.springframework.core.io.support.PathMatchingResourcePatternResolver  - Searching directory [/home/josdem/git/uber-timone/services/build/classes/main/com/tim/one/interceptor] for files matching pattern [/home/josdem/git/uber-timone/services/build/classes/main/com/tim/one/interceptor/**/*.class]
19033 [Test worker] DEBUG org.springframework.core.io.support.PathMatchingResourcePatternResolver  - Searching directory [/home/josdem/git/uber-timone/services/build/classes/main/com/tim/one/interceptor/impl] for files matching pattern [/home/josdem/git/uber-timone/services/build/classes/main/com/tim/one/interceptor/**/*.class]
19033 [Test worker] DEBUG org.springframework.core.io.support.PathMatchingResourcePatternResolver  - Resolved location pattern [classpath*:com/tim/one/interceptor/**/*.class] to resources [file [/home/josdem/git/uber-timone/services/build/classes/test/com/tim/one/interceptor/TestCryptoExceptionInterceptor.class], file [/home/josdem/git/uber-timone/services/build/classes/main/com/tim/one/interceptor/CryptoExceptionInterceptor.class], file [/home/josdem/git/uber-timone/services/build/classes/main/com/tim/one/interceptor/impl/CryptoExceptionInterceptorImpl.class]]
19035 [Test worker] DEBUG org.springframework.context.annotation.ClassPathBeanDefinitionScanner  - Identified candidate component class: file [/home/josdem/git/uber-timone/services/build/classes/main/com/tim/one/interceptor/impl/CryptoExceptionInterceptorImpl.class]
19035 [Test worker] INFO  org.springframework.beans.factory.xml.XmlBeanDefinitionReader  - Loading XML bean definitions from class path resource [persistence-appctx.xml]
19057 [Test worker] DEBUG org.springframework.core.env.StandardEnvironment  - Adding [systemProperties] PropertySource with lowest search precedence
19057 [Test worker] DEBUG org.springframework.core.env.StandardEnvironment  - Adding [systemEnvironment] PropertySource with lowest search precedence
19057 [Test worker] DEBUG org.springframework.core.env.StandardEnvironment  - Initialized StandardEnvironment with PropertySources [systemProperties,systemEnvironment]
19058 [Test worker] DEBUG org.springframework.core.io.support.PathMatchingResourcePatternResolver  - Looking for matching resources in jar file [file:/home/josdem/git/uber-timone/persistence/build/libs/persistence-0.1.4-ALPHA.jar]
19060 [Test worker] DEBUG org.springframework.core.io.support.PathMatchingResourcePatternResolver  - Resolved location pattern [classpath*:com/tim/one/repository/**/*.class] to resources [URL [jar:file:/home/josdem/git/uber-timone/persistence/build/libs/persistence-0.1.4-ALPHA.jar!/com/tim/one/repository/ProjectFinancialDataRepository.class], URL [jar:file:/home/josdem/git/uber-timone/persistence/build/libs/persistence-0.1.4-ALPHA.jar!/com/tim/one/repository/ProviderTxRepository.class], URL [jar:file:/home/josdem/git/uber-timone/persistence/build/libs/persistence-0.1.4-ALPHA.jar!/com/tim/one/repository/UserAccountRepository.class], URL [jar:file:/home/josdem/git/uber-timone/persistence/build/libs/persistence-0.1.4-ALPHA.jar!/com/tim/one/repository/UnitTxRepository.class], URL [jar:file:/home/josdem/git/uber-timone/persistence/build/libs/persistence-0.1.4-ALPHA.jar!/com/tim/one/repository/BulkUnitTxRepository.class], URL [jar:file:/home/josdem/git/uber-timone/persistence/build/libs/persistence-0.1.4-ALPHA.jar!/com/tim/one/repository/BankCodeRepository.class], URL [jar:file:/home/josdem/git/uber-timone/persistence/build/libs/persistence-0.1.4-ALPHA.jar!/com/tim/one/repository/StpStatusRepository.class], URL [jar:file:/home/josdem/git/uber-timone/persistence/build/libs/persistence-0.1.4-ALPHA.jar!/com/tim/one/repository/ProjectRateRepository.class], URL [jar:file:/home/josdem/git/uber-timone/persistence/build/libs/persistence-0.1.4-ALPHA.jar!/com/tim/one/repository/UserTxRepository.class], URL [jar:file:/home/josdem/git/uber-timone/persistence/build/libs/persistence-0.1.4-ALPHA.jar!/com/tim/one/repository/IntegraUserRepository.class], URL [jar:file:/home/josdem/git/uber-timone/persistence/build/libs/persistence-0.1.4-ALPHA.jar!/com/tim/one/repository/SecurityRepository.class], URL [jar:file:/home/josdem/git/uber-timone/persistence/build/libs/persistence-0.1.4-ALPHA.jar!/com/tim/one/repository/TramaAccountRepository.class], URL [jar:file:/home/josdem/git/uber-timone/persistence/build/libs/persistence-0.1.4-ALPHA.jar!/com/tim/one/repository/ProjectVariableCostRepository.class], URL [jar:file:/home/josdem/git/uber-timone/persistence/build/libs/persistence-0.1.4-ALPHA.jar!/com/tim/one/repository/ProjectUnitSaleRepository.class], URL [jar:file:/home/josdem/git/uber-timone/persistence/build/libs/persistence-0.1.4-ALPHA.jar!/com/tim/one/repository/ProjectTxRepository.class], URL [jar:file:/home/josdem/git/uber-timone/persistence/build/libs/persistence-0.1.4-ALPHA.jar!/com/tim/one/repository/IntegraUserTxRepository.class], URL [jar:file:/home/josdem/git/uber-timone/persistence/build/libs/persistence-0.1.4-ALPHA.jar!/com/tim/one/repository/ProjectProviderRepository.class], URL [jar:file:/home/josdem/git/uber-timone/persistence/build/libs/persistence-0.1.4-ALPHA.jar!/com/tim/one/repository/ProjectRepository.class], URL [jar:file:/home/josdem/git/uber-timone/persistence/build/libs/persistence-0.1.4-ALPHA.jar!/com/tim/one/repository/TramaTxRepository.class], URL [jar:file:/home/josdem/git/uber-timone/persistence/build/libs/persistence-0.1.4-ALPHA.jar!/com/tim/one/repository/TransferUserLimitRepository.class], URL [jar:file:/home/josdem/git/uber-timone/persistence/build/libs/persistence-0.1.4-ALPHA.jar!/com/tim/one/repository/StpLogTxRepository.class], URL [jar:file:/home/josdem/git/uber-timone/persistence/build/libs/persistence-0.1.4-ALPHA.jar!/com/tim/one/repository/UserRepository.class], URL [jar:file:/home/josdem/git/uber-timone/persistence/build/libs/persistence-0.1.4-ALPHA.jar!/com/tim/one/repository/ProjectCategoryRepository.class]]
19061 [Test worker] DEBUG org.springframework.data.repository.config.RepositoryComponentProvider  - Identified candidate component class: URL [jar:file:/home/josdem/git/uber-timone/persistence/build/libs/persistence-0.1.4-ALPHA.jar!/com/tim/one/repository/ProjectFinancialDataRepository.class]
19061 [Test worker] DEBUG org.springframework.data.repository.config.RepositoryComponentProvider  - Identified candidate component class: URL [jar:file:/home/josdem/git/uber-timone/persistence/build/libs/persistence-0.1.4-ALPHA.jar!/com/tim/one/repository/ProviderTxRepository.class]
19062 [Test worker] DEBUG org.springframework.data.repository.config.RepositoryComponentProvider  - Identified candidate component class: URL [jar:file:/home/josdem/git/uber-timone/persistence/build/libs/persistence-0.1.4-ALPHA.jar!/com/tim/one/repository/UserAccountRepository.class]
19062 [Test worker] DEBUG org.springframework.data.repository.config.RepositoryComponentProvider  - Identified candidate component class: URL [jar:file:/home/josdem/git/uber-timone/persistence/build/libs/persistence-0.1.4-ALPHA.jar!/com/tim/one/repository/UnitTxRepository.class]
19062 [Test worker] DEBUG org.springframework.data.repository.config.RepositoryComponentProvider  - Identified candidate component class: URL [jar:file:/home/josdem/git/uber-timone/persistence/build/libs/persistence-0.1.4-ALPHA.jar!/com/tim/one/repository/BulkUnitTxRepository.class]
19063 [Test worker] DEBUG org.springframework.data.repository.config.RepositoryComponentProvider  - Identified candidate component class: URL [jar:file:/home/josdem/git/uber-timone/persistence/build/libs/persistence-0.1.4-ALPHA.jar!/com/tim/one/repository/BankCodeRepository.class]
19063 [Test worker] DEBUG org.springframework.data.repository.config.RepositoryComponentProvider  - Identified candidate component class: URL [jar:file:/home/josdem/git/uber-timone/persistence/build/libs/persistence-0.1.4-ALPHA.jar!/com/tim/one/repository/StpStatusRepository.class]
19063 [Test worker] DEBUG org.springframework.data.repository.config.RepositoryComponentProvider  - Identified candidate component class: URL [jar:file:/home/josdem/git/uber-timone/persistence/build/libs/persistence-0.1.4-ALPHA.jar!/com/tim/one/repository/ProjectRateRepository.class]
19064 [Test worker] DEBUG org.springframework.data.repository.config.RepositoryComponentProvider  - Identified candidate component class: URL [jar:file:/home/josdem/git/uber-timone/persistence/build/libs/persistence-0.1.4-ALPHA.jar!/com/tim/one/repository/UserTxRepository.class]
19064 [Test worker] DEBUG org.springframework.data.repository.config.RepositoryComponentProvider  - Identified candidate component class: URL [jar:file:/home/josdem/git/uber-timone/persistence/build/libs/persistence-0.1.4-ALPHA.jar!/com/tim/one/repository/IntegraUserRepository.class]
19064 [Test worker] DEBUG org.springframework.data.repository.config.RepositoryComponentProvider  - Identified candidate component class: URL [jar:file:/home/josdem/git/uber-timone/persistence/build/libs/persistence-0.1.4-ALPHA.jar!/com/tim/one/repository/SecurityRepository.class]
19064 [Test worker] DEBUG org.springframework.data.repository.config.RepositoryComponentProvider  - Identified candidate component class: URL [jar:file:/home/josdem/git/uber-timone/persistence/build/libs/persistence-0.1.4-ALPHA.jar!/com/tim/one/repository/TramaAccountRepository.class]
19065 [Test worker] DEBUG org.springframework.data.repository.config.RepositoryComponentProvider  - Identified candidate component class: URL [jar:file:/home/josdem/git/uber-timone/persistence/build/libs/persistence-0.1.4-ALPHA.jar!/com/tim/one/repository/ProjectVariableCostRepository.class]
19065 [Test worker] DEBUG org.springframework.data.repository.config.RepositoryComponentProvider  - Identified candidate component class: URL [jar:file:/home/josdem/git/uber-timone/persistence/build/libs/persistence-0.1.4-ALPHA.jar!/com/tim/one/repository/ProjectUnitSaleRepository.class]
19065 [Test worker] DEBUG org.springframework.data.repository.config.RepositoryComponentProvider  - Identified candidate component class: URL [jar:file:/home/josdem/git/uber-timone/persistence/build/libs/persistence-0.1.4-ALPHA.jar!/com/tim/one/repository/ProjectTxRepository.class]
19066 [Test worker] DEBUG org.springframework.data.repository.config.RepositoryComponentProvider  - Identified candidate component class: URL [jar:file:/home/josdem/git/uber-timone/persistence/build/libs/persistence-0.1.4-ALPHA.jar!/com/tim/one/repository/IntegraUserTxRepository.class]
19066 [Test worker] DEBUG org.springframework.data.repository.config.RepositoryComponentProvider  - Identified candidate component class: URL [jar:file:/home/josdem/git/uber-timone/persistence/build/libs/persistence-0.1.4-ALPHA.jar!/com/tim/one/repository/ProjectProviderRepository.class]
19067 [Test worker] DEBUG org.springframework.data.repository.config.RepositoryComponentProvider  - Identified candidate component class: URL [jar:file:/home/josdem/git/uber-timone/persistence/build/libs/persistence-0.1.4-ALPHA.jar!/com/tim/one/repository/ProjectRepository.class]
19067 [Test worker] DEBUG org.springframework.data.repository.config.RepositoryComponentProvider  - Identified candidate component class: URL [jar:file:/home/josdem/git/uber-timone/persistence/build/libs/persistence-0.1.4-ALPHA.jar!/com/tim/one/repository/TramaTxRepository.class]
19067 [Test worker] DEBUG org.springframework.data.repository.config.RepositoryComponentProvider  - Identified candidate component class: URL [jar:file:/home/josdem/git/uber-timone/persistence/build/libs/persistence-0.1.4-ALPHA.jar!/com/tim/one/repository/TransferUserLimitRepository.class]
19068 [Test worker] DEBUG org.springframework.data.repository.config.RepositoryComponentProvider  - Identified candidate component class: URL [jar:file:/home/josdem/git/uber-timone/persistence/build/libs/persistence-0.1.4-ALPHA.jar!/com/tim/one/repository/StpLogTxRepository.class]
19068 [Test worker] DEBUG org.springframework.data.repository.config.RepositoryComponentProvider  - Identified candidate component class: URL [jar:file:/home/josdem/git/uber-timone/persistence/build/libs/persistence-0.1.4-ALPHA.jar!/com/tim/one/repository/UserRepository.class]
19068 [Test worker] DEBUG org.springframework.data.repository.config.RepositoryComponentProvider  - Identified candidate component class: URL [jar:file:/home/josdem/git/uber-timone/persistence/build/libs/persistence-0.1.4-ALPHA.jar!/com/tim/one/repository/ProjectCategoryRepository.class]
19069 [Test worker] DEBUG org.springframework.core.env.StandardEnvironment  - Adding [systemProperties] PropertySource with lowest search precedence
19069 [Test worker] DEBUG org.springframework.core.env.StandardEnvironment  - Adding [systemEnvironment] PropertySource with lowest search precedence
19069 [Test worker] DEBUG org.springframework.core.env.StandardEnvironment  - Initialized StandardEnvironment with PropertySources [systemProperties,systemEnvironment]
19070 [Test worker] DEBUG org.springframework.core.io.support.PathMatchingResourcePatternResolver  - Looking for matching resources in jar file [file:/home/josdem/git/uber-timone/persistence/build/libs/persistence-0.1.4-ALPHA.jar]
19072 [Test worker] DEBUG org.springframework.core.io.support.PathMatchingResourcePatternResolver  - Resolved location pattern [classpath*:com/tim/one/repository/**/*.class] to resources [URL [jar:file:/home/josdem/git/uber-timone/persistence/build/libs/persistence-0.1.4-ALPHA.jar!/com/tim/one/repository/ProjectFinancialDataRepository.class], URL [jar:file:/home/josdem/git/uber-timone/persistence/build/libs/persistence-0.1.4-ALPHA.jar!/com/tim/one/repository/ProviderTxRepository.class], URL [jar:file:/home/josdem/git/uber-timone/persistence/build/libs/persistence-0.1.4-ALPHA.jar!/com/tim/one/repository/UserAccountRepository.class], URL [jar:file:/home/josdem/git/uber-timone/persistence/build/libs/persistence-0.1.4-ALPHA.jar!/com/tim/one/repository/UnitTxRepository.class], URL [jar:file:/home/josdem/git/uber-timone/persistence/build/libs/persistence-0.1.4-ALPHA.jar!/com/tim/one/repository/BulkUnitTxRepository.class], URL [jar:file:/home/josdem/git/uber-timone/persistence/build/libs/persistence-0.1.4-ALPHA.jar!/com/tim/one/repository/BankCodeRepository.class], URL [jar:file:/home/josdem/git/uber-timone/persistence/build/libs/persistence-0.1.4-ALPHA.jar!/com/tim/one/repository/StpStatusRepository.class], URL [jar:file:/home/josdem/git/uber-timone/persistence/build/libs/persistence-0.1.4-ALPHA.jar!/com/tim/one/repository/ProjectRateRepository.class], URL [jar:file:/home/josdem/git/uber-timone/persistence/build/libs/persistence-0.1.4-ALPHA.jar!/com/tim/one/repository/UserTxRepository.class], URL [jar:file:/home/josdem/git/uber-timone/persistence/build/libs/persistence-0.1.4-ALPHA.jar!/com/tim/one/repository/IntegraUserRepository.class], URL [jar:file:/home/josdem/git/uber-timone/persistence/build/libs/persistence-0.1.4-ALPHA.jar!/com/tim/one/repository/SecurityRepository.class], URL [jar:file:/home/josdem/git/uber-timone/persistence/build/libs/persistence-0.1.4-ALPHA.jar!/com/tim/one/repository/TramaAccountRepository.class], URL [jar:file:/home/josdem/git/uber-timone/persistence/build/libs/persistence-0.1.4-ALPHA.jar!/com/tim/one/repository/ProjectVariableCostRepository.class], URL [jar:file:/home/josdem/git/uber-timone/persistence/build/libs/persistence-0.1.4-ALPHA.jar!/com/tim/one/repository/ProjectUnitSaleRepository.class], URL [jar:file:/home/josdem/git/uber-timone/persistence/build/libs/persistence-0.1.4-ALPHA.jar!/com/tim/one/repository/ProjectTxRepository.class], URL [jar:file:/home/josdem/git/uber-timone/persistence/build/libs/persistence-0.1.4-ALPHA.jar!/com/tim/one/repository/IntegraUserTxRepository.class], URL [jar:file:/home/josdem/git/uber-timone/persistence/build/libs/persistence-0.1.4-ALPHA.jar!/com/tim/one/repository/ProjectProviderRepository.class], URL [jar:file:/home/josdem/git/uber-timone/persistence/build/libs/persistence-0.1.4-ALPHA.jar!/com/tim/one/repository/ProjectRepository.class], URL [jar:file:/home/josdem/git/uber-timone/persistence/build/libs/persistence-0.1.4-ALPHA.jar!/com/tim/one/repository/TramaTxRepository.class], URL [jar:file:/home/josdem/git/uber-timone/persistence/build/libs/persistence-0.1.4-ALPHA.jar!/com/tim/one/repository/TransferUserLimitRepository.class], URL [jar:file:/home/josdem/git/uber-timone/persistence/build/libs/persistence-0.1.4-ALPHA.jar!/com/tim/one/repository/StpLogTxRepository.class], URL [jar:file:/home/josdem/git/uber-timone/persistence/build/libs/persistence-0.1.4-ALPHA.jar!/com/tim/one/repository/UserRepository.class], URL [jar:file:/home/josdem/git/uber-timone/persistence/build/libs/persistence-0.1.4-ALPHA.jar!/com/tim/one/repository/ProjectCategoryRepository.class]]
19077 [Test worker] DEBUG org.springframework.data.repository.config.RepositoryBeanDefinitionParser  - Registering repository: tramaTxRepository - Interface: com.tim.one.repository.TramaTxRepository - Factory: org.springframework.data.jpa.repository.support.JpaRepositoryFactoryBean
19077 [Test worker] DEBUG org.springframework.core.env.StandardEnvironment  - Adding [systemProperties] PropertySource with lowest search precedence
19078 [Test worker] DEBUG org.springframework.core.env.StandardEnvironment  - Adding [systemEnvironment] PropertySource with lowest search precedence
19078 [Test worker] DEBUG org.springframework.core.env.StandardEnvironment  - Initialized StandardEnvironment with PropertySources [systemProperties,systemEnvironment]
19078 [Test worker] DEBUG org.springframework.core.io.support.PathMatchingResourcePatternResolver  - Looking for matching resources in jar file [file:/home/josdem/git/uber-timone/persistence/build/libs/persistence-0.1.4-ALPHA.jar]
19080 [Test worker] DEBUG org.springframework.core.io.support.PathMatchingResourcePatternResolver  - Resolved location pattern [classpath*:com/tim/one/repository/**/*.class] to resources [URL [jar:file:/home/josdem/git/uber-timone/persistence/build/libs/persistence-0.1.4-ALPHA.jar!/com/tim/one/repository/ProjectFinancialDataRepository.class], URL [jar:file:/home/josdem/git/uber-timone/persistence/build/libs/persistence-0.1.4-ALPHA.jar!/com/tim/one/repository/ProviderTxRepository.class], URL [jar:file:/home/josdem/git/uber-timone/persistence/build/libs/persistence-0.1.4-ALPHA.jar!/com/tim/one/repository/UserAccountRepository.class], URL [jar:file:/home/josdem/git/uber-timone/persistence/build/libs/persistence-0.1.4-ALPHA.jar!/com/tim/one/repository/UnitTxRepository.class], URL [jar:file:/home/josdem/git/uber-timone/persistence/build/libs/persistence-0.1.4-ALPHA.jar!/com/tim/one/repository/BulkUnitTxRepository.class], URL [jar:file:/home/josdem/git/uber-timone/persistence/build/libs/persistence-0.1.4-ALPHA.jar!/com/tim/one/repository/BankCodeRepository.class], URL [jar:file:/home/josdem/git/uber-timone/persistence/build/libs/persistence-0.1.4-ALPHA.jar!/com/tim/one/repository/StpStatusRepository.class], URL [jar:file:/home/josdem/git/uber-timone/persistence/build/libs/persistence-0.1.4-ALPHA.jar!/com/tim/one/repository/ProjectRateRepository.class], URL [jar:file:/home/josdem/git/uber-timone/persistence/build/libs/persistence-0.1.4-ALPHA.jar!/com/tim/one/repository/UserTxRepository.class], URL [jar:file:/home/josdem/git/uber-timone/persistence/build/libs/persistence-0.1.4-ALPHA.jar!/com/tim/one/repository/IntegraUserRepository.class], URL [jar:file:/home/josdem/git/uber-timone/persistence/build/libs/persistence-0.1.4-ALPHA.jar!/com/tim/one/repository/SecurityRepository.class], URL [jar:file:/home/josdem/git/uber-timone/persistence/build/libs/persistence-0.1.4-ALPHA.jar!/com/tim/one/repository/TramaAccountRepository.class], URL [jar:file:/home/josdem/git/uber-timone/persistence/build/libs/persistence-0.1.4-ALPHA.jar!/com/tim/one/repository/ProjectVariableCostRepository.class], URL [jar:file:/home/josdem/git/uber-timone/persistence/build/libs/persistence-0.1.4-ALPHA.jar!/com/tim/one/repository/ProjectUnitSaleRepository.class], URL [jar:file:/home/josdem/git/uber-timone/persistence/build/libs/persistence-0.1.4-ALPHA.jar!/com/tim/one/repository/ProjectTxRepository.class], URL [jar:file:/home/josdem/git/uber-timone/persistence/build/libs/persistence-0.1.4-ALPHA.jar!/com/tim/one/repository/IntegraUserTxRepository.class], URL [jar:file:/home/josdem/git/uber-timone/persistence/build/libs/persistence-0.1.4-ALPHA.jar!/com/tim/one/repository/ProjectProviderRepository.class], URL [jar:file:/home/josdem/git/uber-timone/persistence/build/libs/persistence-0.1.4-ALPHA.jar!/com/tim/one/repository/ProjectRepository.class], URL [jar:file:/home/josdem/git/uber-timone/persistence/build/libs/persistence-0.1.4-ALPHA.jar!/com/tim/one/repository/TramaTxRepository.class], URL [jar:file:/home/josdem/git/uber-timone/persistence/build/libs/persistence-0.1.4-ALPHA.jar!/com/tim/one/repository/TransferUserLimitRepository.class], URL [jar:file:/home/josdem/git/uber-timone/persistence/build/libs/persistence-0.1.4-ALPHA.jar!/com/tim/one/repository/StpLogTxRepository.class], URL [jar:file:/home/josdem/git/uber-timone/persistence/build/libs/persistence-0.1.4-ALPHA.jar!/com/tim/one/repository/UserRepository.class], URL [jar:file:/home/josdem/git/uber-timone/persistence/build/libs/persistence-0.1.4-ALPHA.jar!/com/tim/one/repository/ProjectCategoryRepository.class]]
19084 [Test worker] DEBUG org.springframework.data.repository.config.RepositoryBeanDefinitionParser  - Registering repository: projectRepository - Interface: com.tim.one.repository.ProjectRepository - Factory: org.springframework.data.jpa.repository.support.JpaRepositoryFactoryBean
19085 [Test worker] DEBUG org.springframework.core.env.StandardEnvironment  - Adding [systemProperties] PropertySource with lowest search precedence
19085 [Test worker] DEBUG org.springframework.core.env.StandardEnvironment  - Adding [systemEnvironment] PropertySource with lowest search precedence
19085 [Test worker] DEBUG org.springframework.core.env.StandardEnvironment  - Initialized StandardEnvironment with PropertySources [systemProperties,systemEnvironment]
19085 [Test worker] DEBUG org.springframework.core.io.support.PathMatchingResourcePatternResolver  - Looking for matching resources in jar file [file:/home/josdem/git/uber-timone/persistence/build/libs/persistence-0.1.4-ALPHA.jar]
19087 [Test worker] DEBUG org.springframework.core.io.support.PathMatchingResourcePatternResolver  - Resolved location pattern [classpath*:com/tim/one/repository/**/*.class] to resources [URL [jar:file:/home/josdem/git/uber-timone/persistence/build/libs/persistence-0.1.4-ALPHA.jar!/com/tim/one/repository/ProjectFinancialDataRepository.class], URL [jar:file:/home/josdem/git/uber-timone/persistence/build/libs/persistence-0.1.4-ALPHA.jar!/com/tim/one/repository/ProviderTxRepository.class], URL [jar:file:/home/josdem/git/uber-timone/persistence/build/libs/persistence-0.1.4-ALPHA.jar!/com/tim/one/repository/UserAccountRepository.class], URL [jar:file:/home/josdem/git/uber-timone/persistence/build/libs/persistence-0.1.4-ALPHA.jar!/com/tim/one/repository/UnitTxRepository.class], URL [jar:file:/home/josdem/git/uber-timone/persistence/build/libs/persistence-0.1.4-ALPHA.jar!/com/tim/one/repository/BulkUnitTxRepository.class], URL [jar:file:/home/josdem/git/uber-timone/persistence/build/libs/persistence-0.1.4-ALPHA.jar!/com/tim/one/repository/BankCodeRepository.class], URL [jar:file:/home/josdem/git/uber-timone/persistence/build/libs/persistence-0.1.4-ALPHA.jar!/com/tim/one/repository/StpStatusRepository.class], URL [jar:file:/home/josdem/git/uber-timone/persistence/build/libs/persistence-0.1.4-ALPHA.jar!/com/tim/one/repository/ProjectRateRepository.class], URL [jar:file:/home/josdem/git/uber-timone/persistence/build/libs/persistence-0.1.4-ALPHA.jar!/com/tim/one/repository/UserTxRepository.class], URL [jar:file:/home/josdem/git/uber-timone/persistence/build/libs/persistence-0.1.4-ALPHA.jar!/com/tim/one/repository/IntegraUserRepository.class], URL [jar:file:/home/josdem/git/uber-timone/persistence/build/libs/persistence-0.1.4-ALPHA.jar!/com/tim/one/repository/SecurityRepository.class], URL [jar:file:/home/josdem/git/uber-timone/persistence/build/libs/persistence-0.1.4-ALPHA.jar!/com/tim/one/repository/TramaAccountRepository.class], URL [jar:file:/home/josdem/git/uber-timone/persistence/build/libs/persistence-0.1.4-ALPHA.jar!/com/tim/one/repository/ProjectVariableCostRepository.class], URL [jar:file:/home/josdem/git/uber-timone/persistence/build/libs/persistence-0.1.4-ALPHA.jar!/com/tim/one/repository/ProjectUnitSaleRepository.class], URL [jar:file:/home/josdem/git/uber-timone/persistence/build/libs/persistence-0.1.4-ALPHA.jar!/com/tim/one/repository/ProjectTxRepository.class], URL [jar:file:/home/josdem/git/uber-timone/persistence/build/libs/persistence-0.1.4-ALPHA.jar!/com/tim/one/repository/IntegraUserTxRepository.class], URL [jar:file:/home/josdem/git/uber-timone/persistence/build/libs/persistence-0.1.4-ALPHA.jar!/com/tim/one/repository/ProjectProviderRepository.class], URL [jar:file:/home/josdem/git/uber-timone/persistence/build/libs/persistence-0.1.4-ALPHA.jar!/com/tim/one/repository/ProjectRepository.class], URL [jar:file:/home/josdem/git/uber-timone/persistence/build/libs/persistence-0.1.4-ALPHA.jar!/com/tim/one/repository/TramaTxRepository.class], URL [jar:file:/home/josdem/git/uber-timone/persistence/build/libs/persistence-0.1.4-ALPHA.jar!/com/tim/one/repository/TransferUserLimitRepository.class], URL [jar:file:/home/josdem/git/uber-timone/persistence/build/libs/persistence-0.1.4-ALPHA.jar!/com/tim/one/repository/StpLogTxRepository.class], URL [jar:file:/home/josdem/git/uber-timone/persistence/build/libs/persistence-0.1.4-ALPHA.jar!/com/tim/one/repository/UserRepository.class], URL [jar:file:/home/josdem/git/uber-timone/persistence/build/libs/persistence-0.1.4-ALPHA.jar!/com/tim/one/repository/ProjectCategoryRepository.class]]
19092 [Test worker] DEBUG org.springframework.data.repository.config.RepositoryBeanDefinitionParser  - Registering repository: securityRepository - Interface: com.tim.one.repository.SecurityRepository - Factory: org.springframework.data.jpa.repository.support.JpaRepositoryFactoryBean
19094 [Test worker] DEBUG org.springframework.core.env.StandardEnvironment  - Adding [systemProperties] PropertySource with lowest search precedence
19094 [Test worker] DEBUG org.springframework.core.env.StandardEnvironment  - Adding [systemEnvironment] PropertySource with lowest search precedence
19095 [Test worker] DEBUG org.springframework.core.env.StandardEnvironment  - Initialized StandardEnvironment with PropertySources [systemProperties,systemEnvironment]
19095 [Test worker] DEBUG org.springframework.core.io.support.PathMatchingResourcePatternResolver  - Looking for matching resources in jar file [file:/home/josdem/git/uber-timone/persistence/build/libs/persistence-0.1.4-ALPHA.jar]
19097 [Test worker] DEBUG org.springframework.core.io.support.PathMatchingResourcePatternResolver  - Resolved location pattern [classpath*:com/tim/one/repository/**/*.class] to resources [URL [jar:file:/home/josdem/git/uber-timone/persistence/build/libs/persistence-0.1.4-ALPHA.jar!/com/tim/one/repository/ProjectFinancialDataRepository.class], URL [jar:file:/home/josdem/git/uber-timone/persistence/build/libs/persistence-0.1.4-ALPHA.jar!/com/tim/one/repository/ProviderTxRepository.class], URL [jar:file:/home/josdem/git/uber-timone/persistence/build/libs/persistence-0.1.4-ALPHA.jar!/com/tim/one/repository/UserAccountRepository.class], URL [jar:file:/home/josdem/git/uber-timone/persistence/build/libs/persistence-0.1.4-ALPHA.jar!/com/tim/one/repository/UnitTxRepository.class], URL [jar:file:/home/josdem/git/uber-timone/persistence/build/libs/persistence-0.1.4-ALPHA.jar!/com/tim/one/repository/BulkUnitTxRepository.class], URL [jar:file:/home/josdem/git/uber-timone/persistence/build/libs/persistence-0.1.4-ALPHA.jar!/com/tim/one/repository/BankCodeRepository.class], URL [jar:file:/home/josdem/git/uber-timone/persistence/build/libs/persistence-0.1.4-ALPHA.jar!/com/tim/one/repository/StpStatusRepository.class], URL [jar:file:/home/josdem/git/uber-timone/persistence/build/libs/persistence-0.1.4-ALPHA.jar!/com/tim/one/repository/ProjectRateRepository.class], URL [jar:file:/home/josdem/git/uber-timone/persistence/build/libs/persistence-0.1.4-ALPHA.jar!/com/tim/one/repository/UserTxRepository.class], URL [jar:file:/home/josdem/git/uber-timone/persistence/build/libs/persistence-0.1.4-ALPHA.jar!/com/tim/one/repository/IntegraUserRepository.class], URL [jar:file:/home/josdem/git/uber-timone/persistence/build/libs/persistence-0.1.4-ALPHA.jar!/com/tim/one/repository/SecurityRepository.class], URL [jar:file:/home/josdem/git/uber-timone/persistence/build/libs/persistence-0.1.4-ALPHA.jar!/com/tim/one/repository/TramaAccountRepository.class], URL [jar:file:/home/josdem/git/uber-timone/persistence/build/libs/persistence-0.1.4-ALPHA.jar!/com/tim/one/repository/ProjectVariableCostRepository.class], URL [jar:file:/home/josdem/git/uber-timone/persistence/build/libs/persistence-0.1.4-ALPHA.jar!/com/tim/one/repository/ProjectUnitSaleRepository.class], URL [jar:file:/home/josdem/git/uber-timone/persistence/build/libs/persistence-0.1.4-ALPHA.jar!/com/tim/one/repository/ProjectTxRepository.class], URL [jar:file:/home/josdem/git/uber-timone/persistence/build/libs/persistence-0.1.4-ALPHA.jar!/com/tim/one/repository/IntegraUserTxRepository.class], URL [jar:file:/home/josdem/git/uber-timone/persistence/build/libs/persistence-0.1.4-ALPHA.jar!/com/tim/one/repository/ProjectProviderRepository.class], URL [jar:file:/home/josdem/git/uber-timone/persistence/build/libs/persistence-0.1.4-ALPHA.jar!/com/tim/one/repository/ProjectRepository.class], URL [jar:file:/home/josdem/git/uber-timone/persistence/build/libs/persistence-0.1.4-ALPHA.jar!/com/tim/one/repository/TramaTxRepository.class], URL [jar:file:/home/josdem/git/uber-timone/persistence/build/libs/persistence-0.1.4-ALPHA.jar!/com/tim/one/repository/TransferUserLimitRepository.class], URL [jar:file:/home/josdem/git/uber-timone/persistence/build/libs/persistence-0.1.4-ALPHA.jar!/com/tim/one/repository/StpLogTxRepository.class], URL [jar:file:/home/josdem/git/uber-timone/persistence/build/libs/persistence-0.1.4-ALPHA.jar!/com/tim/one/repository/UserRepository.class], URL [jar:file:/home/josdem/git/uber-timone/persistence/build/libs/persistence-0.1.4-ALPHA.jar!/com/tim/one/repository/ProjectCategoryRepository.class]]
19102 [Test worker] DEBUG org.springframework.data.repository.config.RepositoryBeanDefinitionParser  - Registering repository: tramaAccountRepository - Interface: com.tim.one.repository.TramaAccountRepository - Factory: org.springframework.data.jpa.repository.support.JpaRepositoryFactoryBean
19103 [Test worker] DEBUG org.springframework.core.env.StandardEnvironment  - Adding [systemProperties] PropertySource with lowest search precedence
19104 [Test worker] DEBUG org.springframework.core.env.StandardEnvironment  - Adding [systemEnvironment] PropertySource with lowest search precedence
19104 [Test worker] DEBUG org.springframework.core.env.StandardEnvironment  - Initialized StandardEnvironment with PropertySources [systemProperties,systemEnvironment]
19104 [Test worker] DEBUG org.springframework.core.io.support.PathMatchingResourcePatternResolver  - Looking for matching resources in jar file [file:/home/josdem/git/uber-timone/persistence/build/libs/persistence-0.1.4-ALPHA.jar]
19106 [Test worker] DEBUG org.springframework.core.io.support.PathMatchingResourcePatternResolver  - Resolved location pattern [classpath*:com/tim/one/repository/**/*.class] to resources [URL [jar:file:/home/josdem/git/uber-timone/persistence/build/libs/persistence-0.1.4-ALPHA.jar!/com/tim/one/repository/ProjectFinancialDataRepository.class], URL [jar:file:/home/josdem/git/uber-timone/persistence/build/libs/persistence-0.1.4-ALPHA.jar!/com/tim/one/repository/ProviderTxRepository.class], URL [jar:file:/home/josdem/git/uber-timone/persistence/build/libs/persistence-0.1.4-ALPHA.jar!/com/tim/one/repository/UserAccountRepository.class], URL [jar:file:/home/josdem/git/uber-timone/persistence/build/libs/persistence-0.1.4-ALPHA.jar!/com/tim/one/repository/UnitTxRepository.class], URL [jar:file:/home/josdem/git/uber-timone/persistence/build/libs/persistence-0.1.4-ALPHA.jar!/com/tim/one/repository/BulkUnitTxRepository.class], URL [jar:file:/home/josdem/git/uber-timone/persistence/build/libs/persistence-0.1.4-ALPHA.jar!/com/tim/one/repository/BankCodeRepository.class], URL [jar:file:/home/josdem/git/uber-timone/persistence/build/libs/persistence-0.1.4-ALPHA.jar!/com/tim/one/repository/StpStatusRepository.class], URL [jar:file:/home/josdem/git/uber-timone/persistence/build/libs/persistence-0.1.4-ALPHA.jar!/com/tim/one/repository/ProjectRateRepository.class], URL [jar:file:/home/josdem/git/uber-timone/persistence/build/libs/persistence-0.1.4-ALPHA.jar!/com/tim/one/repository/UserTxRepository.class], URL [jar:file:/home/josdem/git/uber-timone/persistence/build/libs/persistence-0.1.4-ALPHA.jar!/com/tim/one/repository/IntegraUserRepository.class], URL [jar:file:/home/josdem/git/uber-timone/persistence/build/libs/persistence-0.1.4-ALPHA.jar!/com/tim/one/repository/SecurityRepository.class], URL [jar:file:/home/josdem/git/uber-timone/persistence/build/libs/persistence-0.1.4-ALPHA.jar!/com/tim/one/repository/TramaAccountRepository.class], URL [jar:file:/home/josdem/git/uber-timone/persistence/build/libs/persistence-0.1.4-ALPHA.jar!/com/tim/one/repository/ProjectVariableCostRepository.class], URL [jar:file:/home/josdem/git/uber-timone/persistence/build/libs/persistence-0.1.4-ALPHA.jar!/com/tim/one/repository/ProjectUnitSaleRepository.class], URL [jar:file:/home/josdem/git/uber-timone/persistence/build/libs/persistence-0.1.4-ALPHA.jar!/com/tim/one/repository/ProjectTxRepository.class], URL [jar:file:/home/josdem/git/uber-timone/persistence/build/libs/persistence-0.1.4-ALPHA.jar!/com/tim/one/repository/IntegraUserTxRepository.class], URL [jar:file:/home/josdem/git/uber-timone/persistence/build/libs/persistence-0.1.4-ALPHA.jar!/com/tim/one/repository/ProjectProviderRepository.class], URL [jar:file:/home/josdem/git/uber-timone/persistence/build/libs/persistence-0.1.4-ALPHA.jar!/com/tim/one/repository/ProjectRepository.class], URL [jar:file:/home/josdem/git/uber-timone/persistence/build/libs/persistence-0.1.4-ALPHA.jar!/com/tim/one/repository/TramaTxRepository.class], URL [jar:file:/home/josdem/git/uber-timone/persistence/build/libs/persistence-0.1.4-ALPHA.jar!/com/tim/one/repository/TransferUserLimitRepository.class], URL [jar:file:/home/josdem/git/uber-timone/persistence/build/libs/persistence-0.1.4-ALPHA.jar!/com/tim/one/repository/StpLogTxRepository.class], URL [jar:file:/home/josdem/git/uber-timone/persistence/build/libs/persistence-0.1.4-ALPHA.jar!/com/tim/one/repository/UserRepository.class], URL [jar:file:/home/josdem/git/uber-timone/persistence/build/libs/persistence-0.1.4-ALPHA.jar!/com/tim/one/repository/ProjectCategoryRepository.class]]
19111 [Test worker] DEBUG org.springframework.data.repository.config.RepositoryBeanDefinitionParser  - Registering repository: providerTxRepository - Interface: com.tim.one.repository.ProviderTxRepository - Factory: org.springframework.data.jpa.repository.support.JpaRepositoryFactoryBean
19112 [Test worker] DEBUG org.springframework.core.env.StandardEnvironment  - Adding [systemProperties] PropertySource with lowest search precedence
19112 [Test worker] DEBUG org.springframework.core.env.StandardEnvironment  - Adding [systemEnvironment] PropertySource with lowest search precedence
19113 [Test worker] DEBUG org.springframework.core.env.StandardEnvironment  - Initialized StandardEnvironment with PropertySources [systemProperties,systemEnvironment]
19114 [Test worker] DEBUG org.springframework.core.io.support.PathMatchingResourcePatternResolver  - Looking for matching resources in jar file [file:/home/josdem/git/uber-timone/persistence/build/libs/persistence-0.1.4-ALPHA.jar]
19116 [Test worker] DEBUG org.springframework.core.io.support.PathMatchingResourcePatternResolver  - Resolved location pattern [classpath*:com/tim/one/repository/**/*.class] to resources [URL [jar:file:/home/josdem/git/uber-timone/persistence/build/libs/persistence-0.1.4-ALPHA.jar!/com/tim/one/repository/ProjectFinancialDataRepository.class], URL [jar:file:/home/josdem/git/uber-timone/persistence/build/libs/persistence-0.1.4-ALPHA.jar!/com/tim/one/repository/ProviderTxRepository.class], URL [jar:file:/home/josdem/git/uber-timone/persistence/build/libs/persistence-0.1.4-ALPHA.jar!/com/tim/one/repository/UserAccountRepository.class], URL [jar:file:/home/josdem/git/uber-timone/persistence/build/libs/persistence-0.1.4-ALPHA.jar!/com/tim/one/repository/UnitTxRepository.class], URL [jar:file:/home/josdem/git/uber-timone/persistence/build/libs/persistence-0.1.4-ALPHA.jar!/com/tim/one/repository/BulkUnitTxRepository.class], URL [jar:file:/home/josdem/git/uber-timone/persistence/build/libs/persistence-0.1.4-ALPHA.jar!/com/tim/one/repository/BankCodeRepository.class], URL [jar:file:/home/josdem/git/uber-timone/persistence/build/libs/persistence-0.1.4-ALPHA.jar!/com/tim/one/repository/StpStatusRepository.class], URL [jar:file:/home/josdem/git/uber-timone/persistence/build/libs/persistence-0.1.4-ALPHA.jar!/com/tim/one/repository/ProjectRateRepository.class], URL [jar:file:/home/josdem/git/uber-timone/persistence/build/libs/persistence-0.1.4-ALPHA.jar!/com/tim/one/repository/UserTxRepository.class], URL [jar:file:/home/josdem/git/uber-timone/persistence/build/libs/persistence-0.1.4-ALPHA.jar!/com/tim/one/repository/IntegraUserRepository.class], URL [jar:file:/home/josdem/git/uber-timone/persistence/build/libs/persistence-0.1.4-ALPHA.jar!/com/tim/one/repository/SecurityRepository.class], URL [jar:file:/home/josdem/git/uber-timone/persistence/build/libs/persistence-0.1.4-ALPHA.jar!/com/tim/one/repository/TramaAccountRepository.class], URL [jar:file:/home/josdem/git/uber-timone/persistence/build/libs/persistence-0.1.4-ALPHA.jar!/com/tim/one/repository/ProjectVariableCostRepository.class], URL [jar:file:/home/josdem/git/uber-timone/persistence/build/libs/persistence-0.1.4-ALPHA.jar!/com/tim/one/repository/ProjectUnitSaleRepository.class], URL [jar:file:/home/josdem/git/uber-timone/persistence/build/libs/persistence-0.1.4-ALPHA.jar!/com/tim/one/repository/ProjectTxRepository.class], URL [jar:file:/home/josdem/git/uber-timone/persistence/build/libs/persistence-0.1.4-ALPHA.jar!/com/tim/one/repository/IntegraUserTxRepository.class], URL [jar:file:/home/josdem/git/uber-timone/persistence/build/libs/persistence-0.1.4-ALPHA.jar!/com/tim/one/repository/ProjectProviderRepository.class], URL [jar:file:/home/josdem/git/uber-timone/persistence/build/libs/persistence-0.1.4-ALPHA.jar!/com/tim/one/repository/ProjectRepository.class], URL [jar:file:/home/josdem/git/uber-timone/persistence/build/libs/persistence-0.1.4-ALPHA.jar!/com/tim/one/repository/TramaTxRepository.class], URL [jar:file:/home/josdem/git/uber-timone/persistence/build/libs/persistence-0.1.4-ALPHA.jar!/com/tim/one/repository/TransferUserLimitRepository.class], URL [jar:file:/home/josdem/git/uber-timone/persistence/build/libs/persistence-0.1.4-ALPHA.jar!/com/tim/one/repository/StpLogTxRepository.class], URL [jar:file:/home/josdem/git/uber-timone/persistence/build/libs/persistence-0.1.4-ALPHA.jar!/com/tim/one/repository/UserRepository.class], URL [jar:file:/home/josdem/git/uber-timone/persistence/build/libs/persistence-0.1.4-ALPHA.jar!/com/tim/one/repository/ProjectCategoryRepository.class]]
19121 [Test worker] DEBUG org.springframework.data.repository.config.RepositoryBeanDefinitionParser  - Registering repository: integraUserRepository - Interface: com.tim.one.repository.IntegraUserRepository - Factory: org.springframework.data.jpa.repository.support.JpaRepositoryFactoryBean
19122 [Test worker] DEBUG org.springframework.core.env.StandardEnvironment  - Adding [systemProperties] PropertySource with lowest search precedence
19122 [Test worker] DEBUG org.springframework.core.env.StandardEnvironment  - Adding [systemEnvironment] PropertySource with lowest search precedence
19122 [Test worker] DEBUG org.springframework.core.env.StandardEnvironment  - Initialized StandardEnvironment with PropertySources [systemProperties,systemEnvironment]
19123 [Test worker] DEBUG org.springframework.core.io.support.PathMatchingResourcePatternResolver  - Looking for matching resources in jar file [file:/home/josdem/git/uber-timone/persistence/build/libs/persistence-0.1.4-ALPHA.jar]
19126 [Test worker] DEBUG org.springframework.core.io.support.PathMatchingResourcePatternResolver  - Resolved location pattern [classpath*:com/tim/one/repository/**/*.class] to resources [URL [jar:file:/home/josdem/git/uber-timone/persistence/build/libs/persistence-0.1.4-ALPHA.jar!/com/tim/one/repository/ProjectFinancialDataRepository.class], URL [jar:file:/home/josdem/git/uber-timone/persistence/build/libs/persistence-0.1.4-ALPHA.jar!/com/tim/one/repository/ProviderTxRepository.class], URL [jar:file:/home/josdem/git/uber-timone/persistence/build/libs/persistence-0.1.4-ALPHA.jar!/com/tim/one/repository/UserAccountRepository.class], URL [jar:file:/home/josdem/git/uber-timone/persistence/build/libs/persistence-0.1.4-ALPHA.jar!/com/tim/one/repository/UnitTxRepository.class], URL [jar:file:/home/josdem/git/uber-timone/persistence/build/libs/persistence-0.1.4-ALPHA.jar!/com/tim/one/repository/BulkUnitTxRepository.class], URL [jar:file:/home/josdem/git/uber-timone/persistence/build/libs/persistence-0.1.4-ALPHA.jar!/com/tim/one/repository/BankCodeRepository.class], URL [jar:file:/home/josdem/git/uber-timone/persistence/build/libs/persistence-0.1.4-ALPHA.jar!/com/tim/one/repository/StpStatusRepository.class], URL [jar:file:/home/josdem/git/uber-timone/persistence/build/libs/persistence-0.1.4-ALPHA.jar!/com/tim/one/repository/ProjectRateRepository.class], URL [jar:file:/home/josdem/git/uber-timone/persistence/build/libs/persistence-0.1.4-ALPHA.jar!/com/tim/one/repository/UserTxRepository.class], URL [jar:file:/home/josdem/git/uber-timone/persistence/build/libs/persistence-0.1.4-ALPHA.jar!/com/tim/one/repository/IntegraUserRepository.class], URL [jar:file:/home/josdem/git/uber-timone/persistence/build/libs/persistence-0.1.4-ALPHA.jar!/com/tim/one/repository/SecurityRepository.class], URL [jar:file:/home/josdem/git/uber-timone/persistence/build/libs/persistence-0.1.4-ALPHA.jar!/com/tim/one/repository/TramaAccountRepository.class], URL [jar:file:/home/josdem/git/uber-timone/persistence/build/libs/persistence-0.1.4-ALPHA.jar!/com/tim/one/repository/ProjectVariableCostRepository.class], URL [jar:file:/home/josdem/git/uber-timone/persistence/build/libs/persistence-0.1.4-ALPHA.jar!/com/tim/one/repository/ProjectUnitSaleRepository.class], URL [jar:file:/home/josdem/git/uber-timone/persistence/build/libs/persistence-0.1.4-ALPHA.jar!/com/tim/one/repository/ProjectTxRepository.class], URL [jar:file:/home/josdem/git/uber-timone/persistence/build/libs/persistence-0.1.4-ALPHA.jar!/com/tim/one/repository/IntegraUserTxRepository.class], URL [jar:file:/home/josdem/git/uber-timone/persistence/build/libs/persistence-0.1.4-ALPHA.jar!/com/tim/one/repository/ProjectProviderRepository.class], URL [jar:file:/home/josdem/git/uber-timone/persistence/build/libs/persistence-0.1.4-ALPHA.jar!/com/tim/one/repository/ProjectRepository.class], URL [jar:file:/home/josdem/git/uber-timone/persistence/build/libs/persistence-0.1.4-ALPHA.jar!/com/tim/one/repository/TramaTxRepository.class], URL [jar:file:/home/josdem/git/uber-timone/persistence/build/libs/persistence-0.1.4-ALPHA.jar!/com/tim/one/repository/TransferUserLimitRepository.class], URL [jar:file:/home/josdem/git/uber-timone/persistence/build/libs/persistence-0.1.4-ALPHA.jar!/com/tim/one/repository/StpLogTxRepository.class], URL [jar:file:/home/josdem/git/uber-timone/persistence/build/libs/persistence-0.1.4-ALPHA.jar!/com/tim/one/repository/UserRepository.class], URL [jar:file:/home/josdem/git/uber-timone/persistence/build/libs/persistence-0.1.4-ALPHA.jar!/com/tim/one/repository/ProjectCategoryRepository.class]]
19132 [Test worker] DEBUG org.springframework.data.repository.config.RepositoryBeanDefinitionParser  - Registering repository: projectVariableCostRepository - Interface: com.tim.one.repository.ProjectVariableCostRepository - Factory: org.springframework.data.jpa.repository.support.JpaRepositoryFactoryBean
19133 [Test worker] DEBUG org.springframework.core.env.StandardEnvironment  - Adding [systemProperties] PropertySource with lowest search precedence
19134 [Test worker] DEBUG org.springframework.core.env.StandardEnvironment  - Adding [systemEnvironment] PropertySource with lowest search precedence
19134 [Test worker] DEBUG org.springframework.core.env.StandardEnvironment  - Initialized StandardEnvironment with PropertySources [systemProperties,systemEnvironment]
19135 [Test worker] DEBUG org.springframework.core.io.support.PathMatchingResourcePatternResolver  - Looking for matching resources in jar file [file:/home/josdem/git/uber-timone/persistence/build/libs/persistence-0.1.4-ALPHA.jar]
19137 [Test worker] DEBUG org.springframework.core.io.support.PathMatchingResourcePatternResolver  - Resolved location pattern [classpath*:com/tim/one/repository/**/*.class] to resources [URL [jar:file:/home/josdem/git/uber-timone/persistence/build/libs/persistence-0.1.4-ALPHA.jar!/com/tim/one/repository/ProjectFinancialDataRepository.class], URL [jar:file:/home/josdem/git/uber-timone/persistence/build/libs/persistence-0.1.4-ALPHA.jar!/com/tim/one/repository/ProviderTxRepository.class], URL [jar:file:/home/josdem/git/uber-timone/persistence/build/libs/persistence-0.1.4-ALPHA.jar!/com/tim/one/repository/UserAccountRepository.class], URL [jar:file:/home/josdem/git/uber-timone/persistence/build/libs/persistence-0.1.4-ALPHA.jar!/com/tim/one/repository/UnitTxRepository.class], URL [jar:file:/home/josdem/git/uber-timone/persistence/build/libs/persistence-0.1.4-ALPHA.jar!/com/tim/one/repository/BulkUnitTxRepository.class], URL [jar:file:/home/josdem/git/uber-timone/persistence/build/libs/persistence-0.1.4-ALPHA.jar!/com/tim/one/repository/BankCodeRepository.class], URL [jar:file:/home/josdem/git/uber-timone/persistence/build/libs/persistence-0.1.4-ALPHA.jar!/com/tim/one/repository/StpStatusRepository.class], URL [jar:file:/home/josdem/git/uber-timone/persistence/build/libs/persistence-0.1.4-ALPHA.jar!/com/tim/one/repository/ProjectRateRepository.class], URL [jar:file:/home/josdem/git/uber-timone/persistence/build/libs/persistence-0.1.4-ALPHA.jar!/com/tim/one/repository/UserTxRepository.class], URL [jar:file:/home/josdem/git/uber-timone/persistence/build/libs/persistence-0.1.4-ALPHA.jar!/com/tim/one/repository/IntegraUserRepository.class], URL [jar:file:/home/josdem/git/uber-timone/persistence/build/libs/persistence-0.1.4-ALPHA.jar!/com/tim/one/repository/SecurityRepository.class], URL [jar:file:/home/josdem/git/uber-timone/persistence/build/libs/persistence-0.1.4-ALPHA.jar!/com/tim/one/repository/TramaAccountRepository.class], URL [jar:file:/home/josdem/git/uber-timone/persistence/build/libs/persistence-0.1.4-ALPHA.jar!/com/tim/one/repository/ProjectVariableCostRepository.class], URL [jar:file:/home/josdem/git/uber-timone/persistence/build/libs/persistence-0.1.4-ALPHA.jar!/com/tim/one/repository/ProjectUnitSaleRepository.class], URL [jar:file:/home/josdem/git/uber-timone/persistence/build/libs/persistence-0.1.4-ALPHA.jar!/com/tim/one/repository/ProjectTxRepository.class], URL [jar:file:/home/josdem/git/uber-timone/persistence/build/libs/persistence-0.1.4-ALPHA.jar!/com/tim/one/repository/IntegraUserTxRepository.class], URL [jar:file:/home/josdem/git/uber-timone/persistence/build/libs/persistence-0.1.4-ALPHA.jar!/com/tim/one/repository/ProjectProviderRepository.class], URL [jar:file:/home/josdem/git/uber-timone/persistence/build/libs/persistence-0.1.4-ALPHA.jar!/com/tim/one/repository/ProjectRepository.class], URL [jar:file:/home/josdem/git/uber-timone/persistence/build/libs/persistence-0.1.4-ALPHA.jar!/com/tim/one/repository/TramaTxRepository.class], URL [jar:file:/home/josdem/git/uber-timone/persistence/build/libs/persistence-0.1.4-ALPHA.jar!/com/tim/one/repository/TransferUserLimitRepository.class], URL [jar:file:/home/josdem/git/uber-timone/persistence/build/libs/persistence-0.1.4-ALPHA.jar!/com/tim/one/repository/StpLogTxRepository.class], URL [jar:file:/home/josdem/git/uber-timone/persistence/build/libs/persistence-0.1.4-ALPHA.jar!/com/tim/one/repository/UserRepository.class], URL [jar:file:/home/josdem/git/uber-timone/persistence/build/libs/persistence-0.1.4-ALPHA.jar!/com/tim/one/repository/ProjectCategoryRepository.class]]
19142 [Test worker] DEBUG org.springframework.data.repository.config.RepositoryBeanDefinitionParser  - Registering repository: userAccountRepository - Interface: com.tim.one.repository.UserAccountRepository - Factory: org.springframework.data.jpa.repository.support.JpaRepositoryFactoryBean
19143 [Test worker] DEBUG org.springframework.core.env.StandardEnvironment  - Adding [systemProperties] PropertySource with lowest search precedence
19144 [Test worker] DEBUG org.springframework.core.env.StandardEnvironment  - Adding [systemEnvironment] PropertySource with lowest search precedence
19144 [Test worker] DEBUG org.springframework.core.env.StandardEnvironment  - Initialized StandardEnvironment with PropertySources [systemProperties,systemEnvironment]
19145 [Test worker] DEBUG org.springframework.core.io.support.PathMatchingResourcePatternResolver  - Looking for matching resources in jar file [file:/home/josdem/git/uber-timone/persistence/build/libs/persistence-0.1.4-ALPHA.jar]
19147 [Test worker] DEBUG org.springframework.core.io.support.PathMatchingResourcePatternResolver  - Resolved location pattern [classpath*:com/tim/one/repository/**/*.class] to resources [URL [jar:file:/home/josdem/git/uber-timone/persistence/build/libs/persistence-0.1.4-ALPHA.jar!/com/tim/one/repository/ProjectFinancialDataRepository.class], URL [jar:file:/home/josdem/git/uber-timone/persistence/build/libs/persistence-0.1.4-ALPHA.jar!/com/tim/one/repository/ProviderTxRepository.class], URL [jar:file:/home/josdem/git/uber-timone/persistence/build/libs/persistence-0.1.4-ALPHA.jar!/com/tim/one/repository/UserAccountRepository.class], URL [jar:file:/home/josdem/git/uber-timone/persistence/build/libs/persistence-0.1.4-ALPHA.jar!/com/tim/one/repository/UnitTxRepository.class], URL [jar:file:/home/josdem/git/uber-timone/persistence/build/libs/persistence-0.1.4-ALPHA.jar!/com/tim/one/repository/BulkUnitTxRepository.class], URL [jar:file:/home/josdem/git/uber-timone/persistence/build/libs/persistence-0.1.4-ALPHA.jar!/com/tim/one/repository/BankCodeRepository.class], URL [jar:file:/home/josdem/git/uber-timone/persistence/build/libs/persistence-0.1.4-ALPHA.jar!/com/tim/one/repository/StpStatusRepository.class], URL [jar:file:/home/josdem/git/uber-timone/persistence/build/libs/persistence-0.1.4-ALPHA.jar!/com/tim/one/repository/ProjectRateRepository.class], URL [jar:file:/home/josdem/git/uber-timone/persistence/build/libs/persistence-0.1.4-ALPHA.jar!/com/tim/one/repository/UserTxRepository.class], URL [jar:file:/home/josdem/git/uber-timone/persistence/build/libs/persistence-0.1.4-ALPHA.jar!/com/tim/one/repository/IntegraUserRepository.class], URL [jar:file:/home/josdem/git/uber-timone/persistence/build/libs/persistence-0.1.4-ALPHA.jar!/com/tim/one/repository/SecurityRepository.class], URL [jar:file:/home/josdem/git/uber-timone/persistence/build/libs/persistence-0.1.4-ALPHA.jar!/com/tim/one/repository/TramaAccountRepository.class], URL [jar:file:/home/josdem/git/uber-timone/persistence/build/libs/persistence-0.1.4-ALPHA.jar!/com/tim/one/repository/ProjectVariableCostRepository.class], URL [jar:file:/home/josdem/git/uber-timone/persistence/build/libs/persistence-0.1.4-ALPHA.jar!/com/tim/one/repository/ProjectUnitSaleRepository.class], URL [jar:file:/home/josdem/git/uber-timone/persistence/build/libs/persistence-0.1.4-ALPHA.jar!/com/tim/one/repository/ProjectTxRepository.class], URL [jar:file:/home/josdem/git/uber-timone/persistence/build/libs/persistence-0.1.4-ALPHA.jar!/com/tim/one/repository/IntegraUserTxRepository.class], URL [jar:file:/home/josdem/git/uber-timone/persistence/build/libs/persistence-0.1.4-ALPHA.jar!/com/tim/one/repository/ProjectProviderRepository.class], URL [jar:file:/home/josdem/git/uber-timone/persistence/build/libs/persistence-0.1.4-ALPHA.jar!/com/tim/one/repository/ProjectRepository.class], URL [jar:file:/home/josdem/git/uber-timone/persistence/build/libs/persistence-0.1.4-ALPHA.jar!/com/tim/one/repository/TramaTxRepository.class], URL [jar:file:/home/josdem/git/uber-timone/persistence/build/libs/persistence-0.1.4-ALPHA.jar!/com/tim/one/repository/TransferUserLimitRepository.class], URL [jar:file:/home/josdem/git/uber-timone/persistence/build/libs/persistence-0.1.4-ALPHA.jar!/com/tim/one/repository/StpLogTxRepository.class], URL [jar:file:/home/josdem/git/uber-timone/persistence/build/libs/persistence-0.1.4-ALPHA.jar!/com/tim/one/repository/UserRepository.class], URL [jar:file:/home/josdem/git/uber-timone/persistence/build/libs/persistence-0.1.4-ALPHA.jar!/com/tim/one/repository/ProjectCategoryRepository.class]]
19152 [Test worker] DEBUG org.springframework.data.repository.config.RepositoryBeanDefinitionParser  - Registering repository: projectCategoryRepository - Interface: com.tim.one.repository.ProjectCategoryRepository - Factory: org.springframework.data.jpa.repository.support.JpaRepositoryFactoryBean
19153 [Test worker] DEBUG org.springframework.core.env.StandardEnvironment  - Adding [systemProperties] PropertySource with lowest search precedence
19153 [Test worker] DEBUG org.springframework.core.env.StandardEnvironment  - Adding [systemEnvironment] PropertySource with lowest search precedence
19153 [Test worker] DEBUG org.springframework.core.env.StandardEnvironment  - Initialized StandardEnvironment with PropertySources [systemProperties,systemEnvironment]
19153 [Test worker] DEBUG org.springframework.core.io.support.PathMatchingResourcePatternResolver  - Looking for matching resources in jar file [file:/home/josdem/git/uber-timone/persistence/build/libs/persistence-0.1.4-ALPHA.jar]
19155 [Test worker] DEBUG org.springframework.core.io.support.PathMatchingResourcePatternResolver  - Resolved location pattern [classpath*:com/tim/one/repository/**/*.class] to resources [URL [jar:file:/home/josdem/git/uber-timone/persistence/build/libs/persistence-0.1.4-ALPHA.jar!/com/tim/one/repository/ProjectFinancialDataRepository.class], URL [jar:file:/home/josdem/git/uber-timone/persistence/build/libs/persistence-0.1.4-ALPHA.jar!/com/tim/one/repository/ProviderTxRepository.class], URL [jar:file:/home/josdem/git/uber-timone/persistence/build/libs/persistence-0.1.4-ALPHA.jar!/com/tim/one/repository/UserAccountRepository.class], URL [jar:file:/home/josdem/git/uber-timone/persistence/build/libs/persistence-0.1.4-ALPHA.jar!/com/tim/one/repository/UnitTxRepository.class], URL [jar:file:/home/josdem/git/uber-timone/persistence/build/libs/persistence-0.1.4-ALPHA.jar!/com/tim/one/repository/BulkUnitTxRepository.class], URL [jar:file:/home/josdem/git/uber-timone/persistence/build/libs/persistence-0.1.4-ALPHA.jar!/com/tim/one/repository/BankCodeRepository.class], URL [jar:file:/home/josdem/git/uber-timone/persistence/build/libs/persistence-0.1.4-ALPHA.jar!/com/tim/one/repository/StpStatusRepository.class], URL [jar:file:/home/josdem/git/uber-timone/persistence/build/libs/persistence-0.1.4-ALPHA.jar!/com/tim/one/repository/ProjectRateRepository.class], URL [jar:file:/home/josdem/git/uber-timone/persistence/build/libs/persistence-0.1.4-ALPHA.jar!/com/tim/one/repository/UserTxRepository.class], URL [jar:file:/home/josdem/git/uber-timone/persistence/build/libs/persistence-0.1.4-ALPHA.jar!/com/tim/one/repository/IntegraUserRepository.class], URL [jar:file:/home/josdem/git/uber-timone/persistence/build/libs/persistence-0.1.4-ALPHA.jar!/com/tim/one/repository/SecurityRepository.class], URL [jar:file:/home/josdem/git/uber-timone/persistence/build/libs/persistence-0.1.4-ALPHA.jar!/com/tim/one/repository/TramaAccountRepository.class], URL [jar:file:/home/josdem/git/uber-timone/persistence/build/libs/persistence-0.1.4-ALPHA.jar!/com/tim/one/repository/ProjectVariableCostRepository.class], URL [jar:file:/home/josdem/git/uber-timone/persistence/build/libs/persistence-0.1.4-ALPHA.jar!/com/tim/one/repository/ProjectUnitSaleRepository.class], URL [jar:file:/home/josdem/git/uber-timone/persistence/build/libs/persistence-0.1.4-ALPHA.jar!/com/tim/one/repository/ProjectTxRepository.class], URL [jar:file:/home/josdem/git/uber-timone/persistence/build/libs/persistence-0.1.4-ALPHA.jar!/com/tim/one/repository/IntegraUserTxRepository.class], URL [jar:file:/home/josdem/git/uber-timone/persistence/build/libs/persistence-0.1.4-ALPHA.jar!/com/tim/one/repository/ProjectProviderRepository.class], URL [jar:file:/home/josdem/git/uber-timone/persistence/build/libs/persistence-0.1.4-ALPHA.jar!/com/tim/one/repository/ProjectRepository.class], URL [jar:file:/home/josdem/git/uber-timone/persistence/build/libs/persistence-0.1.4-ALPHA.jar!/com/tim/one/repository/TramaTxRepository.class], URL [jar:file:/home/josdem/git/uber-timone/persistence/build/libs/persistence-0.1.4-ALPHA.jar!/com/tim/one/repository/TransferUserLimitRepository.class], URL [jar:file:/home/josdem/git/uber-timone/persistence/build/libs/persistence-0.1.4-ALPHA.jar!/com/tim/one/repository/StpLogTxRepository.class], URL [jar:file:/home/josdem/git/uber-timone/persistence/build/libs/persistence-0.1.4-ALPHA.jar!/com/tim/one/repository/UserRepository.class], URL [jar:file:/home/josdem/git/uber-timone/persistence/build/libs/persistence-0.1.4-ALPHA.jar!/com/tim/one/repository/ProjectCategoryRepository.class]]
19160 [Test worker] DEBUG org.springframework.data.repository.config.RepositoryBeanDefinitionParser  - Registering repository: projectUnitSaleRepository - Interface: com.tim.one.repository.ProjectUnitSaleRepository - Factory: org.springframework.data.jpa.repository.support.JpaRepositoryFactoryBean
19161 [Test worker] DEBUG org.springframework.core.env.StandardEnvironment  - Adding [systemProperties] PropertySource with lowest search precedence
19161 [Test worker] DEBUG org.springframework.core.env.StandardEnvironment  - Adding [systemEnvironment] PropertySource with lowest search precedence
19161 [Test worker] DEBUG org.springframework.core.env.StandardEnvironment  - Initialized StandardEnvironment with PropertySources [systemProperties,systemEnvironment]
19161 [Test worker] DEBUG org.springframework.core.io.support.PathMatchingResourcePatternResolver  - Looking for matching resources in jar file [file:/home/josdem/git/uber-timone/persistence/build/libs/persistence-0.1.4-ALPHA.jar]
19163 [Test worker] DEBUG org.springframework.core.io.support.PathMatchingResourcePatternResolver  - Resolved location pattern [classpath*:com/tim/one/repository/**/*.class] to resources [URL [jar:file:/home/josdem/git/uber-timone/persistence/build/libs/persistence-0.1.4-ALPHA.jar!/com/tim/one/repository/ProjectFinancialDataRepository.class], URL [jar:file:/home/josdem/git/uber-timone/persistence/build/libs/persistence-0.1.4-ALPHA.jar!/com/tim/one/repository/ProviderTxRepository.class], URL [jar:file:/home/josdem/git/uber-timone/persistence/build/libs/persistence-0.1.4-ALPHA.jar!/com/tim/one/repository/UserAccountRepository.class], URL [jar:file:/home/josdem/git/uber-timone/persistence/build/libs/persistence-0.1.4-ALPHA.jar!/com/tim/one/repository/UnitTxRepository.class], URL [jar:file:/home/josdem/git/uber-timone/persistence/build/libs/persistence-0.1.4-ALPHA.jar!/com/tim/one/repository/BulkUnitTxRepository.class], URL [jar:file:/home/josdem/git/uber-timone/persistence/build/libs/persistence-0.1.4-ALPHA.jar!/com/tim/one/repository/BankCodeRepository.class], URL [jar:file:/home/josdem/git/uber-timone/persistence/build/libs/persistence-0.1.4-ALPHA.jar!/com/tim/one/repository/StpStatusRepository.class], URL [jar:file:/home/josdem/git/uber-timone/persistence/build/libs/persistence-0.1.4-ALPHA.jar!/com/tim/one/repository/ProjectRateRepository.class], URL [jar:file:/home/josdem/git/uber-timone/persistence/build/libs/persistence-0.1.4-ALPHA.jar!/com/tim/one/repository/UserTxRepository.class], URL [jar:file:/home/josdem/git/uber-timone/persistence/build/libs/persistence-0.1.4-ALPHA.jar!/com/tim/one/repository/IntegraUserRepository.class], URL [jar:file:/home/josdem/git/uber-timone/persistence/build/libs/persistence-0.1.4-ALPHA.jar!/com/tim/one/repository/SecurityRepository.class], URL [jar:file:/home/josdem/git/uber-timone/persistence/build/libs/persistence-0.1.4-ALPHA.jar!/com/tim/one/repository/TramaAccountRepository.class], URL [jar:file:/home/josdem/git/uber-timone/persistence/build/libs/persistence-0.1.4-ALPHA.jar!/com/tim/one/repository/ProjectVariableCostRepository.class], URL [jar:file:/home/josdem/git/uber-timone/persistence/build/libs/persistence-0.1.4-ALPHA.jar!/com/tim/one/repository/ProjectUnitSaleRepository.class], URL [jar:file:/home/josdem/git/uber-timone/persistence/build/libs/persistence-0.1.4-ALPHA.jar!/com/tim/one/repository/ProjectTxRepository.class], URL [jar:file:/home/josdem/git/uber-timone/persistence/build/libs/persistence-0.1.4-ALPHA.jar!/com/tim/one/repository/IntegraUserTxRepository.class], URL [jar:file:/home/josdem/git/uber-timone/persistence/build/libs/persistence-0.1.4-ALPHA.jar!/com/tim/one/repository/ProjectProviderRepository.class], URL [jar:file:/home/josdem/git/uber-timone/persistence/build/libs/persistence-0.1.4-ALPHA.jar!/com/tim/one/repository/ProjectRepository.class], URL [jar:file:/home/josdem/git/uber-timone/persistence/build/libs/persistence-0.1.4-ALPHA.jar!/com/tim/one/repository/TramaTxRepository.class], URL [jar:file:/home/josdem/git/uber-timone/persistence/build/libs/persistence-0.1.4-ALPHA.jar!/com/tim/one/repository/TransferUserLimitRepository.class], URL [jar:file:/home/josdem/git/uber-timone/persistence/build/libs/persistence-0.1.4-ALPHA.jar!/com/tim/one/repository/StpLogTxRepository.class], URL [jar:file:/home/josdem/git/uber-timone/persistence/build/libs/persistence-0.1.4-ALPHA.jar!/com/tim/one/repository/UserRepository.class], URL [jar:file:/home/josdem/git/uber-timone/persistence/build/libs/persistence-0.1.4-ALPHA.jar!/com/tim/one/repository/ProjectCategoryRepository.class]]
19167 [Test worker] DEBUG org.springframework.data.repository.config.RepositoryBeanDefinitionParser  - Registering repository: projectFinancialDataRepository - Interface: com.tim.one.repository.ProjectFinancialDataRepository - Factory: org.springframework.data.jpa.repository.support.JpaRepositoryFactoryBean
19168 [Test worker] DEBUG org.springframework.core.env.StandardEnvironment  - Adding [systemProperties] PropertySource with lowest search precedence
19168 [Test worker] DEBUG org.springframework.core.env.StandardEnvironment  - Adding [systemEnvironment] PropertySource with lowest search precedence
19168 [Test worker] DEBUG org.springframework.core.env.StandardEnvironment  - Initialized StandardEnvironment with PropertySources [systemProperties,systemEnvironment]
19169 [Test worker] DEBUG org.springframework.core.io.support.PathMatchingResourcePatternResolver  - Looking for matching resources in jar file [file:/home/josdem/git/uber-timone/persistence/build/libs/persistence-0.1.4-ALPHA.jar]
19170 [Test worker] DEBUG org.springframework.core.io.support.PathMatchingResourcePatternResolver  - Resolved location pattern [classpath*:com/tim/one/repository/**/*.class] to resources [URL [jar:file:/home/josdem/git/uber-timone/persistence/build/libs/persistence-0.1.4-ALPHA.jar!/com/tim/one/repository/ProjectFinancialDataRepository.class], URL [jar:file:/home/josdem/git/uber-timone/persistence/build/libs/persistence-0.1.4-ALPHA.jar!/com/tim/one/repository/ProviderTxRepository.class], URL [jar:file:/home/josdem/git/uber-timone/persistence/build/libs/persistence-0.1.4-ALPHA.jar!/com/tim/one/repository/UserAccountRepository.class], URL [jar:file:/home/josdem/git/uber-timone/persistence/build/libs/persistence-0.1.4-ALPHA.jar!/com/tim/one/repository/UnitTxRepository.class], URL [jar:file:/home/josdem/git/uber-timone/persistence/build/libs/persistence-0.1.4-ALPHA.jar!/com/tim/one/repository/BulkUnitTxRepository.class], URL [jar:file:/home/josdem/git/uber-timone/persistence/build/libs/persistence-0.1.4-ALPHA.jar!/com/tim/one/repository/BankCodeRepository.class], URL [jar:file:/home/josdem/git/uber-timone/persistence/build/libs/persistence-0.1.4-ALPHA.jar!/com/tim/one/repository/StpStatusRepository.class], URL [jar:file:/home/josdem/git/uber-timone/persistence/build/libs/persistence-0.1.4-ALPHA.jar!/com/tim/one/repository/ProjectRateRepository.class], URL [jar:file:/home/josdem/git/uber-timone/persistence/build/libs/persistence-0.1.4-ALPHA.jar!/com/tim/one/repository/UserTxRepository.class], URL [jar:file:/home/josdem/git/uber-timone/persistence/build/libs/persistence-0.1.4-ALPHA.jar!/com/tim/one/repository/IntegraUserRepository.class], URL [jar:file:/home/josdem/git/uber-timone/persistence/build/libs/persistence-0.1.4-ALPHA.jar!/com/tim/one/repository/SecurityRepository.class], URL [jar:file:/home/josdem/git/uber-timone/persistence/build/libs/persistence-0.1.4-ALPHA.jar!/com/tim/one/repository/TramaAccountRepository.class], URL [jar:file:/home/josdem/git/uber-timone/persistence/build/libs/persistence-0.1.4-ALPHA.jar!/com/tim/one/repository/ProjectVariableCostRepository.class], URL [jar:file:/home/josdem/git/uber-timone/persistence/build/libs/persistence-0.1.4-ALPHA.jar!/com/tim/one/repository/ProjectUnitSaleRepository.class], URL [jar:file:/home/josdem/git/uber-timone/persistence/build/libs/persistence-0.1.4-ALPHA.jar!/com/tim/one/repository/ProjectTxRepository.class], URL [jar:file:/home/josdem/git/uber-timone/persistence/build/libs/persistence-0.1.4-ALPHA.jar!/com/tim/one/repository/IntegraUserTxRepository.class], URL [jar:file:/home/josdem/git/uber-timone/persistence/build/libs/persistence-0.1.4-ALPHA.jar!/com/tim/one/repository/ProjectProviderRepository.class], URL [jar:file:/home/josdem/git/uber-timone/persistence/build/libs/persistence-0.1.4-ALPHA.jar!/com/tim/one/repository/ProjectRepository.class], URL [jar:file:/home/josdem/git/uber-timone/persistence/build/libs/persistence-0.1.4-ALPHA.jar!/com/tim/one/repository/TramaTxRepository.class], URL [jar:file:/home/josdem/git/uber-timone/persistence/build/libs/persistence-0.1.4-ALPHA.jar!/com/tim/one/repository/TransferUserLimitRepository.class], URL [jar:file:/home/josdem/git/uber-timone/persistence/build/libs/persistence-0.1.4-ALPHA.jar!/com/tim/one/repository/StpLogTxRepository.class], URL [jar:file:/home/josdem/git/uber-timone/persistence/build/libs/persistence-0.1.4-ALPHA.jar!/com/tim/one/repository/UserRepository.class], URL [jar:file:/home/josdem/git/uber-timone/persistence/build/libs/persistence-0.1.4-ALPHA.jar!/com/tim/one/repository/ProjectCategoryRepository.class]]
19175 [Test worker] DEBUG org.springframework.data.repository.config.RepositoryBeanDefinitionParser  - Registering repository: unitTxRepository - Interface: com.tim.one.repository.UnitTxRepository - Factory: org.springframework.data.jpa.repository.support.JpaRepositoryFactoryBean
19176 [Test worker] DEBUG org.springframework.core.env.StandardEnvironment  - Adding [systemProperties] PropertySource with lowest search precedence
19176 [Test worker] DEBUG org.springframework.core.env.StandardEnvironment  - Adding [systemEnvironment] PropertySource with lowest search precedence
19176 [Test worker] DEBUG org.springframework.core.env.StandardEnvironment  - Initialized StandardEnvironment with PropertySources [systemProperties,systemEnvironment]
19177 [Test worker] DEBUG org.springframework.core.io.support.PathMatchingResourcePatternResolver  - Looking for matching resources in jar file [file:/home/josdem/git/uber-timone/persistence/build/libs/persistence-0.1.4-ALPHA.jar]
19178 [Test worker] DEBUG org.springframework.core.io.support.PathMatchingResourcePatternResolver  - Resolved location pattern [classpath*:com/tim/one/repository/**/*.class] to resources [URL [jar:file:/home/josdem/git/uber-timone/persistence/build/libs/persistence-0.1.4-ALPHA.jar!/com/tim/one/repository/ProjectFinancialDataRepository.class], URL [jar:file:/home/josdem/git/uber-timone/persistence/build/libs/persistence-0.1.4-ALPHA.jar!/com/tim/one/repository/ProviderTxRepository.class], URL [jar:file:/home/josdem/git/uber-timone/persistence/build/libs/persistence-0.1.4-ALPHA.jar!/com/tim/one/repository/UserAccountRepository.class], URL [jar:file:/home/josdem/git/uber-timone/persistence/build/libs/persistence-0.1.4-ALPHA.jar!/com/tim/one/repository/UnitTxRepository.class], URL [jar:file:/home/josdem/git/uber-timone/persistence/build/libs/persistence-0.1.4-ALPHA.jar!/com/tim/one/repository/BulkUnitTxRepository.class], URL [jar:file:/home/josdem/git/uber-timone/persistence/build/libs/persistence-0.1.4-ALPHA.jar!/com/tim/one/repository/BankCodeRepository.class], URL [jar:file:/home/josdem/git/uber-timone/persistence/build/libs/persistence-0.1.4-ALPHA.jar!/com/tim/one/repository/StpStatusRepository.class], URL [jar:file:/home/josdem/git/uber-timone/persistence/build/libs/persistence-0.1.4-ALPHA.jar!/com/tim/one/repository/ProjectRateRepository.class], URL [jar:file:/home/josdem/git/uber-timone/persistence/build/libs/persistence-0.1.4-ALPHA.jar!/com/tim/one/repository/UserTxRepository.class], URL [jar:file:/home/josdem/git/uber-timone/persistence/build/libs/persistence-0.1.4-ALPHA.jar!/com/tim/one/repository/IntegraUserRepository.class], URL [jar:file:/home/josdem/git/uber-timone/persistence/build/libs/persistence-0.1.4-ALPHA.jar!/com/tim/one/repository/SecurityRepository.class], URL [jar:file:/home/josdem/git/uber-timone/persistence/build/libs/persistence-0.1.4-ALPHA.jar!/com/tim/one/repository/TramaAccountRepository.class], URL [jar:file:/home/josdem/git/uber-timone/persistence/build/libs/persistence-0.1.4-ALPHA.jar!/com/tim/one/repository/ProjectVariableCostRepository.class], URL [jar:file:/home/josdem/git/uber-timone/persistence/build/libs/persistence-0.1.4-ALPHA.jar!/com/tim/one/repository/ProjectUnitSaleRepository.class], URL [jar:file:/home/josdem/git/uber-timone/persistence/build/libs/persistence-0.1.4-ALPHA.jar!/com/tim/one/repository/ProjectTxRepository.class], URL [jar:file:/home/josdem/git/uber-timone/persistence/build/libs/persistence-0.1.4-ALPHA.jar!/com/tim/one/repository/IntegraUserTxRepository.class], URL [jar:file:/home/josdem/git/uber-timone/persistence/build/libs/persistence-0.1.4-ALPHA.jar!/com/tim/one/repository/ProjectProviderRepository.class], URL [jar:file:/home/josdem/git/uber-timone/persistence/build/libs/persistence-0.1.4-ALPHA.jar!/com/tim/one/repository/ProjectRepository.class], URL [jar:file:/home/josdem/git/uber-timone/persistence/build/libs/persistence-0.1.4-ALPHA.jar!/com/tim/one/repository/TramaTxRepository.class], URL [jar:file:/home/josdem/git/uber-timone/persistence/build/libs/persistence-0.1.4-ALPHA.jar!/com/tim/one/repository/TransferUserLimitRepository.class], URL [jar:file:/home/josdem/git/uber-timone/persistence/build/libs/persistence-0.1.4-ALPHA.jar!/com/tim/one/repository/StpLogTxRepository.class], URL [jar:file:/home/josdem/git/uber-timone/persistence/build/libs/persistence-0.1.4-ALPHA.jar!/com/tim/one/repository/UserRepository.class], URL [jar:file:/home/josdem/git/uber-timone/persistence/build/libs/persistence-0.1.4-ALPHA.jar!/com/tim/one/repository/ProjectCategoryRepository.class]]
19182 [Test worker] DEBUG org.springframework.data.repository.config.RepositoryBeanDefinitionParser  - Registering repository: bulkUnitTxRepository - Interface: com.tim.one.repository.BulkUnitTxRepository - Factory: org.springframework.data.jpa.repository.support.JpaRepositoryFactoryBean
19183 [Test worker] DEBUG org.springframework.core.env.StandardEnvironment  - Adding [systemProperties] PropertySource with lowest search precedence
19183 [Test worker] DEBUG org.springframework.core.env.StandardEnvironment  - Adding [systemEnvironment] PropertySource with lowest search precedence
19183 [Test worker] DEBUG org.springframework.core.env.StandardEnvironment  - Initialized StandardEnvironment with PropertySources [systemProperties,systemEnvironment]
19184 [Test worker] DEBUG org.springframework.core.io.support.PathMatchingResourcePatternResolver  - Looking for matching resources in jar file [file:/home/josdem/git/uber-timone/persistence/build/libs/persistence-0.1.4-ALPHA.jar]
19185 [Test worker] DEBUG org.springframework.core.io.support.PathMatchingResourcePatternResolver  - Resolved location pattern [classpath*:com/tim/one/repository/**/*.class] to resources [URL [jar:file:/home/josdem/git/uber-timone/persistence/build/libs/persistence-0.1.4-ALPHA.jar!/com/tim/one/repository/ProjectFinancialDataRepository.class], URL [jar:file:/home/josdem/git/uber-timone/persistence/build/libs/persistence-0.1.4-ALPHA.jar!/com/tim/one/repository/ProviderTxRepository.class], URL [jar:file:/home/josdem/git/uber-timone/persistence/build/libs/persistence-0.1.4-ALPHA.jar!/com/tim/one/repository/UserAccountRepository.class], URL [jar:file:/home/josdem/git/uber-timone/persistence/build/libs/persistence-0.1.4-ALPHA.jar!/com/tim/one/repository/UnitTxRepository.class], URL [jar:file:/home/josdem/git/uber-timone/persistence/build/libs/persistence-0.1.4-ALPHA.jar!/com/tim/one/repository/BulkUnitTxRepository.class], URL [jar:file:/home/josdem/git/uber-timone/persistence/build/libs/persistence-0.1.4-ALPHA.jar!/com/tim/one/repository/BankCodeRepository.class], URL [jar:file:/home/josdem/git/uber-timone/persistence/build/libs/persistence-0.1.4-ALPHA.jar!/com/tim/one/repository/StpStatusRepository.class], URL [jar:file:/home/josdem/git/uber-timone/persistence/build/libs/persistence-0.1.4-ALPHA.jar!/com/tim/one/repository/ProjectRateRepository.class], URL [jar:file:/home/josdem/git/uber-timone/persistence/build/libs/persistence-0.1.4-ALPHA.jar!/com/tim/one/repository/UserTxRepository.class], URL [jar:file:/home/josdem/git/uber-timone/persistence/build/libs/persistence-0.1.4-ALPHA.jar!/com/tim/one/repository/IntegraUserRepository.class], URL [jar:file:/home/josdem/git/uber-timone/persistence/build/libs/persistence-0.1.4-ALPHA.jar!/com/tim/one/repository/SecurityRepository.class], URL [jar:file:/home/josdem/git/uber-timone/persistence/build/libs/persistence-0.1.4-ALPHA.jar!/com/tim/one/repository/TramaAccountRepository.class], URL [jar:file:/home/josdem/git/uber-timone/persistence/build/libs/persistence-0.1.4-ALPHA.jar!/com/tim/one/repository/ProjectVariableCostRepository.class], URL [jar:file:/home/josdem/git/uber-timone/persistence/build/libs/persistence-0.1.4-ALPHA.jar!/com/tim/one/repository/ProjectUnitSaleRepository.class], URL [jar:file:/home/josdem/git/uber-timone/persistence/build/libs/persistence-0.1.4-ALPHA.jar!/com/tim/one/repository/ProjectTxRepository.class], URL [jar:file:/home/josdem/git/uber-timone/persistence/build/libs/persistence-0.1.4-ALPHA.jar!/com/tim/one/repository/IntegraUserTxRepository.class], URL [jar:file:/home/josdem/git/uber-timone/persistence/build/libs/persistence-0.1.4-ALPHA.jar!/com/tim/one/repository/ProjectProviderRepository.class], URL [jar:file:/home/josdem/git/uber-timone/persistence/build/libs/persistence-0.1.4-ALPHA.jar!/com/tim/one/repository/ProjectRepository.class], URL [jar:file:/home/josdem/git/uber-timone/persistence/build/libs/persistence-0.1.4-ALPHA.jar!/com/tim/one/repository/TramaTxRepository.class], URL [jar:file:/home/josdem/git/uber-timone/persistence/build/libs/persistence-0.1.4-ALPHA.jar!/com/tim/one/repository/TransferUserLimitRepository.class], URL [jar:file:/home/josdem/git/uber-timone/persistence/build/libs/persistence-0.1.4-ALPHA.jar!/com/tim/one/repository/StpLogTxRepository.class], URL [jar:file:/home/josdem/git/uber-timone/persistence/build/libs/persistence-0.1.4-ALPHA.jar!/com/tim/one/repository/UserRepository.class], URL [jar:file:/home/josdem/git/uber-timone/persistence/build/libs/persistence-0.1.4-ALPHA.jar!/com/tim/one/repository/ProjectCategoryRepository.class]]
19188 [Test worker] DEBUG org.springframework.data.repository.config.RepositoryBeanDefinitionParser  - Registering repository: stpStatusRepository - Interface: com.tim.one.repository.StpStatusRepository - Factory: org.springframework.data.jpa.repository.support.JpaRepositoryFactoryBean
19188 [Test worker] DEBUG org.springframework.core.env.StandardEnvironment  - Adding [systemProperties] PropertySource with lowest search precedence
19189 [Test worker] DEBUG org.springframework.core.env.StandardEnvironment  - Adding [systemEnvironment] PropertySource with lowest search precedence
19189 [Test worker] DEBUG org.springframework.core.env.StandardEnvironment  - Initialized StandardEnvironment with PropertySources [systemProperties,systemEnvironment]
19189 [Test worker] DEBUG org.springframework.core.io.support.PathMatchingResourcePatternResolver  - Looking for matching resources in jar file [file:/home/josdem/git/uber-timone/persistence/build/libs/persistence-0.1.4-ALPHA.jar]
19190 [Test worker] DEBUG org.springframework.core.io.support.PathMatchingResourcePatternResolver  - Resolved location pattern [classpath*:com/tim/one/repository/**/*.class] to resources [URL [jar:file:/home/josdem/git/uber-timone/persistence/build/libs/persistence-0.1.4-ALPHA.jar!/com/tim/one/repository/ProjectFinancialDataRepository.class], URL [jar:file:/home/josdem/git/uber-timone/persistence/build/libs/persistence-0.1.4-ALPHA.jar!/com/tim/one/repository/ProviderTxRepository.class], URL [jar:file:/home/josdem/git/uber-timone/persistence/build/libs/persistence-0.1.4-ALPHA.jar!/com/tim/one/repository/UserAccountRepository.class], URL [jar:file:/home/josdem/git/uber-timone/persistence/build/libs/persistence-0.1.4-ALPHA.jar!/com/tim/one/repository/UnitTxRepository.class], URL [jar:file:/home/josdem/git/uber-timone/persistence/build/libs/persistence-0.1.4-ALPHA.jar!/com/tim/one/repository/BulkUnitTxRepository.class], URL [jar:file:/home/josdem/git/uber-timone/persistence/build/libs/persistence-0.1.4-ALPHA.jar!/com/tim/one/repository/BankCodeRepository.class], URL [jar:file:/home/josdem/git/uber-timone/persistence/build/libs/persistence-0.1.4-ALPHA.jar!/com/tim/one/repository/StpStatusRepository.class], URL [jar:file:/home/josdem/git/uber-timone/persistence/build/libs/persistence-0.1.4-ALPHA.jar!/com/tim/one/repository/ProjectRateRepository.class], URL [jar:file:/home/josdem/git/uber-timone/persistence/build/libs/persistence-0.1.4-ALPHA.jar!/com/tim/one/repository/UserTxRepository.class], URL [jar:file:/home/josdem/git/uber-timone/persistence/build/libs/persistence-0.1.4-ALPHA.jar!/com/tim/one/repository/IntegraUserRepository.class], URL [jar:file:/home/josdem/git/uber-timone/persistence/build/libs/persistence-0.1.4-ALPHA.jar!/com/tim/one/repository/SecurityRepository.class], URL [jar:file:/home/josdem/git/uber-timone/persistence/build/libs/persistence-0.1.4-ALPHA.jar!/com/tim/one/repository/TramaAccountRepository.class], URL [jar:file:/home/josdem/git/uber-timone/persistence/build/libs/persistence-0.1.4-ALPHA.jar!/com/tim/one/repository/ProjectVariableCostRepository.class], URL [jar:file:/home/josdem/git/uber-timone/persistence/build/libs/persistence-0.1.4-ALPHA.jar!/com/tim/one/repository/ProjectUnitSaleRepository.class], URL [jar:file:/home/josdem/git/uber-timone/persistence/build/libs/persistence-0.1.4-ALPHA.jar!/com/tim/one/repository/ProjectTxRepository.class], URL [jar:file:/home/josdem/git/uber-timone/persistence/build/libs/persistence-0.1.4-ALPHA.jar!/com/tim/one/repository/IntegraUserTxRepository.class], URL [jar:file:/home/josdem/git/uber-timone/persistence/build/libs/persistence-0.1.4-ALPHA.jar!/com/tim/one/repository/ProjectProviderRepository.class], URL [jar:file:/home/josdem/git/uber-timone/persistence/build/libs/persistence-0.1.4-ALPHA.jar!/com/tim/one/repository/ProjectRepository.class], URL [jar:file:/home/josdem/git/uber-timone/persistence/build/libs/persistence-0.1.4-ALPHA.jar!/com/tim/one/repository/TramaTxRepository.class], URL [jar:file:/home/josdem/git/uber-timone/persistence/build/libs/persistence-0.1.4-ALPHA.jar!/com/tim/one/repository/TransferUserLimitRepository.class], URL [jar:file:/home/josdem/git/uber-timone/persistence/build/libs/persistence-0.1.4-ALPHA.jar!/com/tim/one/repository/StpLogTxRepository.class], URL [jar:file:/home/josdem/git/uber-timone/persistence/build/libs/persistence-0.1.4-ALPHA.jar!/com/tim/one/repository/UserRepository.class], URL [jar:file:/home/josdem/git/uber-timone/persistence/build/libs/persistence-0.1.4-ALPHA.jar!/com/tim/one/repository/ProjectCategoryRepository.class]]
19193 [Test worker] DEBUG org.springframework.data.repository.config.RepositoryBeanDefinitionParser  - Registering repository: transferUserLimitRepository - Interface: com.tim.one.repository.TransferUserLimitRepository - Factory: org.springframework.data.jpa.repository.support.JpaRepositoryFactoryBean
19194 [Test worker] DEBUG org.springframework.core.env.StandardEnvironment  - Adding [systemProperties] PropertySource with lowest search precedence
19194 [Test worker] DEBUG org.springframework.core.env.StandardEnvironment  - Adding [systemEnvironment] PropertySource with lowest search precedence
19194 [Test worker] DEBUG org.springframework.core.env.StandardEnvironment  - Initialized StandardEnvironment with PropertySources [systemProperties,systemEnvironment]
19194 [Test worker] DEBUG org.springframework.core.io.support.PathMatchingResourcePatternResolver  - Looking for matching resources in jar file [file:/home/josdem/git/uber-timone/persistence/build/libs/persistence-0.1.4-ALPHA.jar]
19196 [Test worker] DEBUG org.springframework.core.io.support.PathMatchingResourcePatternResolver  - Resolved location pattern [classpath*:com/tim/one/repository/**/*.class] to resources [URL [jar:file:/home/josdem/git/uber-timone/persistence/build/libs/persistence-0.1.4-ALPHA.jar!/com/tim/one/repository/ProjectFinancialDataRepository.class], URL [jar:file:/home/josdem/git/uber-timone/persistence/build/libs/persistence-0.1.4-ALPHA.jar!/com/tim/one/repository/ProviderTxRepository.class], URL [jar:file:/home/josdem/git/uber-timone/persistence/build/libs/persistence-0.1.4-ALPHA.jar!/com/tim/one/repository/UserAccountRepository.class], URL [jar:file:/home/josdem/git/uber-timone/persistence/build/libs/persistence-0.1.4-ALPHA.jar!/com/tim/one/repository/UnitTxRepository.class], URL [jar:file:/home/josdem/git/uber-timone/persistence/build/libs/persistence-0.1.4-ALPHA.jar!/com/tim/one/repository/BulkUnitTxRepository.class], URL [jar:file:/home/josdem/git/uber-timone/persistence/build/libs/persistence-0.1.4-ALPHA.jar!/com/tim/one/repository/BankCodeRepository.class], URL [jar:file:/home/josdem/git/uber-timone/persistence/build/libs/persistence-0.1.4-ALPHA.jar!/com/tim/one/repository/StpStatusRepository.class], URL [jar:file:/home/josdem/git/uber-timone/persistence/build/libs/persistence-0.1.4-ALPHA.jar!/com/tim/one/repository/ProjectRateRepository.class], URL [jar:file:/home/josdem/git/uber-timone/persistence/build/libs/persistence-0.1.4-ALPHA.jar!/com/tim/one/repository/UserTxRepository.class], URL [jar:file:/home/josdem/git/uber-timone/persistence/build/libs/persistence-0.1.4-ALPHA.jar!/com/tim/one/repository/IntegraUserRepository.class], URL [jar:file:/home/josdem/git/uber-timone/persistence/build/libs/persistence-0.1.4-ALPHA.jar!/com/tim/one/repository/SecurityRepository.class], URL [jar:file:/home/josdem/git/uber-timone/persistence/build/libs/persistence-0.1.4-ALPHA.jar!/com/tim/one/repository/TramaAccountRepository.class], URL [jar:file:/home/josdem/git/uber-timone/persistence/build/libs/persistence-0.1.4-ALPHA.jar!/com/tim/one/repository/ProjectVariableCostRepository.class], URL [jar:file:/home/josdem/git/uber-timone/persistence/build/libs/persistence-0.1.4-ALPHA.jar!/com/tim/one/repository/ProjectUnitSaleRepository.class], URL [jar:file:/home/josdem/git/uber-timone/persistence/build/libs/persistence-0.1.4-ALPHA.jar!/com/tim/one/repository/ProjectTxRepository.class], URL [jar:file:/home/josdem/git/uber-timone/persistence/build/libs/persistence-0.1.4-ALPHA.jar!/com/tim/one/repository/IntegraUserTxRepository.class], URL [jar:file:/home/josdem/git/uber-timone/persistence/build/libs/persistence-0.1.4-ALPHA.jar!/com/tim/one/repository/ProjectProviderRepository.class], URL [jar:file:/home/josdem/git/uber-timone/persistence/build/libs/persistence-0.1.4-ALPHA.jar!/com/tim/one/repository/ProjectRepository.class], URL [jar:file:/home/josdem/git/uber-timone/persistence/build/libs/persistence-0.1.4-ALPHA.jar!/com/tim/one/repository/TramaTxRepository.class], URL [jar:file:/home/josdem/git/uber-timone/persistence/build/libs/persistence-0.1.4-ALPHA.jar!/com/tim/one/repository/TransferUserLimitRepository.class], URL [jar:file:/home/josdem/git/uber-timone/persistence/build/libs/persistence-0.1.4-ALPHA.jar!/com/tim/one/repository/StpLogTxRepository.class], URL [jar:file:/home/josdem/git/uber-timone/persistence/build/libs/persistence-0.1.4-ALPHA.jar!/com/tim/one/repository/UserRepository.class], URL [jar:file:/home/josdem/git/uber-timone/persistence/build/libs/persistence-0.1.4-ALPHA.jar!/com/tim/one/repository/ProjectCategoryRepository.class]]
19200 [Test worker] DEBUG org.springframework.data.repository.config.RepositoryBeanDefinitionParser  - Registering repository: stpLogTxRepository - Interface: com.tim.one.repository.StpLogTxRepository - Factory: org.springframework.data.jpa.repository.support.JpaRepositoryFactoryBean
19200 [Test worker] DEBUG org.springframework.core.env.StandardEnvironment  - Adding [systemProperties] PropertySource with lowest search precedence
19200 [Test worker] DEBUG org.springframework.core.env.StandardEnvironment  - Adding [systemEnvironment] PropertySource with lowest search precedence
19200 [Test worker] DEBUG org.springframework.core.env.StandardEnvironment  - Initialized StandardEnvironment with PropertySources [systemProperties,systemEnvironment]
19201 [Test worker] DEBUG org.springframework.core.io.support.PathMatchingResourcePatternResolver  - Looking for matching resources in jar file [file:/home/josdem/git/uber-timone/persistence/build/libs/persistence-0.1.4-ALPHA.jar]
19201 [Test worker] DEBUG org.springframework.core.io.support.PathMatchingResourcePatternResolver  - Resolved location pattern [classpath*:com/tim/one/repository/**/*.class] to resources [URL [jar:file:/home/josdem/git/uber-timone/persistence/build/libs/persistence-0.1.4-ALPHA.jar!/com/tim/one/repository/ProjectFinancialDataRepository.class], URL [jar:file:/home/josdem/git/uber-timone/persistence/build/libs/persistence-0.1.4-ALPHA.jar!/com/tim/one/repository/ProviderTxRepository.class], URL [jar:file:/home/josdem/git/uber-timone/persistence/build/libs/persistence-0.1.4-ALPHA.jar!/com/tim/one/repository/UserAccountRepository.class], URL [jar:file:/home/josdem/git/uber-timone/persistence/build/libs/persistence-0.1.4-ALPHA.jar!/com/tim/one/repository/UnitTxRepository.class], URL [jar:file:/home/josdem/git/uber-timone/persistence/build/libs/persistence-0.1.4-ALPHA.jar!/com/tim/one/repository/BulkUnitTxRepository.class], URL [jar:file:/home/josdem/git/uber-timone/persistence/build/libs/persistence-0.1.4-ALPHA.jar!/com/tim/one/repository/BankCodeRepository.class], URL [jar:file:/home/josdem/git/uber-timone/persistence/build/libs/persistence-0.1.4-ALPHA.jar!/com/tim/one/repository/StpStatusRepository.class], URL [jar:file:/home/josdem/git/uber-timone/persistence/build/libs/persistence-0.1.4-ALPHA.jar!/com/tim/one/repository/ProjectRateRepository.class], URL [jar:file:/home/josdem/git/uber-timone/persistence/build/libs/persistence-0.1.4-ALPHA.jar!/com/tim/one/repository/UserTxRepository.class], URL [jar:file:/home/josdem/git/uber-timone/persistence/build/libs/persistence-0.1.4-ALPHA.jar!/com/tim/one/repository/IntegraUserRepository.class], URL [jar:file:/home/josdem/git/uber-timone/persistence/build/libs/persistence-0.1.4-ALPHA.jar!/com/tim/one/repository/SecurityRepository.class], URL [jar:file:/home/josdem/git/uber-timone/persistence/build/libs/persistence-0.1.4-ALPHA.jar!/com/tim/one/repository/TramaAccountRepository.class], URL [jar:file:/home/josdem/git/uber-timone/persistence/build/libs/persistence-0.1.4-ALPHA.jar!/com/tim/one/repository/ProjectVariableCostRepository.class], URL [jar:file:/home/josdem/git/uber-timone/persistence/build/libs/persistence-0.1.4-ALPHA.jar!/com/tim/one/repository/ProjectUnitSaleRepository.class], URL [jar:file:/home/josdem/git/uber-timone/persistence/build/libs/persistence-0.1.4-ALPHA.jar!/com/tim/one/repository/ProjectTxRepository.class], URL [jar:file:/home/josdem/git/uber-timone/persistence/build/libs/persistence-0.1.4-ALPHA.jar!/com/tim/one/repository/IntegraUserTxRepository.class], URL [jar:file:/home/josdem/git/uber-timone/persistence/build/libs/persistence-0.1.4-ALPHA.jar!/com/tim/one/repository/ProjectProviderRepository.class], URL [jar:file:/home/josdem/git/uber-timone/persistence/build/libs/persistence-0.1.4-ALPHA.jar!/com/tim/one/repository/ProjectRepository.class], URL [jar:file:/home/josdem/git/uber-timone/persistence/build/libs/persistence-0.1.4-ALPHA.jar!/com/tim/one/repository/TramaTxRepository.class], URL [jar:file:/home/josdem/git/uber-timone/persistence/build/libs/persistence-0.1.4-ALPHA.jar!/com/tim/one/repository/TransferUserLimitRepository.class], URL [jar:file:/home/josdem/git/uber-timone/persistence/build/libs/persistence-0.1.4-ALPHA.jar!/com/tim/one/repository/StpLogTxRepository.class], URL [jar:file:/home/josdem/git/uber-timone/persistence/build/libs/persistence-0.1.4-ALPHA.jar!/com/tim/one/repository/UserRepository.class], URL [jar:file:/home/josdem/git/uber-timone/persistence/build/libs/persistence-0.1.4-ALPHA.jar!/com/tim/one/repository/ProjectCategoryRepository.class]]
19204 [Test worker] DEBUG org.springframework.data.repository.config.RepositoryBeanDefinitionParser  - Registering repository: bankCodeRepository - Interface: com.tim.one.repository.BankCodeRepository - Factory: org.springframework.data.jpa.repository.support.JpaRepositoryFactoryBean
19205 [Test worker] DEBUG org.springframework.core.env.StandardEnvironment  - Adding [systemProperties] PropertySource with lowest search precedence
19205 [Test worker] DEBUG org.springframework.core.env.StandardEnvironment  - Adding [systemEnvironment] PropertySource with lowest search precedence
19205 [Test worker] DEBUG org.springframework.core.env.StandardEnvironment  - Initialized StandardEnvironment with PropertySources [systemProperties,systemEnvironment]
19205 [Test worker] DEBUG org.springframework.core.io.support.PathMatchingResourcePatternResolver  - Looking for matching resources in jar file [file:/home/josdem/git/uber-timone/persistence/build/libs/persistence-0.1.4-ALPHA.jar]
19206 [Test worker] DEBUG org.springframework.core.io.support.PathMatchingResourcePatternResolver  - Resolved location pattern [classpath*:com/tim/one/repository/**/*.class] to resources [URL [jar:file:/home/josdem/git/uber-timone/persistence/build/libs/persistence-0.1.4-ALPHA.jar!/com/tim/one/repository/ProjectFinancialDataRepository.class], URL [jar:file:/home/josdem/git/uber-timone/persistence/build/libs/persistence-0.1.4-ALPHA.jar!/com/tim/one/repository/ProviderTxRepository.class], URL [jar:file:/home/josdem/git/uber-timone/persistence/build/libs/persistence-0.1.4-ALPHA.jar!/com/tim/one/repository/UserAccountRepository.class], URL [jar:file:/home/josdem/git/uber-timone/persistence/build/libs/persistence-0.1.4-ALPHA.jar!/com/tim/one/repository/UnitTxRepository.class], URL [jar:file:/home/josdem/git/uber-timone/persistence/build/libs/persistence-0.1.4-ALPHA.jar!/com/tim/one/repository/BulkUnitTxRepository.class], URL [jar:file:/home/josdem/git/uber-timone/persistence/build/libs/persistence-0.1.4-ALPHA.jar!/com/tim/one/repository/BankCodeRepository.class], URL [jar:file:/home/josdem/git/uber-timone/persistence/build/libs/persistence-0.1.4-ALPHA.jar!/com/tim/one/repository/StpStatusRepository.class], URL [jar:file:/home/josdem/git/uber-timone/persistence/build/libs/persistence-0.1.4-ALPHA.jar!/com/tim/one/repository/ProjectRateRepository.class], URL [jar:file:/home/josdem/git/uber-timone/persistence/build/libs/persistence-0.1.4-ALPHA.jar!/com/tim/one/repository/UserTxRepository.class], URL [jar:file:/home/josdem/git/uber-timone/persistence/build/libs/persistence-0.1.4-ALPHA.jar!/com/tim/one/repository/IntegraUserRepository.class], URL [jar:file:/home/josdem/git/uber-timone/persistence/build/libs/persistence-0.1.4-ALPHA.jar!/com/tim/one/repository/SecurityRepository.class], URL [jar:file:/home/josdem/git/uber-timone/persistence/build/libs/persistence-0.1.4-ALPHA.jar!/com/tim/one/repository/TramaAccountRepository.class], URL [jar:file:/home/josdem/git/uber-timone/persistence/build/libs/persistence-0.1.4-ALPHA.jar!/com/tim/one/repository/ProjectVariableCostRepository.class], URL [jar:file:/home/josdem/git/uber-timone/persistence/build/libs/persistence-0.1.4-ALPHA.jar!/com/tim/one/repository/ProjectUnitSaleRepository.class], URL [jar:file:/home/josdem/git/uber-timone/persistence/build/libs/persistence-0.1.4-ALPHA.jar!/com/tim/one/repository/ProjectTxRepository.class], URL [jar:file:/home/josdem/git/uber-timone/persistence/build/libs/persistence-0.1.4-ALPHA.jar!/com/tim/one/repository/IntegraUserTxRepository.class], URL [jar:file:/home/josdem/git/uber-timone/persistence/build/libs/persistence-0.1.4-ALPHA.jar!/com/tim/one/repository/ProjectProviderRepository.class], URL [jar:file:/home/josdem/git/uber-timone/persistence/build/libs/persistence-0.1.4-ALPHA.jar!/com/tim/one/repository/ProjectRepository.class], URL [jar:file:/home/josdem/git/uber-timone/persistence/build/libs/persistence-0.1.4-ALPHA.jar!/com/tim/one/repository/TramaTxRepository.class], URL [jar:file:/home/josdem/git/uber-timone/persistence/build/libs/persistence-0.1.4-ALPHA.jar!/com/tim/one/repository/TransferUserLimitRepository.class], URL [jar:file:/home/josdem/git/uber-timone/persistence/build/libs/persistence-0.1.4-ALPHA.jar!/com/tim/one/repository/StpLogTxRepository.class], URL [jar:file:/home/josdem/git/uber-timone/persistence/build/libs/persistence-0.1.4-ALPHA.jar!/com/tim/one/repository/UserRepository.class], URL [jar:file:/home/josdem/git/uber-timone/persistence/build/libs/persistence-0.1.4-ALPHA.jar!/com/tim/one/repository/ProjectCategoryRepository.class]]
19209 [Test worker] DEBUG org.springframework.data.repository.config.RepositoryBeanDefinitionParser  - Registering repository: projectTxRepository - Interface: com.tim.one.repository.ProjectTxRepository - Factory: org.springframework.data.jpa.repository.support.JpaRepositoryFactoryBean
19210 [Test worker] DEBUG org.springframework.core.env.StandardEnvironment  - Adding [systemProperties] PropertySource with lowest search precedence
19210 [Test worker] DEBUG org.springframework.core.env.StandardEnvironment  - Adding [systemEnvironment] PropertySource with lowest search precedence
19210 [Test worker] DEBUG org.springframework.core.env.StandardEnvironment  - Initialized StandardEnvironment with PropertySources [systemProperties,systemEnvironment]
19211 [Test worker] DEBUG org.springframework.core.io.support.PathMatchingResourcePatternResolver  - Looking for matching resources in jar file [file:/home/josdem/git/uber-timone/persistence/build/libs/persistence-0.1.4-ALPHA.jar]
19212 [Test worker] DEBUG org.springframework.core.io.support.PathMatchingResourcePatternResolver  - Resolved location pattern [classpath*:com/tim/one/repository/**/*.class] to resources [URL [jar:file:/home/josdem/git/uber-timone/persistence/build/libs/persistence-0.1.4-ALPHA.jar!/com/tim/one/repository/ProjectFinancialDataRepository.class], URL [jar:file:/home/josdem/git/uber-timone/persistence/build/libs/persistence-0.1.4-ALPHA.jar!/com/tim/one/repository/ProviderTxRepository.class], URL [jar:file:/home/josdem/git/uber-timone/persistence/build/libs/persistence-0.1.4-ALPHA.jar!/com/tim/one/repository/UserAccountRepository.class], URL [jar:file:/home/josdem/git/uber-timone/persistence/build/libs/persistence-0.1.4-ALPHA.jar!/com/tim/one/repository/UnitTxRepository.class], URL [jar:file:/home/josdem/git/uber-timone/persistence/build/libs/persistence-0.1.4-ALPHA.jar!/com/tim/one/repository/BulkUnitTxRepository.class], URL [jar:file:/home/josdem/git/uber-timone/persistence/build/libs/persistence-0.1.4-ALPHA.jar!/com/tim/one/repository/BankCodeRepository.class], URL [jar:file:/home/josdem/git/uber-timone/persistence/build/libs/persistence-0.1.4-ALPHA.jar!/com/tim/one/repository/StpStatusRepository.class], URL [jar:file:/home/josdem/git/uber-timone/persistence/build/libs/persistence-0.1.4-ALPHA.jar!/com/tim/one/repository/ProjectRateRepository.class], URL [jar:file:/home/josdem/git/uber-timone/persistence/build/libs/persistence-0.1.4-ALPHA.jar!/com/tim/one/repository/UserTxRepository.class], URL [jar:file:/home/josdem/git/uber-timone/persistence/build/libs/persistence-0.1.4-ALPHA.jar!/com/tim/one/repository/IntegraUserRepository.class], URL [jar:file:/home/josdem/git/uber-timone/persistence/build/libs/persistence-0.1.4-ALPHA.jar!/com/tim/one/repository/SecurityRepository.class], URL [jar:file:/home/josdem/git/uber-timone/persistence/build/libs/persistence-0.1.4-ALPHA.jar!/com/tim/one/repository/TramaAccountRepository.class], URL [jar:file:/home/josdem/git/uber-timone/persistence/build/libs/persistence-0.1.4-ALPHA.jar!/com/tim/one/repository/ProjectVariableCostRepository.class], URL [jar:file:/home/josdem/git/uber-timone/persistence/build/libs/persistence-0.1.4-ALPHA.jar!/com/tim/one/repository/ProjectUnitSaleRepository.class], URL [jar:file:/home/josdem/git/uber-timone/persistence/build/libs/persistence-0.1.4-ALPHA.jar!/com/tim/one/repository/ProjectTxRepository.class], URL [jar:file:/home/josdem/git/uber-timone/persistence/build/libs/persistence-0.1.4-ALPHA.jar!/com/tim/one/repository/IntegraUserTxRepository.class], URL [jar:file:/home/josdem/git/uber-timone/persistence/build/libs/persistence-0.1.4-ALPHA.jar!/com/tim/one/repository/ProjectProviderRepository.class], URL [jar:file:/home/josdem/git/uber-timone/persistence/build/libs/persistence-0.1.4-ALPHA.jar!/com/tim/one/repository/ProjectRepository.class], URL [jar:file:/home/josdem/git/uber-timone/persistence/build/libs/persistence-0.1.4-ALPHA.jar!/com/tim/one/repository/TramaTxRepository.class], URL [jar:file:/home/josdem/git/uber-timone/persistence/build/libs/persistence-0.1.4-ALPHA.jar!/com/tim/one/repository/TransferUserLimitRepository.class], URL [jar:file:/home/josdem/git/uber-timone/persistence/build/libs/persistence-0.1.4-ALPHA.jar!/com/tim/one/repository/StpLogTxRepository.class], URL [jar:file:/home/josdem/git/uber-timone/persistence/build/libs/persistence-0.1.4-ALPHA.jar!/com/tim/one/repository/UserRepository.class], URL [jar:file:/home/josdem/git/uber-timone/persistence/build/libs/persistence-0.1.4-ALPHA.jar!/com/tim/one/repository/ProjectCategoryRepository.class]]
19215 [Test worker] DEBUG org.springframework.data.repository.config.RepositoryBeanDefinitionParser  - Registering repository: projectProviderRepository - Interface: com.tim.one.repository.ProjectProviderRepository - Factory: org.springframework.data.jpa.repository.support.JpaRepositoryFactoryBean
19215 [Test worker] DEBUG org.springframework.core.env.StandardEnvironment  - Adding [systemProperties] PropertySource with lowest search precedence
19215 [Test worker] DEBUG org.springframework.core.env.StandardEnvironment  - Adding [systemEnvironment] PropertySource with lowest search precedence
19215 [Test worker] DEBUG org.springframework.core.env.StandardEnvironment  - Initialized StandardEnvironment with PropertySources [systemProperties,systemEnvironment]
19216 [Test worker] DEBUG org.springframework.core.io.support.PathMatchingResourcePatternResolver  - Looking for matching resources in jar file [file:/home/josdem/git/uber-timone/persistence/build/libs/persistence-0.1.4-ALPHA.jar]
19216 [Test worker] DEBUG org.springframework.core.io.support.PathMatchingResourcePatternResolver  - Resolved location pattern [classpath*:com/tim/one/repository/**/*.class] to resources [URL [jar:file:/home/josdem/git/uber-timone/persistence/build/libs/persistence-0.1.4-ALPHA.jar!/com/tim/one/repository/ProjectFinancialDataRepository.class], URL [jar:file:/home/josdem/git/uber-timone/persistence/build/libs/persistence-0.1.4-ALPHA.jar!/com/tim/one/repository/ProviderTxRepository.class], URL [jar:file:/home/josdem/git/uber-timone/persistence/build/libs/persistence-0.1.4-ALPHA.jar!/com/tim/one/repository/UserAccountRepository.class], URL [jar:file:/home/josdem/git/uber-timone/persistence/build/libs/persistence-0.1.4-ALPHA.jar!/com/tim/one/repository/UnitTxRepository.class], URL [jar:file:/home/josdem/git/uber-timone/persistence/build/libs/persistence-0.1.4-ALPHA.jar!/com/tim/one/repository/BulkUnitTxRepository.class], URL [jar:file:/home/josdem/git/uber-timone/persistence/build/libs/persistence-0.1.4-ALPHA.jar!/com/tim/one/repository/BankCodeRepository.class], URL [jar:file:/home/josdem/git/uber-timone/persistence/build/libs/persistence-0.1.4-ALPHA.jar!/com/tim/one/repository/StpStatusRepository.class], URL [jar:file:/home/josdem/git/uber-timone/persistence/build/libs/persistence-0.1.4-ALPHA.jar!/com/tim/one/repository/ProjectRateRepository.class], URL [jar:file:/home/josdem/git/uber-timone/persistence/build/libs/persistence-0.1.4-ALPHA.jar!/com/tim/one/repository/UserTxRepository.class], URL [jar:file:/home/josdem/git/uber-timone/persistence/build/libs/persistence-0.1.4-ALPHA.jar!/com/tim/one/repository/IntegraUserRepository.class], URL [jar:file:/home/josdem/git/uber-timone/persistence/build/libs/persistence-0.1.4-ALPHA.jar!/com/tim/one/repository/SecurityRepository.class], URL [jar:file:/home/josdem/git/uber-timone/persistence/build/libs/persistence-0.1.4-ALPHA.jar!/com/tim/one/repository/TramaAccountRepository.class], URL [jar:file:/home/josdem/git/uber-timone/persistence/build/libs/persistence-0.1.4-ALPHA.jar!/com/tim/one/repository/ProjectVariableCostRepository.class], URL [jar:file:/home/josdem/git/uber-timone/persistence/build/libs/persistence-0.1.4-ALPHA.jar!/com/tim/one/repository/ProjectUnitSaleRepository.class], URL [jar:file:/home/josdem/git/uber-timone/persistence/build/libs/persistence-0.1.4-ALPHA.jar!/com/tim/one/repository/ProjectTxRepository.class], URL [jar:file:/home/josdem/git/uber-timone/persistence/build/libs/persistence-0.1.4-ALPHA.jar!/com/tim/one/repository/IntegraUserTxRepository.class], URL [jar:file:/home/josdem/git/uber-timone/persistence/build/libs/persistence-0.1.4-ALPHA.jar!/com/tim/one/repository/ProjectProviderRepository.class], URL [jar:file:/home/josdem/git/uber-timone/persistence/build/libs/persistence-0.1.4-ALPHA.jar!/com/tim/one/repository/ProjectRepository.class], URL [jar:file:/home/josdem/git/uber-timone/persistence/build/libs/persistence-0.1.4-ALPHA.jar!/com/tim/one/repository/TramaTxRepository.class], URL [jar:file:/home/josdem/git/uber-timone/persistence/build/libs/persistence-0.1.4-ALPHA.jar!/com/tim/one/repository/TransferUserLimitRepository.class], URL [jar:file:/home/josdem/git/uber-timone/persistence/build/libs/persistence-0.1.4-ALPHA.jar!/com/tim/one/repository/StpLogTxRepository.class], URL [jar:file:/home/josdem/git/uber-timone/persistence/build/libs/persistence-0.1.4-ALPHA.jar!/com/tim/one/repository/UserRepository.class], URL [jar:file:/home/josdem/git/uber-timone/persistence/build/libs/persistence-0.1.4-ALPHA.jar!/com/tim/one/repository/ProjectCategoryRepository.class]]
19219 [Test worker] DEBUG org.springframework.data.repository.config.RepositoryBeanDefinitionParser  - Registering repository: userRepository - Interface: com.tim.one.repository.UserRepository - Factory: org.springframework.data.jpa.repository.support.JpaRepositoryFactoryBean
19219 [Test worker] DEBUG org.springframework.core.env.StandardEnvironment  - Adding [systemProperties] PropertySource with lowest search precedence
19219 [Test worker] DEBUG org.springframework.core.env.StandardEnvironment  - Adding [systemEnvironment] PropertySource with lowest search precedence
19220 [Test worker] DEBUG org.springframework.core.env.StandardEnvironment  - Initialized StandardEnvironment with PropertySources [systemProperties,systemEnvironment]
19220 [Test worker] DEBUG org.springframework.core.io.support.PathMatchingResourcePatternResolver  - Looking for matching resources in jar file [file:/home/josdem/git/uber-timone/persistence/build/libs/persistence-0.1.4-ALPHA.jar]
19221 [Test worker] DEBUG org.springframework.core.io.support.PathMatchingResourcePatternResolver  - Resolved location pattern [classpath*:com/tim/one/repository/**/*.class] to resources [URL [jar:file:/home/josdem/git/uber-timone/persistence/build/libs/persistence-0.1.4-ALPHA.jar!/com/tim/one/repository/ProjectFinancialDataRepository.class], URL [jar:file:/home/josdem/git/uber-timone/persistence/build/libs/persistence-0.1.4-ALPHA.jar!/com/tim/one/repository/ProviderTxRepository.class], URL [jar:file:/home/josdem/git/uber-timone/persistence/build/libs/persistence-0.1.4-ALPHA.jar!/com/tim/one/repository/UserAccountRepository.class], URL [jar:file:/home/josdem/git/uber-timone/persistence/build/libs/persistence-0.1.4-ALPHA.jar!/com/tim/one/repository/UnitTxRepository.class], URL [jar:file:/home/josdem/git/uber-timone/persistence/build/libs/persistence-0.1.4-ALPHA.jar!/com/tim/one/repository/BulkUnitTxRepository.class], URL [jar:file:/home/josdem/git/uber-timone/persistence/build/libs/persistence-0.1.4-ALPHA.jar!/com/tim/one/repository/BankCodeRepository.class], URL [jar:file:/home/josdem/git/uber-timone/persistence/build/libs/persistence-0.1.4-ALPHA.jar!/com/tim/one/repository/StpStatusRepository.class], URL [jar:file:/home/josdem/git/uber-timone/persistence/build/libs/persistence-0.1.4-ALPHA.jar!/com/tim/one/repository/ProjectRateRepository.class], URL [jar:file:/home/josdem/git/uber-timone/persistence/build/libs/persistence-0.1.4-ALPHA.jar!/com/tim/one/repository/UserTxRepository.class], URL [jar:file:/home/josdem/git/uber-timone/persistence/build/libs/persistence-0.1.4-ALPHA.jar!/com/tim/one/repository/IntegraUserRepository.class], URL [jar:file:/home/josdem/git/uber-timone/persistence/build/libs/persistence-0.1.4-ALPHA.jar!/com/tim/one/repository/SecurityRepository.class], URL [jar:file:/home/josdem/git/uber-timone/persistence/build/libs/persistence-0.1.4-ALPHA.jar!/com/tim/one/repository/TramaAccountRepository.class], URL [jar:file:/home/josdem/git/uber-timone/persistence/build/libs/persistence-0.1.4-ALPHA.jar!/com/tim/one/repository/ProjectVariableCostRepository.class], URL [jar:file:/home/josdem/git/uber-timone/persistence/build/libs/persistence-0.1.4-ALPHA.jar!/com/tim/one/repository/ProjectUnitSaleRepository.class], URL [jar:file:/home/josdem/git/uber-timone/persistence/build/libs/persistence-0.1.4-ALPHA.jar!/com/tim/one/repository/ProjectTxRepository.class], URL [jar:file:/home/josdem/git/uber-timone/persistence/build/libs/persistence-0.1.4-ALPHA.jar!/com/tim/one/repository/IntegraUserTxRepository.class], URL [jar:file:/home/josdem/git/uber-timone/persistence/build/libs/persistence-0.1.4-ALPHA.jar!/com/tim/one/repository/ProjectProviderRepository.class], URL [jar:file:/home/josdem/git/uber-timone/persistence/build/libs/persistence-0.1.4-ALPHA.jar!/com/tim/one/repository/ProjectRepository.class], URL [jar:file:/home/josdem/git/uber-timone/persistence/build/libs/persistence-0.1.4-ALPHA.jar!/com/tim/one/repository/TramaTxRepository.class], URL [jar:file:/home/josdem/git/uber-timone/persistence/build/libs/persistence-0.1.4-ALPHA.jar!/com/tim/one/repository/TransferUserLimitRepository.class], URL [jar:file:/home/josdem/git/uber-timone/persistence/build/libs/persistence-0.1.4-ALPHA.jar!/com/tim/one/repository/StpLogTxRepository.class], URL [jar:file:/home/josdem/git/uber-timone/persistence/build/libs/persistence-0.1.4-ALPHA.jar!/com/tim/one/repository/UserRepository.class], URL [jar:file:/home/josdem/git/uber-timone/persistence/build/libs/persistence-0.1.4-ALPHA.jar!/com/tim/one/repository/ProjectCategoryRepository.class]]
19225 [Test worker] DEBUG org.springframework.data.repository.config.RepositoryBeanDefinitionParser  - Registering repository: userTxRepository - Interface: com.tim.one.repository.UserTxRepository - Factory: org.springframework.data.jpa.repository.support.JpaRepositoryFactoryBean
19226 [Test worker] DEBUG org.springframework.core.env.StandardEnvironment  - Adding [systemProperties] PropertySource with lowest search precedence
19226 [Test worker] DEBUG org.springframework.core.env.StandardEnvironment  - Adding [systemEnvironment] PropertySource with lowest search precedence
19226 [Test worker] DEBUG org.springframework.core.env.StandardEnvironment  - Initialized StandardEnvironment with PropertySources [systemProperties,systemEnvironment]
19227 [Test worker] DEBUG org.springframework.core.io.support.PathMatchingResourcePatternResolver  - Looking for matching resources in jar file [file:/home/josdem/git/uber-timone/persistence/build/libs/persistence-0.1.4-ALPHA.jar]
19228 [Test worker] DEBUG org.springframework.core.io.support.PathMatchingResourcePatternResolver  - Resolved location pattern [classpath*:com/tim/one/repository/**/*.class] to resources [URL [jar:file:/home/josdem/git/uber-timone/persistence/build/libs/persistence-0.1.4-ALPHA.jar!/com/tim/one/repository/ProjectFinancialDataRepository.class], URL [jar:file:/home/josdem/git/uber-timone/persistence/build/libs/persistence-0.1.4-ALPHA.jar!/com/tim/one/repository/ProviderTxRepository.class], URL [jar:file:/home/josdem/git/uber-timone/persistence/build/libs/persistence-0.1.4-ALPHA.jar!/com/tim/one/repository/UserAccountRepository.class], URL [jar:file:/home/josdem/git/uber-timone/persistence/build/libs/persistence-0.1.4-ALPHA.jar!/com/tim/one/repository/UnitTxRepository.class], URL [jar:file:/home/josdem/git/uber-timone/persistence/build/libs/persistence-0.1.4-ALPHA.jar!/com/tim/one/repository/BulkUnitTxRepository.class], URL [jar:file:/home/josdem/git/uber-timone/persistence/build/libs/persistence-0.1.4-ALPHA.jar!/com/tim/one/repository/BankCodeRepository.class], URL [jar:file:/home/josdem/git/uber-timone/persistence/build/libs/persistence-0.1.4-ALPHA.jar!/com/tim/one/repository/StpStatusRepository.class], URL [jar:file:/home/josdem/git/uber-timone/persistence/build/libs/persistence-0.1.4-ALPHA.jar!/com/tim/one/repository/ProjectRateRepository.class], URL [jar:file:/home/josdem/git/uber-timone/persistence/build/libs/persistence-0.1.4-ALPHA.jar!/com/tim/one/repository/UserTxRepository.class], URL [jar:file:/home/josdem/git/uber-timone/persistence/build/libs/persistence-0.1.4-ALPHA.jar!/com/tim/one/repository/IntegraUserRepository.class], URL [jar:file:/home/josdem/git/uber-timone/persistence/build/libs/persistence-0.1.4-ALPHA.jar!/com/tim/one/repository/SecurityRepository.class], URL [jar:file:/home/josdem/git/uber-timone/persistence/build/libs/persistence-0.1.4-ALPHA.jar!/com/tim/one/repository/TramaAccountRepository.class], URL [jar:file:/home/josdem/git/uber-timone/persistence/build/libs/persistence-0.1.4-ALPHA.jar!/com/tim/one/repository/ProjectVariableCostRepository.class], URL [jar:file:/home/josdem/git/uber-timone/persistence/build/libs/persistence-0.1.4-ALPHA.jar!/com/tim/one/repository/ProjectUnitSaleRepository.class], URL [jar:file:/home/josdem/git/uber-timone/persistence/build/libs/persistence-0.1.4-ALPHA.jar!/com/tim/one/repository/ProjectTxRepository.class], URL [jar:file:/home/josdem/git/uber-timone/persistence/build/libs/persistence-0.1.4-ALPHA.jar!/com/tim/one/repository/IntegraUserTxRepository.class], URL [jar:file:/home/josdem/git/uber-timone/persistence/build/libs/persistence-0.1.4-ALPHA.jar!/com/tim/one/repository/ProjectProviderRepository.class], URL [jar:file:/home/josdem/git/uber-timone/persistence/build/libs/persistence-0.1.4-ALPHA.jar!/com/tim/one/repository/ProjectRepository.class], URL [jar:file:/home/josdem/git/uber-timone/persistence/build/libs/persistence-0.1.4-ALPHA.jar!/com/tim/one/repository/TramaTxRepository.class], URL [jar:file:/home/josdem/git/uber-timone/persistence/build/libs/persistence-0.1.4-ALPHA.jar!/com/tim/one/repository/TransferUserLimitRepository.class], URL [jar:file:/home/josdem/git/uber-timone/persistence/build/libs/persistence-0.1.4-ALPHA.jar!/com/tim/one/repository/StpLogTxRepository.class], URL [jar:file:/home/josdem/git/uber-timone/persistence/build/libs/persistence-0.1.4-ALPHA.jar!/com/tim/one/repository/UserRepository.class], URL [jar:file:/home/josdem/git/uber-timone/persistence/build/libs/persistence-0.1.4-ALPHA.jar!/com/tim/one/repository/ProjectCategoryRepository.class]]
19232 [Test worker] DEBUG org.springframework.data.repository.config.RepositoryBeanDefinitionParser  - Registering repository: projectRateRepository - Interface: com.tim.one.repository.ProjectRateRepository - Factory: org.springframework.data.jpa.repository.support.JpaRepositoryFactoryBean
19233 [Test worker] DEBUG org.springframework.core.env.StandardEnvironment  - Adding [systemProperties] PropertySource with lowest search precedence
19233 [Test worker] DEBUG org.springframework.core.env.StandardEnvironment  - Adding [systemEnvironment] PropertySource with lowest search precedence
19233 [Test worker] DEBUG org.springframework.core.env.StandardEnvironment  - Initialized StandardEnvironment with PropertySources [systemProperties,systemEnvironment]
19234 [Test worker] DEBUG org.springframework.core.io.support.PathMatchingResourcePatternResolver  - Looking for matching resources in jar file [file:/home/josdem/git/uber-timone/persistence/build/libs/persistence-0.1.4-ALPHA.jar]
19235 [Test worker] DEBUG org.springframework.core.io.support.PathMatchingResourcePatternResolver  - Resolved location pattern [classpath*:com/tim/one/repository/**/*.class] to resources [URL [jar:file:/home/josdem/git/uber-timone/persistence/build/libs/persistence-0.1.4-ALPHA.jar!/com/tim/one/repository/ProjectFinancialDataRepository.class], URL [jar:file:/home/josdem/git/uber-timone/persistence/build/libs/persistence-0.1.4-ALPHA.jar!/com/tim/one/repository/ProviderTxRepository.class], URL [jar:file:/home/josdem/git/uber-timone/persistence/build/libs/persistence-0.1.4-ALPHA.jar!/com/tim/one/repository/UserAccountRepository.class], URL [jar:file:/home/josdem/git/uber-timone/persistence/build/libs/persistence-0.1.4-ALPHA.jar!/com/tim/one/repository/UnitTxRepository.class], URL [jar:file:/home/josdem/git/uber-timone/persistence/build/libs/persistence-0.1.4-ALPHA.jar!/com/tim/one/repository/BulkUnitTxRepository.class], URL [jar:file:/home/josdem/git/uber-timone/persistence/build/libs/persistence-0.1.4-ALPHA.jar!/com/tim/one/repository/BankCodeRepository.class], URL [jar:file:/home/josdem/git/uber-timone/persistence/build/libs/persistence-0.1.4-ALPHA.jar!/com/tim/one/repository/StpStatusRepository.class], URL [jar:file:/home/josdem/git/uber-timone/persistence/build/libs/persistence-0.1.4-ALPHA.jar!/com/tim/one/repository/ProjectRateRepository.class], URL [jar:file:/home/josdem/git/uber-timone/persistence/build/libs/persistence-0.1.4-ALPHA.jar!/com/tim/one/repository/UserTxRepository.class], URL [jar:file:/home/josdem/git/uber-timone/persistence/build/libs/persistence-0.1.4-ALPHA.jar!/com/tim/one/repository/IntegraUserRepository.class], URL [jar:file:/home/josdem/git/uber-timone/persistence/build/libs/persistence-0.1.4-ALPHA.jar!/com/tim/one/repository/SecurityRepository.class], URL [jar:file:/home/josdem/git/uber-timone/persistence/build/libs/persistence-0.1.4-ALPHA.jar!/com/tim/one/repository/TramaAccountRepository.class], URL [jar:file:/home/josdem/git/uber-timone/persistence/build/libs/persistence-0.1.4-ALPHA.jar!/com/tim/one/repository/ProjectVariableCostRepository.class], URL [jar:file:/home/josdem/git/uber-timone/persistence/build/libs/persistence-0.1.4-ALPHA.jar!/com/tim/one/repository/ProjectUnitSaleRepository.class], URL [jar:file:/home/josdem/git/uber-timone/persistence/build/libs/persistence-0.1.4-ALPHA.jar!/com/tim/one/repository/ProjectTxRepository.class], URL [jar:file:/home/josdem/git/uber-timone/persistence/build/libs/persistence-0.1.4-ALPHA.jar!/com/tim/one/repository/IntegraUserTxRepository.class], URL [jar:file:/home/josdem/git/uber-timone/persistence/build/libs/persistence-0.1.4-ALPHA.jar!/com/tim/one/repository/ProjectProviderRepository.class], URL [jar:file:/home/josdem/git/uber-timone/persistence/build/libs/persistence-0.1.4-ALPHA.jar!/com/tim/one/repository/ProjectRepository.class], URL [jar:file:/home/josdem/git/uber-timone/persistence/build/libs/persistence-0.1.4-ALPHA.jar!/com/tim/one/repository/TramaTxRepository.class], URL [jar:file:/home/josdem/git/uber-timone/persistence/build/libs/persistence-0.1.4-ALPHA.jar!/com/tim/one/repository/TransferUserLimitRepository.class], URL [jar:file:/home/josdem/git/uber-timone/persistence/build/libs/persistence-0.1.4-ALPHA.jar!/com/tim/one/repository/StpLogTxRepository.class], URL [jar:file:/home/josdem/git/uber-timone/persistence/build/libs/persistence-0.1.4-ALPHA.jar!/com/tim/one/repository/UserRepository.class], URL [jar:file:/home/josdem/git/uber-timone/persistence/build/libs/persistence-0.1.4-ALPHA.jar!/com/tim/one/repository/ProjectCategoryRepository.class]]
19239 [Test worker] DEBUG org.springframework.data.repository.config.RepositoryBeanDefinitionParser  - Registering repository: integraUserTxRepository - Interface: com.tim.one.repository.IntegraUserTxRepository - Factory: org.springframework.data.jpa.repository.support.JpaRepositoryFactoryBean
19239 [Test worker] INFO  org.springframework.beans.factory.xml.XmlBeanDefinitionReader  - Loading XML bean definitions from class path resource [changelog-context.xml]
19250 [Test worker] INFO  org.springframework.beans.factory.xml.XmlBeanDefinitionReader  - Loading XML bean definitions from class path resource [cache-appctx.xml]
19273 [Test worker] INFO  org.springframework.beans.factory.xml.XmlBeanDefinitionReader  - Loading XML bean definitions from class path resource [jms-appctx.xml]
19378 [Test worker] INFO  org.springframework.beans.factory.xml.XmlBeanDefinitionReader  - Loading XML bean definitions from class path resource [mail-context.xml]
19394 [Test worker] DEBUG org.springframework.core.io.support.PathMatchingResourcePatternResolver  - Looking for matching resources in jar file [file:/home/josdem/git/uber-timone/timone-emailer/sender/build/libs/sender-0.1.4-ALPHA.jar]
19394 [Test worker] DEBUG org.springframework.core.io.support.PathMatchingResourcePatternResolver  - Resolved location pattern [classpath*:com/makingdevs/integration/**/*.class] to resources [URL [jar:file:/home/josdem/git/uber-timone/timone-emailer/sender/build/libs/sender-0.1.4-ALPHA.jar!/com/makingdevs/integration/MailService.class], URL [jar:file:/home/josdem/git/uber-timone/timone-emailer/sender/build/libs/sender-0.1.4-ALPHA.jar!/com/makingdevs/integration/impl/MailServiceDefaultImpl.class], URL [jar:file:/home/josdem/git/uber-timone/timone-emailer/sender/build/libs/sender-0.1.4-ALPHA.jar!/com/makingdevs/integration/impl/MailServiceDefaultImpl$1.class], URL [jar:file:/home/josdem/git/uber-timone/timone-emailer/sender/build/libs/sender-0.1.4-ALPHA.jar!/com/makingdevs/integration/impl/MailServiceDefaultImpl$2.class]]
19395 [Test worker] DEBUG org.springframework.context.annotation.ClassPathBeanDefinitionScanner  - Identified candidate component class: URL [jar:file:/home/josdem/git/uber-timone/timone-emailer/sender/build/libs/sender-0.1.4-ALPHA.jar!/com/makingdevs/integration/impl/MailServiceDefaultImpl.class]
19397 [Test worker] INFO  org.springframework.beans.factory.xml.XmlBeanDefinitionReader  - Loading XML bean definitions from class path resource [transaction-appctx.xml]
19413 [Test worker] INFO  org.springframework.beans.factory.xml.XmlBeanDefinitionReader  - Loading XML bean definitions from class path resource [formatter-appctx.xml]
19428 [Test worker] DEBUG org.springframework.core.io.support.PathMatchingResourcePatternResolver  - Looking for matching resources in jar file [file:/home/josdem/git/uber-timone/timone-emailer/formatter/build/libs/formatter-0.1.4-ALPHA.jar]
19428 [Test worker] DEBUG org.springframework.core.io.support.PathMatchingResourcePatternResolver  - Resolved location pattern [classpath*:com/tim/one/emailer/helper/**/*.class] to resources [URL [jar:file:/home/josdem/git/uber-timone/timone-emailer/formatter/build/libs/formatter-0.1.4-ALPHA.jar!/com/tim/one/emailer/helper/FileHelper.class], URL [jar:file:/home/josdem/git/uber-timone/timone-emailer/formatter/build/libs/formatter-0.1.4-ALPHA.jar!/com/tim/one/emailer/helper/StringHelper.class], URL [jar:file:/home/josdem/git/uber-timone/timone-emailer/formatter/build/libs/formatter-0.1.4-ALPHA.jar!/com/tim/one/emailer/helper/EmailHelper.class]]
19429 [Test worker] DEBUG org.springframework.context.annotation.ClassPathBeanDefinitionScanner  - Identified candidate component class: URL [jar:file:/home/josdem/git/uber-timone/timone-emailer/formatter/build/libs/formatter-0.1.4-ALPHA.jar!/com/tim/one/emailer/helper/FileHelper.class]
19429 [Test worker] DEBUG org.springframework.context.annotation.ClassPathBeanDefinitionScanner  - Identified candidate component class: URL [jar:file:/home/josdem/git/uber-timone/timone-emailer/formatter/build/libs/formatter-0.1.4-ALPHA.jar!/com/tim/one/emailer/helper/StringHelper.class]
19430 [Test worker] DEBUG org.springframework.context.annotation.ClassPathBeanDefinitionScanner  - Identified candidate component class: URL [jar:file:/home/josdem/git/uber-timone/timone-emailer/formatter/build/libs/formatter-0.1.4-ALPHA.jar!/com/tim/one/emailer/helper/EmailHelper.class]
19431 [Test worker] DEBUG org.springframework.core.io.support.PathMatchingResourcePatternResolver  - Resolved location pattern [classpath*:com/tim/one/emailer/validator/**/*.class] to resources []
19432 [Test worker] INFO  org.springframework.beans.factory.xml.XmlBeanDefinitionReader  - Loading XML bean definitions from class path resource [stp-appctx.xml]
19449 [Test worker] INFO  org.springframework.beans.factory.support.DefaultListableBeanFactory  - Overriding bean definition for bean 'stpProperties': replacing [Generic bean: class [org.springframework.beans.factory.config.PropertiesFactoryBean]; scope=; abstract=false; lazyInit=false; autowireMode=0; dependencyCheck=0; autowireCandidate=true; primary=false; factoryBeanName=null; factoryMethodName=null; initMethodName=null; destroyMethodName=null] with [Generic bean: class [org.springframework.beans.factory.config.PropertiesFactoryBean]; scope=; abstract=false; lazyInit=false; autowireMode=0; dependencyCheck=0; autowireCandidate=true; primary=false; factoryBeanName=null; factoryMethodName=null; initMethodName=null; destroyMethodName=null]
19451 [Test worker] DEBUG org.springframework.core.io.support.PathMatchingResourcePatternResolver  - Looking for matching resources in jar file [file:/home/josdem/git/uber-timone/payment-broker/timone-stp/build/libs/timone-stp-0.1.4-ALPHA.jar]
19453 [Test worker] DEBUG org.springframework.core.io.support.PathMatchingResourcePatternResolver  - Resolved location pattern [classpath*:com/tim/one/stp/**/*.class] to resources [URL [jar:file:/home/josdem/git/uber-timone/payment-broker/timone-stp/build/libs/timone-stp-0.1.4-ALPHA.jar!/com/tim/one/stp/bean/ExceptionCode.class], URL [jar:file:/home/josdem/git/uber-timone/payment-broker/timone-stp/build/libs/timone-stp-0.1.4-ALPHA.jar!/com/tim/one/stp/command/IntegraCashinCommand.class], URL [jar:file:/home/josdem/git/uber-timone/payment-broker/timone-stp/build/libs/timone-stp-0.1.4-ALPHA.jar!/com/tim/one/stp/helper/STPHelper.class], URL [jar:file:/home/josdem/git/uber-timone/payment-broker/timone-stp/build/libs/timone-stp-0.1.4-ALPHA.jar!/com/tim/one/stp/util/STPUtil.class], URL [jar:file:/home/josdem/git/uber-timone/payment-broker/timone-stp/build/libs/timone-stp-0.1.4-ALPHA.jar!/com/tim/one/stp/validator/ClabeValidator.class], URL [jar:file:/home/josdem/git/uber-timone/payment-broker/timone-stp/build/libs/timone-stp-0.1.4-ALPHA.jar!/com/tim/one/stp/formatter/CommandFormatter.class], URL [jar:file:/home/josdem/git/uber-timone/payment-broker/timone-stp/build/libs/timone-stp-0.1.4-ALPHA.jar!/com/tim/one/stp/service/CryptoService.class], URL [jar:file:/home/josdem/git/uber-timone/payment-broker/timone-stp/build/libs/timone-stp-0.1.4-ALPHA.jar!/com/tim/one/stp/service/STPService.class], URL [jar:file:/home/josdem/git/uber-timone/payment-broker/timone-stp/build/libs/timone-stp-0.1.4-ALPHA.jar!/com/tim/one/stp/service/STPClabeService.class], URL [jar:file:/home/josdem/git/uber-timone/payment-broker/timone-stp/build/libs/timone-stp-0.1.4-ALPHA.jar!/com/tim/one/stp/service/RestService.class], URL [jar:file:/home/josdem/git/uber-timone/payment-broker/timone-stp/build/libs/timone-stp-0.1.4-ALPHA.jar!/com/tim/one/stp/service/impl/STPClabeServiceImpl.class], URL [jar:file:/home/josdem/git/uber-timone/payment-broker/timone-stp/build/libs/timone-stp-0.1.4-ALPHA.jar!/com/tim/one/stp/service/impl/RestServiceImpl.class], URL [jar:file:/home/josdem/git/uber-timone/payment-broker/timone-stp/build/libs/timone-stp-0.1.4-ALPHA.jar!/com/tim/one/stp/service/impl/CryptoServiceImpl.class], URL [jar:file:/home/josdem/git/uber-timone/payment-broker/timone-stp/build/libs/timone-stp-0.1.4-ALPHA.jar!/com/tim/one/stp/service/impl/STPServiceImpl.class], URL [jar:file:/home/josdem/git/uber-timone/payment-broker/timone-stp/build/libs/timone-stp-0.1.4-ALPHA.jar!/com/tim/one/stp/state/ApplicationState.class], URL [jar:file:/home/josdem/git/uber-timone/payment-broker/timone-stp/build/libs/timone-stp-0.1.4-ALPHA.jar!/com/tim/one/stp/exception/InvalidSTPResponse.class], URL [jar:file:/home/josdem/git/uber-timone/payment-broker/timone-stp/build/libs/timone-stp-0.1.4-ALPHA.jar!/com/tim/one/stp/exception/SPEITransactionException.class], URL [jar:file:/home/josdem/git/uber-timone/payment-broker/timone-stp/build/libs/timone-stp-0.1.4-ALPHA.jar!/com/tim/one/stp/exception/DuplicatedAccountException.class], URL [jar:file:/home/josdem/git/uber-timone/payment-broker/timone-stp/build/libs/timone-stp-0.1.4-ALPHA.jar!/com/tim/one/stp/exception/STPResponseNotFound.class], URL [jar:file:/home/josdem/git/uber-timone/payment-broker/timone-stp/build/libs/timone-stp-0.1.4-ALPHA.jar!/com/tim/one/stp/exception/InvalidCentroDeCostosException.class], URL [jar:file:/home/josdem/git/uber-timone/payment-broker/timone-stp/build/libs/timone-stp-0.1.4-ALPHA.jar!/com/tim/one/stp/exception/InvalidClabeException.class], URL [jar:file:/home/josdem/git/uber-timone/payment-broker/timone-stp/build/libs/timone-stp-0.1.4-ALPHA.jar!/com/tim/one/stp/collabotator/STPCollaborator.class], URL [jar:file:/home/josdem/git/uber-timone/payment-broker/timone-stp/build/libs/timone-stp-0.1.4-ALPHA.jar!/com/tim/one/stp/collabotator/ClabeValidatorCollaborator.class], URL [jar:file:/home/josdem/git/uber-timone/payment-broker/timone-stp/build/libs/timone-stp-0.1.4-ALPHA.jar!/com/tim/one/stp/collabotator/ClabeDigitValidatorCollaborator.class], URL [jar:file:/home/josdem/git/uber-timone/payment-broker/timone-stp/build/libs/timone-stp-0.1.4-ALPHA.jar!/com/tim/one/stp/collabotator/OrdenPagoAdapter.class], URL [jar:file:/home/josdem/git/uber-timone/payment-broker/timone-stp/build/libs/timone-stp-0.1.4-ALPHA.jar!/com/tim/one/stp/collabotator/CrytoMain.class], URL [jar:file:/home/josdem/git/uber-timone/payment-broker/timone-stp/build/libs/timone-stp-0.1.4-ALPHA.jar!/com/tim/one/stp/collabotator/OrdenPagoFormatter.class], URL [jar:file:/home/josdem/git/uber-timone/payment-broker/timone-stp/build/libs/timone-stp-0.1.4-ALPHA.jar!/com/tim/one/stp/collabotator/SerialCollaborator.class]]
19455 [Test worker] DEBUG org.springframework.context.annotation.ClassPathBeanDefinitionScanner  - Identified candidate component class: URL [jar:file:/home/josdem/git/uber-timone/payment-broker/timone-stp/build/libs/timone-stp-0.1.4-ALPHA.jar!/com/tim/one/stp/helper/STPHelper.class]
19456 [Test worker] DEBUG org.springframework.context.annotation.ClassPathBeanDefinitionScanner  - Identified candidate component class: URL [jar:file:/home/josdem/git/uber-timone/payment-broker/timone-stp/build/libs/timone-stp-0.1.4-ALPHA.jar!/com/tim/one/stp/util/STPUtil.class]
19456 [Test worker] DEBUG org.springframework.context.annotation.ClassPathBeanDefinitionScanner  - Identified candidate component class: URL [jar:file:/home/josdem/git/uber-timone/payment-broker/timone-stp/build/libs/timone-stp-0.1.4-ALPHA.jar!/com/tim/one/stp/validator/ClabeValidator.class]
19456 [Test worker] DEBUG org.springframework.context.annotation.ClassPathBeanDefinitionScanner  - Identified candidate component class: URL [jar:file:/home/josdem/git/uber-timone/payment-broker/timone-stp/build/libs/timone-stp-0.1.4-ALPHA.jar!/com/tim/one/stp/formatter/CommandFormatter.class]
19458 [Test worker] DEBUG org.springframework.context.annotation.ClassPathBeanDefinitionScanner  - Identified candidate component class: URL [jar:file:/home/josdem/git/uber-timone/payment-broker/timone-stp/build/libs/timone-stp-0.1.4-ALPHA.jar!/com/tim/one/stp/service/impl/STPClabeServiceImpl.class]
19459 [Test worker] DEBUG org.springframework.context.annotation.ClassPathBeanDefinitionScanner  - Identified candidate component class: URL [jar:file:/home/josdem/git/uber-timone/payment-broker/timone-stp/build/libs/timone-stp-0.1.4-ALPHA.jar!/com/tim/one/stp/service/impl/RestServiceImpl.class]
19461 [Test worker] DEBUG org.springframework.context.annotation.ClassPathBeanDefinitionScanner  - Identified candidate component class: URL [jar:file:/home/josdem/git/uber-timone/payment-broker/timone-stp/build/libs/timone-stp-0.1.4-ALPHA.jar!/com/tim/one/stp/service/impl/CryptoServiceImpl.class]
19462 [Test worker] DEBUG org.springframework.context.annotation.ClassPathBeanDefinitionScanner  - Identified candidate component class: URL [jar:file:/home/josdem/git/uber-timone/payment-broker/timone-stp/build/libs/timone-stp-0.1.4-ALPHA.jar!/com/tim/one/stp/service/impl/STPServiceImpl.class]
19466 [Test worker] DEBUG org.springframework.context.annotation.ClassPathBeanDefinitionScanner  - Identified candidate component class: URL [jar:file:/home/josdem/git/uber-timone/payment-broker/timone-stp/build/libs/timone-stp-0.1.4-ALPHA.jar!/com/tim/one/stp/collabotator/STPCollaborator.class]
19467 [Test worker] DEBUG org.springframework.context.annotation.ClassPathBeanDefinitionScanner  - Identified candidate component class: URL [jar:file:/home/josdem/git/uber-timone/payment-broker/timone-stp/build/libs/timone-stp-0.1.4-ALPHA.jar!/com/tim/one/stp/collabotator/ClabeValidatorCollaborator.class]
19467 [Test worker] DEBUG org.springframework.context.annotation.ClassPathBeanDefinitionScanner  - Identified candidate component class: URL [jar:file:/home/josdem/git/uber-timone/payment-broker/timone-stp/build/libs/timone-stp-0.1.4-ALPHA.jar!/com/tim/one/stp/collabotator/ClabeDigitValidatorCollaborator.class]
19467 [Test worker] DEBUG org.springframework.context.annotation.ClassPathBeanDefinitionScanner  - Identified candidate component class: URL [jar:file:/home/josdem/git/uber-timone/payment-broker/timone-stp/build/libs/timone-stp-0.1.4-ALPHA.jar!/com/tim/one/stp/collabotator/OrdenPagoAdapter.class]
19468 [Test worker] DEBUG org.springframework.context.annotation.ClassPathBeanDefinitionScanner  - Identified candidate component class: URL [jar:file:/home/josdem/git/uber-timone/payment-broker/timone-stp/build/libs/timone-stp-0.1.4-ALPHA.jar!/com/tim/one/stp/collabotator/OrdenPagoFormatter.class]
19468 [Test worker] DEBUG org.springframework.context.annotation.ClassPathBeanDefinitionScanner  - Identified candidate component class: URL [jar:file:/home/josdem/git/uber-timone/payment-broker/timone-stp/build/libs/timone-stp-0.1.4-ALPHA.jar!/com/tim/one/stp/collabotator/SerialCollaborator.class]
19470 [Test worker] INFO  org.springframework.beans.factory.support.DefaultListableBeanFactory  - Overriding bean definition for bean 'restTemplate': replacing [Generic bean: class [org.springframework.web.client.RestTemplate]; scope=; abstract=false; lazyInit=false; autowireMode=0; dependencyCheck=0; autowireCandidate=true; primary=false; factoryBeanName=null; factoryMethodName=null; initMethodName=null; destroyMethodName=null; defined in class path resource [stp-appctx.xml]] with [Generic bean: class [org.springframework.web.client.RestTemplate]; scope=; abstract=false; lazyInit=false; autowireMode=0; dependencyCheck=0; autowireCandidate=true; primary=false; factoryBeanName=null; factoryMethodName=null; initMethodName=null; destroyMethodName=null; defined in class path resource [stp-appctx.xml]]
19470 [Test worker] INFO  org.springframework.beans.factory.xml.XmlBeanDefinitionReader  - Loading XML bean definitions from class path resource [aop-appctx.xml]
19483 [Test worker] DEBUG org.springframework.core.io.support.PathMatchingResourcePatternResolver  - Looking for matching resources in directory tree [/home/josdem/git/uber-timone/services/build/classes/test/com/tim/one/advice]
19484 [Test worker] DEBUG org.springframework.core.io.support.PathMatchingResourcePatternResolver  - Searching directory [/home/josdem/git/uber-timone/services/build/classes/test/com/tim/one/advice] for files matching pattern [/home/josdem/git/uber-timone/services/build/classes/test/com/tim/one/advice/**/*.class]
19484 [Test worker] DEBUG org.springframework.core.io.support.PathMatchingResourcePatternResolver  - Looking for matching resources in directory tree [/home/josdem/git/uber-timone/services/build/classes/main/com/tim/one/advice]
19484 [Test worker] DEBUG org.springframework.core.io.support.PathMatchingResourcePatternResolver  - Searching directory [/home/josdem/git/uber-timone/services/build/classes/main/com/tim/one/advice] for files matching pattern [/home/josdem/git/uber-timone/services/build/classes/main/com/tim/one/advice/**/*.class]
19484 [Test worker] DEBUG org.springframework.core.io.support.PathMatchingResourcePatternResolver  - Resolved location pattern [classpath*:com/tim/one/advice/**/*.class] to resources [file [/home/josdem/git/uber-timone/services/build/classes/test/com/tim/one/advice/TestAfterThrowingAdvice.class], file [/home/josdem/git/uber-timone/services/build/classes/main/com/tim/one/advice/AfterThrowingAdvice.class]]
19486 [Test worker] DEBUG org.springframework.context.annotation.ClassPathBeanDefinitionScanner  - Identified candidate component class: file [/home/josdem/git/uber-timone/services/build/classes/main/com/tim/one/advice/AfterThrowingAdvice.class]
19486 [Test worker] INFO  org.springframework.beans.factory.xml.XmlBeanDefinitionReader  - Loading XML bean definitions from class path resource [properties-appctx.xml]
19498 [Test worker] INFO  org.springframework.context.support.GenericApplicationContext  - Refreshing org.springframework.context.support.GenericApplicationContext@a1cac6c: startup date [Wed May 20 11:40:32 CDT 2015]; root of context hierarchy
19498 [Test worker] DEBUG org.springframework.context.support.GenericApplicationContext  - Bean factory for org.springframework.context.support.GenericApplicationContext@a1cac6c: org.springframework.beans.factory.support.DefaultListableBeanFactory@123b11d2: defining beans [org.springframework.context.annotation.internalConfigurationAnnotationProcessor,org.springframework.context.annotation.internalAutowiredAnnotationProcessor,org.springframework.context.annotation.internalRequiredAnnotationProcessor,org.springframework.context.annotation.internalCommonAnnotationProcessor,org.springframework.context.annotation.internalPersistenceAnnotationProcessor,stpProperties,STPHelper,STPUtil,clabeValidator,commandFormatter,STPClabeServiceImpl,restServiceImpl,cryptoServiceImpl,STPServiceImpl,STPCollaborator,clabeValidatorCollaborator,clabeDigitValidatorCollaborator,ordenPagoAdapter,ordenPagoFormatter,serialCollaborator,restTemplate,STPAccountServiceImpl,transactionLogServiceImpl,stringSplitterImpl,budgetServiceImpl,integraCashinStrategy,transactionApplierImpl,projectPersisterServiceImpl,catalogServiceImpl,securityServiceImpl,loggerServiceImpl,freakfundCashinStrategy,userTransactionServiceImpl,projectTransactionServiceImpl,accountServiceImpl,calculatorServiceImpl,paypalPaymentStorerServiceImpl,integraTransactionServiceImpl,integraUserServiceImpl,bankServiceImpl,notificationServiceImpl,projectManagerImpl,revenuePotentialServiceImpl,unitServiceImpl,categoryServiceImpl,STPConsumerServiceImpl,projectCollaboratorServiceImpl,transactionServiceImpl,unitCalculatorImpl,accountGeneratorImpl,projectServiceImpl,userServiceImpl,calcSheetStorerServiceImpl,statusServiceImpl,breakevenServiceImpl,userHelper,securityHelper,gsonHelper,projectHelper,transactionHelper,STPConsumerHelper,restrictionHelper,fileCalcSheetHelper,messagePackerHelper,transactionManagerHelper,commonMessagePackerHelper,fileWriterHelper,calculatorCollaborator,transactionCollaborator,tagAggregator,securityCollaborator,accountIdentifier,beanAggregator,urlAggregator,dateFormatter,tagSplitter,formParamFormatter,projectUnitSaleCollaborator,stringSplitter,projectFilter,projectCollectionInitializer,projectProviderCollectionDeleter,revertCollaborator,userCollaborator,accountCollaborator,messagePackerCollaborator,unitCollaborator,projectProviderAdapter,transactionDaoCollaborator,messageCollaborator,userAccountCollaborator,STPConsumerCollaborator,projectRanger,projectVariableCostCollaborator,projectBusinessCaseCollaborator,ticketmasterValidator,transactionFreakfundManager,messagePacker,commonMessagePacker,projectScheduler,integerParser,numericUtil,dateUtil,currencyUtil,amountValidator,projectValidator,variableCostsValidator,STPValidator,messageService,loggerMessageListener,jmsMessageListener,cryptoExceptionInterceptorImpl,tramaTxRepository,projectRepository,securityRepository,tramaAccountRepository,providerTxRepository,integraUserRepository,projectVariableCostRepository,userAccountRepository,projectCategoryRepository,projectUnitSaleRepository,projectFinancialDataRepository,unitTxRepository,bulkUnitTxRepository,stpStatusRepository,transferUserLimitRepository,stpLogTxRepository,bankCodeRepository,projectTxRepository,projectProviderRepository,userRepository,userTxRepository,projectRateRepository,integraUserTxRepository,org.springframework.data.repository.core.support.RepositoryInterfaceAwareBeanPostProcessor#0,liquibase,org.springframework.aop.config.internalAutoProxyCreator,org.springframework.cache.annotation.AnnotationCacheOperationSource#0,org.springframework.cache.interceptor.CacheInterceptor#0,org.springframework.cache.config.internalCacheAdvisor,cacheManager,org.springframework.context.support.PropertySourcesPlaceholderConfigurer#0,dataSource,entityManagerFactory,jpaVendorAdapter,transactionManager,broker,destination,logger,jmsFactory,jmsProducerConnectionFactory,jmsProducerTemplate,jmsConsumerConnectionFactory,org.springframework.jms.listener.DefaultMessageListenerContainer#0,org.springframework.jms.listener.DefaultMessageListenerContainer#1,mailService,javaMailSender,freemarkerConfiguration,txAdvice,servicePointcut,org.springframework.aop.support.DefaultBeanFactoryPointcutAdvisor#0,fileHelper,stringHelper,emailHelper,emailProperties,afterThrowingAdvice,properties,dynamic]; root of factory hierarchy
19588 [Test worker] DEBUG org.springframework.core.env.MutablePropertySources  - Adding [environmentProperties] PropertySource with lowest search precedence
19588 [Test worker] INFO  org.springframework.context.support.PropertySourcesPlaceholderConfigurer  - Loading properties file from class path resource [config/persistence.properties]
19588 [Test worker] DEBUG org.springframework.core.env.MutablePropertySources  - Adding [localProperties] PropertySource with lowest search precedence
19591 [Test worker] DEBUG org.springframework.core.env.PropertySourcesPropertyResolver  - Searching for key 'jdbc.driverClassName' in [environmentProperties]
19591 [Test worker] DEBUG org.springframework.core.env.PropertySourcesPropertyResolver  - Searching for key 'jdbc.driverClassName' in [systemProperties]
19592 [Test worker] DEBUG org.springframework.core.env.PropertySourcesPropertyResolver  - Searching for key 'jdbc.driverClassName' in [systemEnvironment]
19592 [Test worker] DEBUG org.springframework.core.env.PropertySourcesPropertyResolver  - Could not find key 'jdbc.driverClassName' in any property source. Returning [null]
19593 [Test worker] DEBUG org.springframework.core.env.PropertySourcesPropertyResolver  - Searching for key 'jdbc.driverClassName' in [localProperties]
19593 [Test worker] DEBUG org.springframework.core.env.PropertySourcesPropertyResolver  - Found key 'jdbc.driverClassName' in [localProperties] with type [String] and value 'com.mysql.jdbc.Driver'
19594 [Test worker] DEBUG org.springframework.core.env.PropertySourcesPropertyResolver  - Searching for key 'jdbc.url' in [environmentProperties]
19594 [Test worker] DEBUG org.springframework.core.env.PropertySourcesPropertyResolver  - Searching for key 'jdbc.url' in [systemProperties]
19594 [Test worker] DEBUG org.springframework.core.env.PropertySourcesPropertyResolver  - Searching for key 'jdbc.url' in [systemEnvironment]
19595 [Test worker] DEBUG org.springframework.core.env.PropertySourcesPropertyResolver  - Could not find key 'jdbc.url' in any property source. Returning [null]
19595 [Test worker] DEBUG org.springframework.core.env.PropertySourcesPropertyResolver  - Searching for key 'jdbc.url' in [localProperties]
19596 [Test worker] DEBUG org.springframework.core.env.PropertySourcesPropertyResolver  - Found key 'jdbc.url' in [localProperties] with type [String] and value 'jdbc:mysql://localhost:3306/tramatest'
19596 [Test worker] DEBUG org.springframework.core.env.PropertySourcesPropertyResolver  - Searching for key 'jdbc.username' in [environmentProperties]
19596 [Test worker] DEBUG org.springframework.core.env.PropertySourcesPropertyResolver  - Searching for key 'jdbc.username' in [systemProperties]
19596 [Test worker] DEBUG org.springframework.core.env.PropertySourcesPropertyResolver  - Searching for key 'jdbc.username' in [systemEnvironment]
19597 [Test worker] DEBUG org.springframework.core.env.PropertySourcesPropertyResolver  - Could not find key 'jdbc.username' in any property source. Returning [null]
19597 [Test worker] DEBUG org.springframework.core.env.PropertySourcesPropertyResolver  - Searching for key 'jdbc.username' in [localProperties]
19597 [Test worker] DEBUG org.springframework.core.env.PropertySourcesPropertyResolver  - Found key 'jdbc.username' in [localProperties] with type [String] and value 'tramaUser'
19597 [Test worker] DEBUG org.springframework.core.env.PropertySourcesPropertyResolver  - Searching for key 'jdbc.password' in [environmentProperties]
19597 [Test worker] DEBUG org.springframework.core.env.PropertySourcesPropertyResolver  - Searching for key 'jdbc.password' in [systemProperties]
19597 [Test worker] DEBUG org.springframework.core.env.PropertySourcesPropertyResolver  - Searching for key 'jdbc.password' in [systemEnvironment]
19597 [Test worker] DEBUG org.springframework.core.env.PropertySourcesPropertyResolver  - Could not find key 'jdbc.password' in any property source. Returning [null]
19597 [Test worker] DEBUG org.springframework.core.env.PropertySourcesPropertyResolver  - Searching for key 'jdbc.password' in [localProperties]
19597 [Test worker] DEBUG org.springframework.core.env.PropertySourcesPropertyResolver  - Found key 'jdbc.password' in [localProperties] with type [String] and value 'tr4m4DB'
19597 [Test worker] DEBUG org.springframework.core.env.PropertySourcesPropertyResolver  - Searching for key 'pooled.initialSize' in [environmentProperties]
19598 [Test worker] DEBUG org.springframework.core.env.PropertySourcesPropertyResolver  - Searching for key 'pooled.initialSize' in [systemProperties]
19598 [Test worker] DEBUG org.springframework.core.env.PropertySourcesPropertyResolver  - Searching for key 'pooled.initialSize' in [systemEnvironment]
19598 [Test worker] DEBUG org.springframework.core.env.PropertySourcesPropertyResolver  - Could not find key 'pooled.initialSize' in any property source. Returning [null]
19598 [Test worker] DEBUG org.springframework.core.env.PropertySourcesPropertyResolver  - Searching for key 'pooled.initialSize' in [localProperties]
19598 [Test worker] DEBUG org.springframework.core.env.PropertySourcesPropertyResolver  - Found key 'pooled.initialSize' in [localProperties] with type [String] and value '5'
19598 [Test worker] DEBUG org.springframework.core.env.PropertySourcesPropertyResolver  - Searching for key 'pooled.maxActive' in [environmentProperties]
19598 [Test worker] DEBUG org.springframework.core.env.PropertySourcesPropertyResolver  - Searching for key 'pooled.maxActive' in [systemProperties]
19598 [Test worker] DEBUG org.springframework.core.env.PropertySourcesPropertyResolver  - Searching for key 'pooled.maxActive' in [systemEnvironment]
19599 [Test worker] DEBUG org.springframework.core.env.PropertySourcesPropertyResolver  - Could not find key 'pooled.maxActive' in any property source. Returning [null]
19599 [Test worker] DEBUG org.springframework.core.env.PropertySourcesPropertyResolver  - Searching for key 'pooled.maxActive' in [localProperties]
19599 [Test worker] DEBUG org.springframework.core.env.PropertySourcesPropertyResolver  - Found key 'pooled.maxActive' in [localProperties] with type [String] and value '50'
19599 [Test worker] DEBUG org.springframework.core.env.PropertySourcesPropertyResolver  - Searching for key 'pooled.minIdle' in [environmentProperties]
19599 [Test worker] DEBUG org.springframework.core.env.PropertySourcesPropertyResolver  - Searching for key 'pooled.minIdle' in [systemProperties]
19599 [Test worker] DEBUG org.springframework.core.env.PropertySourcesPropertyResolver  - Searching for key 'pooled.minIdle' in [systemEnvironment]
19599 [Test worker] DEBUG org.springframework.core.env.PropertySourcesPropertyResolver  - Could not find key 'pooled.minIdle' in any property source. Returning [null]
19599 [Test worker] DEBUG org.springframework.core.env.PropertySourcesPropertyResolver  - Searching for key 'pooled.minIdle' in [localProperties]
19599 [Test worker] DEBUG org.springframework.core.env.PropertySourcesPropertyResolver  - Found key 'pooled.minIdle' in [localProperties] with type [String] and value '5'
19599 [Test worker] DEBUG org.springframework.core.env.PropertySourcesPropertyResolver  - Searching for key 'pooled.maxIdle' in [environmentProperties]
19599 [Test worker] DEBUG org.springframework.core.env.PropertySourcesPropertyResolver  - Searching for key 'pooled.maxIdle' in [systemProperties]
19600 [Test worker] DEBUG org.springframework.core.env.PropertySourcesPropertyResolver  - Searching for key 'pooled.maxIdle' in [systemEnvironment]
19600 [Test worker] DEBUG org.springframework.core.env.PropertySourcesPropertyResolver  - Could not find key 'pooled.maxIdle' in any property source. Returning [null]
19600 [Test worker] DEBUG org.springframework.core.env.PropertySourcesPropertyResolver  - Searching for key 'pooled.maxIdle' in [localProperties]
19600 [Test worker] DEBUG org.springframework.core.env.PropertySourcesPropertyResolver  - Found key 'pooled.maxIdle' in [localProperties] with type [String] and value '25'
19600 [Test worker] DEBUG org.springframework.core.env.PropertySourcesPropertyResolver  - Searching for key 'pooled.maxWait' in [environmentProperties]
19600 [Test worker] DEBUG org.springframework.core.env.PropertySourcesPropertyResolver  - Searching for key 'pooled.maxWait' in [systemProperties]
19600 [Test worker] DEBUG org.springframework.core.env.PropertySourcesPropertyResolver  - Searching for key 'pooled.maxWait' in [systemEnvironment]
19601 [Test worker] DEBUG org.springframework.core.env.PropertySourcesPropertyResolver  - Could not find key 'pooled.maxWait' in any property source. Returning [null]
19601 [Test worker] DEBUG org.springframework.core.env.PropertySourcesPropertyResolver  - Searching for key 'pooled.maxWait' in [localProperties]
19601 [Test worker] DEBUG org.springframework.core.env.PropertySourcesPropertyResolver  - Found key 'pooled.maxWait' in [localProperties] with type [String] and value '10000'
19601 [Test worker] DEBUG org.springframework.core.env.PropertySourcesPropertyResolver  - Searching for key 'pooled.timeBetweenEvictionRunsMillis' in [environmentProperties]
19601 [Test worker] DEBUG org.springframework.core.env.PropertySourcesPropertyResolver  - Searching for key 'pooled.timeBetweenEvictionRunsMillis' in [systemProperties]
19601 [Test worker] DEBUG org.springframework.core.env.PropertySourcesPropertyResolver  - Searching for key 'pooled.timeBetweenEvictionRunsMillis' in [systemEnvironment]
19601 [Test worker] DEBUG org.springframework.core.env.PropertySourcesPropertyResolver  - Could not find key 'pooled.timeBetweenEvictionRunsMillis' in any property source. Returning [null]
19601 [Test worker] DEBUG org.springframework.core.env.PropertySourcesPropertyResolver  - Searching for key 'pooled.timeBetweenEvictionRunsMillis' in [localProperties]
19601 [Test worker] DEBUG org.springframework.core.env.PropertySourcesPropertyResolver  - Found key 'pooled.timeBetweenEvictionRunsMillis' in [localProperties] with type [String] and value '5000'
19602 [Test worker] DEBUG org.springframework.core.env.PropertySourcesPropertyResolver  - Searching for key 'pooled.minEvictableIdleTimeMillis' in [environmentProperties]
19602 [Test worker] DEBUG org.springframework.core.env.PropertySourcesPropertyResolver  - Searching for key 'pooled.minEvictableIdleTimeMillis' in [systemProperties]
19602 [Test worker] DEBUG org.springframework.core.env.PropertySourcesPropertyResolver  - Searching for key 'pooled.minEvictableIdleTimeMillis' in [systemEnvironment]
19602 [Test worker] DEBUG org.springframework.core.env.PropertySourcesPropertyResolver  - Could not find key 'pooled.minEvictableIdleTimeMillis' in any property source. Returning [null]
19602 [Test worker] DEBUG org.springframework.core.env.PropertySourcesPropertyResolver  - Searching for key 'pooled.minEvictableIdleTimeMillis' in [localProperties]
19602 [Test worker] DEBUG org.springframework.core.env.PropertySourcesPropertyResolver  - Found key 'pooled.minEvictableIdleTimeMillis' in [localProperties] with type [String] and value '60000'
19602 [Test worker] DEBUG org.springframework.core.env.PropertySourcesPropertyResolver  - Searching for key 'pooled.validationQuery' in [environmentProperties]
19602 [Test worker] DEBUG org.springframework.core.env.PropertySourcesPropertyResolver  - Searching for key 'pooled.validationQuery' in [systemProperties]
19602 [Test worker] DEBUG org.springframework.core.env.PropertySourcesPropertyResolver  - Searching for key 'pooled.validationQuery' in [systemEnvironment]
19603 [Test worker] DEBUG org.springframework.core.env.PropertySourcesPropertyResolver  - Could not find key 'pooled.validationQuery' in any property source. Returning [null]
19603 [Test worker] DEBUG org.springframework.core.env.PropertySourcesPropertyResolver  - Searching for key 'pooled.validationQuery' in [localProperties]
19603 [Test worker] DEBUG org.springframework.core.env.PropertySourcesPropertyResolver  - Found key 'pooled.validationQuery' in [localProperties] with type [String] and value 'SELECT 1'
19603 [Test worker] DEBUG org.springframework.core.env.PropertySourcesPropertyResolver  - Searching for key 'pooled.validationQueryTimeout' in [environmentProperties]
19603 [Test worker] DEBUG org.springframework.core.env.PropertySourcesPropertyResolver  - Searching for key 'pooled.validationQueryTimeout' in [systemProperties]
19603 [Test worker] DEBUG org.springframework.core.env.PropertySourcesPropertyResolver  - Searching for key 'pooled.validationQueryTimeout' in [systemEnvironment]
19604 [Test worker] DEBUG org.springframework.core.env.PropertySourcesPropertyResolver  - Could not find key 'pooled.validationQueryTimeout' in any property source. Returning [null]
19604 [Test worker] DEBUG org.springframework.core.env.PropertySourcesPropertyResolver  - Searching for key 'pooled.validationQueryTimeout' in [localProperties]
19604 [Test worker] DEBUG org.springframework.core.env.PropertySourcesPropertyResolver  - Found key 'pooled.validationQueryTimeout' in [localProperties] with type [String] and value '3'
19604 [Test worker] DEBUG org.springframework.core.env.PropertySourcesPropertyResolver  - Searching for key 'pooled.testOnBorrow' in [environmentProperties]
19604 [Test worker] DEBUG org.springframework.core.env.PropertySourcesPropertyResolver  - Searching for key 'pooled.testOnBorrow' in [systemProperties]
19604 [Test worker] DEBUG org.springframework.core.env.PropertySourcesPropertyResolver  - Searching for key 'pooled.testOnBorrow' in [systemEnvironment]
19604 [Test worker] DEBUG org.springframework.core.env.PropertySourcesPropertyResolver  - Could not find key 'pooled.testOnBorrow' in any property source. Returning [null]
19605 [Test worker] DEBUG org.springframework.core.env.PropertySourcesPropertyResolver  - Searching for key 'pooled.testOnBorrow' in [localProperties]
19605 [Test worker] DEBUG org.springframework.core.env.PropertySourcesPropertyResolver  - Found key 'pooled.testOnBorrow' in [localProperties] with type [String] and value 'true'
19605 [Test worker] DEBUG org.springframework.core.env.PropertySourcesPropertyResolver  - Searching for key 'pooled.testWhileIdle' in [environmentProperties]
19605 [Test worker] DEBUG org.springframework.core.env.PropertySourcesPropertyResolver  - Searching for key 'pooled.testWhileIdle' in [systemProperties]
19605 [Test worker] DEBUG org.springframework.core.env.PropertySourcesPropertyResolver  - Searching for key 'pooled.testWhileIdle' in [systemEnvironment]
19605 [Test worker] DEBUG org.springframework.core.env.PropertySourcesPropertyResolver  - Could not find key 'pooled.testWhileIdle' in any property source. Returning [null]
19605 [Test worker] DEBUG org.springframework.core.env.PropertySourcesPropertyResolver  - Searching for key 'pooled.testWhileIdle' in [localProperties]
19605 [Test worker] DEBUG org.springframework.core.env.PropertySourcesPropertyResolver  - Found key 'pooled.testWhileIdle' in [localProperties] with type [String] and value 'true'
19606 [Test worker] DEBUG org.springframework.core.env.PropertySourcesPropertyResolver  - Searching for key 'pooled.testOnReturn' in [environmentProperties]
19606 [Test worker] DEBUG org.springframework.core.env.PropertySourcesPropertyResolver  - Searching for key 'pooled.testOnReturn' in [systemProperties]
19606 [Test worker] DEBUG org.springframework.core.env.PropertySourcesPropertyResolver  - Searching for key 'pooled.testOnReturn' in [systemEnvironment]
19606 [Test worker] DEBUG org.springframework.core.env.PropertySourcesPropertyResolver  - Could not find key 'pooled.testOnReturn' in any property source. Returning [null]
19606 [Test worker] DEBUG org.springframework.core.env.PropertySourcesPropertyResolver  - Searching for key 'pooled.testOnReturn' in [localProperties]
19606 [Test worker] DEBUG org.springframework.core.env.PropertySourcesPropertyResolver  - Found key 'pooled.testOnReturn' in [localProperties] with type [String] and value 'false'
19618 [Test worker] DEBUG org.springframework.context.support.GenericApplicationContext  - Unable to locate MessageSource with name 'messageSource': using default [org.springframework.context.support.DelegatingMessageSource@5d477cb7]
19618 [Test worker] DEBUG org.springframework.context.support.GenericApplicationContext  - Unable to locate ApplicationEventMulticaster with name 'applicationEventMulticaster': using default [org.springframework.context.event.SimpleApplicationEventMulticaster@4d0239]
19647 [Test worker] DEBUG org.springframework.aop.framework.autoproxy.BeanFactoryAdvisorRetrievalHelper  - Skipping currently created advisor 'org.springframework.cache.config.internalCacheAdvisor'
19666 [Test worker] DEBUG org.springframework.aop.aspectj.annotation.ReflectiveAspectJAdvisorFactory  - Found AspectJ method: public void com.tim.one.advice.AfterThrowingAdvice.doRecoveryActions(java.lang.RuntimeException)
19668 [Test worker] DEBUG org.springframework.aop.framework.autoproxy.BeanFactoryAdvisorRetrievalHelper  - Skipping currently created advisor 'org.springframework.cache.config.internalCacheAdvisor'
19668 [Test worker] DEBUG org.springframework.aop.framework.autoproxy.BeanFactoryAdvisorRetrievalHelper  - Skipping currently created advisor 'org.springframework.cache.config.internalCacheAdvisor'
19685 [Test worker] DEBUG org.springframework.core.io.support.PathMatchingResourcePatternResolver  - Looking for matching resources in jar file [file:/home/josdem/git/uber-timone/persistence/build/libs/persistence-0.1.4-ALPHA.jar]
19686 [Test worker] DEBUG org.springframework.core.io.support.PathMatchingResourcePatternResolver  - Resolved location pattern [classpath*:com/tim/one/model/**/*.class] to resources [URL [jar:file:/home/josdem/git/uber-timone/persistence/build/libs/persistence-0.1.4-ALPHA.jar!/com/tim/one/model/TramaTx.class], URL [jar:file:/home/josdem/git/uber-timone/persistence/build/libs/persistence-0.1.4-ALPHA.jar!/com/tim/one/model/StpLogTx.class], URL [jar:file:/home/josdem/git/uber-timone/persistence/build/libs/persistence-0.1.4-ALPHA.jar!/com/tim/one/model/ProjectUnitSale.class], URL [jar:file:/home/josdem/git/uber-timone/persistence/build/libs/persistence-0.1.4-ALPHA.jar!/com/tim/one/model/ProjectPhoto.class], URL [jar:file:/home/josdem/git/uber-timone/persistence/build/libs/persistence-0.1.4-ALPHA.jar!/com/tim/one/model/Persona.class], URL [jar:file:/home/josdem/git/uber-timone/persistence/build/libs/persistence-0.1.4-ALPHA.jar!/com/tim/one/model/ProjectSoundcloud.class], URL [jar:file:/home/josdem/git/uber-timone/persistence/build/libs/persistence-0.1.4-ALPHA.jar!/com/tim/one/model/ProjectProvider.class], URL [jar:file:/home/josdem/git/uber-timone/persistence/build/libs/persistence-0.1.4-ALPHA.jar!/com/tim/one/model/Project.class], URL [jar:file:/home/josdem/git/uber-timone/persistence/build/libs/persistence-0.1.4-ALPHA.jar!/com/tim/one/model/PersonaTx.class], URL [jar:file:/home/josdem/git/uber-timone/persistence/build/libs/persistence-0.1.4-ALPHA.jar!/com/tim/one/model/SessionKey.class], URL [jar:file:/home/josdem/git/uber-timone/persistence/build/libs/persistence-0.1.4-ALPHA.jar!/com/tim/one/model/User.class], URL [jar:file:/home/josdem/git/uber-timone/persistence/build/libs/persistence-0.1.4-ALPHA.jar!/com/tim/one/model/BulkUnitTx.class], URL [jar:file:/home/josdem/git/uber-timone/persistence/build/libs/persistence-0.1.4-ALPHA.jar!/com/tim/one/model/ProviderTx.class], URL [jar:file:/home/josdem/git/uber-timone/persistence/build/libs/persistence-0.1.4-ALPHA.jar!/com/tim/one/model/ProjectTx.class], URL [jar:file:/home/josdem/git/uber-timone/persistence/build/libs/persistence-0.1.4-ALPHA.jar!/com/tim/one/model/ProjectLog.class], URL [jar:file:/home/josdem/git/uber-timone/persistence/build/libs/persistence-0.1.4-ALPHA.jar!/com/tim/one/model/ProjectFinancialData.class], URL [jar:file:/home/josdem/git/uber-timone/persistence/build/libs/persistence-0.1.4-ALPHA.jar!/com/tim/one/model/UserAccount.class], URL [jar:file:/home/josdem/git/uber-timone/persistence/build/libs/persistence-0.1.4-ALPHA.jar!/com/tim/one/model/StpStatus.class], URL [jar:file:/home/josdem/git/uber-timone/persistence/build/libs/persistence-0.1.4-ALPHA.jar!/com/tim/one/model/ProjectVideo.class], URL [jar:file:/home/josdem/git/uber-timone/persistence/build/libs/persistence-0.1.4-ALPHA.jar!/com/tim/one/model/TransferUserLimit.class], URL [jar:file:/home/josdem/git/uber-timone/persistence/build/libs/persistence-0.1.4-ALPHA.jar!/com/tim/one/model/ProjectBusinessCase.class], URL [jar:file:/home/josdem/git/uber-timone/persistence/build/libs/persistence-0.1.4-ALPHA.jar!/com/tim/one/model/ProjectCategory.class], URL [jar:file:/home/josdem/git/uber-timone/persistence/build/libs/persistence-0.1.4-ALPHA.jar!/com/tim/one/model/UserTx.class], URL [jar:file:/home/josdem/git/uber-timone/persistence/build/libs/persistence-0.1.4-ALPHA.jar!/com/tim/one/model/TramaAccount.class], URL [jar:file:/home/josdem/git/uber-timone/persistence/build/libs/persistence-0.1.4-ALPHA.jar!/com/tim/one/model/BankCode.class], URL [jar:file:/home/josdem/git/uber-timone/persistence/build/libs/persistence-0.1.4-ALPHA.jar!/com/tim/one/model/IntegraUserTx.class], URL [jar:file:/home/josdem/git/uber-timone/persistence/build/libs/persistence-0.1.4-ALPHA.jar!/com/tim/one/model/ProjectType.class], URL [jar:file:/home/josdem/git/uber-timone/persistence/build/libs/persistence-0.1.4-ALPHA.jar!/com/tim/one/model/ProjectVariableCost.class], URL [jar:file:/home/josdem/git/uber-timone/persistence/build/libs/persistence-0.1.4-ALPHA.jar!/com/tim/one/model/IntegraUser.class], URL [jar:file:/home/josdem/git/uber-timone/persistence/build/libs/persistence-0.1.4-ALPHA.jar!/com/tim/one/model/ProjectTag.class], URL [jar:file:/home/josdem/git/uber-timone/persistence/build/libs/persistence-0.1.4-ALPHA.jar!/com/tim/one/model/ProjectRate.class], URL [jar:file:/home/josdem/git/uber-timone/persistence/build/libs/persistence-0.1.4-ALPHA.jar!/com/tim/one/model/UnitTx.class]]
19700 [Test worker] INFO  org.springframework.orm.jpa.LocalContainerEntityManagerFactoryBean  - Building JPA container EntityManagerFactory for persistence unit 'default'
19700 [Test worker] INFO  org.hibernate.jpa.internal.util.LogHelper  - HHH000204: Processing PersistenceUnitInfo [
	name: default
	...]
19789 [Test worker] INFO  org.hibernate.dialect.Dialect  - HHH000400: Using dialect: org.hibernate.dialect.MySQLDialect
19789 [Test worker] INFO  org.hibernate.engine.jdbc.internal.LobCreatorBuilder  - HHH000423: Disabling contextual LOB creation as JDBC driver reported JDBC version [3] less than 4
19846 [Test worker] INFO  org.hibernate.hql.internal.ast.ASTQueryTranslatorFactory  - HHH000397: Using ASTQueryTranslatorFactory
19853 [Test worker] WARN  net.sf.ehcache.CacheManager  - Creating a new instance of CacheManager using the diskStorePath "/tmp" which is already used by an existing CacheManager.
The source of the configuration was net.sf.ehcache.config.generator.ConfigurationSource$DefaultConfigurationSource@221a9ae7.
The diskStore path for this CacheManager will be set to /tmp/ehcache_auto_created_1432140032668.
To avoid this warning consider using the CacheManager factory methods to create a singleton CacheManager or specifying a separate ehcache configuration (ehcache.xml) for each CacheManager instance.
19854 [Test worker] INFO  org.hibernate.cache.spi.UpdateTimestampsCache  - HHH000250: Starting update timestamps cache at region: org.hibernate.cache.spi.UpdateTimestampsCache
19854 [Test worker] WARN  org.hibernate.cache.ehcache.AbstractEhcacheRegionFactory  - HHH020003: Could not find a specific ehcache configuration for cache named [org.hibernate.cache.spi.UpdateTimestampsCache]; using defaults.
19854 [Test worker] WARN  net.sf.ehcache.store.compound.factories.DiskPersistentStorageFactory  - Data in persistent disk stores is ignored for stores from automatically created directories (they start with ehcache_auto_created).
Remove diskPersistent or resolve the conflicting disk paths in cache configuration.
Deleting data file /tmp/ehcache_auto_created_1432140032668/org.hibernate.cache.spi.UpdateTimestampsCache.data
19855 [Test worker] INFO  org.hibernate.cache.internal.StandardQueryCache  - HHH000248: Starting query cache at region: org.hibernate.cache.internal.StandardQueryCache
19855 [Test worker] WARN  org.hibernate.cache.ehcache.AbstractEhcacheRegionFactory  - HHH020003: Could not find a specific ehcache configuration for cache named [org.hibernate.cache.internal.StandardQueryCache]; using defaults.
19855 [Test worker] WARN  net.sf.ehcache.store.compound.factories.DiskPersistentStorageFactory  - Data in persistent disk stores is ignored for stores from automatically created directories (they start with ehcache_auto_created).
Remove diskPersistent or resolve the conflicting disk paths in cache configuration.
Deleting data file /tmp/ehcache_auto_created_1432140032668/org.hibernate.cache.internal.StandardQueryCache.data
19872 [Test worker] WARN  org.hibernate.cache.ehcache.AbstractEhcacheRegionFactory  - HHH020003: Could not find a specific ehcache configuration for cache named [com.tim.one.model.ProjectPhoto]; using defaults.
19872 [Test worker] WARN  net.sf.ehcache.store.compound.factories.DiskPersistentStorageFactory  - Data in persistent disk stores is ignored for stores from automatically created directories (they start with ehcache_auto_created).
Remove diskPersistent or resolve the conflicting disk paths in cache configuration.
Deleting data file /tmp/ehcache_auto_created_1432140032668/com.tim.one.model.ProjectPhoto.data
19873 [Test worker] WARN  org.hibernate.cache.ehcache.internal.strategy.EhcacheAccessStrategyFactoryImpl  - HHH020007: read-only cache configured for mutable entity [com.tim.one.model.ProjectPhoto]
19876 [Test worker] WARN  org.hibernate.cache.ehcache.AbstractEhcacheRegionFactory  - HHH020003: Could not find a specific ehcache configuration for cache named [com.tim.one.model.ProjectTag]; using defaults.
19877 [Test worker] WARN  net.sf.ehcache.store.compound.factories.DiskPersistentStorageFactory  - Data in persistent disk stores is ignored for stores from automatically created directories (they start with ehcache_auto_created).
Remove diskPersistent or resolve the conflicting disk paths in cache configuration.
Deleting data file /tmp/ehcache_auto_created_1432140032668/com.tim.one.model.ProjectTag.data
19878 [Test worker] WARN  org.hibernate.cache.ehcache.internal.strategy.EhcacheAccessStrategyFactoryImpl  - HHH020007: read-only cache configured for mutable entity [com.tim.one.model.ProjectTag]
19884 [Test worker] WARN  org.hibernate.cache.ehcache.AbstractEhcacheRegionFactory  - HHH020003: Could not find a specific ehcache configuration for cache named [com.tim.one.model.BankCode]; using defaults.
19884 [Test worker] WARN  net.sf.ehcache.store.compound.factories.DiskPersistentStorageFactory  - Data in persistent disk stores is ignored for stores from automatically created directories (they start with ehcache_auto_created).
Remove diskPersistent or resolve the conflicting disk paths in cache configuration.
Deleting data file /tmp/ehcache_auto_created_1432140032668/com.tim.one.model.BankCode.data
19885 [Test worker] WARN  org.hibernate.cache.ehcache.internal.strategy.EhcacheAccessStrategyFactoryImpl  - HHH020007: read-only cache configured for mutable entity [com.tim.one.model.BankCode]
19886 [Test worker] WARN  org.hibernate.cache.ehcache.AbstractEhcacheRegionFactory  - HHH020003: Could not find a specific ehcache configuration for cache named [com.tim.one.model.Project]; using defaults.
19886 [Test worker] WARN  net.sf.ehcache.store.compound.factories.DiskPersistentStorageFactory  - Data in persistent disk stores is ignored for stores from automatically created directories (they start with ehcache_auto_created).
Remove diskPersistent or resolve the conflicting disk paths in cache configuration.
Deleting data file /tmp/ehcache_auto_created_1432140032668/com.tim.one.model.Project.data
19895 [Test worker] WARN  org.hibernate.cache.ehcache.AbstractEhcacheRegionFactory  - HHH020003: Could not find a specific ehcache configuration for cache named [com.tim.one.model.User]; using defaults.
19895 [Test worker] WARN  net.sf.ehcache.store.compound.factories.DiskPersistentStorageFactory  - Data in persistent disk stores is ignored for stores from automatically created directories (they start with ehcache_auto_created).
Remove diskPersistent or resolve the conflicting disk paths in cache configuration.
Deleting data file /tmp/ehcache_auto_created_1432140032668/com.tim.one.model.User.data
19898 [Test worker] WARN  org.hibernate.cache.ehcache.AbstractEhcacheRegionFactory  - HHH020003: Could not find a specific ehcache configuration for cache named [com.tim.one.model.ProjectCategory]; using defaults.
19898 [Test worker] WARN  net.sf.ehcache.store.compound.factories.DiskPersistentStorageFactory  - Data in persistent disk stores is ignored for stores from automatically created directories (they start with ehcache_auto_created).
Remove diskPersistent or resolve the conflicting disk paths in cache configuration.
Deleting data file /tmp/ehcache_auto_created_1432140032668/com.tim.one.model.ProjectCategory.data
19899 [Test worker] WARN  org.hibernate.cache.ehcache.internal.strategy.EhcacheAccessStrategyFactoryImpl  - HHH020007: read-only cache configured for mutable entity [com.tim.one.model.ProjectCategory]
19901 [Test worker] WARN  org.hibernate.cache.ehcache.AbstractEhcacheRegionFactory  - HHH020003: Could not find a specific ehcache configuration for cache named [com.tim.one.model.ProjectSoundcloud]; using defaults.
19901 [Test worker] WARN  net.sf.ehcache.store.compound.factories.DiskPersistentStorageFactory  - Data in persistent disk stores is ignored for stores from automatically created directories (they start with ehcache_auto_created).
Remove diskPersistent or resolve the conflicting disk paths in cache configuration.
Deleting data file /tmp/ehcache_auto_created_1432140032668/com.tim.one.model.ProjectSoundcloud.data
19902 [Test worker] WARN  org.hibernate.cache.ehcache.internal.strategy.EhcacheAccessStrategyFactoryImpl  - HHH020007: read-only cache configured for mutable entity [com.tim.one.model.ProjectSoundcloud]
19906 [Test worker] WARN  org.hibernate.cache.ehcache.AbstractEhcacheRegionFactory  - HHH020003: Could not find a specific ehcache configuration for cache named [com.tim.one.model.ProjectVideo]; using defaults.
19906 [Test worker] WARN  net.sf.ehcache.store.compound.factories.DiskPersistentStorageFactory  - Data in persistent disk stores is ignored for stores from automatically created directories (they start with ehcache_auto_created).
Remove diskPersistent or resolve the conflicting disk paths in cache configuration.
Deleting data file /tmp/ehcache_auto_created_1432140032668/com.tim.one.model.ProjectVideo.data
19907 [Test worker] WARN  org.hibernate.cache.ehcache.internal.strategy.EhcacheAccessStrategyFactoryImpl  - HHH020007: read-only cache configured for mutable entity [com.tim.one.model.ProjectVideo]
20042 [Test worker] WARN  org.hibernate.jpa.internal.EntityManagerFactoryRegistry  - HHH000436: Entity manager factory name (default) is already registered.  If entity manager will be clustered or passivated, specify a unique value for property 'hibernate.ejb.entitymanager_factory_name'
20050 [Test worker] INFO  org.springframework.beans.factory.config.PropertiesFactoryBean  - Loading properties file from class path resource [config/stp.properties]
20079 [Test worker] INFO  org.springframework.beans.factory.config.PropertiesFactoryBean  - Loading properties file from class path resource [config/email.properties]
20081 [Test worker] INFO  org.springframework.beans.factory.config.PropertiesFactoryBean  - Loading properties file from class path resource [config/timone.properties]
20083 [Test worker] INFO  org.springframework.beans.factory.config.PropertiesFactoryBean  - Loading properties file from class path resource [config/dynamic.properties]
20089 [Test worker] DEBUG org.springframework.context.annotation.CommonAnnotationBeanPostProcessor  - Found init method on class [com.tim.one.stp.service.impl.RestServiceImpl]: public void com.tim.one.stp.service.impl.RestServiceImpl.setup()
20089 [Test worker] DEBUG org.springframework.context.annotation.CommonAnnotationBeanPostProcessor  - Registered init method on class [com.tim.one.stp.service.impl.RestServiceImpl]: org.springframework.beans.factory.annotation.InitDestroyAnnotationBeanPostProcessor$LifecycleElement@6843a7d
20123 [Test worker] DEBUG org.springframework.context.annotation.CommonAnnotationBeanPostProcessor  - Invoking init method on bean 'restServiceImpl': public void com.tim.one.stp.service.impl.RestServiceImpl.setup()
20146 [Test worker] DEBUG org.springframework.context.annotation.CommonAnnotationBeanPostProcessor  - Found init method on class [org.apache.activemq.xbean.XBeanBrokerService]: public void org.apache.activemq.xbean.XBeanBrokerService.afterPropertiesSet() throws java.lang.Exception
20146 [Test worker] DEBUG org.springframework.context.annotation.CommonAnnotationBeanPostProcessor  - Found destroy method on class [org.apache.activemq.xbean.XBeanBrokerService]: public void org.apache.activemq.xbean.XBeanBrokerService.destroy() throws java.lang.Exception
20146 [Test worker] DEBUG org.springframework.context.annotation.CommonAnnotationBeanPostProcessor  - Found init method on class [org.apache.activemq.xbean.XBeanBrokerService]: public void org.apache.activemq.broker.BrokerService.autoStart() throws java.lang.Exception
20147 [Test worker] DEBUG org.springframework.context.annotation.CommonAnnotationBeanPostProcessor  - Found destroy method on class [org.apache.activemq.xbean.XBeanBrokerService]: public void org.apache.activemq.broker.BrokerService.stop() throws java.lang.Exception
20147 [Test worker] DEBUG org.springframework.context.annotation.CommonAnnotationBeanPostProcessor  - Registered init method on class [org.apache.activemq.xbean.XBeanBrokerService]: org.springframework.beans.factory.annotation.InitDestroyAnnotationBeanPostProcessor$LifecycleElement@625c2bf3
20147 [Test worker] DEBUG org.springframework.context.annotation.CommonAnnotationBeanPostProcessor  - Registered init method on class [org.apache.activemq.xbean.XBeanBrokerService]: org.springframework.beans.factory.annotation.InitDestroyAnnotationBeanPostProcessor$LifecycleElement@b54555b3
20147 [Test worker] DEBUG org.springframework.context.annotation.CommonAnnotationBeanPostProcessor  - Registered destroy method on class [org.apache.activemq.xbean.XBeanBrokerService]: org.springframework.beans.factory.annotation.InitDestroyAnnotationBeanPostProcessor$LifecycleElement@5cd39ffa
20147 [Test worker] DEBUG org.springframework.context.annotation.CommonAnnotationBeanPostProcessor  - Registered destroy method on class [org.apache.activemq.xbean.XBeanBrokerService]: org.springframework.beans.factory.annotation.InitDestroyAnnotationBeanPostProcessor$LifecycleElement@360802
20157 [Test worker] DEBUG org.springframework.context.annotation.CommonAnnotationBeanPostProcessor  - Invoking init method on bean 'broker': public void org.apache.activemq.broker.BrokerService.autoStart() throws java.lang.Exception
20157 [Test worker] INFO  org.apache.activemq.broker.BrokerService  - Using Persistence Adapter: MemoryPersistenceAdapter
20157 [Test worker] INFO  org.apache.activemq.broker.BrokerService  - Apache ActiveMQ 5.8.0 (localhost, ID:josdem-Inspiron-5420-62278-1432140019380-0:2) is starting
20158 [Test worker] INFO  org.apache.activemq.transport.TransportServerThreadSupport  - Listening for connections at: tcp://localhost:42931
20158 [Test worker] INFO  org.apache.activemq.broker.TransportConnector  - Connector tcp://localhost:0 Started
20158 [Test worker] INFO  org.apache.activemq.broker.BrokerService  - Apache ActiveMQ 5.8.0 (localhost, ID:josdem-Inspiron-5420-62278-1432140019380-0:2) started
20158 [Test worker] INFO  org.apache.activemq.broker.BrokerService  - For help or more information please see: http://activemq.apache.org
20159 [Test worker] DEBUG org.springframework.context.annotation.CommonAnnotationBeanPostProcessor  - Invoking init method on bean 'broker': public void org.apache.activemq.xbean.XBeanBrokerService.afterPropertiesSet() throws java.lang.Exception
20175 [Test worker] DEBUG org.springframework.context.annotation.CommonAnnotationBeanPostProcessor  - Found init method on class [org.apache.activemq.spring.ActiveMQConnectionFactory]: public void org.apache.activemq.spring.ActiveMQConnectionFactory.afterPropertiesSet() throws java.lang.Exception
20175 [Test worker] DEBUG org.springframework.context.annotation.CommonAnnotationBeanPostProcessor  - Registered init method on class [org.apache.activemq.spring.ActiveMQConnectionFactory]: org.springframework.beans.factory.annotation.InitDestroyAnnotationBeanPostProcessor$LifecycleElement@b54555b3
20177 [Test worker] DEBUG org.springframework.context.annotation.CommonAnnotationBeanPostProcessor  - Invoking init method on bean 'jmsFactory': public void org.apache.activemq.spring.ActiveMQConnectionFactory.afterPropertiesSet() throws java.lang.Exception
20218 [Test worker] DEBUG org.springframework.orm.jpa.SharedEntityManagerCreator$SharedEntityManagerInvocationHandler  - Creating new EntityManager for shared EntityManager invocation
20218 [Test worker] DEBUG org.springframework.orm.jpa.EntityManagerFactoryUtils  - Closing JPA EntityManager
20218 [Test worker] INFO  org.hibernate.engine.internal.StatisticalLoggingSessionEventListener  - Session Metrics {
    0 nanoseconds spent acquiring 0 JDBC connections;
    0 nanoseconds spent releasing 0 JDBC connections;
    0 nanoseconds spent preparing 0 JDBC statements;
    0 nanoseconds spent executing 0 JDBC statements;
    0 nanoseconds spent executing 0 JDBC batches;
    0 nanoseconds spent performing 0 L2C puts;
    0 nanoseconds spent performing 0 L2C hits;
    0 nanoseconds spent performing 0 L2C misses;
    0 nanoseconds spent executing 0 flushes (flushing a total of 0 entities and 0 collections);
    0 nanoseconds spent executing 0 partial-flushes (flushing a total of 0 entities and 0 collections)
}
20218 [Test worker] DEBUG org.springframework.orm.jpa.SharedEntityManagerCreator$SharedEntityManagerInvocationHandler  - Creating new EntityManager for shared EntityManager invocation
20218 [Test worker] DEBUG org.springframework.orm.jpa.EntityManagerFactoryUtils  - Closing JPA EntityManager
20219 [Test worker] INFO  org.hibernate.engine.internal.StatisticalLoggingSessionEventListener  - Session Metrics {
    0 nanoseconds spent acquiring 0 JDBC connections;
    0 nanoseconds spent releasing 0 JDBC connections;
    0 nanoseconds spent preparing 0 JDBC statements;
    0 nanoseconds spent executing 0 JDBC statements;
    0 nanoseconds spent executing 0 JDBC batches;
    0 nanoseconds spent performing 0 L2C puts;
    0 nanoseconds spent performing 0 L2C hits;
    0 nanoseconds spent performing 0 L2C misses;
    0 nanoseconds spent executing 0 flushes (flushing a total of 0 entities and 0 collections);
    0 nanoseconds spent executing 0 partial-flushes (flushing a total of 0 entities and 0 collections)
}
20219 [Test worker] DEBUG org.springframework.orm.jpa.SharedEntityManagerCreator$SharedEntityManagerInvocationHandler  - Creating new EntityManager for shared EntityManager invocation
20219 [Test worker] DEBUG org.springframework.orm.jpa.EntityManagerFactoryUtils  - Closing JPA EntityManager
20219 [Test worker] INFO  org.hibernate.engine.internal.StatisticalLoggingSessionEventListener  - Session Metrics {
    0 nanoseconds spent acquiring 0 JDBC connections;
    0 nanoseconds spent releasing 0 JDBC connections;
    0 nanoseconds spent preparing 0 JDBC statements;
    0 nanoseconds spent executing 0 JDBC statements;
    0 nanoseconds spent executing 0 JDBC batches;
    0 nanoseconds spent performing 0 L2C puts;
    0 nanoseconds spent performing 0 L2C hits;
    0 nanoseconds spent performing 0 L2C misses;
    0 nanoseconds spent executing 0 flushes (flushing a total of 0 entities and 0 collections);
    0 nanoseconds spent executing 0 partial-flushes (flushing a total of 0 entities and 0 collections)
}
20220 [Test worker] DEBUG org.springframework.orm.jpa.SharedEntityManagerCreator$SharedEntityManagerInvocationHandler  - Creating new EntityManager for shared EntityManager invocation
20220 [Test worker] DEBUG org.springframework.orm.jpa.EntityManagerFactoryUtils  - Closing JPA EntityManager
20220 [Test worker] INFO  org.hibernate.engine.internal.StatisticalLoggingSessionEventListener  - Session Metrics {
    0 nanoseconds spent acquiring 0 JDBC connections;
    0 nanoseconds spent releasing 0 JDBC connections;
    0 nanoseconds spent preparing 0 JDBC statements;
    0 nanoseconds spent executing 0 JDBC statements;
    0 nanoseconds spent executing 0 JDBC batches;
    0 nanoseconds spent performing 0 L2C puts;
    0 nanoseconds spent performing 0 L2C hits;
    0 nanoseconds spent performing 0 L2C misses;
    0 nanoseconds spent executing 0 flushes (flushing a total of 0 entities and 0 collections);
    0 nanoseconds spent executing 0 partial-flushes (flushing a total of 0 entities and 0 collections)
}
20228 [Test worker] DEBUG org.springframework.orm.jpa.SharedEntityManagerCreator$SharedEntityManagerInvocationHandler  - Creating new EntityManager for shared EntityManager invocation
20229 [Test worker] DEBUG org.springframework.orm.jpa.EntityManagerFactoryUtils  - Closing JPA EntityManager
20229 [Test worker] INFO  org.hibernate.engine.internal.StatisticalLoggingSessionEventListener  - Session Metrics {
    0 nanoseconds spent acquiring 0 JDBC connections;
    0 nanoseconds spent releasing 0 JDBC connections;
    0 nanoseconds spent preparing 0 JDBC statements;
    0 nanoseconds spent executing 0 JDBC statements;
    0 nanoseconds spent executing 0 JDBC batches;
    0 nanoseconds spent performing 0 L2C puts;
    0 nanoseconds spent performing 0 L2C hits;
    0 nanoseconds spent performing 0 L2C misses;
    0 nanoseconds spent executing 0 flushes (flushing a total of 0 entities and 0 collections);
    0 nanoseconds spent executing 0 partial-flushes (flushing a total of 0 entities and 0 collections)
}
20229 [Test worker] DEBUG org.springframework.orm.jpa.SharedEntityManagerCreator$SharedEntityManagerInvocationHandler  - Creating new EntityManager for shared EntityManager invocation
20229 [Test worker] DEBUG org.springframework.orm.jpa.EntityManagerFactoryUtils  - Closing JPA EntityManager
20229 [Test worker] INFO  org.hibernate.engine.internal.StatisticalLoggingSessionEventListener  - Session Metrics {
    0 nanoseconds spent acquiring 0 JDBC connections;
    0 nanoseconds spent releasing 0 JDBC connections;
    0 nanoseconds spent preparing 0 JDBC statements;
    0 nanoseconds spent executing 0 JDBC statements;
    0 nanoseconds spent executing 0 JDBC batches;
    0 nanoseconds spent performing 0 L2C puts;
    0 nanoseconds spent performing 0 L2C hits;
    0 nanoseconds spent performing 0 L2C misses;
    0 nanoseconds spent executing 0 flushes (flushing a total of 0 entities and 0 collections);
    0 nanoseconds spent executing 0 partial-flushes (flushing a total of 0 entities and 0 collections)
}
20230 [Test worker] DEBUG org.springframework.orm.jpa.SharedEntityManagerCreator$SharedEntityManagerInvocationHandler  - Creating new EntityManager for shared EntityManager invocation
20230 [Test worker] DEBUG org.springframework.orm.jpa.EntityManagerFactoryUtils  - Closing JPA EntityManager
20230 [Test worker] INFO  org.hibernate.engine.internal.StatisticalLoggingSessionEventListener  - Session Metrics {
    0 nanoseconds spent acquiring 0 JDBC connections;
    0 nanoseconds spent releasing 0 JDBC connections;
    0 nanoseconds spent preparing 0 JDBC statements;
    0 nanoseconds spent executing 0 JDBC statements;
    0 nanoseconds spent executing 0 JDBC batches;
    0 nanoseconds spent performing 0 L2C puts;
    0 nanoseconds spent performing 0 L2C hits;
    0 nanoseconds spent performing 0 L2C misses;
    0 nanoseconds spent executing 0 flushes (flushing a total of 0 entities and 0 collections);
    0 nanoseconds spent executing 0 partial-flushes (flushing a total of 0 entities and 0 collections)
}
20230 [Test worker] DEBUG org.springframework.orm.jpa.SharedEntityManagerCreator$SharedEntityManagerInvocationHandler  - Creating new EntityManager for shared EntityManager invocation
20231 [Test worker] DEBUG org.springframework.orm.jpa.EntityManagerFactoryUtils  - Closing JPA EntityManager
20231 [Test worker] INFO  org.hibernate.engine.internal.StatisticalLoggingSessionEventListener  - Session Metrics {
    0 nanoseconds spent acquiring 0 JDBC connections;
    0 nanoseconds spent releasing 0 JDBC connections;
    0 nanoseconds spent preparing 0 JDBC statements;
    0 nanoseconds spent executing 0 JDBC statements;
    0 nanoseconds spent executing 0 JDBC batches;
    0 nanoseconds spent performing 0 L2C puts;
    0 nanoseconds spent performing 0 L2C hits;
    0 nanoseconds spent performing 0 L2C misses;
    0 nanoseconds spent executing 0 flushes (flushing a total of 0 entities and 0 collections);
    0 nanoseconds spent executing 0 partial-flushes (flushing a total of 0 entities and 0 collections)
}
20231 [Test worker] DEBUG org.springframework.data.jpa.repository.query.SimpleJpaQuery  - Looking up query for method findByBankCode
20231 [Test worker] DEBUG org.springframework.data.jpa.repository.query.NamedQuery  - Looking up named query BankCode.findByBankCode
20231 [Test worker] DEBUG org.springframework.orm.jpa.SharedEntityManagerCreator$SharedEntityManagerInvocationHandler  - Creating new EntityManager for shared EntityManager invocation
20232 [Test worker] DEBUG org.springframework.orm.jpa.EntityManagerFactoryUtils  - Closing JPA EntityManager
20232 [Test worker] INFO  org.hibernate.engine.internal.StatisticalLoggingSessionEventListener  - Session Metrics {
    0 nanoseconds spent acquiring 0 JDBC connections;
    0 nanoseconds spent releasing 0 JDBC connections;
    0 nanoseconds spent preparing 0 JDBC statements;
    0 nanoseconds spent executing 0 JDBC statements;
    0 nanoseconds spent executing 0 JDBC batches;
    0 nanoseconds spent performing 0 L2C puts;
    0 nanoseconds spent performing 0 L2C hits;
    0 nanoseconds spent performing 0 L2C misses;
    0 nanoseconds spent executing 0 flushes (flushing a total of 0 entities and 0 collections);
    0 nanoseconds spent executing 0 partial-flushes (flushing a total of 0 entities and 0 collections)
}
20232 [Test worker] DEBUG org.springframework.aop.framework.JdkDynamicAopProxy  - Creating JDK dynamic proxy: target source is SingletonTargetSource for target object [org.springframework.data.jpa.repository.support.SimpleJpaRepository@9f288e5]
20233 [Test worker] DEBUG org.springframework.cache.annotation.AnnotationCacheOperationSource  - Adding cacheable method 'findByBankCode' with attribute: [CacheableOperation[public abstract com.tim.one.model.BankCode com.tim.one.repository.BankCodeRepository.findByBankCode(java.lang.Integer)] caches=[predefinedFinders] | key='' | keyGenerator='' | cacheManager='' | cacheResolver='' | condition='' | unless='']
20261 [Test worker] DEBUG org.springframework.aop.aspectj.annotation.AnnotationAwareAspectJAutoProxyCreator  - Creating implicit proxy for bean 'bankCodeRepository' with 0 common interceptors and 1 specific interceptors
20261 [Test worker] DEBUG org.springframework.aop.framework.JdkDynamicAopProxy  - Creating JDK dynamic proxy: target source is SingletonTargetSource for target object [com.sun.proxy.$Proxy60@c531aa2]
20266 [Test worker] DEBUG org.springframework.orm.jpa.SharedEntityManagerCreator$SharedEntityManagerInvocationHandler  - Creating new EntityManager for shared EntityManager invocation
20266 [Test worker] DEBUG org.springframework.orm.jpa.EntityManagerFactoryUtils  - Closing JPA EntityManager
20267 [Test worker] INFO  org.hibernate.engine.internal.StatisticalLoggingSessionEventListener  - Session Metrics {
    0 nanoseconds spent acquiring 0 JDBC connections;
    0 nanoseconds spent releasing 0 JDBC connections;
    0 nanoseconds spent preparing 0 JDBC statements;
    0 nanoseconds spent executing 0 JDBC statements;
    0 nanoseconds spent executing 0 JDBC batches;
    0 nanoseconds spent performing 0 L2C puts;
    0 nanoseconds spent performing 0 L2C hits;
    0 nanoseconds spent performing 0 L2C misses;
    0 nanoseconds spent executing 0 flushes (flushing a total of 0 entities and 0 collections);
    0 nanoseconds spent executing 0 partial-flushes (flushing a total of 0 entities and 0 collections)
}
20267 [Test worker] DEBUG org.springframework.orm.jpa.SharedEntityManagerCreator$SharedEntityManagerInvocationHandler  - Creating new EntityManager for shared EntityManager invocation
20267 [Test worker] DEBUG org.springframework.orm.jpa.EntityManagerFactoryUtils  - Closing JPA EntityManager
20267 [Test worker] INFO  org.hibernate.engine.internal.StatisticalLoggingSessionEventListener  - Session Metrics {
    0 nanoseconds spent acquiring 0 JDBC connections;
    0 nanoseconds spent releasing 0 JDBC connections;
    0 nanoseconds spent preparing 0 JDBC statements;
    0 nanoseconds spent executing 0 JDBC statements;
    0 nanoseconds spent executing 0 JDBC batches;
    0 nanoseconds spent performing 0 L2C puts;
    0 nanoseconds spent performing 0 L2C hits;
    0 nanoseconds spent performing 0 L2C misses;
    0 nanoseconds spent executing 0 flushes (flushing a total of 0 entities and 0 collections);
    0 nanoseconds spent executing 0 partial-flushes (flushing a total of 0 entities and 0 collections)
}
20272 [Test worker] DEBUG org.springframework.orm.jpa.SharedEntityManagerCreator$SharedEntityManagerInvocationHandler  - Creating new EntityManager for shared EntityManager invocation
20272 [Test worker] DEBUG org.springframework.orm.jpa.EntityManagerFactoryUtils  - Closing JPA EntityManager
20272 [Test worker] INFO  org.hibernate.engine.internal.StatisticalLoggingSessionEventListener  - Session Metrics {
    0 nanoseconds spent acquiring 0 JDBC connections;
    0 nanoseconds spent releasing 0 JDBC connections;
    0 nanoseconds spent preparing 0 JDBC statements;
    0 nanoseconds spent executing 0 JDBC statements;
    0 nanoseconds spent executing 0 JDBC batches;
    0 nanoseconds spent performing 0 L2C puts;
    0 nanoseconds spent performing 0 L2C hits;
    0 nanoseconds spent performing 0 L2C misses;
    0 nanoseconds spent executing 0 flushes (flushing a total of 0 entities and 0 collections);
    0 nanoseconds spent executing 0 partial-flushes (flushing a total of 0 entities and 0 collections)
}
20273 [Test worker] DEBUG org.springframework.orm.jpa.SharedEntityManagerCreator$SharedEntityManagerInvocationHandler  - Creating new EntityManager for shared EntityManager invocation
20274 [Test worker] DEBUG org.springframework.orm.jpa.EntityManagerFactoryUtils  - Closing JPA EntityManager
20274 [Test worker] INFO  org.hibernate.engine.internal.StatisticalLoggingSessionEventListener  - Session Metrics {
    0 nanoseconds spent acquiring 0 JDBC connections;
    0 nanoseconds spent releasing 0 JDBC connections;
    0 nanoseconds spent preparing 0 JDBC statements;
    0 nanoseconds spent executing 0 JDBC statements;
    0 nanoseconds spent executing 0 JDBC batches;
    0 nanoseconds spent performing 0 L2C puts;
    0 nanoseconds spent performing 0 L2C hits;
    0 nanoseconds spent performing 0 L2C misses;
    0 nanoseconds spent executing 0 flushes (flushing a total of 0 entities and 0 collections);
    0 nanoseconds spent executing 0 partial-flushes (flushing a total of 0 entities and 0 collections)
}
20276 [Test worker] DEBUG org.springframework.orm.jpa.SharedEntityManagerCreator$SharedEntityManagerInvocationHandler  - Creating new EntityManager for shared EntityManager invocation
20277 [Test worker] DEBUG org.springframework.orm.jpa.EntityManagerFactoryUtils  - Closing JPA EntityManager
20277 [Test worker] INFO  org.hibernate.engine.internal.StatisticalLoggingSessionEventListener  - Session Metrics {
    0 nanoseconds spent acquiring 0 JDBC connections;
    0 nanoseconds spent releasing 0 JDBC connections;
    0 nanoseconds spent preparing 0 JDBC statements;
    0 nanoseconds spent executing 0 JDBC statements;
    0 nanoseconds spent executing 0 JDBC batches;
    0 nanoseconds spent performing 0 L2C puts;
    0 nanoseconds spent performing 0 L2C hits;
    0 nanoseconds spent performing 0 L2C misses;
    0 nanoseconds spent executing 0 flushes (flushing a total of 0 entities and 0 collections);
    0 nanoseconds spent executing 0 partial-flushes (flushing a total of 0 entities and 0 collections)
}
20277 [Test worker] DEBUG org.springframework.orm.jpa.SharedEntityManagerCreator$SharedEntityManagerInvocationHandler  - Creating new EntityManager for shared EntityManager invocation
20278 [Test worker] DEBUG org.springframework.orm.jpa.EntityManagerFactoryUtils  - Closing JPA EntityManager
20278 [Test worker] INFO  org.hibernate.engine.internal.StatisticalLoggingSessionEventListener  - Session Metrics {
    0 nanoseconds spent acquiring 0 JDBC connections;
    0 nanoseconds spent releasing 0 JDBC connections;
    0 nanoseconds spent preparing 0 JDBC statements;
    0 nanoseconds spent executing 0 JDBC statements;
    0 nanoseconds spent executing 0 JDBC batches;
    0 nanoseconds spent performing 0 L2C puts;
    0 nanoseconds spent performing 0 L2C hits;
    0 nanoseconds spent performing 0 L2C misses;
    0 nanoseconds spent executing 0 flushes (flushing a total of 0 entities and 0 collections);
    0 nanoseconds spent executing 0 partial-flushes (flushing a total of 0 entities and 0 collections)
}
20279 [Test worker] DEBUG org.springframework.orm.jpa.SharedEntityManagerCreator$SharedEntityManagerInvocationHandler  - Creating new EntityManager for shared EntityManager invocation
20279 [Test worker] DEBUG org.springframework.orm.jpa.EntityManagerFactoryUtils  - Closing JPA EntityManager
20280 [Test worker] INFO  org.hibernate.engine.internal.StatisticalLoggingSessionEventListener  - Session Metrics {
    0 nanoseconds spent acquiring 0 JDBC connections;
    0 nanoseconds spent releasing 0 JDBC connections;
    0 nanoseconds spent preparing 0 JDBC statements;
    0 nanoseconds spent executing 0 JDBC statements;
    0 nanoseconds spent executing 0 JDBC batches;
    0 nanoseconds spent performing 0 L2C puts;
    0 nanoseconds spent performing 0 L2C hits;
    0 nanoseconds spent performing 0 L2C misses;
    0 nanoseconds spent executing 0 flushes (flushing a total of 0 entities and 0 collections);
    0 nanoseconds spent executing 0 partial-flushes (flushing a total of 0 entities and 0 collections)
}
20281 [Test worker] DEBUG org.springframework.orm.jpa.SharedEntityManagerCreator$SharedEntityManagerInvocationHandler  - Creating new EntityManager for shared EntityManager invocation
20281 [Test worker] DEBUG org.springframework.orm.jpa.EntityManagerFactoryUtils  - Closing JPA EntityManager
20281 [Test worker] INFO  org.hibernate.engine.internal.StatisticalLoggingSessionEventListener  - Session Metrics {
    0 nanoseconds spent acquiring 0 JDBC connections;
    0 nanoseconds spent releasing 0 JDBC connections;
    0 nanoseconds spent preparing 0 JDBC statements;
    0 nanoseconds spent executing 0 JDBC statements;
    0 nanoseconds spent executing 0 JDBC batches;
    0 nanoseconds spent performing 0 L2C puts;
    0 nanoseconds spent performing 0 L2C hits;
    0 nanoseconds spent performing 0 L2C misses;
    0 nanoseconds spent executing 0 flushes (flushing a total of 0 entities and 0 collections);
    0 nanoseconds spent executing 0 partial-flushes (flushing a total of 0 entities and 0 collections)
}
20282 [Test worker] DEBUG org.springframework.data.jpa.repository.query.SimpleJpaQuery  - Looking up query for method findByUser
20282 [Test worker] DEBUG org.springframework.data.jpa.repository.query.NamedQuery  - Looking up named query UserAccount.findByUser
20282 [Test worker] DEBUG org.springframework.orm.jpa.SharedEntityManagerCreator$SharedEntityManagerInvocationHandler  - Creating new EntityManager for shared EntityManager invocation
20282 [Test worker] DEBUG org.springframework.orm.jpa.EntityManagerFactoryUtils  - Closing JPA EntityManager
20283 [Test worker] INFO  org.hibernate.engine.internal.StatisticalLoggingSessionEventListener  - Session Metrics {
    0 nanoseconds spent acquiring 0 JDBC connections;
    0 nanoseconds spent releasing 0 JDBC connections;
    0 nanoseconds spent preparing 0 JDBC statements;
    0 nanoseconds spent executing 0 JDBC statements;
    0 nanoseconds spent executing 0 JDBC batches;
    0 nanoseconds spent performing 0 L2C puts;
    0 nanoseconds spent performing 0 L2C hits;
    0 nanoseconds spent performing 0 L2C misses;
    0 nanoseconds spent executing 0 flushes (flushing a total of 0 entities and 0 collections);
    0 nanoseconds spent executing 0 partial-flushes (flushing a total of 0 entities and 0 collections)
}
20284 [Test worker] DEBUG org.springframework.aop.framework.JdkDynamicAopProxy  - Creating JDK dynamic proxy: target source is SingletonTargetSource for target object [org.springframework.data.jpa.repository.support.SimpleJpaRepository@6069bcd0]
20296 [Test worker] DEBUG org.springframework.orm.jpa.SharedEntityManagerCreator$SharedEntityManagerInvocationHandler  - Creating new EntityManager for shared EntityManager invocation
20296 [Test worker] DEBUG org.springframework.orm.jpa.EntityManagerFactoryUtils  - Closing JPA EntityManager
20297 [Test worker] INFO  org.hibernate.engine.internal.StatisticalLoggingSessionEventListener  - Session Metrics {
    0 nanoseconds spent acquiring 0 JDBC connections;
    0 nanoseconds spent releasing 0 JDBC connections;
    0 nanoseconds spent preparing 0 JDBC statements;
    0 nanoseconds spent executing 0 JDBC statements;
    0 nanoseconds spent executing 0 JDBC batches;
    0 nanoseconds spent performing 0 L2C puts;
    0 nanoseconds spent performing 0 L2C hits;
    0 nanoseconds spent performing 0 L2C misses;
    0 nanoseconds spent executing 0 flushes (flushing a total of 0 entities and 0 collections);
    0 nanoseconds spent executing 0 partial-flushes (flushing a total of 0 entities and 0 collections)
}
20297 [Test worker] DEBUG org.springframework.orm.jpa.SharedEntityManagerCreator$SharedEntityManagerInvocationHandler  - Creating new EntityManager for shared EntityManager invocation
20297 [Test worker] DEBUG org.springframework.orm.jpa.EntityManagerFactoryUtils  - Closing JPA EntityManager
20297 [Test worker] INFO  org.hibernate.engine.internal.StatisticalLoggingSessionEventListener  - Session Metrics {
    0 nanoseconds spent acquiring 0 JDBC connections;
    0 nanoseconds spent releasing 0 JDBC connections;
    0 nanoseconds spent preparing 0 JDBC statements;
    0 nanoseconds spent executing 0 JDBC statements;
    0 nanoseconds spent executing 0 JDBC batches;
    0 nanoseconds spent performing 0 L2C puts;
    0 nanoseconds spent performing 0 L2C hits;
    0 nanoseconds spent performing 0 L2C misses;
    0 nanoseconds spent executing 0 flushes (flushing a total of 0 entities and 0 collections);
    0 nanoseconds spent executing 0 partial-flushes (flushing a total of 0 entities and 0 collections)
}
20297 [Test worker] DEBUG org.springframework.orm.jpa.SharedEntityManagerCreator$SharedEntityManagerInvocationHandler  - Creating new EntityManager for shared EntityManager invocation
20297 [Test worker] DEBUG org.springframework.orm.jpa.EntityManagerFactoryUtils  - Closing JPA EntityManager
20298 [Test worker] INFO  org.hibernate.engine.internal.StatisticalLoggingSessionEventListener  - Session Metrics {
    0 nanoseconds spent acquiring 0 JDBC connections;
    0 nanoseconds spent releasing 0 JDBC connections;
    0 nanoseconds spent preparing 0 JDBC statements;
    0 nanoseconds spent executing 0 JDBC statements;
    0 nanoseconds spent executing 0 JDBC batches;
    0 nanoseconds spent performing 0 L2C puts;
    0 nanoseconds spent performing 0 L2C hits;
    0 nanoseconds spent performing 0 L2C misses;
    0 nanoseconds spent executing 0 flushes (flushing a total of 0 entities and 0 collections);
    0 nanoseconds spent executing 0 partial-flushes (flushing a total of 0 entities and 0 collections)
}
20298 [Test worker] DEBUG org.springframework.orm.jpa.SharedEntityManagerCreator$SharedEntityManagerInvocationHandler  - Creating new EntityManager for shared EntityManager invocation
20298 [Test worker] DEBUG org.springframework.orm.jpa.EntityManagerFactoryUtils  - Closing JPA EntityManager
20298 [Test worker] INFO  org.hibernate.engine.internal.StatisticalLoggingSessionEventListener  - Session Metrics {
    0 nanoseconds spent acquiring 0 JDBC connections;
    0 nanoseconds spent releasing 0 JDBC connections;
    0 nanoseconds spent preparing 0 JDBC statements;
    0 nanoseconds spent executing 0 JDBC statements;
    0 nanoseconds spent executing 0 JDBC batches;
    0 nanoseconds spent performing 0 L2C puts;
    0 nanoseconds spent performing 0 L2C hits;
    0 nanoseconds spent performing 0 L2C misses;
    0 nanoseconds spent executing 0 flushes (flushing a total of 0 entities and 0 collections);
    0 nanoseconds spent executing 0 partial-flushes (flushing a total of 0 entities and 0 collections)
}
20299 [Test worker] DEBUG org.springframework.orm.jpa.SharedEntityManagerCreator$SharedEntityManagerInvocationHandler  - Creating new EntityManager for shared EntityManager invocation
20299 [Test worker] DEBUG org.springframework.orm.jpa.EntityManagerFactoryUtils  - Closing JPA EntityManager
20299 [Test worker] INFO  org.hibernate.engine.internal.StatisticalLoggingSessionEventListener  - Session Metrics {
    0 nanoseconds spent acquiring 0 JDBC connections;
    0 nanoseconds spent releasing 0 JDBC connections;
    0 nanoseconds spent preparing 0 JDBC statements;
    0 nanoseconds spent executing 0 JDBC statements;
    0 nanoseconds spent executing 0 JDBC batches;
    0 nanoseconds spent performing 0 L2C puts;
    0 nanoseconds spent performing 0 L2C hits;
    0 nanoseconds spent performing 0 L2C misses;
    0 nanoseconds spent executing 0 flushes (flushing a total of 0 entities and 0 collections);
    0 nanoseconds spent executing 0 partial-flushes (flushing a total of 0 entities and 0 collections)
}
20299 [Test worker] DEBUG org.springframework.orm.jpa.SharedEntityManagerCreator$SharedEntityManagerInvocationHandler  - Creating new EntityManager for shared EntityManager invocation
20299 [Test worker] DEBUG org.springframework.orm.jpa.EntityManagerFactoryUtils  - Closing JPA EntityManager
20299 [Test worker] INFO  org.hibernate.engine.internal.StatisticalLoggingSessionEventListener  - Session Metrics {
    0 nanoseconds spent acquiring 0 JDBC connections;
    0 nanoseconds spent releasing 0 JDBC connections;
    0 nanoseconds spent preparing 0 JDBC statements;
    0 nanoseconds spent executing 0 JDBC statements;
    0 nanoseconds spent executing 0 JDBC batches;
    0 nanoseconds spent performing 0 L2C puts;
    0 nanoseconds spent performing 0 L2C hits;
    0 nanoseconds spent performing 0 L2C misses;
    0 nanoseconds spent executing 0 flushes (flushing a total of 0 entities and 0 collections);
    0 nanoseconds spent executing 0 partial-flushes (flushing a total of 0 entities and 0 collections)
}
20302 [Test worker] DEBUG org.springframework.orm.jpa.SharedEntityManagerCreator$SharedEntityManagerInvocationHandler  - Creating new EntityManager for shared EntityManager invocation
20302 [Test worker] DEBUG org.springframework.orm.jpa.EntityManagerFactoryUtils  - Closing JPA EntityManager
20302 [Test worker] INFO  org.hibernate.engine.internal.StatisticalLoggingSessionEventListener  - Session Metrics {
    0 nanoseconds spent acquiring 0 JDBC connections;
    0 nanoseconds spent releasing 0 JDBC connections;
    0 nanoseconds spent preparing 0 JDBC statements;
    0 nanoseconds spent executing 0 JDBC statements;
    0 nanoseconds spent executing 0 JDBC batches;
    0 nanoseconds spent performing 0 L2C puts;
    0 nanoseconds spent performing 0 L2C hits;
    0 nanoseconds spent performing 0 L2C misses;
    0 nanoseconds spent executing 0 flushes (flushing a total of 0 entities and 0 collections);
    0 nanoseconds spent executing 0 partial-flushes (flushing a total of 0 entities and 0 collections)
}
20304 [Test worker] DEBUG org.springframework.orm.jpa.SharedEntityManagerCreator$SharedEntityManagerInvocationHandler  - Creating new EntityManager for shared EntityManager invocation
20305 [Test worker] DEBUG org.springframework.orm.jpa.EntityManagerFactoryUtils  - Closing JPA EntityManager
20305 [Test worker] INFO  org.hibernate.engine.internal.StatisticalLoggingSessionEventListener  - Session Metrics {
    0 nanoseconds spent acquiring 0 JDBC connections;
    0 nanoseconds spent releasing 0 JDBC connections;
    0 nanoseconds spent preparing 0 JDBC statements;
    0 nanoseconds spent executing 0 JDBC statements;
    0 nanoseconds spent executing 0 JDBC batches;
    0 nanoseconds spent performing 0 L2C puts;
    0 nanoseconds spent performing 0 L2C hits;
    0 nanoseconds spent performing 0 L2C misses;
    0 nanoseconds spent executing 0 flushes (flushing a total of 0 entities and 0 collections);
    0 nanoseconds spent executing 0 partial-flushes (flushing a total of 0 entities and 0 collections)
}
20306 [Test worker] DEBUG org.springframework.data.jpa.repository.query.SimpleJpaQuery  - Looking up query for method findUserByClabe
20312 [Test worker] INFO  org.hibernate.engine.internal.StatisticalLoggingSessionEventListener  - Session Metrics {
    0 nanoseconds spent acquiring 0 JDBC connections;
    0 nanoseconds spent releasing 0 JDBC connections;
    0 nanoseconds spent preparing 0 JDBC statements;
    0 nanoseconds spent executing 0 JDBC statements;
    0 nanoseconds spent executing 0 JDBC batches;
    0 nanoseconds spent performing 0 L2C puts;
    0 nanoseconds spent performing 0 L2C hits;
    0 nanoseconds spent performing 0 L2C misses;
    0 nanoseconds spent executing 0 flushes (flushing a total of 0 entities and 0 collections);
    0 nanoseconds spent executing 0 partial-flushes (flushing a total of 0 entities and 0 collections)
}
20314 [Test worker] DEBUG org.springframework.data.jpa.repository.query.SimpleJpaQuery  - Looking up query for method findUserByUuid
20314 [Test worker] DEBUG org.springframework.data.jpa.repository.query.NamedQuery  - Looking up named query User.findUserByUuid
20314 [Test worker] DEBUG org.springframework.orm.jpa.SharedEntityManagerCreator$SharedEntityManagerInvocationHandler  - Creating new EntityManager for shared EntityManager invocation
20314 [Test worker] DEBUG org.springframework.orm.jpa.EntityManagerFactoryUtils  - Closing JPA EntityManager
20315 [Test worker] INFO  org.hibernate.engine.internal.StatisticalLoggingSessionEventListener  - Session Metrics {
    0 nanoseconds spent acquiring 0 JDBC connections;
    0 nanoseconds spent releasing 0 JDBC connections;
    0 nanoseconds spent preparing 0 JDBC statements;
    0 nanoseconds spent executing 0 JDBC statements;
    0 nanoseconds spent executing 0 JDBC batches;
    0 nanoseconds spent performing 0 L2C puts;
    0 nanoseconds spent performing 0 L2C hits;
    0 nanoseconds spent performing 0 L2C misses;
    0 nanoseconds spent executing 0 flushes (flushing a total of 0 entities and 0 collections);
    0 nanoseconds spent executing 0 partial-flushes (flushing a total of 0 entities and 0 collections)
}
20316 [Test worker] DEBUG org.springframework.data.jpa.repository.query.SimpleJpaQuery  - Looking up query for method findUserByEmail
20316 [Test worker] DEBUG org.springframework.data.jpa.repository.query.NamedQuery  - Looking up named query User.findUserByEmail
20316 [Test worker] DEBUG org.springframework.orm.jpa.SharedEntityManagerCreator$SharedEntityManagerInvocationHandler  - Creating new EntityManager for shared EntityManager invocation
20317 [Test worker] DEBUG org.springframework.orm.jpa.EntityManagerFactoryUtils  - Closing JPA EntityManager
20317 [Test worker] INFO  org.hibernate.engine.internal.StatisticalLoggingSessionEventListener  - Session Metrics {
    0 nanoseconds spent acquiring 0 JDBC connections;
    0 nanoseconds spent releasing 0 JDBC connections;
    0 nanoseconds spent preparing 0 JDBC statements;
    0 nanoseconds spent executing 0 JDBC statements;
    0 nanoseconds spent executing 0 JDBC batches;
    0 nanoseconds spent performing 0 L2C puts;
    0 nanoseconds spent performing 0 L2C hits;
    0 nanoseconds spent performing 0 L2C misses;
    0 nanoseconds spent executing 0 flushes (flushing a total of 0 entities and 0 collections);
    0 nanoseconds spent executing 0 partial-flushes (flushing a total of 0 entities and 0 collections)
}
20318 [Test worker] DEBUG org.springframework.data.jpa.repository.query.SimpleJpaQuery  - Looking up query for method findUserByAccount
20318 [Test worker] DEBUG org.springframework.data.jpa.repository.query.NamedQuery  - Looking up named query User.findUserByAccount
20318 [Test worker] DEBUG org.springframework.orm.jpa.SharedEntityManagerCreator$SharedEntityManagerInvocationHandler  - Creating new EntityManager for shared EntityManager invocation
20318 [Test worker] DEBUG org.springframework.orm.jpa.EntityManagerFactoryUtils  - Closing JPA EntityManager
20319 [Test worker] INFO  org.hibernate.engine.internal.StatisticalLoggingSessionEventListener  - Session Metrics {
    0 nanoseconds spent acquiring 0 JDBC connections;
    0 nanoseconds spent releasing 0 JDBC connections;
    0 nanoseconds spent preparing 0 JDBC statements;
    0 nanoseconds spent executing 0 JDBC statements;
    0 nanoseconds spent executing 0 JDBC batches;
    0 nanoseconds spent performing 0 L2C puts;
    0 nanoseconds spent performing 0 L2C hits;
    0 nanoseconds spent performing 0 L2C misses;
    0 nanoseconds spent executing 0 flushes (flushing a total of 0 entities and 0 collections);
    0 nanoseconds spent executing 0 partial-flushes (flushing a total of 0 entities and 0 collections)
}
20319 [Test worker] DEBUG org.springframework.aop.framework.JdkDynamicAopProxy  - Creating JDK dynamic proxy: target source is SingletonTargetSource for target object [org.springframework.data.jpa.repository.support.SimpleJpaRepository@69751ad]
20335 [Test worker] DEBUG org.springframework.transaction.interceptor.NameMatchTransactionAttributeSource  - Adding transactional method [get*] with attribute [PROPAGATION_REQUIRED,ISOLATION_DEFAULT,readOnly]
20336 [Test worker] DEBUG org.springframework.transaction.interceptor.NameMatchTransactionAttributeSource  - Adding transactional method [create*] with attribute [PROPAGATION_REQUIRED,ISOLATION_DEFAULT]
20336 [Test worker] DEBUG org.springframework.transaction.interceptor.NameMatchTransactionAttributeSource  - Adding transactional method [save*] with attribute [PROPAGATION_REQUIRED,ISOLATION_DEFAULT]
20336 [Test worker] DEBUG org.springframework.transaction.interceptor.NameMatchTransactionAttributeSource  - Adding transactional method [change*] with attribute [PROPAGATION_REQUIRED,ISOLATION_DEFAULT]
20336 [Test worker] DEBUG org.springframework.transaction.interceptor.NameMatchTransactionAttributeSource  - Adding transactional method [measure*] with attribute [PROPAGATION_REQUIRED,ISOLATION_DEFAULT]
20336 [Test worker] DEBUG org.springframework.transaction.interceptor.NameMatchTransactionAttributeSource  - Adding transactional method [redeem*] with attribute [PROPAGATION_REQUIRED,ISOLATION_DEFAULT]
20336 [Test worker] DEBUG org.springframework.transaction.interceptor.NameMatchTransactionAttributeSource  - Adding transactional method [transfer*] with attribute [PROPAGATION_REQUIRED,ISOLATION_DEFAULT]
20336 [Test worker] DEBUG org.springframework.transaction.interceptor.NameMatchTransactionAttributeSource  - Adding transactional method [cashIn*] with attribute [PROPAGATION_REQUIRED,ISOLATION_DEFAULT]
20336 [Test worker] DEBUG org.springframework.transaction.interceptor.NameMatchTransactionAttributeSource  - Adding transactional method [cashOut*] with attribute [PROPAGATION_REQUIRED,ISOLATION_DEFAULT]
20338 [Test worker] DEBUG org.springframework.aop.aspectj.annotation.AnnotationAwareAspectJAutoProxyCreator  - Creating implicit proxy for bean 'STPAccountServiceImpl' with 0 common interceptors and 3 specific interceptors
20338 [Test worker] DEBUG org.springframework.aop.framework.JdkDynamicAopProxy  - Creating JDK dynamic proxy: target source is SingletonTargetSource for target object [com.tim.one.service.impl.STPAccountServiceImpl@14710818]
20347 [Test worker] DEBUG org.springframework.orm.jpa.SharedEntityManagerCreator$SharedEntityManagerInvocationHandler  - Creating new EntityManager for shared EntityManager invocation
20348 [Test worker] DEBUG org.springframework.orm.jpa.EntityManagerFactoryUtils  - Closing JPA EntityManager
20348 [Test worker] INFO  org.hibernate.engine.internal.StatisticalLoggingSessionEventListener  - Session Metrics {
    0 nanoseconds spent acquiring 0 JDBC connections;
    0 nanoseconds spent releasing 0 JDBC connections;
    0 nanoseconds spent preparing 0 JDBC statements;
    0 nanoseconds spent executing 0 JDBC statements;
    0 nanoseconds spent executing 0 JDBC batches;
    0 nanoseconds spent performing 0 L2C puts;
    0 nanoseconds spent performing 0 L2C hits;
    0 nanoseconds spent performing 0 L2C misses;
    0 nanoseconds spent executing 0 flushes (flushing a total of 0 entities and 0 collections);
    0 nanoseconds spent executing 0 partial-flushes (flushing a total of 0 entities and 0 collections)
}
20348 [Test worker] DEBUG org.springframework.orm.jpa.SharedEntityManagerCreator$SharedEntityManagerInvocationHandler  - Creating new EntityManager for shared EntityManager invocation
20348 [Test worker] DEBUG org.springframework.orm.jpa.EntityManagerFactoryUtils  - Closing JPA EntityManager
20348 [Test worker] INFO  org.hibernate.engine.internal.StatisticalLoggingSessionEventListener  - Session Metrics {
    0 nanoseconds spent acquiring 0 JDBC connections;
    0 nanoseconds spent releasing 0 JDBC connections;
    0 nanoseconds spent preparing 0 JDBC statements;
    0 nanoseconds spent executing 0 JDBC statements;
    0 nanoseconds spent executing 0 JDBC batches;
    0 nanoseconds spent performing 0 L2C puts;
    0 nanoseconds spent performing 0 L2C hits;
    0 nanoseconds spent performing 0 L2C misses;
    0 nanoseconds spent executing 0 flushes (flushing a total of 0 entities and 0 collections);
    0 nanoseconds spent executing 0 partial-flushes (flushing a total of 0 entities and 0 collections)
}
20349 [Test worker] DEBUG org.springframework.orm.jpa.SharedEntityManagerCreator$SharedEntityManagerInvocationHandler  - Creating new EntityManager for shared EntityManager invocation
20350 [Test worker] DEBUG org.springframework.orm.jpa.EntityManagerFactoryUtils  - Closing JPA EntityManager
20350 [Test worker] INFO  org.hibernate.engine.internal.StatisticalLoggingSessionEventListener  - Session Metrics {
    0 nanoseconds spent acquiring 0 JDBC connections;
    0 nanoseconds spent releasing 0 JDBC connections;
    0 nanoseconds spent preparing 0 JDBC statements;
    0 nanoseconds spent executing 0 JDBC statements;
    0 nanoseconds spent executing 0 JDBC batches;
    0 nanoseconds spent performing 0 L2C puts;
    0 nanoseconds spent performing 0 L2C hits;
    0 nanoseconds spent performing 0 L2C misses;
    0 nanoseconds spent executing 0 flushes (flushing a total of 0 entities and 0 collections);
    0 nanoseconds spent executing 0 partial-flushes (flushing a total of 0 entities and 0 collections)
}
20351 [Test worker] DEBUG org.springframework.orm.jpa.SharedEntityManagerCreator$SharedEntityManagerInvocationHandler  - Creating new EntityManager for shared EntityManager invocation
20351 [Test worker] DEBUG org.springframework.orm.jpa.EntityManagerFactoryUtils  - Closing JPA EntityManager
20351 [Test worker] INFO  org.hibernate.engine.internal.StatisticalLoggingSessionEventListener  - Session Metrics {
    0 nanoseconds spent acquiring 0 JDBC connections;
    0 nanoseconds spent releasing 0 JDBC connections;
    0 nanoseconds spent preparing 0 JDBC statements;
    0 nanoseconds spent executing 0 JDBC statements;
    0 nanoseconds spent executing 0 JDBC batches;
    0 nanoseconds spent performing 0 L2C puts;
    0 nanoseconds spent performing 0 L2C hits;
    0 nanoseconds spent performing 0 L2C misses;
    0 nanoseconds spent executing 0 flushes (flushing a total of 0 entities and 0 collections);
    0 nanoseconds spent executing 0 partial-flushes (flushing a total of 0 entities and 0 collections)
}
20352 [Test worker] DEBUG org.springframework.orm.jpa.SharedEntityManagerCreator$SharedEntityManagerInvocationHandler  - Creating new EntityManager for shared EntityManager invocation
20353 [Test worker] DEBUG org.springframework.orm.jpa.EntityManagerFactoryUtils  - Closing JPA EntityManager
20353 [Test worker] INFO  org.hibernate.engine.internal.StatisticalLoggingSessionEventListener  - Session Metrics {
    0 nanoseconds spent acquiring 0 JDBC connections;
    0 nanoseconds spent releasing 0 JDBC connections;
    0 nanoseconds spent preparing 0 JDBC statements;
    0 nanoseconds spent executing 0 JDBC statements;
    0 nanoseconds spent executing 0 JDBC batches;
    0 nanoseconds spent performing 0 L2C puts;
    0 nanoseconds spent performing 0 L2C hits;
    0 nanoseconds spent performing 0 L2C misses;
    0 nanoseconds spent executing 0 flushes (flushing a total of 0 entities and 0 collections);
    0 nanoseconds spent executing 0 partial-flushes (flushing a total of 0 entities and 0 collections)
}
20353 [Test worker] DEBUG org.springframework.orm.jpa.SharedEntityManagerCreator$SharedEntityManagerInvocationHandler  - Creating new EntityManager for shared EntityManager invocation
20353 [Test worker] DEBUG org.springframework.orm.jpa.EntityManagerFactoryUtils  - Closing JPA EntityManager
20353 [Test worker] INFO  org.hibernate.engine.internal.StatisticalLoggingSessionEventListener  - Session Metrics {
    0 nanoseconds spent acquiring 0 JDBC connections;
    0 nanoseconds spent releasing 0 JDBC connections;
    0 nanoseconds spent preparing 0 JDBC statements;
    0 nanoseconds spent executing 0 JDBC statements;
    0 nanoseconds spent executing 0 JDBC batches;
    0 nanoseconds spent performing 0 L2C puts;
    0 nanoseconds spent performing 0 L2C hits;
    0 nanoseconds spent performing 0 L2C misses;
    0 nanoseconds spent executing 0 flushes (flushing a total of 0 entities and 0 collections);
    0 nanoseconds spent executing 0 partial-flushes (flushing a total of 0 entities and 0 collections)
}
20354 [Test worker] DEBUG org.springframework.orm.jpa.SharedEntityManagerCreator$SharedEntityManagerInvocationHandler  - Creating new EntityManager for shared EntityManager invocation
20354 [Test worker] DEBUG org.springframework.orm.jpa.EntityManagerFactoryUtils  - Closing JPA EntityManager
20354 [Test worker] INFO  org.hibernate.engine.internal.StatisticalLoggingSessionEventListener  - Session Metrics {
    0 nanoseconds spent acquiring 0 JDBC connections;
    0 nanoseconds spent releasing 0 JDBC connections;
    0 nanoseconds spent preparing 0 JDBC statements;
    0 nanoseconds spent executing 0 JDBC statements;
    0 nanoseconds spent executing 0 JDBC batches;
    0 nanoseconds spent performing 0 L2C puts;
    0 nanoseconds spent performing 0 L2C hits;
    0 nanoseconds spent performing 0 L2C misses;
    0 nanoseconds spent executing 0 flushes (flushing a total of 0 entities and 0 collections);
    0 nanoseconds spent executing 0 partial-flushes (flushing a total of 0 entities and 0 collections)
}
20355 [Test worker] DEBUG org.springframework.orm.jpa.SharedEntityManagerCreator$SharedEntityManagerInvocationHandler  - Creating new EntityManager for shared EntityManager invocation
20356 [Test worker] DEBUG org.springframework.orm.jpa.EntityManagerFactoryUtils  - Closing JPA EntityManager
20356 [Test worker] INFO  org.hibernate.engine.internal.StatisticalLoggingSessionEventListener  - Session Metrics {
    0 nanoseconds spent acquiring 0 JDBC connections;
    0 nanoseconds spent releasing 0 JDBC connections;
    0 nanoseconds spent preparing 0 JDBC statements;
    0 nanoseconds spent executing 0 JDBC statements;
    0 nanoseconds spent executing 0 JDBC batches;
    0 nanoseconds spent performing 0 L2C puts;
    0 nanoseconds spent performing 0 L2C hits;
    0 nanoseconds spent performing 0 L2C misses;
    0 nanoseconds spent executing 0 flushes (flushing a total of 0 entities and 0 collections);
    0 nanoseconds spent executing 0 partial-flushes (flushing a total of 0 entities and 0 collections)
}
20356 [Test worker] DEBUG org.springframework.data.jpa.repository.query.SimpleJpaQuery  - Looking up query for method getByProjectUuid
20361 [Test worker] INFO  org.hibernate.engine.internal.StatisticalLoggingSessionEventListener  - Session Metrics {
    0 nanoseconds spent acquiring 0 JDBC connections;
    0 nanoseconds spent releasing 0 JDBC connections;
    0 nanoseconds spent preparing 0 JDBC statements;
    0 nanoseconds spent executing 0 JDBC statements;
    0 nanoseconds spent executing 0 JDBC batches;
    0 nanoseconds spent performing 0 L2C puts;
    0 nanoseconds spent performing 0 L2C hits;
    0 nanoseconds spent performing 0 L2C misses;
    0 nanoseconds spent executing 0 flushes (flushing a total of 0 entities and 0 collections);
    0 nanoseconds spent executing 0 partial-flushes (flushing a total of 0 entities and 0 collections)
}
20362 [Test worker] DEBUG org.springframework.aop.framework.JdkDynamicAopProxy  - Creating JDK dynamic proxy: target source is SingletonTargetSource for target object [org.springframework.data.jpa.repository.support.SimpleJpaRepository@121694ea]
20375 [Test worker] DEBUG org.springframework.orm.jpa.SharedEntityManagerCreator$SharedEntityManagerInvocationHandler  - Creating new EntityManager for shared EntityManager invocation
20375 [Test worker] DEBUG org.springframework.orm.jpa.EntityManagerFactoryUtils  - Closing JPA EntityManager
20375 [Test worker] INFO  org.hibernate.engine.internal.StatisticalLoggingSessionEventListener  - Session Metrics {
    0 nanoseconds spent acquiring 0 JDBC connections;
    0 nanoseconds spent releasing 0 JDBC connections;
    0 nanoseconds spent preparing 0 JDBC statements;
    0 nanoseconds spent executing 0 JDBC statements;
    0 nanoseconds spent executing 0 JDBC batches;
    0 nanoseconds spent performing 0 L2C puts;
    0 nanoseconds spent performing 0 L2C hits;
    0 nanoseconds spent performing 0 L2C misses;
    0 nanoseconds spent executing 0 flushes (flushing a total of 0 entities and 0 collections);
    0 nanoseconds spent executing 0 partial-flushes (flushing a total of 0 entities and 0 collections)
}
20376 [Test worker] DEBUG org.springframework.orm.jpa.SharedEntityManagerCreator$SharedEntityManagerInvocationHandler  - Creating new EntityManager for shared EntityManager invocation
20376 [Test worker] DEBUG org.springframework.orm.jpa.EntityManagerFactoryUtils  - Closing JPA EntityManager
20376 [Test worker] INFO  org.hibernate.engine.internal.StatisticalLoggingSessionEventListener  - Session Metrics {
    0 nanoseconds spent acquiring 0 JDBC connections;
    0 nanoseconds spent releasing 0 JDBC connections;
    0 nanoseconds spent preparing 0 JDBC statements;
    0 nanoseconds spent executing 0 JDBC statements;
    0 nanoseconds spent executing 0 JDBC batches;
    0 nanoseconds spent performing 0 L2C puts;
    0 nanoseconds spent performing 0 L2C hits;
    0 nanoseconds spent performing 0 L2C misses;
    0 nanoseconds spent executing 0 flushes (flushing a total of 0 entities and 0 collections);
    0 nanoseconds spent executing 0 partial-flushes (flushing a total of 0 entities and 0 collections)
}
20377 [Test worker] DEBUG org.springframework.orm.jpa.SharedEntityManagerCreator$SharedEntityManagerInvocationHandler  - Creating new EntityManager for shared EntityManager invocation
20377 [Test worker] DEBUG org.springframework.orm.jpa.EntityManagerFactoryUtils  - Closing JPA EntityManager
20377 [Test worker] INFO  org.hibernate.engine.internal.StatisticalLoggingSessionEventListener  - Session Metrics {
    0 nanoseconds spent acquiring 0 JDBC connections;
    0 nanoseconds spent releasing 0 JDBC connections;
    0 nanoseconds spent preparing 0 JDBC statements;
    0 nanoseconds spent executing 0 JDBC statements;
    0 nanoseconds spent executing 0 JDBC batches;
    0 nanoseconds spent performing 0 L2C puts;
    0 nanoseconds spent performing 0 L2C hits;
    0 nanoseconds spent performing 0 L2C misses;
    0 nanoseconds spent executing 0 flushes (flushing a total of 0 entities and 0 collections);
    0 nanoseconds spent executing 0 partial-flushes (flushing a total of 0 entities and 0 collections)
}
20378 [Test worker] DEBUG org.springframework.orm.jpa.SharedEntityManagerCreator$SharedEntityManagerInvocationHandler  - Creating new EntityManager for shared EntityManager invocation
20378 [Test worker] DEBUG org.springframework.orm.jpa.EntityManagerFactoryUtils  - Closing JPA EntityManager
20378 [Test worker] INFO  org.hibernate.engine.internal.StatisticalLoggingSessionEventListener  - Session Metrics {
    0 nanoseconds spent acquiring 0 JDBC connections;
    0 nanoseconds spent releasing 0 JDBC connections;
    0 nanoseconds spent preparing 0 JDBC statements;
    0 nanoseconds spent executing 0 JDBC statements;
    0 nanoseconds spent executing 0 JDBC batches;
    0 nanoseconds spent performing 0 L2C puts;
    0 nanoseconds spent performing 0 L2C hits;
    0 nanoseconds spent performing 0 L2C misses;
    0 nanoseconds spent executing 0 flushes (flushing a total of 0 entities and 0 collections);
    0 nanoseconds spent executing 0 partial-flushes (flushing a total of 0 entities and 0 collections)
}
20379 [Test worker] DEBUG org.springframework.orm.jpa.SharedEntityManagerCreator$SharedEntityManagerInvocationHandler  - Creating new EntityManager for shared EntityManager invocation
20380 [Test worker] DEBUG org.springframework.orm.jpa.EntityManagerFactoryUtils  - Closing JPA EntityManager
20380 [Test worker] INFO  org.hibernate.engine.internal.StatisticalLoggingSessionEventListener  - Session Metrics {
    0 nanoseconds spent acquiring 0 JDBC connections;
    0 nanoseconds spent releasing 0 JDBC connections;
    0 nanoseconds spent preparing 0 JDBC statements;
    0 nanoseconds spent executing 0 JDBC statements;
    0 nanoseconds spent executing 0 JDBC batches;
    0 nanoseconds spent performing 0 L2C puts;
    0 nanoseconds spent performing 0 L2C hits;
    0 nanoseconds spent performing 0 L2C misses;
    0 nanoseconds spent executing 0 flushes (flushing a total of 0 entities and 0 collections);
    0 nanoseconds spent executing 0 partial-flushes (flushing a total of 0 entities and 0 collections)
}
20380 [Test worker] DEBUG org.springframework.orm.jpa.SharedEntityManagerCreator$SharedEntityManagerInvocationHandler  - Creating new EntityManager for shared EntityManager invocation
20380 [Test worker] DEBUG org.springframework.orm.jpa.EntityManagerFactoryUtils  - Closing JPA EntityManager
20380 [Test worker] INFO  org.hibernate.engine.internal.StatisticalLoggingSessionEventListener  - Session Metrics {
    0 nanoseconds spent acquiring 0 JDBC connections;
    0 nanoseconds spent releasing 0 JDBC connections;
    0 nanoseconds spent preparing 0 JDBC statements;
    0 nanoseconds spent executing 0 JDBC statements;
    0 nanoseconds spent executing 0 JDBC batches;
    0 nanoseconds spent performing 0 L2C puts;
    0 nanoseconds spent performing 0 L2C hits;
    0 nanoseconds spent performing 0 L2C misses;
    0 nanoseconds spent executing 0 flushes (flushing a total of 0 entities and 0 collections);
    0 nanoseconds spent executing 0 partial-flushes (flushing a total of 0 entities and 0 collections)
}
20381 [Test worker] DEBUG org.springframework.orm.jpa.SharedEntityManagerCreator$SharedEntityManagerInvocationHandler  - Creating new EntityManager for shared EntityManager invocation
20381 [Test worker] DEBUG org.springframework.orm.jpa.EntityManagerFactoryUtils  - Closing JPA EntityManager
20382 [Test worker] INFO  org.hibernate.engine.internal.StatisticalLoggingSessionEventListener  - Session Metrics {
    0 nanoseconds spent acquiring 0 JDBC connections;
    0 nanoseconds spent releasing 0 JDBC connections;
    0 nanoseconds spent preparing 0 JDBC statements;
    0 nanoseconds spent executing 0 JDBC statements;
    0 nanoseconds spent executing 0 JDBC batches;
    0 nanoseconds spent performing 0 L2C puts;
    0 nanoseconds spent performing 0 L2C hits;
    0 nanoseconds spent performing 0 L2C misses;
    0 nanoseconds spent executing 0 flushes (flushing a total of 0 entities and 0 collections);
    0 nanoseconds spent executing 0 partial-flushes (flushing a total of 0 entities and 0 collections)
}
20382 [Test worker] DEBUG org.springframework.orm.jpa.SharedEntityManagerCreator$SharedEntityManagerInvocationHandler  - Creating new EntityManager for shared EntityManager invocation
20383 [Test worker] DEBUG org.springframework.orm.jpa.EntityManagerFactoryUtils  - Closing JPA EntityManager
20383 [Test worker] INFO  org.hibernate.engine.internal.StatisticalLoggingSessionEventListener  - Session Metrics {
    0 nanoseconds spent acquiring 0 JDBC connections;
    0 nanoseconds spent releasing 0 JDBC connections;
    0 nanoseconds spent preparing 0 JDBC statements;
    0 nanoseconds spent executing 0 JDBC statements;
    0 nanoseconds spent executing 0 JDBC batches;
    0 nanoseconds spent performing 0 L2C puts;
    0 nanoseconds spent performing 0 L2C hits;
    0 nanoseconds spent performing 0 L2C misses;
    0 nanoseconds spent executing 0 flushes (flushing a total of 0 entities and 0 collections);
    0 nanoseconds spent executing 0 partial-flushes (flushing a total of 0 entities and 0 collections)
}
20383 [Test worker] DEBUG org.springframework.data.jpa.repository.query.SimpleJpaQuery  - Looking up query for method findUserTxByUuid
20383 [Test worker] DEBUG org.springframework.data.jpa.repository.query.NamedQuery  - Looking up named query UserTx.findUserTxByUuid
20383 [Test worker] DEBUG org.springframework.orm.jpa.SharedEntityManagerCreator$SharedEntityManagerInvocationHandler  - Creating new EntityManager for shared EntityManager invocation
20384 [Test worker] DEBUG org.springframework.orm.jpa.EntityManagerFactoryUtils  - Closing JPA EntityManager
20384 [Test worker] INFO  org.hibernate.engine.internal.StatisticalLoggingSessionEventListener  - Session Metrics {
    0 nanoseconds spent acquiring 0 JDBC connections;
    0 nanoseconds spent releasing 0 JDBC connections;
    0 nanoseconds spent preparing 0 JDBC statements;
    0 nanoseconds spent executing 0 JDBC statements;
    0 nanoseconds spent executing 0 JDBC batches;
    0 nanoseconds spent performing 0 L2C puts;
    0 nanoseconds spent performing 0 L2C hits;
    0 nanoseconds spent performing 0 L2C misses;
    0 nanoseconds spent executing 0 flushes (flushing a total of 0 entities and 0 collections);
    0 nanoseconds spent executing 0 partial-flushes (flushing a total of 0 entities and 0 collections)
}
20385 [Test worker] DEBUG org.springframework.data.jpa.repository.query.SimpleJpaQuery  - Looking up query for method findByUserAndDate
20389 [Test worker] INFO  org.hibernate.engine.internal.StatisticalLoggingSessionEventListener  - Session Metrics {
    0 nanoseconds spent acquiring 0 JDBC connections;
    0 nanoseconds spent releasing 0 JDBC connections;
    0 nanoseconds spent preparing 0 JDBC statements;
    0 nanoseconds spent executing 0 JDBC statements;
    0 nanoseconds spent executing 0 JDBC batches;
    0 nanoseconds spent performing 0 L2C puts;
    0 nanoseconds spent performing 0 L2C hits;
    0 nanoseconds spent performing 0 L2C misses;
    0 nanoseconds spent executing 0 flushes (flushing a total of 0 entities and 0 collections);
    0 nanoseconds spent executing 0 partial-flushes (flushing a total of 0 entities and 0 collections)
}
20390 [Test worker] DEBUG org.springframework.aop.framework.JdkDynamicAopProxy  - Creating JDK dynamic proxy: target source is SingletonTargetSource for target object [org.springframework.data.jpa.repository.support.SimpleJpaRepository@4f2418ef]
20405 [Test worker] DEBUG org.springframework.orm.jpa.SharedEntityManagerCreator$SharedEntityManagerInvocationHandler  - Creating new EntityManager for shared EntityManager invocation
20405 [Test worker] DEBUG org.springframework.orm.jpa.EntityManagerFactoryUtils  - Closing JPA EntityManager
20405 [Test worker] INFO  org.hibernate.engine.internal.StatisticalLoggingSessionEventListener  - Session Metrics {
    0 nanoseconds spent acquiring 0 JDBC connections;
    0 nanoseconds spent releasing 0 JDBC connections;
    0 nanoseconds spent preparing 0 JDBC statements;
    0 nanoseconds spent executing 0 JDBC statements;
    0 nanoseconds spent executing 0 JDBC batches;
    0 nanoseconds spent performing 0 L2C puts;
    0 nanoseconds spent performing 0 L2C hits;
    0 nanoseconds spent performing 0 L2C misses;
    0 nanoseconds spent executing 0 flushes (flushing a total of 0 entities and 0 collections);
    0 nanoseconds spent executing 0 partial-flushes (flushing a total of 0 entities and 0 collections)
}
20405 [Test worker] DEBUG org.springframework.orm.jpa.SharedEntityManagerCreator$SharedEntityManagerInvocationHandler  - Creating new EntityManager for shared EntityManager invocation
20406 [Test worker] DEBUG org.springframework.orm.jpa.EntityManagerFactoryUtils  - Closing JPA EntityManager
20406 [Test worker] INFO  org.hibernate.engine.internal.StatisticalLoggingSessionEventListener  - Session Metrics {
    0 nanoseconds spent acquiring 0 JDBC connections;
    0 nanoseconds spent releasing 0 JDBC connections;
    0 nanoseconds spent preparing 0 JDBC statements;
    0 nanoseconds spent executing 0 JDBC statements;
    0 nanoseconds spent executing 0 JDBC batches;
    0 nanoseconds spent performing 0 L2C puts;
    0 nanoseconds spent performing 0 L2C hits;
    0 nanoseconds spent performing 0 L2C misses;
    0 nanoseconds spent executing 0 flushes (flushing a total of 0 entities and 0 collections);
    0 nanoseconds spent executing 0 partial-flushes (flushing a total of 0 entities and 0 collections)
}
20407 [Test worker] DEBUG org.springframework.orm.jpa.SharedEntityManagerCreator$SharedEntityManagerInvocationHandler  - Creating new EntityManager for shared EntityManager invocation
20407 [Test worker] DEBUG org.springframework.orm.jpa.EntityManagerFactoryUtils  - Closing JPA EntityManager
20407 [Test worker] INFO  org.hibernate.engine.internal.StatisticalLoggingSessionEventListener  - Session Metrics {
    0 nanoseconds spent acquiring 0 JDBC connections;
    0 nanoseconds spent releasing 0 JDBC connections;
    0 nanoseconds spent preparing 0 JDBC statements;
    0 nanoseconds spent executing 0 JDBC statements;
    0 nanoseconds spent executing 0 JDBC batches;
    0 nanoseconds spent performing 0 L2C puts;
    0 nanoseconds spent performing 0 L2C hits;
    0 nanoseconds spent performing 0 L2C misses;
    0 nanoseconds spent executing 0 flushes (flushing a total of 0 entities and 0 collections);
    0 nanoseconds spent executing 0 partial-flushes (flushing a total of 0 entities and 0 collections)
}
20410 [Test worker] DEBUG org.springframework.orm.jpa.SharedEntityManagerCreator$SharedEntityManagerInvocationHandler  - Creating new EntityManager for shared EntityManager invocation
20411 [Test worker] DEBUG org.springframework.orm.jpa.EntityManagerFactoryUtils  - Closing JPA EntityManager
20411 [Test worker] INFO  org.hibernate.engine.internal.StatisticalLoggingSessionEventListener  - Session Metrics {
    0 nanoseconds spent acquiring 0 JDBC connections;
    0 nanoseconds spent releasing 0 JDBC connections;
    0 nanoseconds spent preparing 0 JDBC statements;
    0 nanoseconds spent executing 0 JDBC statements;
    0 nanoseconds spent executing 0 JDBC batches;
    0 nanoseconds spent performing 0 L2C puts;
    0 nanoseconds spent performing 0 L2C hits;
    0 nanoseconds spent performing 0 L2C misses;
    0 nanoseconds spent executing 0 flushes (flushing a total of 0 entities and 0 collections);
    0 nanoseconds spent executing 0 partial-flushes (flushing a total of 0 entities and 0 collections)
}
20414 [Test worker] DEBUG org.springframework.orm.jpa.SharedEntityManagerCreator$SharedEntityManagerInvocationHandler  - Creating new EntityManager for shared EntityManager invocation
20415 [Test worker] DEBUG org.springframework.orm.jpa.EntityManagerFactoryUtils  - Closing JPA EntityManager
20415 [Test worker] INFO  org.hibernate.engine.internal.StatisticalLoggingSessionEventListener  - Session Metrics {
    0 nanoseconds spent acquiring 0 JDBC connections;
    0 nanoseconds spent releasing 0 JDBC connections;
    0 nanoseconds spent preparing 0 JDBC statements;
    0 nanoseconds spent executing 0 JDBC statements;
    0 nanoseconds spent executing 0 JDBC batches;
    0 nanoseconds spent performing 0 L2C puts;
    0 nanoseconds spent performing 0 L2C hits;
    0 nanoseconds spent performing 0 L2C misses;
    0 nanoseconds spent executing 0 flushes (flushing a total of 0 entities and 0 collections);
    0 nanoseconds spent executing 0 partial-flushes (flushing a total of 0 entities and 0 collections)
}
20415 [Test worker] DEBUG org.springframework.orm.jpa.SharedEntityManagerCreator$SharedEntityManagerInvocationHandler  - Creating new EntityManager for shared EntityManager invocation
20415 [Test worker] DEBUG org.springframework.orm.jpa.EntityManagerFactoryUtils  - Closing JPA EntityManager
20415 [Test worker] INFO  org.hibernate.engine.internal.StatisticalLoggingSessionEventListener  - Session Metrics {
    0 nanoseconds spent acquiring 0 JDBC connections;
    0 nanoseconds spent releasing 0 JDBC connections;
    0 nanoseconds spent preparing 0 JDBC statements;
    0 nanoseconds spent executing 0 JDBC statements;
    0 nanoseconds spent executing 0 JDBC batches;
    0 nanoseconds spent performing 0 L2C puts;
    0 nanoseconds spent performing 0 L2C hits;
    0 nanoseconds spent performing 0 L2C misses;
    0 nanoseconds spent executing 0 flushes (flushing a total of 0 entities and 0 collections);
    0 nanoseconds spent executing 0 partial-flushes (flushing a total of 0 entities and 0 collections)
}
20416 [Test worker] DEBUG org.springframework.orm.jpa.SharedEntityManagerCreator$SharedEntityManagerInvocationHandler  - Creating new EntityManager for shared EntityManager invocation
20416 [Test worker] DEBUG org.springframework.orm.jpa.EntityManagerFactoryUtils  - Closing JPA EntityManager
20417 [Test worker] INFO  org.hibernate.engine.internal.StatisticalLoggingSessionEventListener  - Session Metrics {
    0 nanoseconds spent acquiring 0 JDBC connections;
    0 nanoseconds spent releasing 0 JDBC connections;
    0 nanoseconds spent preparing 0 JDBC statements;
    0 nanoseconds spent executing 0 JDBC statements;
    0 nanoseconds spent executing 0 JDBC batches;
    0 nanoseconds spent performing 0 L2C puts;
    0 nanoseconds spent performing 0 L2C hits;
    0 nanoseconds spent performing 0 L2C misses;
    0 nanoseconds spent executing 0 flushes (flushing a total of 0 entities and 0 collections);
    0 nanoseconds spent executing 0 partial-flushes (flushing a total of 0 entities and 0 collections)
}
20417 [Test worker] DEBUG org.springframework.orm.jpa.SharedEntityManagerCreator$SharedEntityManagerInvocationHandler  - Creating new EntityManager for shared EntityManager invocation
20418 [Test worker] DEBUG org.springframework.orm.jpa.EntityManagerFactoryUtils  - Closing JPA EntityManager
20418 [Test worker] INFO  org.hibernate.engine.internal.StatisticalLoggingSessionEventListener  - Session Metrics {
    0 nanoseconds spent acquiring 0 JDBC connections;
    0 nanoseconds spent releasing 0 JDBC connections;
    0 nanoseconds spent preparing 0 JDBC statements;
    0 nanoseconds spent executing 0 JDBC statements;
    0 nanoseconds spent executing 0 JDBC batches;
    0 nanoseconds spent performing 0 L2C puts;
    0 nanoseconds spent performing 0 L2C hits;
    0 nanoseconds spent performing 0 L2C misses;
    0 nanoseconds spent executing 0 flushes (flushing a total of 0 entities and 0 collections);
    0 nanoseconds spent executing 0 partial-flushes (flushing a total of 0 entities and 0 collections)
}
20418 [Test worker] DEBUG org.springframework.data.jpa.repository.query.SimpleJpaQuery  - Looking up query for method findByEntityUuidAndType
20419 [Test worker] DEBUG org.springframework.data.jpa.repository.query.NamedQuery  - Looking up named query TramaTx.findByEntityUuidAndType
20419 [Test worker] DEBUG org.springframework.orm.jpa.SharedEntityManagerCreator$SharedEntityManagerInvocationHandler  - Creating new EntityManager for shared EntityManager invocation
20419 [Test worker] DEBUG org.springframework.orm.jpa.EntityManagerFactoryUtils  - Closing JPA EntityManager
20419 [Test worker] INFO  org.hibernate.engine.internal.StatisticalLoggingSessionEventListener  - Session Metrics {
    0 nanoseconds spent acquiring 0 JDBC connections;
    0 nanoseconds spent releasing 0 JDBC connections;
    0 nanoseconds spent preparing 0 JDBC statements;
    0 nanoseconds spent executing 0 JDBC statements;
    0 nanoseconds spent executing 0 JDBC batches;
    0 nanoseconds spent performing 0 L2C puts;
    0 nanoseconds spent performing 0 L2C hits;
    0 nanoseconds spent performing 0 L2C misses;
    0 nanoseconds spent executing 0 flushes (flushing a total of 0 entities and 0 collections);
    0 nanoseconds spent executing 0 partial-flushes (flushing a total of 0 entities and 0 collections)
}
20420 [Test worker] DEBUG org.springframework.aop.framework.JdkDynamicAopProxy  - Creating JDK dynamic proxy: target source is SingletonTargetSource for target object [org.springframework.data.jpa.repository.support.SimpleJpaRepository@17b3b87c]
20432 [Test worker] DEBUG org.springframework.orm.jpa.SharedEntityManagerCreator$SharedEntityManagerInvocationHandler  - Creating new EntityManager for shared EntityManager invocation
20433 [Test worker] DEBUG org.springframework.orm.jpa.EntityManagerFactoryUtils  - Closing JPA EntityManager
20433 [Test worker] INFO  org.hibernate.engine.internal.StatisticalLoggingSessionEventListener  - Session Metrics {
    0 nanoseconds spent acquiring 0 JDBC connections;
    0 nanoseconds spent releasing 0 JDBC connections;
    0 nanoseconds spent preparing 0 JDBC statements;
    0 nanoseconds spent executing 0 JDBC statements;
    0 nanoseconds spent executing 0 JDBC batches;
    0 nanoseconds spent performing 0 L2C puts;
    0 nanoseconds spent performing 0 L2C hits;
    0 nanoseconds spent performing 0 L2C misses;
    0 nanoseconds spent executing 0 flushes (flushing a total of 0 entities and 0 collections);
    0 nanoseconds spent executing 0 partial-flushes (flushing a total of 0 entities and 0 collections)
}
20433 [Test worker] DEBUG org.springframework.orm.jpa.SharedEntityManagerCreator$SharedEntityManagerInvocationHandler  - Creating new EntityManager for shared EntityManager invocation
20433 [Test worker] DEBUG org.springframework.orm.jpa.EntityManagerFactoryUtils  - Closing JPA EntityManager
20433 [Test worker] INFO  org.hibernate.engine.internal.StatisticalLoggingSessionEventListener  - Session Metrics {
    0 nanoseconds spent acquiring 0 JDBC connections;
    0 nanoseconds spent releasing 0 JDBC connections;
    0 nanoseconds spent preparing 0 JDBC statements;
    0 nanoseconds spent executing 0 JDBC statements;
    0 nanoseconds spent executing 0 JDBC batches;
    0 nanoseconds spent performing 0 L2C puts;
    0 nanoseconds spent performing 0 L2C hits;
    0 nanoseconds spent performing 0 L2C misses;
    0 nanoseconds spent executing 0 flushes (flushing a total of 0 entities and 0 collections);
    0 nanoseconds spent executing 0 partial-flushes (flushing a total of 0 entities and 0 collections)
}
20434 [Test worker] DEBUG org.springframework.orm.jpa.SharedEntityManagerCreator$SharedEntityManagerInvocationHandler  - Creating new EntityManager for shared EntityManager invocation
20434 [Test worker] DEBUG org.springframework.orm.jpa.EntityManagerFactoryUtils  - Closing JPA EntityManager
20435 [Test worker] INFO  org.hibernate.engine.internal.StatisticalLoggingSessionEventListener  - Session Metrics {
    0 nanoseconds spent acquiring 0 JDBC connections;
    0 nanoseconds spent releasing 0 JDBC connections;
    0 nanoseconds spent preparing 0 JDBC statements;
    0 nanoseconds spent executing 0 JDBC statements;
    0 nanoseconds spent executing 0 JDBC batches;
    0 nanoseconds spent performing 0 L2C puts;
    0 nanoseconds spent performing 0 L2C hits;
    0 nanoseconds spent performing 0 L2C misses;
    0 nanoseconds spent executing 0 flushes (flushing a total of 0 entities and 0 collections);
    0 nanoseconds spent executing 0 partial-flushes (flushing a total of 0 entities and 0 collections)
}
20435 [Test worker] DEBUG org.springframework.orm.jpa.SharedEntityManagerCreator$SharedEntityManagerInvocationHandler  - Creating new EntityManager for shared EntityManager invocation
20436 [Test worker] DEBUG org.springframework.orm.jpa.EntityManagerFactoryUtils  - Closing JPA EntityManager
20436 [Test worker] INFO  org.hibernate.engine.internal.StatisticalLoggingSessionEventListener  - Session Metrics {
    0 nanoseconds spent acquiring 0 JDBC connections;
    0 nanoseconds spent releasing 0 JDBC connections;
    0 nanoseconds spent preparing 0 JDBC statements;
    0 nanoseconds spent executing 0 JDBC statements;
    0 nanoseconds spent executing 0 JDBC batches;
    0 nanoseconds spent performing 0 L2C puts;
    0 nanoseconds spent performing 0 L2C hits;
    0 nanoseconds spent performing 0 L2C misses;
    0 nanoseconds spent executing 0 flushes (flushing a total of 0 entities and 0 collections);
    0 nanoseconds spent executing 0 partial-flushes (flushing a total of 0 entities and 0 collections)
}
20437 [Test worker] DEBUG org.springframework.orm.jpa.SharedEntityManagerCreator$SharedEntityManagerInvocationHandler  - Creating new EntityManager for shared EntityManager invocation
20437 [Test worker] DEBUG org.springframework.orm.jpa.EntityManagerFactoryUtils  - Closing JPA EntityManager
20437 [Test worker] INFO  org.hibernate.engine.internal.StatisticalLoggingSessionEventListener  - Session Metrics {
    0 nanoseconds spent acquiring 0 JDBC connections;
    0 nanoseconds spent releasing 0 JDBC connections;
    0 nanoseconds spent preparing 0 JDBC statements;
    0 nanoseconds spent executing 0 JDBC statements;
    0 nanoseconds spent executing 0 JDBC batches;
    0 nanoseconds spent performing 0 L2C puts;
    0 nanoseconds spent performing 0 L2C hits;
    0 nanoseconds spent performing 0 L2C misses;
    0 nanoseconds spent executing 0 flushes (flushing a total of 0 entities and 0 collections);
    0 nanoseconds spent executing 0 partial-flushes (flushing a total of 0 entities and 0 collections)
}
20438 [Test worker] DEBUG org.springframework.orm.jpa.SharedEntityManagerCreator$SharedEntityManagerInvocationHandler  - Creating new EntityManager for shared EntityManager invocation
20438 [Test worker] DEBUG org.springframework.orm.jpa.EntityManagerFactoryUtils  - Closing JPA EntityManager
20438 [Test worker] INFO  org.hibernate.engine.internal.StatisticalLoggingSessionEventListener  - Session Metrics {
    0 nanoseconds spent acquiring 0 JDBC connections;
    0 nanoseconds spent releasing 0 JDBC connections;
    0 nanoseconds spent preparing 0 JDBC statements;
    0 nanoseconds spent executing 0 JDBC statements;
    0 nanoseconds spent executing 0 JDBC batches;
    0 nanoseconds spent performing 0 L2C puts;
    0 nanoseconds spent performing 0 L2C hits;
    0 nanoseconds spent performing 0 L2C misses;
    0 nanoseconds spent executing 0 flushes (flushing a total of 0 entities and 0 collections);
    0 nanoseconds spent executing 0 partial-flushes (flushing a total of 0 entities and 0 collections)
}
20439 [Test worker] DEBUG org.springframework.orm.jpa.SharedEntityManagerCreator$SharedEntityManagerInvocationHandler  - Creating new EntityManager for shared EntityManager invocation
20439 [Test worker] DEBUG org.springframework.orm.jpa.EntityManagerFactoryUtils  - Closing JPA EntityManager
20439 [Test worker] INFO  org.hibernate.engine.internal.StatisticalLoggingSessionEventListener  - Session Metrics {
    0 nanoseconds spent acquiring 0 JDBC connections;
    0 nanoseconds spent releasing 0 JDBC connections;
    0 nanoseconds spent preparing 0 JDBC statements;
    0 nanoseconds spent executing 0 JDBC statements;
    0 nanoseconds spent executing 0 JDBC batches;
    0 nanoseconds spent performing 0 L2C puts;
    0 nanoseconds spent performing 0 L2C hits;
    0 nanoseconds spent performing 0 L2C misses;
    0 nanoseconds spent executing 0 flushes (flushing a total of 0 entities and 0 collections);
    0 nanoseconds spent executing 0 partial-flushes (flushing a total of 0 entities and 0 collections)
}
20441 [Test worker] DEBUG org.springframework.orm.jpa.SharedEntityManagerCreator$SharedEntityManagerInvocationHandler  - Creating new EntityManager for shared EntityManager invocation
20441 [Test worker] DEBUG org.springframework.orm.jpa.EntityManagerFactoryUtils  - Closing JPA EntityManager
20441 [Test worker] INFO  org.hibernate.engine.internal.StatisticalLoggingSessionEventListener  - Session Metrics {
    0 nanoseconds spent acquiring 0 JDBC connections;
    0 nanoseconds spent releasing 0 JDBC connections;
    0 nanoseconds spent preparing 0 JDBC statements;
    0 nanoseconds spent executing 0 JDBC statements;
    0 nanoseconds spent executing 0 JDBC batches;
    0 nanoseconds spent performing 0 L2C puts;
    0 nanoseconds spent performing 0 L2C hits;
    0 nanoseconds spent performing 0 L2C misses;
    0 nanoseconds spent executing 0 flushes (flushing a total of 0 entities and 0 collections);
    0 nanoseconds spent executing 0 partial-flushes (flushing a total of 0 entities and 0 collections)
}
20443 [Test worker] DEBUG org.springframework.data.jpa.repository.query.SimpleJpaQuery  - Looking up query for method findUnitsByProjectUnitSaleId
20443 [Test worker] DEBUG org.springframework.data.jpa.repository.query.NamedQuery  - Looking up named query UnitTx.findUnitsByProjectUnitSaleId
20443 [Test worker] DEBUG org.springframework.orm.jpa.SharedEntityManagerCreator$SharedEntityManagerInvocationHandler  - Creating new EntityManager for shared EntityManager invocation
20444 [Test worker] DEBUG org.springframework.orm.jpa.EntityManagerFactoryUtils  - Closing JPA EntityManager
20444 [Test worker] INFO  org.hibernate.engine.internal.StatisticalLoggingSessionEventListener  - Session Metrics {
    0 nanoseconds spent acquiring 0 JDBC connections;
    0 nanoseconds spent releasing 0 JDBC connections;
    0 nanoseconds spent preparing 0 JDBC statements;
    0 nanoseconds spent executing 0 JDBC statements;
    0 nanoseconds spent executing 0 JDBC batches;
    0 nanoseconds spent performing 0 L2C puts;
    0 nanoseconds spent performing 0 L2C hits;
    0 nanoseconds spent performing 0 L2C misses;
    0 nanoseconds spent executing 0 flushes (flushing a total of 0 entities and 0 collections);
    0 nanoseconds spent executing 0 partial-flushes (flushing a total of 0 entities and 0 collections)
}
20446 [Test worker] DEBUG org.springframework.data.jpa.repository.query.SimpleJpaQuery  - Looking up query for method findUnitsByUserUuid
20446 [Test worker] DEBUG org.springframework.data.jpa.repository.query.NamedQuery  - Looking up named query UnitTx.findUnitsByUserUuid
20446 [Test worker] DEBUG org.springframework.orm.jpa.SharedEntityManagerCreator$SharedEntityManagerInvocationHandler  - Creating new EntityManager for shared EntityManager invocation
20446 [Test worker] DEBUG org.springframework.orm.jpa.EntityManagerFactoryUtils  - Closing JPA EntityManager
20447 [Test worker] INFO  org.hibernate.engine.internal.StatisticalLoggingSessionEventListener  - Session Metrics {
    0 nanoseconds spent acquiring 0 JDBC connections;
    0 nanoseconds spent releasing 0 JDBC connections;
    0 nanoseconds spent preparing 0 JDBC statements;
    0 nanoseconds spent executing 0 JDBC statements;
    0 nanoseconds spent executing 0 JDBC batches;
    0 nanoseconds spent performing 0 L2C puts;
    0 nanoseconds spent performing 0 L2C hits;
    0 nanoseconds spent performing 0 L2C misses;
    0 nanoseconds spent executing 0 flushes (flushing a total of 0 entities and 0 collections);
    0 nanoseconds spent executing 0 partial-flushes (flushing a total of 0 entities and 0 collections)
}
20447 [Test worker] DEBUG org.springframework.data.jpa.repository.query.SimpleJpaQuery  - Looking up query for method findUnitsByTypeAndUserUuid
20448 [Test worker] DEBUG org.springframework.data.jpa.repository.query.NamedQuery  - Looking up named query UnitTx.findUnitsByTypeAndUserUuid
20448 [Test worker] DEBUG org.springframework.orm.jpa.SharedEntityManagerCreator$SharedEntityManagerInvocationHandler  - Creating new EntityManager for shared EntityManager invocation
20448 [Test worker] DEBUG org.springframework.orm.jpa.EntityManagerFactoryUtils  - Closing JPA EntityManager
20448 [Test worker] INFO  org.hibernate.engine.internal.StatisticalLoggingSessionEventListener  - Session Metrics {
    0 nanoseconds spent acquiring 0 JDBC connections;
    0 nanoseconds spent releasing 0 JDBC connections;
    0 nanoseconds spent preparing 0 JDBC statements;
    0 nanoseconds spent executing 0 JDBC statements;
    0 nanoseconds spent executing 0 JDBC batches;
    0 nanoseconds spent performing 0 L2C puts;
    0 nanoseconds spent performing 0 L2C hits;
    0 nanoseconds spent performing 0 L2C misses;
    0 nanoseconds spent executing 0 flushes (flushing a total of 0 entities and 0 collections);
    0 nanoseconds spent executing 0 partial-flushes (flushing a total of 0 entities and 0 collections)
}
20450 [Test worker] DEBUG org.springframework.data.jpa.repository.query.SimpleJpaQuery  - Looking up query for method findByUserAndDate
20453 [Test worker] INFO  org.hibernate.engine.internal.StatisticalLoggingSessionEventListener  - Session Metrics {
    0 nanoseconds spent acquiring 0 JDBC connections;
    0 nanoseconds spent releasing 0 JDBC connections;
    0 nanoseconds spent preparing 0 JDBC statements;
    0 nanoseconds spent executing 0 JDBC statements;
    0 nanoseconds spent executing 0 JDBC batches;
    0 nanoseconds spent performing 0 L2C puts;
    0 nanoseconds spent performing 0 L2C hits;
    0 nanoseconds spent performing 0 L2C misses;
    0 nanoseconds spent executing 0 flushes (flushing a total of 0 entities and 0 collections);
    0 nanoseconds spent executing 0 partial-flushes (flushing a total of 0 entities and 0 collections)
}
20453 [Test worker] DEBUG org.springframework.data.jpa.repository.query.SimpleJpaQuery  - Looking up query for method findUnitsByprojectUnitSaleIdIn
20454 [Test worker] DEBUG org.springframework.data.jpa.repository.query.NamedQuery  - Looking up named query UnitTx.findUnitsByprojectUnitSaleIdIn
20454 [Test worker] DEBUG org.springframework.orm.jpa.SharedEntityManagerCreator$SharedEntityManagerInvocationHandler  - Creating new EntityManager for shared EntityManager invocation
20454 [Test worker] DEBUG org.springframework.orm.jpa.EntityManagerFactoryUtils  - Closing JPA EntityManager
20454 [Test worker] INFO  org.hibernate.engine.internal.StatisticalLoggingSessionEventListener  - Session Metrics {
    0 nanoseconds spent acquiring 0 JDBC connections;
    0 nanoseconds spent releasing 0 JDBC connections;
    0 nanoseconds spent preparing 0 JDBC statements;
    0 nanoseconds spent executing 0 JDBC statements;
    0 nanoseconds spent executing 0 JDBC batches;
    0 nanoseconds spent performing 0 L2C puts;
    0 nanoseconds spent performing 0 L2C hits;
    0 nanoseconds spent performing 0 L2C misses;
    0 nanoseconds spent executing 0 flushes (flushing a total of 0 entities and 0 collections);
    0 nanoseconds spent executing 0 partial-flushes (flushing a total of 0 entities and 0 collections)
}
20455 [Test worker] DEBUG org.springframework.data.jpa.repository.query.SimpleJpaQuery  - Looking up query for method findUnitsByTypeAndProjectUnitSales
20459 [Test worker] INFO  org.hibernate.engine.internal.StatisticalLoggingSessionEventListener  - Session Metrics {
    0 nanoseconds spent acquiring 0 JDBC connections;
    0 nanoseconds spent releasing 0 JDBC connections;
    0 nanoseconds spent preparing 0 JDBC statements;
    0 nanoseconds spent executing 0 JDBC statements;
    0 nanoseconds spent executing 0 JDBC batches;
    0 nanoseconds spent performing 0 L2C puts;
    0 nanoseconds spent performing 0 L2C hits;
    0 nanoseconds spent performing 0 L2C misses;
    0 nanoseconds spent executing 0 flushes (flushing a total of 0 entities and 0 collections);
    0 nanoseconds spent executing 0 partial-flushes (flushing a total of 0 entities and 0 collections)
}
20460 [Test worker] DEBUG org.springframework.aop.framework.JdkDynamicAopProxy  - Creating JDK dynamic proxy: target source is SingletonTargetSource for target object [org.springframework.data.jpa.repository.support.SimpleJpaRepository@45ae9c3f]
20471 [Test worker] DEBUG org.springframework.orm.jpa.SharedEntityManagerCreator$SharedEntityManagerInvocationHandler  - Creating new EntityManager for shared EntityManager invocation
20471 [Test worker] DEBUG org.springframework.orm.jpa.EntityManagerFactoryUtils  - Closing JPA EntityManager
20471 [Test worker] INFO  org.hibernate.engine.internal.StatisticalLoggingSessionEventListener  - Session Metrics {
    0 nanoseconds spent acquiring 0 JDBC connections;
    0 nanoseconds spent releasing 0 JDBC connections;
    0 nanoseconds spent preparing 0 JDBC statements;
    0 nanoseconds spent executing 0 JDBC statements;
    0 nanoseconds spent executing 0 JDBC batches;
    0 nanoseconds spent performing 0 L2C puts;
    0 nanoseconds spent performing 0 L2C hits;
    0 nanoseconds spent performing 0 L2C misses;
    0 nanoseconds spent executing 0 flushes (flushing a total of 0 entities and 0 collections);
    0 nanoseconds spent executing 0 partial-flushes (flushing a total of 0 entities and 0 collections)
}
20471 [Test worker] DEBUG org.springframework.orm.jpa.SharedEntityManagerCreator$SharedEntityManagerInvocationHandler  - Creating new EntityManager for shared EntityManager invocation
20471 [Test worker] DEBUG org.springframework.orm.jpa.EntityManagerFactoryUtils  - Closing JPA EntityManager
20472 [Test worker] INFO  org.hibernate.engine.internal.StatisticalLoggingSessionEventListener  - Session Metrics {
    0 nanoseconds spent acquiring 0 JDBC connections;
    0 nanoseconds spent releasing 0 JDBC connections;
    0 nanoseconds spent preparing 0 JDBC statements;
    0 nanoseconds spent executing 0 JDBC statements;
    0 nanoseconds spent executing 0 JDBC batches;
    0 nanoseconds spent performing 0 L2C puts;
    0 nanoseconds spent performing 0 L2C hits;
    0 nanoseconds spent performing 0 L2C misses;
    0 nanoseconds spent executing 0 flushes (flushing a total of 0 entities and 0 collections);
    0 nanoseconds spent executing 0 partial-flushes (flushing a total of 0 entities and 0 collections)
}
20472 [Test worker] DEBUG org.springframework.orm.jpa.SharedEntityManagerCreator$SharedEntityManagerInvocationHandler  - Creating new EntityManager for shared EntityManager invocation
20473 [Test worker] DEBUG org.springframework.orm.jpa.EntityManagerFactoryUtils  - Closing JPA EntityManager
20473 [Test worker] INFO  org.hibernate.engine.internal.StatisticalLoggingSessionEventListener  - Session Metrics {
    0 nanoseconds spent acquiring 0 JDBC connections;
    0 nanoseconds spent releasing 0 JDBC connections;
    0 nanoseconds spent preparing 0 JDBC statements;
    0 nanoseconds spent executing 0 JDBC statements;
    0 nanoseconds spent executing 0 JDBC batches;
    0 nanoseconds spent performing 0 L2C puts;
    0 nanoseconds spent performing 0 L2C hits;
    0 nanoseconds spent performing 0 L2C misses;
    0 nanoseconds spent executing 0 flushes (flushing a total of 0 entities and 0 collections);
    0 nanoseconds spent executing 0 partial-flushes (flushing a total of 0 entities and 0 collections)
}
20473 [Test worker] DEBUG org.springframework.orm.jpa.SharedEntityManagerCreator$SharedEntityManagerInvocationHandler  - Creating new EntityManager for shared EntityManager invocation
20474 [Test worker] DEBUG org.springframework.orm.jpa.EntityManagerFactoryUtils  - Closing JPA EntityManager
20474 [Test worker] INFO  org.hibernate.engine.internal.StatisticalLoggingSessionEventListener  - Session Metrics {
    0 nanoseconds spent acquiring 0 JDBC connections;
    0 nanoseconds spent releasing 0 JDBC connections;
    0 nanoseconds spent preparing 0 JDBC statements;
    0 nanoseconds spent executing 0 JDBC statements;
    0 nanoseconds spent executing 0 JDBC batches;
    0 nanoseconds spent performing 0 L2C puts;
    0 nanoseconds spent performing 0 L2C hits;
    0 nanoseconds spent performing 0 L2C misses;
    0 nanoseconds spent executing 0 flushes (flushing a total of 0 entities and 0 collections);
    0 nanoseconds spent executing 0 partial-flushes (flushing a total of 0 entities and 0 collections)
}
20475 [Test worker] DEBUG org.springframework.orm.jpa.SharedEntityManagerCreator$SharedEntityManagerInvocationHandler  - Creating new EntityManager for shared EntityManager invocation
20476 [Test worker] DEBUG org.springframework.orm.jpa.EntityManagerFactoryUtils  - Closing JPA EntityManager
20476 [Test worker] INFO  org.hibernate.engine.internal.StatisticalLoggingSessionEventListener  - Session Metrics {
    0 nanoseconds spent acquiring 0 JDBC connections;
    0 nanoseconds spent releasing 0 JDBC connections;
    0 nanoseconds spent preparing 0 JDBC statements;
    0 nanoseconds spent executing 0 JDBC statements;
    0 nanoseconds spent executing 0 JDBC batches;
    0 nanoseconds spent performing 0 L2C puts;
    0 nanoseconds spent performing 0 L2C hits;
    0 nanoseconds spent performing 0 L2C misses;
    0 nanoseconds spent executing 0 flushes (flushing a total of 0 entities and 0 collections);
    0 nanoseconds spent executing 0 partial-flushes (flushing a total of 0 entities and 0 collections)
}
20477 [Test worker] DEBUG org.springframework.orm.jpa.SharedEntityManagerCreator$SharedEntityManagerInvocationHandler  - Creating new EntityManager for shared EntityManager invocation
20477 [Test worker] DEBUG org.springframework.orm.jpa.EntityManagerFactoryUtils  - Closing JPA EntityManager
20478 [Test worker] INFO  org.hibernate.engine.internal.StatisticalLoggingSessionEventListener  - Session Metrics {
    0 nanoseconds spent acquiring 0 JDBC connections;
    0 nanoseconds spent releasing 0 JDBC connections;
    0 nanoseconds spent preparing 0 JDBC statements;
    0 nanoseconds spent executing 0 JDBC statements;
    0 nanoseconds spent executing 0 JDBC batches;
    0 nanoseconds spent performing 0 L2C puts;
    0 nanoseconds spent performing 0 L2C hits;
    0 nanoseconds spent performing 0 L2C misses;
    0 nanoseconds spent executing 0 flushes (flushing a total of 0 entities and 0 collections);
    0 nanoseconds spent executing 0 partial-flushes (flushing a total of 0 entities and 0 collections)
}
20479 [Test worker] DEBUG org.springframework.orm.jpa.SharedEntityManagerCreator$SharedEntityManagerInvocationHandler  - Creating new EntityManager for shared EntityManager invocation
20479 [Test worker] DEBUG org.springframework.orm.jpa.EntityManagerFactoryUtils  - Closing JPA EntityManager
20480 [Test worker] INFO  org.hibernate.engine.internal.StatisticalLoggingSessionEventListener  - Session Metrics {
    0 nanoseconds spent acquiring 0 JDBC connections;
    0 nanoseconds spent releasing 0 JDBC connections;
    0 nanoseconds spent preparing 0 JDBC statements;
    0 nanoseconds spent executing 0 JDBC statements;
    0 nanoseconds spent executing 0 JDBC batches;
    0 nanoseconds spent performing 0 L2C puts;
    0 nanoseconds spent performing 0 L2C hits;
    0 nanoseconds spent performing 0 L2C misses;
    0 nanoseconds spent executing 0 flushes (flushing a total of 0 entities and 0 collections);
    0 nanoseconds spent executing 0 partial-flushes (flushing a total of 0 entities and 0 collections)
}
20481 [Test worker] DEBUG org.springframework.orm.jpa.SharedEntityManagerCreator$SharedEntityManagerInvocationHandler  - Creating new EntityManager for shared EntityManager invocation
20481 [Test worker] DEBUG org.springframework.orm.jpa.EntityManagerFactoryUtils  - Closing JPA EntityManager
20481 [Test worker] INFO  org.hibernate.engine.internal.StatisticalLoggingSessionEventListener  - Session Metrics {
    0 nanoseconds spent acquiring 0 JDBC connections;
    0 nanoseconds spent releasing 0 JDBC connections;
    0 nanoseconds spent preparing 0 JDBC statements;
    0 nanoseconds spent executing 0 JDBC statements;
    0 nanoseconds spent executing 0 JDBC batches;
    0 nanoseconds spent performing 0 L2C puts;
    0 nanoseconds spent performing 0 L2C hits;
    0 nanoseconds spent performing 0 L2C misses;
    0 nanoseconds spent executing 0 flushes (flushing a total of 0 entities and 0 collections);
    0 nanoseconds spent executing 0 partial-flushes (flushing a total of 0 entities and 0 collections)
}
20483 [Test worker] DEBUG org.springframework.data.jpa.repository.query.SimpleJpaQuery  - Looking up query for method findByUserAndDate
20488 [Test worker] INFO  org.hibernate.engine.internal.StatisticalLoggingSessionEventListener  - Session Metrics {
    0 nanoseconds spent acquiring 0 JDBC connections;
    0 nanoseconds spent releasing 0 JDBC connections;
    0 nanoseconds spent preparing 0 JDBC statements;
    0 nanoseconds spent executing 0 JDBC statements;
    0 nanoseconds spent executing 0 JDBC batches;
    0 nanoseconds spent performing 0 L2C puts;
    0 nanoseconds spent performing 0 L2C hits;
    0 nanoseconds spent performing 0 L2C misses;
    0 nanoseconds spent executing 0 flushes (flushing a total of 0 entities and 0 collections);
    0 nanoseconds spent executing 0 partial-flushes (flushing a total of 0 entities and 0 collections)
}
20489 [Test worker] DEBUG org.springframework.aop.framework.JdkDynamicAopProxy  - Creating JDK dynamic proxy: target source is SingletonTargetSource for target object [org.springframework.data.jpa.repository.support.SimpleJpaRepository@175afc00]
20503 [Test worker] DEBUG org.springframework.orm.jpa.SharedEntityManagerCreator$SharedEntityManagerInvocationHandler  - Creating new EntityManager for shared EntityManager invocation
20504 [Test worker] DEBUG org.springframework.orm.jpa.EntityManagerFactoryUtils  - Closing JPA EntityManager
20504 [Test worker] INFO  org.hibernate.engine.internal.StatisticalLoggingSessionEventListener  - Session Metrics {
    0 nanoseconds spent acquiring 0 JDBC connections;
    0 nanoseconds spent releasing 0 JDBC connections;
    0 nanoseconds spent preparing 0 JDBC statements;
    0 nanoseconds spent executing 0 JDBC statements;
    0 nanoseconds spent executing 0 JDBC batches;
    0 nanoseconds spent performing 0 L2C puts;
    0 nanoseconds spent performing 0 L2C hits;
    0 nanoseconds spent performing 0 L2C misses;
    0 nanoseconds spent executing 0 flushes (flushing a total of 0 entities and 0 collections);
    0 nanoseconds spent executing 0 partial-flushes (flushing a total of 0 entities and 0 collections)
}
20506 [Test worker] DEBUG org.springframework.orm.jpa.SharedEntityManagerCreator$SharedEntityManagerInvocationHandler  - Creating new EntityManager for shared EntityManager invocation
20506 [Test worker] DEBUG org.springframework.orm.jpa.EntityManagerFactoryUtils  - Closing JPA EntityManager
20507 [Test worker] INFO  org.hibernate.engine.internal.StatisticalLoggingSessionEventListener  - Session Metrics {
    0 nanoseconds spent acquiring 0 JDBC connections;
    0 nanoseconds spent releasing 0 JDBC connections;
    0 nanoseconds spent preparing 0 JDBC statements;
    0 nanoseconds spent executing 0 JDBC statements;
    0 nanoseconds spent executing 0 JDBC batches;
    0 nanoseconds spent performing 0 L2C puts;
    0 nanoseconds spent performing 0 L2C hits;
    0 nanoseconds spent performing 0 L2C misses;
    0 nanoseconds spent executing 0 flushes (flushing a total of 0 entities and 0 collections);
    0 nanoseconds spent executing 0 partial-flushes (flushing a total of 0 entities and 0 collections)
}
20510 [Test worker] DEBUG org.springframework.orm.jpa.SharedEntityManagerCreator$SharedEntityManagerInvocationHandler  - Creating new EntityManager for shared EntityManager invocation
20510 [Test worker] DEBUG org.springframework.orm.jpa.EntityManagerFactoryUtils  - Closing JPA EntityManager
20511 [Test worker] INFO  org.hibernate.engine.internal.StatisticalLoggingSessionEventListener  - Session Metrics {
    0 nanoseconds spent acquiring 0 JDBC connections;
    0 nanoseconds spent releasing 0 JDBC connections;
    0 nanoseconds spent preparing 0 JDBC statements;
    0 nanoseconds spent executing 0 JDBC statements;
    0 nanoseconds spent executing 0 JDBC batches;
    0 nanoseconds spent performing 0 L2C puts;
    0 nanoseconds spent performing 0 L2C hits;
    0 nanoseconds spent performing 0 L2C misses;
    0 nanoseconds spent executing 0 flushes (flushing a total of 0 entities and 0 collections);
    0 nanoseconds spent executing 0 partial-flushes (flushing a total of 0 entities and 0 collections)
}
20514 [Test worker] DEBUG org.springframework.orm.jpa.SharedEntityManagerCreator$SharedEntityManagerInvocationHandler  - Creating new EntityManager for shared EntityManager invocation
20514 [Test worker] DEBUG org.springframework.orm.jpa.EntityManagerFactoryUtils  - Closing JPA EntityManager
20514 [Test worker] INFO  org.hibernate.engine.internal.StatisticalLoggingSessionEventListener  - Session Metrics {
    0 nanoseconds spent acquiring 0 JDBC connections;
    0 nanoseconds spent releasing 0 JDBC connections;
    0 nanoseconds spent preparing 0 JDBC statements;
    0 nanoseconds spent executing 0 JDBC statements;
    0 nanoseconds spent executing 0 JDBC batches;
    0 nanoseconds spent performing 0 L2C puts;
    0 nanoseconds spent performing 0 L2C hits;
    0 nanoseconds spent performing 0 L2C misses;
    0 nanoseconds spent executing 0 flushes (flushing a total of 0 entities and 0 collections);
    0 nanoseconds spent executing 0 partial-flushes (flushing a total of 0 entities and 0 collections)
}
20517 [Test worker] DEBUG org.springframework.orm.jpa.SharedEntityManagerCreator$SharedEntityManagerInvocationHandler  - Creating new EntityManager for shared EntityManager invocation
20518 [Test worker] DEBUG org.springframework.orm.jpa.EntityManagerFactoryUtils  - Closing JPA EntityManager
20518 [Test worker] INFO  org.hibernate.engine.internal.StatisticalLoggingSessionEventListener  - Session Metrics {
    0 nanoseconds spent acquiring 0 JDBC connections;
    0 nanoseconds spent releasing 0 JDBC connections;
    0 nanoseconds spent preparing 0 JDBC statements;
    0 nanoseconds spent executing 0 JDBC statements;
    0 nanoseconds spent executing 0 JDBC batches;
    0 nanoseconds spent performing 0 L2C puts;
    0 nanoseconds spent performing 0 L2C hits;
    0 nanoseconds spent performing 0 L2C misses;
    0 nanoseconds spent executing 0 flushes (flushing a total of 0 entities and 0 collections);
    0 nanoseconds spent executing 0 partial-flushes (flushing a total of 0 entities and 0 collections)
}
20519 [Test worker] DEBUG org.springframework.orm.jpa.SharedEntityManagerCreator$SharedEntityManagerInvocationHandler  - Creating new EntityManager for shared EntityManager invocation
20520 [Test worker] DEBUG org.springframework.orm.jpa.EntityManagerFactoryUtils  - Closing JPA EntityManager
20520 [Test worker] INFO  org.hibernate.engine.internal.StatisticalLoggingSessionEventListener  - Session Metrics {
    0 nanoseconds spent acquiring 0 JDBC connections;
    0 nanoseconds spent releasing 0 JDBC connections;
    0 nanoseconds spent preparing 0 JDBC statements;
    0 nanoseconds spent executing 0 JDBC statements;
    0 nanoseconds spent executing 0 JDBC batches;
    0 nanoseconds spent performing 0 L2C puts;
    0 nanoseconds spent performing 0 L2C hits;
    0 nanoseconds spent performing 0 L2C misses;
    0 nanoseconds spent executing 0 flushes (flushing a total of 0 entities and 0 collections);
    0 nanoseconds spent executing 0 partial-flushes (flushing a total of 0 entities and 0 collections)
}
20522 [Test worker] DEBUG org.springframework.orm.jpa.SharedEntityManagerCreator$SharedEntityManagerInvocationHandler  - Creating new EntityManager for shared EntityManager invocation
20522 [Test worker] DEBUG org.springframework.orm.jpa.EntityManagerFactoryUtils  - Closing JPA EntityManager
20523 [Test worker] INFO  org.hibernate.engine.internal.StatisticalLoggingSessionEventListener  - Session Metrics {
    0 nanoseconds spent acquiring 0 JDBC connections;
    0 nanoseconds spent releasing 0 JDBC connections;
    0 nanoseconds spent preparing 0 JDBC statements;
    0 nanoseconds spent executing 0 JDBC statements;
    0 nanoseconds spent executing 0 JDBC batches;
    0 nanoseconds spent performing 0 L2C puts;
    0 nanoseconds spent performing 0 L2C hits;
    0 nanoseconds spent performing 0 L2C misses;
    0 nanoseconds spent executing 0 flushes (flushing a total of 0 entities and 0 collections);
    0 nanoseconds spent executing 0 partial-flushes (flushing a total of 0 entities and 0 collections)
}
20528 [Test worker] DEBUG org.springframework.orm.jpa.SharedEntityManagerCreator$SharedEntityManagerInvocationHandler  - Creating new EntityManager for shared EntityManager invocation
20529 [Test worker] DEBUG org.springframework.orm.jpa.EntityManagerFactoryUtils  - Closing JPA EntityManager
20529 [Test worker] INFO  org.hibernate.engine.internal.StatisticalLoggingSessionEventListener  - Session Metrics {
    0 nanoseconds spent acquiring 0 JDBC connections;
    0 nanoseconds spent releasing 0 JDBC connections;
    0 nanoseconds spent preparing 0 JDBC statements;
    0 nanoseconds spent executing 0 JDBC statements;
    0 nanoseconds spent executing 0 JDBC batches;
    0 nanoseconds spent performing 0 L2C puts;
    0 nanoseconds spent performing 0 L2C hits;
    0 nanoseconds spent performing 0 L2C misses;
    0 nanoseconds spent executing 0 flushes (flushing a total of 0 entities and 0 collections);
    0 nanoseconds spent executing 0 partial-flushes (flushing a total of 0 entities and 0 collections)
}
20529 [Test worker] DEBUG org.springframework.aop.framework.JdkDynamicAopProxy  - Creating JDK dynamic proxy: target source is SingletonTargetSource for target object [org.springframework.data.jpa.repository.support.SimpleJpaRepository@78224fa3]
20545 [Test worker] DEBUG org.springframework.orm.jpa.SharedEntityManagerCreator$SharedEntityManagerInvocationHandler  - Creating new EntityManager for shared EntityManager invocation
20545 [Test worker] DEBUG org.springframework.orm.jpa.EntityManagerFactoryUtils  - Closing JPA EntityManager
20546 [Test worker] INFO  org.hibernate.engine.internal.StatisticalLoggingSessionEventListener  - Session Metrics {
    0 nanoseconds spent acquiring 0 JDBC connections;
    0 nanoseconds spent releasing 0 JDBC connections;
    0 nanoseconds spent preparing 0 JDBC statements;
    0 nanoseconds spent executing 0 JDBC statements;
    0 nanoseconds spent executing 0 JDBC batches;
    0 nanoseconds spent performing 0 L2C puts;
    0 nanoseconds spent performing 0 L2C hits;
    0 nanoseconds spent performing 0 L2C misses;
    0 nanoseconds spent executing 0 flushes (flushing a total of 0 entities and 0 collections);
    0 nanoseconds spent executing 0 partial-flushes (flushing a total of 0 entities and 0 collections)
}
20547 [Test worker] DEBUG org.springframework.orm.jpa.SharedEntityManagerCreator$SharedEntityManagerInvocationHandler  - Creating new EntityManager for shared EntityManager invocation
20548 [Test worker] DEBUG org.springframework.orm.jpa.EntityManagerFactoryUtils  - Closing JPA EntityManager
20548 [Test worker] INFO  org.hibernate.engine.internal.StatisticalLoggingSessionEventListener  - Session Metrics {
    0 nanoseconds spent acquiring 0 JDBC connections;
    0 nanoseconds spent releasing 0 JDBC connections;
    0 nanoseconds spent preparing 0 JDBC statements;
    0 nanoseconds spent executing 0 JDBC statements;
    0 nanoseconds spent executing 0 JDBC batches;
    0 nanoseconds spent performing 0 L2C puts;
    0 nanoseconds spent performing 0 L2C hits;
    0 nanoseconds spent performing 0 L2C misses;
    0 nanoseconds spent executing 0 flushes (flushing a total of 0 entities and 0 collections);
    0 nanoseconds spent executing 0 partial-flushes (flushing a total of 0 entities and 0 collections)
}
20550 [Test worker] DEBUG org.springframework.orm.jpa.SharedEntityManagerCreator$SharedEntityManagerInvocationHandler  - Creating new EntityManager for shared EntityManager invocation
20550 [Test worker] DEBUG org.springframework.orm.jpa.EntityManagerFactoryUtils  - Closing JPA EntityManager
20551 [Test worker] INFO  org.hibernate.engine.internal.StatisticalLoggingSessionEventListener  - Session Metrics {
    0 nanoseconds spent acquiring 0 JDBC connections;
    0 nanoseconds spent releasing 0 JDBC connections;
    0 nanoseconds spent preparing 0 JDBC statements;
    0 nanoseconds spent executing 0 JDBC statements;
    0 nanoseconds spent executing 0 JDBC batches;
    0 nanoseconds spent performing 0 L2C puts;
    0 nanoseconds spent performing 0 L2C hits;
    0 nanoseconds spent performing 0 L2C misses;
    0 nanoseconds spent executing 0 flushes (flushing a total of 0 entities and 0 collections);
    0 nanoseconds spent executing 0 partial-flushes (flushing a total of 0 entities and 0 collections)
}
20553 [Test worker] DEBUG org.springframework.orm.jpa.SharedEntityManagerCreator$SharedEntityManagerInvocationHandler  - Creating new EntityManager for shared EntityManager invocation
20553 [Test worker] DEBUG org.springframework.orm.jpa.EntityManagerFactoryUtils  - Closing JPA EntityManager
20554 [Test worker] INFO  org.hibernate.engine.internal.StatisticalLoggingSessionEventListener  - Session Metrics {
    0 nanoseconds spent acquiring 0 JDBC connections;
    0 nanoseconds spent releasing 0 JDBC connections;
    0 nanoseconds spent preparing 0 JDBC statements;
    0 nanoseconds spent executing 0 JDBC statements;
    0 nanoseconds spent executing 0 JDBC batches;
    0 nanoseconds spent performing 0 L2C puts;
    0 nanoseconds spent performing 0 L2C hits;
    0 nanoseconds spent performing 0 L2C misses;
    0 nanoseconds spent executing 0 flushes (flushing a total of 0 entities and 0 collections);
    0 nanoseconds spent executing 0 partial-flushes (flushing a total of 0 entities and 0 collections)
}
20556 [Test worker] DEBUG org.springframework.orm.jpa.SharedEntityManagerCreator$SharedEntityManagerInvocationHandler  - Creating new EntityManager for shared EntityManager invocation
20556 [Test worker] DEBUG org.springframework.orm.jpa.EntityManagerFactoryUtils  - Closing JPA EntityManager
20556 [Test worker] INFO  org.hibernate.engine.internal.StatisticalLoggingSessionEventListener  - Session Metrics {
    0 nanoseconds spent acquiring 0 JDBC connections;
    0 nanoseconds spent releasing 0 JDBC connections;
    0 nanoseconds spent preparing 0 JDBC statements;
    0 nanoseconds spent executing 0 JDBC statements;
    0 nanoseconds spent executing 0 JDBC batches;
    0 nanoseconds spent performing 0 L2C puts;
    0 nanoseconds spent performing 0 L2C hits;
    0 nanoseconds spent performing 0 L2C misses;
    0 nanoseconds spent executing 0 flushes (flushing a total of 0 entities and 0 collections);
    0 nanoseconds spent executing 0 partial-flushes (flushing a total of 0 entities and 0 collections)
}
20558 [Test worker] DEBUG org.springframework.orm.jpa.SharedEntityManagerCreator$SharedEntityManagerInvocationHandler  - Creating new EntityManager for shared EntityManager invocation
20558 [Test worker] DEBUG org.springframework.orm.jpa.EntityManagerFactoryUtils  - Closing JPA EntityManager
20559 [Test worker] INFO  org.hibernate.engine.internal.StatisticalLoggingSessionEventListener  - Session Metrics {
    0 nanoseconds spent acquiring 0 JDBC connections;
    0 nanoseconds spent releasing 0 JDBC connections;
    0 nanoseconds spent preparing 0 JDBC statements;
    0 nanoseconds spent executing 0 JDBC statements;
    0 nanoseconds spent executing 0 JDBC batches;
    0 nanoseconds spent performing 0 L2C puts;
    0 nanoseconds spent performing 0 L2C hits;
    0 nanoseconds spent performing 0 L2C misses;
    0 nanoseconds spent executing 0 flushes (flushing a total of 0 entities and 0 collections);
    0 nanoseconds spent executing 0 partial-flushes (flushing a total of 0 entities and 0 collections)
}
20561 [Test worker] DEBUG org.springframework.orm.jpa.SharedEntityManagerCreator$SharedEntityManagerInvocationHandler  - Creating new EntityManager for shared EntityManager invocation
20562 [Test worker] DEBUG org.springframework.orm.jpa.EntityManagerFactoryUtils  - Closing JPA EntityManager
20562 [Test worker] INFO  org.hibernate.engine.internal.StatisticalLoggingSessionEventListener  - Session Metrics {
    0 nanoseconds spent acquiring 0 JDBC connections;
    0 nanoseconds spent releasing 0 JDBC connections;
    0 nanoseconds spent preparing 0 JDBC statements;
    0 nanoseconds spent executing 0 JDBC statements;
    0 nanoseconds spent executing 0 JDBC batches;
    0 nanoseconds spent performing 0 L2C puts;
    0 nanoseconds spent performing 0 L2C hits;
    0 nanoseconds spent performing 0 L2C misses;
    0 nanoseconds spent executing 0 flushes (flushing a total of 0 entities and 0 collections);
    0 nanoseconds spent executing 0 partial-flushes (flushing a total of 0 entities and 0 collections)
}
20564 [Test worker] DEBUG org.springframework.orm.jpa.SharedEntityManagerCreator$SharedEntityManagerInvocationHandler  - Creating new EntityManager for shared EntityManager invocation
20564 [Test worker] DEBUG org.springframework.orm.jpa.EntityManagerFactoryUtils  - Closing JPA EntityManager
20564 [Test worker] INFO  org.hibernate.engine.internal.StatisticalLoggingSessionEventListener  - Session Metrics {
    0 nanoseconds spent acquiring 0 JDBC connections;
    0 nanoseconds spent releasing 0 JDBC connections;
    0 nanoseconds spent preparing 0 JDBC statements;
    0 nanoseconds spent executing 0 JDBC statements;
    0 nanoseconds spent executing 0 JDBC batches;
    0 nanoseconds spent performing 0 L2C puts;
    0 nanoseconds spent performing 0 L2C hits;
    0 nanoseconds spent performing 0 L2C misses;
    0 nanoseconds spent executing 0 flushes (flushing a total of 0 entities and 0 collections);
    0 nanoseconds spent executing 0 partial-flushes (flushing a total of 0 entities and 0 collections)
}
20566 [Test worker] DEBUG org.springframework.data.jpa.repository.query.SimpleJpaQuery  - Looking up query for method findTransactionsByUuid
20571 [Test worker] INFO  org.hibernate.engine.internal.StatisticalLoggingSessionEventListener  - Session Metrics {
    0 nanoseconds spent acquiring 0 JDBC connections;
    0 nanoseconds spent releasing 0 JDBC connections;
    0 nanoseconds spent preparing 0 JDBC statements;
    0 nanoseconds spent executing 0 JDBC statements;
    0 nanoseconds spent executing 0 JDBC batches;
    0 nanoseconds spent performing 0 L2C puts;
    0 nanoseconds spent performing 0 L2C hits;
    0 nanoseconds spent performing 0 L2C misses;
    0 nanoseconds spent executing 0 flushes (flushing a total of 0 entities and 0 collections);
    0 nanoseconds spent executing 0 partial-flushes (flushing a total of 0 entities and 0 collections)
}
20572 [Test worker] DEBUG org.springframework.data.jpa.repository.query.SimpleJpaQuery  - Looking up query for method findTransactionsByUuidAndDate
20578 [Test worker] INFO  org.hibernate.engine.internal.StatisticalLoggingSessionEventListener  - Session Metrics {
    0 nanoseconds spent acquiring 0 JDBC connections;
    0 nanoseconds spent releasing 0 JDBC connections;
    0 nanoseconds spent preparing 0 JDBC statements;
    0 nanoseconds spent executing 0 JDBC statements;
    0 nanoseconds spent executing 0 JDBC batches;
    0 nanoseconds spent performing 0 L2C puts;
    0 nanoseconds spent performing 0 L2C hits;
    0 nanoseconds spent performing 0 L2C misses;
    0 nanoseconds spent executing 0 flushes (flushing a total of 0 entities and 0 collections);
    0 nanoseconds spent executing 0 partial-flushes (flushing a total of 0 entities and 0 collections)
}
20579 [Test worker] DEBUG org.springframework.data.jpa.repository.query.SimpleJpaQuery  - Looking up query for method findByUuid
20579 [Test worker] DEBUG org.springframework.data.jpa.repository.query.NamedQuery  - Looking up named query IntegraUserTx.findByUuid
20579 [Test worker] DEBUG org.springframework.orm.jpa.SharedEntityManagerCreator$SharedEntityManagerInvocationHandler  - Creating new EntityManager for shared EntityManager invocation
20580 [Test worker] DEBUG org.springframework.orm.jpa.EntityManagerFactoryUtils  - Closing JPA EntityManager
20580 [Test worker] INFO  org.hibernate.engine.internal.StatisticalLoggingSessionEventListener  - Session Metrics {
    0 nanoseconds spent acquiring 0 JDBC connections;
    0 nanoseconds spent releasing 0 JDBC connections;
    0 nanoseconds spent preparing 0 JDBC statements;
    0 nanoseconds spent executing 0 JDBC statements;
    0 nanoseconds spent executing 0 JDBC batches;
    0 nanoseconds spent performing 0 L2C puts;
    0 nanoseconds spent performing 0 L2C hits;
    0 nanoseconds spent performing 0 L2C misses;
    0 nanoseconds spent executing 0 flushes (flushing a total of 0 entities and 0 collections);
    0 nanoseconds spent executing 0 partial-flushes (flushing a total of 0 entities and 0 collections)
}
20581 [Test worker] DEBUG org.springframework.aop.framework.JdkDynamicAopProxy  - Creating JDK dynamic proxy: target source is SingletonTargetSource for target object [org.springframework.data.jpa.repository.support.SimpleJpaRepository@694c59]
20602 [Test worker] DEBUG org.springframework.orm.jpa.SharedEntityManagerCreator$SharedEntityManagerInvocationHandler  - Creating new EntityManager for shared EntityManager invocation
20603 [Test worker] DEBUG org.springframework.orm.jpa.EntityManagerFactoryUtils  - Closing JPA EntityManager
20603 [Test worker] INFO  org.hibernate.engine.internal.StatisticalLoggingSessionEventListener  - Session Metrics {
    0 nanoseconds spent acquiring 0 JDBC connections;
    0 nanoseconds spent releasing 0 JDBC connections;
    0 nanoseconds spent preparing 0 JDBC statements;
    0 nanoseconds spent executing 0 JDBC statements;
    0 nanoseconds spent executing 0 JDBC batches;
    0 nanoseconds spent performing 0 L2C puts;
    0 nanoseconds spent performing 0 L2C hits;
    0 nanoseconds spent performing 0 L2C misses;
    0 nanoseconds spent executing 0 flushes (flushing a total of 0 entities and 0 collections);
    0 nanoseconds spent executing 0 partial-flushes (flushing a total of 0 entities and 0 collections)
}
20603 [Test worker] DEBUG org.springframework.orm.jpa.SharedEntityManagerCreator$SharedEntityManagerInvocationHandler  - Creating new EntityManager for shared EntityManager invocation
20604 [Test worker] DEBUG org.springframework.orm.jpa.EntityManagerFactoryUtils  - Closing JPA EntityManager
20604 [Test worker] INFO  org.hibernate.engine.internal.StatisticalLoggingSessionEventListener  - Session Metrics {
    0 nanoseconds spent acquiring 0 JDBC connections;
    0 nanoseconds spent releasing 0 JDBC connections;
    0 nanoseconds spent preparing 0 JDBC statements;
    0 nanoseconds spent executing 0 JDBC statements;
    0 nanoseconds spent executing 0 JDBC batches;
    0 nanoseconds spent performing 0 L2C puts;
    0 nanoseconds spent performing 0 L2C hits;
    0 nanoseconds spent performing 0 L2C misses;
    0 nanoseconds spent executing 0 flushes (flushing a total of 0 entities and 0 collections);
    0 nanoseconds spent executing 0 partial-flushes (flushing a total of 0 entities and 0 collections)
}
20605 [Test worker] DEBUG org.springframework.orm.jpa.SharedEntityManagerCreator$SharedEntityManagerInvocationHandler  - Creating new EntityManager for shared EntityManager invocation
20605 [Test worker] DEBUG org.springframework.orm.jpa.EntityManagerFactoryUtils  - Closing JPA EntityManager
20606 [Test worker] INFO  org.hibernate.engine.internal.StatisticalLoggingSessionEventListener  - Session Metrics {
    0 nanoseconds spent acquiring 0 JDBC connections;
    0 nanoseconds spent releasing 0 JDBC connections;
    0 nanoseconds spent preparing 0 JDBC statements;
    0 nanoseconds spent executing 0 JDBC statements;
    0 nanoseconds spent executing 0 JDBC batches;
    0 nanoseconds spent performing 0 L2C puts;
    0 nanoseconds spent performing 0 L2C hits;
    0 nanoseconds spent performing 0 L2C misses;
    0 nanoseconds spent executing 0 flushes (flushing a total of 0 entities and 0 collections);
    0 nanoseconds spent executing 0 partial-flushes (flushing a total of 0 entities and 0 collections)
}
20607 [Test worker] DEBUG org.springframework.orm.jpa.SharedEntityManagerCreator$SharedEntityManagerInvocationHandler  - Creating new EntityManager for shared EntityManager invocation
20607 [Test worker] DEBUG org.springframework.orm.jpa.EntityManagerFactoryUtils  - Closing JPA EntityManager
20608 [Test worker] INFO  org.hibernate.engine.internal.StatisticalLoggingSessionEventListener  - Session Metrics {
    0 nanoseconds spent acquiring 0 JDBC connections;
    0 nanoseconds spent releasing 0 JDBC connections;
    0 nanoseconds spent preparing 0 JDBC statements;
    0 nanoseconds spent executing 0 JDBC statements;
    0 nanoseconds spent executing 0 JDBC batches;
    0 nanoseconds spent performing 0 L2C puts;
    0 nanoseconds spent performing 0 L2C hits;
    0 nanoseconds spent performing 0 L2C misses;
    0 nanoseconds spent executing 0 flushes (flushing a total of 0 entities and 0 collections);
    0 nanoseconds spent executing 0 partial-flushes (flushing a total of 0 entities and 0 collections)
}
20611 [Test worker] DEBUG org.springframework.orm.jpa.SharedEntityManagerCreator$SharedEntityManagerInvocationHandler  - Creating new EntityManager for shared EntityManager invocation
20612 [Test worker] DEBUG org.springframework.orm.jpa.EntityManagerFactoryUtils  - Closing JPA EntityManager
20612 [Test worker] INFO  org.hibernate.engine.internal.StatisticalLoggingSessionEventListener  - Session Metrics {
    0 nanoseconds spent acquiring 0 JDBC connections;
    0 nanoseconds spent releasing 0 JDBC connections;
    0 nanoseconds spent preparing 0 JDBC statements;
    0 nanoseconds spent executing 0 JDBC statements;
    0 nanoseconds spent executing 0 JDBC batches;
    0 nanoseconds spent performing 0 L2C puts;
    0 nanoseconds spent performing 0 L2C hits;
    0 nanoseconds spent performing 0 L2C misses;
    0 nanoseconds spent executing 0 flushes (flushing a total of 0 entities and 0 collections);
    0 nanoseconds spent executing 0 partial-flushes (flushing a total of 0 entities and 0 collections)
}
20614 [Test worker] DEBUG org.springframework.orm.jpa.SharedEntityManagerCreator$SharedEntityManagerInvocationHandler  - Creating new EntityManager for shared EntityManager invocation
20614 [Test worker] DEBUG org.springframework.orm.jpa.EntityManagerFactoryUtils  - Closing JPA EntityManager
20614 [Test worker] INFO  org.hibernate.engine.internal.StatisticalLoggingSessionEventListener  - Session Metrics {
    0 nanoseconds spent acquiring 0 JDBC connections;
    0 nanoseconds spent releasing 0 JDBC connections;
    0 nanoseconds spent preparing 0 JDBC statements;
    0 nanoseconds spent executing 0 JDBC statements;
    0 nanoseconds spent executing 0 JDBC batches;
    0 nanoseconds spent performing 0 L2C puts;
    0 nanoseconds spent performing 0 L2C hits;
    0 nanoseconds spent performing 0 L2C misses;
    0 nanoseconds spent executing 0 flushes (flushing a total of 0 entities and 0 collections);
    0 nanoseconds spent executing 0 partial-flushes (flushing a total of 0 entities and 0 collections)
}
20616 [Test worker] DEBUG org.springframework.orm.jpa.SharedEntityManagerCreator$SharedEntityManagerInvocationHandler  - Creating new EntityManager for shared EntityManager invocation
20617 [Test worker] DEBUG org.springframework.orm.jpa.EntityManagerFactoryUtils  - Closing JPA EntityManager
20617 [Test worker] INFO  org.hibernate.engine.internal.StatisticalLoggingSessionEventListener  - Session Metrics {
    0 nanoseconds spent acquiring 0 JDBC connections;
    0 nanoseconds spent releasing 0 JDBC connections;
    0 nanoseconds spent preparing 0 JDBC statements;
    0 nanoseconds spent executing 0 JDBC statements;
    0 nanoseconds spent executing 0 JDBC batches;
    0 nanoseconds spent performing 0 L2C puts;
    0 nanoseconds spent performing 0 L2C hits;
    0 nanoseconds spent performing 0 L2C misses;
    0 nanoseconds spent executing 0 flushes (flushing a total of 0 entities and 0 collections);
    0 nanoseconds spent executing 0 partial-flushes (flushing a total of 0 entities and 0 collections)
}
20619 [Test worker] DEBUG org.springframework.orm.jpa.SharedEntityManagerCreator$SharedEntityManagerInvocationHandler  - Creating new EntityManager for shared EntityManager invocation
20620 [Test worker] DEBUG org.springframework.orm.jpa.EntityManagerFactoryUtils  - Closing JPA EntityManager
20620 [Test worker] INFO  org.hibernate.engine.internal.StatisticalLoggingSessionEventListener  - Session Metrics {
    0 nanoseconds spent acquiring 0 JDBC connections;
    0 nanoseconds spent releasing 0 JDBC connections;
    0 nanoseconds spent preparing 0 JDBC statements;
    0 nanoseconds spent executing 0 JDBC statements;
    0 nanoseconds spent executing 0 JDBC batches;
    0 nanoseconds spent performing 0 L2C puts;
    0 nanoseconds spent performing 0 L2C hits;
    0 nanoseconds spent performing 0 L2C misses;
    0 nanoseconds spent executing 0 flushes (flushing a total of 0 entities and 0 collections);
    0 nanoseconds spent executing 0 partial-flushes (flushing a total of 0 entities and 0 collections)
}
20621 [Test worker] DEBUG org.springframework.data.jpa.repository.query.SimpleJpaQuery  - Looking up query for method findByApiKey
20622 [Test worker] DEBUG org.springframework.data.jpa.repository.query.NamedQuery  - Looking up named query SessionKey.findByApiKey
20622 [Test worker] DEBUG org.springframework.orm.jpa.SharedEntityManagerCreator$SharedEntityManagerInvocationHandler  - Creating new EntityManager for shared EntityManager invocation
20622 [Test worker] DEBUG org.springframework.orm.jpa.EntityManagerFactoryUtils  - Closing JPA EntityManager
20623 [Test worker] INFO  org.hibernate.engine.internal.StatisticalLoggingSessionEventListener  - Session Metrics {
    0 nanoseconds spent acquiring 0 JDBC connections;
    0 nanoseconds spent releasing 0 JDBC connections;
    0 nanoseconds spent preparing 0 JDBC statements;
    0 nanoseconds spent executing 0 JDBC statements;
    0 nanoseconds spent executing 0 JDBC batches;
    0 nanoseconds spent performing 0 L2C puts;
    0 nanoseconds spent performing 0 L2C hits;
    0 nanoseconds spent performing 0 L2C misses;
    0 nanoseconds spent executing 0 flushes (flushing a total of 0 entities and 0 collections);
    0 nanoseconds spent executing 0 partial-flushes (flushing a total of 0 entities and 0 collections)
}
20625 [Test worker] DEBUG org.springframework.aop.framework.JdkDynamicAopProxy  - Creating JDK dynamic proxy: target source is SingletonTargetSource for target object [org.springframework.data.jpa.repository.support.SimpleJpaRepository@4f55d9a4]
20637 [Test worker] DEBUG org.springframework.aop.aspectj.annotation.AnnotationAwareAspectJAutoProxyCreator  - Creating implicit proxy for bean 'securityServiceImpl' with 0 common interceptors and 3 specific interceptors
20637 [Test worker] DEBUG org.springframework.aop.framework.JdkDynamicAopProxy  - Creating JDK dynamic proxy: target source is SingletonTargetSource for target object [com.tim.one.service.impl.SecurityServiceImpl@d43c6ad]
20639 [Test worker] DEBUG org.springframework.aop.aspectj.annotation.AnnotationAwareAspectJAutoProxyCreator  - Creating implicit proxy for bean 'transactionLogServiceImpl' with 0 common interceptors and 3 specific interceptors
20639 [Test worker] DEBUG org.springframework.aop.framework.JdkDynamicAopProxy  - Creating JDK dynamic proxy: target source is SingletonTargetSource for target object [com.tim.one.service.impl.TransactionLogServiceImpl@5ca88ea8]
20640 [Test worker] DEBUG org.springframework.aop.aspectj.annotation.AnnotationAwareAspectJAutoProxyCreator  - Creating implicit proxy for bean 'stringSplitterImpl' with 0 common interceptors and 3 specific interceptors
20640 [Test worker] DEBUG org.springframework.aop.framework.JdkDynamicAopProxy  - Creating JDK dynamic proxy: target source is SingletonTargetSource for target object [com.tim.one.service.impl.StringSplitterImpl@3e2de71e]
20643 [Test worker] DEBUG org.springframework.aop.aspectj.annotation.AnnotationAwareAspectJAutoProxyCreator  - Creating implicit proxy for bean 'budgetServiceImpl' with 0 common interceptors and 3 specific interceptors
20643 [Test worker] DEBUG org.springframework.aop.framework.JdkDynamicAopProxy  - Creating JDK dynamic proxy: target source is SingletonTargetSource for target object [com.tim.one.service.impl.BudgetServiceImpl@37a08276]
20652 [Test worker] DEBUG org.springframework.orm.jpa.SharedEntityManagerCreator$SharedEntityManagerInvocationHandler  - Creating new EntityManager for shared EntityManager invocation
20653 [Test worker] DEBUG org.springframework.orm.jpa.EntityManagerFactoryUtils  - Closing JPA EntityManager
20653 [Test worker] INFO  org.hibernate.engine.internal.StatisticalLoggingSessionEventListener  - Session Metrics {
    0 nanoseconds spent acquiring 0 JDBC connections;
    0 nanoseconds spent releasing 0 JDBC connections;
    0 nanoseconds spent preparing 0 JDBC statements;
    0 nanoseconds spent executing 0 JDBC statements;
    0 nanoseconds spent executing 0 JDBC batches;
    0 nanoseconds spent performing 0 L2C puts;
    0 nanoseconds spent performing 0 L2C hits;
    0 nanoseconds spent performing 0 L2C misses;
    0 nanoseconds spent executing 0 flushes (flushing a total of 0 entities and 0 collections);
    0 nanoseconds spent executing 0 partial-flushes (flushing a total of 0 entities and 0 collections)
}
20653 [Test worker] DEBUG org.springframework.orm.jpa.SharedEntityManagerCreator$SharedEntityManagerInvocationHandler  - Creating new EntityManager for shared EntityManager invocation
20653 [Test worker] DEBUG org.springframework.orm.jpa.EntityManagerFactoryUtils  - Closing JPA EntityManager
20653 [Test worker] INFO  org.hibernate.engine.internal.StatisticalLoggingSessionEventListener  - Session Metrics {
    0 nanoseconds spent acquiring 0 JDBC connections;
    0 nanoseconds spent releasing 0 JDBC connections;
    0 nanoseconds spent preparing 0 JDBC statements;
    0 nanoseconds spent executing 0 JDBC statements;
    0 nanoseconds spent executing 0 JDBC batches;
    0 nanoseconds spent performing 0 L2C puts;
    0 nanoseconds spent performing 0 L2C hits;
    0 nanoseconds spent performing 0 L2C misses;
    0 nanoseconds spent executing 0 flushes (flushing a total of 0 entities and 0 collections);
    0 nanoseconds spent executing 0 partial-flushes (flushing a total of 0 entities and 0 collections)
}
20654 [Test worker] DEBUG org.springframework.orm.jpa.SharedEntityManagerCreator$SharedEntityManagerInvocationHandler  - Creating new EntityManager for shared EntityManager invocation
20654 [Test worker] DEBUG org.springframework.orm.jpa.EntityManagerFactoryUtils  - Closing JPA EntityManager
20654 [Test worker] INFO  org.hibernate.engine.internal.StatisticalLoggingSessionEventListener  - Session Metrics {
    0 nanoseconds spent acquiring 0 JDBC connections;
    0 nanoseconds spent releasing 0 JDBC connections;
    0 nanoseconds spent preparing 0 JDBC statements;
    0 nanoseconds spent executing 0 JDBC statements;
    0 nanoseconds spent executing 0 JDBC batches;
    0 nanoseconds spent performing 0 L2C puts;
    0 nanoseconds spent performing 0 L2C hits;
    0 nanoseconds spent performing 0 L2C misses;
    0 nanoseconds spent executing 0 flushes (flushing a total of 0 entities and 0 collections);
    0 nanoseconds spent executing 0 partial-flushes (flushing a total of 0 entities and 0 collections)
}
20655 [Test worker] DEBUG org.springframework.orm.jpa.SharedEntityManagerCreator$SharedEntityManagerInvocationHandler  - Creating new EntityManager for shared EntityManager invocation
20655 [Test worker] DEBUG org.springframework.orm.jpa.EntityManagerFactoryUtils  - Closing JPA EntityManager
20655 [Test worker] INFO  org.hibernate.engine.internal.StatisticalLoggingSessionEventListener  - Session Metrics {
    0 nanoseconds spent acquiring 0 JDBC connections;
    0 nanoseconds spent releasing 0 JDBC connections;
    0 nanoseconds spent preparing 0 JDBC statements;
    0 nanoseconds spent executing 0 JDBC statements;
    0 nanoseconds spent executing 0 JDBC batches;
    0 nanoseconds spent performing 0 L2C puts;
    0 nanoseconds spent performing 0 L2C hits;
    0 nanoseconds spent performing 0 L2C misses;
    0 nanoseconds spent executing 0 flushes (flushing a total of 0 entities and 0 collections);
    0 nanoseconds spent executing 0 partial-flushes (flushing a total of 0 entities and 0 collections)
}
20656 [Test worker] DEBUG org.springframework.orm.jpa.SharedEntityManagerCreator$SharedEntityManagerInvocationHandler  - Creating new EntityManager for shared EntityManager invocation
20656 [Test worker] DEBUG org.springframework.orm.jpa.EntityManagerFactoryUtils  - Closing JPA EntityManager
20656 [Test worker] INFO  org.hibernate.engine.internal.StatisticalLoggingSessionEventListener  - Session Metrics {
    0 nanoseconds spent acquiring 0 JDBC connections;
    0 nanoseconds spent releasing 0 JDBC connections;
    0 nanoseconds spent preparing 0 JDBC statements;
    0 nanoseconds spent executing 0 JDBC statements;
    0 nanoseconds spent executing 0 JDBC batches;
    0 nanoseconds spent performing 0 L2C puts;
    0 nanoseconds spent performing 0 L2C hits;
    0 nanoseconds spent performing 0 L2C misses;
    0 nanoseconds spent executing 0 flushes (flushing a total of 0 entities and 0 collections);
    0 nanoseconds spent executing 0 partial-flushes (flushing a total of 0 entities and 0 collections)
}
20657 [Test worker] DEBUG org.springframework.orm.jpa.SharedEntityManagerCreator$SharedEntityManagerInvocationHandler  - Creating new EntityManager for shared EntityManager invocation
20657 [Test worker] DEBUG org.springframework.orm.jpa.EntityManagerFactoryUtils  - Closing JPA EntityManager
20657 [Test worker] INFO  org.hibernate.engine.internal.StatisticalLoggingSessionEventListener  - Session Metrics {
    0 nanoseconds spent acquiring 0 JDBC connections;
    0 nanoseconds spent releasing 0 JDBC connections;
    0 nanoseconds spent preparing 0 JDBC statements;
    0 nanoseconds spent executing 0 JDBC statements;
    0 nanoseconds spent executing 0 JDBC batches;
    0 nanoseconds spent performing 0 L2C puts;
    0 nanoseconds spent performing 0 L2C hits;
    0 nanoseconds spent performing 0 L2C misses;
    0 nanoseconds spent executing 0 flushes (flushing a total of 0 entities and 0 collections);
    0 nanoseconds spent executing 0 partial-flushes (flushing a total of 0 entities and 0 collections)
}
20658 [Test worker] DEBUG org.springframework.orm.jpa.SharedEntityManagerCreator$SharedEntityManagerInvocationHandler  - Creating new EntityManager for shared EntityManager invocation
20659 [Test worker] DEBUG org.springframework.orm.jpa.EntityManagerFactoryUtils  - Closing JPA EntityManager
20659 [Test worker] INFO  org.hibernate.engine.internal.StatisticalLoggingSessionEventListener  - Session Metrics {
    0 nanoseconds spent acquiring 0 JDBC connections;
    0 nanoseconds spent releasing 0 JDBC connections;
    0 nanoseconds spent preparing 0 JDBC statements;
    0 nanoseconds spent executing 0 JDBC statements;
    0 nanoseconds spent executing 0 JDBC batches;
    0 nanoseconds spent performing 0 L2C puts;
    0 nanoseconds spent performing 0 L2C hits;
    0 nanoseconds spent performing 0 L2C misses;
    0 nanoseconds spent executing 0 flushes (flushing a total of 0 entities and 0 collections);
    0 nanoseconds spent executing 0 partial-flushes (flushing a total of 0 entities and 0 collections)
}
20661 [Test worker] DEBUG org.springframework.orm.jpa.SharedEntityManagerCreator$SharedEntityManagerInvocationHandler  - Creating new EntityManager for shared EntityManager invocation
20661 [Test worker] DEBUG org.springframework.orm.jpa.EntityManagerFactoryUtils  - Closing JPA EntityManager
20661 [Test worker] INFO  org.hibernate.engine.internal.StatisticalLoggingSessionEventListener  - Session Metrics {
    0 nanoseconds spent acquiring 0 JDBC connections;
    0 nanoseconds spent releasing 0 JDBC connections;
    0 nanoseconds spent preparing 0 JDBC statements;
    0 nanoseconds spent executing 0 JDBC statements;
    0 nanoseconds spent executing 0 JDBC batches;
    0 nanoseconds spent performing 0 L2C puts;
    0 nanoseconds spent performing 0 L2C hits;
    0 nanoseconds spent performing 0 L2C misses;
    0 nanoseconds spent executing 0 flushes (flushing a total of 0 entities and 0 collections);
    0 nanoseconds spent executing 0 partial-flushes (flushing a total of 0 entities and 0 collections)
}
20662 [Test worker] DEBUG org.springframework.data.jpa.repository.query.SimpleJpaQuery  - Looking up query for method findByStpClabe
20662 [Test worker] DEBUG org.springframework.data.jpa.repository.query.NamedQuery  - Looking up named query IntegraUser.findByStpClabe
20662 [Test worker] DEBUG org.springframework.orm.jpa.SharedEntityManagerCreator$SharedEntityManagerInvocationHandler  - Creating new EntityManager for shared EntityManager invocation
20663 [Test worker] DEBUG org.springframework.orm.jpa.EntityManagerFactoryUtils  - Closing JPA EntityManager
20663 [Test worker] INFO  org.hibernate.engine.internal.StatisticalLoggingSessionEventListener  - Session Metrics {
    0 nanoseconds spent acquiring 0 JDBC connections;
    0 nanoseconds spent releasing 0 JDBC connections;
    0 nanoseconds spent preparing 0 JDBC statements;
    0 nanoseconds spent executing 0 JDBC statements;
    0 nanoseconds spent executing 0 JDBC batches;
    0 nanoseconds spent performing 0 L2C puts;
    0 nanoseconds spent performing 0 L2C hits;
    0 nanoseconds spent performing 0 L2C misses;
    0 nanoseconds spent executing 0 flushes (flushing a total of 0 entities and 0 collections);
    0 nanoseconds spent executing 0 partial-flushes (flushing a total of 0 entities and 0 collections)
}
20664 [Test worker] DEBUG org.springframework.data.jpa.repository.query.SimpleJpaQuery  - Looking up query for method findByIntegraUuid
20664 [Test worker] DEBUG org.springframework.data.jpa.repository.query.NamedQuery  - Looking up named query IntegraUser.findByIntegraUuid
20664 [Test worker] DEBUG org.springframework.orm.jpa.SharedEntityManagerCreator$SharedEntityManagerInvocationHandler  - Creating new EntityManager for shared EntityManager invocation
20665 [Test worker] DEBUG org.springframework.orm.jpa.EntityManagerFactoryUtils  - Closing JPA EntityManager
20665 [Test worker] INFO  org.hibernate.engine.internal.StatisticalLoggingSessionEventListener  - Session Metrics {
    0 nanoseconds spent acquiring 0 JDBC connections;
    0 nanoseconds spent releasing 0 JDBC connections;
    0 nanoseconds spent preparing 0 JDBC statements;
    0 nanoseconds spent executing 0 JDBC statements;
    0 nanoseconds spent executing 0 JDBC batches;
    0 nanoseconds spent performing 0 L2C puts;
    0 nanoseconds spent performing 0 L2C hits;
    0 nanoseconds spent performing 0 L2C misses;
    0 nanoseconds spent executing 0 flushes (flushing a total of 0 entities and 0 collections);
    0 nanoseconds spent executing 0 partial-flushes (flushing a total of 0 entities and 0 collections)
}
20666 [Test worker] DEBUG org.springframework.data.jpa.repository.query.SimpleJpaQuery  - Looking up query for method findByTimoneUuid
20666 [Test worker] DEBUG org.springframework.data.jpa.repository.query.NamedQuery  - Looking up named query IntegraUser.findByTimoneUuid
20666 [Test worker] DEBUG org.springframework.orm.jpa.SharedEntityManagerCreator$SharedEntityManagerInvocationHandler  - Creating new EntityManager for shared EntityManager invocation
20666 [Test worker] DEBUG org.springframework.orm.jpa.EntityManagerFactoryUtils  - Closing JPA EntityManager
20667 [Test worker] INFO  org.hibernate.engine.internal.StatisticalLoggingSessionEventListener  - Session Metrics {
    0 nanoseconds spent acquiring 0 JDBC connections;
    0 nanoseconds spent releasing 0 JDBC connections;
    0 nanoseconds spent preparing 0 JDBC statements;
    0 nanoseconds spent executing 0 JDBC statements;
    0 nanoseconds spent executing 0 JDBC batches;
    0 nanoseconds spent performing 0 L2C puts;
    0 nanoseconds spent performing 0 L2C hits;
    0 nanoseconds spent performing 0 L2C misses;
    0 nanoseconds spent executing 0 flushes (flushing a total of 0 entities and 0 collections);
    0 nanoseconds spent executing 0 partial-flushes (flushing a total of 0 entities and 0 collections)
}
20668 [Test worker] DEBUG org.springframework.aop.framework.JdkDynamicAopProxy  - Creating JDK dynamic proxy: target source is SingletonTargetSource for target object [org.springframework.data.jpa.repository.support.SimpleJpaRepository@5f5e401d]
20682 [Test worker] DEBUG org.springframework.orm.jpa.SharedEntityManagerCreator$SharedEntityManagerInvocationHandler  - Creating new EntityManager for shared EntityManager invocation
20682 [Test worker] DEBUG org.springframework.orm.jpa.EntityManagerFactoryUtils  - Closing JPA EntityManager
20682 [Test worker] INFO  org.hibernate.engine.internal.StatisticalLoggingSessionEventListener  - Session Metrics {
    0 nanoseconds spent acquiring 0 JDBC connections;
    0 nanoseconds spent releasing 0 JDBC connections;
    0 nanoseconds spent preparing 0 JDBC statements;
    0 nanoseconds spent executing 0 JDBC statements;
    0 nanoseconds spent executing 0 JDBC batches;
    0 nanoseconds spent performing 0 L2C puts;
    0 nanoseconds spent performing 0 L2C hits;
    0 nanoseconds spent performing 0 L2C misses;
    0 nanoseconds spent executing 0 flushes (flushing a total of 0 entities and 0 collections);
    0 nanoseconds spent executing 0 partial-flushes (flushing a total of 0 entities and 0 collections)
}
20682 [Test worker] DEBUG org.springframework.orm.jpa.SharedEntityManagerCreator$SharedEntityManagerInvocationHandler  - Creating new EntityManager for shared EntityManager invocation
20683 [Test worker] DEBUG org.springframework.orm.jpa.EntityManagerFactoryUtils  - Closing JPA EntityManager
20683 [Test worker] INFO  org.hibernate.engine.internal.StatisticalLoggingSessionEventListener  - Session Metrics {
    0 nanoseconds spent acquiring 0 JDBC connections;
    0 nanoseconds spent releasing 0 JDBC connections;
    0 nanoseconds spent preparing 0 JDBC statements;
    0 nanoseconds spent executing 0 JDBC statements;
    0 nanoseconds spent executing 0 JDBC batches;
    0 nanoseconds spent performing 0 L2C puts;
    0 nanoseconds spent performing 0 L2C hits;
    0 nanoseconds spent performing 0 L2C misses;
    0 nanoseconds spent executing 0 flushes (flushing a total of 0 entities and 0 collections);
    0 nanoseconds spent executing 0 partial-flushes (flushing a total of 0 entities and 0 collections)
}
20684 [Test worker] DEBUG org.springframework.orm.jpa.SharedEntityManagerCreator$SharedEntityManagerInvocationHandler  - Creating new EntityManager for shared EntityManager invocation
20685 [Test worker] DEBUG org.springframework.orm.jpa.EntityManagerFactoryUtils  - Closing JPA EntityManager
20685 [Test worker] INFO  org.hibernate.engine.internal.StatisticalLoggingSessionEventListener  - Session Metrics {
    0 nanoseconds spent acquiring 0 JDBC connections;
    0 nanoseconds spent releasing 0 JDBC connections;
    0 nanoseconds spent preparing 0 JDBC statements;
    0 nanoseconds spent executing 0 JDBC statements;
    0 nanoseconds spent executing 0 JDBC batches;
    0 nanoseconds spent performing 0 L2C puts;
    0 nanoseconds spent performing 0 L2C hits;
    0 nanoseconds spent performing 0 L2C misses;
    0 nanoseconds spent executing 0 flushes (flushing a total of 0 entities and 0 collections);
    0 nanoseconds spent executing 0 partial-flushes (flushing a total of 0 entities and 0 collections)
}
20686 [Test worker] DEBUG org.springframework.orm.jpa.SharedEntityManagerCreator$SharedEntityManagerInvocationHandler  - Creating new EntityManager for shared EntityManager invocation
20686 [Test worker] DEBUG org.springframework.orm.jpa.EntityManagerFactoryUtils  - Closing JPA EntityManager
20686 [Test worker] INFO  org.hibernate.engine.internal.StatisticalLoggingSessionEventListener  - Session Metrics {
    0 nanoseconds spent acquiring 0 JDBC connections;
    0 nanoseconds spent releasing 0 JDBC connections;
    0 nanoseconds spent preparing 0 JDBC statements;
    0 nanoseconds spent executing 0 JDBC statements;
    0 nanoseconds spent executing 0 JDBC batches;
    0 nanoseconds spent performing 0 L2C puts;
    0 nanoseconds spent performing 0 L2C hits;
    0 nanoseconds spent performing 0 L2C misses;
    0 nanoseconds spent executing 0 flushes (flushing a total of 0 entities and 0 collections);
    0 nanoseconds spent executing 0 partial-flushes (flushing a total of 0 entities and 0 collections)
}
20688 [Test worker] DEBUG org.springframework.orm.jpa.SharedEntityManagerCreator$SharedEntityManagerInvocationHandler  - Creating new EntityManager for shared EntityManager invocation
20688 [Test worker] DEBUG org.springframework.orm.jpa.EntityManagerFactoryUtils  - Closing JPA EntityManager
20688 [Test worker] INFO  org.hibernate.engine.internal.StatisticalLoggingSessionEventListener  - Session Metrics {
    0 nanoseconds spent acquiring 0 JDBC connections;
    0 nanoseconds spent releasing 0 JDBC connections;
    0 nanoseconds spent preparing 0 JDBC statements;
    0 nanoseconds spent executing 0 JDBC statements;
    0 nanoseconds spent executing 0 JDBC batches;
    0 nanoseconds spent performing 0 L2C puts;
    0 nanoseconds spent performing 0 L2C hits;
    0 nanoseconds spent performing 0 L2C misses;
    0 nanoseconds spent executing 0 flushes (flushing a total of 0 entities and 0 collections);
    0 nanoseconds spent executing 0 partial-flushes (flushing a total of 0 entities and 0 collections)
}
20689 [Test worker] DEBUG org.springframework.orm.jpa.SharedEntityManagerCreator$SharedEntityManagerInvocationHandler  - Creating new EntityManager for shared EntityManager invocation
20689 [Test worker] DEBUG org.springframework.orm.jpa.EntityManagerFactoryUtils  - Closing JPA EntityManager
20689 [Test worker] INFO  org.hibernate.engine.internal.StatisticalLoggingSessionEventListener  - Session Metrics {
    0 nanoseconds spent acquiring 0 JDBC connections;
    0 nanoseconds spent releasing 0 JDBC connections;
    0 nanoseconds spent preparing 0 JDBC statements;
    0 nanoseconds spent executing 0 JDBC statements;
    0 nanoseconds spent executing 0 JDBC batches;
    0 nanoseconds spent performing 0 L2C puts;
    0 nanoseconds spent performing 0 L2C hits;
    0 nanoseconds spent performing 0 L2C misses;
    0 nanoseconds spent executing 0 flushes (flushing a total of 0 entities and 0 collections);
    0 nanoseconds spent executing 0 partial-flushes (flushing a total of 0 entities and 0 collections)
}
20690 [Test worker] DEBUG org.springframework.orm.jpa.SharedEntityManagerCreator$SharedEntityManagerInvocationHandler  - Creating new EntityManager for shared EntityManager invocation
20690 [Test worker] DEBUG org.springframework.orm.jpa.EntityManagerFactoryUtils  - Closing JPA EntityManager
20691 [Test worker] INFO  org.hibernate.engine.internal.StatisticalLoggingSessionEventListener  - Session Metrics {
    0 nanoseconds spent acquiring 0 JDBC connections;
    0 nanoseconds spent releasing 0 JDBC connections;
    0 nanoseconds spent preparing 0 JDBC statements;
    0 nanoseconds spent executing 0 JDBC statements;
    0 nanoseconds spent executing 0 JDBC batches;
    0 nanoseconds spent performing 0 L2C puts;
    0 nanoseconds spent performing 0 L2C hits;
    0 nanoseconds spent performing 0 L2C misses;
    0 nanoseconds spent executing 0 flushes (flushing a total of 0 entities and 0 collections);
    0 nanoseconds spent executing 0 partial-flushes (flushing a total of 0 entities and 0 collections)
}
20692 [Test worker] DEBUG org.springframework.orm.jpa.SharedEntityManagerCreator$SharedEntityManagerInvocationHandler  - Creating new EntityManager for shared EntityManager invocation
20692 [Test worker] DEBUG org.springframework.orm.jpa.EntityManagerFactoryUtils  - Closing JPA EntityManager
20692 [Test worker] INFO  org.hibernate.engine.internal.StatisticalLoggingSessionEventListener  - Session Metrics {
    0 nanoseconds spent acquiring 0 JDBC connections;
    0 nanoseconds spent releasing 0 JDBC connections;
    0 nanoseconds spent preparing 0 JDBC statements;
    0 nanoseconds spent executing 0 JDBC statements;
    0 nanoseconds spent executing 0 JDBC batches;
    0 nanoseconds spent performing 0 L2C puts;
    0 nanoseconds spent performing 0 L2C hits;
    0 nanoseconds spent performing 0 L2C misses;
    0 nanoseconds spent executing 0 flushes (flushing a total of 0 entities and 0 collections);
    0 nanoseconds spent executing 0 partial-flushes (flushing a total of 0 entities and 0 collections)
}
20693 [Test worker] DEBUG org.springframework.data.jpa.repository.query.SimpleJpaQuery  - Looking up query for method findProjectFinancialDataByAccount
20693 [Test worker] DEBUG org.springframework.data.jpa.repository.query.NamedQuery  - Looking up named query ProjectFinancialData.findProjectFinancialDataByAccount
20694 [Test worker] DEBUG org.springframework.orm.jpa.SharedEntityManagerCreator$SharedEntityManagerInvocationHandler  - Creating new EntityManager for shared EntityManager invocation
20694 [Test worker] DEBUG org.springframework.orm.jpa.EntityManagerFactoryUtils  - Closing JPA EntityManager
20694 [Test worker] INFO  org.hibernate.engine.internal.StatisticalLoggingSessionEventListener  - Session Metrics {
    0 nanoseconds spent acquiring 0 JDBC connections;
    0 nanoseconds spent releasing 0 JDBC connections;
    0 nanoseconds spent preparing 0 JDBC statements;
    0 nanoseconds spent executing 0 JDBC statements;
    0 nanoseconds spent executing 0 JDBC batches;
    0 nanoseconds spent performing 0 L2C puts;
    0 nanoseconds spent performing 0 L2C hits;
    0 nanoseconds spent performing 0 L2C misses;
    0 nanoseconds spent executing 0 flushes (flushing a total of 0 entities and 0 collections);
    0 nanoseconds spent executing 0 partial-flushes (flushing a total of 0 entities and 0 collections)
}
20694 [Test worker] DEBUG org.springframework.aop.framework.JdkDynamicAopProxy  - Creating JDK dynamic proxy: target source is SingletonTargetSource for target object [org.springframework.data.jpa.repository.support.SimpleJpaRepository@60ce2b6b]
20704 [Test worker] DEBUG org.springframework.orm.jpa.SharedEntityManagerCreator$SharedEntityManagerInvocationHandler  - Creating new EntityManager for shared EntityManager invocation
20704 [Test worker] DEBUG org.springframework.orm.jpa.EntityManagerFactoryUtils  - Closing JPA EntityManager
20704 [Test worker] INFO  org.hibernate.engine.internal.StatisticalLoggingSessionEventListener  - Session Metrics {
    0 nanoseconds spent acquiring 0 JDBC connections;
    0 nanoseconds spent releasing 0 JDBC connections;
    0 nanoseconds spent preparing 0 JDBC statements;
    0 nanoseconds spent executing 0 JDBC statements;
    0 nanoseconds spent executing 0 JDBC batches;
    0 nanoseconds spent performing 0 L2C puts;
    0 nanoseconds spent performing 0 L2C hits;
    0 nanoseconds spent performing 0 L2C misses;
    0 nanoseconds spent executing 0 flushes (flushing a total of 0 entities and 0 collections);
    0 nanoseconds spent executing 0 partial-flushes (flushing a total of 0 entities and 0 collections)
}
20704 [Test worker] DEBUG org.springframework.orm.jpa.SharedEntityManagerCreator$SharedEntityManagerInvocationHandler  - Creating new EntityManager for shared EntityManager invocation
20705 [Test worker] DEBUG org.springframework.orm.jpa.EntityManagerFactoryUtils  - Closing JPA EntityManager
20705 [Test worker] INFO  org.hibernate.engine.internal.StatisticalLoggingSessionEventListener  - Session Metrics {
    0 nanoseconds spent acquiring 0 JDBC connections;
    0 nanoseconds spent releasing 0 JDBC connections;
    0 nanoseconds spent preparing 0 JDBC statements;
    0 nanoseconds spent executing 0 JDBC statements;
    0 nanoseconds spent executing 0 JDBC batches;
    0 nanoseconds spent performing 0 L2C puts;
    0 nanoseconds spent performing 0 L2C hits;
    0 nanoseconds spent performing 0 L2C misses;
    0 nanoseconds spent executing 0 flushes (flushing a total of 0 entities and 0 collections);
    0 nanoseconds spent executing 0 partial-flushes (flushing a total of 0 entities and 0 collections)
}
20705 [Test worker] DEBUG org.springframework.orm.jpa.SharedEntityManagerCreator$SharedEntityManagerInvocationHandler  - Creating new EntityManager for shared EntityManager invocation
20706 [Test worker] DEBUG org.springframework.orm.jpa.EntityManagerFactoryUtils  - Closing JPA EntityManager
20706 [Test worker] INFO  org.hibernate.engine.internal.StatisticalLoggingSessionEventListener  - Session Metrics {
    0 nanoseconds spent acquiring 0 JDBC connections;
    0 nanoseconds spent releasing 0 JDBC connections;
    0 nanoseconds spent preparing 0 JDBC statements;
    0 nanoseconds spent executing 0 JDBC statements;
    0 nanoseconds spent executing 0 JDBC batches;
    0 nanoseconds spent performing 0 L2C puts;
    0 nanoseconds spent performing 0 L2C hits;
    0 nanoseconds spent performing 0 L2C misses;
    0 nanoseconds spent executing 0 flushes (flushing a total of 0 entities and 0 collections);
    0 nanoseconds spent executing 0 partial-flushes (flushing a total of 0 entities and 0 collections)
}
20706 [Test worker] DEBUG org.springframework.orm.jpa.SharedEntityManagerCreator$SharedEntityManagerInvocationHandler  - Creating new EntityManager for shared EntityManager invocation
20707 [Test worker] DEBUG org.springframework.orm.jpa.EntityManagerFactoryUtils  - Closing JPA EntityManager
20707 [Test worker] INFO  org.hibernate.engine.internal.StatisticalLoggingSessionEventListener  - Session Metrics {
    0 nanoseconds spent acquiring 0 JDBC connections;
    0 nanoseconds spent releasing 0 JDBC connections;
    0 nanoseconds spent preparing 0 JDBC statements;
    0 nanoseconds spent executing 0 JDBC statements;
    0 nanoseconds spent executing 0 JDBC batches;
    0 nanoseconds spent performing 0 L2C puts;
    0 nanoseconds spent performing 0 L2C hits;
    0 nanoseconds spent performing 0 L2C misses;
    0 nanoseconds spent executing 0 flushes (flushing a total of 0 entities and 0 collections);
    0 nanoseconds spent executing 0 partial-flushes (flushing a total of 0 entities and 0 collections)
}
20708 [Test worker] DEBUG org.springframework.orm.jpa.SharedEntityManagerCreator$SharedEntityManagerInvocationHandler  - Creating new EntityManager for shared EntityManager invocation
20708 [Test worker] DEBUG org.springframework.orm.jpa.EntityManagerFactoryUtils  - Closing JPA EntityManager
20708 [Test worker] INFO  org.hibernate.engine.internal.StatisticalLoggingSessionEventListener  - Session Metrics {
    0 nanoseconds spent acquiring 0 JDBC connections;
    0 nanoseconds spent releasing 0 JDBC connections;
    0 nanoseconds spent preparing 0 JDBC statements;
    0 nanoseconds spent executing 0 JDBC statements;
    0 nanoseconds spent executing 0 JDBC batches;
    0 nanoseconds spent performing 0 L2C puts;
    0 nanoseconds spent performing 0 L2C hits;
    0 nanoseconds spent performing 0 L2C misses;
    0 nanoseconds spent executing 0 flushes (flushing a total of 0 entities and 0 collections);
    0 nanoseconds spent executing 0 partial-flushes (flushing a total of 0 entities and 0 collections)
}
20708 [Test worker] DEBUG org.springframework.orm.jpa.SharedEntityManagerCreator$SharedEntityManagerInvocationHandler  - Creating new EntityManager for shared EntityManager invocation
20709 [Test worker] DEBUG org.springframework.orm.jpa.EntityManagerFactoryUtils  - Closing JPA EntityManager
20709 [Test worker] INFO  org.hibernate.engine.internal.StatisticalLoggingSessionEventListener  - Session Metrics {
    0 nanoseconds spent acquiring 0 JDBC connections;
    0 nanoseconds spent releasing 0 JDBC connections;
    0 nanoseconds spent preparing 0 JDBC statements;
    0 nanoseconds spent executing 0 JDBC statements;
    0 nanoseconds spent executing 0 JDBC batches;
    0 nanoseconds spent performing 0 L2C puts;
    0 nanoseconds spent performing 0 L2C hits;
    0 nanoseconds spent performing 0 L2C misses;
    0 nanoseconds spent executing 0 flushes (flushing a total of 0 entities and 0 collections);
    0 nanoseconds spent executing 0 partial-flushes (flushing a total of 0 entities and 0 collections)
}
20709 [Test worker] DEBUG org.springframework.orm.jpa.SharedEntityManagerCreator$SharedEntityManagerInvocationHandler  - Creating new EntityManager for shared EntityManager invocation
20710 [Test worker] DEBUG org.springframework.orm.jpa.EntityManagerFactoryUtils  - Closing JPA EntityManager
20710 [Test worker] INFO  org.hibernate.engine.internal.StatisticalLoggingSessionEventListener  - Session Metrics {
    0 nanoseconds spent acquiring 0 JDBC connections;
    0 nanoseconds spent releasing 0 JDBC connections;
    0 nanoseconds spent preparing 0 JDBC statements;
    0 nanoseconds spent executing 0 JDBC statements;
    0 nanoseconds spent executing 0 JDBC batches;
    0 nanoseconds spent performing 0 L2C puts;
    0 nanoseconds spent performing 0 L2C hits;
    0 nanoseconds spent performing 0 L2C misses;
    0 nanoseconds spent executing 0 flushes (flushing a total of 0 entities and 0 collections);
    0 nanoseconds spent executing 0 partial-flushes (flushing a total of 0 entities and 0 collections)
}
20710 [Test worker] DEBUG org.springframework.orm.jpa.SharedEntityManagerCreator$SharedEntityManagerInvocationHandler  - Creating new EntityManager for shared EntityManager invocation
20711 [Test worker] DEBUG org.springframework.orm.jpa.EntityManagerFactoryUtils  - Closing JPA EntityManager
20711 [Test worker] INFO  org.hibernate.engine.internal.StatisticalLoggingSessionEventListener  - Session Metrics {
    0 nanoseconds spent acquiring 0 JDBC connections;
    0 nanoseconds spent releasing 0 JDBC connections;
    0 nanoseconds spent preparing 0 JDBC statements;
    0 nanoseconds spent executing 0 JDBC statements;
    0 nanoseconds spent executing 0 JDBC batches;
    0 nanoseconds spent performing 0 L2C puts;
    0 nanoseconds spent performing 0 L2C hits;
    0 nanoseconds spent performing 0 L2C misses;
    0 nanoseconds spent executing 0 flushes (flushing a total of 0 entities and 0 collections);
    0 nanoseconds spent executing 0 partial-flushes (flushing a total of 0 entities and 0 collections)
}
20711 [Test worker] DEBUG org.springframework.data.jpa.repository.query.SimpleJpaQuery  - Looking up query for method findByType
20711 [Test worker] DEBUG org.springframework.data.jpa.repository.query.NamedQuery  - Looking up named query TramaAccount.findByType
20711 [Test worker] DEBUG org.springframework.orm.jpa.SharedEntityManagerCreator$SharedEntityManagerInvocationHandler  - Creating new EntityManager for shared EntityManager invocation
20712 [Test worker] DEBUG org.springframework.orm.jpa.EntityManagerFactoryUtils  - Closing JPA EntityManager
20712 [Test worker] INFO  org.hibernate.engine.internal.StatisticalLoggingSessionEventListener  - Session Metrics {
    0 nanoseconds spent acquiring 0 JDBC connections;
    0 nanoseconds spent releasing 0 JDBC connections;
    0 nanoseconds spent preparing 0 JDBC statements;
    0 nanoseconds spent executing 0 JDBC statements;
    0 nanoseconds spent executing 0 JDBC batches;
    0 nanoseconds spent performing 0 L2C puts;
    0 nanoseconds spent performing 0 L2C hits;
    0 nanoseconds spent performing 0 L2C misses;
    0 nanoseconds spent executing 0 flushes (flushing a total of 0 entities and 0 collections);
    0 nanoseconds spent executing 0 partial-flushes (flushing a total of 0 entities and 0 collections)
}
20712 [Test worker] DEBUG org.springframework.aop.framework.JdkDynamicAopProxy  - Creating JDK dynamic proxy: target source is SingletonTargetSource for target object [org.springframework.data.jpa.repository.support.SimpleJpaRepository@3f8352fe]
20720 [Test worker] DEBUG org.springframework.aop.aspectj.annotation.AnnotationAwareAspectJAutoProxyCreator  - Creating implicit proxy for bean 'transactionApplierImpl' with 0 common interceptors and 3 specific interceptors
20720 [Test worker] DEBUG org.springframework.aop.framework.JdkDynamicAopProxy  - Creating JDK dynamic proxy: target source is SingletonTargetSource for target object [com.tim.one.service.impl.TransactionApplierImpl@46bdc245]
20722 [Test worker] DEBUG org.springframework.aop.aspectj.annotation.AnnotationAwareAspectJAutoProxyCreator  - Creating implicit proxy for bean 'integraCashinStrategy' with 0 common interceptors and 3 specific interceptors
20723 [Test worker] DEBUG org.springframework.aop.framework.JdkDynamicAopProxy  - Creating JDK dynamic proxy: target source is SingletonTargetSource for target object [com.tim.one.service.impl.IntegraCashinStrategy@541d644b]
20750 [Test worker] DEBUG org.springframework.orm.jpa.SharedEntityManagerCreator$SharedEntityManagerInvocationHandler  - Creating new EntityManager for shared EntityManager invocation
20750 [Test worker] DEBUG org.springframework.orm.jpa.EntityManagerFactoryUtils  - Closing JPA EntityManager
20750 [Test worker] INFO  org.hibernate.engine.internal.StatisticalLoggingSessionEventListener  - Session Metrics {
    0 nanoseconds spent acquiring 0 JDBC connections;
    0 nanoseconds spent releasing 0 JDBC connections;
    0 nanoseconds spent preparing 0 JDBC statements;
    0 nanoseconds spent executing 0 JDBC statements;
    0 nanoseconds spent executing 0 JDBC batches;
    0 nanoseconds spent performing 0 L2C puts;
    0 nanoseconds spent performing 0 L2C hits;
    0 nanoseconds spent performing 0 L2C misses;
    0 nanoseconds spent executing 0 flushes (flushing a total of 0 entities and 0 collections);
    0 nanoseconds spent executing 0 partial-flushes (flushing a total of 0 entities and 0 collections)
}
20751 [Test worker] DEBUG org.springframework.orm.jpa.SharedEntityManagerCreator$SharedEntityManagerInvocationHandler  - Creating new EntityManager for shared EntityManager invocation
20751 [Test worker] DEBUG org.springframework.orm.jpa.EntityManagerFactoryUtils  - Closing JPA EntityManager
20751 [Test worker] INFO  org.hibernate.engine.internal.StatisticalLoggingSessionEventListener  - Session Metrics {
    0 nanoseconds spent acquiring 0 JDBC connections;
    0 nanoseconds spent releasing 0 JDBC connections;
    0 nanoseconds spent preparing 0 JDBC statements;
    0 nanoseconds spent executing 0 JDBC statements;
    0 nanoseconds spent executing 0 JDBC batches;
    0 nanoseconds spent performing 0 L2C puts;
    0 nanoseconds spent performing 0 L2C hits;
    0 nanoseconds spent performing 0 L2C misses;
    0 nanoseconds spent executing 0 flushes (flushing a total of 0 entities and 0 collections);
    0 nanoseconds spent executing 0 partial-flushes (flushing a total of 0 entities and 0 collections)
}
20752 [Test worker] DEBUG org.springframework.orm.jpa.SharedEntityManagerCreator$SharedEntityManagerInvocationHandler  - Creating new EntityManager for shared EntityManager invocation
20752 [Test worker] DEBUG org.springframework.orm.jpa.EntityManagerFactoryUtils  - Closing JPA EntityManager
20752 [Test worker] INFO  org.hibernate.engine.internal.StatisticalLoggingSessionEventListener  - Session Metrics {
    0 nanoseconds spent acquiring 0 JDBC connections;
    0 nanoseconds spent releasing 0 JDBC connections;
    0 nanoseconds spent preparing 0 JDBC statements;
    0 nanoseconds spent executing 0 JDBC statements;
    0 nanoseconds spent executing 0 JDBC batches;
    0 nanoseconds spent performing 0 L2C puts;
    0 nanoseconds spent performing 0 L2C hits;
    0 nanoseconds spent performing 0 L2C misses;
    0 nanoseconds spent executing 0 flushes (flushing a total of 0 entities and 0 collections);
    0 nanoseconds spent executing 0 partial-flushes (flushing a total of 0 entities and 0 collections)
}
20753 [Test worker] DEBUG org.springframework.orm.jpa.SharedEntityManagerCreator$SharedEntityManagerInvocationHandler  - Creating new EntityManager for shared EntityManager invocation
20753 [Test worker] DEBUG org.springframework.orm.jpa.EntityManagerFactoryUtils  - Closing JPA EntityManager
20753 [Test worker] INFO  org.hibernate.engine.internal.StatisticalLoggingSessionEventListener  - Session Metrics {
    0 nanoseconds spent acquiring 0 JDBC connections;
    0 nanoseconds spent releasing 0 JDBC connections;
    0 nanoseconds spent preparing 0 JDBC statements;
    0 nanoseconds spent executing 0 JDBC statements;
    0 nanoseconds spent executing 0 JDBC batches;
    0 nanoseconds spent performing 0 L2C puts;
    0 nanoseconds spent performing 0 L2C hits;
    0 nanoseconds spent performing 0 L2C misses;
    0 nanoseconds spent executing 0 flushes (flushing a total of 0 entities and 0 collections);
    0 nanoseconds spent executing 0 partial-flushes (flushing a total of 0 entities and 0 collections)
}
20754 [Test worker] DEBUG org.springframework.orm.jpa.SharedEntityManagerCreator$SharedEntityManagerInvocationHandler  - Creating new EntityManager for shared EntityManager invocation
20754 [Test worker] DEBUG org.springframework.orm.jpa.EntityManagerFactoryUtils  - Closing JPA EntityManager
20754 [Test worker] INFO  org.hibernate.engine.internal.StatisticalLoggingSessionEventListener  - Session Metrics {
    0 nanoseconds spent acquiring 0 JDBC connections;
    0 nanoseconds spent releasing 0 JDBC connections;
    0 nanoseconds spent preparing 0 JDBC statements;
    0 nanoseconds spent executing 0 JDBC statements;
    0 nanoseconds spent executing 0 JDBC batches;
    0 nanoseconds spent performing 0 L2C puts;
    0 nanoseconds spent performing 0 L2C hits;
    0 nanoseconds spent performing 0 L2C misses;
    0 nanoseconds spent executing 0 flushes (flushing a total of 0 entities and 0 collections);
    0 nanoseconds spent executing 0 partial-flushes (flushing a total of 0 entities and 0 collections)
}
20755 [Test worker] DEBUG org.springframework.orm.jpa.SharedEntityManagerCreator$SharedEntityManagerInvocationHandler  - Creating new EntityManager for shared EntityManager invocation
20755 [Test worker] DEBUG org.springframework.orm.jpa.EntityManagerFactoryUtils  - Closing JPA EntityManager
20755 [Test worker] INFO  org.hibernate.engine.internal.StatisticalLoggingSessionEventListener  - Session Metrics {
    0 nanoseconds spent acquiring 0 JDBC connections;
    0 nanoseconds spent releasing 0 JDBC connections;
    0 nanoseconds spent preparing 0 JDBC statements;
    0 nanoseconds spent executing 0 JDBC statements;
    0 nanoseconds spent executing 0 JDBC batches;
    0 nanoseconds spent performing 0 L2C puts;
    0 nanoseconds spent performing 0 L2C hits;
    0 nanoseconds spent performing 0 L2C misses;
    0 nanoseconds spent executing 0 flushes (flushing a total of 0 entities and 0 collections);
    0 nanoseconds spent executing 0 partial-flushes (flushing a total of 0 entities and 0 collections)
}
20756 [Test worker] DEBUG org.springframework.orm.jpa.SharedEntityManagerCreator$SharedEntityManagerInvocationHandler  - Creating new EntityManager for shared EntityManager invocation
20756 [Test worker] DEBUG org.springframework.orm.jpa.EntityManagerFactoryUtils  - Closing JPA EntityManager
20756 [Test worker] INFO  org.hibernate.engine.internal.StatisticalLoggingSessionEventListener  - Session Metrics {
    0 nanoseconds spent acquiring 0 JDBC connections;
    0 nanoseconds spent releasing 0 JDBC connections;
    0 nanoseconds spent preparing 0 JDBC statements;
    0 nanoseconds spent executing 0 JDBC statements;
    0 nanoseconds spent executing 0 JDBC batches;
    0 nanoseconds spent performing 0 L2C puts;
    0 nanoseconds spent performing 0 L2C hits;
    0 nanoseconds spent performing 0 L2C misses;
    0 nanoseconds spent executing 0 flushes (flushing a total of 0 entities and 0 collections);
    0 nanoseconds spent executing 0 partial-flushes (flushing a total of 0 entities and 0 collections)
}
20757 [Test worker] DEBUG org.springframework.orm.jpa.SharedEntityManagerCreator$SharedEntityManagerInvocationHandler  - Creating new EntityManager for shared EntityManager invocation
20757 [Test worker] DEBUG org.springframework.orm.jpa.EntityManagerFactoryUtils  - Closing JPA EntityManager
20757 [Test worker] INFO  org.hibernate.engine.internal.StatisticalLoggingSessionEventListener  - Session Metrics {
    0 nanoseconds spent acquiring 0 JDBC connections;
    0 nanoseconds spent releasing 0 JDBC connections;
    0 nanoseconds spent preparing 0 JDBC statements;
    0 nanoseconds spent executing 0 JDBC statements;
    0 nanoseconds spent executing 0 JDBC batches;
    0 nanoseconds spent performing 0 L2C puts;
    0 nanoseconds spent performing 0 L2C hits;
    0 nanoseconds spent performing 0 L2C misses;
    0 nanoseconds spent executing 0 flushes (flushing a total of 0 entities and 0 collections);
    0 nanoseconds spent executing 0 partial-flushes (flushing a total of 0 entities and 0 collections)
}
20758 [Test worker] DEBUG org.springframework.data.jpa.repository.query.SimpleJpaQuery  - Looking up query for method findByProjectFinancialData
20758 [Test worker] DEBUG org.springframework.data.jpa.repository.query.NamedQuery  - Looking up named query ProjectUnitSale.findByProjectFinancialData
20758 [Test worker] DEBUG org.springframework.orm.jpa.SharedEntityManagerCreator$SharedEntityManagerInvocationHandler  - Creating new EntityManager for shared EntityManager invocation
20759 [Test worker] DEBUG org.springframework.orm.jpa.EntityManagerFactoryUtils  - Closing JPA EntityManager
20759 [Test worker] INFO  org.hibernate.engine.internal.StatisticalLoggingSessionEventListener  - Session Metrics {
    0 nanoseconds spent acquiring 0 JDBC connections;
    0 nanoseconds spent releasing 0 JDBC connections;
    0 nanoseconds spent preparing 0 JDBC statements;
    0 nanoseconds spent executing 0 JDBC statements;
    0 nanoseconds spent executing 0 JDBC batches;
    0 nanoseconds spent performing 0 L2C puts;
    0 nanoseconds spent performing 0 L2C hits;
    0 nanoseconds spent performing 0 L2C misses;
    0 nanoseconds spent executing 0 flushes (flushing a total of 0 entities and 0 collections);
    0 nanoseconds spent executing 0 partial-flushes (flushing a total of 0 entities and 0 collections)
}
20760 [Test worker] DEBUG org.springframework.data.jpa.repository.query.SimpleJpaQuery  - Looking up query for method findProjectUnitSaleByCodeSection
20760 [Test worker] DEBUG org.springframework.data.jpa.repository.query.NamedQuery  - Looking up named query ProjectUnitSale.findProjectUnitSaleByCodeSection
20760 [Test worker] DEBUG org.springframework.orm.jpa.SharedEntityManagerCreator$SharedEntityManagerInvocationHandler  - Creating new EntityManager for shared EntityManager invocation
20760 [Test worker] DEBUG org.springframework.orm.jpa.EntityManagerFactoryUtils  - Closing JPA EntityManager
20761 [Test worker] INFO  org.hibernate.engine.internal.StatisticalLoggingSessionEventListener  - Session Metrics {
    0 nanoseconds spent acquiring 0 JDBC connections;
    0 nanoseconds spent releasing 0 JDBC connections;
    0 nanoseconds spent preparing 0 JDBC statements;
    0 nanoseconds spent executing 0 JDBC statements;
    0 nanoseconds spent executing 0 JDBC batches;
    0 nanoseconds spent performing 0 L2C puts;
    0 nanoseconds spent performing 0 L2C hits;
    0 nanoseconds spent performing 0 L2C misses;
    0 nanoseconds spent executing 0 flushes (flushing a total of 0 entities and 0 collections);
    0 nanoseconds spent executing 0 partial-flushes (flushing a total of 0 entities and 0 collections)
}
20761 [Test worker] DEBUG org.springframework.aop.framework.JdkDynamicAopProxy  - Creating JDK dynamic proxy: target source is SingletonTargetSource for target object [org.springframework.data.jpa.repository.support.SimpleJpaRepository@42502bb2]
20778 [Test worker] DEBUG org.springframework.aop.aspectj.annotation.AnnotationAwareAspectJAutoProxyCreator  - Creating implicit proxy for bean 'calculatorServiceImpl' with 0 common interceptors and 3 specific interceptors
20778 [Test worker] DEBUG org.springframework.aop.framework.JdkDynamicAopProxy  - Creating JDK dynamic proxy: target source is SingletonTargetSource for target object [com.tim.one.service.impl.CalculatorServiceImpl@41a9ead2]
20787 [Test worker] DEBUG org.springframework.orm.jpa.SharedEntityManagerCreator$SharedEntityManagerInvocationHandler  - Creating new EntityManager for shared EntityManager invocation
20787 [Test worker] DEBUG org.springframework.orm.jpa.EntityManagerFactoryUtils  - Closing JPA EntityManager
20787 [Test worker] INFO  org.hibernate.engine.internal.StatisticalLoggingSessionEventListener  - Session Metrics {
    0 nanoseconds spent acquiring 0 JDBC connections;
    0 nanoseconds spent releasing 0 JDBC connections;
    0 nanoseconds spent preparing 0 JDBC statements;
    0 nanoseconds spent executing 0 JDBC statements;
    0 nanoseconds spent executing 0 JDBC batches;
    0 nanoseconds spent performing 0 L2C puts;
    0 nanoseconds spent performing 0 L2C hits;
    0 nanoseconds spent performing 0 L2C misses;
    0 nanoseconds spent executing 0 flushes (flushing a total of 0 entities and 0 collections);
    0 nanoseconds spent executing 0 partial-flushes (flushing a total of 0 entities and 0 collections)
}
20787 [Test worker] DEBUG org.springframework.orm.jpa.SharedEntityManagerCreator$SharedEntityManagerInvocationHandler  - Creating new EntityManager for shared EntityManager invocation
20787 [Test worker] DEBUG org.springframework.orm.jpa.EntityManagerFactoryUtils  - Closing JPA EntityManager
20787 [Test worker] INFO  org.hibernate.engine.internal.StatisticalLoggingSessionEventListener  - Session Metrics {
    0 nanoseconds spent acquiring 0 JDBC connections;
    0 nanoseconds spent releasing 0 JDBC connections;
    0 nanoseconds spent preparing 0 JDBC statements;
    0 nanoseconds spent executing 0 JDBC statements;
    0 nanoseconds spent executing 0 JDBC batches;
    0 nanoseconds spent performing 0 L2C puts;
    0 nanoseconds spent performing 0 L2C hits;
    0 nanoseconds spent performing 0 L2C misses;
    0 nanoseconds spent executing 0 flushes (flushing a total of 0 entities and 0 collections);
    0 nanoseconds spent executing 0 partial-flushes (flushing a total of 0 entities and 0 collections)
}
20788 [Test worker] DEBUG org.springframework.orm.jpa.SharedEntityManagerCreator$SharedEntityManagerInvocationHandler  - Creating new EntityManager for shared EntityManager invocation
20788 [Test worker] DEBUG org.springframework.orm.jpa.EntityManagerFactoryUtils  - Closing JPA EntityManager
20788 [Test worker] INFO  org.hibernate.engine.internal.StatisticalLoggingSessionEventListener  - Session Metrics {
    0 nanoseconds spent acquiring 0 JDBC connections;
    0 nanoseconds spent releasing 0 JDBC connections;
    0 nanoseconds spent preparing 0 JDBC statements;
    0 nanoseconds spent executing 0 JDBC statements;
    0 nanoseconds spent executing 0 JDBC batches;
    0 nanoseconds spent performing 0 L2C puts;
    0 nanoseconds spent performing 0 L2C hits;
    0 nanoseconds spent performing 0 L2C misses;
    0 nanoseconds spent executing 0 flushes (flushing a total of 0 entities and 0 collections);
    0 nanoseconds spent executing 0 partial-flushes (flushing a total of 0 entities and 0 collections)
}
20789 [Test worker] DEBUG org.springframework.orm.jpa.SharedEntityManagerCreator$SharedEntityManagerInvocationHandler  - Creating new EntityManager for shared EntityManager invocation
20789 [Test worker] DEBUG org.springframework.orm.jpa.EntityManagerFactoryUtils  - Closing JPA EntityManager
20789 [Test worker] INFO  org.hibernate.engine.internal.StatisticalLoggingSessionEventListener  - Session Metrics {
    0 nanoseconds spent acquiring 0 JDBC connections;
    0 nanoseconds spent releasing 0 JDBC connections;
    0 nanoseconds spent preparing 0 JDBC statements;
    0 nanoseconds spent executing 0 JDBC statements;
    0 nanoseconds spent executing 0 JDBC batches;
    0 nanoseconds spent performing 0 L2C puts;
    0 nanoseconds spent performing 0 L2C hits;
    0 nanoseconds spent performing 0 L2C misses;
    0 nanoseconds spent executing 0 flushes (flushing a total of 0 entities and 0 collections);
    0 nanoseconds spent executing 0 partial-flushes (flushing a total of 0 entities and 0 collections)
}
20790 [Test worker] DEBUG org.springframework.orm.jpa.SharedEntityManagerCreator$SharedEntityManagerInvocationHandler  - Creating new EntityManager for shared EntityManager invocation
20790 [Test worker] DEBUG org.springframework.orm.jpa.EntityManagerFactoryUtils  - Closing JPA EntityManager
20790 [Test worker] INFO  org.hibernate.engine.internal.StatisticalLoggingSessionEventListener  - Session Metrics {
    0 nanoseconds spent acquiring 0 JDBC connections;
    0 nanoseconds spent releasing 0 JDBC connections;
    0 nanoseconds spent preparing 0 JDBC statements;
    0 nanoseconds spent executing 0 JDBC statements;
    0 nanoseconds spent executing 0 JDBC batches;
    0 nanoseconds spent performing 0 L2C puts;
    0 nanoseconds spent performing 0 L2C hits;
    0 nanoseconds spent performing 0 L2C misses;
    0 nanoseconds spent executing 0 flushes (flushing a total of 0 entities and 0 collections);
    0 nanoseconds spent executing 0 partial-flushes (flushing a total of 0 entities and 0 collections)
}
20790 [Test worker] DEBUG org.springframework.orm.jpa.SharedEntityManagerCreator$SharedEntityManagerInvocationHandler  - Creating new EntityManager for shared EntityManager invocation
20790 [Test worker] DEBUG org.springframework.orm.jpa.EntityManagerFactoryUtils  - Closing JPA EntityManager
20791 [Test worker] INFO  org.hibernate.engine.internal.StatisticalLoggingSessionEventListener  - Session Metrics {
    0 nanoseconds spent acquiring 0 JDBC connections;
    0 nanoseconds spent releasing 0 JDBC connections;
    0 nanoseconds spent preparing 0 JDBC statements;
    0 nanoseconds spent executing 0 JDBC statements;
    0 nanoseconds spent executing 0 JDBC batches;
    0 nanoseconds spent performing 0 L2C puts;
    0 nanoseconds spent performing 0 L2C hits;
    0 nanoseconds spent performing 0 L2C misses;
    0 nanoseconds spent executing 0 flushes (flushing a total of 0 entities and 0 collections);
    0 nanoseconds spent executing 0 partial-flushes (flushing a total of 0 entities and 0 collections)
}
20791 [Test worker] DEBUG org.springframework.orm.jpa.SharedEntityManagerCreator$SharedEntityManagerInvocationHandler  - Creating new EntityManager for shared EntityManager invocation
20792 [Test worker] DEBUG org.springframework.orm.jpa.EntityManagerFactoryUtils  - Closing JPA EntityManager
20792 [Test worker] INFO  org.hibernate.engine.internal.StatisticalLoggingSessionEventListener  - Session Metrics {
    0 nanoseconds spent acquiring 0 JDBC connections;
    0 nanoseconds spent releasing 0 JDBC connections;
    0 nanoseconds spent preparing 0 JDBC statements;
    0 nanoseconds spent executing 0 JDBC statements;
    0 nanoseconds spent executing 0 JDBC batches;
    0 nanoseconds spent performing 0 L2C puts;
    0 nanoseconds spent performing 0 L2C hits;
    0 nanoseconds spent performing 0 L2C misses;
    0 nanoseconds spent executing 0 flushes (flushing a total of 0 entities and 0 collections);
    0 nanoseconds spent executing 0 partial-flushes (flushing a total of 0 entities and 0 collections)
}
20793 [Test worker] DEBUG org.springframework.orm.jpa.SharedEntityManagerCreator$SharedEntityManagerInvocationHandler  - Creating new EntityManager for shared EntityManager invocation
20793 [Test worker] DEBUG org.springframework.orm.jpa.EntityManagerFactoryUtils  - Closing JPA EntityManager
20793 [Test worker] INFO  org.hibernate.engine.internal.StatisticalLoggingSessionEventListener  - Session Metrics {
    0 nanoseconds spent acquiring 0 JDBC connections;
    0 nanoseconds spent releasing 0 JDBC connections;
    0 nanoseconds spent preparing 0 JDBC statements;
    0 nanoseconds spent executing 0 JDBC statements;
    0 nanoseconds spent executing 0 JDBC batches;
    0 nanoseconds spent performing 0 L2C puts;
    0 nanoseconds spent performing 0 L2C hits;
    0 nanoseconds spent performing 0 L2C misses;
    0 nanoseconds spent executing 0 flushes (flushing a total of 0 entities and 0 collections);
    0 nanoseconds spent executing 0 partial-flushes (flushing a total of 0 entities and 0 collections)
}
20794 [Test worker] DEBUG org.springframework.data.jpa.repository.query.SimpleJpaQuery  - Looking up query for method findByProjectFinancialData
20794 [Test worker] DEBUG org.springframework.data.jpa.repository.query.NamedQuery  - Looking up named query ProjectVariableCost.findByProjectFinancialData
20794 [Test worker] DEBUG org.springframework.orm.jpa.SharedEntityManagerCreator$SharedEntityManagerInvocationHandler  - Creating new EntityManager for shared EntityManager invocation
20794 [Test worker] DEBUG org.springframework.orm.jpa.EntityManagerFactoryUtils  - Closing JPA EntityManager
20795 [Test worker] INFO  org.hibernate.engine.internal.StatisticalLoggingSessionEventListener  - Session Metrics {
    0 nanoseconds spent acquiring 0 JDBC connections;
    0 nanoseconds spent releasing 0 JDBC connections;
    0 nanoseconds spent preparing 0 JDBC statements;
    0 nanoseconds spent executing 0 JDBC statements;
    0 nanoseconds spent executing 0 JDBC batches;
    0 nanoseconds spent performing 0 L2C puts;
    0 nanoseconds spent performing 0 L2C hits;
    0 nanoseconds spent performing 0 L2C misses;
    0 nanoseconds spent executing 0 flushes (flushing a total of 0 entities and 0 collections);
    0 nanoseconds spent executing 0 partial-flushes (flushing a total of 0 entities and 0 collections)
}
20795 [Test worker] DEBUG org.springframework.aop.framework.JdkDynamicAopProxy  - Creating JDK dynamic proxy: target source is SingletonTargetSource for target object [org.springframework.data.jpa.repository.support.SimpleJpaRepository@2447885d]
20806 [Test worker] DEBUG org.springframework.orm.jpa.SharedEntityManagerCreator$SharedEntityManagerInvocationHandler  - Creating new EntityManager for shared EntityManager invocation
20807 [Test worker] DEBUG org.springframework.orm.jpa.EntityManagerFactoryUtils  - Closing JPA EntityManager
20807 [Test worker] INFO  org.hibernate.engine.internal.StatisticalLoggingSessionEventListener  - Session Metrics {
    0 nanoseconds spent acquiring 0 JDBC connections;
    0 nanoseconds spent releasing 0 JDBC connections;
    0 nanoseconds spent preparing 0 JDBC statements;
    0 nanoseconds spent executing 0 JDBC statements;
    0 nanoseconds spent executing 0 JDBC batches;
    0 nanoseconds spent performing 0 L2C puts;
    0 nanoseconds spent performing 0 L2C hits;
    0 nanoseconds spent performing 0 L2C misses;
    0 nanoseconds spent executing 0 flushes (flushing a total of 0 entities and 0 collections);
    0 nanoseconds spent executing 0 partial-flushes (flushing a total of 0 entities and 0 collections)
}
20808 [Test worker] DEBUG org.springframework.orm.jpa.SharedEntityManagerCreator$SharedEntityManagerInvocationHandler  - Creating new EntityManager for shared EntityManager invocation
20808 [Test worker] DEBUG org.springframework.orm.jpa.EntityManagerFactoryUtils  - Closing JPA EntityManager
20808 [Test worker] INFO  org.hibernate.engine.internal.StatisticalLoggingSessionEventListener  - Session Metrics {
    0 nanoseconds spent acquiring 0 JDBC connections;
    0 nanoseconds spent releasing 0 JDBC connections;
    0 nanoseconds spent preparing 0 JDBC statements;
    0 nanoseconds spent executing 0 JDBC statements;
    0 nanoseconds spent executing 0 JDBC batches;
    0 nanoseconds spent performing 0 L2C puts;
    0 nanoseconds spent performing 0 L2C hits;
    0 nanoseconds spent performing 0 L2C misses;
    0 nanoseconds spent executing 0 flushes (flushing a total of 0 entities and 0 collections);
    0 nanoseconds spent executing 0 partial-flushes (flushing a total of 0 entities and 0 collections)
}
20810 [Test worker] DEBUG org.springframework.orm.jpa.SharedEntityManagerCreator$SharedEntityManagerInvocationHandler  - Creating new EntityManager for shared EntityManager invocation
20810 [Test worker] DEBUG org.springframework.orm.jpa.EntityManagerFactoryUtils  - Closing JPA EntityManager
20811 [Test worker] INFO  org.hibernate.engine.internal.StatisticalLoggingSessionEventListener  - Session Metrics {
    0 nanoseconds spent acquiring 0 JDBC connections;
    0 nanoseconds spent releasing 0 JDBC connections;
    0 nanoseconds spent preparing 0 JDBC statements;
    0 nanoseconds spent executing 0 JDBC statements;
    0 nanoseconds spent executing 0 JDBC batches;
    0 nanoseconds spent performing 0 L2C puts;
    0 nanoseconds spent performing 0 L2C hits;
    0 nanoseconds spent performing 0 L2C misses;
    0 nanoseconds spent executing 0 flushes (flushing a total of 0 entities and 0 collections);
    0 nanoseconds spent executing 0 partial-flushes (flushing a total of 0 entities and 0 collections)
}
20813 [Test worker] DEBUG org.springframework.orm.jpa.SharedEntityManagerCreator$SharedEntityManagerInvocationHandler  - Creating new EntityManager for shared EntityManager invocation
20813 [Test worker] DEBUG org.springframework.orm.jpa.EntityManagerFactoryUtils  - Closing JPA EntityManager
20813 [Test worker] INFO  org.hibernate.engine.internal.StatisticalLoggingSessionEventListener  - Session Metrics {
    0 nanoseconds spent acquiring 0 JDBC connections;
    0 nanoseconds spent releasing 0 JDBC connections;
    0 nanoseconds spent preparing 0 JDBC statements;
    0 nanoseconds spent executing 0 JDBC statements;
    0 nanoseconds spent executing 0 JDBC batches;
    0 nanoseconds spent performing 0 L2C puts;
    0 nanoseconds spent performing 0 L2C hits;
    0 nanoseconds spent performing 0 L2C misses;
    0 nanoseconds spent executing 0 flushes (flushing a total of 0 entities and 0 collections);
    0 nanoseconds spent executing 0 partial-flushes (flushing a total of 0 entities and 0 collections)
}
20815 [Test worker] DEBUG org.springframework.orm.jpa.SharedEntityManagerCreator$SharedEntityManagerInvocationHandler  - Creating new EntityManager for shared EntityManager invocation
20815 [Test worker] DEBUG org.springframework.orm.jpa.EntityManagerFactoryUtils  - Closing JPA EntityManager
20815 [Test worker] INFO  org.hibernate.engine.internal.StatisticalLoggingSessionEventListener  - Session Metrics {
    0 nanoseconds spent acquiring 0 JDBC connections;
    0 nanoseconds spent releasing 0 JDBC connections;
    0 nanoseconds spent preparing 0 JDBC statements;
    0 nanoseconds spent executing 0 JDBC statements;
    0 nanoseconds spent executing 0 JDBC batches;
    0 nanoseconds spent performing 0 L2C puts;
    0 nanoseconds spent performing 0 L2C hits;
    0 nanoseconds spent performing 0 L2C misses;
    0 nanoseconds spent executing 0 flushes (flushing a total of 0 entities and 0 collections);
    0 nanoseconds spent executing 0 partial-flushes (flushing a total of 0 entities and 0 collections)
}
20815 [Test worker] DEBUG org.springframework.orm.jpa.SharedEntityManagerCreator$SharedEntityManagerInvocationHandler  - Creating new EntityManager for shared EntityManager invocation
20815 [Test worker] DEBUG org.springframework.orm.jpa.EntityManagerFactoryUtils  - Closing JPA EntityManager
20815 [Test worker] INFO  org.hibernate.engine.internal.StatisticalLoggingSessionEventListener  - Session Metrics {
    0 nanoseconds spent acquiring 0 JDBC connections;
    0 nanoseconds spent releasing 0 JDBC connections;
    0 nanoseconds spent preparing 0 JDBC statements;
    0 nanoseconds spent executing 0 JDBC statements;
    0 nanoseconds spent executing 0 JDBC batches;
    0 nanoseconds spent performing 0 L2C puts;
    0 nanoseconds spent performing 0 L2C hits;
    0 nanoseconds spent performing 0 L2C misses;
    0 nanoseconds spent executing 0 flushes (flushing a total of 0 entities and 0 collections);
    0 nanoseconds spent executing 0 partial-flushes (flushing a total of 0 entities and 0 collections)
}
20816 [Test worker] DEBUG org.springframework.orm.jpa.SharedEntityManagerCreator$SharedEntityManagerInvocationHandler  - Creating new EntityManager for shared EntityManager invocation
20816 [Test worker] DEBUG org.springframework.orm.jpa.EntityManagerFactoryUtils  - Closing JPA EntityManager
20817 [Test worker] INFO  org.hibernate.engine.internal.StatisticalLoggingSessionEventListener  - Session Metrics {
    0 nanoseconds spent acquiring 0 JDBC connections;
    0 nanoseconds spent releasing 0 JDBC connections;
    0 nanoseconds spent preparing 0 JDBC statements;
    0 nanoseconds spent executing 0 JDBC statements;
    0 nanoseconds spent executing 0 JDBC batches;
    0 nanoseconds spent performing 0 L2C puts;
    0 nanoseconds spent performing 0 L2C hits;
    0 nanoseconds spent performing 0 L2C misses;
    0 nanoseconds spent executing 0 flushes (flushing a total of 0 entities and 0 collections);
    0 nanoseconds spent executing 0 partial-flushes (flushing a total of 0 entities and 0 collections)
}
20817 [Test worker] DEBUG org.springframework.orm.jpa.SharedEntityManagerCreator$SharedEntityManagerInvocationHandler  - Creating new EntityManager for shared EntityManager invocation
20818 [Test worker] DEBUG org.springframework.orm.jpa.EntityManagerFactoryUtils  - Closing JPA EntityManager
20818 [Test worker] INFO  org.hibernate.engine.internal.StatisticalLoggingSessionEventListener  - Session Metrics {
    0 nanoseconds spent acquiring 0 JDBC connections;
    0 nanoseconds spent releasing 0 JDBC connections;
    0 nanoseconds spent preparing 0 JDBC statements;
    0 nanoseconds spent executing 0 JDBC statements;
    0 nanoseconds spent executing 0 JDBC batches;
    0 nanoseconds spent performing 0 L2C puts;
    0 nanoseconds spent performing 0 L2C hits;
    0 nanoseconds spent performing 0 L2C misses;
    0 nanoseconds spent executing 0 flushes (flushing a total of 0 entities and 0 collections);
    0 nanoseconds spent executing 0 partial-flushes (flushing a total of 0 entities and 0 collections)
}
20818 [Test worker] DEBUG org.springframework.data.jpa.repository.query.SimpleJpaQuery  - Looking up query for method findProjectByUuid
20819 [Test worker] DEBUG org.springframework.data.jpa.repository.query.NamedQuery  - Looking up named query Project.findProjectByUuid
20819 [Test worker] DEBUG org.springframework.orm.jpa.SharedEntityManagerCreator$SharedEntityManagerInvocationHandler  - Creating new EntityManager for shared EntityManager invocation
20819 [Test worker] DEBUG org.springframework.orm.jpa.EntityManagerFactoryUtils  - Closing JPA EntityManager
20819 [Test worker] INFO  org.hibernate.engine.internal.StatisticalLoggingSessionEventListener  - Session Metrics {
    0 nanoseconds spent acquiring 0 JDBC connections;
    0 nanoseconds spent releasing 0 JDBC connections;
    0 nanoseconds spent preparing 0 JDBC statements;
    0 nanoseconds spent executing 0 JDBC statements;
    0 nanoseconds spent executing 0 JDBC batches;
    0 nanoseconds spent performing 0 L2C puts;
    0 nanoseconds spent performing 0 L2C hits;
    0 nanoseconds spent performing 0 L2C misses;
    0 nanoseconds spent executing 0 flushes (flushing a total of 0 entities and 0 collections);
    0 nanoseconds spent executing 0 partial-flushes (flushing a total of 0 entities and 0 collections)
}
20820 [Test worker] DEBUG org.springframework.data.jpa.repository.query.SimpleJpaQuery  - Looking up query for method findProjectsByClosestToEndPresentation
20827 [Test worker] INFO  org.hibernate.engine.internal.StatisticalLoggingSessionEventListener  - Session Metrics {
    0 nanoseconds spent acquiring 0 JDBC connections;
    0 nanoseconds spent releasing 0 JDBC connections;
    0 nanoseconds spent preparing 0 JDBC statements;
    0 nanoseconds spent executing 0 JDBC statements;
    0 nanoseconds spent executing 0 JDBC batches;
    0 nanoseconds spent performing 0 L2C puts;
    0 nanoseconds spent performing 0 L2C hits;
    0 nanoseconds spent performing 0 L2C misses;
    0 nanoseconds spent executing 0 flushes (flushing a total of 0 entities and 0 collections);
    0 nanoseconds spent executing 0 partial-flushes (flushing a total of 0 entities and 0 collections)
}
20827 [Test worker] DEBUG org.springframework.data.jpa.repository.query.SimpleJpaQuery  - Looking up query for method findBySubcategoryIn
20827 [Test worker] DEBUG org.springframework.data.jpa.repository.query.NamedQuery  - Looking up named query Project.findBySubcategoryIn
20828 [Test worker] DEBUG org.springframework.orm.jpa.SharedEntityManagerCreator$SharedEntityManagerInvocationHandler  - Creating new EntityManager for shared EntityManager invocation
20828 [Test worker] DEBUG org.springframework.orm.jpa.EntityManagerFactoryUtils  - Closing JPA EntityManager
20828 [Test worker] INFO  org.hibernate.engine.internal.StatisticalLoggingSessionEventListener  - Session Metrics {
    0 nanoseconds spent acquiring 0 JDBC connections;
    0 nanoseconds spent releasing 0 JDBC connections;
    0 nanoseconds spent preparing 0 JDBC statements;
    0 nanoseconds spent executing 0 JDBC statements;
    0 nanoseconds spent executing 0 JDBC batches;
    0 nanoseconds spent performing 0 L2C puts;
    0 nanoseconds spent performing 0 L2C hits;
    0 nanoseconds spent performing 0 L2C misses;
    0 nanoseconds spent executing 0 flushes (flushing a total of 0 entities and 0 collections);
    0 nanoseconds spent executing 0 partial-flushes (flushing a total of 0 entities and 0 collections)
}
20829 [Test worker] DEBUG org.springframework.data.jpa.repository.query.SimpleJpaQuery  - Looking up query for method findProjectsByTag
20833 [Test worker] INFO  org.hibernate.engine.internal.StatisticalLoggingSessionEventListener  - Session Metrics {
    0 nanoseconds spent acquiring 0 JDBC connections;
    0 nanoseconds spent releasing 0 JDBC connections;
    0 nanoseconds spent preparing 0 JDBC statements;
    0 nanoseconds spent executing 0 JDBC statements;
    0 nanoseconds spent executing 0 JDBC batches;
    0 nanoseconds spent performing 0 L2C puts;
    0 nanoseconds spent performing 0 L2C hits;
    0 nanoseconds spent performing 0 L2C misses;
    0 nanoseconds spent executing 0 flushes (flushing a total of 0 entities and 0 collections);
    0 nanoseconds spent executing 0 partial-flushes (flushing a total of 0 entities and 0 collections)
}
20833 [Test worker] DEBUG org.springframework.data.jpa.repository.query.SimpleJpaQuery  - Looking up query for method findProjectsBySubcategory
20833 [Test worker] DEBUG org.springframework.data.jpa.repository.query.NamedQuery  - Looking up named query Project.findProjectsBySubcategory
20834 [Test worker] DEBUG org.springframework.orm.jpa.SharedEntityManagerCreator$SharedEntityManagerInvocationHandler  - Creating new EntityManager for shared EntityManager invocation
20834 [Test worker] DEBUG org.springframework.orm.jpa.EntityManagerFactoryUtils  - Closing JPA EntityManager
20834 [Test worker] INFO  org.hibernate.engine.internal.StatisticalLoggingSessionEventListener  - Session Metrics {
    0 nanoseconds spent acquiring 0 JDBC connections;
    0 nanoseconds spent releasing 0 JDBC connections;
    0 nanoseconds spent preparing 0 JDBC statements;
    0 nanoseconds spent executing 0 JDBC statements;
    0 nanoseconds spent executing 0 JDBC batches;
    0 nanoseconds spent performing 0 L2C puts;
    0 nanoseconds spent performing 0 L2C hits;
    0 nanoseconds spent performing 0 L2C misses;
    0 nanoseconds spent executing 0 flushes (flushing a total of 0 entities and 0 collections);
    0 nanoseconds spent executing 0 partial-flushes (flushing a total of 0 entities and 0 collections)
}
20835 [Test worker] DEBUG org.springframework.data.jpa.repository.query.SimpleJpaQuery  - Looking up query for method findProjectsByTypeAndSubcategoryAndStatuses
20839 [Test worker] INFO  org.hibernate.engine.internal.StatisticalLoggingSessionEventListener  - Session Metrics {
    0 nanoseconds spent acquiring 0 JDBC connections;
    0 nanoseconds spent releasing 0 JDBC connections;
    0 nanoseconds spent preparing 0 JDBC statements;
    0 nanoseconds spent executing 0 JDBC statements;
    0 nanoseconds spent executing 0 JDBC batches;
    0 nanoseconds spent performing 0 L2C puts;
    0 nanoseconds spent performing 0 L2C hits;
    0 nanoseconds spent performing 0 L2C misses;
    0 nanoseconds spent executing 0 flushes (flushing a total of 0 entities and 0 collections);
    0 nanoseconds spent executing 0 partial-flushes (flushing a total of 0 entities and 0 collections)
}
20839 [Test worker] DEBUG org.springframework.data.jpa.repository.query.SimpleJpaQuery  - Looking up query for method findByStatusIn
20840 [Test worker] DEBUG org.springframework.data.jpa.repository.query.NamedQuery  - Looking up named query Project.findByStatusIn
20840 [Test worker] DEBUG org.springframework.orm.jpa.SharedEntityManagerCreator$SharedEntityManagerInvocationHandler  - Creating new EntityManager for shared EntityManager invocation
20840 [Test worker] DEBUG org.springframework.orm.jpa.EntityManagerFactoryUtils  - Closing JPA EntityManager
20840 [Test worker] INFO  org.hibernate.engine.internal.StatisticalLoggingSessionEventListener  - Session Metrics {
    0 nanoseconds spent acquiring 0 JDBC connections;
    0 nanoseconds spent releasing 0 JDBC connections;
    0 nanoseconds spent preparing 0 JDBC statements;
    0 nanoseconds spent executing 0 JDBC statements;
    0 nanoseconds spent executing 0 JDBC batches;
    0 nanoseconds spent performing 0 L2C puts;
    0 nanoseconds spent performing 0 L2C hits;
    0 nanoseconds spent performing 0 L2C misses;
    0 nanoseconds spent executing 0 flushes (flushing a total of 0 entities and 0 collections);
    0 nanoseconds spent executing 0 partial-flushes (flushing a total of 0 entities and 0 collections)
}
20842 [Test worker] DEBUG org.springframework.data.jpa.repository.query.SimpleJpaQuery  - Looking up query for method findProjectsBySubcategoriesAndStatuses
20846 [Test worker] INFO  org.hibernate.engine.internal.StatisticalLoggingSessionEventListener  - Session Metrics {
    0 nanoseconds spent acquiring 0 JDBC connections;
    0 nanoseconds spent releasing 0 JDBC connections;
    0 nanoseconds spent preparing 0 JDBC statements;
    0 nanoseconds spent executing 0 JDBC statements;
    0 nanoseconds spent executing 0 JDBC batches;
    0 nanoseconds spent performing 0 L2C puts;
    0 nanoseconds spent performing 0 L2C hits;
    0 nanoseconds spent performing 0 L2C misses;
    0 nanoseconds spent executing 0 flushes (flushing a total of 0 entities and 0 collections);
    0 nanoseconds spent executing 0 partial-flushes (flushing a total of 0 entities and 0 collections)
}
20846 [Test worker] DEBUG org.springframework.data.jpa.repository.query.SimpleJpaQuery  - Looking up query for method findProjectsByHigherBalance
20852 [Test worker] INFO  org.hibernate.engine.internal.StatisticalLoggingSessionEventListener  - Session Metrics {
    0 nanoseconds spent acquiring 0 JDBC connections;
    0 nanoseconds spent releasing 0 JDBC connections;
    0 nanoseconds spent preparing 0 JDBC statements;
    0 nanoseconds spent executing 0 JDBC statements;
    0 nanoseconds spent executing 0 JDBC batches;
    0 nanoseconds spent performing 0 L2C puts;
    0 nanoseconds spent performing 0 L2C hits;
    0 nanoseconds spent performing 0 L2C misses;
    0 nanoseconds spent executing 0 flushes (flushing a total of 0 entities and 0 collections);
    0 nanoseconds spent executing 0 partial-flushes (flushing a total of 0 entities and 0 collections)
}
20852 [Test worker] DEBUG org.springframework.data.jpa.repository.query.SimpleJpaQuery  - Looking up query for method findProjectsLikeByNameOrDescriptionOrShowground
20858 [Test worker] INFO  org.hibernate.engine.internal.StatisticalLoggingSessionEventListener  - Session Metrics {
    0 nanoseconds spent acquiring 0 JDBC connections;
    0 nanoseconds spent releasing 0 JDBC connections;
    0 nanoseconds spent preparing 0 JDBC statements;
    0 nanoseconds spent executing 0 JDBC statements;
    0 nanoseconds spent executing 0 JDBC batches;
    0 nanoseconds spent performing 0 L2C puts;
    0 nanoseconds spent performing 0 L2C hits;
    0 nanoseconds spent performing 0 L2C misses;
    0 nanoseconds spent executing 0 flushes (flushing a total of 0 entities and 0 collections);
    0 nanoseconds spent executing 0 partial-flushes (flushing a total of 0 entities and 0 collections)
}
20858 [Test worker] DEBUG org.springframework.data.jpa.repository.query.SimpleJpaQuery  - Looking up query for method findProjectsByStatus
20859 [Test worker] DEBUG org.springframework.data.jpa.repository.query.NamedQuery  - Looking up named query Project.findProjectsByStatus
20859 [Test worker] DEBUG org.springframework.orm.jpa.SharedEntityManagerCreator$SharedEntityManagerInvocationHandler  - Creating new EntityManager for shared EntityManager invocation
20859 [Test worker] DEBUG org.springframework.orm.jpa.EntityManagerFactoryUtils  - Closing JPA EntityManager
20859 [Test worker] INFO  org.hibernate.engine.internal.StatisticalLoggingSessionEventListener  - Session Metrics {
    0 nanoseconds spent acquiring 0 JDBC connections;
    0 nanoseconds spent releasing 0 JDBC connections;
    0 nanoseconds spent preparing 0 JDBC statements;
    0 nanoseconds spent executing 0 JDBC statements;
    0 nanoseconds spent executing 0 JDBC batches;
    0 nanoseconds spent performing 0 L2C puts;
    0 nanoseconds spent performing 0 L2C hits;
    0 nanoseconds spent performing 0 L2C misses;
    0 nanoseconds spent executing 0 flushes (flushing a total of 0 entities and 0 collections);
    0 nanoseconds spent executing 0 partial-flushes (flushing a total of 0 entities and 0 collections)
}
20860 [Test worker] DEBUG org.springframework.data.jpa.repository.query.SimpleJpaQuery  - Looking up query for method findProjectsByUser
20860 [Test worker] DEBUG org.springframework.data.jpa.repository.query.NamedQuery  - Looking up named query Project.findProjectsByUser
20861 [Test worker] DEBUG org.springframework.orm.jpa.SharedEntityManagerCreator$SharedEntityManagerInvocationHandler  - Creating new EntityManager for shared EntityManager invocation
20861 [Test worker] DEBUG org.springframework.orm.jpa.EntityManagerFactoryUtils  - Closing JPA EntityManager
20861 [Test worker] INFO  org.hibernate.engine.internal.StatisticalLoggingSessionEventListener  - Session Metrics {
    0 nanoseconds spent acquiring 0 JDBC connections;
    0 nanoseconds spent releasing 0 JDBC connections;
    0 nanoseconds spent preparing 0 JDBC statements;
    0 nanoseconds spent executing 0 JDBC statements;
    0 nanoseconds spent executing 0 JDBC batches;
    0 nanoseconds spent performing 0 L2C puts;
    0 nanoseconds spent performing 0 L2C hits;
    0 nanoseconds spent performing 0 L2C misses;
    0 nanoseconds spent executing 0 flushes (flushing a total of 0 entities and 0 collections);
    0 nanoseconds spent executing 0 partial-flushes (flushing a total of 0 entities and 0 collections)
}
20862 [Test worker] DEBUG org.springframework.data.jpa.repository.query.SimpleJpaQuery  - Looking up query for method findProjectsByType
20862 [Test worker] DEBUG org.springframework.data.jpa.repository.query.NamedQuery  - Looking up named query Project.findProjectsByType
20862 [Test worker] DEBUG org.springframework.orm.jpa.SharedEntityManagerCreator$SharedEntityManagerInvocationHandler  - Creating new EntityManager for shared EntityManager invocation
20863 [Test worker] DEBUG org.springframework.orm.jpa.EntityManagerFactoryUtils  - Closing JPA EntityManager
20863 [Test worker] INFO  org.hibernate.engine.internal.StatisticalLoggingSessionEventListener  - Session Metrics {
    0 nanoseconds spent acquiring 0 JDBC connections;
    0 nanoseconds spent releasing 0 JDBC connections;
    0 nanoseconds spent preparing 0 JDBC statements;
    0 nanoseconds spent executing 0 JDBC statements;
    0 nanoseconds spent executing 0 JDBC batches;
    0 nanoseconds spent performing 0 L2C puts;
    0 nanoseconds spent performing 0 L2C hits;
    0 nanoseconds spent performing 0 L2C misses;
    0 nanoseconds spent executing 0 flushes (flushing a total of 0 entities and 0 collections);
    0 nanoseconds spent executing 0 partial-flushes (flushing a total of 0 entities and 0 collections)
}
20863 [Test worker] DEBUG org.springframework.data.jpa.repository.query.SimpleJpaQuery  - Looking up query for method findProjectsByTypeAndSubcategory
20864 [Test worker] DEBUG org.springframework.data.jpa.repository.query.NamedQuery  - Looking up named query Project.findProjectsByTypeAndSubcategory
20864 [Test worker] DEBUG org.springframework.orm.jpa.SharedEntityManagerCreator$SharedEntityManagerInvocationHandler  - Creating new EntityManager for shared EntityManager invocation
20864 [Test worker] DEBUG org.springframework.orm.jpa.EntityManagerFactoryUtils  - Closing JPA EntityManager
20864 [Test worker] INFO  org.hibernate.engine.internal.StatisticalLoggingSessionEventListener  - Session Metrics {
    0 nanoseconds spent acquiring 0 JDBC connections;
    0 nanoseconds spent releasing 0 JDBC connections;
    0 nanoseconds spent preparing 0 JDBC statements;
    0 nanoseconds spent executing 0 JDBC statements;
    0 nanoseconds spent executing 0 JDBC batches;
    0 nanoseconds spent performing 0 L2C puts;
    0 nanoseconds spent performing 0 L2C hits;
    0 nanoseconds spent performing 0 L2C misses;
    0 nanoseconds spent executing 0 flushes (flushing a total of 0 entities and 0 collections);
    0 nanoseconds spent executing 0 partial-flushes (flushing a total of 0 entities and 0 collections)
}
20865 [Test worker] DEBUG org.springframework.data.jpa.repository.query.SimpleJpaQuery  - Looking up query for method findProjectsByClosestToEndFunding
20868 [Test worker] INFO  org.hibernate.engine.internal.StatisticalLoggingSessionEventListener  - Session Metrics {
    0 nanoseconds spent acquiring 0 JDBC connections;
    0 nanoseconds spent releasing 0 JDBC connections;
    0 nanoseconds spent preparing 0 JDBC statements;
    0 nanoseconds spent executing 0 JDBC statements;
    0 nanoseconds spent executing 0 JDBC batches;
    0 nanoseconds spent performing 0 L2C puts;
    0 nanoseconds spent performing 0 L2C hits;
    0 nanoseconds spent performing 0 L2C misses;
    0 nanoseconds spent executing 0 flushes (flushing a total of 0 entities and 0 collections);
    0 nanoseconds spent executing 0 partial-flushes (flushing a total of 0 entities and 0 collections)
}
20869 [Test worker] DEBUG org.springframework.aop.framework.JdkDynamicAopProxy  - Creating JDK dynamic proxy: target source is SingletonTargetSource for target object [org.springframework.data.jpa.repository.support.SimpleJpaRepository@153ce0c]
20878 [Test worker] DEBUG org.springframework.aop.aspectj.annotation.AnnotationAwareAspectJAutoProxyCreator  - Creating implicit proxy for bean 'projectTransactionServiceImpl' with 0 common interceptors and 3 specific interceptors
20878 [Test worker] DEBUG org.springframework.aop.framework.JdkDynamicAopProxy  - Creating JDK dynamic proxy: target source is SingletonTargetSource for target object [com.tim.one.service.impl.ProjectTransactionServiceImpl@24fc7682]
20879 [Test worker] DEBUG org.springframework.aop.aspectj.annotation.AnnotationAwareAspectJAutoProxyCreator  - Creating implicit proxy for bean 'breakevenServiceImpl' with 0 common interceptors and 3 specific interceptors
20879 [Test worker] DEBUG org.springframework.aop.framework.JdkDynamicAopProxy  - Creating JDK dynamic proxy: target source is SingletonTargetSource for target object [com.tim.one.service.impl.BreakevenServiceImpl@3ac863c6]
20891 [Test worker] DEBUG org.springframework.aop.aspectj.annotation.AnnotationAwareAspectJAutoProxyCreator  - Creating implicit proxy for bean 'userServiceImpl' with 0 common interceptors and 3 specific interceptors
20891 [Test worker] DEBUG org.springframework.aop.framework.JdkDynamicAopProxy  - Creating JDK dynamic proxy: target source is SingletonTargetSource for target object [com.tim.one.service.impl.UserServiceImpl@3a0e7a50]
20895 [Test worker] DEBUG org.springframework.aop.aspectj.annotation.AnnotationAwareAspectJAutoProxyCreator  - Creating implicit proxy for bean 'accountGeneratorImpl' with 0 common interceptors and 3 specific interceptors
20895 [Test worker] DEBUG org.springframework.aop.framework.JdkDynamicAopProxy  - Creating JDK dynamic proxy: target source is SingletonTargetSource for target object [com.tim.one.service.impl.AccountGeneratorImpl@c8037f7]
20898 [Test worker] DEBUG org.springframework.aop.aspectj.annotation.AnnotationAwareAspectJAutoProxyCreator  - Creating implicit proxy for bean 'unitServiceImpl' with 0 common interceptors and 3 specific interceptors
20898 [Test worker] DEBUG org.springframework.aop.framework.JdkDynamicAopProxy  - Creating JDK dynamic proxy: target source is SingletonTargetSource for target object [com.tim.one.service.impl.UnitServiceImpl@35da3f8a]
20900 [Test worker] DEBUG org.springframework.aop.aspectj.annotation.AnnotationAwareAspectJAutoProxyCreator  - Creating implicit proxy for bean 'userTransactionServiceImpl' with 0 common interceptors and 3 specific interceptors
20900 [Test worker] DEBUG org.springframework.aop.framework.JdkDynamicAopProxy  - Creating JDK dynamic proxy: target source is SingletonTargetSource for target object [com.tim.one.service.impl.UserTransactionServiceImpl@b8198a5]
20904 [Test worker] DEBUG org.springframework.orm.jpa.SharedEntityManagerCreator$SharedEntityManagerInvocationHandler  - Creating new EntityManager for shared EntityManager invocation
20905 [Test worker] DEBUG org.springframework.orm.jpa.EntityManagerFactoryUtils  - Closing JPA EntityManager
20905 [Test worker] INFO  org.hibernate.engine.internal.StatisticalLoggingSessionEventListener  - Session Metrics {
    0 nanoseconds spent acquiring 0 JDBC connections;
    0 nanoseconds spent releasing 0 JDBC connections;
    0 nanoseconds spent preparing 0 JDBC statements;
    0 nanoseconds spent executing 0 JDBC statements;
    0 nanoseconds spent executing 0 JDBC batches;
    0 nanoseconds spent performing 0 L2C puts;
    0 nanoseconds spent performing 0 L2C hits;
    0 nanoseconds spent performing 0 L2C misses;
    0 nanoseconds spent executing 0 flushes (flushing a total of 0 entities and 0 collections);
    0 nanoseconds spent executing 0 partial-flushes (flushing a total of 0 entities and 0 collections)
}
20905 [Test worker] DEBUG org.springframework.orm.jpa.SharedEntityManagerCreator$SharedEntityManagerInvocationHandler  - Creating new EntityManager for shared EntityManager invocation
20905 [Test worker] DEBUG org.springframework.orm.jpa.EntityManagerFactoryUtils  - Closing JPA EntityManager
20905 [Test worker] INFO  org.hibernate.engine.internal.StatisticalLoggingSessionEventListener  - Session Metrics {
    0 nanoseconds spent acquiring 0 JDBC connections;
    0 nanoseconds spent releasing 0 JDBC connections;
    0 nanoseconds spent preparing 0 JDBC statements;
    0 nanoseconds spent executing 0 JDBC statements;
    0 nanoseconds spent executing 0 JDBC batches;
    0 nanoseconds spent performing 0 L2C puts;
    0 nanoseconds spent performing 0 L2C hits;
    0 nanoseconds spent performing 0 L2C misses;
    0 nanoseconds spent executing 0 flushes (flushing a total of 0 entities and 0 collections);
    0 nanoseconds spent executing 0 partial-flushes (flushing a total of 0 entities and 0 collections)
}
20906 [Test worker] DEBUG org.springframework.orm.jpa.SharedEntityManagerCreator$SharedEntityManagerInvocationHandler  - Creating new EntityManager for shared EntityManager invocation
20906 [Test worker] DEBUG org.springframework.orm.jpa.EntityManagerFactoryUtils  - Closing JPA EntityManager
20906 [Test worker] INFO  org.hibernate.engine.internal.StatisticalLoggingSessionEventListener  - Session Metrics {
    0 nanoseconds spent acquiring 0 JDBC connections;
    0 nanoseconds spent releasing 0 JDBC connections;
    0 nanoseconds spent preparing 0 JDBC statements;
    0 nanoseconds spent executing 0 JDBC statements;
    0 nanoseconds spent executing 0 JDBC batches;
    0 nanoseconds spent performing 0 L2C puts;
    0 nanoseconds spent performing 0 L2C hits;
    0 nanoseconds spent performing 0 L2C misses;
    0 nanoseconds spent executing 0 flushes (flushing a total of 0 entities and 0 collections);
    0 nanoseconds spent executing 0 partial-flushes (flushing a total of 0 entities and 0 collections)
}
20907 [Test worker] DEBUG org.springframework.orm.jpa.SharedEntityManagerCreator$SharedEntityManagerInvocationHandler  - Creating new EntityManager for shared EntityManager invocation
20907 [Test worker] DEBUG org.springframework.orm.jpa.EntityManagerFactoryUtils  - Closing JPA EntityManager
20907 [Test worker] INFO  org.hibernate.engine.internal.StatisticalLoggingSessionEventListener  - Session Metrics {
    0 nanoseconds spent acquiring 0 JDBC connections;
    0 nanoseconds spent releasing 0 JDBC connections;
    0 nanoseconds spent preparing 0 JDBC statements;
    0 nanoseconds spent executing 0 JDBC statements;
    0 nanoseconds spent executing 0 JDBC batches;
    0 nanoseconds spent performing 0 L2C puts;
    0 nanoseconds spent performing 0 L2C hits;
    0 nanoseconds spent performing 0 L2C misses;
    0 nanoseconds spent executing 0 flushes (flushing a total of 0 entities and 0 collections);
    0 nanoseconds spent executing 0 partial-flushes (flushing a total of 0 entities and 0 collections)
}
20908 [Test worker] DEBUG org.springframework.orm.jpa.SharedEntityManagerCreator$SharedEntityManagerInvocationHandler  - Creating new EntityManager for shared EntityManager invocation
20908 [Test worker] DEBUG org.springframework.orm.jpa.EntityManagerFactoryUtils  - Closing JPA EntityManager
20908 [Test worker] INFO  org.hibernate.engine.internal.StatisticalLoggingSessionEventListener  - Session Metrics {
    0 nanoseconds spent acquiring 0 JDBC connections;
    0 nanoseconds spent releasing 0 JDBC connections;
    0 nanoseconds spent preparing 0 JDBC statements;
    0 nanoseconds spent executing 0 JDBC statements;
    0 nanoseconds spent executing 0 JDBC batches;
    0 nanoseconds spent performing 0 L2C puts;
    0 nanoseconds spent performing 0 L2C hits;
    0 nanoseconds spent performing 0 L2C misses;
    0 nanoseconds spent executing 0 flushes (flushing a total of 0 entities and 0 collections);
    0 nanoseconds spent executing 0 partial-flushes (flushing a total of 0 entities and 0 collections)
}
20908 [Test worker] DEBUG org.springframework.orm.jpa.SharedEntityManagerCreator$SharedEntityManagerInvocationHandler  - Creating new EntityManager for shared EntityManager invocation
20909 [Test worker] DEBUG org.springframework.orm.jpa.EntityManagerFactoryUtils  - Closing JPA EntityManager
20909 [Test worker] INFO  org.hibernate.engine.internal.StatisticalLoggingSessionEventListener  - Session Metrics {
    0 nanoseconds spent acquiring 0 JDBC connections;
    0 nanoseconds spent releasing 0 JDBC connections;
    0 nanoseconds spent preparing 0 JDBC statements;
    0 nanoseconds spent executing 0 JDBC statements;
    0 nanoseconds spent executing 0 JDBC batches;
    0 nanoseconds spent performing 0 L2C puts;
    0 nanoseconds spent performing 0 L2C hits;
    0 nanoseconds spent performing 0 L2C misses;
    0 nanoseconds spent executing 0 flushes (flushing a total of 0 entities and 0 collections);
    0 nanoseconds spent executing 0 partial-flushes (flushing a total of 0 entities and 0 collections)
}
20909 [Test worker] DEBUG org.springframework.orm.jpa.SharedEntityManagerCreator$SharedEntityManagerInvocationHandler  - Creating new EntityManager for shared EntityManager invocation
20910 [Test worker] DEBUG org.springframework.orm.jpa.EntityManagerFactoryUtils  - Closing JPA EntityManager
20910 [Test worker] INFO  org.hibernate.engine.internal.StatisticalLoggingSessionEventListener  - Session Metrics {
    0 nanoseconds spent acquiring 0 JDBC connections;
    0 nanoseconds spent releasing 0 JDBC connections;
    0 nanoseconds spent preparing 0 JDBC statements;
    0 nanoseconds spent executing 0 JDBC statements;
    0 nanoseconds spent executing 0 JDBC batches;
    0 nanoseconds spent performing 0 L2C puts;
    0 nanoseconds spent performing 0 L2C hits;
    0 nanoseconds spent performing 0 L2C misses;
    0 nanoseconds spent executing 0 flushes (flushing a total of 0 entities and 0 collections);
    0 nanoseconds spent executing 0 partial-flushes (flushing a total of 0 entities and 0 collections)
}
20911 [Test worker] DEBUG org.springframework.orm.jpa.SharedEntityManagerCreator$SharedEntityManagerInvocationHandler  - Creating new EntityManager for shared EntityManager invocation
20911 [Test worker] DEBUG org.springframework.orm.jpa.EntityManagerFactoryUtils  - Closing JPA EntityManager
20911 [Test worker] INFO  org.hibernate.engine.internal.StatisticalLoggingSessionEventListener  - Session Metrics {
    0 nanoseconds spent acquiring 0 JDBC connections;
    0 nanoseconds spent releasing 0 JDBC connections;
    0 nanoseconds spent preparing 0 JDBC statements;
    0 nanoseconds spent executing 0 JDBC statements;
    0 nanoseconds spent executing 0 JDBC batches;
    0 nanoseconds spent performing 0 L2C puts;
    0 nanoseconds spent performing 0 L2C hits;
    0 nanoseconds spent performing 0 L2C misses;
    0 nanoseconds spent executing 0 flushes (flushing a total of 0 entities and 0 collections);
    0 nanoseconds spent executing 0 partial-flushes (flushing a total of 0 entities and 0 collections)
}
20911 [Test worker] DEBUG org.springframework.data.jpa.repository.query.SimpleJpaQuery  - Looking up query for method findByUserUuid
20912 [Test worker] DEBUG org.springframework.data.jpa.repository.query.NamedQuery  - Looking up named query TransferUserLimit.findByUserUuid
20912 [Test worker] DEBUG org.springframework.orm.jpa.SharedEntityManagerCreator$SharedEntityManagerInvocationHandler  - Creating new EntityManager for shared EntityManager invocation
20912 [Test worker] DEBUG org.springframework.orm.jpa.EntityManagerFactoryUtils  - Closing JPA EntityManager
20912 [Test worker] INFO  org.hibernate.engine.internal.StatisticalLoggingSessionEventListener  - Session Metrics {
    0 nanoseconds spent acquiring 0 JDBC connections;
    0 nanoseconds spent releasing 0 JDBC connections;
    0 nanoseconds spent preparing 0 JDBC statements;
    0 nanoseconds spent executing 0 JDBC statements;
    0 nanoseconds spent executing 0 JDBC batches;
    0 nanoseconds spent performing 0 L2C puts;
    0 nanoseconds spent performing 0 L2C hits;
    0 nanoseconds spent performing 0 L2C misses;
    0 nanoseconds spent executing 0 flushes (flushing a total of 0 entities and 0 collections);
    0 nanoseconds spent executing 0 partial-flushes (flushing a total of 0 entities and 0 collections)
}
20913 [Test worker] DEBUG org.springframework.data.jpa.repository.query.SimpleJpaQuery  - Looking up query for method findByUserUuidAndDestinationUuid
20913 [Test worker] DEBUG org.springframework.data.jpa.repository.query.NamedQuery  - Looking up named query TransferUserLimit.findByUserUuidAndDestinationUuid
20913 [Test worker] DEBUG org.springframework.orm.jpa.SharedEntityManagerCreator$SharedEntityManagerInvocationHandler  - Creating new EntityManager for shared EntityManager invocation
20913 [Test worker] DEBUG org.springframework.orm.jpa.EntityManagerFactoryUtils  - Closing JPA EntityManager
20913 [Test worker] INFO  org.hibernate.engine.internal.StatisticalLoggingSessionEventListener  - Session Metrics {
    0 nanoseconds spent acquiring 0 JDBC connections;
    0 nanoseconds spent releasing 0 JDBC connections;
    0 nanoseconds spent preparing 0 JDBC statements;
    0 nanoseconds spent executing 0 JDBC statements;
    0 nanoseconds spent executing 0 JDBC batches;
    0 nanoseconds spent performing 0 L2C puts;
    0 nanoseconds spent performing 0 L2C hits;
    0 nanoseconds spent performing 0 L2C misses;
    0 nanoseconds spent executing 0 flushes (flushing a total of 0 entities and 0 collections);
    0 nanoseconds spent executing 0 partial-flushes (flushing a total of 0 entities and 0 collections)
}
20914 [Test worker] DEBUG org.springframework.aop.framework.JdkDynamicAopProxy  - Creating JDK dynamic proxy: target source is SingletonTargetSource for target object [org.springframework.data.jpa.repository.support.SimpleJpaRepository@7fffbe8b]
20927 [Test worker] DEBUG org.springframework.aop.aspectj.annotation.AnnotationAwareAspectJAutoProxyCreator  - Creating implicit proxy for bean 'unitCalculatorImpl' with 0 common interceptors and 3 specific interceptors
20927 [Test worker] DEBUG org.springframework.aop.framework.JdkDynamicAopProxy  - Creating JDK dynamic proxy: target source is SingletonTargetSource for target object [com.tim.one.service.impl.UnitCalculatorImpl@6f36d953]
20932 [Test worker] DEBUG org.springframework.orm.jpa.SharedEntityManagerCreator$SharedEntityManagerInvocationHandler  - Creating new EntityManager for shared EntityManager invocation
20932 [Test worker] DEBUG org.springframework.orm.jpa.EntityManagerFactoryUtils  - Closing JPA EntityManager
20932 [Test worker] INFO  org.hibernate.engine.internal.StatisticalLoggingSessionEventListener  - Session Metrics {
    0 nanoseconds spent acquiring 0 JDBC connections;
    0 nanoseconds spent releasing 0 JDBC connections;
    0 nanoseconds spent preparing 0 JDBC statements;
    0 nanoseconds spent executing 0 JDBC statements;
    0 nanoseconds spent executing 0 JDBC batches;
    0 nanoseconds spent performing 0 L2C puts;
    0 nanoseconds spent performing 0 L2C hits;
    0 nanoseconds spent performing 0 L2C misses;
    0 nanoseconds spent executing 0 flushes (flushing a total of 0 entities and 0 collections);
    0 nanoseconds spent executing 0 partial-flushes (flushing a total of 0 entities and 0 collections)
}
20932 [Test worker] DEBUG org.springframework.orm.jpa.SharedEntityManagerCreator$SharedEntityManagerInvocationHandler  - Creating new EntityManager for shared EntityManager invocation
20933 [Test worker] DEBUG org.springframework.orm.jpa.EntityManagerFactoryUtils  - Closing JPA EntityManager
20933 [Test worker] INFO  org.hibernate.engine.internal.StatisticalLoggingSessionEventListener  - Session Metrics {
    0 nanoseconds spent acquiring 0 JDBC connections;
    0 nanoseconds spent releasing 0 JDBC connections;
    0 nanoseconds spent preparing 0 JDBC statements;
    0 nanoseconds spent executing 0 JDBC statements;
    0 nanoseconds spent executing 0 JDBC batches;
    0 nanoseconds spent performing 0 L2C puts;
    0 nanoseconds spent performing 0 L2C hits;
    0 nanoseconds spent performing 0 L2C misses;
    0 nanoseconds spent executing 0 flushes (flushing a total of 0 entities and 0 collections);
    0 nanoseconds spent executing 0 partial-flushes (flushing a total of 0 entities and 0 collections)
}
20933 [Test worker] DEBUG org.springframework.orm.jpa.SharedEntityManagerCreator$SharedEntityManagerInvocationHandler  - Creating new EntityManager for shared EntityManager invocation
20933 [Test worker] DEBUG org.springframework.orm.jpa.EntityManagerFactoryUtils  - Closing JPA EntityManager
20934 [Test worker] INFO  org.hibernate.engine.internal.StatisticalLoggingSessionEventListener  - Session Metrics {
    0 nanoseconds spent acquiring 0 JDBC connections;
    0 nanoseconds spent releasing 0 JDBC connections;
    0 nanoseconds spent preparing 0 JDBC statements;
    0 nanoseconds spent executing 0 JDBC statements;
    0 nanoseconds spent executing 0 JDBC batches;
    0 nanoseconds spent performing 0 L2C puts;
    0 nanoseconds spent performing 0 L2C hits;
    0 nanoseconds spent performing 0 L2C misses;
    0 nanoseconds spent executing 0 flushes (flushing a total of 0 entities and 0 collections);
    0 nanoseconds spent executing 0 partial-flushes (flushing a total of 0 entities and 0 collections)
}
20934 [Test worker] DEBUG org.springframework.orm.jpa.SharedEntityManagerCreator$SharedEntityManagerInvocationHandler  - Creating new EntityManager for shared EntityManager invocation
20934 [Test worker] DEBUG org.springframework.orm.jpa.EntityManagerFactoryUtils  - Closing JPA EntityManager
20934 [Test worker] INFO  org.hibernate.engine.internal.StatisticalLoggingSessionEventListener  - Session Metrics {
    0 nanoseconds spent acquiring 0 JDBC connections;
    0 nanoseconds spent releasing 0 JDBC connections;
    0 nanoseconds spent preparing 0 JDBC statements;
    0 nanoseconds spent executing 0 JDBC statements;
    0 nanoseconds spent executing 0 JDBC batches;
    0 nanoseconds spent performing 0 L2C puts;
    0 nanoseconds spent performing 0 L2C hits;
    0 nanoseconds spent performing 0 L2C misses;
    0 nanoseconds spent executing 0 flushes (flushing a total of 0 entities and 0 collections);
    0 nanoseconds spent executing 0 partial-flushes (flushing a total of 0 entities and 0 collections)
}
20940 [Test worker] DEBUG org.springframework.orm.jpa.SharedEntityManagerCreator$SharedEntityManagerInvocationHandler  - Creating new EntityManager for shared EntityManager invocation
20940 [Test worker] DEBUG org.springframework.orm.jpa.EntityManagerFactoryUtils  - Closing JPA EntityManager
20940 [Test worker] INFO  org.hibernate.engine.internal.StatisticalLoggingSessionEventListener  - Session Metrics {
    0 nanoseconds spent acquiring 0 JDBC connections;
    0 nanoseconds spent releasing 0 JDBC connections;
    0 nanoseconds spent preparing 0 JDBC statements;
    0 nanoseconds spent executing 0 JDBC statements;
    0 nanoseconds spent executing 0 JDBC batches;
    0 nanoseconds spent performing 0 L2C puts;
    0 nanoseconds spent performing 0 L2C hits;
    0 nanoseconds spent performing 0 L2C misses;
    0 nanoseconds spent executing 0 flushes (flushing a total of 0 entities and 0 collections);
    0 nanoseconds spent executing 0 partial-flushes (flushing a total of 0 entities and 0 collections)
}
20941 [Test worker] DEBUG org.springframework.orm.jpa.SharedEntityManagerCreator$SharedEntityManagerInvocationHandler  - Creating new EntityManager for shared EntityManager invocation
20941 [Test worker] DEBUG org.springframework.orm.jpa.EntityManagerFactoryUtils  - Closing JPA EntityManager
20941 [Test worker] INFO  org.hibernate.engine.internal.StatisticalLoggingSessionEventListener  - Session Metrics {
    0 nanoseconds spent acquiring 0 JDBC connections;
    0 nanoseconds spent releasing 0 JDBC connections;
    0 nanoseconds spent preparing 0 JDBC statements;
    0 nanoseconds spent executing 0 JDBC statements;
    0 nanoseconds spent executing 0 JDBC batches;
    0 nanoseconds spent performing 0 L2C puts;
    0 nanoseconds spent performing 0 L2C hits;
    0 nanoseconds spent performing 0 L2C misses;
    0 nanoseconds spent executing 0 flushes (flushing a total of 0 entities and 0 collections);
    0 nanoseconds spent executing 0 partial-flushes (flushing a total of 0 entities and 0 collections)
}
20941 [Test worker] DEBUG org.springframework.orm.jpa.SharedEntityManagerCreator$SharedEntityManagerInvocationHandler  - Creating new EntityManager for shared EntityManager invocation
20941 [Test worker] DEBUG org.springframework.orm.jpa.EntityManagerFactoryUtils  - Closing JPA EntityManager
20942 [Test worker] INFO  org.hibernate.engine.internal.StatisticalLoggingSessionEventListener  - Session Metrics {
    0 nanoseconds spent acquiring 0 JDBC connections;
    0 nanoseconds spent releasing 0 JDBC connections;
    0 nanoseconds spent preparing 0 JDBC statements;
    0 nanoseconds spent executing 0 JDBC statements;
    0 nanoseconds spent executing 0 JDBC batches;
    0 nanoseconds spent performing 0 L2C puts;
    0 nanoseconds spent performing 0 L2C hits;
    0 nanoseconds spent performing 0 L2C misses;
    0 nanoseconds spent executing 0 flushes (flushing a total of 0 entities and 0 collections);
    0 nanoseconds spent executing 0 partial-flushes (flushing a total of 0 entities and 0 collections)
}
20942 [Test worker] DEBUG org.springframework.orm.jpa.SharedEntityManagerCreator$SharedEntityManagerInvocationHandler  - Creating new EntityManager for shared EntityManager invocation
20943 [Test worker] DEBUG org.springframework.orm.jpa.EntityManagerFactoryUtils  - Closing JPA EntityManager
20943 [Test worker] INFO  org.hibernate.engine.internal.StatisticalLoggingSessionEventListener  - Session Metrics {
    0 nanoseconds spent acquiring 0 JDBC connections;
    0 nanoseconds spent releasing 0 JDBC connections;
    0 nanoseconds spent preparing 0 JDBC statements;
    0 nanoseconds spent executing 0 JDBC statements;
    0 nanoseconds spent executing 0 JDBC batches;
    0 nanoseconds spent performing 0 L2C puts;
    0 nanoseconds spent performing 0 L2C hits;
    0 nanoseconds spent performing 0 L2C misses;
    0 nanoseconds spent executing 0 flushes (flushing a total of 0 entities and 0 collections);
    0 nanoseconds spent executing 0 partial-flushes (flushing a total of 0 entities and 0 collections)
}
20943 [Test worker] DEBUG org.springframework.data.jpa.repository.query.SimpleJpaQuery  - Looking up query for method findByProjectAndProviderUuid
20943 [Test worker] DEBUG org.springframework.data.jpa.repository.query.NamedQuery  - Looking up named query ProjectProvider.findByProjectAndProviderUuid
20944 [Test worker] DEBUG org.springframework.orm.jpa.SharedEntityManagerCreator$SharedEntityManagerInvocationHandler  - Creating new EntityManager for shared EntityManager invocation
20944 [Test worker] DEBUG org.springframework.orm.jpa.EntityManagerFactoryUtils  - Closing JPA EntityManager
20944 [Test worker] INFO  org.hibernate.engine.internal.StatisticalLoggingSessionEventListener  - Session Metrics {
    0 nanoseconds spent acquiring 0 JDBC connections;
    0 nanoseconds spent releasing 0 JDBC connections;
    0 nanoseconds spent preparing 0 JDBC statements;
    0 nanoseconds spent executing 0 JDBC statements;
    0 nanoseconds spent executing 0 JDBC batches;
    0 nanoseconds spent performing 0 L2C puts;
    0 nanoseconds spent performing 0 L2C hits;
    0 nanoseconds spent performing 0 L2C misses;
    0 nanoseconds spent executing 0 flushes (flushing a total of 0 entities and 0 collections);
    0 nanoseconds spent executing 0 partial-flushes (flushing a total of 0 entities and 0 collections)
}
20945 [Test worker] DEBUG org.springframework.data.jpa.repository.query.SimpleJpaQuery  - Looking up query for method findByProject
20945 [Test worker] DEBUG org.springframework.data.jpa.repository.query.NamedQuery  - Looking up named query ProjectProvider.findByProject
20945 [Test worker] DEBUG org.springframework.orm.jpa.SharedEntityManagerCreator$SharedEntityManagerInvocationHandler  - Creating new EntityManager for shared EntityManager invocation
20945 [Test worker] DEBUG org.springframework.orm.jpa.EntityManagerFactoryUtils  - Closing JPA EntityManager
20946 [Test worker] INFO  org.hibernate.engine.internal.StatisticalLoggingSessionEventListener  - Session Metrics {
    0 nanoseconds spent acquiring 0 JDBC connections;
    0 nanoseconds spent releasing 0 JDBC connections;
    0 nanoseconds spent preparing 0 JDBC statements;
    0 nanoseconds spent executing 0 JDBC statements;
    0 nanoseconds spent executing 0 JDBC batches;
    0 nanoseconds spent performing 0 L2C puts;
    0 nanoseconds spent performing 0 L2C hits;
    0 nanoseconds spent performing 0 L2C misses;
    0 nanoseconds spent executing 0 flushes (flushing a total of 0 entities and 0 collections);
    0 nanoseconds spent executing 0 partial-flushes (flushing a total of 0 entities and 0 collections)
}
20946 [Test worker] DEBUG org.springframework.aop.framework.JdkDynamicAopProxy  - Creating JDK dynamic proxy: target source is SingletonTargetSource for target object [org.springframework.data.jpa.repository.support.SimpleJpaRepository@4d947fd5]
20957 [Test worker] DEBUG org.springframework.orm.jpa.SharedEntityManagerCreator$SharedEntityManagerInvocationHandler  - Creating new EntityManager for shared EntityManager invocation
20957 [Test worker] DEBUG org.springframework.orm.jpa.EntityManagerFactoryUtils  - Closing JPA EntityManager
20957 [Test worker] INFO  org.hibernate.engine.internal.StatisticalLoggingSessionEventListener  - Session Metrics {
    0 nanoseconds spent acquiring 0 JDBC connections;
    0 nanoseconds spent releasing 0 JDBC connections;
    0 nanoseconds spent preparing 0 JDBC statements;
    0 nanoseconds spent executing 0 JDBC statements;
    0 nanoseconds spent executing 0 JDBC batches;
    0 nanoseconds spent performing 0 L2C puts;
    0 nanoseconds spent performing 0 L2C hits;
    0 nanoseconds spent performing 0 L2C misses;
    0 nanoseconds spent executing 0 flushes (flushing a total of 0 entities and 0 collections);
    0 nanoseconds spent executing 0 partial-flushes (flushing a total of 0 entities and 0 collections)
}
20957 [Test worker] DEBUG org.springframework.orm.jpa.SharedEntityManagerCreator$SharedEntityManagerInvocationHandler  - Creating new EntityManager for shared EntityManager invocation
20957 [Test worker] DEBUG org.springframework.orm.jpa.EntityManagerFactoryUtils  - Closing JPA EntityManager
20958 [Test worker] INFO  org.hibernate.engine.internal.StatisticalLoggingSessionEventListener  - Session Metrics {
    0 nanoseconds spent acquiring 0 JDBC connections;
    0 nanoseconds spent releasing 0 JDBC connections;
    0 nanoseconds spent preparing 0 JDBC statements;
    0 nanoseconds spent executing 0 JDBC statements;
    0 nanoseconds spent executing 0 JDBC batches;
    0 nanoseconds spent performing 0 L2C puts;
    0 nanoseconds spent performing 0 L2C hits;
    0 nanoseconds spent performing 0 L2C misses;
    0 nanoseconds spent executing 0 flushes (flushing a total of 0 entities and 0 collections);
    0 nanoseconds spent executing 0 partial-flushes (flushing a total of 0 entities and 0 collections)
}
20958 [Test worker] DEBUG org.springframework.orm.jpa.SharedEntityManagerCreator$SharedEntityManagerInvocationHandler  - Creating new EntityManager for shared EntityManager invocation
20959 [Test worker] DEBUG org.springframework.orm.jpa.EntityManagerFactoryUtils  - Closing JPA EntityManager
20959 [Test worker] INFO  org.hibernate.engine.internal.StatisticalLoggingSessionEventListener  - Session Metrics {
    0 nanoseconds spent acquiring 0 JDBC connections;
    0 nanoseconds spent releasing 0 JDBC connections;
    0 nanoseconds spent preparing 0 JDBC statements;
    0 nanoseconds spent executing 0 JDBC statements;
    0 nanoseconds spent executing 0 JDBC batches;
    0 nanoseconds spent performing 0 L2C puts;
    0 nanoseconds spent performing 0 L2C hits;
    0 nanoseconds spent performing 0 L2C misses;
    0 nanoseconds spent executing 0 flushes (flushing a total of 0 entities and 0 collections);
    0 nanoseconds spent executing 0 partial-flushes (flushing a total of 0 entities and 0 collections)
}
20960 [Test worker] DEBUG org.springframework.orm.jpa.SharedEntityManagerCreator$SharedEntityManagerInvocationHandler  - Creating new EntityManager for shared EntityManager invocation
20965 [Test worker] DEBUG org.springframework.orm.jpa.EntityManagerFactoryUtils  - Closing JPA EntityManager
20965 [Test worker] INFO  org.hibernate.engine.internal.StatisticalLoggingSessionEventListener  - Session Metrics {
    0 nanoseconds spent acquiring 0 JDBC connections;
    0 nanoseconds spent releasing 0 JDBC connections;
    0 nanoseconds spent preparing 0 JDBC statements;
    0 nanoseconds spent executing 0 JDBC statements;
    0 nanoseconds spent executing 0 JDBC batches;
    0 nanoseconds spent performing 0 L2C puts;
    0 nanoseconds spent performing 0 L2C hits;
    0 nanoseconds spent performing 0 L2C misses;
    0 nanoseconds spent executing 0 flushes (flushing a total of 0 entities and 0 collections);
    0 nanoseconds spent executing 0 partial-flushes (flushing a total of 0 entities and 0 collections)
}
20966 [Test worker] DEBUG org.springframework.orm.jpa.SharedEntityManagerCreator$SharedEntityManagerInvocationHandler  - Creating new EntityManager for shared EntityManager invocation
20966 [Test worker] DEBUG org.springframework.orm.jpa.EntityManagerFactoryUtils  - Closing JPA EntityManager
20966 [Test worker] INFO  org.hibernate.engine.internal.StatisticalLoggingSessionEventListener  - Session Metrics {
    0 nanoseconds spent acquiring 0 JDBC connections;
    0 nanoseconds spent releasing 0 JDBC connections;
    0 nanoseconds spent preparing 0 JDBC statements;
    0 nanoseconds spent executing 0 JDBC statements;
    0 nanoseconds spent executing 0 JDBC batches;
    0 nanoseconds spent performing 0 L2C puts;
    0 nanoseconds spent performing 0 L2C hits;
    0 nanoseconds spent performing 0 L2C misses;
    0 nanoseconds spent executing 0 flushes (flushing a total of 0 entities and 0 collections);
    0 nanoseconds spent executing 0 partial-flushes (flushing a total of 0 entities and 0 collections)
}
20966 [Test worker] DEBUG org.springframework.orm.jpa.SharedEntityManagerCreator$SharedEntityManagerInvocationHandler  - Creating new EntityManager for shared EntityManager invocation
20966 [Test worker] DEBUG org.springframework.orm.jpa.EntityManagerFactoryUtils  - Closing JPA EntityManager
20967 [Test worker] INFO  org.hibernate.engine.internal.StatisticalLoggingSessionEventListener  - Session Metrics {
    0 nanoseconds spent acquiring 0 JDBC connections;
    0 nanoseconds spent releasing 0 JDBC connections;
    0 nanoseconds spent preparing 0 JDBC statements;
    0 nanoseconds spent executing 0 JDBC statements;
    0 nanoseconds spent executing 0 JDBC batches;
    0 nanoseconds spent performing 0 L2C puts;
    0 nanoseconds spent performing 0 L2C hits;
    0 nanoseconds spent performing 0 L2C misses;
    0 nanoseconds spent executing 0 flushes (flushing a total of 0 entities and 0 collections);
    0 nanoseconds spent executing 0 partial-flushes (flushing a total of 0 entities and 0 collections)
}
20967 [Test worker] DEBUG org.springframework.orm.jpa.SharedEntityManagerCreator$SharedEntityManagerInvocationHandler  - Creating new EntityManager for shared EntityManager invocation
20967 [Test worker] DEBUG org.springframework.orm.jpa.EntityManagerFactoryUtils  - Closing JPA EntityManager
20967 [Test worker] INFO  org.hibernate.engine.internal.StatisticalLoggingSessionEventListener  - Session Metrics {
    0 nanoseconds spent acquiring 0 JDBC connections;
    0 nanoseconds spent releasing 0 JDBC connections;
    0 nanoseconds spent preparing 0 JDBC statements;
    0 nanoseconds spent executing 0 JDBC statements;
    0 nanoseconds spent executing 0 JDBC batches;
    0 nanoseconds spent performing 0 L2C puts;
    0 nanoseconds spent performing 0 L2C hits;
    0 nanoseconds spent performing 0 L2C misses;
    0 nanoseconds spent executing 0 flushes (flushing a total of 0 entities and 0 collections);
    0 nanoseconds spent executing 0 partial-flushes (flushing a total of 0 entities and 0 collections)
}
20968 [Test worker] DEBUG org.springframework.orm.jpa.SharedEntityManagerCreator$SharedEntityManagerInvocationHandler  - Creating new EntityManager for shared EntityManager invocation
20968 [Test worker] DEBUG org.springframework.orm.jpa.EntityManagerFactoryUtils  - Closing JPA EntityManager
20968 [Test worker] INFO  org.hibernate.engine.internal.StatisticalLoggingSessionEventListener  - Session Metrics {
    0 nanoseconds spent acquiring 0 JDBC connections;
    0 nanoseconds spent releasing 0 JDBC connections;
    0 nanoseconds spent preparing 0 JDBC statements;
    0 nanoseconds spent executing 0 JDBC statements;
    0 nanoseconds spent executing 0 JDBC batches;
    0 nanoseconds spent performing 0 L2C puts;
    0 nanoseconds spent performing 0 L2C hits;
    0 nanoseconds spent performing 0 L2C misses;
    0 nanoseconds spent executing 0 flushes (flushing a total of 0 entities and 0 collections);
    0 nanoseconds spent executing 0 partial-flushes (flushing a total of 0 entities and 0 collections)
}
20969 [Test worker] DEBUG org.springframework.data.jpa.repository.query.SimpleJpaQuery  - Looking up query for method findBulkUnitTxByUuid
20969 [Test worker] DEBUG org.springframework.data.jpa.repository.query.NamedQuery  - Looking up named query BulkUnitTx.findBulkUnitTxByUuid
20969 [Test worker] DEBUG org.springframework.orm.jpa.SharedEntityManagerCreator$SharedEntityManagerInvocationHandler  - Creating new EntityManager for shared EntityManager invocation
20969 [Test worker] DEBUG org.springframework.orm.jpa.EntityManagerFactoryUtils  - Closing JPA EntityManager
20969 [Test worker] INFO  org.hibernate.engine.internal.StatisticalLoggingSessionEventListener  - Session Metrics {
    0 nanoseconds spent acquiring 0 JDBC connections;
    0 nanoseconds spent releasing 0 JDBC connections;
    0 nanoseconds spent preparing 0 JDBC statements;
    0 nanoseconds spent executing 0 JDBC statements;
    0 nanoseconds spent executing 0 JDBC batches;
    0 nanoseconds spent performing 0 L2C puts;
    0 nanoseconds spent performing 0 L2C hits;
    0 nanoseconds spent performing 0 L2C misses;
    0 nanoseconds spent executing 0 flushes (flushing a total of 0 entities and 0 collections);
    0 nanoseconds spent executing 0 partial-flushes (flushing a total of 0 entities and 0 collections)
}
20970 [Test worker] DEBUG org.springframework.aop.framework.JdkDynamicAopProxy  - Creating JDK dynamic proxy: target source is SingletonTargetSource for target object [org.springframework.data.jpa.repository.support.SimpleJpaRepository@2b37ba32]
20985 [Test worker] DEBUG org.springframework.aop.aspectj.annotation.AnnotationAwareAspectJAutoProxyCreator  - Creating implicit proxy for bean 'transactionServiceImpl' with 0 common interceptors and 3 specific interceptors
20986 [Test worker] DEBUG org.springframework.aop.framework.JdkDynamicAopProxy  - Creating JDK dynamic proxy: target source is SingletonTargetSource for target object [com.tim.one.service.impl.TransactionServiceImpl@57a13ec8]
20989 [Test worker] DEBUG org.springframework.aop.aspectj.annotation.AnnotationAwareAspectJAutoProxyCreator  - Creating implicit proxy for bean 'projectCollaboratorServiceImpl' with 0 common interceptors and 3 specific interceptors
20989 [Test worker] DEBUG org.springframework.aop.framework.JdkDynamicAopProxy  - Creating JDK dynamic proxy: target source is SingletonTargetSource for target object [com.tim.one.service.impl.ProjectCollaboratorServiceImpl@1b20e96a]
20996 [Test worker] DEBUG org.springframework.orm.jpa.SharedEntityManagerCreator$SharedEntityManagerInvocationHandler  - Creating new EntityManager for shared EntityManager invocation
20997 [Test worker] DEBUG org.springframework.orm.jpa.EntityManagerFactoryUtils  - Closing JPA EntityManager
20997 [Test worker] INFO  org.hibernate.engine.internal.StatisticalLoggingSessionEventListener  - Session Metrics {
    0 nanoseconds spent acquiring 0 JDBC connections;
    0 nanoseconds spent releasing 0 JDBC connections;
    0 nanoseconds spent preparing 0 JDBC statements;
    0 nanoseconds spent executing 0 JDBC statements;
    0 nanoseconds spent executing 0 JDBC batches;
    0 nanoseconds spent performing 0 L2C puts;
    0 nanoseconds spent performing 0 L2C hits;
    0 nanoseconds spent performing 0 L2C misses;
    0 nanoseconds spent executing 0 flushes (flushing a total of 0 entities and 0 collections);
    0 nanoseconds spent executing 0 partial-flushes (flushing a total of 0 entities and 0 collections)
}
20998 [Test worker] DEBUG org.springframework.orm.jpa.SharedEntityManagerCreator$SharedEntityManagerInvocationHandler  - Creating new EntityManager for shared EntityManager invocation
20999 [Test worker] DEBUG org.springframework.orm.jpa.EntityManagerFactoryUtils  - Closing JPA EntityManager
20999 [Test worker] INFO  org.hibernate.engine.internal.StatisticalLoggingSessionEventListener  - Session Metrics {
    0 nanoseconds spent acquiring 0 JDBC connections;
    0 nanoseconds spent releasing 0 JDBC connections;
    0 nanoseconds spent preparing 0 JDBC statements;
    0 nanoseconds spent executing 0 JDBC statements;
    0 nanoseconds spent executing 0 JDBC batches;
    0 nanoseconds spent performing 0 L2C puts;
    0 nanoseconds spent performing 0 L2C hits;
    0 nanoseconds spent performing 0 L2C misses;
    0 nanoseconds spent executing 0 flushes (flushing a total of 0 entities and 0 collections);
    0 nanoseconds spent executing 0 partial-flushes (flushing a total of 0 entities and 0 collections)
}
21001 [Test worker] DEBUG org.springframework.orm.jpa.SharedEntityManagerCreator$SharedEntityManagerInvocationHandler  - Creating new EntityManager for shared EntityManager invocation
21001 [Test worker] DEBUG org.springframework.orm.jpa.EntityManagerFactoryUtils  - Closing JPA EntityManager
21002 [Test worker] INFO  org.hibernate.engine.internal.StatisticalLoggingSessionEventListener  - Session Metrics {
    0 nanoseconds spent acquiring 0 JDBC connections;
    0 nanoseconds spent releasing 0 JDBC connections;
    0 nanoseconds spent preparing 0 JDBC statements;
    0 nanoseconds spent executing 0 JDBC statements;
    0 nanoseconds spent executing 0 JDBC batches;
    0 nanoseconds spent performing 0 L2C puts;
    0 nanoseconds spent performing 0 L2C hits;
    0 nanoseconds spent performing 0 L2C misses;
    0 nanoseconds spent executing 0 flushes (flushing a total of 0 entities and 0 collections);
    0 nanoseconds spent executing 0 partial-flushes (flushing a total of 0 entities and 0 collections)
}
21004 [Test worker] DEBUG org.springframework.orm.jpa.SharedEntityManagerCreator$SharedEntityManagerInvocationHandler  - Creating new EntityManager for shared EntityManager invocation
21004 [Test worker] DEBUG org.springframework.orm.jpa.EntityManagerFactoryUtils  - Closing JPA EntityManager
21005 [Test worker] INFO  org.hibernate.engine.internal.StatisticalLoggingSessionEventListener  - Session Metrics {
    0 nanoseconds spent acquiring 0 JDBC connections;
    0 nanoseconds spent releasing 0 JDBC connections;
    0 nanoseconds spent preparing 0 JDBC statements;
    0 nanoseconds spent executing 0 JDBC statements;
    0 nanoseconds spent executing 0 JDBC batches;
    0 nanoseconds spent performing 0 L2C puts;
    0 nanoseconds spent performing 0 L2C hits;
    0 nanoseconds spent performing 0 L2C misses;
    0 nanoseconds spent executing 0 flushes (flushing a total of 0 entities and 0 collections);
    0 nanoseconds spent executing 0 partial-flushes (flushing a total of 0 entities and 0 collections)
}
21011 [Test worker] DEBUG org.springframework.orm.jpa.SharedEntityManagerCreator$SharedEntityManagerInvocationHandler  - Creating new EntityManager for shared EntityManager invocation
21012 [Test worker] DEBUG org.springframework.orm.jpa.EntityManagerFactoryUtils  - Closing JPA EntityManager
21012 [Test worker] INFO  org.hibernate.engine.internal.StatisticalLoggingSessionEventListener  - Session Metrics {
    0 nanoseconds spent acquiring 0 JDBC connections;
    0 nanoseconds spent releasing 0 JDBC connections;
    0 nanoseconds spent preparing 0 JDBC statements;
    0 nanoseconds spent executing 0 JDBC statements;
    0 nanoseconds spent executing 0 JDBC batches;
    0 nanoseconds spent performing 0 L2C puts;
    0 nanoseconds spent performing 0 L2C hits;
    0 nanoseconds spent performing 0 L2C misses;
    0 nanoseconds spent executing 0 flushes (flushing a total of 0 entities and 0 collections);
    0 nanoseconds spent executing 0 partial-flushes (flushing a total of 0 entities and 0 collections)
}
21014 [Test worker] DEBUG org.springframework.orm.jpa.SharedEntityManagerCreator$SharedEntityManagerInvocationHandler  - Creating new EntityManager for shared EntityManager invocation
21014 [Test worker] DEBUG org.springframework.orm.jpa.EntityManagerFactoryUtils  - Closing JPA EntityManager
21014 [Test worker] INFO  org.hibernate.engine.internal.StatisticalLoggingSessionEventListener  - Session Metrics {
    0 nanoseconds spent acquiring 0 JDBC connections;
    0 nanoseconds spent releasing 0 JDBC connections;
    0 nanoseconds spent preparing 0 JDBC statements;
    0 nanoseconds spent executing 0 JDBC statements;
    0 nanoseconds spent executing 0 JDBC batches;
    0 nanoseconds spent performing 0 L2C puts;
    0 nanoseconds spent performing 0 L2C hits;
    0 nanoseconds spent performing 0 L2C misses;
    0 nanoseconds spent executing 0 flushes (flushing a total of 0 entities and 0 collections);
    0 nanoseconds spent executing 0 partial-flushes (flushing a total of 0 entities and 0 collections)
}
21016 [Test worker] DEBUG org.springframework.orm.jpa.SharedEntityManagerCreator$SharedEntityManagerInvocationHandler  - Creating new EntityManager for shared EntityManager invocation
21017 [Test worker] DEBUG org.springframework.orm.jpa.EntityManagerFactoryUtils  - Closing JPA EntityManager
21017 [Test worker] INFO  org.hibernate.engine.internal.StatisticalLoggingSessionEventListener  - Session Metrics {
    0 nanoseconds spent acquiring 0 JDBC connections;
    0 nanoseconds spent releasing 0 JDBC connections;
    0 nanoseconds spent preparing 0 JDBC statements;
    0 nanoseconds spent executing 0 JDBC statements;
    0 nanoseconds spent executing 0 JDBC batches;
    0 nanoseconds spent performing 0 L2C puts;
    0 nanoseconds spent performing 0 L2C hits;
    0 nanoseconds spent performing 0 L2C misses;
    0 nanoseconds spent executing 0 flushes (flushing a total of 0 entities and 0 collections);
    0 nanoseconds spent executing 0 partial-flushes (flushing a total of 0 entities and 0 collections)
}
21019 [Test worker] DEBUG org.springframework.orm.jpa.SharedEntityManagerCreator$SharedEntityManagerInvocationHandler  - Creating new EntityManager for shared EntityManager invocation
21020 [Test worker] DEBUG org.springframework.orm.jpa.EntityManagerFactoryUtils  - Closing JPA EntityManager
21020 [Test worker] INFO  org.hibernate.engine.internal.StatisticalLoggingSessionEventListener  - Session Metrics {
    0 nanoseconds spent acquiring 0 JDBC connections;
    0 nanoseconds spent releasing 0 JDBC connections;
    0 nanoseconds spent preparing 0 JDBC statements;
    0 nanoseconds spent executing 0 JDBC statements;
    0 nanoseconds spent executing 0 JDBC batches;
    0 nanoseconds spent performing 0 L2C puts;
    0 nanoseconds spent performing 0 L2C hits;
    0 nanoseconds spent performing 0 L2C misses;
    0 nanoseconds spent executing 0 flushes (flushing a total of 0 entities and 0 collections);
    0 nanoseconds spent executing 0 partial-flushes (flushing a total of 0 entities and 0 collections)
}
21022 [Test worker] DEBUG org.springframework.data.jpa.repository.query.SimpleJpaQuery  - Looking up query for method findByProject
21022 [Test worker] DEBUG org.springframework.data.jpa.repository.query.NamedQuery  - Looking up named query ProjectRate.findByProject
21022 [Test worker] DEBUG org.springframework.orm.jpa.SharedEntityManagerCreator$SharedEntityManagerInvocationHandler  - Creating new EntityManager for shared EntityManager invocation
21023 [Test worker] DEBUG org.springframework.orm.jpa.EntityManagerFactoryUtils  - Closing JPA EntityManager
21023 [Test worker] INFO  org.hibernate.engine.internal.StatisticalLoggingSessionEventListener  - Session Metrics {
    0 nanoseconds spent acquiring 0 JDBC connections;
    0 nanoseconds spent releasing 0 JDBC connections;
    0 nanoseconds spent preparing 0 JDBC statements;
    0 nanoseconds spent executing 0 JDBC statements;
    0 nanoseconds spent executing 0 JDBC batches;
    0 nanoseconds spent performing 0 L2C puts;
    0 nanoseconds spent performing 0 L2C hits;
    0 nanoseconds spent performing 0 L2C misses;
    0 nanoseconds spent executing 0 flushes (flushing a total of 0 entities and 0 collections);
    0 nanoseconds spent executing 0 partial-flushes (flushing a total of 0 entities and 0 collections)
}
21025 [Test worker] DEBUG org.springframework.aop.framework.JdkDynamicAopProxy  - Creating JDK dynamic proxy: target source is SingletonTargetSource for target object [org.springframework.data.jpa.repository.support.SimpleJpaRepository@2a11a538]
21044 [Test worker] DEBUG org.springframework.orm.jpa.SharedEntityManagerCreator$SharedEntityManagerInvocationHandler  - Creating new EntityManager for shared EntityManager invocation
21045 [Test worker] DEBUG org.springframework.orm.jpa.EntityManagerFactoryUtils  - Closing JPA EntityManager
21045 [Test worker] INFO  org.hibernate.engine.internal.StatisticalLoggingSessionEventListener  - Session Metrics {
    0 nanoseconds spent acquiring 0 JDBC connections;
    0 nanoseconds spent releasing 0 JDBC connections;
    0 nanoseconds spent preparing 0 JDBC statements;
    0 nanoseconds spent executing 0 JDBC statements;
    0 nanoseconds spent executing 0 JDBC batches;
    0 nanoseconds spent performing 0 L2C puts;
    0 nanoseconds spent performing 0 L2C hits;
    0 nanoseconds spent performing 0 L2C misses;
    0 nanoseconds spent executing 0 flushes (flushing a total of 0 entities and 0 collections);
    0 nanoseconds spent executing 0 partial-flushes (flushing a total of 0 entities and 0 collections)
}
21046 [Test worker] DEBUG org.springframework.orm.jpa.SharedEntityManagerCreator$SharedEntityManagerInvocationHandler  - Creating new EntityManager for shared EntityManager invocation
21047 [Test worker] DEBUG org.springframework.orm.jpa.EntityManagerFactoryUtils  - Closing JPA EntityManager
21047 [Test worker] INFO  org.hibernate.engine.internal.StatisticalLoggingSessionEventListener  - Session Metrics {
    0 nanoseconds spent acquiring 0 JDBC connections;
    0 nanoseconds spent releasing 0 JDBC connections;
    0 nanoseconds spent preparing 0 JDBC statements;
    0 nanoseconds spent executing 0 JDBC statements;
    0 nanoseconds spent executing 0 JDBC batches;
    0 nanoseconds spent performing 0 L2C puts;
    0 nanoseconds spent performing 0 L2C hits;
    0 nanoseconds spent performing 0 L2C misses;
    0 nanoseconds spent executing 0 flushes (flushing a total of 0 entities and 0 collections);
    0 nanoseconds spent executing 0 partial-flushes (flushing a total of 0 entities and 0 collections)
}
21049 [Test worker] DEBUG org.springframework.orm.jpa.SharedEntityManagerCreator$SharedEntityManagerInvocationHandler  - Creating new EntityManager for shared EntityManager invocation
21049 [Test worker] DEBUG org.springframework.orm.jpa.EntityManagerFactoryUtils  - Closing JPA EntityManager
21050 [Test worker] INFO  org.hibernate.engine.internal.StatisticalLoggingSessionEventListener  - Session Metrics {
    0 nanoseconds spent acquiring 0 JDBC connections;
    0 nanoseconds spent releasing 0 JDBC connections;
    0 nanoseconds spent preparing 0 JDBC statements;
    0 nanoseconds spent executing 0 JDBC statements;
    0 nanoseconds spent executing 0 JDBC batches;
    0 nanoseconds spent performing 0 L2C puts;
    0 nanoseconds spent performing 0 L2C hits;
    0 nanoseconds spent performing 0 L2C misses;
    0 nanoseconds spent executing 0 flushes (flushing a total of 0 entities and 0 collections);
    0 nanoseconds spent executing 0 partial-flushes (flushing a total of 0 entities and 0 collections)
}
21052 [Test worker] DEBUG org.springframework.orm.jpa.SharedEntityManagerCreator$SharedEntityManagerInvocationHandler  - Creating new EntityManager for shared EntityManager invocation
21052 [Test worker] DEBUG org.springframework.orm.jpa.EntityManagerFactoryUtils  - Closing JPA EntityManager
21052 [Test worker] INFO  org.hibernate.engine.internal.StatisticalLoggingSessionEventListener  - Session Metrics {
    0 nanoseconds spent acquiring 0 JDBC connections;
    0 nanoseconds spent releasing 0 JDBC connections;
    0 nanoseconds spent preparing 0 JDBC statements;
    0 nanoseconds spent executing 0 JDBC statements;
    0 nanoseconds spent executing 0 JDBC batches;
    0 nanoseconds spent performing 0 L2C puts;
    0 nanoseconds spent performing 0 L2C hits;
    0 nanoseconds spent performing 0 L2C misses;
    0 nanoseconds spent executing 0 flushes (flushing a total of 0 entities and 0 collections);
    0 nanoseconds spent executing 0 partial-flushes (flushing a total of 0 entities and 0 collections)
}
21054 [Test worker] DEBUG org.springframework.orm.jpa.SharedEntityManagerCreator$SharedEntityManagerInvocationHandler  - Creating new EntityManager for shared EntityManager invocation
21055 [Test worker] DEBUG org.springframework.orm.jpa.EntityManagerFactoryUtils  - Closing JPA EntityManager
21055 [Test worker] INFO  org.hibernate.engine.internal.StatisticalLoggingSessionEventListener  - Session Metrics {
    0 nanoseconds spent acquiring 0 JDBC connections;
    0 nanoseconds spent releasing 0 JDBC connections;
    0 nanoseconds spent preparing 0 JDBC statements;
    0 nanoseconds spent executing 0 JDBC statements;
    0 nanoseconds spent executing 0 JDBC batches;
    0 nanoseconds spent performing 0 L2C puts;
    0 nanoseconds spent performing 0 L2C hits;
    0 nanoseconds spent performing 0 L2C misses;
    0 nanoseconds spent executing 0 flushes (flushing a total of 0 entities and 0 collections);
    0 nanoseconds spent executing 0 partial-flushes (flushing a total of 0 entities and 0 collections)
}
21127 [Test worker] DEBUG org.springframework.orm.jpa.SharedEntityManagerCreator$SharedEntityManagerInvocationHandler  - Creating new EntityManager for shared EntityManager invocation
21127 [Test worker] DEBUG org.springframework.orm.jpa.EntityManagerFactoryUtils  - Closing JPA EntityManager
21128 [Test worker] INFO  org.hibernate.engine.internal.StatisticalLoggingSessionEventListener  - Session Metrics {
    0 nanoseconds spent acquiring 0 JDBC connections;
    0 nanoseconds spent releasing 0 JDBC connections;
    0 nanoseconds spent preparing 0 JDBC statements;
    0 nanoseconds spent executing 0 JDBC statements;
    0 nanoseconds spent executing 0 JDBC batches;
    0 nanoseconds spent performing 0 L2C puts;
    0 nanoseconds spent performing 0 L2C hits;
    0 nanoseconds spent performing 0 L2C misses;
    0 nanoseconds spent executing 0 flushes (flushing a total of 0 entities and 0 collections);
    0 nanoseconds spent executing 0 partial-flushes (flushing a total of 0 entities and 0 collections)
}
21131 [Test worker] DEBUG org.springframework.orm.jpa.SharedEntityManagerCreator$SharedEntityManagerInvocationHandler  - Creating new EntityManager for shared EntityManager invocation
21131 [Test worker] DEBUG org.springframework.orm.jpa.EntityManagerFactoryUtils  - Closing JPA EntityManager
21131 [Test worker] INFO  org.hibernate.engine.internal.StatisticalLoggingSessionEventListener  - Session Metrics {
    0 nanoseconds spent acquiring 0 JDBC connections;
    0 nanoseconds spent releasing 0 JDBC connections;
    0 nanoseconds spent preparing 0 JDBC statements;
    0 nanoseconds spent executing 0 JDBC statements;
    0 nanoseconds spent executing 0 JDBC batches;
    0 nanoseconds spent performing 0 L2C puts;
    0 nanoseconds spent performing 0 L2C hits;
    0 nanoseconds spent performing 0 L2C misses;
    0 nanoseconds spent executing 0 flushes (flushing a total of 0 entities and 0 collections);
    0 nanoseconds spent executing 0 partial-flushes (flushing a total of 0 entities and 0 collections)
}
21132 [Test worker] DEBUG org.springframework.orm.jpa.SharedEntityManagerCreator$SharedEntityManagerInvocationHandler  - Creating new EntityManager for shared EntityManager invocation
21132 [Test worker] DEBUG org.springframework.orm.jpa.EntityManagerFactoryUtils  - Closing JPA EntityManager
21133 [Test worker] INFO  org.hibernate.engine.internal.StatisticalLoggingSessionEventListener  - Session Metrics {
    0 nanoseconds spent acquiring 0 JDBC connections;
    0 nanoseconds spent releasing 0 JDBC connections;
    0 nanoseconds spent preparing 0 JDBC statements;
    0 nanoseconds spent executing 0 JDBC statements;
    0 nanoseconds spent executing 0 JDBC batches;
    0 nanoseconds spent performing 0 L2C puts;
    0 nanoseconds spent performing 0 L2C hits;
    0 nanoseconds spent performing 0 L2C misses;
    0 nanoseconds spent executing 0 flushes (flushing a total of 0 entities and 0 collections);
    0 nanoseconds spent executing 0 partial-flushes (flushing a total of 0 entities and 0 collections)
}
21138 [Test worker] DEBUG org.springframework.data.jpa.repository.query.SimpleJpaQuery  - Looking up query for method findCategories
21144 [Test worker] INFO  org.hibernate.engine.internal.StatisticalLoggingSessionEventListener  - Session Metrics {
    0 nanoseconds spent acquiring 0 JDBC connections;
    0 nanoseconds spent releasing 0 JDBC connections;
    0 nanoseconds spent preparing 0 JDBC statements;
    0 nanoseconds spent executing 0 JDBC statements;
    0 nanoseconds spent executing 0 JDBC batches;
    0 nanoseconds spent performing 0 L2C puts;
    0 nanoseconds spent performing 0 L2C hits;
    0 nanoseconds spent performing 0 L2C misses;
    0 nanoseconds spent executing 0 flushes (flushing a total of 0 entities and 0 collections);
    0 nanoseconds spent executing 0 partial-flushes (flushing a total of 0 entities and 0 collections)
}
21144 [Test worker] DEBUG org.springframework.data.jpa.repository.query.SimpleJpaQuery  - Looking up query for method findSubCategories
21148 [Test worker] INFO  org.hibernate.engine.internal.StatisticalLoggingSessionEventListener  - Session Metrics {
    0 nanoseconds spent acquiring 0 JDBC connections;
    0 nanoseconds spent releasing 0 JDBC connections;
    0 nanoseconds spent preparing 0 JDBC statements;
    0 nanoseconds spent executing 0 JDBC statements;
    0 nanoseconds spent executing 0 JDBC batches;
    0 nanoseconds spent performing 0 L2C puts;
    0 nanoseconds spent performing 0 L2C hits;
    0 nanoseconds spent performing 0 L2C misses;
    0 nanoseconds spent executing 0 flushes (flushing a total of 0 entities and 0 collections);
    0 nanoseconds spent executing 0 partial-flushes (flushing a total of 0 entities and 0 collections)
}
21148 [Test worker] DEBUG org.springframework.data.jpa.repository.query.SimpleJpaQuery  - Looking up query for method findAllSubCategories
21152 [Test worker] INFO  org.hibernate.engine.internal.StatisticalLoggingSessionEventListener  - Session Metrics {
    0 nanoseconds spent acquiring 0 JDBC connections;
    0 nanoseconds spent releasing 0 JDBC connections;
    0 nanoseconds spent preparing 0 JDBC statements;
    0 nanoseconds spent executing 0 JDBC statements;
    0 nanoseconds spent executing 0 JDBC batches;
    0 nanoseconds spent performing 0 L2C puts;
    0 nanoseconds spent performing 0 L2C hits;
    0 nanoseconds spent performing 0 L2C misses;
    0 nanoseconds spent executing 0 flushes (flushing a total of 0 entities and 0 collections);
    0 nanoseconds spent executing 0 partial-flushes (flushing a total of 0 entities and 0 collections)
}
21152 [Test worker] DEBUG org.springframework.aop.framework.JdkDynamicAopProxy  - Creating JDK dynamic proxy: target source is SingletonTargetSource for target object [org.springframework.data.jpa.repository.support.SimpleJpaRepository@bf1cf35]
21167 [Test worker] DEBUG org.springframework.aop.aspectj.annotation.AnnotationAwareAspectJAutoProxyCreator  - Creating implicit proxy for bean 'projectServiceImpl' with 0 common interceptors and 3 specific interceptors
21168 [Test worker] DEBUG org.springframework.aop.framework.JdkDynamicAopProxy  - Creating JDK dynamic proxy: target source is SingletonTargetSource for target object [com.tim.one.service.impl.ProjectServiceImpl@52ebcfef]
21168 [Test worker] DEBUG org.springframework.aop.aspectj.annotation.AnnotationAwareAspectJAutoProxyCreator  - Creating implicit proxy for bean 'projectPersisterServiceImpl' with 0 common interceptors and 3 specific interceptors
21169 [Test worker] DEBUG org.springframework.aop.framework.JdkDynamicAopProxy  - Creating JDK dynamic proxy: target source is SingletonTargetSource for target object [com.tim.one.service.impl.ProjectPersisterServiceImpl@77a07e70]
21170 [Test worker] DEBUG org.springframework.aop.aspectj.annotation.AnnotationAwareAspectJAutoProxyCreator  - Creating implicit proxy for bean 'catalogServiceImpl' with 0 common interceptors and 3 specific interceptors
21170 [Test worker] DEBUG org.springframework.aop.framework.JdkDynamicAopProxy  - Creating JDK dynamic proxy: target source is SingletonTargetSource for target object [com.tim.one.service.impl.CatalogServiceImpl@49cd286b]
21172 [Test worker] DEBUG org.springframework.aop.aspectj.annotation.AnnotationAwareAspectJAutoProxyCreator  - Creating implicit proxy for bean 'loggerServiceImpl' with 0 common interceptors and 3 specific interceptors
21172 [Test worker] DEBUG org.springframework.aop.framework.JdkDynamicAopProxy  - Creating JDK dynamic proxy: target source is SingletonTargetSource for target object [com.tim.one.service.impl.LoggerServiceImpl@3c18aea7]
21173 [Test worker] DEBUG org.springframework.aop.aspectj.annotation.AnnotationAwareAspectJAutoProxyCreator  - Creating implicit proxy for bean 'freakfundCashinStrategy' with 0 common interceptors and 3 specific interceptors
21174 [Test worker] DEBUG org.springframework.aop.framework.JdkDynamicAopProxy  - Creating JDK dynamic proxy: target source is SingletonTargetSource for target object [com.tim.one.service.impl.FreakfundCashinStrategy@787274c3]
21179 [Test worker] DEBUG org.springframework.aop.aspectj.annotation.AnnotationAwareAspectJAutoProxyCreator  - Creating implicit proxy for bean 'accountServiceImpl' with 0 common interceptors and 3 specific interceptors
21179 [Test worker] DEBUG org.springframework.aop.framework.JdkDynamicAopProxy  - Creating JDK dynamic proxy: target source is SingletonTargetSource for target object [com.tim.one.service.impl.AccountServiceImpl@224febfc]
21181 [Test worker] DEBUG org.springframework.aop.aspectj.annotation.AnnotationAwareAspectJAutoProxyCreator  - Creating implicit proxy for bean 'paypalPaymentStorerServiceImpl' with 0 common interceptors and 3 specific interceptors
21181 [Test worker] DEBUG org.springframework.aop.framework.JdkDynamicAopProxy  - Creating JDK dynamic proxy: target source is SingletonTargetSource for target object [com.tim.one.service.impl.PaypalPaymentStorerServiceImpl@2d0dfefd]
21183 [Test worker] DEBUG org.springframework.aop.aspectj.annotation.AnnotationAwareAspectJAutoProxyCreator  - Creating implicit proxy for bean 'integraTransactionServiceImpl' with 0 common interceptors and 3 specific interceptors
21183 [Test worker] DEBUG org.springframework.aop.framework.JdkDynamicAopProxy  - Creating JDK dynamic proxy: target source is SingletonTargetSource for target object [com.tim.one.service.impl.IntegraTransactionServiceImpl@71dfab26]
21185 [Test worker] DEBUG org.springframework.aop.aspectj.annotation.AnnotationAwareAspectJAutoProxyCreator  - Creating implicit proxy for bean 'integraUserServiceImpl' with 0 common interceptors and 3 specific interceptors
21185 [Test worker] DEBUG org.springframework.aop.framework.JdkDynamicAopProxy  - Creating JDK dynamic proxy: target source is SingletonTargetSource for target object [com.tim.one.service.impl.IntegraUserServiceImpl@135d8632]
21187 [Test worker] DEBUG org.springframework.aop.aspectj.annotation.AnnotationAwareAspectJAutoProxyCreator  - Creating implicit proxy for bean 'bankServiceImpl' with 0 common interceptors and 3 specific interceptors
21187 [Test worker] DEBUG org.springframework.aop.framework.JdkDynamicAopProxy  - Creating JDK dynamic proxy: target source is SingletonTargetSource for target object [com.tim.one.service.impl.BankServiceImpl@6115468c]
21190 [Test worker] DEBUG org.springframework.ui.freemarker.FreeMarkerConfigurationFactoryBean  - Cannot resolve template loader path [classpath:/freemarker/mail/] to [java.io.File]: using SpringTemplateLoader as fallback
java.io.FileNotFoundException: class path resource [freemarker/mail/] cannot be resolved to absolute file path because it does not reside in the file system: jar:file:/home/josdem/git/uber-timone/timone-emailer/formatter/build/libs/formatter-0.1.4-ALPHA.jar!/freemarker/mail/
	at org.springframework.util.ResourceUtils.getFile(ResourceUtils.java:207)
	at org.springframework.core.io.AbstractFileResolvingResource.getFile(AbstractFileResolvingResource.java:52)
	at org.springframework.ui.freemarker.FreeMarkerConfigurationFactory.getTemplateLoaderForPath(FreeMarkerConfigurationFactory.java:337)
	at org.springframework.ui.freemarker.FreeMarkerConfigurationFactory.createConfiguration(FreeMarkerConfigurationFactory.java:290)
	at org.springframework.ui.freemarker.FreeMarkerConfigurationFactoryBean.afterPropertiesSet(FreeMarkerConfigurationFactoryBean.java:61)
	at org.springframework.beans.factory.support.AbstractAutowireCapableBeanFactory.invokeInitMethods(AbstractAutowireCapableBeanFactory.java:1613)
	at org.springframework.beans.factory.support.AbstractAutowireCapableBeanFactory.initializeBean(AbstractAutowireCapableBeanFactory.java:1550)
	at org.springframework.beans.factory.support.AbstractAutowireCapableBeanFactory.doCreateBean(AbstractAutowireCapableBeanFactory.java:539)
	at org.springframework.beans.factory.support.AbstractAutowireCapableBeanFactory.createBean(AbstractAutowireCapableBeanFactory.java:475)
	at org.springframework.beans.factory.support.AbstractBeanFactory$1.getObject(AbstractBeanFactory.java:302)
	at org.springframework.beans.factory.support.DefaultSingletonBeanRegistry.getSingleton(DefaultSingletonBeanRegistry.java:228)
	at org.springframework.beans.factory.support.AbstractBeanFactory.doGetBean(AbstractBeanFactory.java:298)
	at org.springframework.beans.factory.support.AbstractBeanFactory.getBean(AbstractBeanFactory.java:193)
	at org.springframework.beans.factory.support.DefaultListableBeanFactory.findAutowireCandidates(DefaultListableBeanFactory.java:1021)
	at org.springframework.beans.factory.support.DefaultListableBeanFactory.doResolveDependency(DefaultListableBeanFactory.java:964)
	at org.springframework.beans.factory.support.DefaultListableBeanFactory.resolveDependency(DefaultListableBeanFactory.java:862)
	at org.springframework.beans.factory.annotation.AutowiredAnnotationBeanPostProcessor$AutowiredFieldElement.inject(AutowiredAnnotationBeanPostProcessor.java:481)
	at org.springframework.beans.factory.annotation.InjectionMetadata.inject(InjectionMetadata.java:87)
	at org.springframework.beans.factory.annotation.AutowiredAnnotationBeanPostProcessor.postProcessPropertyValues(AutowiredAnnotationBeanPostProcessor.java:290)
	at org.springframework.beans.factory.support.AbstractAutowireCapableBeanFactory.populateBean(AbstractAutowireCapableBeanFactory.java:1186)
	at org.springframework.beans.factory.support.AbstractAutowireCapableBeanFactory.doCreateBean(AbstractAutowireCapableBeanFactory.java:537)
	at org.springframework.beans.factory.support.AbstractAutowireCapableBeanFactory.createBean(AbstractAutowireCapableBeanFactory.java:475)
	at org.springframework.beans.factory.support.AbstractBeanFactory$1.getObject(AbstractBeanFactory.java:302)
	at org.springframework.beans.factory.support.DefaultSingletonBeanRegistry.getSingleton(DefaultSingletonBeanRegistry.java:228)
	at org.springframework.beans.factory.support.AbstractBeanFactory.doGetBean(AbstractBeanFactory.java:298)
	at org.springframework.beans.factory.support.AbstractBeanFactory.getBean(AbstractBeanFactory.java:193)
	at org.springframework.beans.factory.support.DefaultListableBeanFactory.findAutowireCandidates(DefaultListableBeanFactory.java:1021)
	at org.springframework.beans.factory.support.DefaultListableBeanFactory.doResolveDependency(DefaultListableBeanFactory.java:964)
	at org.springframework.beans.factory.support.DefaultListableBeanFactory.resolveDependency(DefaultListableBeanFactory.java:862)
	at org.springframework.beans.factory.annotation.AutowiredAnnotationBeanPostProcessor$AutowiredFieldElement.inject(AutowiredAnnotationBeanPostProcessor.java:481)
	at org.springframework.beans.factory.annotation.InjectionMetadata.inject(InjectionMetadata.java:87)
	at org.springframework.beans.factory.annotation.AutowiredAnnotationBeanPostProcessor.postProcessPropertyValues(AutowiredAnnotationBeanPostProcessor.java:290)
	at org.springframework.beans.factory.support.AbstractAutowireCapableBeanFactory.populateBean(AbstractAutowireCapableBeanFactory.java:1186)
	at org.springframework.beans.factory.support.AbstractAutowireCapableBeanFactory.doCreateBean(AbstractAutowireCapableBeanFactory.java:537)
	at org.springframework.beans.factory.support.AbstractAutowireCapableBeanFactory.createBean(AbstractAutowireCapableBeanFactory.java:475)
	at org.springframework.beans.factory.support.AbstractBeanFactory$1.getObject(AbstractBeanFactory.java:302)
	at org.springframework.beans.factory.support.DefaultSingletonBeanRegistry.getSingleton(DefaultSingletonBeanRegistry.java:228)
	at org.springframework.beans.factory.support.AbstractBeanFactory.doGetBean(AbstractBeanFactory.java:298)
	at org.springframework.beans.factory.support.AbstractBeanFactory.getBean(AbstractBeanFactory.java:193)
	at org.springframework.beans.factory.support.DefaultListableBeanFactory.preInstantiateSingletons(DefaultListableBeanFactory.java:706)
	at org.springframework.context.support.AbstractApplicationContext.finishBeanFactoryInitialization(AbstractApplicationContext.java:762)
	at org.springframework.context.support.AbstractApplicationContext.refresh(AbstractApplicationContext.java:482)
	at org.springframework.test.context.support.AbstractGenericContextLoader.loadContext(AbstractGenericContextLoader.java:125)
	at org.springframework.test.context.support.AbstractGenericContextLoader.loadContext(AbstractGenericContextLoader.java:60)
	at org.springframework.test.context.support.AbstractDelegatingSmartContextLoader.delegateLoading(AbstractDelegatingSmartContextLoader.java:102)
	at org.springframework.test.context.support.AbstractDelegatingSmartContextLoader.loadContext(AbstractDelegatingSmartContextLoader.java:248)
	at org.springframework.test.context.CacheAwareContextLoaderDelegate.loadContextInternal(CacheAwareContextLoaderDelegate.java:64)
	at org.springframework.test.context.CacheAwareContextLoaderDelegate.loadContext(CacheAwareContextLoaderDelegate.java:91)
	at org.springframework.test.context.DefaultTestContext.getApplicationContext(DefaultTestContext.java:101)
	at org.springframework.test.context.support.DependencyInjectionTestExecutionListener.injectDependencies(DependencyInjectionTestExecutionListener.java:109)
	at org.springframework.test.context.support.DependencyInjectionTestExecutionListener.prepareTestInstance(DependencyInjectionTestExecutionListener.java:75)
	at org.springframework.test.context.TestContextManager.prepareTestInstance(TestContextManager.java:331)
	at org.spockframework.spring.SpringTestContextManager.prepareTestInstance(SpringTestContextManager.java:49)
	at org.spockframework.spring.SpringInterceptor.interceptSetupMethod(SpringInterceptor.java:42)
	at org.spockframework.runtime.extension.AbstractMethodInterceptor.intercept(AbstractMethodInterceptor.java:28)
	at org.spockframework.runtime.extension.MethodInvocation.proceed(MethodInvocation.java:84)
	at org.spockframework.runtime.BaseSpecRunner.invoke(BaseSpecRunner.java:319)
	at org.spockframework.runtime.BaseSpecRunner.invokeSetup(BaseSpecRunner.java:279)
	at org.spockframework.runtime.BaseSpecRunner.doRunIteration(BaseSpecRunner.java:255)
	at sun.reflect.GeneratedMethodAccessor248.invoke(Unknown Source)
	at sun.reflect.DelegatingMethodAccessorImpl.invoke(DelegatingMethodAccessorImpl.java:43)
	at java.lang.reflect.Method.invoke(Method.java:601)
	at org.spockframework.util.ReflectionUtil.invokeMethod(ReflectionUtil.java:138)
	at org.spockframework.runtime.BaseSpecRunner.invokeRaw(BaseSpecRunner.java:330)
	at org.spockframework.runtime.BaseSpecRunner.invoke(BaseSpecRunner.java:311)
	at org.spockframework.runtime.BaseSpecRunner.runIteration(BaseSpecRunner.java:223)
	at org.spockframework.runtime.BaseSpecRunner.initializeAndRunIteration(BaseSpecRunner.java:214)
	at org.spockframework.runtime.BaseSpecRunner.runSimpleFeature(BaseSpecRunner.java:205)
	at org.spockframework.runtime.BaseSpecRunner.doRunFeature(BaseSpecRunner.java:199)
	at sun.reflect.GeneratedMethodAccessor252.invoke(Unknown Source)
	at sun.reflect.DelegatingMethodAccessorImpl.invoke(DelegatingMethodAccessorImpl.java:43)
	at java.lang.reflect.Method.invoke(Method.java:601)
	at org.spockframework.util.ReflectionUtil.invokeMethod(ReflectionUtil.java:138)
	at org.spockframework.runtime.BaseSpecRunner.invokeRaw(BaseSpecRunner.java:330)
	at org.spockframework.runtime.BaseSpecRunner.invoke(BaseSpecRunner.java:311)
	at org.spockframework.runtime.BaseSpecRunner.runFeature(BaseSpecRunner.java:175)
	at org.spockframework.runtime.BaseSpecRunner.runFeatures(BaseSpecRunner.java:152)
	at org.spockframework.runtime.BaseSpecRunner.doRunSpec(BaseSpecRunner.java:112)
	at sun.reflect.NativeMethodAccessorImpl.invoke0(Native Method)
	at sun.reflect.NativeMethodAccessorImpl.invoke(NativeMethodAccessorImpl.java:57)
	at sun.reflect.DelegatingMethodAccessorImpl.invoke(DelegatingMethodAccessorImpl.java:43)
	at java.lang.reflect.Method.invoke(Method.java:601)
	at org.spockframework.util.ReflectionUtil.invokeMethod(ReflectionUtil.java:138)
	at org.spockframework.runtime.BaseSpecRunner.invokeRaw(BaseSpecRunner.java:330)
	at org.spockframework.runtime.BaseSpecRunner.invoke(BaseSpecRunner.java:311)
	at org.spockframework.runtime.BaseSpecRunner.runSpec(BaseSpecRunner.java:91)
	at org.spockframework.runtime.BaseSpecRunner.run(BaseSpecRunner.java:82)
	at org.spockframework.runtime.Sputnik.run(Sputnik.java:63)
	at org.gradle.api.internal.tasks.testing.junit.JUnitTestClassExecuter.runTestClass(JUnitTestClassExecuter.java:86)
	at org.gradle.api.internal.tasks.testing.junit.JUnitTestClassExecuter.execute(JUnitTestClassExecuter.java:49)
	at org.gradle.api.internal.tasks.testing.junit.JUnitTestClassProcessor.processTestClass(JUnitTestClassProcessor.java:69)
	at org.gradle.api.internal.tasks.testing.SuiteTestClassProcessor.processTestClass(SuiteTestClassProcessor.java:48)
	at sun.reflect.GeneratedMethodAccessor10.invoke(Unknown Source)
	at sun.reflect.DelegatingMethodAccessorImpl.invoke(DelegatingMethodAccessorImpl.java:43)
	at java.lang.reflect.Method.invoke(Method.java:601)
	at org.gradle.messaging.dispatch.ReflectionDispatch.dispatch(ReflectionDispatch.java:35)
	at org.gradle.messaging.dispatch.ReflectionDispatch.dispatch(ReflectionDispatch.java:24)
	at org.gradle.messaging.dispatch.ContextClassLoaderDispatch.dispatch(ContextClassLoaderDispatch.java:32)
	at org.gradle.messaging.dispatch.ProxyDispatchAdapter$DispatchingInvocationHandler.invoke(ProxyDispatchAdapter.java:93)
	at com.sun.proxy.$Proxy2.processTestClass(Unknown Source)
	at org.gradle.api.internal.tasks.testing.worker.TestWorker.processTestClass(TestWorker.java:105)
	at sun.reflect.GeneratedMethodAccessor9.invoke(Unknown Source)
	at sun.reflect.DelegatingMethodAccessorImpl.invoke(DelegatingMethodAccessorImpl.java:43)
	at java.lang.reflect.Method.invoke(Method.java:601)
	at org.gradle.messaging.dispatch.ReflectionDispatch.dispatch(ReflectionDispatch.java:35)
	at org.gradle.messaging.dispatch.ReflectionDispatch.dispatch(ReflectionDispatch.java:24)
	at org.gradle.messaging.remote.internal.hub.MessageHub$Handler.run(MessageHub.java:355)
	at org.gradle.internal.concurrent.DefaultExecutorFactory$StoppableExecutorImpl$1.run(DefaultExecutorFactory.java:64)
	at java.util.concurrent.ThreadPoolExecutor.runWorker(ThreadPoolExecutor.java:1145)
	at java.util.concurrent.ThreadPoolExecutor$Worker.run(ThreadPoolExecutor.java:615)
	at java.lang.Thread.run(Thread.java:722)
21195 [Test worker] INFO  org.springframework.ui.freemarker.SpringTemplateLoader  - SpringTemplateLoader for FreeMarker: using resource loader [org.springframework.context.support.GenericApplicationContext@a1cac6c: startup date [Wed May 20 11:40:32 CDT 2015]; root of context hierarchy] and template loader path [classpath:/freemarker/mail/]
21216 [Test worker] DEBUG org.springframework.aop.aspectj.annotation.AnnotationAwareAspectJAutoProxyCreator  - Creating implicit proxy for bean 'notificationServiceImpl' with 0 common interceptors and 3 specific interceptors
21216 [Test worker] DEBUG org.springframework.aop.framework.JdkDynamicAopProxy  - Creating JDK dynamic proxy: target source is SingletonTargetSource for target object [com.tim.one.service.impl.NotificationServiceImpl@324f183f]
21220 [Test worker] DEBUG org.springframework.aop.aspectj.annotation.AnnotationAwareAspectJAutoProxyCreator  - Creating implicit proxy for bean 'projectManagerImpl' with 0 common interceptors and 3 specific interceptors
21220 [Test worker] DEBUG org.springframework.aop.framework.JdkDynamicAopProxy  - Creating JDK dynamic proxy: target source is SingletonTargetSource for target object [com.tim.one.service.impl.ProjectManagerImpl@66c0e9e6]
21221 [Test worker] DEBUG org.springframework.aop.aspectj.annotation.AnnotationAwareAspectJAutoProxyCreator  - Creating implicit proxy for bean 'revenuePotentialServiceImpl' with 0 common interceptors and 3 specific interceptors
21221 [Test worker] DEBUG org.springframework.aop.framework.JdkDynamicAopProxy  - Creating JDK dynamic proxy: target source is SingletonTargetSource for target object [com.tim.one.service.impl.RevenuePotentialServiceImpl@33c2fbe]
21222 [Test worker] DEBUG org.springframework.aop.aspectj.annotation.AnnotationAwareAspectJAutoProxyCreator  - Creating implicit proxy for bean 'categoryServiceImpl' with 0 common interceptors and 3 specific interceptors
21222 [Test worker] DEBUG org.springframework.aop.framework.JdkDynamicAopProxy  - Creating JDK dynamic proxy: target source is SingletonTargetSource for target object [com.tim.one.service.impl.CategoryServiceImpl@6462649a]
21230 [Test worker] DEBUG org.springframework.orm.jpa.SharedEntityManagerCreator$SharedEntityManagerInvocationHandler  - Creating new EntityManager for shared EntityManager invocation
21231 [Test worker] DEBUG org.springframework.orm.jpa.EntityManagerFactoryUtils  - Closing JPA EntityManager
21231 [Test worker] INFO  org.hibernate.engine.internal.StatisticalLoggingSessionEventListener  - Session Metrics {
    0 nanoseconds spent acquiring 0 JDBC connections;
    0 nanoseconds spent releasing 0 JDBC connections;
    0 nanoseconds spent preparing 0 JDBC statements;
    0 nanoseconds spent executing 0 JDBC statements;
    0 nanoseconds spent executing 0 JDBC batches;
    0 nanoseconds spent performing 0 L2C puts;
    0 nanoseconds spent performing 0 L2C hits;
    0 nanoseconds spent performing 0 L2C misses;
    0 nanoseconds spent executing 0 flushes (flushing a total of 0 entities and 0 collections);
    0 nanoseconds spent executing 0 partial-flushes (flushing a total of 0 entities and 0 collections)
}
21231 [Test worker] DEBUG org.springframework.orm.jpa.SharedEntityManagerCreator$SharedEntityManagerInvocationHandler  - Creating new EntityManager for shared EntityManager invocation
21231 [Test worker] DEBUG org.springframework.orm.jpa.EntityManagerFactoryUtils  - Closing JPA EntityManager
21232 [Test worker] INFO  org.hibernate.engine.internal.StatisticalLoggingSessionEventListener  - Session Metrics {
    0 nanoseconds spent acquiring 0 JDBC connections;
    0 nanoseconds spent releasing 0 JDBC connections;
    0 nanoseconds spent preparing 0 JDBC statements;
    0 nanoseconds spent executing 0 JDBC statements;
    0 nanoseconds spent executing 0 JDBC batches;
    0 nanoseconds spent performing 0 L2C puts;
    0 nanoseconds spent performing 0 L2C hits;
    0 nanoseconds spent performing 0 L2C misses;
    0 nanoseconds spent executing 0 flushes (flushing a total of 0 entities and 0 collections);
    0 nanoseconds spent executing 0 partial-flushes (flushing a total of 0 entities and 0 collections)
}
21232 [Test worker] DEBUG org.springframework.orm.jpa.SharedEntityManagerCreator$SharedEntityManagerInvocationHandler  - Creating new EntityManager for shared EntityManager invocation
21233 [Test worker] DEBUG org.springframework.orm.jpa.EntityManagerFactoryUtils  - Closing JPA EntityManager
21233 [Test worker] INFO  org.hibernate.engine.internal.StatisticalLoggingSessionEventListener  - Session Metrics {
    0 nanoseconds spent acquiring 0 JDBC connections;
    0 nanoseconds spent releasing 0 JDBC connections;
    0 nanoseconds spent preparing 0 JDBC statements;
    0 nanoseconds spent executing 0 JDBC statements;
    0 nanoseconds spent executing 0 JDBC batches;
    0 nanoseconds spent performing 0 L2C puts;
    0 nanoseconds spent performing 0 L2C hits;
    0 nanoseconds spent performing 0 L2C misses;
    0 nanoseconds spent executing 0 flushes (flushing a total of 0 entities and 0 collections);
    0 nanoseconds spent executing 0 partial-flushes (flushing a total of 0 entities and 0 collections)
}
21234 [Test worker] DEBUG org.springframework.orm.jpa.SharedEntityManagerCreator$SharedEntityManagerInvocationHandler  - Creating new EntityManager for shared EntityManager invocation
21234 [Test worker] DEBUG org.springframework.orm.jpa.EntityManagerFactoryUtils  - Closing JPA EntityManager
21234 [Test worker] INFO  org.hibernate.engine.internal.StatisticalLoggingSessionEventListener  - Session Metrics {
    0 nanoseconds spent acquiring 0 JDBC connections;
    0 nanoseconds spent releasing 0 JDBC connections;
    0 nanoseconds spent preparing 0 JDBC statements;
    0 nanoseconds spent executing 0 JDBC statements;
    0 nanoseconds spent executing 0 JDBC batches;
    0 nanoseconds spent performing 0 L2C puts;
    0 nanoseconds spent performing 0 L2C hits;
    0 nanoseconds spent performing 0 L2C misses;
    0 nanoseconds spent executing 0 flushes (flushing a total of 0 entities and 0 collections);
    0 nanoseconds spent executing 0 partial-flushes (flushing a total of 0 entities and 0 collections)
}
21235 [Test worker] DEBUG org.springframework.orm.jpa.SharedEntityManagerCreator$SharedEntityManagerInvocationHandler  - Creating new EntityManager for shared EntityManager invocation
21236 [Test worker] DEBUG org.springframework.orm.jpa.EntityManagerFactoryUtils  - Closing JPA EntityManager
21236 [Test worker] INFO  org.hibernate.engine.internal.StatisticalLoggingSessionEventListener  - Session Metrics {
    0 nanoseconds spent acquiring 0 JDBC connections;
    0 nanoseconds spent releasing 0 JDBC connections;
    0 nanoseconds spent preparing 0 JDBC statements;
    0 nanoseconds spent executing 0 JDBC statements;
    0 nanoseconds spent executing 0 JDBC batches;
    0 nanoseconds spent performing 0 L2C puts;
    0 nanoseconds spent performing 0 L2C hits;
    0 nanoseconds spent performing 0 L2C misses;
    0 nanoseconds spent executing 0 flushes (flushing a total of 0 entities and 0 collections);
    0 nanoseconds spent executing 0 partial-flushes (flushing a total of 0 entities and 0 collections)
}
21236 [Test worker] DEBUG org.springframework.orm.jpa.SharedEntityManagerCreator$SharedEntityManagerInvocationHandler  - Creating new EntityManager for shared EntityManager invocation
21236 [Test worker] DEBUG org.springframework.orm.jpa.EntityManagerFactoryUtils  - Closing JPA EntityManager
21236 [Test worker] INFO  org.hibernate.engine.internal.StatisticalLoggingSessionEventListener  - Session Metrics {
    0 nanoseconds spent acquiring 0 JDBC connections;
    0 nanoseconds spent releasing 0 JDBC connections;
    0 nanoseconds spent preparing 0 JDBC statements;
    0 nanoseconds spent executing 0 JDBC statements;
    0 nanoseconds spent executing 0 JDBC batches;
    0 nanoseconds spent performing 0 L2C puts;
    0 nanoseconds spent performing 0 L2C hits;
    0 nanoseconds spent performing 0 L2C misses;
    0 nanoseconds spent executing 0 flushes (flushing a total of 0 entities and 0 collections);
    0 nanoseconds spent executing 0 partial-flushes (flushing a total of 0 entities and 0 collections)
}
21237 [Test worker] DEBUG org.springframework.orm.jpa.SharedEntityManagerCreator$SharedEntityManagerInvocationHandler  - Creating new EntityManager for shared EntityManager invocation
21237 [Test worker] DEBUG org.springframework.orm.jpa.EntityManagerFactoryUtils  - Closing JPA EntityManager
21238 [Test worker] INFO  org.hibernate.engine.internal.StatisticalLoggingSessionEventListener  - Session Metrics {
    0 nanoseconds spent acquiring 0 JDBC connections;
    0 nanoseconds spent releasing 0 JDBC connections;
    0 nanoseconds spent preparing 0 JDBC statements;
    0 nanoseconds spent executing 0 JDBC statements;
    0 nanoseconds spent executing 0 JDBC batches;
    0 nanoseconds spent performing 0 L2C puts;
    0 nanoseconds spent performing 0 L2C hits;
    0 nanoseconds spent performing 0 L2C misses;
    0 nanoseconds spent executing 0 flushes (flushing a total of 0 entities and 0 collections);
    0 nanoseconds spent executing 0 partial-flushes (flushing a total of 0 entities and 0 collections)
}
21239 [Test worker] DEBUG org.springframework.orm.jpa.SharedEntityManagerCreator$SharedEntityManagerInvocationHandler  - Creating new EntityManager for shared EntityManager invocation
21239 [Test worker] DEBUG org.springframework.orm.jpa.EntityManagerFactoryUtils  - Closing JPA EntityManager
21240 [Test worker] INFO  org.hibernate.engine.internal.StatisticalLoggingSessionEventListener  - Session Metrics {
    0 nanoseconds spent acquiring 0 JDBC connections;
    0 nanoseconds spent releasing 0 JDBC connections;
    0 nanoseconds spent preparing 0 JDBC statements;
    0 nanoseconds spent executing 0 JDBC statements;
    0 nanoseconds spent executing 0 JDBC batches;
    0 nanoseconds spent performing 0 L2C puts;
    0 nanoseconds spent performing 0 L2C hits;
    0 nanoseconds spent performing 0 L2C misses;
    0 nanoseconds spent executing 0 flushes (flushing a total of 0 entities and 0 collections);
    0 nanoseconds spent executing 0 partial-flushes (flushing a total of 0 entities and 0 collections)
}
21258 [Test worker] DEBUG org.springframework.data.jpa.repository.query.SimpleJpaQuery  - Looking up query for method findById
21258 [Test worker] DEBUG org.springframework.data.jpa.repository.query.NamedQuery  - Looking up named query StpStatus.findById
21258 [Test worker] DEBUG org.springframework.orm.jpa.SharedEntityManagerCreator$SharedEntityManagerInvocationHandler  - Creating new EntityManager for shared EntityManager invocation
21259 [Test worker] DEBUG org.springframework.orm.jpa.EntityManagerFactoryUtils  - Closing JPA EntityManager
21259 [Test worker] INFO  org.hibernate.engine.internal.StatisticalLoggingSessionEventListener  - Session Metrics {
    0 nanoseconds spent acquiring 0 JDBC connections;
    0 nanoseconds spent releasing 0 JDBC connections;
    0 nanoseconds spent preparing 0 JDBC statements;
    0 nanoseconds spent executing 0 JDBC statements;
    0 nanoseconds spent executing 0 JDBC batches;
    0 nanoseconds spent performing 0 L2C puts;
    0 nanoseconds spent performing 0 L2C hits;
    0 nanoseconds spent performing 0 L2C misses;
    0 nanoseconds spent executing 0 flushes (flushing a total of 0 entities and 0 collections);
    0 nanoseconds spent executing 0 partial-flushes (flushing a total of 0 entities and 0 collections)
}
21259 [Test worker] DEBUG org.springframework.aop.framework.JdkDynamicAopProxy  - Creating JDK dynamic proxy: target source is SingletonTargetSource for target object [org.springframework.data.jpa.repository.support.SimpleJpaRepository@4acfc079]
21271 [Test worker] DEBUG org.springframework.aop.aspectj.annotation.AnnotationAwareAspectJAutoProxyCreator  - Creating implicit proxy for bean 'STPConsumerServiceImpl' with 0 common interceptors and 3 specific interceptors
21271 [Test worker] DEBUG org.springframework.aop.framework.JdkDynamicAopProxy  - Creating JDK dynamic proxy: target source is SingletonTargetSource for target object [com.tim.one.service.impl.STPConsumerServiceImpl@d656e4e]
21297 [Test worker] DEBUG org.springframework.aop.aspectj.annotation.AnnotationAwareAspectJAutoProxyCreator  - Creating implicit proxy for bean 'calcSheetStorerServiceImpl' with 0 common interceptors and 3 specific interceptors
21297 [Test worker] DEBUG org.springframework.aop.framework.JdkDynamicAopProxy  - Creating JDK dynamic proxy: target source is SingletonTargetSource for target object [com.tim.one.service.impl.CalcSheetStorerServiceImpl@7e2cc9c0]
21298 [Test worker] DEBUG org.springframework.aop.aspectj.annotation.AnnotationAwareAspectJAutoProxyCreator  - Creating implicit proxy for bean 'statusServiceImpl' with 0 common interceptors and 3 specific interceptors
21298 [Test worker] DEBUG org.springframework.aop.framework.JdkDynamicAopProxy  - Creating JDK dynamic proxy: target source is SingletonTargetSource for target object [com.tim.one.service.impl.StatusServiceImpl@2e719cf7]
21602 [Test worker] DEBUG org.springframework.context.support.GenericApplicationContext  - Unable to locate LifecycleProcessor with name 'lifecycleProcessor': using default [org.springframework.context.support.DefaultLifecycleProcessor@6b2364da]
21603 [Test worker] INFO  org.springframework.context.support.DefaultLifecycleProcessor  - Starting beans in phase 2147483647
21603 [Test worker] DEBUG org.springframework.context.support.DefaultLifecycleProcessor  - Starting bean 'org.springframework.jms.listener.DefaultMessageListenerContainer#0' of type [class org.springframework.jms.listener.DefaultMessageListenerContainer]
21606 [Test worker] INFO  org.springframework.jms.connection.SingleConnectionFactory  - Established shared JMS Connection: ActiveMQConnection {id=ID:josdem-Inspiron-5420-62278-1432140019380-5:1,clientId=null,started=false}
21606 [Test worker] DEBUG org.springframework.jms.listener.DefaultMessageListenerContainer  - Established shared JMS Connection
21612 [Test worker] DEBUG org.springframework.jms.listener.DefaultMessageListenerContainer  - Resumed paused task: org.springframework.jms.listener.DefaultMessageListenerContainer$AsyncMessageListenerInvoker@7b677c4c
21613 [Test worker] DEBUG org.springframework.context.support.DefaultLifecycleProcessor  - Successfully started bean 'org.springframework.jms.listener.DefaultMessageListenerContainer#0'
21616 [Test worker] DEBUG org.springframework.context.support.DefaultLifecycleProcessor  - Starting bean 'org.springframework.jms.listener.DefaultMessageListenerContainer#1' of type [class org.springframework.jms.listener.DefaultMessageListenerContainer]
21616 [Test worker] DEBUG org.springframework.jms.listener.DefaultMessageListenerContainer  - Established shared JMS Connection
21624 [Test worker] DEBUG org.springframework.jms.listener.DefaultMessageListenerContainer  - Resumed paused task: org.springframework.jms.listener.DefaultMessageListenerContainer$AsyncMessageListenerInvoker@59ce1e3d
21624 [Test worker] DEBUG org.springframework.context.support.DefaultLifecycleProcessor  - Successfully started bean 'org.springframework.jms.listener.DefaultMessageListenerContainer#1'
21626 [Test worker] DEBUG org.springframework.core.env.PropertySourcesPropertyResolver  - Searching for key 'spring.liveBeansView.mbeanDomain' in [systemProperties]
21627 [Test worker] DEBUG org.springframework.core.env.PropertySourcesPropertyResolver  - Searching for key 'spring.liveBeansView.mbeanDomain' in [systemEnvironment]
21627 [Test worker] DEBUG org.springframework.core.env.PropertySourcesPropertyResolver  - Could not find key 'spring.liveBeansView.mbeanDomain' in any property source. Returning [null]
21627 [Test worker] DEBUG org.springframework.test.context.CacheAwareContextLoaderDelegate  - Storing ApplicationContext in cache under key [[MergedContextConfiguration@3ced76f4 testClass = STPClabeServiceIntegrationSpec, locations = '{classpath:/stp-appctx.xml, classpath:/services-appctx.xml, classpath:/persistence-appctx.xml, classpath:/jms-appctx.xml, classpath:/mail-context.xml, classpath:/transaction-appctx.xml, classpath:/formatter-appctx.xml, classpath:/stp-appctx.xml, classpath:/aop-appctx.xml, classpath:/properties-appctx.xml}', classes = '{}', contextInitializerClasses = '[]', activeProfiles = '{}', contextLoader = 'org.springframework.test.context.support.DelegatingSmartContextLoader', parent = [null]]].
21633 [Test worker] DEBUG org.springframework.aop.aspectj.annotation.AnnotationAwareAspectJAutoProxyCreator  - Creating implicit proxy for bean 'com.tim.one.service.STPClabeServiceIntegrationSpec' with 0 common interceptors and 3 specific interceptors
21633 [Test worker] DEBUG org.springframework.aop.framework.JdkDynamicAopProxy  - Creating JDK dynamic proxy: target source is SingletonTargetSource for target object [com.tim.one.service.STPClabeServiceIntegrationSpec@7bde42b4]
21633 [Test worker] DEBUG org.springframework.transaction.annotation.AnnotationTransactionAttributeSource  - Adding transactional method 'STPClabeServiceIntegrationSpec.$spock_feature_0_0' with attribute: PROPAGATION_REQUIRED,ISOLATION_DEFAULT; ''
21634 [Test worker] DEBUG org.springframework.test.context.transaction.TransactionalTestExecutionListener  - Explicit transaction definition [PROPAGATION_REQUIRED,ISOLATION_DEFAULT; ''] found for test context [DefaultTestContext@2dd50395 testClass = STPClabeServiceIntegrationSpec, testInstance = com.tim.one.service.STPClabeServiceIntegrationSpec@7bde42b4, testMethod = $spock_feature_0_0@STPClabeServiceIntegrationSpec, testException = [null], mergedContextConfiguration = [MergedContextConfiguration@3ced76f4 testClass = STPClabeServiceIntegrationSpec, locations = '{classpath:/stp-appctx.xml, classpath:/services-appctx.xml, classpath:/persistence-appctx.xml, classpath:/jms-appctx.xml, classpath:/mail-context.xml, classpath:/transaction-appctx.xml, classpath:/formatter-appctx.xml, classpath:/stp-appctx.xml, classpath:/aop-appctx.xml, classpath:/properties-appctx.xml}', classes = '{}', contextInitializerClasses = '[]', activeProfiles = '{}', contextLoader = 'org.springframework.test.context.support.DelegatingSmartContextLoader', parent = [null]]]
21634 [Test worker] DEBUG org.springframework.test.context.CacheAwareContextLoaderDelegate  - Retrieved ApplicationContext from cache with key [[MergedContextConfiguration@3ced76f4 testClass = STPClabeServiceIntegrationSpec, locations = '{classpath:/stp-appctx.xml, classpath:/services-appctx.xml, classpath:/persistence-appctx.xml, classpath:/jms-appctx.xml, classpath:/mail-context.xml, classpath:/transaction-appctx.xml, classpath:/formatter-appctx.xml, classpath:/stp-appctx.xml, classpath:/aop-appctx.xml, classpath:/properties-appctx.xml}', classes = '{}', contextInitializerClasses = '[]', activeProfiles = '{}', contextLoader = 'org.springframework.test.context.support.DelegatingSmartContextLoader', parent = [null]]].
21634 [Test worker] DEBUG org.springframework.test.context.transaction.TransactionalTestExecutionListener  - Retrieved @TransactionConfiguration attributes [null] for test class [class com.tim.one.service.STPClabeServiceIntegrationSpec].
21634 [Test worker] DEBUG org.springframework.test.context.transaction.TransactionalTestExecutionListener  - Retrieved TransactionConfigurationAttributes [TransactionConfigurationAttributes@6a5628aa transactionManagerName = 'transactionManager', defaultRollback = true] for class [class com.tim.one.service.STPClabeServiceIntegrationSpec].
21635 [Test worker] DEBUG org.springframework.orm.jpa.JpaTransactionManager  - Creating new transaction with name [$spock_feature_0_0]: PROPAGATION_REQUIRED,ISOLATION_DEFAULT; ''
21635 [Test worker] DEBUG org.springframework.orm.jpa.JpaTransactionManager  - Opened new EntityManager [org.hibernate.jpa.internal.EntityManagerImpl@3e87e770] for JPA transaction
21635 [Test worker] DEBUG org.springframework.orm.jpa.JpaTransactionManager  - Exposing JPA transaction as JDBC transaction [org.springframework.orm.jpa.vendor.HibernateJpaDialect$HibernateConnectionHandle@2839e560]
21636 [Test worker] DEBUG org.springframework.test.context.transaction.TransactionalTestExecutionListener  - No method-level @Rollback override: using default rollback [true] for test context [DefaultTestContext@2dd50395 testClass = STPClabeServiceIntegrationSpec, testInstance = com.tim.one.service.STPClabeServiceIntegrationSpec@7bde42b4, testMethod = $spock_feature_0_0@STPClabeServiceIntegrationSpec, testException = [null], mergedContextConfiguration = [MergedContextConfiguration@3ced76f4 testClass = STPClabeServiceIntegrationSpec, locations = '{classpath:/stp-appctx.xml, classpath:/services-appctx.xml, classpath:/persistence-appctx.xml, classpath:/jms-appctx.xml, classpath:/mail-context.xml, classpath:/transaction-appctx.xml, classpath:/formatter-appctx.xml, classpath:/stp-appctx.xml, classpath:/aop-appctx.xml, classpath:/properties-appctx.xml}', classes = '{}', contextInitializerClasses = '[]', activeProfiles = '{}', contextLoader = 'org.springframework.test.context.support.DelegatingSmartContextLoader', parent = [null]]].
21636 [Test worker] INFO  org.springframework.test.context.transaction.TransactionalTestExecutionListener  - Began transaction (1) for test context [DefaultTestContext@2dd50395 testClass = STPClabeServiceIntegrationSpec, testInstance = com.tim.one.service.STPClabeServiceIntegrationSpec@7bde42b4, testMethod = $spock_feature_0_0@STPClabeServiceIntegrationSpec, testException = [null], mergedContextConfiguration = [MergedContextConfiguration@3ced76f4 testClass = STPClabeServiceIntegrationSpec, locations = '{classpath:/stp-appctx.xml, classpath:/services-appctx.xml, classpath:/persistence-appctx.xml, classpath:/jms-appctx.xml, classpath:/mail-context.xml, classpath:/transaction-appctx.xml, classpath:/formatter-appctx.xml, classpath:/stp-appctx.xml, classpath:/aop-appctx.xml, classpath:/properties-appctx.xml}', classes = '{}', contextInitializerClasses = '[]', activeProfiles = '{}', contextLoader = 'org.springframework.test.context.support.DelegatingSmartContextLoader', parent = [null]]]; transaction manager [org.springframework.orm.jpa.JpaTransactionManager@15351380]; rollback [true]
21636 [Test worker] DEBUG org.springframework.test.context.transaction.TransactionalTestExecutionListener  - No method-level @Rollback override: using default rollback [true] for test context [DefaultTestContext@2dd50395 testClass = STPClabeServiceIntegrationSpec, testInstance = com.tim.one.service.STPClabeServiceIntegrationSpec@7bde42b4, testMethod = $spock_feature_0_0@STPClabeServiceIntegrationSpec, testException = [null], mergedContextConfiguration = [MergedContextConfiguration@3ced76f4 testClass = STPClabeServiceIntegrationSpec, locations = '{classpath:/stp-appctx.xml, classpath:/services-appctx.xml, classpath:/persistence-appctx.xml, classpath:/jms-appctx.xml, classpath:/mail-context.xml, classpath:/transaction-appctx.xml, classpath:/formatter-appctx.xml, classpath:/stp-appctx.xml, classpath:/aop-appctx.xml, classpath:/properties-appctx.xml}', classes = '{}', contextInitializerClasses = '[]', activeProfiles = '{}', contextLoader = 'org.springframework.test.context.support.DelegatingSmartContextLoader', parent = [null]]].
21637 [Test worker] DEBUG org.springframework.orm.jpa.JpaTransactionManager  - Initiating transaction rollback
21637 [Test worker] DEBUG org.springframework.orm.jpa.JpaTransactionManager  - Rolling back JPA transaction on EntityManager [org.hibernate.jpa.internal.EntityManagerImpl@3e87e770]
21637 [Test worker] DEBUG org.springframework.orm.jpa.JpaTransactionManager  - Closing JPA EntityManager [org.hibernate.jpa.internal.EntityManagerImpl@3e87e770] after transaction
21637 [Test worker] DEBUG org.springframework.orm.jpa.EntityManagerFactoryUtils  - Closing JPA EntityManager
21637 [Test worker] INFO  org.hibernate.engine.internal.StatisticalLoggingSessionEventListener  - Session Metrics {
    319730 nanoseconds spent acquiring 1 JDBC connections;
    0 nanoseconds spent releasing 0 JDBC connections;
    0 nanoseconds spent preparing 0 JDBC statements;
    0 nanoseconds spent executing 0 JDBC statements;
    0 nanoseconds spent executing 0 JDBC batches;
    0 nanoseconds spent performing 0 L2C puts;
    0 nanoseconds spent performing 0 L2C hits;
    0 nanoseconds spent performing 0 L2C misses;
    0 nanoseconds spent executing 0 flushes (flushing a total of 0 entities and 0 collections);
    0 nanoseconds spent executing 0 partial-flushes (flushing a total of 0 entities and 0 collections)
}
21637 [Test worker] INFO  org.springframework.test.context.transaction.TransactionalTestExecutionListener  - Rolled back transaction after test execution for test context [DefaultTestContext@2dd50395 testClass = STPClabeServiceIntegrationSpec, testInstance = com.tim.one.service.STPClabeServiceIntegrationSpec@7bde42b4, testMethod = $spock_feature_0_0@STPClabeServiceIntegrationSpec, testException = [null], mergedContextConfiguration = [MergedContextConfiguration@3ced76f4 testClass = STPClabeServiceIntegrationSpec, locations = '{classpath:/stp-appctx.xml, classpath:/services-appctx.xml, classpath:/persistence-appctx.xml, classpath:/jms-appctx.xml, classpath:/mail-context.xml, classpath:/transaction-appctx.xml, classpath:/formatter-appctx.xml, classpath:/stp-appctx.xml, classpath:/aop-appctx.xml, classpath:/properties-appctx.xml}', classes = '{}', contextInitializerClasses = '[]', activeProfiles = '{}', contextLoader = 'org.springframework.test.context.support.DelegatingSmartContextLoader', parent = [null]]]
21638 [Test worker] DEBUG org.springframework.test.context.support.DirtiesContextTestExecutionListener  - After test method: context [DefaultTestContext@2dd50395 testClass = STPClabeServiceIntegrationSpec, testInstance = com.tim.one.service.STPClabeServiceIntegrationSpec@7bde42b4, testMethod = $spock_feature_0_0@STPClabeServiceIntegrationSpec, testException = [null], mergedContextConfiguration = [MergedContextConfiguration@3ced76f4 testClass = STPClabeServiceIntegrationSpec, locations = '{classpath:/stp-appctx.xml, classpath:/services-appctx.xml, classpath:/persistence-appctx.xml, classpath:/jms-appctx.xml, classpath:/mail-context.xml, classpath:/transaction-appctx.xml, classpath:/formatter-appctx.xml, classpath:/stp-appctx.xml, classpath:/aop-appctx.xml, classpath:/properties-appctx.xml}', classes = '{}', contextInitializerClasses = '[]', activeProfiles = '{}', contextLoader = 'org.springframework.test.context.support.DelegatingSmartContextLoader', parent = [null]]], class dirties context [false], class mode [null], method dirties context [false].
21638 [Test worker] DEBUG org.springframework.test.context.support.DirtiesContextTestExecutionListener  - After test class: context [DefaultTestContext@2dd50395 testClass = STPClabeServiceIntegrationSpec, testInstance = [null], testMethod = [null], testException = [null], mergedContextConfiguration = [MergedContextConfiguration@3ced76f4 testClass = STPClabeServiceIntegrationSpec, locations = '{classpath:/stp-appctx.xml, classpath:/services-appctx.xml, classpath:/persistence-appctx.xml, classpath:/jms-appctx.xml, classpath:/mail-context.xml, classpath:/transaction-appctx.xml, classpath:/formatter-appctx.xml, classpath:/stp-appctx.xml, classpath:/aop-appctx.xml, classpath:/properties-appctx.xml}', classes = '{}', contextInitializerClasses = '[]', activeProfiles = '{}', contextLoader = 'org.springframework.test.context.support.DelegatingSmartContextLoader', parent = [null]]], dirtiesContext [false].
]]></system-out>
  <system-err><![CDATA[INFO 5/20/15 11:40 AM: liquibase: Successfully acquired change log lock
INFO 5/20/15 11:40 AM: liquibase: Reading from tramatest.DATABASECHANGELOG
INFO 5/20/15 11:40 AM: liquibase: Successfully released change log lock
]]></system-err>
</testsuite>
